

GGT(236_1)@FloUB 17.06 21:26:21,596| ######################## 236_1 Status: SETUP ########################


GGT(236_1)@FloUB 17.06 21:26:21,596| ######################## 236_1 Status: INITIAL ########################
GGT(236_1)@FloUB 17.06 21:26:21,596| REBIND
GGT(236_1)@FloUB 17.06 21:26:21,596| CHECK_IN
GGT(236_1)@FloUB 17.06 21:26:58,892| Nachbarn wurden mitgeteilt {L: '233_1' | R: '238_2'}
GGT(236_1)@FloUB 17.06 21:26:58,892| DISPATCHER: Leite Befehl {rebind_res,ok} an meinen Worker weiter...


GGT(236_1)@FloUB 17.06 21:26:58,907| ######################## 236_1 Status: PRE_PROCESS ########################
GGT(236_1)@FloUB 17.06 21:27:03,892| DISPATCHER: Leite Befehl {set_pmi,2242500} an meinen Worker weiter...
GGT(236_1)@FloUB 17.06 21:27:03,892| Initial Mi wurde mitgeteilt. Mi:2242500


GGT(236_1)@FloUB 17.06 21:27:03,892| ######################## 236_1 Status: PROCESS ########################
GGT(236_1)@FloUB 17.06 21:27:18,892| DISPATCHER: Leite Befehl {vote,'232_1'} an meinen Worker weiter...
GGT(236_1)@FloUB 17.06 21:27:18,908| ### vote erhalten! Ich = '236_1'  Initiator = '232_1') ###
GGT(236_1)@FloUB 17.06 21:27:18,908| Leite Anfrage (vote) an den Linken Nachbarn '233_1' weiter (implizites Zustimmen)
GGT(236_1)@FloUB 17.06 21:27:18,908| TTT Timer ist abgelaufen. Informiere meine linken Nachbarn ('233_1') ueber vote
GGT(236_1)@FloUB 17.06 21:27:24,002| DISPATCHER: Leite Befehl {vote,'234_2'} an meinen Worker weiter...
GGT(236_1)@FloUB 17.06 21:27:24,002| ### vote erhalten! Ich = '236_1'  Initiator = '234_2') ###
GGT(236_1)@FloUB 17.06 21:27:24,002| Leite Anfrage (vote) an den Linken Nachbarn '233_1' weiter (implizites Zustimmen)
GGT(236_1)@FloUB 17.06 21:27:34,142| DISPATCHER: Leite Befehl {vote,'235_1'} an meinen Worker weiter...
GGT(236_1)@FloUB 17.06 21:27:34,142| ### vote erhalten! Ich = '236_1'  Initiator = '235_1') ###
GGT(236_1)@FloUB 17.06 21:27:34,142| Leite Anfrage (vote) an den Linken Nachbarn '233_1' weiter (implizites Zustimmen)
GGT(236_1)@FloUB 17.06 21:28:24,424| DISPATCHER: Leite Befehl {send,1500} an meinen Worker weiter...
GGT(236_1)@FloUB 17.06 21:28:24,424| DISPATCHER: Leite Befehl {send,300} an meinen Worker weiter...
GGT(236_1)@FloUB 17.06 21:28:24,424| Send erhalten Y:1500
GGT(236_1)@FloUB 17.06 21:28:24,424| ALGO: ((2242500 -1) mod 1500) +1     --    (TTW: 5 Sekunden)
GGT(236_1)@FloUB 17.06 21:28:29,439| informiere (brief_mi) Koordinator coordinatorFM ueber neuen Mi:1500
GGT(236_1)@FloUB 17.06 21:28:29,455| Sende (send) Nachbarn '233_1' und '238_2' neuen Mi:1500
GGT(236_1)@FloUB 17.06 21:28:29,455| Send erhalten Y:300
GGT(236_1)@FloUB 17.06 21:28:29,455| ALGO: ((1500 -1) mod 300) +1     --    (TTW: 5 Sekunden)
GGT(236_1)@FloUB 17.06 21:28:34,455| DISPATCHER: Leite Befehl {send,300} an meinen Worker weiter...
GGT(236_1)@FloUB 17.06 21:28:34,471| informiere (brief_mi) Koordinator coordinatorFM ueber neuen Mi:300
GGT(236_1)@FloUB 17.06 21:28:34,471| Sende (send) Nachbarn '233_1' und '238_2' neuen Mi:300
GGT(236_1)@FloUB 17.06 21:28:34,471| Send erhalten Y:300
GGT(236_1)@FloUB 17.06 21:28:34,471| ALGO: ((300 -1) mod 300) +1     --    (TTW: 5 Sekunden)
GGT(236_1)@FloUB 17.06 21:28:39,486| Mi NICHT geaendert! (ist und bleibt: 300)
GGT(236_1)@FloUB 17.06 21:28:54,502| TTT Timer ist abgelaufen. Informiere meine linken Nachbarn ('233_1') ueber vote
GGT(236_1)@FloUB 17.06 21:28:54,596| DISPATCHER: Leite Befehl {vote,'233_1'} an meinen Worker weiter...
GGT(236_1)@FloUB 17.06 21:28:54,596| ### vote erhalten! Ich = '236_1'  Initiator = '233_1') ###
GGT(236_1)@FloUB 17.06 21:28:54,596| Leite Anfrage (vote) an den Linken Nachbarn '233_1' weiter (implizites Zustimmen)
GGT(236_1)@FloUB 17.06 21:28:54,596| DISPATCHER: Leite Befehl {vote,'236_1'} an meinen Worker weiter...
GGT(236_1)@FloUB 17.06 21:28:54,596| ### vote erhalten! Ich = '236_1'  Initiator = '236_1') ###
GGT(236_1)@FloUB 17.06 21:28:54,596| Abstimmung erfolgreich! informiere (brief_term) Koordinator coordinatorFM ueber errechneten GGT:300
GGT(236_1)@FloUB 17.06 21:28:54,611| Abstimmung erfolgreich! Zaehle meine 'erfolgreich gemeldeten Terminierungsmeldungen hoch' Wert jetzt: 1


GGT(236_1)@FloUB 17.06 21:31:45,096| ######################## 236_1 Status: KILLED :( ########################
