

GGT(232_2)@FloUB 17.06 21:26:29,314| ######################## 232_2 Status: SETUP ########################


GGT(232_2)@FloUB 17.06 21:26:29,314| ######################## 232_2 Status: INITIAL ########################
GGT(232_2)@FloUB 17.06 21:26:29,314| REBIND
GGT(232_2)@FloUB 17.06 21:26:29,314| CHECK_IN
GGT(232_2)@FloUB 17.06 21:26:58,877| Nachbarn wurden mitgeteilt {L: '233_2' | R: '236_2'}
GGT(232_2)@FloUB 17.06 21:26:58,877| DISPATCHER: Leite Befehl {rebind_res,ok} an meinen Worker weiter...


GGT(232_2)@FloUB 17.06 21:26:58,877| ######################## 232_2 Status: PRE_PROCESS ########################
GGT(232_2)@FloUB 17.06 21:27:03,861| DISPATCHER: Leite Befehl {set_pmi,1390108500} an meinen Worker weiter...
GGT(232_2)@FloUB 17.06 21:27:03,877| Initial Mi wurde mitgeteilt. Mi:1390108500


GGT(232_2)@FloUB 17.06 21:27:03,877| ######################## 232_2 Status: PROCESS ########################
GGT(232_2)@FloUB 17.06 21:27:18,877| TTT Timer ist abgelaufen. Informiere meine linken Nachbarn ('233_2') ueber vote
GGT(232_2)@FloUB 17.06 21:27:18,877| DISPATCHER: Leite Befehl {vote,'231_2'} an meinen Worker weiter...
GGT(232_2)@FloUB 17.06 21:27:18,877| ### vote erhalten! Ich = '232_2'  Initiator = '231_2') ###
GGT(232_2)@FloUB 17.06 21:27:18,877| Leite Anfrage (vote) an den Linken Nachbarn '233_2' weiter (implizites Zustimmen)
GGT(232_2)@FloUB 17.06 21:27:18,892| DISPATCHER: Leite Befehl {vote,'231_1'} an meinen Worker weiter...
GGT(232_2)@FloUB 17.06 21:27:18,892| ### vote erhalten! Ich = '232_2'  Initiator = '231_1') ###
GGT(232_2)@FloUB 17.06 21:27:18,892| Leite Anfrage (vote) an den Linken Nachbarn '233_2' weiter (implizites Zustimmen)
GGT(232_2)@FloUB 17.06 21:27:18,908| DISPATCHER: Leite Befehl {vote,'2310_2'} an meinen Worker weiter...
GGT(232_2)@FloUB 17.06 21:27:18,924| ### vote erhalten! Ich = '232_2'  Initiator = '2310_2') ###
GGT(232_2)@FloUB 17.06 21:27:18,924| Leite Anfrage (vote) an den Linken Nachbarn '233_2' weiter (implizites Zustimmen)
GGT(232_2)@FloUB 17.06 21:27:18,955| DISPATCHER: Leite Befehl {vote,'235_1'} an meinen Worker weiter...
GGT(232_2)@FloUB 17.06 21:27:18,955| ### vote erhalten! Ich = '232_2'  Initiator = '235_1') ###
GGT(232_2)@FloUB 17.06 21:27:18,955| Leite Anfrage (vote) an den Linken Nachbarn '233_2' weiter (implizites Zustimmen)
GGT(232_2)@FloUB 17.06 21:27:19,017| DISPATCHER: Leite Befehl {vote,'232_1'} an meinen Worker weiter...
GGT(232_2)@FloUB 17.06 21:27:19,017| ### vote erhalten! Ich = '232_2'  Initiator = '232_1') ###
GGT(232_2)@FloUB 17.06 21:27:19,017| Leite Anfrage (vote) an den Linken Nachbarn '233_2' weiter (implizites Zustimmen)
GGT(232_2)@FloUB 17.06 21:27:19,017| DISPATCHER: Leite Befehl {vote,'236_1'} an meinen Worker weiter...
GGT(232_2)@FloUB 17.06 21:27:19,017| ### vote erhalten! Ich = '232_2'  Initiator = '236_1') ###
GGT(232_2)@FloUB 17.06 21:27:19,017| Leite Anfrage (vote) an den Linken Nachbarn '233_2' weiter (implizites Zustimmen)
GGT(232_2)@FloUB 17.06 21:27:24,064| DISPATCHER: Leite Befehl {vote,'234_2'} an meinen Worker weiter...
GGT(232_2)@FloUB 17.06 21:27:24,064| ### vote erhalten! Ich = '232_2'  Initiator = '234_2') ###
GGT(232_2)@FloUB 17.06 21:27:24,064| Leite Anfrage (vote) an den Linken Nachbarn '233_2' weiter (implizites Zustimmen)
GGT(232_2)@FloUB 17.06 21:27:44,158| DISPATCHER: Leite Befehl {send,30532500} an meinen Worker weiter...
GGT(232_2)@FloUB 17.06 21:27:44,158| Send erhalten Y:30532500
GGT(232_2)@FloUB 17.06 21:27:44,173| ALGO: ((1390108500 -1) mod 30532500) +1     --    (TTW: 5 Sekunden)
GGT(232_2)@FloUB 17.06 21:27:49,189| informiere (brief_mi) Koordinator coordinatorFM ueber neuen Mi:16146000
GGT(232_2)@FloUB 17.06 21:27:49,189| Sende (send) Nachbarn '233_2' und '236_2' neuen Mi:16146000
GGT(232_2)@FloUB 17.06 21:27:54,205| DISPATCHER: Leite Befehl {send,172500} an meinen Worker weiter...
GGT(232_2)@FloUB 17.06 21:27:54,205| Send erhalten Y:172500
GGT(232_2)@FloUB 17.06 21:27:54,205| ALGO: ((16146000 -1) mod 172500) +1     --    (TTW: 5 Sekunden)
GGT(232_2)@FloUB 17.06 21:27:54,236| DISPATCHER: Leite Befehl {send,34500} an meinen Worker weiter...
GGT(232_2)@FloUB 17.06 21:27:59,236| informiere (brief_mi) Koordinator coordinatorFM ueber neuen Mi:103500
GGT(232_2)@FloUB 17.06 21:27:59,236| Sende (send) Nachbarn '233_2' und '236_2' neuen Mi:103500
GGT(232_2)@FloUB 17.06 21:27:59,252| Send erhalten Y:34500
GGT(232_2)@FloUB 17.06 21:27:59,266| ALGO: ((103500 -1) mod 34500) +1     --    (TTW: 5 Sekunden)
GGT(232_2)@FloUB 17.06 21:28:04,267| DISPATCHER: Leite Befehl {send,34500} an meinen Worker weiter...
GGT(232_2)@FloUB 17.06 21:28:04,283| informiere (brief_mi) Koordinator coordinatorFM ueber neuen Mi:34500
GGT(232_2)@FloUB 17.06 21:28:04,283| Sende (send) Nachbarn '233_2' und '236_2' neuen Mi:34500
GGT(232_2)@FloUB 17.06 21:28:04,283| Send erhalten Y:34500
GGT(232_2)@FloUB 17.06 21:28:04,283| ALGO: ((34500 -1) mod 34500) +1     --    (TTW: 5 Sekunden)
GGT(232_2)@FloUB 17.06 21:28:09,299| Mi NICHT geaendert! (ist und bleibt: 34500)
GGT(232_2)@FloUB 17.06 21:28:09,314| DISPATCHER: Leite Befehl {send,6900} an meinen Worker weiter...
GGT(232_2)@FloUB 17.06 21:28:09,314| Send erhalten Y:6900
GGT(232_2)@FloUB 17.06 21:28:09,314| ALGO: ((34500 -1) mod 6900) +1     --    (TTW: 5 Sekunden)
GGT(232_2)@FloUB 17.06 21:28:14,330| informiere (brief_mi) Koordinator coordinatorFM ueber neuen Mi:6900
GGT(232_2)@FloUB 17.06 21:28:14,330| Sende (send) Nachbarn '233_2' und '236_2' neuen Mi:6900
GGT(232_2)@FloUB 17.06 21:28:24,330| DISPATCHER: Leite Befehl {send,6900} an meinen Worker weiter...
GGT(232_2)@FloUB 17.06 21:28:24,330| Send erhalten Y:6900
GGT(232_2)@FloUB 17.06 21:28:24,330| ALGO: ((6900 -1) mod 6900) +1     --    (TTW: 5 Sekunden)
GGT(232_2)@FloUB 17.06 21:28:24,424| DISPATCHER: Leite Befehl {send,300} an meinen Worker weiter...
GGT(232_2)@FloUB 17.06 21:28:29,346| Mi NICHT geaendert! (ist und bleibt: 6900)
GGT(232_2)@FloUB 17.06 21:28:29,346| Send erhalten Y:300
GGT(232_2)@FloUB 17.06 21:28:29,346| ALGO: ((6900 -1) mod 300) +1     --    (TTW: 5 Sekunden)
GGT(232_2)@FloUB 17.06 21:28:34,361| informiere (brief_mi) Koordinator coordinatorFM ueber neuen Mi:300
GGT(232_2)@FloUB 17.06 21:28:34,361| Sende (send) Nachbarn '233_2' und '236_2' neuen Mi:300
GGT(232_2)@FloUB 17.06 21:28:34,361| TTT Timer ist abgelaufen. Informiere meine linken Nachbarn ('233_2') ueber vote
GGT(232_2)@FloUB 17.06 21:28:39,392| DISPATCHER: Leite Befehl {send,300} an meinen Worker weiter...
GGT(232_2)@FloUB 17.06 21:28:39,392| Send erhalten Y:300
GGT(232_2)@FloUB 17.06 21:28:39,392| ALGO: ((300 -1) mod 300) +1     --    (TTW: 5 Sekunden)
GGT(232_2)@FloUB 17.06 21:28:44,408| Mi NICHT geaendert! (ist und bleibt: 300)
GGT(232_2)@FloUB 17.06 21:28:44,471| DISPATCHER: Leite Befehl {vote,'235_1'} an meinen Worker weiter...
GGT(232_2)@FloUB 17.06 21:28:44,471| ### vote erhalten! Ich = '232_2'  Initiator = '235_1') ###
GGT(232_2)@FloUB 17.06 21:28:44,471| Leite Anfrage (vote) an den Linken Nachbarn '233_2' weiter (implizites Zustimmen)
GGT(232_2)@FloUB 17.06 21:28:54,517| DISPATCHER: Leite Befehl {vote,'233_1'} an meinen Worker weiter...
GGT(232_2)@FloUB 17.06 21:28:54,533| ### vote erhalten! Ich = '232_2'  Initiator = '233_1') ###
GGT(232_2)@FloUB 17.06 21:28:54,533| Leite Anfrage (vote) an den Linken Nachbarn '233_2' weiter (implizites Zustimmen)
GGT(232_2)@FloUB 17.06 21:28:54,533| DISPATCHER: Leite Befehl {vote,'236_1'} an meinen Worker weiter...
GGT(232_2)@FloUB 17.06 21:28:54,533| ### vote erhalten! Ich = '232_2'  Initiator = '236_1') ###
GGT(232_2)@FloUB 17.06 21:28:54,533| Leite Anfrage (vote) an den Linken Nachbarn '233_2' weiter (implizites Zustimmen)


GGT(232_2)@FloUB 17.06 21:31:45,080| ######################## 232_2 Status: KILLED :( ########################
