

GGT(239_2)@lab24.cpt.haw-hamburg.de 18.06 16:45:30,316| ######################## 239_2 Status: SETUP ########################


GGT(239_2)@lab24.cpt.haw-hamburg.de 18.06 16:45:30,316| ######################## 239_2 Status: INITIAL ########################
GGT(239_2)@lab24.cpt.haw-hamburg.de 18.06 16:45:30,316| REBIND
GGT(239_2)@lab24.cpt.haw-hamburg.de 18.06 16:45:30,317| CHECK_IN
GGT(239_2)@lab24.cpt.haw-hamburg.de 18.06 16:46:35,795| Nachbarn wurden mitgeteilt {L: '217_2' | R: '245_1'}
GGT(239_2)@lab24.cpt.haw-hamburg.de 18.06 16:46:35,796| DISPATCHER: Leite Befehl {rebind_res,ok} an meinen Worker weiter...


GGT(239_2)@lab24.cpt.haw-hamburg.de 18.06 16:46:35,796| ######################## 239_2 Status: PRE_PROCESS ########################
GGT(239_2)@lab24.cpt.haw-hamburg.de 18.06 16:46:53,438| DISPATCHER: Leite Befehl {set_pmi,440392500} an meinen Worker weiter...
GGT(239_2)@lab24.cpt.haw-hamburg.de 18.06 16:46:53,438| Initial Mi wurde mitgeteilt. Mi:440392500


GGT(239_2)@lab24.cpt.haw-hamburg.de 18.06 16:46:53,438| ######################## 239_2 Status: PROCESS ########################
GGT(239_2)@lab24.cpt.haw-hamburg.de 18.06 16:46:53,448| DISPATCHER: Leite Befehl {send,818689657500} an meinen Worker weiter...
GGT(239_2)@lab24.cpt.haw-hamburg.de 18.06 16:46:53,448| Send erhalten Y:818689657500
GGT(239_2)@lab24.cpt.haw-hamburg.de 18.06 16:46:53,449| ALGO: ((440392500 -1) mod 818689657500) +1     --    (TTW: 3 Sekunden)
GGT(239_2)@lab24.cpt.haw-hamburg.de 18.06 16:46:56,446| DISPATCHER: Leite Befehl {vote,'245_1'} an meinen Worker weiter...
GGT(239_2)@lab24.cpt.haw-hamburg.de 18.06 16:46:56,451| Mi NICHT geaendert! (ist und bleibt: 440392500)
GGT(239_2)@lab24.cpt.haw-hamburg.de 18.06 16:46:56,451| TTT Timer ist abgelaufen. Informiere meine linken Nachbarn ('217_2') ueber vote
GGT(239_2)@lab24.cpt.haw-hamburg.de 18.06 16:46:56,454| ### vote erhalten! Ich = '239_2'  Initiator = '245_1') ###
GGT(239_2)@lab24.cpt.haw-hamburg.de 18.06 16:46:56,454| Leite Anfrage (vote) an den Linken Nachbarn '217_2' weiter (implizites Zustimmen)
GGT(239_2)@lab24.cpt.haw-hamburg.de 18.06 16:46:59,453| DISPATCHER: Leite Befehl {send,1213600} an meinen Worker weiter...
GGT(239_2)@lab24.cpt.haw-hamburg.de 18.06 16:46:59,453| Send erhalten Y:1213600
GGT(239_2)@lab24.cpt.haw-hamburg.de 18.06 16:46:59,454| ALGO: ((440392500 -1) mod 1213600) +1     --    (TTW: 3 Sekunden)
GGT(239_2)@lab24.cpt.haw-hamburg.de 18.06 16:46:59,455| DISPATCHER: Leite Befehl {send,1213600} an meinen Worker weiter...
GGT(239_2)@lab24.cpt.haw-hamburg.de 18.06 16:47:02,457| informiere (brief_mi) Koordinator coordinator ueber neuen Mi:1069300
GGT(239_2)@lab24.cpt.haw-hamburg.de 18.06 16:47:02,457| DISPATCHER: Leite Befehl {vote,'247_3'} an meinen Worker weiter...
GGT(239_2)@lab24.cpt.haw-hamburg.de 18.06 16:47:02,457| DISPATCHER: Leite Befehl {vote,'245_1'} an meinen Worker weiter...
GGT(239_2)@lab24.cpt.haw-hamburg.de 18.06 16:47:02,457| Sende (send) Nachbarn '217_2' und '245_1' neuen Mi:1069300
GGT(239_2)@lab24.cpt.haw-hamburg.de 18.06 16:47:02,458| Send erhalten Y:1213600
GGT(239_2)@lab24.cpt.haw-hamburg.de 18.06 16:47:02,458| ALGO: ((1069300 -1) mod 1213600) +1     --    (TTW: 3 Sekunden)
GGT(239_2)@lab24.cpt.haw-hamburg.de 18.06 16:47:05,459| DISPATCHER: Leite Befehl {send,432900} an meinen Worker weiter...
GGT(239_2)@lab24.cpt.haw-hamburg.de 18.06 16:47:05,460| Mi NICHT geaendert! (ist und bleibt: 1069300)
GGT(239_2)@lab24.cpt.haw-hamburg.de 18.06 16:47:05,460| DISPATCHER: Leite Befehl {send,432900} an meinen Worker weiter...
GGT(239_2)@lab24.cpt.haw-hamburg.de 18.06 16:47:05,460| ### vote erhalten! Ich = '239_2'  Initiator = '247_3') ###
GGT(239_2)@lab24.cpt.haw-hamburg.de 18.06 16:47:05,461| implizit abgelehnt
GGT(239_2)@lab24.cpt.haw-hamburg.de 18.06 16:47:05,462| ### vote erhalten! Ich = '239_2'  Initiator = '245_1') ###
GGT(239_2)@lab24.cpt.haw-hamburg.de 18.06 16:47:05,462| Leite Anfrage (vote) an den Linken Nachbarn '217_2' weiter (implizites Zustimmen)
GGT(239_2)@lab24.cpt.haw-hamburg.de 18.06 16:47:05,463| TTT Timer ist abgelaufen. Informiere meine linken Nachbarn ('217_2') ueber vote
GGT(239_2)@lab24.cpt.haw-hamburg.de 18.06 16:47:05,463| Send erhalten Y:432900
GGT(239_2)@lab24.cpt.haw-hamburg.de 18.06 16:47:05,463| ALGO: ((1069300 -1) mod 432900) +1     --    (TTW: 3 Sekunden)
GGT(239_2)@lab24.cpt.haw-hamburg.de 18.06 16:47:08,464| informiere (brief_mi) Koordinator coordinator ueber neuen Mi:203500
GGT(239_2)@lab24.cpt.haw-hamburg.de 18.06 16:47:08,466| Sende (send) Nachbarn '217_2' und '245_1' neuen Mi:203500
GGT(239_2)@lab24.cpt.haw-hamburg.de 18.06 16:47:08,467| Send erhalten Y:432900
GGT(239_2)@lab24.cpt.haw-hamburg.de 18.06 16:47:08,467| ALGO: ((203500 -1) mod 432900) +1     --    (TTW: 3 Sekunden)
GGT(239_2)@lab24.cpt.haw-hamburg.de 18.06 16:47:11,463| DISPATCHER: Leite Befehl {vote,'245_1'} an meinen Worker weiter...
GGT(239_2)@lab24.cpt.haw-hamburg.de 18.06 16:47:11,464| DISPATCHER: Leite Befehl {vote,'245_1'} an meinen Worker weiter...
GGT(239_2)@lab24.cpt.haw-hamburg.de 18.06 16:47:11,467| DISPATCHER: Leite Befehl {send,185200} an meinen Worker weiter...
GGT(239_2)@lab24.cpt.haw-hamburg.de 18.06 16:47:11,468| Mi NICHT geaendert! (ist und bleibt: 203500)
GGT(239_2)@lab24.cpt.haw-hamburg.de 18.06 16:47:11,469| ### vote erhalten! Ich = '239_2'  Initiator = '245_1') ###
GGT(239_2)@lab24.cpt.haw-hamburg.de 18.06 16:47:11,469| implizit abgelehnt
GGT(239_2)@lab24.cpt.haw-hamburg.de 18.06 16:47:11,469| ### vote erhalten! Ich = '239_2'  Initiator = '245_1') ###
GGT(239_2)@lab24.cpt.haw-hamburg.de 18.06 16:47:11,469| implizit abgelehnt
GGT(239_2)@lab24.cpt.haw-hamburg.de 18.06 16:47:11,469| TTT Timer ist abgelaufen. Informiere meine linken Nachbarn ('217_2') ueber vote
GGT(239_2)@lab24.cpt.haw-hamburg.de 18.06 16:47:11,470| Send erhalten Y:185200
GGT(239_2)@lab24.cpt.haw-hamburg.de 18.06 16:47:11,470| ALGO: ((203500 -1) mod 185200) +1     --    (TTW: 3 Sekunden)
GGT(239_2)@lab24.cpt.haw-hamburg.de 18.06 16:47:14,465| DISPATCHER: Leite Befehl {send,25900} an meinen Worker weiter...
GGT(239_2)@lab24.cpt.haw-hamburg.de 18.06 16:47:14,466| DISPATCHER: Leite Befehl {send,25900} an meinen Worker weiter...
GGT(239_2)@lab24.cpt.haw-hamburg.de 18.06 16:47:14,467| DISPATCHER: Leite Befehl {vote,'245_1'} an meinen Worker weiter...
GGT(239_2)@lab24.cpt.haw-hamburg.de 18.06 16:47:14,471| informiere (brief_mi) Koordinator coordinator ueber neuen Mi:18300
GGT(239_2)@lab24.cpt.haw-hamburg.de 18.06 16:47:14,471| Sende (send) Nachbarn '217_2' und '245_1' neuen Mi:18300
GGT(239_2)@lab24.cpt.haw-hamburg.de 18.06 16:47:14,472| Send erhalten Y:25900
GGT(239_2)@lab24.cpt.haw-hamburg.de 18.06 16:47:14,472| ALGO: ((18300 -1) mod 25900) +1     --    (TTW: 3 Sekunden)
GGT(239_2)@lab24.cpt.haw-hamburg.de 18.06 16:47:17,469| DISPATCHER: Leite Befehl {send,1600} an meinen Worker weiter...
GGT(239_2)@lab24.cpt.haw-hamburg.de 18.06 16:47:17,476| Mi NICHT geaendert! (ist und bleibt: 18300)
GGT(239_2)@lab24.cpt.haw-hamburg.de 18.06 16:47:17,476| Send erhalten Y:25900
GGT(239_2)@lab24.cpt.haw-hamburg.de 18.06 16:47:17,476| ALGO: ((18300 -1) mod 25900) +1     --    (TTW: 3 Sekunden)
GGT(239_2)@lab24.cpt.haw-hamburg.de 18.06 16:47:20,469| DISPATCHER: Leite Befehl {vote,'245_1'} an meinen Worker weiter...
GGT(239_2)@lab24.cpt.haw-hamburg.de 18.06 16:47:20,477| Mi NICHT geaendert! (ist und bleibt: 18300)
GGT(239_2)@lab24.cpt.haw-hamburg.de 18.06 16:47:20,478| ### vote erhalten! Ich = '239_2'  Initiator = '245_1') ###
GGT(239_2)@lab24.cpt.haw-hamburg.de 18.06 16:47:20,478| implizit abgelehnt
GGT(239_2)@lab24.cpt.haw-hamburg.de 18.06 16:47:20,478| Send erhalten Y:1600
GGT(239_2)@lab24.cpt.haw-hamburg.de 18.06 16:47:20,478| ALGO: ((18300 -1) mod 1600) +1     --    (TTW: 3 Sekunden)
GGT(239_2)@lab24.cpt.haw-hamburg.de 18.06 16:47:23,471| DISPATCHER: Leite Befehl {send,7600} an meinen Worker weiter...
GGT(239_2)@lab24.cpt.haw-hamburg.de 18.06 16:47:23,472| DISPATCHER: Leite Befehl {send,7600} an meinen Worker weiter...
GGT(239_2)@lab24.cpt.haw-hamburg.de 18.06 16:47:23,473| DISPATCHER: Leite Befehl {vote,'245_1'} an meinen Worker weiter...
GGT(239_2)@lab24.cpt.haw-hamburg.de 18.06 16:47:23,473| DISPATCHER: Leite Befehl {vote,'245_1'} an meinen Worker weiter...
GGT(239_2)@lab24.cpt.haw-hamburg.de 18.06 16:47:23,474| DISPATCHER: Leite Befehl {vote,'245_1'} an meinen Worker weiter...
GGT(239_2)@lab24.cpt.haw-hamburg.de 18.06 16:47:23,479| informiere (brief_mi) Koordinator coordinator ueber neuen Mi:700
GGT(239_2)@lab24.cpt.haw-hamburg.de 18.06 16:47:23,479| Sende (send) Nachbarn '217_2' und '245_1' neuen Mi:700
GGT(239_2)@lab24.cpt.haw-hamburg.de 18.06 16:47:23,480| TTT Timer ist abgelaufen. Informiere meine linken Nachbarn ('217_2') ueber vote
GGT(239_2)@lab24.cpt.haw-hamburg.de 18.06 16:47:23,481| ### vote erhalten! Ich = '239_2'  Initiator = '245_1') ###
GGT(239_2)@lab24.cpt.haw-hamburg.de 18.06 16:47:23,481| Leite Anfrage (vote) an den Linken Nachbarn '217_2' weiter (implizites Zustimmen)
GGT(239_2)@lab24.cpt.haw-hamburg.de 18.06 16:47:23,482| Send erhalten Y:7600
GGT(239_2)@lab24.cpt.haw-hamburg.de 18.06 16:47:23,482| ALGO: ((700 -1) mod 7600) +1     --    (TTW: 3 Sekunden)
GGT(239_2)@lab24.cpt.haw-hamburg.de 18.06 16:47:26,475| DISPATCHER: Leite Befehl {send,800} an meinen Worker weiter...
GGT(239_2)@lab24.cpt.haw-hamburg.de 18.06 16:47:26,482| DISPATCHER: Leite Befehl {send,600} an meinen Worker weiter...
GGT(239_2)@lab24.cpt.haw-hamburg.de 18.06 16:47:26,483| Mi NICHT geaendert! (ist und bleibt: 700)
GGT(239_2)@lab24.cpt.haw-hamburg.de 18.06 16:47:26,483| Send erhalten Y:7600
GGT(239_2)@lab24.cpt.haw-hamburg.de 18.06 16:47:26,483| ALGO: ((700 -1) mod 7600) +1     --    (TTW: 3 Sekunden)
GGT(239_2)@lab24.cpt.haw-hamburg.de 18.06 16:47:26,483| DISPATCHER: Leite Befehl {send,600} an meinen Worker weiter...
GGT(239_2)@lab24.cpt.haw-hamburg.de 18.06 16:47:26,484| DISPATCHER: Leite Befehl {vote,'245_1'} an meinen Worker weiter...
GGT(239_2)@lab24.cpt.haw-hamburg.de 18.06 16:47:29,476| DISPATCHER: Leite Befehl {send,100} an meinen Worker weiter...
GGT(239_2)@lab24.cpt.haw-hamburg.de 18.06 16:47:29,484| Mi NICHT geaendert! (ist und bleibt: 700)
GGT(239_2)@lab24.cpt.haw-hamburg.de 18.06 16:47:29,484| ### vote erhalten! Ich = '239_2'  Initiator = '245_1') ###
GGT(239_2)@lab24.cpt.haw-hamburg.de 18.06 16:47:29,484| implizit abgelehnt
GGT(239_2)@lab24.cpt.haw-hamburg.de 18.06 16:47:29,485| ### vote erhalten! Ich = '239_2'  Initiator = '245_1') ###
GGT(239_2)@lab24.cpt.haw-hamburg.de 18.06 16:47:29,485| implizit abgelehnt
GGT(239_2)@lab24.cpt.haw-hamburg.de 18.06 16:47:29,485| ### vote erhalten! Ich = '239_2'  Initiator = '245_1') ###
GGT(239_2)@lab24.cpt.haw-hamburg.de 18.06 16:47:29,485| Leite Anfrage (vote) an den Linken Nachbarn '217_2' weiter (implizites Zustimmen)
GGT(239_2)@lab24.cpt.haw-hamburg.de 18.06 16:47:29,486| Send erhalten Y:800
GGT(239_2)@lab24.cpt.haw-hamburg.de 18.06 16:47:29,486| ALGO: ((700 -1) mod 800) +1     --    (TTW: 3 Sekunden)
GGT(239_2)@lab24.cpt.haw-hamburg.de 18.06 16:47:32,486| DISPATCHER: Leite Befehl {vote,'247_3'} an meinen Worker weiter...
GGT(239_2)@lab24.cpt.haw-hamburg.de 18.06 16:47:32,486| DISPATCHER: Leite Befehl {vote,'245_1'} an meinen Worker weiter...
GGT(239_2)@lab24.cpt.haw-hamburg.de 18.06 16:47:32,487| Mi NICHT geaendert! (ist und bleibt: 700)
GGT(239_2)@lab24.cpt.haw-hamburg.de 18.06 16:47:32,487| Send erhalten Y:600
GGT(239_2)@lab24.cpt.haw-hamburg.de 18.06 16:47:32,487| ALGO: ((700 -1) mod 600) +1     --    (TTW: 3 Sekunden)
GGT(239_2)@lab24.cpt.haw-hamburg.de 18.06 16:47:32,487| DISPATCHER: Leite Befehl {vote,'245_1'} an meinen Worker weiter...
GGT(239_2)@lab24.cpt.haw-hamburg.de 18.06 16:47:35,478| DISPATCHER: Leite Befehl {vote,'247_3'} an meinen Worker weiter...
GGT(239_2)@lab24.cpt.haw-hamburg.de 18.06 16:47:35,478| DISPATCHER: Leite Befehl {vote,'219_4'} an meinen Worker weiter...
GGT(239_2)@lab24.cpt.haw-hamburg.de 18.06 16:47:35,479| DISPATCHER: Leite Befehl {vote,'243_4'} an meinen Worker weiter...
GGT(239_2)@lab24.cpt.haw-hamburg.de 18.06 16:47:35,480| DISPATCHER: Leite Befehl {vote,'243_4'} an meinen Worker weiter...
GGT(239_2)@lab24.cpt.haw-hamburg.de 18.06 16:47:35,487| DISPATCHER: Leite Befehl {vote,'219_4'} an meinen Worker weiter...
GGT(239_2)@lab24.cpt.haw-hamburg.de 18.06 16:47:35,488| DISPATCHER: Leite Befehl {vote,'245_1'} an meinen Worker weiter...
GGT(239_2)@lab24.cpt.haw-hamburg.de 18.06 16:47:35,488| informiere (brief_mi) Koordinator coordinator ueber neuen Mi:100
GGT(239_2)@lab24.cpt.haw-hamburg.de 18.06 16:47:35,489| DISPATCHER: Leite Befehl {vote,'243_4'} an meinen Worker weiter...
GGT(239_2)@lab24.cpt.haw-hamburg.de 18.06 16:47:35,489| Sende (send) Nachbarn '217_2' und '245_1' neuen Mi:100
GGT(239_2)@lab24.cpt.haw-hamburg.de 18.06 16:47:35,490| DISPATCHER: Leite Befehl {vote,'243_4'} an meinen Worker weiter...
GGT(239_2)@lab24.cpt.haw-hamburg.de 18.06 16:47:35,491| DISPATCHER: Leite Befehl {vote,'247_1'} an meinen Worker weiter...
GGT(239_2)@lab24.cpt.haw-hamburg.de 18.06 16:47:35,491| Send erhalten Y:600
GGT(239_2)@lab24.cpt.haw-hamburg.de 18.06 16:47:35,491| ALGO: ((100 -1) mod 600) +1     --    (TTW: 3 Sekunden)
GGT(239_2)@lab24.cpt.haw-hamburg.de 18.06 16:47:35,491| DISPATCHER: Leite Befehl {vote,'247_3'} an meinen Worker weiter...
GGT(239_2)@lab24.cpt.haw-hamburg.de 18.06 16:47:35,491| DISPATCHER: Leite Befehl {vote,'247_1'} an meinen Worker weiter...
GGT(239_2)@lab24.cpt.haw-hamburg.de 18.06 16:47:38,492| Mi NICHT geaendert! (ist und bleibt: 100)
GGT(239_2)@lab24.cpt.haw-hamburg.de 18.06 16:47:38,493| DISPATCHER: Leite Befehl {send,100} an meinen Worker weiter...
GGT(239_2)@lab24.cpt.haw-hamburg.de 18.06 16:47:38,493| ### vote erhalten! Ich = '239_2'  Initiator = '245_1') ###
GGT(239_2)@lab24.cpt.haw-hamburg.de 18.06 16:47:38,493| implizit abgelehnt
GGT(239_2)@lab24.cpt.haw-hamburg.de 18.06 16:47:38,493| Send erhalten Y:100
GGT(239_2)@lab24.cpt.haw-hamburg.de 18.06 16:47:38,493| ALGO: ((100 -1) mod 100) +1     --    (TTW: 3 Sekunden)
GGT(239_2)@lab24.cpt.haw-hamburg.de 18.06 16:47:38,494| DISPATCHER: Leite Befehl {send,100} an meinen Worker weiter...
GGT(239_2)@lab24.cpt.haw-hamburg.de 18.06 16:47:41,494| DISPATCHER: Leite Befehl {vote,'247_3'} an meinen Worker weiter...
GGT(239_2)@lab24.cpt.haw-hamburg.de 18.06 16:47:41,494| Mi NICHT geaendert! (ist und bleibt: 100)
GGT(239_2)@lab24.cpt.haw-hamburg.de 18.06 16:47:41,494| DISPATCHER: Leite Befehl {vote,'245_1'} an meinen Worker weiter...
GGT(239_2)@lab24.cpt.haw-hamburg.de 18.06 16:47:41,494| ### vote erhalten! Ich = '239_2'  Initiator = '247_3') ###
GGT(239_2)@lab24.cpt.haw-hamburg.de 18.06 16:47:41,494| implizit abgelehnt
GGT(239_2)@lab24.cpt.haw-hamburg.de 18.06 16:47:41,494| DISPATCHER: Leite Befehl {vote,'245_1'} an meinen Worker weiter...
GGT(239_2)@lab24.cpt.haw-hamburg.de 18.06 16:47:41,495| ### vote erhalten! Ich = '239_2'  Initiator = '245_1') ###
GGT(239_2)@lab24.cpt.haw-hamburg.de 18.06 16:47:41,495| implizit abgelehnt
GGT(239_2)@lab24.cpt.haw-hamburg.de 18.06 16:47:41,496| ### vote erhalten! Ich = '239_2'  Initiator = '245_1') ###
GGT(239_2)@lab24.cpt.haw-hamburg.de 18.06 16:47:41,496| Leite Anfrage (vote) an den Linken Nachbarn '217_2' weiter (implizites Zustimmen)
GGT(239_2)@lab24.cpt.haw-hamburg.de 18.06 16:47:41,496| ### vote erhalten! Ich = '239_2'  Initiator = '247_3') ###
GGT(239_2)@lab24.cpt.haw-hamburg.de 18.06 16:47:41,497| Leite Anfrage (vote) an den Linken Nachbarn '217_2' weiter (implizites Zustimmen)
GGT(239_2)@lab24.cpt.haw-hamburg.de 18.06 16:47:41,497| ### vote erhalten! Ich = '239_2'  Initiator = '219_4') ###
GGT(239_2)@lab24.cpt.haw-hamburg.de 18.06 16:47:41,498| Leite Anfrage (vote) an den Linken Nachbarn '217_2' weiter (implizites Zustimmen)
GGT(239_2)@lab24.cpt.haw-hamburg.de 18.06 16:47:41,499| ### vote erhalten! Ich = '239_2'  Initiator = '243_4') ###
GGT(239_2)@lab24.cpt.haw-hamburg.de 18.06 16:47:41,499| Leite Anfrage (vote) an den Linken Nachbarn '217_2' weiter (implizites Zustimmen)
GGT(239_2)@lab24.cpt.haw-hamburg.de 18.06 16:47:41,500| ### vote erhalten! Ich = '239_2'  Initiator = '243_4') ###
GGT(239_2)@lab24.cpt.haw-hamburg.de 18.06 16:47:41,500| Leite Anfrage (vote) an den Linken Nachbarn '217_2' weiter (implizites Zustimmen)
GGT(239_2)@lab24.cpt.haw-hamburg.de 18.06 16:47:41,500| TTT Timer ist abgelaufen. Informiere meine linken Nachbarn ('217_2') ueber vote
GGT(239_2)@lab24.cpt.haw-hamburg.de 18.06 16:47:41,501| ### vote erhalten! Ich = '239_2'  Initiator = '219_4') ###
GGT(239_2)@lab24.cpt.haw-hamburg.de 18.06 16:47:41,501| Leite Anfrage (vote) an den Linken Nachbarn '217_2' weiter (implizites Zustimmen)
GGT(239_2)@lab24.cpt.haw-hamburg.de 18.06 16:47:41,502| ### vote erhalten! Ich = '239_2'  Initiator = '245_1') ###
GGT(239_2)@lab24.cpt.haw-hamburg.de 18.06 16:47:41,503| Leite Anfrage (vote) an den Linken Nachbarn '217_2' weiter (implizites Zustimmen)
GGT(239_2)@lab24.cpt.haw-hamburg.de 18.06 16:47:41,503| ### vote erhalten! Ich = '239_2'  Initiator = '243_4') ###
GGT(239_2)@lab24.cpt.haw-hamburg.de 18.06 16:47:41,504| Leite Anfrage (vote) an den Linken Nachbarn '217_2' weiter (implizites Zustimmen)
GGT(239_2)@lab24.cpt.haw-hamburg.de 18.06 16:47:41,504| ### vote erhalten! Ich = '239_2'  Initiator = '243_4') ###
GGT(239_2)@lab24.cpt.haw-hamburg.de 18.06 16:47:41,504| Leite Anfrage (vote) an den Linken Nachbarn '217_2' weiter (implizites Zustimmen)
GGT(239_2)@lab24.cpt.haw-hamburg.de 18.06 16:47:41,505| ### vote erhalten! Ich = '239_2'  Initiator = '247_1') ###
GGT(239_2)@lab24.cpt.haw-hamburg.de 18.06 16:47:41,505| Leite Anfrage (vote) an den Linken Nachbarn '217_2' weiter (implizites Zustimmen)
GGT(239_2)@lab24.cpt.haw-hamburg.de 18.06 16:47:41,506| ### vote erhalten! Ich = '239_2'  Initiator = '247_3') ###
GGT(239_2)@lab24.cpt.haw-hamburg.de 18.06 16:47:41,506| Leite Anfrage (vote) an den Linken Nachbarn '217_2' weiter (implizites Zustimmen)
GGT(239_2)@lab24.cpt.haw-hamburg.de 18.06 16:47:41,507| ### vote erhalten! Ich = '239_2'  Initiator = '247_1') ###
GGT(239_2)@lab24.cpt.haw-hamburg.de 18.06 16:47:41,507| Leite Anfrage (vote) an den Linken Nachbarn '217_2' weiter (implizites Zustimmen)
GGT(239_2)@lab24.cpt.haw-hamburg.de 18.06 16:47:41,507| TTT Timer ist abgelaufen. Informiere meine linken Nachbarn ('217_2') ueber vote
GGT(239_2)@lab24.cpt.haw-hamburg.de 18.06 16:47:41,508| Send erhalten Y:100
GGT(239_2)@lab24.cpt.haw-hamburg.de 18.06 16:47:41,508| ALGO: ((100 -1) mod 100) +1     --    (TTW: 3 Sekunden)
GGT(239_2)@lab24.cpt.haw-hamburg.de 18.06 16:47:44,510| Mi NICHT geaendert! (ist und bleibt: 100)
GGT(239_2)@lab24.cpt.haw-hamburg.de 18.06 16:47:44,510| Send erhalten Y:100
GGT(239_2)@lab24.cpt.haw-hamburg.de 18.06 16:47:44,510| ALGO: ((100 -1) mod 100) +1     --    (TTW: 3 Sekunden)
GGT(239_2)@lab24.cpt.haw-hamburg.de 18.06 16:47:47,511| Mi NICHT geaendert! (ist und bleibt: 100)
GGT(239_2)@lab24.cpt.haw-hamburg.de 18.06 16:47:47,512| ### vote erhalten! Ich = '239_2'  Initiator = '247_3') ###
GGT(239_2)@lab24.cpt.haw-hamburg.de 18.06 16:47:47,512| implizit abgelehnt
GGT(239_2)@lab24.cpt.haw-hamburg.de 18.06 16:47:47,512| ### vote erhalten! Ich = '239_2'  Initiator = '245_1') ###
GGT(239_2)@lab24.cpt.haw-hamburg.de 18.06 16:47:47,512| implizit abgelehnt
GGT(239_2)@lab24.cpt.haw-hamburg.de 18.06 16:47:47,513| ### vote erhalten! Ich = '239_2'  Initiator = '245_1') ###
GGT(239_2)@lab24.cpt.haw-hamburg.de 18.06 16:47:47,513| Leite Anfrage (vote) an den Linken Nachbarn '217_2' weiter (implizites Zustimmen)
GGT(239_2)@lab24.cpt.haw-hamburg.de 18.06 16:47:47,513| TTT Timer ist abgelaufen. Informiere meine linken Nachbarn ('217_2') ueber vote
GGT(239_2)@lab24.cpt.haw-hamburg.de 18.06 16:47:50,497| DISPATCHER: Leite Befehl {vote,'247_3'} an meinen Worker weiter...
GGT(239_2)@lab24.cpt.haw-hamburg.de 18.06 16:47:50,498| DISPATCHER: Leite Befehl {vote,'245_1'} an meinen Worker weiter...
GGT(239_2)@lab24.cpt.haw-hamburg.de 18.06 16:47:50,498| ### vote erhalten! Ich = '239_2'  Initiator = '247_3') ###
GGT(239_2)@lab24.cpt.haw-hamburg.de 18.06 16:47:50,498| Leite Anfrage (vote) an den Linken Nachbarn '217_2' weiter (implizites Zustimmen)
GGT(239_2)@lab24.cpt.haw-hamburg.de 18.06 16:47:50,499| ### vote erhalten! Ich = '239_2'  Initiator = '245_1') ###
GGT(239_2)@lab24.cpt.haw-hamburg.de 18.06 16:47:50,499| Leite Anfrage (vote) an den Linken Nachbarn '217_2' weiter (implizites Zustimmen)
GGT(239_2)@lab24.cpt.haw-hamburg.de 18.06 16:47:53,497| DISPATCHER: Leite Befehl {vote,'245_1'} an meinen Worker weiter...
GGT(239_2)@lab24.cpt.haw-hamburg.de 18.06 16:47:53,499| ### vote erhalten! Ich = '239_2'  Initiator = '245_1') ###
GGT(239_2)@lab24.cpt.haw-hamburg.de 18.06 16:47:53,499| Leite Anfrage (vote) an den Linken Nachbarn '217_2' weiter (implizites Zustimmen)
GGT(239_2)@lab24.cpt.haw-hamburg.de 18.06 16:47:53,501| DISPATCHER: Leite Befehl {vote,'247_3'} an meinen Worker weiter...
GGT(239_2)@lab24.cpt.haw-hamburg.de 18.06 16:47:53,501| DISPATCHER: Leite Befehl {vote,'243_4'} an meinen Worker weiter...
GGT(239_2)@lab24.cpt.haw-hamburg.de 18.06 16:47:53,501| ### vote erhalten! Ich = '239_2'  Initiator = '247_3') ###
GGT(239_2)@lab24.cpt.haw-hamburg.de 18.06 16:47:53,501| Leite Anfrage (vote) an den Linken Nachbarn '217_2' weiter (implizites Zustimmen)
GGT(239_2)@lab24.cpt.haw-hamburg.de 18.06 16:47:53,502| DISPATCHER: Leite Befehl {vote,'219_4'} an meinen Worker weiter...
GGT(239_2)@lab24.cpt.haw-hamburg.de 18.06 16:47:53,502| ### vote erhalten! Ich = '239_2'  Initiator = '243_4') ###
GGT(239_2)@lab24.cpt.haw-hamburg.de 18.06 16:47:53,502| Leite Anfrage (vote) an den Linken Nachbarn '217_2' weiter (implizites Zustimmen)
GGT(239_2)@lab24.cpt.haw-hamburg.de 18.06 16:47:53,503| ### vote erhalten! Ich = '239_2'  Initiator = '219_4') ###
GGT(239_2)@lab24.cpt.haw-hamburg.de 18.06 16:47:53,503| Leite Anfrage (vote) an den Linken Nachbarn '217_2' weiter (implizites Zustimmen)
GGT(239_2)@lab24.cpt.haw-hamburg.de 18.06 16:47:53,504| DISPATCHER: Leite Befehl {vote,'243_4'} an meinen Worker weiter...
GGT(239_2)@lab24.cpt.haw-hamburg.de 18.06 16:47:53,504| DISPATCHER: Leite Befehl {vote,'247_3'} an meinen Worker weiter...
GGT(239_2)@lab24.cpt.haw-hamburg.de 18.06 16:47:53,504| ### vote erhalten! Ich = '239_2'  Initiator = '243_4') ###
GGT(239_2)@lab24.cpt.haw-hamburg.de 18.06 16:47:53,504| Leite Anfrage (vote) an den Linken Nachbarn '217_2' weiter (implizites Zustimmen)
GGT(239_2)@lab24.cpt.haw-hamburg.de 18.06 16:47:53,506| ### vote erhalten! Ich = '239_2'  Initiator = '247_3') ###
GGT(239_2)@lab24.cpt.haw-hamburg.de 18.06 16:47:53,506| Leite Anfrage (vote) an den Linken Nachbarn '217_2' weiter (implizites Zustimmen)
GGT(239_2)@lab24.cpt.haw-hamburg.de 18.06 16:47:59,505| DISPATCHER: Leite Befehl {vote,'247_1'} an meinen Worker weiter...
GGT(239_2)@lab24.cpt.haw-hamburg.de 18.06 16:47:59,506| ### vote erhalten! Ich = '239_2'  Initiator = '247_1') ###
GGT(239_2)@lab24.cpt.haw-hamburg.de 18.06 16:47:59,506| Leite Anfrage (vote) an den Linken Nachbarn '217_2' weiter (implizites Zustimmen)
GGT(239_2)@lab24.cpt.haw-hamburg.de 18.06 16:47:59,507| DISPATCHER: Leite Befehl {vote,'247_3'} an meinen Worker weiter...
GGT(239_2)@lab24.cpt.haw-hamburg.de 18.06 16:47:59,507| ### vote erhalten! Ich = '239_2'  Initiator = '247_3') ###
GGT(239_2)@lab24.cpt.haw-hamburg.de 18.06 16:47:59,507| Leite Anfrage (vote) an den Linken Nachbarn '217_2' weiter (implizites Zustimmen)
GGT(239_2)@lab24.cpt.haw-hamburg.de 18.06 16:48:02,507| DISPATCHER: Leite Befehl {vote,'243_4'} an meinen Worker weiter...
GGT(239_2)@lab24.cpt.haw-hamburg.de 18.06 16:48:02,507| ### vote erhalten! Ich = '239_2'  Initiator = '243_4') ###
GGT(239_2)@lab24.cpt.haw-hamburg.de 18.06 16:48:02,509| DISPATCHER: Leite Befehl {vote,'243_4'} an meinen Worker weiter...
GGT(239_2)@lab24.cpt.haw-hamburg.de 18.06 16:48:02,510| Leite Anfrage (vote) an den Linken Nachbarn '217_2' weiter (implizites Zustimmen)
GGT(239_2)@lab24.cpt.haw-hamburg.de 18.06 16:48:02,512| ### vote erhalten! Ich = '239_2'  Initiator = '243_4') ###
GGT(239_2)@lab24.cpt.haw-hamburg.de 18.06 16:48:02,512| Leite Anfrage (vote) an den Linken Nachbarn '217_2' weiter (implizites Zustimmen)
GGT(239_2)@lab24.cpt.haw-hamburg.de 18.06 16:48:05,509| DISPATCHER: Leite Befehl {vote,'247_1'} an meinen Worker weiter...
GGT(239_2)@lab24.cpt.haw-hamburg.de 18.06 16:48:05,510| DISPATCHER: Leite Befehl {vote,'243_4'} an meinen Worker weiter...
GGT(239_2)@lab24.cpt.haw-hamburg.de 18.06 16:48:05,510| ### vote erhalten! Ich = '239_2'  Initiator = '247_1') ###
GGT(239_2)@lab24.cpt.haw-hamburg.de 18.06 16:48:05,510| Leite Anfrage (vote) an den Linken Nachbarn '217_2' weiter (implizites Zustimmen)
GGT(239_2)@lab24.cpt.haw-hamburg.de 18.06 16:48:05,510| DISPATCHER: Leite Befehl {vote,'243_4'} an meinen Worker weiter...
GGT(239_2)@lab24.cpt.haw-hamburg.de 18.06 16:48:05,510| DISPATCHER: Leite Befehl {vote,'242_2'} an meinen Worker weiter...
GGT(239_2)@lab24.cpt.haw-hamburg.de 18.06 16:48:05,511| DISPATCHER: Leite Befehl {vote,'242_2'} an meinen Worker weiter...
GGT(239_2)@lab24.cpt.haw-hamburg.de 18.06 16:48:05,511| ### vote erhalten! Ich = '239_2'  Initiator = '243_4') ###
GGT(239_2)@lab24.cpt.haw-hamburg.de 18.06 16:48:05,511| Leite Anfrage (vote) an den Linken Nachbarn '217_2' weiter (implizites Zustimmen)
GGT(239_2)@lab24.cpt.haw-hamburg.de 18.06 16:48:05,512| DISPATCHER: Leite Befehl {vote,'242_2'} an meinen Worker weiter...
GGT(239_2)@lab24.cpt.haw-hamburg.de 18.06 16:48:05,513| DISPATCHER: Leite Befehl {vote,'241_1'} an meinen Worker weiter...
GGT(239_2)@lab24.cpt.haw-hamburg.de 18.06 16:48:05,513| DISPATCHER: Leite Befehl {vote,'219_4'} an meinen Worker weiter...
GGT(239_2)@lab24.cpt.haw-hamburg.de 18.06 16:48:05,513| ### vote erhalten! Ich = '239_2'  Initiator = '243_4') ###
GGT(239_2)@lab24.cpt.haw-hamburg.de 18.06 16:48:05,513| Leite Anfrage (vote) an den Linken Nachbarn '217_2' weiter (implizites Zustimmen)
GGT(239_2)@lab24.cpt.haw-hamburg.de 18.06 16:48:05,513| DISPATCHER: Leite Befehl {vote,'241_1'} an meinen Worker weiter...
GGT(239_2)@lab24.cpt.haw-hamburg.de 18.06 16:48:05,514| ### vote erhalten! Ich = '239_2'  Initiator = '242_2') ###
GGT(239_2)@lab24.cpt.haw-hamburg.de 18.06 16:48:05,514| Leite Anfrage (vote) an den Linken Nachbarn '217_2' weiter (implizites Zustimmen)
GGT(239_2)@lab24.cpt.haw-hamburg.de 18.06 16:48:05,516| ### vote erhalten! Ich = '239_2'  Initiator = '242_2') ###
GGT(239_2)@lab24.cpt.haw-hamburg.de 18.06 16:48:05,516| Leite Anfrage (vote) an den Linken Nachbarn '217_2' weiter (implizites Zustimmen)
GGT(239_2)@lab24.cpt.haw-hamburg.de 18.06 16:48:05,516| ### vote erhalten! Ich = '239_2'  Initiator = '242_2') ###
GGT(239_2)@lab24.cpt.haw-hamburg.de 18.06 16:48:05,516| Leite Anfrage (vote) an den Linken Nachbarn '217_2' weiter (implizites Zustimmen)
GGT(239_2)@lab24.cpt.haw-hamburg.de 18.06 16:48:05,517| ### vote erhalten! Ich = '239_2'  Initiator = '241_1') ###
GGT(239_2)@lab24.cpt.haw-hamburg.de 18.06 16:48:05,517| Leite Anfrage (vote) an den Linken Nachbarn '217_2' weiter (implizites Zustimmen)
GGT(239_2)@lab24.cpt.haw-hamburg.de 18.06 16:48:05,518| DISPATCHER: Leite Befehl {vote,'249_3'} an meinen Worker weiter...
GGT(239_2)@lab24.cpt.haw-hamburg.de 18.06 16:48:05,518| ### vote erhalten! Ich = '239_2'  Initiator = '219_4') ###
GGT(239_2)@lab24.cpt.haw-hamburg.de 18.06 16:48:05,518| Leite Anfrage (vote) an den Linken Nachbarn '217_2' weiter (implizites Zustimmen)
GGT(239_2)@lab24.cpt.haw-hamburg.de 18.06 16:48:05,519| DISPATCHER: Leite Befehl {vote,'241_1'} an meinen Worker weiter...
GGT(239_2)@lab24.cpt.haw-hamburg.de 18.06 16:48:05,519| DISPATCHER: Leite Befehl {vote,'247_1'} an meinen Worker weiter...
GGT(239_2)@lab24.cpt.haw-hamburg.de 18.06 16:48:05,519| ### vote erhalten! Ich = '239_2'  Initiator = '241_1') ###
GGT(239_2)@lab24.cpt.haw-hamburg.de 18.06 16:48:05,519| Leite Anfrage (vote) an den Linken Nachbarn '217_2' weiter (implizites Zustimmen)
GGT(239_2)@lab24.cpt.haw-hamburg.de 18.06 16:48:05,519| DISPATCHER: Leite Befehl {vote,'241_1'} an meinen Worker weiter...
GGT(239_2)@lab24.cpt.haw-hamburg.de 18.06 16:48:05,520| ### vote erhalten! Ich = '239_2'  Initiator = '249_3') ###
GGT(239_2)@lab24.cpt.haw-hamburg.de 18.06 16:48:05,520| Leite Anfrage (vote) an den Linken Nachbarn '217_2' weiter (implizites Zustimmen)
GGT(239_2)@lab24.cpt.haw-hamburg.de 18.06 16:48:05,521| DISPATCHER: Leite Befehl {vote,'212_1'} an meinen Worker weiter...
GGT(239_2)@lab24.cpt.haw-hamburg.de 18.06 16:48:05,521| DISPATCHER: Leite Befehl {vote,'249_3'} an meinen Worker weiter...
GGT(239_2)@lab24.cpt.haw-hamburg.de 18.06 16:48:05,521| ### vote erhalten! Ich = '239_2'  Initiator = '241_1') ###
GGT(239_2)@lab24.cpt.haw-hamburg.de 18.06 16:48:05,521| Leite Anfrage (vote) an den Linken Nachbarn '217_2' weiter (implizites Zustimmen)
GGT(239_2)@lab24.cpt.haw-hamburg.de 18.06 16:48:05,522| DISPATCHER: Leite Befehl {vote,'247_3'} an meinen Worker weiter...
GGT(239_2)@lab24.cpt.haw-hamburg.de 18.06 16:48:05,523| ### vote erhalten! Ich = '239_2'  Initiator = '247_1') ###
GGT(239_2)@lab24.cpt.haw-hamburg.de 18.06 16:48:05,523| Leite Anfrage (vote) an den Linken Nachbarn '217_2' weiter (implizites Zustimmen)
GGT(239_2)@lab24.cpt.haw-hamburg.de 18.06 16:48:05,523| DISPATCHER: Leite Befehl {vote,'247_1'} an meinen Worker weiter...
GGT(239_2)@lab24.cpt.haw-hamburg.de 18.06 16:48:05,523| DISPATCHER: Leite Befehl {vote,'211_4'} an meinen Worker weiter...
GGT(239_2)@lab24.cpt.haw-hamburg.de 18.06 16:48:05,524| DISPATCHER: Leite Befehl {vote,'212_1'} an meinen Worker weiter...
GGT(239_2)@lab24.cpt.haw-hamburg.de 18.06 16:48:05,524| ### vote erhalten! Ich = '239_2'  Initiator = '241_1') ###
GGT(239_2)@lab24.cpt.haw-hamburg.de 18.06 16:48:05,524| Leite Anfrage (vote) an den Linken Nachbarn '217_2' weiter (implizites Zustimmen)
GGT(239_2)@lab24.cpt.haw-hamburg.de 18.06 16:48:05,524| DISPATCHER: Leite Befehl {vote,'249_3'} an meinen Worker weiter...
GGT(239_2)@lab24.cpt.haw-hamburg.de 18.06 16:48:05,524| DISPATCHER: Leite Befehl {vote,'211_1'} an meinen Worker weiter...
GGT(239_2)@lab24.cpt.haw-hamburg.de 18.06 16:48:05,525| DISPATCHER: Leite Befehl {vote,'211_4'} an meinen Worker weiter...
GGT(239_2)@lab24.cpt.haw-hamburg.de 18.06 16:48:05,525| ### vote erhalten! Ich = '239_2'  Initiator = '212_1') ###
GGT(239_2)@lab24.cpt.haw-hamburg.de 18.06 16:48:05,525| Leite Anfrage (vote) an den Linken Nachbarn '217_2' weiter (implizites Zustimmen)
GGT(239_2)@lab24.cpt.haw-hamburg.de 18.06 16:48:05,525| DISPATCHER: Leite Befehl {vote,'249_3'} an meinen Worker weiter...
GGT(239_2)@lab24.cpt.haw-hamburg.de 18.06 16:48:05,526| ### vote erhalten! Ich = '239_2'  Initiator = '249_3') ###
GGT(239_2)@lab24.cpt.haw-hamburg.de 18.06 16:48:05,526| Leite Anfrage (vote) an den Linken Nachbarn '217_2' weiter (implizites Zustimmen)
GGT(239_2)@lab24.cpt.haw-hamburg.de 18.06 16:48:05,527| DISPATCHER: Leite Befehl {vote,'242_2'} an meinen Worker weiter...
GGT(239_2)@lab24.cpt.haw-hamburg.de 18.06 16:48:05,527| ### vote erhalten! Ich = '239_2'  Initiator = '247_3') ###
GGT(239_2)@lab24.cpt.haw-hamburg.de 18.06 16:48:05,527| Leite Anfrage (vote) an den Linken Nachbarn '217_2' weiter (implizites Zustimmen)
GGT(239_2)@lab24.cpt.haw-hamburg.de 18.06 16:48:05,527| DISPATCHER: Leite Befehl {vote,'241_1'} an meinen Worker weiter...
GGT(239_2)@lab24.cpt.haw-hamburg.de 18.06 16:48:05,528| DISPATCHER: Leite Befehl {vote,'249_3'} an meinen Worker weiter...
GGT(239_2)@lab24.cpt.haw-hamburg.de 18.06 16:48:05,528| ### vote erhalten! Ich = '239_2'  Initiator = '247_1') ###
GGT(239_2)@lab24.cpt.haw-hamburg.de 18.06 16:48:05,528| Leite Anfrage (vote) an den Linken Nachbarn '217_2' weiter (implizites Zustimmen)
GGT(239_2)@lab24.cpt.haw-hamburg.de 18.06 16:48:05,528| DISPATCHER: Leite Befehl {vote,'247_3'} an meinen Worker weiter...
GGT(239_2)@lab24.cpt.haw-hamburg.de 18.06 16:48:05,529| DISPATCHER: Leite Befehl {vote,'211_1'} an meinen Worker weiter...
GGT(239_2)@lab24.cpt.haw-hamburg.de 18.06 16:48:05,529| ### vote erhalten! Ich = '239_2'  Initiator = '211_4') ###
GGT(239_2)@lab24.cpt.haw-hamburg.de 18.06 16:48:05,530| Leite Anfrage (vote) an den Linken Nachbarn '217_2' weiter (implizites Zustimmen)
GGT(239_2)@lab24.cpt.haw-hamburg.de 18.06 16:48:05,530| DISPATCHER: Leite Befehl {vote,'2110_3'} an meinen Worker weiter...
GGT(239_2)@lab24.cpt.haw-hamburg.de 18.06 16:48:05,530| DISPATCHER: Leite Befehl {vote,'242_2'} an meinen Worker weiter...
GGT(239_2)@lab24.cpt.haw-hamburg.de 18.06 16:48:05,530| DISPATCHER: Leite Befehl {vote,'247_3'} an meinen Worker weiter...
GGT(239_2)@lab24.cpt.haw-hamburg.de 18.06 16:48:05,530| ### vote erhalten! Ich = '239_2'  Initiator = '212_1') ###
GGT(239_2)@lab24.cpt.haw-hamburg.de 18.06 16:48:05,531| Leite Anfrage (vote) an den Linken Nachbarn '217_2' weiter (implizites Zustimmen)
GGT(239_2)@lab24.cpt.haw-hamburg.de 18.06 16:48:05,531| DISPATCHER: Leite Befehl {vote,'243_4'} an meinen Worker weiter...
GGT(239_2)@lab24.cpt.haw-hamburg.de 18.06 16:48:05,531| DISPATCHER: Leite Befehl {vote,'245_3'} an meinen Worker weiter...
GGT(239_2)@lab24.cpt.haw-hamburg.de 18.06 16:48:05,531| ### vote erhalten! Ich = '239_2'  Initiator = '249_3') ###
GGT(239_2)@lab24.cpt.haw-hamburg.de 18.06 16:48:05,531| Leite Anfrage (vote) an den Linken Nachbarn '217_2' weiter (implizites Zustimmen)
GGT(239_2)@lab24.cpt.haw-hamburg.de 18.06 16:48:05,532| DISPATCHER: Leite Befehl {vote,'245_3'} an meinen Worker weiter...
GGT(239_2)@lab24.cpt.haw-hamburg.de 18.06 16:48:05,532| ### vote erhalten! Ich = '239_2'  Initiator = '211_1') ###
GGT(239_2)@lab24.cpt.haw-hamburg.de 18.06 16:48:05,532| Leite Anfrage (vote) an den Linken Nachbarn '217_2' weiter (implizites Zustimmen)
GGT(239_2)@lab24.cpt.haw-hamburg.de 18.06 16:48:05,533| DISPATCHER: Leite Befehl {vote,'247_3'} an meinen Worker weiter...
GGT(239_2)@lab24.cpt.haw-hamburg.de 18.06 16:48:05,533| ### vote erhalten! Ich = '239_2'  Initiator = '211_4') ###
GGT(239_2)@lab24.cpt.haw-hamburg.de 18.06 16:48:05,533| Leite Anfrage (vote) an den Linken Nachbarn '217_2' weiter (implizites Zustimmen)
GGT(239_2)@lab24.cpt.haw-hamburg.de 18.06 16:48:05,535| ### vote erhalten! Ich = '239_2'  Initiator = '249_3') ###
GGT(239_2)@lab24.cpt.haw-hamburg.de 18.06 16:48:05,535| Leite Anfrage (vote) an den Linken Nachbarn '217_2' weiter (implizites Zustimmen)
GGT(239_2)@lab24.cpt.haw-hamburg.de 18.06 16:48:05,537| DISPATCHER: Leite Befehl {vote,'2110_3'} an meinen Worker weiter...
GGT(239_2)@lab24.cpt.haw-hamburg.de 18.06 16:48:05,537| DISPATCHER: Leite Befehl {vote,'243_4'} an meinen Worker weiter...
GGT(239_2)@lab24.cpt.haw-hamburg.de 18.06 16:48:05,537| DISPATCHER: Leite Befehl {vote,'216_1'} an meinen Worker weiter...
GGT(239_2)@lab24.cpt.haw-hamburg.de 18.06 16:48:05,537| ### vote erhalten! Ich = '239_2'  Initiator = '242_2') ###
GGT(239_2)@lab24.cpt.haw-hamburg.de 18.06 16:48:05,537| DISPATCHER: Leite Befehl {vote,'243_4'} an meinen Worker weiter...
GGT(239_2)@lab24.cpt.haw-hamburg.de 18.06 16:48:05,537| Leite Anfrage (vote) an den Linken Nachbarn '217_2' weiter (implizites Zustimmen)
GGT(239_2)@lab24.cpt.haw-hamburg.de 18.06 16:48:05,537| DISPATCHER: Leite Befehl {vote,'245_3'} an meinen Worker weiter...
GGT(239_2)@lab24.cpt.haw-hamburg.de 18.06 16:48:05,538| DISPATCHER: Leite Befehl {vote,'218_1'} an meinen Worker weiter...
GGT(239_2)@lab24.cpt.haw-hamburg.de 18.06 16:48:05,538| ### vote erhalten! Ich = '239_2'  Initiator = '241_1') ###
GGT(239_2)@lab24.cpt.haw-hamburg.de 18.06 16:48:05,538| Leite Anfrage (vote) an den Linken Nachbarn '217_2' weiter (implizites Zustimmen)
GGT(239_2)@lab24.cpt.haw-hamburg.de 18.06 16:48:05,539| DISPATCHER: Leite Befehl {vote,'243_4'} an meinen Worker weiter...
GGT(239_2)@lab24.cpt.haw-hamburg.de 18.06 16:48:05,539| ### vote erhalten! Ich = '239_2'  Initiator = '249_3') ###
GGT(239_2)@lab24.cpt.haw-hamburg.de 18.06 16:48:05,539| Leite Anfrage (vote) an den Linken Nachbarn '217_2' weiter (implizites Zustimmen)
GGT(239_2)@lab24.cpt.haw-hamburg.de 18.06 16:48:05,540| ### vote erhalten! Ich = '239_2'  Initiator = '247_3') ###
GGT(239_2)@lab24.cpt.haw-hamburg.de 18.06 16:48:05,540| Leite Anfrage (vote) an den Linken Nachbarn '217_2' weiter (implizites Zustimmen)
GGT(239_2)@lab24.cpt.haw-hamburg.de 18.06 16:48:05,540| DISPATCHER: Leite Befehl {vote,'246_1'} an meinen Worker weiter...
GGT(239_2)@lab24.cpt.haw-hamburg.de 18.06 16:48:05,540| DISPATCHER: Leite Befehl {vote,'218_1'} an meinen Worker weiter...
GGT(239_2)@lab24.cpt.haw-hamburg.de 18.06 16:48:05,541| DISPATCHER: Leite Befehl {vote,'246_1'} an meinen Worker weiter...
GGT(239_2)@lab24.cpt.haw-hamburg.de 18.06 16:48:05,541| ### vote erhalten! Ich = '239_2'  Initiator = '211_1') ###
GGT(239_2)@lab24.cpt.haw-hamburg.de 18.06 16:48:05,541| Leite Anfrage (vote) an den Linken Nachbarn '217_2' weiter (implizites Zustimmen)
GGT(239_2)@lab24.cpt.haw-hamburg.de 18.06 16:48:05,541| DISPATCHER: Leite Befehl {vote,'247_1'} an meinen Worker weiter...
GGT(239_2)@lab24.cpt.haw-hamburg.de 18.06 16:48:05,542| DISPATCHER: Leite Befehl {vote,'247_3'} an meinen Worker weiter...
GGT(239_2)@lab24.cpt.haw-hamburg.de 18.06 16:48:05,542| ### vote erhalten! Ich = '239_2'  Initiator = '2110_3') ###
GGT(239_2)@lab24.cpt.haw-hamburg.de 18.06 16:48:05,542| Leite Anfrage (vote) an den Linken Nachbarn '217_2' weiter (implizites Zustimmen)
GGT(239_2)@lab24.cpt.haw-hamburg.de 18.06 16:48:05,542| DISPATCHER: Leite Befehl {vote,'246_2'} an meinen Worker weiter...
GGT(239_2)@lab24.cpt.haw-hamburg.de 18.06 16:48:05,543| DISPATCHER: Leite Befehl {vote,'247_1'} an meinen Worker weiter...
GGT(239_2)@lab24.cpt.haw-hamburg.de 18.06 16:48:05,543| ### vote erhalten! Ich = '239_2'  Initiator = '242_2') ###
GGT(239_2)@lab24.cpt.haw-hamburg.de 18.06 16:48:05,543| Leite Anfrage (vote) an den Linken Nachbarn '217_2' weiter (implizites Zustimmen)
GGT(239_2)@lab24.cpt.haw-hamburg.de 18.06 16:48:05,543| DISPATCHER: Leite Befehl {vote,'246_1'} an meinen Worker weiter...
GGT(239_2)@lab24.cpt.haw-hamburg.de 18.06 16:48:05,544| DISPATCHER: Leite Befehl {vote,'247_3'} an meinen Worker weiter...
GGT(239_2)@lab24.cpt.haw-hamburg.de 18.06 16:48:05,544| ### vote erhalten! Ich = '239_2'  Initiator = '247_3') ###
GGT(239_2)@lab24.cpt.haw-hamburg.de 18.06 16:48:05,544| Leite Anfrage (vote) an den Linken Nachbarn '217_2' weiter (implizites Zustimmen)
GGT(239_2)@lab24.cpt.haw-hamburg.de 18.06 16:48:05,544| DISPATCHER: Leite Befehl {vote,'246_1'} an meinen Worker weiter...
GGT(239_2)@lab24.cpt.haw-hamburg.de 18.06 16:48:05,545| DISPATCHER: Leite Befehl {vote,'246_2'} an meinen Worker weiter...
GGT(239_2)@lab24.cpt.haw-hamburg.de 18.06 16:48:05,545| ### vote erhalten! Ich = '239_2'  Initiator = '243_4') ###
GGT(239_2)@lab24.cpt.haw-hamburg.de 18.06 16:48:05,545| Leite Anfrage (vote) an den Linken Nachbarn '217_2' weiter (implizites Zustimmen)
GGT(239_2)@lab24.cpt.haw-hamburg.de 18.06 16:48:05,546| DISPATCHER: Leite Befehl {vote,'246_2'} an meinen Worker weiter...
GGT(239_2)@lab24.cpt.haw-hamburg.de 18.06 16:48:05,546| ### vote erhalten! Ich = '239_2'  Initiator = '245_3') ###
GGT(239_2)@lab24.cpt.haw-hamburg.de 18.06 16:48:05,546| Leite Anfrage (vote) an den Linken Nachbarn '217_2' weiter (implizites Zustimmen)
GGT(239_2)@lab24.cpt.haw-hamburg.de 18.06 16:48:05,546| DISPATCHER: Leite Befehl {vote,'247_2'} an meinen Worker weiter...
GGT(239_2)@lab24.cpt.haw-hamburg.de 18.06 16:48:05,547| DISPATCHER: Leite Befehl {vote,'247_2'} an meinen Worker weiter...
GGT(239_2)@lab24.cpt.haw-hamburg.de 18.06 16:48:05,547| ### vote erhalten! Ich = '239_2'  Initiator = '245_3') ###
GGT(239_2)@lab24.cpt.haw-hamburg.de 18.06 16:48:05,547| Leite Anfrage (vote) an den Linken Nachbarn '217_2' weiter (implizites Zustimmen)
GGT(239_2)@lab24.cpt.haw-hamburg.de 18.06 16:48:05,547| DISPATCHER: Leite Befehl {vote,'247_3'} an meinen Worker weiter...
GGT(239_2)@lab24.cpt.haw-hamburg.de 18.06 16:48:05,548| ### vote erhalten! Ich = '239_2'  Initiator = '247_3') ###
GGT(239_2)@lab24.cpt.haw-hamburg.de 18.06 16:48:05,548| Leite Anfrage (vote) an den Linken Nachbarn '217_2' weiter (implizites Zustimmen)
GGT(239_2)@lab24.cpt.haw-hamburg.de 18.06 16:48:05,548| ### vote erhalten! Ich = '239_2'  Initiator = '2110_3') ###
GGT(239_2)@lab24.cpt.haw-hamburg.de 18.06 16:48:05,549| Leite Anfrage (vote) an den Linken Nachbarn '217_2' weiter (implizites Zustimmen)
GGT(239_2)@lab24.cpt.haw-hamburg.de 18.06 16:48:05,549| ### vote erhalten! Ich = '239_2'  Initiator = '243_4') ###
GGT(239_2)@lab24.cpt.haw-hamburg.de 18.06 16:48:05,549| Leite Anfrage (vote) an den Linken Nachbarn '217_2' weiter (implizites Zustimmen)
GGT(239_2)@lab24.cpt.haw-hamburg.de 18.06 16:48:05,550| DISPATCHER: Leite Befehl {vote,'2110_4'} an meinen Worker weiter...
GGT(239_2)@lab24.cpt.haw-hamburg.de 18.06 16:48:05,550| DISPATCHER: Leite Befehl {vote,'246_2'} an meinen Worker weiter...
GGT(239_2)@lab24.cpt.haw-hamburg.de 18.06 16:48:05,550| ### vote erhalten! Ich = '239_2'  Initiator = '216_1') ###
GGT(239_2)@lab24.cpt.haw-hamburg.de 18.06 16:48:05,550| Leite Anfrage (vote) an den Linken Nachbarn '217_2' weiter (implizites Zustimmen)
GGT(239_2)@lab24.cpt.haw-hamburg.de 18.06 16:48:05,550| DISPATCHER: Leite Befehl {vote,'247_2'} an meinen Worker weiter...
GGT(239_2)@lab24.cpt.haw-hamburg.de 18.06 16:48:05,551| DISPATCHER: Leite Befehl {vote,'247_3'} an meinen Worker weiter...
GGT(239_2)@lab24.cpt.haw-hamburg.de 18.06 16:48:05,551| ### vote erhalten! Ich = '239_2'  Initiator = '243_4') ###
GGT(239_2)@lab24.cpt.haw-hamburg.de 18.06 16:48:05,551| Leite Anfrage (vote) an den Linken Nachbarn '217_2' weiter (implizites Zustimmen)
GGT(239_2)@lab24.cpt.haw-hamburg.de 18.06 16:48:05,551| DISPATCHER: Leite Befehl {vote,'215_1'} an meinen Worker weiter...
GGT(239_2)@lab24.cpt.haw-hamburg.de 18.06 16:48:05,552| DISPATCHER: Leite Befehl {vote,'214_1'} an meinen Worker weiter...
GGT(239_2)@lab24.cpt.haw-hamburg.de 18.06 16:48:05,552| DISPATCHER: Leite Befehl {vote,'214_1'} an meinen Worker weiter...
GGT(239_2)@lab24.cpt.haw-hamburg.de 18.06 16:48:05,552| ### vote erhalten! Ich = '239_2'  Initiator = '245_3') ###
GGT(239_2)@lab24.cpt.haw-hamburg.de 18.06 16:48:05,552| Leite Anfrage (vote) an den Linken Nachbarn '217_2' weiter (implizites Zustimmen)
GGT(239_2)@lab24.cpt.haw-hamburg.de 18.06 16:48:05,553| ### vote erhalten! Ich = '239_2'  Initiator = '218_1') ###
GGT(239_2)@lab24.cpt.haw-hamburg.de 18.06 16:48:05,553| Leite Anfrage (vote) an den Linken Nachbarn '217_2' weiter (implizites Zustimmen)
GGT(239_2)@lab24.cpt.haw-hamburg.de 18.06 16:48:05,554| ### vote erhalten! Ich = '239_2'  Initiator = '243_4') ###
GGT(239_2)@lab24.cpt.haw-hamburg.de 18.06 16:48:05,554| Leite Anfrage (vote) an den Linken Nachbarn '217_2' weiter (implizites Zustimmen)
GGT(239_2)@lab24.cpt.haw-hamburg.de 18.06 16:48:05,554| ### vote erhalten! Ich = '239_2'  Initiator = '246_1') ###
GGT(239_2)@lab24.cpt.haw-hamburg.de 18.06 16:48:05,554| Leite Anfrage (vote) an den Linken Nachbarn '217_2' weiter (implizites Zustimmen)
GGT(239_2)@lab24.cpt.haw-hamburg.de 18.06 16:48:05,555| ### vote erhalten! Ich = '239_2'  Initiator = '218_1') ###
GGT(239_2)@lab24.cpt.haw-hamburg.de 18.06 16:48:05,555| Leite Anfrage (vote) an den Linken Nachbarn '217_2' weiter (implizites Zustimmen)
GGT(239_2)@lab24.cpt.haw-hamburg.de 18.06 16:48:05,556| ### vote erhalten! Ich = '239_2'  Initiator = '246_1') ###
GGT(239_2)@lab24.cpt.haw-hamburg.de 18.06 16:48:05,556| Leite Anfrage (vote) an den Linken Nachbarn '217_2' weiter (implizites Zustimmen)
GGT(239_2)@lab24.cpt.haw-hamburg.de 18.06 16:48:05,556| DISPATCHER: Leite Befehl {vote,'247_3'} an meinen Worker weiter...
GGT(239_2)@lab24.cpt.haw-hamburg.de 18.06 16:48:05,557| ### vote erhalten! Ich = '239_2'  Initiator = '247_1') ###
GGT(239_2)@lab24.cpt.haw-hamburg.de 18.06 16:48:05,557| Leite Anfrage (vote) an den Linken Nachbarn '217_2' weiter (implizites Zustimmen)
GGT(239_2)@lab24.cpt.haw-hamburg.de 18.06 16:48:05,558| ### vote erhalten! Ich = '239_2'  Initiator = '247_3') ###
GGT(239_2)@lab24.cpt.haw-hamburg.de 18.06 16:48:05,558| Leite Anfrage (vote) an den Linken Nachbarn '217_2' weiter (implizites Zustimmen)
GGT(239_2)@lab24.cpt.haw-hamburg.de 18.06 16:48:05,559| ### vote erhalten! Ich = '239_2'  Initiator = '246_2') ###
GGT(239_2)@lab24.cpt.haw-hamburg.de 18.06 16:48:05,559| Leite Anfrage (vote) an den Linken Nachbarn '217_2' weiter (implizites Zustimmen)
GGT(239_2)@lab24.cpt.haw-hamburg.de 18.06 16:48:05,560| ### vote erhalten! Ich = '239_2'  Initiator = '247_1') ###
GGT(239_2)@lab24.cpt.haw-hamburg.de 18.06 16:48:05,560| Leite Anfrage (vote) an den Linken Nachbarn '217_2' weiter (implizites Zustimmen)
GGT(239_2)@lab24.cpt.haw-hamburg.de 18.06 16:48:05,561| ### vote erhalten! Ich = '239_2'  Initiator = '246_1') ###
GGT(239_2)@lab24.cpt.haw-hamburg.de 18.06 16:48:05,561| Leite Anfrage (vote) an den Linken Nachbarn '217_2' weiter (implizites Zustimmen)
GGT(239_2)@lab24.cpt.haw-hamburg.de 18.06 16:48:05,561| ### vote erhalten! Ich = '239_2'  Initiator = '247_3') ###
GGT(239_2)@lab24.cpt.haw-hamburg.de 18.06 16:48:05,561| Leite Anfrage (vote) an den Linken Nachbarn '217_2' weiter (implizites Zustimmen)
GGT(239_2)@lab24.cpt.haw-hamburg.de 18.06 16:48:05,562| ### vote erhalten! Ich = '239_2'  Initiator = '246_1') ###
GGT(239_2)@lab24.cpt.haw-hamburg.de 18.06 16:48:05,562| Leite Anfrage (vote) an den Linken Nachbarn '217_2' weiter (implizites Zustimmen)
GGT(239_2)@lab24.cpt.haw-hamburg.de 18.06 16:48:05,563| ### vote erhalten! Ich = '239_2'  Initiator = '246_2') ###
GGT(239_2)@lab24.cpt.haw-hamburg.de 18.06 16:48:05,563| Leite Anfrage (vote) an den Linken Nachbarn '217_2' weiter (implizites Zustimmen)
GGT(239_2)@lab24.cpt.haw-hamburg.de 18.06 16:48:05,564| ### vote erhalten! Ich = '239_2'  Initiator = '246_2') ###
GGT(239_2)@lab24.cpt.haw-hamburg.de 18.06 16:48:05,564| Leite Anfrage (vote) an den Linken Nachbarn '217_2' weiter (implizites Zustimmen)
GGT(239_2)@lab24.cpt.haw-hamburg.de 18.06 16:48:05,565| ### vote erhalten! Ich = '239_2'  Initiator = '247_2') ###
GGT(239_2)@lab24.cpt.haw-hamburg.de 18.06 16:48:05,565| Leite Anfrage (vote) an den Linken Nachbarn '217_2' weiter (implizites Zustimmen)
GGT(239_2)@lab24.cpt.haw-hamburg.de 18.06 16:48:05,566| ### vote erhalten! Ich = '239_2'  Initiator = '247_2') ###
GGT(239_2)@lab24.cpt.haw-hamburg.de 18.06 16:48:05,566| Leite Anfrage (vote) an den Linken Nachbarn '217_2' weiter (implizites Zustimmen)
GGT(239_2)@lab24.cpt.haw-hamburg.de 18.06 16:48:05,566| ### vote erhalten! Ich = '239_2'  Initiator = '247_3') ###
GGT(239_2)@lab24.cpt.haw-hamburg.de 18.06 16:48:05,566| Leite Anfrage (vote) an den Linken Nachbarn '217_2' weiter (implizites Zustimmen)
GGT(239_2)@lab24.cpt.haw-hamburg.de 18.06 16:48:05,567| ### vote erhalten! Ich = '239_2'  Initiator = '2110_4') ###
GGT(239_2)@lab24.cpt.haw-hamburg.de 18.06 16:48:05,567| Leite Anfrage (vote) an den Linken Nachbarn '217_2' weiter (implizites Zustimmen)
GGT(239_2)@lab24.cpt.haw-hamburg.de 18.06 16:48:05,568| ### vote erhalten! Ich = '239_2'  Initiator = '246_2') ###
GGT(239_2)@lab24.cpt.haw-hamburg.de 18.06 16:48:05,568| Leite Anfrage (vote) an den Linken Nachbarn '217_2' weiter (implizites Zustimmen)
GGT(239_2)@lab24.cpt.haw-hamburg.de 18.06 16:48:05,569| ### vote erhalten! Ich = '239_2'  Initiator = '247_2') ###
GGT(239_2)@lab24.cpt.haw-hamburg.de 18.06 16:48:05,569| Leite Anfrage (vote) an den Linken Nachbarn '217_2' weiter (implizites Zustimmen)
GGT(239_2)@lab24.cpt.haw-hamburg.de 18.06 16:48:05,571| ### vote erhalten! Ich = '239_2'  Initiator = '247_3') ###
GGT(239_2)@lab24.cpt.haw-hamburg.de 18.06 16:48:05,571| Leite Anfrage (vote) an den Linken Nachbarn '217_2' weiter (implizites Zustimmen)
GGT(239_2)@lab24.cpt.haw-hamburg.de 18.06 16:48:05,572| ### vote erhalten! Ich = '239_2'  Initiator = '215_1') ###
GGT(239_2)@lab24.cpt.haw-hamburg.de 18.06 16:48:05,572| Leite Anfrage (vote) an den Linken Nachbarn '217_2' weiter (implizites Zustimmen)
GGT(239_2)@lab24.cpt.haw-hamburg.de 18.06 16:48:05,573| ### vote erhalten! Ich = '239_2'  Initiator = '214_1') ###
GGT(239_2)@lab24.cpt.haw-hamburg.de 18.06 16:48:05,573| Leite Anfrage (vote) an den Linken Nachbarn '217_2' weiter (implizites Zustimmen)
GGT(239_2)@lab24.cpt.haw-hamburg.de 18.06 16:48:05,574| ### vote erhalten! Ich = '239_2'  Initiator = '214_1') ###
GGT(239_2)@lab24.cpt.haw-hamburg.de 18.06 16:48:05,574| Leite Anfrage (vote) an den Linken Nachbarn '217_2' weiter (implizites Zustimmen)
GGT(239_2)@lab24.cpt.haw-hamburg.de 18.06 16:48:05,574| ### vote erhalten! Ich = '239_2'  Initiator = '247_3') ###
GGT(239_2)@lab24.cpt.haw-hamburg.de 18.06 16:48:05,574| Leite Anfrage (vote) an den Linken Nachbarn '217_2' weiter (implizites Zustimmen)
GGT(239_2)@lab24.cpt.haw-hamburg.de 18.06 16:48:08,510| DISPATCHER: Leite Befehl {vote,'247_3'} an meinen Worker weiter...
GGT(239_2)@lab24.cpt.haw-hamburg.de 18.06 16:48:08,510| ### vote erhalten! Ich = '239_2'  Initiator = '247_3') ###
GGT(239_2)@lab24.cpt.haw-hamburg.de 18.06 16:48:08,510| Leite Anfrage (vote) an den Linken Nachbarn '217_2' weiter (implizites Zustimmen)
GGT(239_2)@lab24.cpt.haw-hamburg.de 18.06 16:48:08,517| DISPATCHER: Leite Befehl {vote,'217_3'} an meinen Worker weiter...
GGT(239_2)@lab24.cpt.haw-hamburg.de 18.06 16:48:08,517| ### vote erhalten! Ich = '239_2'  Initiator = '217_3') ###
GGT(239_2)@lab24.cpt.haw-hamburg.de 18.06 16:48:08,518| Leite Anfrage (vote) an den Linken Nachbarn '217_2' weiter (implizites Zustimmen)
GGT(239_2)@lab24.cpt.haw-hamburg.de 18.06 16:48:11,513| DISPATCHER: Leite Befehl {vote,'249_4'} an meinen Worker weiter...
GGT(239_2)@lab24.cpt.haw-hamburg.de 18.06 16:48:11,516| ### vote erhalten! Ich = '239_2'  Initiator = '249_4') ###
GGT(239_2)@lab24.cpt.haw-hamburg.de 18.06 16:48:11,516| Leite Anfrage (vote) an den Linken Nachbarn '217_2' weiter (implizites Zustimmen)
