

GGT(2310_2)@lab24.cpt.haw-hamburg.de 18.06 16:45:30,417| ######################## 2310_2 Status: SETUP ########################


GGT(2310_2)@lab24.cpt.haw-hamburg.de 18.06 16:45:30,417| ######################## 2310_2 Status: INITIAL ########################
GGT(2310_2)@lab24.cpt.haw-hamburg.de 18.06 16:45:30,417| REBIND
GGT(2310_2)@lab24.cpt.haw-hamburg.de 18.06 16:45:30,418| CHECK_IN
GGT(2310_2)@lab24.cpt.haw-hamburg.de 18.06 16:46:35,793| Nachbarn wurden mitgeteilt {L: '243_3' | R: '237_2'}
GGT(2310_2)@lab24.cpt.haw-hamburg.de 18.06 16:46:35,793| DISPATCHER: Leite Befehl {rebind_res,ok} an meinen Worker weiter...


GGT(2310_2)@lab24.cpt.haw-hamburg.de 18.06 16:46:35,793| ######################## 2310_2 Status: PRE_PROCESS ########################
GGT(2310_2)@lab24.cpt.haw-hamburg.de 18.06 16:46:53,434| DISPATCHER: Leite Befehl {set_pmi,8898500} an meinen Worker weiter...
GGT(2310_2)@lab24.cpt.haw-hamburg.de 18.06 16:46:53,434| Initial Mi wurde mitgeteilt. Mi:8898500


GGT(2310_2)@lab24.cpt.haw-hamburg.de 18.06 16:46:53,434| ######################## 2310_2 Status: PROCESS ########################
GGT(2310_2)@lab24.cpt.haw-hamburg.de 18.06 16:46:56,432| DISPATCHER: Leite Befehl {vote,'215_2'} an meinen Worker weiter...
GGT(2310_2)@lab24.cpt.haw-hamburg.de 18.06 16:46:56,433| ### vote erhalten! Ich = '2310_2'  Initiator = '215_2') ###
GGT(2310_2)@lab24.cpt.haw-hamburg.de 18.06 16:46:56,433| Leite Anfrage (vote) an den Linken Nachbarn '243_3' weiter (implizites Zustimmen)
GGT(2310_2)@lab24.cpt.haw-hamburg.de 18.06 16:46:56,448| DISPATCHER: Leite Befehl {vote,'243_2'} an meinen Worker weiter...
GGT(2310_2)@lab24.cpt.haw-hamburg.de 18.06 16:46:56,448| ### vote erhalten! Ich = '2310_2'  Initiator = '243_2') ###
GGT(2310_2)@lab24.cpt.haw-hamburg.de 18.06 16:46:56,449| Leite Anfrage (vote) an den Linken Nachbarn '243_3' weiter (implizites Zustimmen)
GGT(2310_2)@lab24.cpt.haw-hamburg.de 18.06 16:46:56,450| DISPATCHER: Leite Befehl {vote,'244_4'} an meinen Worker weiter...
GGT(2310_2)@lab24.cpt.haw-hamburg.de 18.06 16:46:56,451| ### vote erhalten! Ich = '2310_2'  Initiator = '244_4') ###
GGT(2310_2)@lab24.cpt.haw-hamburg.de 18.06 16:46:56,451| Leite Anfrage (vote) an den Linken Nachbarn '243_3' weiter (implizites Zustimmen)
GGT(2310_2)@lab24.cpt.haw-hamburg.de 18.06 16:46:56,454| DISPATCHER: Leite Befehl {vote,'246_4'} an meinen Worker weiter...
GGT(2310_2)@lab24.cpt.haw-hamburg.de 18.06 16:46:56,455| ### vote erhalten! Ich = '2310_2'  Initiator = '246_4') ###
GGT(2310_2)@lab24.cpt.haw-hamburg.de 18.06 16:46:56,455| Leite Anfrage (vote) an den Linken Nachbarn '243_3' weiter (implizites Zustimmen)
GGT(2310_2)@lab24.cpt.haw-hamburg.de 18.06 16:46:59,455| DISPATCHER: Leite Befehl {vote,'213_1'} an meinen Worker weiter...
GGT(2310_2)@lab24.cpt.haw-hamburg.de 18.06 16:46:59,455| ### vote erhalten! Ich = '2310_2'  Initiator = '213_1') ###
GGT(2310_2)@lab24.cpt.haw-hamburg.de 18.06 16:46:59,455| Leite Anfrage (vote) an den Linken Nachbarn '243_3' weiter (implizites Zustimmen)
GGT(2310_2)@lab24.cpt.haw-hamburg.de 18.06 16:47:02,458| DISPATCHER: Leite Befehl {vote,'243_2'} an meinen Worker weiter...
GGT(2310_2)@lab24.cpt.haw-hamburg.de 18.06 16:47:02,458| ### vote erhalten! Ich = '2310_2'  Initiator = '243_2') ###
GGT(2310_2)@lab24.cpt.haw-hamburg.de 18.06 16:47:02,458| Leite Anfrage (vote) an den Linken Nachbarn '243_3' weiter (implizites Zustimmen)
GGT(2310_2)@lab24.cpt.haw-hamburg.de 18.06 16:47:17,465| DISPATCHER: Leite Befehl {send,1100} an meinen Worker weiter...
GGT(2310_2)@lab24.cpt.haw-hamburg.de 18.06 16:47:17,465| Send erhalten Y:1100
GGT(2310_2)@lab24.cpt.haw-hamburg.de 18.06 16:47:17,465| ALGO: ((8898500 -1) mod 1100) +1     --    (TTW: 3 Sekunden)
GGT(2310_2)@lab24.cpt.haw-hamburg.de 18.06 16:47:17,466| DISPATCHER: Leite Befehl {vote,'215_2'} an meinen Worker weiter...
GGT(2310_2)@lab24.cpt.haw-hamburg.de 18.06 16:47:20,466| informiere (brief_mi) Koordinator coordinator ueber neuen Mi:600
GGT(2310_2)@lab24.cpt.haw-hamburg.de 18.06 16:47:20,467| Sende (send) Nachbarn '243_3' und '237_2' neuen Mi:600
GGT(2310_2)@lab24.cpt.haw-hamburg.de 18.06 16:47:20,468| ### vote erhalten! Ich = '2310_2'  Initiator = '215_2') ###
GGT(2310_2)@lab24.cpt.haw-hamburg.de 18.06 16:47:20,468| Leite Anfrage (vote) an den Linken Nachbarn '243_3' weiter (implizites Zustimmen)
GGT(2310_2)@lab24.cpt.haw-hamburg.de 18.06 16:47:23,470| DISPATCHER: Leite Befehl {send,300} an meinen Worker weiter...
GGT(2310_2)@lab24.cpt.haw-hamburg.de 18.06 16:47:23,470| Send erhalten Y:300
GGT(2310_2)@lab24.cpt.haw-hamburg.de 18.06 16:47:23,470| ALGO: ((600 -1) mod 300) +1     --    (TTW: 3 Sekunden)
GGT(2310_2)@lab24.cpt.haw-hamburg.de 18.06 16:47:23,471| DISPATCHER: Leite Befehl {send,300} an meinen Worker weiter...
GGT(2310_2)@lab24.cpt.haw-hamburg.de 18.06 16:47:26,469| DISPATCHER: Leite Befehl {send,500} an meinen Worker weiter...
GGT(2310_2)@lab24.cpt.haw-hamburg.de 18.06 16:47:26,470| DISPATCHER: Leite Befehl {vote,'215_2'} an meinen Worker weiter...
GGT(2310_2)@lab24.cpt.haw-hamburg.de 18.06 16:47:26,471| DISPATCHER: Leite Befehl {vote,'246_4'} an meinen Worker weiter...
GGT(2310_2)@lab24.cpt.haw-hamburg.de 18.06 16:47:26,471| informiere (brief_mi) Koordinator coordinator ueber neuen Mi:300
GGT(2310_2)@lab24.cpt.haw-hamburg.de 18.06 16:47:26,472| Sende (send) Nachbarn '243_3' und '237_2' neuen Mi:300
GGT(2310_2)@lab24.cpt.haw-hamburg.de 18.06 16:47:26,472| DISPATCHER: Leite Befehl {vote,'244_4'} an meinen Worker weiter...
GGT(2310_2)@lab24.cpt.haw-hamburg.de 18.06 16:47:26,473| Send erhalten Y:300
GGT(2310_2)@lab24.cpt.haw-hamburg.de 18.06 16:47:26,473| ALGO: ((300 -1) mod 300) +1     --    (TTW: 3 Sekunden)
GGT(2310_2)@lab24.cpt.haw-hamburg.de 18.06 16:47:29,474| Mi NICHT geaendert! (ist und bleibt: 300)
GGT(2310_2)@lab24.cpt.haw-hamburg.de 18.06 16:47:29,474| Send erhalten Y:500
GGT(2310_2)@lab24.cpt.haw-hamburg.de 18.06 16:47:29,475| ALGO: ((300 -1) mod 500) +1     --    (TTW: 3 Sekunden)
GGT(2310_2)@lab24.cpt.haw-hamburg.de 18.06 16:47:29,475| DISPATCHER: Leite Befehl {send,200} an meinen Worker weiter...
GGT(2310_2)@lab24.cpt.haw-hamburg.de 18.06 16:47:32,476| Mi NICHT geaendert! (ist und bleibt: 300)
GGT(2310_2)@lab24.cpt.haw-hamburg.de 18.06 16:47:32,477| ### vote erhalten! Ich = '2310_2'  Initiator = '215_2') ###
GGT(2310_2)@lab24.cpt.haw-hamburg.de 18.06 16:47:32,477| implizit abgelehnt
GGT(2310_2)@lab24.cpt.haw-hamburg.de 18.06 16:47:32,479| ### vote erhalten! Ich = '2310_2'  Initiator = '246_4') ###
GGT(2310_2)@lab24.cpt.haw-hamburg.de 18.06 16:47:32,479| Leite Anfrage (vote) an den Linken Nachbarn '243_3' weiter (implizites Zustimmen)
GGT(2310_2)@lab24.cpt.haw-hamburg.de 18.06 16:47:32,479| DISPATCHER: Leite Befehl {send,100} an meinen Worker weiter...
GGT(2310_2)@lab24.cpt.haw-hamburg.de 18.06 16:47:32,482| ### vote erhalten! Ich = '2310_2'  Initiator = '244_4') ###
GGT(2310_2)@lab24.cpt.haw-hamburg.de 18.06 16:47:32,482| Leite Anfrage (vote) an den Linken Nachbarn '243_3' weiter (implizites Zustimmen)
GGT(2310_2)@lab24.cpt.haw-hamburg.de 18.06 16:47:32,483| DISPATCHER: Leite Befehl {vote,'237_2'} an meinen Worker weiter...
GGT(2310_2)@lab24.cpt.haw-hamburg.de 18.06 16:47:32,483| TTT Timer ist abgelaufen. Informiere meine linken Nachbarn ('243_3') ueber vote
GGT(2310_2)@lab24.cpt.haw-hamburg.de 18.06 16:47:32,483| Send erhalten Y:200
GGT(2310_2)@lab24.cpt.haw-hamburg.de 18.06 16:47:32,484| ALGO: ((300 -1) mod 200) +1     --    (TTW: 3 Sekunden)
GGT(2310_2)@lab24.cpt.haw-hamburg.de 18.06 16:47:32,484| DISPATCHER: Leite Befehl {vote,'215_2'} an meinen Worker weiter...
GGT(2310_2)@lab24.cpt.haw-hamburg.de 18.06 16:47:32,485| DISPATCHER: Leite Befehl {vote,'244_4'} an meinen Worker weiter...
GGT(2310_2)@lab24.cpt.haw-hamburg.de 18.06 16:47:32,486| DISPATCHER: Leite Befehl {vote,'244_4'} an meinen Worker weiter...
GGT(2310_2)@lab24.cpt.haw-hamburg.de 18.06 16:47:32,487| DISPATCHER: Leite Befehl {vote,'246_4'} an meinen Worker weiter...
GGT(2310_2)@lab24.cpt.haw-hamburg.de 18.06 16:47:32,488| DISPATCHER: Leite Befehl {vote,'244_4'} an meinen Worker weiter...
GGT(2310_2)@lab24.cpt.haw-hamburg.de 18.06 16:47:35,485| DISPATCHER: Leite Befehl {vote,'215_2'} an meinen Worker weiter...
GGT(2310_2)@lab24.cpt.haw-hamburg.de 18.06 16:47:35,485| informiere (brief_mi) Koordinator coordinator ueber neuen Mi:100
GGT(2310_2)@lab24.cpt.haw-hamburg.de 18.06 16:47:35,485| Sende (send) Nachbarn '243_3' und '237_2' neuen Mi:100
GGT(2310_2)@lab24.cpt.haw-hamburg.de 18.06 16:47:35,486| TTT Timer ist abgelaufen. Informiere meine linken Nachbarn ('243_3') ueber vote
GGT(2310_2)@lab24.cpt.haw-hamburg.de 18.06 16:47:35,487| Send erhalten Y:100
GGT(2310_2)@lab24.cpt.haw-hamburg.de 18.06 16:47:35,487| ALGO: ((100 -1) mod 100) +1     --    (TTW: 3 Sekunden)
GGT(2310_2)@lab24.cpt.haw-hamburg.de 18.06 16:47:38,488| Mi NICHT geaendert! (ist und bleibt: 100)
GGT(2310_2)@lab24.cpt.haw-hamburg.de 18.06 16:47:38,488| ### vote erhalten! Ich = '2310_2'  Initiator = '237_2') ###
GGT(2310_2)@lab24.cpt.haw-hamburg.de 18.06 16:47:38,489| implizit abgelehnt
GGT(2310_2)@lab24.cpt.haw-hamburg.de 18.06 16:47:38,489| ### vote erhalten! Ich = '2310_2'  Initiator = '215_2') ###
GGT(2310_2)@lab24.cpt.haw-hamburg.de 18.06 16:47:38,489| implizit abgelehnt
GGT(2310_2)@lab24.cpt.haw-hamburg.de 18.06 16:47:38,489| DISPATCHER: Leite Befehl {vote,'246_4'} an meinen Worker weiter...
GGT(2310_2)@lab24.cpt.haw-hamburg.de 18.06 16:47:38,489| DISPATCHER: Leite Befehl {send,100} an meinen Worker weiter...
GGT(2310_2)@lab24.cpt.haw-hamburg.de 18.06 16:47:38,490| ### vote erhalten! Ich = '2310_2'  Initiator = '244_4') ###
GGT(2310_2)@lab24.cpt.haw-hamburg.de 18.06 16:47:38,490| Leite Anfrage (vote) an den Linken Nachbarn '243_3' weiter (implizites Zustimmen)
GGT(2310_2)@lab24.cpt.haw-hamburg.de 18.06 16:47:38,490| DISPATCHER: Leite Befehl {vote,'244_4'} an meinen Worker weiter...
GGT(2310_2)@lab24.cpt.haw-hamburg.de 18.06 16:47:38,491| ### vote erhalten! Ich = '2310_2'  Initiator = '244_4') ###
GGT(2310_2)@lab24.cpt.haw-hamburg.de 18.06 16:47:38,491| Leite Anfrage (vote) an den Linken Nachbarn '243_3' weiter (implizites Zustimmen)
GGT(2310_2)@lab24.cpt.haw-hamburg.de 18.06 16:47:38,491| ### vote erhalten! Ich = '2310_2'  Initiator = '246_4') ###
GGT(2310_2)@lab24.cpt.haw-hamburg.de 18.06 16:47:38,491| Leite Anfrage (vote) an den Linken Nachbarn '243_3' weiter (implizites Zustimmen)
GGT(2310_2)@lab24.cpt.haw-hamburg.de 18.06 16:47:38,492| DISPATCHER: Leite Befehl {send,100} an meinen Worker weiter...
GGT(2310_2)@lab24.cpt.haw-hamburg.de 18.06 16:47:38,492| ### vote erhalten! Ich = '2310_2'  Initiator = '244_4') ###
GGT(2310_2)@lab24.cpt.haw-hamburg.de 18.06 16:47:38,492| Leite Anfrage (vote) an den Linken Nachbarn '243_3' weiter (implizites Zustimmen)
GGT(2310_2)@lab24.cpt.haw-hamburg.de 18.06 16:47:38,494| ### vote erhalten! Ich = '2310_2'  Initiator = '215_2') ###
GGT(2310_2)@lab24.cpt.haw-hamburg.de 18.06 16:47:38,494| Leite Anfrage (vote) an den Linken Nachbarn '243_3' weiter (implizites Zustimmen)
GGT(2310_2)@lab24.cpt.haw-hamburg.de 18.06 16:47:38,495| TTT Timer ist abgelaufen. Informiere meine linken Nachbarn ('243_3') ueber vote
GGT(2310_2)@lab24.cpt.haw-hamburg.de 18.06 16:47:38,496| ### vote erhalten! Ich = '2310_2'  Initiator = '246_4') ###
GGT(2310_2)@lab24.cpt.haw-hamburg.de 18.06 16:47:38,496| Leite Anfrage (vote) an den Linken Nachbarn '243_3' weiter (implizites Zustimmen)
GGT(2310_2)@lab24.cpt.haw-hamburg.de 18.06 16:47:38,498| Send erhalten Y:100
GGT(2310_2)@lab24.cpt.haw-hamburg.de 18.06 16:47:38,498| ALGO: ((100 -1) mod 100) +1     --    (TTW: 3 Sekunden)
GGT(2310_2)@lab24.cpt.haw-hamburg.de 18.06 16:47:41,495| DISPATCHER: Leite Befehl {vote,'244_4'} an meinen Worker weiter...
GGT(2310_2)@lab24.cpt.haw-hamburg.de 18.06 16:47:41,496| DISPATCHER: Leite Befehl {vote,'246_4'} an meinen Worker weiter...
GGT(2310_2)@lab24.cpt.haw-hamburg.de 18.06 16:47:41,497| DISPATCHER: Leite Befehl {vote,'246_4'} an meinen Worker weiter...
GGT(2310_2)@lab24.cpt.haw-hamburg.de 18.06 16:47:41,498| DISPATCHER: Leite Befehl {vote,'244_4'} an meinen Worker weiter...
GGT(2310_2)@lab24.cpt.haw-hamburg.de 18.06 16:47:41,499| Mi NICHT geaendert! (ist und bleibt: 100)
GGT(2310_2)@lab24.cpt.haw-hamburg.de 18.06 16:47:41,499| DISPATCHER: Leite Befehl {vote,'213_1'} an meinen Worker weiter...
GGT(2310_2)@lab24.cpt.haw-hamburg.de 18.06 16:47:41,500| ### vote erhalten! Ich = '2310_2'  Initiator = '244_4') ###
GGT(2310_2)@lab24.cpt.haw-hamburg.de 18.06 16:47:41,500| implizit abgelehnt
GGT(2310_2)@lab24.cpt.haw-hamburg.de 18.06 16:47:41,500| Send erhalten Y:100
GGT(2310_2)@lab24.cpt.haw-hamburg.de 18.06 16:47:41,500| ALGO: ((100 -1) mod 100) +1     --    (TTW: 3 Sekunden)
GGT(2310_2)@lab24.cpt.haw-hamburg.de 18.06 16:47:41,502| DISPATCHER: Leite Befehl {vote,'243_2'} an meinen Worker weiter...
GGT(2310_2)@lab24.cpt.haw-hamburg.de 18.06 16:47:41,503| DISPATCHER: Leite Befehl {vote,'244_4'} an meinen Worker weiter...
GGT(2310_2)@lab24.cpt.haw-hamburg.de 18.06 16:47:41,504| DISPATCHER: Leite Befehl {vote,'246_4'} an meinen Worker weiter...
GGT(2310_2)@lab24.cpt.haw-hamburg.de 18.06 16:47:41,504| DISPATCHER: Leite Befehl {vote,'246_4'} an meinen Worker weiter...
GGT(2310_2)@lab24.cpt.haw-hamburg.de 18.06 16:47:41,505| DISPATCHER: Leite Befehl {vote,'243_2'} an meinen Worker weiter...
GGT(2310_2)@lab24.cpt.haw-hamburg.de 18.06 16:47:41,506| DISPATCHER: Leite Befehl {vote,'243_2'} an meinen Worker weiter...
GGT(2310_2)@lab24.cpt.haw-hamburg.de 18.06 16:47:41,507| DISPATCHER: Leite Befehl {vote,'213_1'} an meinen Worker weiter...
GGT(2310_2)@lab24.cpt.haw-hamburg.de 18.06 16:47:41,508| DISPATCHER: Leite Befehl {vote,'246_4'} an meinen Worker weiter...
GGT(2310_2)@lab24.cpt.haw-hamburg.de 18.06 16:47:41,509| DISPATCHER: Leite Befehl {vote,'243_2'} an meinen Worker weiter...
GGT(2310_2)@lab24.cpt.haw-hamburg.de 18.06 16:47:41,509| DISPATCHER: Leite Befehl {vote,'213_1'} an meinen Worker weiter...
GGT(2310_2)@lab24.cpt.haw-hamburg.de 18.06 16:47:41,510| DISPATCHER: Leite Befehl {vote,'243_2'} an meinen Worker weiter...
GGT(2310_2)@lab24.cpt.haw-hamburg.de 18.06 16:47:41,511| DISPATCHER: Leite Befehl {vote,'246_4'} an meinen Worker weiter...
GGT(2310_2)@lab24.cpt.haw-hamburg.de 18.06 16:47:44,497| DISPATCHER: Leite Befehl {vote,'244_4'} an meinen Worker weiter...
GGT(2310_2)@lab24.cpt.haw-hamburg.de 18.06 16:47:44,501| Mi NICHT geaendert! (ist und bleibt: 100)
GGT(2310_2)@lab24.cpt.haw-hamburg.de 18.06 16:47:44,501| ### vote erhalten! Ich = '2310_2'  Initiator = '244_4') ###
GGT(2310_2)@lab24.cpt.haw-hamburg.de 18.06 16:47:44,502| implizit abgelehnt
GGT(2310_2)@lab24.cpt.haw-hamburg.de 18.06 16:47:44,502| ### vote erhalten! Ich = '2310_2'  Initiator = '246_4') ###
GGT(2310_2)@lab24.cpt.haw-hamburg.de 18.06 16:47:44,502| implizit abgelehnt
GGT(2310_2)@lab24.cpt.haw-hamburg.de 18.06 16:47:44,502| ### vote erhalten! Ich = '2310_2'  Initiator = '246_4') ###
GGT(2310_2)@lab24.cpt.haw-hamburg.de 18.06 16:47:44,502| implizit abgelehnt
GGT(2310_2)@lab24.cpt.haw-hamburg.de 18.06 16:47:44,505| ### vote erhalten! Ich = '2310_2'  Initiator = '244_4') ###
GGT(2310_2)@lab24.cpt.haw-hamburg.de 18.06 16:47:44,505| Leite Anfrage (vote) an den Linken Nachbarn '243_3' weiter (implizites Zustimmen)
GGT(2310_2)@lab24.cpt.haw-hamburg.de 18.06 16:47:44,506| ### vote erhalten! Ich = '2310_2'  Initiator = '213_1') ###
GGT(2310_2)@lab24.cpt.haw-hamburg.de 18.06 16:47:44,506| Leite Anfrage (vote) an den Linken Nachbarn '243_3' weiter (implizites Zustimmen)
GGT(2310_2)@lab24.cpt.haw-hamburg.de 18.06 16:47:44,506| ### vote erhalten! Ich = '2310_2'  Initiator = '243_2') ###
GGT(2310_2)@lab24.cpt.haw-hamburg.de 18.06 16:47:44,506| Leite Anfrage (vote) an den Linken Nachbarn '243_3' weiter (implizites Zustimmen)
GGT(2310_2)@lab24.cpt.haw-hamburg.de 18.06 16:47:44,507| ### vote erhalten! Ich = '2310_2'  Initiator = '244_4') ###
GGT(2310_2)@lab24.cpt.haw-hamburg.de 18.06 16:47:44,507| Leite Anfrage (vote) an den Linken Nachbarn '243_3' weiter (implizites Zustimmen)
GGT(2310_2)@lab24.cpt.haw-hamburg.de 18.06 16:47:44,508| ### vote erhalten! Ich = '2310_2'  Initiator = '246_4') ###
GGT(2310_2)@lab24.cpt.haw-hamburg.de 18.06 16:47:44,508| Leite Anfrage (vote) an den Linken Nachbarn '243_3' weiter (implizites Zustimmen)
GGT(2310_2)@lab24.cpt.haw-hamburg.de 18.06 16:47:44,510| ### vote erhalten! Ich = '2310_2'  Initiator = '246_4') ###
GGT(2310_2)@lab24.cpt.haw-hamburg.de 18.06 16:47:44,510| Leite Anfrage (vote) an den Linken Nachbarn '243_3' weiter (implizites Zustimmen)
GGT(2310_2)@lab24.cpt.haw-hamburg.de 18.06 16:47:44,512| ### vote erhalten! Ich = '2310_2'  Initiator = '243_2') ###
GGT(2310_2)@lab24.cpt.haw-hamburg.de 18.06 16:47:44,512| Leite Anfrage (vote) an den Linken Nachbarn '243_3' weiter (implizites Zustimmen)
GGT(2310_2)@lab24.cpt.haw-hamburg.de 18.06 16:47:44,512| ### vote erhalten! Ich = '2310_2'  Initiator = '243_2') ###
GGT(2310_2)@lab24.cpt.haw-hamburg.de 18.06 16:47:44,512| Leite Anfrage (vote) an den Linken Nachbarn '243_3' weiter (implizites Zustimmen)
GGT(2310_2)@lab24.cpt.haw-hamburg.de 18.06 16:47:44,513| ### vote erhalten! Ich = '2310_2'  Initiator = '213_1') ###
GGT(2310_2)@lab24.cpt.haw-hamburg.de 18.06 16:47:44,513| Leite Anfrage (vote) an den Linken Nachbarn '243_3' weiter (implizites Zustimmen)
GGT(2310_2)@lab24.cpt.haw-hamburg.de 18.06 16:47:44,514| ### vote erhalten! Ich = '2310_2'  Initiator = '246_4') ###
GGT(2310_2)@lab24.cpt.haw-hamburg.de 18.06 16:47:44,514| Leite Anfrage (vote) an den Linken Nachbarn '243_3' weiter (implizites Zustimmen)
GGT(2310_2)@lab24.cpt.haw-hamburg.de 18.06 16:47:44,515| ### vote erhalten! Ich = '2310_2'  Initiator = '243_2') ###
GGT(2310_2)@lab24.cpt.haw-hamburg.de 18.06 16:47:44,515| Leite Anfrage (vote) an den Linken Nachbarn '243_3' weiter (implizites Zustimmen)
GGT(2310_2)@lab24.cpt.haw-hamburg.de 18.06 16:47:44,516| ### vote erhalten! Ich = '2310_2'  Initiator = '213_1') ###
GGT(2310_2)@lab24.cpt.haw-hamburg.de 18.06 16:47:44,516| Leite Anfrage (vote) an den Linken Nachbarn '243_3' weiter (implizites Zustimmen)
GGT(2310_2)@lab24.cpt.haw-hamburg.de 18.06 16:47:44,516| ### vote erhalten! Ich = '2310_2'  Initiator = '243_2') ###
GGT(2310_2)@lab24.cpt.haw-hamburg.de 18.06 16:47:44,516| Leite Anfrage (vote) an den Linken Nachbarn '243_3' weiter (implizites Zustimmen)
GGT(2310_2)@lab24.cpt.haw-hamburg.de 18.06 16:47:44,517| ### vote erhalten! Ich = '2310_2'  Initiator = '246_4') ###
GGT(2310_2)@lab24.cpt.haw-hamburg.de 18.06 16:47:44,517| Leite Anfrage (vote) an den Linken Nachbarn '243_3' weiter (implizites Zustimmen)
GGT(2310_2)@lab24.cpt.haw-hamburg.de 18.06 16:47:44,518| ### vote erhalten! Ich = '2310_2'  Initiator = '244_4') ###
GGT(2310_2)@lab24.cpt.haw-hamburg.de 18.06 16:47:44,518| Leite Anfrage (vote) an den Linken Nachbarn '243_3' weiter (implizites Zustimmen)
GGT(2310_2)@lab24.cpt.haw-hamburg.de 18.06 16:47:47,502| DISPATCHER: Leite Befehl {vote,'243_2'} an meinen Worker weiter...
GGT(2310_2)@lab24.cpt.haw-hamburg.de 18.06 16:47:47,502| ### vote erhalten! Ich = '2310_2'  Initiator = '243_2') ###
GGT(2310_2)@lab24.cpt.haw-hamburg.de 18.06 16:47:47,503| Leite Anfrage (vote) an den Linken Nachbarn '243_3' weiter (implizites Zustimmen)
GGT(2310_2)@lab24.cpt.haw-hamburg.de 18.06 16:47:47,503| DISPATCHER: Leite Befehl {vote,'246_4'} an meinen Worker weiter...
GGT(2310_2)@lab24.cpt.haw-hamburg.de 18.06 16:47:47,504| ### vote erhalten! Ich = '2310_2'  Initiator = '246_4') ###
GGT(2310_2)@lab24.cpt.haw-hamburg.de 18.06 16:47:47,504| Leite Anfrage (vote) an den Linken Nachbarn '243_3' weiter (implizites Zustimmen)
GGT(2310_2)@lab24.cpt.haw-hamburg.de 18.06 16:47:47,504| DISPATCHER: Leite Befehl {vote,'246_4'} an meinen Worker weiter...
GGT(2310_2)@lab24.cpt.haw-hamburg.de 18.06 16:47:47,505| ### vote erhalten! Ich = '2310_2'  Initiator = '246_4') ###
GGT(2310_2)@lab24.cpt.haw-hamburg.de 18.06 16:47:47,505| Leite Anfrage (vote) an den Linken Nachbarn '243_3' weiter (implizites Zustimmen)
GGT(2310_2)@lab24.cpt.haw-hamburg.de 18.06 16:47:47,505| DISPATCHER: Leite Befehl {vote,'213_1'} an meinen Worker weiter...
GGT(2310_2)@lab24.cpt.haw-hamburg.de 18.06 16:47:47,506| ### vote erhalten! Ich = '2310_2'  Initiator = '213_1') ###
GGT(2310_2)@lab24.cpt.haw-hamburg.de 18.06 16:47:47,506| Leite Anfrage (vote) an den Linken Nachbarn '243_3' weiter (implizites Zustimmen)
GGT(2310_2)@lab24.cpt.haw-hamburg.de 18.06 16:47:47,506| DISPATCHER: Leite Befehl {vote,'243_2'} an meinen Worker weiter...
GGT(2310_2)@lab24.cpt.haw-hamburg.de 18.06 16:47:47,507| ### vote erhalten! Ich = '2310_2'  Initiator = '243_2') ###
GGT(2310_2)@lab24.cpt.haw-hamburg.de 18.06 16:47:47,507| Leite Anfrage (vote) an den Linken Nachbarn '243_3' weiter (implizites Zustimmen)
GGT(2310_2)@lab24.cpt.haw-hamburg.de 18.06 16:47:47,507| DISPATCHER: Leite Befehl {vote,'234_1'} an meinen Worker weiter...
GGT(2310_2)@lab24.cpt.haw-hamburg.de 18.06 16:47:47,508| ### vote erhalten! Ich = '2310_2'  Initiator = '234_1') ###
GGT(2310_2)@lab24.cpt.haw-hamburg.de 18.06 16:47:47,508| Leite Anfrage (vote) an den Linken Nachbarn '243_3' weiter (implizites Zustimmen)
GGT(2310_2)@lab24.cpt.haw-hamburg.de 18.06 16:47:47,508| DISPATCHER: Leite Befehl {vote,'243_2'} an meinen Worker weiter...
GGT(2310_2)@lab24.cpt.haw-hamburg.de 18.06 16:47:47,509| ### vote erhalten! Ich = '2310_2'  Initiator = '243_2') ###
GGT(2310_2)@lab24.cpt.haw-hamburg.de 18.06 16:47:47,509| Leite Anfrage (vote) an den Linken Nachbarn '243_3' weiter (implizites Zustimmen)
GGT(2310_2)@lab24.cpt.haw-hamburg.de 18.06 16:47:47,509| DISPATCHER: Leite Befehl {vote,'243_2'} an meinen Worker weiter...
GGT(2310_2)@lab24.cpt.haw-hamburg.de 18.06 16:47:47,510| ### vote erhalten! Ich = '2310_2'  Initiator = '243_2') ###
GGT(2310_2)@lab24.cpt.haw-hamburg.de 18.06 16:47:47,510| Leite Anfrage (vote) an den Linken Nachbarn '243_3' weiter (implizites Zustimmen)
GGT(2310_2)@lab24.cpt.haw-hamburg.de 18.06 16:47:47,510| DISPATCHER: Leite Befehl {vote,'213_1'} an meinen Worker weiter...
GGT(2310_2)@lab24.cpt.haw-hamburg.de 18.06 16:47:47,511| ### vote erhalten! Ich = '2310_2'  Initiator = '213_1') ###
GGT(2310_2)@lab24.cpt.haw-hamburg.de 18.06 16:47:47,511| Leite Anfrage (vote) an den Linken Nachbarn '243_3' weiter (implizites Zustimmen)
GGT(2310_2)@lab24.cpt.haw-hamburg.de 18.06 16:47:47,511| DISPATCHER: Leite Befehl {vote,'236_2'} an meinen Worker weiter...
GGT(2310_2)@lab24.cpt.haw-hamburg.de 18.06 16:47:47,512| ### vote erhalten! Ich = '2310_2'  Initiator = '236_2') ###
GGT(2310_2)@lab24.cpt.haw-hamburg.de 18.06 16:47:47,512| Leite Anfrage (vote) an den Linken Nachbarn '243_3' weiter (implizites Zustimmen)
GGT(2310_2)@lab24.cpt.haw-hamburg.de 18.06 16:47:47,512| DISPATCHER: Leite Befehl {vote,'244_3'} an meinen Worker weiter...
GGT(2310_2)@lab24.cpt.haw-hamburg.de 18.06 16:47:47,513| ### vote erhalten! Ich = '2310_2'  Initiator = '244_3') ###
GGT(2310_2)@lab24.cpt.haw-hamburg.de 18.06 16:47:47,513| Leite Anfrage (vote) an den Linken Nachbarn '243_3' weiter (implizites Zustimmen)
GGT(2310_2)@lab24.cpt.haw-hamburg.de 18.06 16:47:47,513| DISPATCHER: Leite Befehl {vote,'218_2'} an meinen Worker weiter...
GGT(2310_2)@lab24.cpt.haw-hamburg.de 18.06 16:47:47,515| ### vote erhalten! Ich = '2310_2'  Initiator = '218_2') ###
GGT(2310_2)@lab24.cpt.haw-hamburg.de 18.06 16:47:47,515| Leite Anfrage (vote) an den Linken Nachbarn '243_3' weiter (implizites Zustimmen)
GGT(2310_2)@lab24.cpt.haw-hamburg.de 18.06 16:47:47,516| DISPATCHER: Leite Befehl {vote,'248_2'} an meinen Worker weiter...
GGT(2310_2)@lab24.cpt.haw-hamburg.de 18.06 16:47:47,516| ### vote erhalten! Ich = '2310_2'  Initiator = '248_2') ###
GGT(2310_2)@lab24.cpt.haw-hamburg.de 18.06 16:47:47,516| Leite Anfrage (vote) an den Linken Nachbarn '243_3' weiter (implizites Zustimmen)
GGT(2310_2)@lab24.cpt.haw-hamburg.de 18.06 16:47:47,517| DISPATCHER: Leite Befehl {vote,'244_3'} an meinen Worker weiter...
GGT(2310_2)@lab24.cpt.haw-hamburg.de 18.06 16:47:47,517| ### vote erhalten! Ich = '2310_2'  Initiator = '244_3') ###
GGT(2310_2)@lab24.cpt.haw-hamburg.de 18.06 16:47:47,517| Leite Anfrage (vote) an den Linken Nachbarn '243_3' weiter (implizites Zustimmen)
GGT(2310_2)@lab24.cpt.haw-hamburg.de 18.06 16:47:47,518| DISPATCHER: Leite Befehl {vote,'243_2'} an meinen Worker weiter...
GGT(2310_2)@lab24.cpt.haw-hamburg.de 18.06 16:47:47,518| ### vote erhalten! Ich = '2310_2'  Initiator = '243_2') ###
GGT(2310_2)@lab24.cpt.haw-hamburg.de 18.06 16:47:47,518| Leite Anfrage (vote) an den Linken Nachbarn '243_3' weiter (implizites Zustimmen)
GGT(2310_2)@lab24.cpt.haw-hamburg.de 18.06 16:47:47,518| DISPATCHER: Leite Befehl {vote,'243_2'} an meinen Worker weiter...
GGT(2310_2)@lab24.cpt.haw-hamburg.de 18.06 16:47:47,519| ### vote erhalten! Ich = '2310_2'  Initiator = '243_2') ###
GGT(2310_2)@lab24.cpt.haw-hamburg.de 18.06 16:47:47,519| Leite Anfrage (vote) an den Linken Nachbarn '243_3' weiter (implizites Zustimmen)
GGT(2310_2)@lab24.cpt.haw-hamburg.de 18.06 16:47:47,520| DISPATCHER: Leite Befehl {vote,'246_4'} an meinen Worker weiter...
GGT(2310_2)@lab24.cpt.haw-hamburg.de 18.06 16:47:47,520| ### vote erhalten! Ich = '2310_2'  Initiator = '246_4') ###
GGT(2310_2)@lab24.cpt.haw-hamburg.de 18.06 16:47:47,520| Leite Anfrage (vote) an den Linken Nachbarn '243_3' weiter (implizites Zustimmen)
GGT(2310_2)@lab24.cpt.haw-hamburg.de 18.06 16:47:50,502| DISPATCHER: Leite Befehl {vote,'236_2'} an meinen Worker weiter...
GGT(2310_2)@lab24.cpt.haw-hamburg.de 18.06 16:47:50,502| ### vote erhalten! Ich = '2310_2'  Initiator = '236_2') ###
GGT(2310_2)@lab24.cpt.haw-hamburg.de 18.06 16:47:50,503| Leite Anfrage (vote) an den Linken Nachbarn '243_3' weiter (implizites Zustimmen)
GGT(2310_2)@lab24.cpt.haw-hamburg.de 18.06 16:47:50,503| DISPATCHER: Leite Befehl {vote,'246_4'} an meinen Worker weiter...
GGT(2310_2)@lab24.cpt.haw-hamburg.de 18.06 16:47:50,504| ### vote erhalten! Ich = '2310_2'  Initiator = '246_4') ###
GGT(2310_2)@lab24.cpt.haw-hamburg.de 18.06 16:47:50,504| Leite Anfrage (vote) an den Linken Nachbarn '243_3' weiter (implizites Zustimmen)
GGT(2310_2)@lab24.cpt.haw-hamburg.de 18.06 16:47:50,507| DISPATCHER: Leite Befehl {vote,'248_2'} an meinen Worker weiter...
GGT(2310_2)@lab24.cpt.haw-hamburg.de 18.06 16:47:50,507| ### vote erhalten! Ich = '2310_2'  Initiator = '248_2') ###
GGT(2310_2)@lab24.cpt.haw-hamburg.de 18.06 16:47:50,507| Leite Anfrage (vote) an den Linken Nachbarn '243_3' weiter (implizites Zustimmen)
GGT(2310_2)@lab24.cpt.haw-hamburg.de 18.06 16:47:50,508| DISPATCHER: Leite Befehl {vote,'248_2'} an meinen Worker weiter...
GGT(2310_2)@lab24.cpt.haw-hamburg.de 18.06 16:47:50,509| ### vote erhalten! Ich = '2310_2'  Initiator = '248_2') ###
GGT(2310_2)@lab24.cpt.haw-hamburg.de 18.06 16:47:50,509| Leite Anfrage (vote) an den Linken Nachbarn '243_3' weiter (implizites Zustimmen)
GGT(2310_2)@lab24.cpt.haw-hamburg.de 18.06 16:47:50,509| DISPATCHER: Leite Befehl {vote,'248_2'} an meinen Worker weiter...
GGT(2310_2)@lab24.cpt.haw-hamburg.de 18.06 16:47:50,510| ### vote erhalten! Ich = '2310_2'  Initiator = '248_2') ###
GGT(2310_2)@lab24.cpt.haw-hamburg.de 18.06 16:47:50,510| Leite Anfrage (vote) an den Linken Nachbarn '243_3' weiter (implizites Zustimmen)
GGT(2310_2)@lab24.cpt.haw-hamburg.de 18.06 16:47:50,510| DISPATCHER: Leite Befehl {vote,'213_3'} an meinen Worker weiter...
GGT(2310_2)@lab24.cpt.haw-hamburg.de 18.06 16:47:50,511| ### vote erhalten! Ich = '2310_2'  Initiator = '213_3') ###
GGT(2310_2)@lab24.cpt.haw-hamburg.de 18.06 16:47:50,511| Leite Anfrage (vote) an den Linken Nachbarn '243_3' weiter (implizites Zustimmen)
GGT(2310_2)@lab24.cpt.haw-hamburg.de 18.06 16:47:50,512| DISPATCHER: Leite Befehl {vote,'244_3'} an meinen Worker weiter...
GGT(2310_2)@lab24.cpt.haw-hamburg.de 18.06 16:47:50,512| ### vote erhalten! Ich = '2310_2'  Initiator = '244_3') ###
GGT(2310_2)@lab24.cpt.haw-hamburg.de 18.06 16:47:50,512| Leite Anfrage (vote) an den Linken Nachbarn '243_3' weiter (implizites Zustimmen)
GGT(2310_2)@lab24.cpt.haw-hamburg.de 18.06 16:47:50,513| DISPATCHER: Leite Befehl {vote,'214_2'} an meinen Worker weiter...
GGT(2310_2)@lab24.cpt.haw-hamburg.de 18.06 16:47:50,514| ### vote erhalten! Ich = '2310_2'  Initiator = '214_2') ###
GGT(2310_2)@lab24.cpt.haw-hamburg.de 18.06 16:47:50,514| Leite Anfrage (vote) an den Linken Nachbarn '243_3' weiter (implizites Zustimmen)
GGT(2310_2)@lab24.cpt.haw-hamburg.de 18.06 16:47:50,515| DISPATCHER: Leite Befehl {vote,'248_2'} an meinen Worker weiter...
GGT(2310_2)@lab24.cpt.haw-hamburg.de 18.06 16:47:50,515| ### vote erhalten! Ich = '2310_2'  Initiator = '248_2') ###
GGT(2310_2)@lab24.cpt.haw-hamburg.de 18.06 16:47:50,515| Leite Anfrage (vote) an den Linken Nachbarn '243_3' weiter (implizites Zustimmen)
GGT(2310_2)@lab24.cpt.haw-hamburg.de 18.06 16:47:50,516| DISPATCHER: Leite Befehl {vote,'248_2'} an meinen Worker weiter...
GGT(2310_2)@lab24.cpt.haw-hamburg.de 18.06 16:47:50,518| ### vote erhalten! Ich = '2310_2'  Initiator = '248_2') ###
GGT(2310_2)@lab24.cpt.haw-hamburg.de 18.06 16:47:50,518| Leite Anfrage (vote) an den Linken Nachbarn '243_3' weiter (implizites Zustimmen)
GGT(2310_2)@lab24.cpt.haw-hamburg.de 18.06 16:47:50,519| DISPATCHER: Leite Befehl {vote,'218_2'} an meinen Worker weiter...
GGT(2310_2)@lab24.cpt.haw-hamburg.de 18.06 16:47:50,519| ### vote erhalten! Ich = '2310_2'  Initiator = '218_2') ###
GGT(2310_2)@lab24.cpt.haw-hamburg.de 18.06 16:47:50,519| Leite Anfrage (vote) an den Linken Nachbarn '243_3' weiter (implizites Zustimmen)
GGT(2310_2)@lab24.cpt.haw-hamburg.de 18.06 16:47:50,520| DISPATCHER: Leite Befehl {vote,'244_3'} an meinen Worker weiter...
GGT(2310_2)@lab24.cpt.haw-hamburg.de 18.06 16:47:50,521| ### vote erhalten! Ich = '2310_2'  Initiator = '244_3') ###
GGT(2310_2)@lab24.cpt.haw-hamburg.de 18.06 16:47:50,521| Leite Anfrage (vote) an den Linken Nachbarn '243_3' weiter (implizites Zustimmen)
GGT(2310_2)@lab24.cpt.haw-hamburg.de 18.06 16:47:50,521| DISPATCHER: Leite Befehl {vote,'214_2'} an meinen Worker weiter...
GGT(2310_2)@lab24.cpt.haw-hamburg.de 18.06 16:47:50,523| ### vote erhalten! Ich = '2310_2'  Initiator = '214_2') ###
GGT(2310_2)@lab24.cpt.haw-hamburg.de 18.06 16:47:50,523| Leite Anfrage (vote) an den Linken Nachbarn '243_3' weiter (implizites Zustimmen)
GGT(2310_2)@lab24.cpt.haw-hamburg.de 18.06 16:47:50,523| DISPATCHER: Leite Befehl {vote,'237_1'} an meinen Worker weiter...
GGT(2310_2)@lab24.cpt.haw-hamburg.de 18.06 16:47:50,524| ### vote erhalten! Ich = '2310_2'  Initiator = '237_1') ###
GGT(2310_2)@lab24.cpt.haw-hamburg.de 18.06 16:47:50,524| Leite Anfrage (vote) an den Linken Nachbarn '243_3' weiter (implizites Zustimmen)
GGT(2310_2)@lab24.cpt.haw-hamburg.de 18.06 16:47:50,525| DISPATCHER: Leite Befehl {vote,'244_3'} an meinen Worker weiter...
GGT(2310_2)@lab24.cpt.haw-hamburg.de 18.06 16:47:50,525| ### vote erhalten! Ich = '2310_2'  Initiator = '244_3') ###
GGT(2310_2)@lab24.cpt.haw-hamburg.de 18.06 16:47:50,525| Leite Anfrage (vote) an den Linken Nachbarn '243_3' weiter (implizites Zustimmen)
GGT(2310_2)@lab24.cpt.haw-hamburg.de 18.06 16:47:50,526| DISPATCHER: Leite Befehl {vote,'244_2'} an meinen Worker weiter...
GGT(2310_2)@lab24.cpt.haw-hamburg.de 18.06 16:47:50,526| ### vote erhalten! Ich = '2310_2'  Initiator = '244_2') ###
GGT(2310_2)@lab24.cpt.haw-hamburg.de 18.06 16:47:50,526| Leite Anfrage (vote) an den Linken Nachbarn '243_3' weiter (implizites Zustimmen)
GGT(2310_2)@lab24.cpt.haw-hamburg.de 18.06 16:47:50,527| DISPATCHER: Leite Befehl {vote,'244_3'} an meinen Worker weiter...
GGT(2310_2)@lab24.cpt.haw-hamburg.de 18.06 16:47:50,527| ### vote erhalten! Ich = '2310_2'  Initiator = '244_3') ###
GGT(2310_2)@lab24.cpt.haw-hamburg.de 18.06 16:47:50,528| Leite Anfrage (vote) an den Linken Nachbarn '243_3' weiter (implizites Zustimmen)
GGT(2310_2)@lab24.cpt.haw-hamburg.de 18.06 16:47:50,528| DISPATCHER: Leite Befehl {vote,'244_3'} an meinen Worker weiter...
GGT(2310_2)@lab24.cpt.haw-hamburg.de 18.06 16:47:50,529| ### vote erhalten! Ich = '2310_2'  Initiator = '244_3') ###
GGT(2310_2)@lab24.cpt.haw-hamburg.de 18.06 16:47:50,529| Leite Anfrage (vote) an den Linken Nachbarn '243_3' weiter (implizites Zustimmen)
GGT(2310_2)@lab24.cpt.haw-hamburg.de 18.06 16:47:50,529| DISPATCHER: Leite Befehl {vote,'244_2'} an meinen Worker weiter...
GGT(2310_2)@lab24.cpt.haw-hamburg.de 18.06 16:47:50,530| ### vote erhalten! Ich = '2310_2'  Initiator = '244_2') ###
GGT(2310_2)@lab24.cpt.haw-hamburg.de 18.06 16:47:50,530| Leite Anfrage (vote) an den Linken Nachbarn '243_3' weiter (implizites Zustimmen)
GGT(2310_2)@lab24.cpt.haw-hamburg.de 18.06 16:47:50,531| DISPATCHER: Leite Befehl {vote,'216_3'} an meinen Worker weiter...
GGT(2310_2)@lab24.cpt.haw-hamburg.de 18.06 16:47:50,532| ### vote erhalten! Ich = '2310_2'  Initiator = '216_3') ###
GGT(2310_2)@lab24.cpt.haw-hamburg.de 18.06 16:47:50,532| Leite Anfrage (vote) an den Linken Nachbarn '243_3' weiter (implizites Zustimmen)
GGT(2310_2)@lab24.cpt.haw-hamburg.de 18.06 16:47:50,532| DISPATCHER: Leite Befehl {vote,'215_4'} an meinen Worker weiter...
GGT(2310_2)@lab24.cpt.haw-hamburg.de 18.06 16:47:50,533| ### vote erhalten! Ich = '2310_2'  Initiator = '215_4') ###
GGT(2310_2)@lab24.cpt.haw-hamburg.de 18.06 16:47:50,533| Leite Anfrage (vote) an den Linken Nachbarn '243_3' weiter (implizites Zustimmen)
GGT(2310_2)@lab24.cpt.haw-hamburg.de 18.06 16:47:50,533| DISPATCHER: Leite Befehl {vote,'245_4'} an meinen Worker weiter...
GGT(2310_2)@lab24.cpt.haw-hamburg.de 18.06 16:47:50,534| DISPATCHER: Leite Befehl {vote,'215_4'} an meinen Worker weiter...
GGT(2310_2)@lab24.cpt.haw-hamburg.de 18.06 16:47:50,534| ### vote erhalten! Ich = '2310_2'  Initiator = '245_4') ###
GGT(2310_2)@lab24.cpt.haw-hamburg.de 18.06 16:47:50,534| Leite Anfrage (vote) an den Linken Nachbarn '243_3' weiter (implizites Zustimmen)
GGT(2310_2)@lab24.cpt.haw-hamburg.de 18.06 16:47:50,535| ### vote erhalten! Ich = '2310_2'  Initiator = '215_4') ###
GGT(2310_2)@lab24.cpt.haw-hamburg.de 18.06 16:47:50,535| Leite Anfrage (vote) an den Linken Nachbarn '243_3' weiter (implizites Zustimmen)
GGT(2310_2)@lab24.cpt.haw-hamburg.de 18.06 16:47:50,535| DISPATCHER: Leite Befehl {vote,'245_4'} an meinen Worker weiter...
GGT(2310_2)@lab24.cpt.haw-hamburg.de 18.06 16:47:50,538| DISPATCHER: Leite Befehl {vote,'244_3'} an meinen Worker weiter...
GGT(2310_2)@lab24.cpt.haw-hamburg.de 18.06 16:47:50,538| ### vote erhalten! Ich = '2310_2'  Initiator = '245_4') ###
GGT(2310_2)@lab24.cpt.haw-hamburg.de 18.06 16:47:50,538| Leite Anfrage (vote) an den Linken Nachbarn '243_3' weiter (implizites Zustimmen)
GGT(2310_2)@lab24.cpt.haw-hamburg.de 18.06 16:47:50,539| DISPATCHER: Leite Befehl {vote,'248_2'} an meinen Worker weiter...
GGT(2310_2)@lab24.cpt.haw-hamburg.de 18.06 16:47:50,539| ### vote erhalten! Ich = '2310_2'  Initiator = '244_3') ###
GGT(2310_2)@lab24.cpt.haw-hamburg.de 18.06 16:47:50,539| Leite Anfrage (vote) an den Linken Nachbarn '243_3' weiter (implizites Zustimmen)
GGT(2310_2)@lab24.cpt.haw-hamburg.de 18.06 16:47:50,540| ### vote erhalten! Ich = '2310_2'  Initiator = '248_2') ###
GGT(2310_2)@lab24.cpt.haw-hamburg.de 18.06 16:47:50,540| Leite Anfrage (vote) an den Linken Nachbarn '243_3' weiter (implizites Zustimmen)
GGT(2310_2)@lab24.cpt.haw-hamburg.de 18.06 16:47:53,503| DISPATCHER: Leite Befehl {vote,'248_2'} an meinen Worker weiter...
GGT(2310_2)@lab24.cpt.haw-hamburg.de 18.06 16:47:53,503| ### vote erhalten! Ich = '2310_2'  Initiator = '248_2') ###
GGT(2310_2)@lab24.cpt.haw-hamburg.de 18.06 16:47:53,504| Leite Anfrage (vote) an den Linken Nachbarn '243_3' weiter (implizites Zustimmen)
GGT(2310_2)@lab24.cpt.haw-hamburg.de 18.06 16:47:53,506| DISPATCHER: Leite Befehl {vote,'244_3'} an meinen Worker weiter...
GGT(2310_2)@lab24.cpt.haw-hamburg.de 18.06 16:47:53,506| ### vote erhalten! Ich = '2310_2'  Initiator = '244_3') ###
GGT(2310_2)@lab24.cpt.haw-hamburg.de 18.06 16:47:53,506| Leite Anfrage (vote) an den Linken Nachbarn '243_3' weiter (implizites Zustimmen)
GGT(2310_2)@lab24.cpt.haw-hamburg.de 18.06 16:47:56,503| DISPATCHER: Leite Befehl {vote,'248_1'} an meinen Worker weiter...
GGT(2310_2)@lab24.cpt.haw-hamburg.de 18.06 16:47:56,504| ### vote erhalten! Ich = '2310_2'  Initiator = '248_1') ###
GGT(2310_2)@lab24.cpt.haw-hamburg.de 18.06 16:47:56,504| Leite Anfrage (vote) an den Linken Nachbarn '243_3' weiter (implizites Zustimmen)
GGT(2310_2)@lab24.cpt.haw-hamburg.de 18.06 16:47:56,506| DISPATCHER: Leite Befehl {vote,'245_4'} an meinen Worker weiter...
GGT(2310_2)@lab24.cpt.haw-hamburg.de 18.06 16:47:56,506| ### vote erhalten! Ich = '2310_2'  Initiator = '245_4') ###
GGT(2310_2)@lab24.cpt.haw-hamburg.de 18.06 16:47:56,507| Leite Anfrage (vote) an den Linken Nachbarn '243_3' weiter (implizites Zustimmen)
GGT(2310_2)@lab24.cpt.haw-hamburg.de 18.06 16:47:59,503| DISPATCHER: Leite Befehl {vote,'245_4'} an meinen Worker weiter...
GGT(2310_2)@lab24.cpt.haw-hamburg.de 18.06 16:47:59,504| ### vote erhalten! Ich = '2310_2'  Initiator = '245_4') ###
GGT(2310_2)@lab24.cpt.haw-hamburg.de 18.06 16:47:59,504| Leite Anfrage (vote) an den Linken Nachbarn '243_3' weiter (implizites Zustimmen)
GGT(2310_2)@lab24.cpt.haw-hamburg.de 18.06 16:47:59,510| DISPATCHER: Leite Befehl {vote,'248_1'} an meinen Worker weiter...
GGT(2310_2)@lab24.cpt.haw-hamburg.de 18.06 16:47:59,511| ### vote erhalten! Ich = '2310_2'  Initiator = '248_1') ###
GGT(2310_2)@lab24.cpt.haw-hamburg.de 18.06 16:47:59,511| Leite Anfrage (vote) an den Linken Nachbarn '243_3' weiter (implizites Zustimmen)
GGT(2310_2)@lab24.cpt.haw-hamburg.de 18.06 16:47:59,512| DISPATCHER: Leite Befehl {vote,'248_1'} an meinen Worker weiter...
GGT(2310_2)@lab24.cpt.haw-hamburg.de 18.06 16:47:59,512| ### vote erhalten! Ich = '2310_2'  Initiator = '248_1') ###
GGT(2310_2)@lab24.cpt.haw-hamburg.de 18.06 16:47:59,512| Leite Anfrage (vote) an den Linken Nachbarn '243_3' weiter (implizites Zustimmen)
GGT(2310_2)@lab24.cpt.haw-hamburg.de 18.06 16:47:59,512| DISPATCHER: Leite Befehl {vote,'249_2'} an meinen Worker weiter...
GGT(2310_2)@lab24.cpt.haw-hamburg.de 18.06 16:47:59,513| ### vote erhalten! Ich = '2310_2'  Initiator = '249_2') ###
GGT(2310_2)@lab24.cpt.haw-hamburg.de 18.06 16:47:59,513| Leite Anfrage (vote) an den Linken Nachbarn '243_3' weiter (implizites Zustimmen)
GGT(2310_2)@lab24.cpt.haw-hamburg.de 18.06 16:47:59,513| DISPATCHER: Leite Befehl {vote,'249_2'} an meinen Worker weiter...
GGT(2310_2)@lab24.cpt.haw-hamburg.de 18.06 16:47:59,514| ### vote erhalten! Ich = '2310_2'  Initiator = '249_2') ###
GGT(2310_2)@lab24.cpt.haw-hamburg.de 18.06 16:47:59,514| Leite Anfrage (vote) an den Linken Nachbarn '243_3' weiter (implizites Zustimmen)
GGT(2310_2)@lab24.cpt.haw-hamburg.de 18.06 16:48:02,507| DISPATCHER: Leite Befehl {vote,'248_1'} an meinen Worker weiter...
GGT(2310_2)@lab24.cpt.haw-hamburg.de 18.06 16:48:02,509| ### vote erhalten! Ich = '2310_2'  Initiator = '248_1') ###
GGT(2310_2)@lab24.cpt.haw-hamburg.de 18.06 16:48:02,509| Leite Anfrage (vote) an den Linken Nachbarn '243_3' weiter (implizites Zustimmen)
GGT(2310_2)@lab24.cpt.haw-hamburg.de 18.06 16:48:02,512| DISPATCHER: Leite Befehl {vote,'249_2'} an meinen Worker weiter...
GGT(2310_2)@lab24.cpt.haw-hamburg.de 18.06 16:48:02,512| ### vote erhalten! Ich = '2310_2'  Initiator = '249_2') ###
GGT(2310_2)@lab24.cpt.haw-hamburg.de 18.06 16:48:02,512| Leite Anfrage (vote) an den Linken Nachbarn '243_3' weiter (implizites Zustimmen)
GGT(2310_2)@lab24.cpt.haw-hamburg.de 18.06 16:48:02,513| DISPATCHER: Leite Befehl {vote,'215_3'} an meinen Worker weiter...
GGT(2310_2)@lab24.cpt.haw-hamburg.de 18.06 16:48:02,513| ### vote erhalten! Ich = '2310_2'  Initiator = '215_3') ###
GGT(2310_2)@lab24.cpt.haw-hamburg.de 18.06 16:48:02,513| Leite Anfrage (vote) an den Linken Nachbarn '243_3' weiter (implizites Zustimmen)
GGT(2310_2)@lab24.cpt.haw-hamburg.de 18.06 16:48:02,514| DISPATCHER: Leite Befehl {vote,'248_3'} an meinen Worker weiter...
GGT(2310_2)@lab24.cpt.haw-hamburg.de 18.06 16:48:02,514| ### vote erhalten! Ich = '2310_2'  Initiator = '248_3') ###
GGT(2310_2)@lab24.cpt.haw-hamburg.de 18.06 16:48:02,514| Leite Anfrage (vote) an den Linken Nachbarn '243_3' weiter (implizites Zustimmen)
GGT(2310_2)@lab24.cpt.haw-hamburg.de 18.06 16:48:02,515| DISPATCHER: Leite Befehl {vote,'248_3'} an meinen Worker weiter...
GGT(2310_2)@lab24.cpt.haw-hamburg.de 18.06 16:48:02,516| ### vote erhalten! Ich = '2310_2'  Initiator = '248_3') ###
GGT(2310_2)@lab24.cpt.haw-hamburg.de 18.06 16:48:02,516| Leite Anfrage (vote) an den Linken Nachbarn '243_3' weiter (implizites Zustimmen)
GGT(2310_2)@lab24.cpt.haw-hamburg.de 18.06 16:48:08,514| DISPATCHER: Leite Befehl {vote,'248_3'} an meinen Worker weiter...
GGT(2310_2)@lab24.cpt.haw-hamburg.de 18.06 16:48:08,514| ### vote erhalten! Ich = '2310_2'  Initiator = '248_3') ###
GGT(2310_2)@lab24.cpt.haw-hamburg.de 18.06 16:48:08,514| Leite Anfrage (vote) an den Linken Nachbarn '243_3' weiter (implizites Zustimmen)
GGT(2310_2)@lab24.cpt.haw-hamburg.de 18.06 16:48:08,515| DISPATCHER: Leite Befehl {vote,'239_1'} an meinen Worker weiter...
GGT(2310_2)@lab24.cpt.haw-hamburg.de 18.06 16:48:08,516| ### vote erhalten! Ich = '2310_2'  Initiator = '239_1') ###
GGT(2310_2)@lab24.cpt.haw-hamburg.de 18.06 16:48:08,516| Leite Anfrage (vote) an den Linken Nachbarn '243_3' weiter (implizites Zustimmen)
GGT(2310_2)@lab24.cpt.haw-hamburg.de 18.06 16:48:08,519| DISPATCHER: Leite Befehl {vote,'246_3'} an meinen Worker weiter...
GGT(2310_2)@lab24.cpt.haw-hamburg.de 18.06 16:48:08,519| ### vote erhalten! Ich = '2310_2'  Initiator = '246_3') ###
GGT(2310_2)@lab24.cpt.haw-hamburg.de 18.06 16:48:08,519| Leite Anfrage (vote) an den Linken Nachbarn '243_3' weiter (implizites Zustimmen)
GGT(2310_2)@lab24.cpt.haw-hamburg.de 18.06 16:48:08,522| DISPATCHER: Leite Befehl {vote,'242_3'} an meinen Worker weiter...
GGT(2310_2)@lab24.cpt.haw-hamburg.de 18.06 16:48:08,523| ### vote erhalten! Ich = '2310_2'  Initiator = '242_3') ###
GGT(2310_2)@lab24.cpt.haw-hamburg.de 18.06 16:48:08,523| Leite Anfrage (vote) an den Linken Nachbarn '243_3' weiter (implizites Zustimmen)
GGT(2310_2)@lab24.cpt.haw-hamburg.de 18.06 16:48:08,523| DISPATCHER: Leite Befehl {vote,'242_3'} an meinen Worker weiter...
GGT(2310_2)@lab24.cpt.haw-hamburg.de 18.06 16:48:08,523| ### vote erhalten! Ich = '2310_2'  Initiator = '242_3') ###
GGT(2310_2)@lab24.cpt.haw-hamburg.de 18.06 16:48:08,523| Leite Anfrage (vote) an den Linken Nachbarn '243_3' weiter (implizites Zustimmen)
GGT(2310_2)@lab24.cpt.haw-hamburg.de 18.06 16:48:08,527| DISPATCHER: Leite Befehl {vote,'239_1'} an meinen Worker weiter...
GGT(2310_2)@lab24.cpt.haw-hamburg.de 18.06 16:48:08,528| ### vote erhalten! Ich = '2310_2'  Initiator = '239_1') ###
GGT(2310_2)@lab24.cpt.haw-hamburg.de 18.06 16:48:08,528| Leite Anfrage (vote) an den Linken Nachbarn '243_3' weiter (implizites Zustimmen)
GGT(2310_2)@lab24.cpt.haw-hamburg.de 18.06 16:48:08,528| DISPATCHER: Leite Befehl {vote,'249_1'} an meinen Worker weiter...
GGT(2310_2)@lab24.cpt.haw-hamburg.de 18.06 16:48:08,530| ### vote erhalten! Ich = '2310_2'  Initiator = '249_1') ###
GGT(2310_2)@lab24.cpt.haw-hamburg.de 18.06 16:48:08,530| Leite Anfrage (vote) an den Linken Nachbarn '243_3' weiter (implizites Zustimmen)
GGT(2310_2)@lab24.cpt.haw-hamburg.de 18.06 16:48:08,530| DISPATCHER: Leite Befehl {vote,'242_3'} an meinen Worker weiter...
GGT(2310_2)@lab24.cpt.haw-hamburg.de 18.06 16:48:08,531| ### vote erhalten! Ich = '2310_2'  Initiator = '242_3') ###
GGT(2310_2)@lab24.cpt.haw-hamburg.de 18.06 16:48:08,531| Leite Anfrage (vote) an den Linken Nachbarn '243_3' weiter (implizites Zustimmen)
GGT(2310_2)@lab24.cpt.haw-hamburg.de 18.06 16:48:08,531| DISPATCHER: Leite Befehl {vote,'246_3'} an meinen Worker weiter...
GGT(2310_2)@lab24.cpt.haw-hamburg.de 18.06 16:48:08,532| ### vote erhalten! Ich = '2310_2'  Initiator = '246_3') ###
GGT(2310_2)@lab24.cpt.haw-hamburg.de 18.06 16:48:08,532| Leite Anfrage (vote) an den Linken Nachbarn '243_3' weiter (implizites Zustimmen)
GGT(2310_2)@lab24.cpt.haw-hamburg.de 18.06 16:48:08,532| DISPATCHER: Leite Befehl {vote,'2110_2'} an meinen Worker weiter...
GGT(2310_2)@lab24.cpt.haw-hamburg.de 18.06 16:48:08,533| ### vote erhalten! Ich = '2310_2'  Initiator = '2110_2') ###
GGT(2310_2)@lab24.cpt.haw-hamburg.de 18.06 16:48:08,533| Leite Anfrage (vote) an den Linken Nachbarn '243_3' weiter (implizites Zustimmen)
GGT(2310_2)@lab24.cpt.haw-hamburg.de 18.06 16:48:08,533| DISPATCHER: Leite Befehl {vote,'249_1'} an meinen Worker weiter...
GGT(2310_2)@lab24.cpt.haw-hamburg.de 18.06 16:48:08,534| ### vote erhalten! Ich = '2310_2'  Initiator = '249_1') ###
GGT(2310_2)@lab24.cpt.haw-hamburg.de 18.06 16:48:08,534| Leite Anfrage (vote) an den Linken Nachbarn '243_3' weiter (implizites Zustimmen)
GGT(2310_2)@lab24.cpt.haw-hamburg.de 18.06 16:48:08,534| DISPATCHER: Leite Befehl {vote,'246_3'} an meinen Worker weiter...
GGT(2310_2)@lab24.cpt.haw-hamburg.de 18.06 16:48:08,535| ### vote erhalten! Ich = '2310_2'  Initiator = '246_3') ###
GGT(2310_2)@lab24.cpt.haw-hamburg.de 18.06 16:48:08,535| Leite Anfrage (vote) an den Linken Nachbarn '243_3' weiter (implizites Zustimmen)
GGT(2310_2)@lab24.cpt.haw-hamburg.de 18.06 16:48:08,535| DISPATCHER: Leite Befehl {vote,'246_3'} an meinen Worker weiter...
GGT(2310_2)@lab24.cpt.haw-hamburg.de 18.06 16:48:08,536| ### vote erhalten! Ich = '2310_2'  Initiator = '246_3') ###
GGT(2310_2)@lab24.cpt.haw-hamburg.de 18.06 16:48:08,536| Leite Anfrage (vote) an den Linken Nachbarn '243_3' weiter (implizites Zustimmen)
GGT(2310_2)@lab24.cpt.haw-hamburg.de 18.06 16:48:08,536| DISPATCHER: Leite Befehl {vote,'246_3'} an meinen Worker weiter...
GGT(2310_2)@lab24.cpt.haw-hamburg.de 18.06 16:48:08,537| ### vote erhalten! Ich = '2310_2'  Initiator = '246_3') ###
GGT(2310_2)@lab24.cpt.haw-hamburg.de 18.06 16:48:08,537| Leite Anfrage (vote) an den Linken Nachbarn '243_3' weiter (implizites Zustimmen)
GGT(2310_2)@lab24.cpt.haw-hamburg.de 18.06 16:48:11,518| DISPATCHER: Leite Befehl {vote,'242_3'} an meinen Worker weiter...
GGT(2310_2)@lab24.cpt.haw-hamburg.de 18.06 16:48:11,519| ### vote erhalten! Ich = '2310_2'  Initiator = '242_3') ###
GGT(2310_2)@lab24.cpt.haw-hamburg.de 18.06 16:48:11,519| Leite Anfrage (vote) an den Linken Nachbarn '243_3' weiter (implizites Zustimmen)
GGT(2310_2)@lab24.cpt.haw-hamburg.de 18.06 16:48:11,522| DISPATCHER: Leite Befehl {vote,'2110_2'} an meinen Worker weiter...
GGT(2310_2)@lab24.cpt.haw-hamburg.de 18.06 16:48:11,523| ### vote erhalten! Ich = '2310_2'  Initiator = '2110_2') ###
GGT(2310_2)@lab24.cpt.haw-hamburg.de 18.06 16:48:11,523| Leite Anfrage (vote) an den Linken Nachbarn '243_3' weiter (implizites Zustimmen)
GGT(2310_2)@lab24.cpt.haw-hamburg.de 18.06 16:48:11,524| DISPATCHER: Leite Befehl {vote,'246_3'} an meinen Worker weiter...
GGT(2310_2)@lab24.cpt.haw-hamburg.de 18.06 16:48:11,525| ### vote erhalten! Ich = '2310_2'  Initiator = '246_3') ###
GGT(2310_2)@lab24.cpt.haw-hamburg.de 18.06 16:48:11,525| Leite Anfrage (vote) an den Linken Nachbarn '243_3' weiter (implizites Zustimmen)
GGT(2310_2)@lab24.cpt.haw-hamburg.de 18.06 16:48:11,528| DISPATCHER: Leite Befehl {vote,'249_1'} an meinen Worker weiter...
GGT(2310_2)@lab24.cpt.haw-hamburg.de 18.06 16:48:11,529| ### vote erhalten! Ich = '2310_2'  Initiator = '249_1') ###
GGT(2310_2)@lab24.cpt.haw-hamburg.de 18.06 16:48:11,529| Leite Anfrage (vote) an den Linken Nachbarn '243_3' weiter (implizites Zustimmen)
GGT(2310_2)@lab24.cpt.haw-hamburg.de 18.06 16:48:11,531| DISPATCHER: Leite Befehl {vote,'2410_4'} an meinen Worker weiter...
GGT(2310_2)@lab24.cpt.haw-hamburg.de 18.06 16:48:11,532| ### vote erhalten! Ich = '2310_2'  Initiator = '2410_4') ###
GGT(2310_2)@lab24.cpt.haw-hamburg.de 18.06 16:48:11,532| Leite Anfrage (vote) an den Linken Nachbarn '243_3' weiter (implizites Zustimmen)
GGT(2310_2)@lab24.cpt.haw-hamburg.de 18.06 16:48:11,533| DISPATCHER: Leite Befehl {vote,'216_2'} an meinen Worker weiter...
GGT(2310_2)@lab24.cpt.haw-hamburg.de 18.06 16:48:11,536| ### vote erhalten! Ich = '2310_2'  Initiator = '216_2') ###
GGT(2310_2)@lab24.cpt.haw-hamburg.de 18.06 16:48:11,536| Leite Anfrage (vote) an den Linken Nachbarn '243_3' weiter (implizites Zustimmen)
GGT(2310_2)@lab24.cpt.haw-hamburg.de 18.06 16:48:11,537| DISPATCHER: Leite Befehl {vote,'212_2'} an meinen Worker weiter...
GGT(2310_2)@lab24.cpt.haw-hamburg.de 18.06 16:48:11,538| ### vote erhalten! Ich = '2310_2'  Initiator = '212_2') ###
GGT(2310_2)@lab24.cpt.haw-hamburg.de 18.06 16:48:11,539| Leite Anfrage (vote) an den Linken Nachbarn '243_3' weiter (implizites Zustimmen)
GGT(2310_2)@lab24.cpt.haw-hamburg.de 18.06 16:48:11,540| DISPATCHER: Leite Befehl {vote,'2410_4'} an meinen Worker weiter...
GGT(2310_2)@lab24.cpt.haw-hamburg.de 18.06 16:48:11,541| ### vote erhalten! Ich = '2310_2'  Initiator = '2410_4') ###
GGT(2310_2)@lab24.cpt.haw-hamburg.de 18.06 16:48:11,541| Leite Anfrage (vote) an den Linken Nachbarn '243_3' weiter (implizites Zustimmen)
GGT(2310_2)@lab24.cpt.haw-hamburg.de 18.06 16:48:11,542| DISPATCHER: Leite Befehl {vote,'249_1'} an meinen Worker weiter...
GGT(2310_2)@lab24.cpt.haw-hamburg.de 18.06 16:48:11,543| ### vote erhalten! Ich = '2310_2'  Initiator = '249_1') ###
GGT(2310_2)@lab24.cpt.haw-hamburg.de 18.06 16:48:11,543| Leite Anfrage (vote) an den Linken Nachbarn '243_3' weiter (implizites Zustimmen)
GGT(2310_2)@lab24.cpt.haw-hamburg.de 18.06 16:48:11,544| DISPATCHER: Leite Befehl {vote,'242_4'} an meinen Worker weiter...
GGT(2310_2)@lab24.cpt.haw-hamburg.de 18.06 16:48:11,547| ### vote erhalten! Ich = '2310_2'  Initiator = '242_4') ###
GGT(2310_2)@lab24.cpt.haw-hamburg.de 18.06 16:48:11,547| Leite Anfrage (vote) an den Linken Nachbarn '243_3' weiter (implizites Zustimmen)
GGT(2310_2)@lab24.cpt.haw-hamburg.de 18.06 16:48:11,548| DISPATCHER: Leite Befehl {vote,'241_3'} an meinen Worker weiter...
GGT(2310_2)@lab24.cpt.haw-hamburg.de 18.06 16:48:11,549| ### vote erhalten! Ich = '2310_2'  Initiator = '241_3') ###
GGT(2310_2)@lab24.cpt.haw-hamburg.de 18.06 16:48:11,550| Leite Anfrage (vote) an den Linken Nachbarn '243_3' weiter (implizites Zustimmen)
GGT(2310_2)@lab24.cpt.haw-hamburg.de 18.06 16:48:11,551| DISPATCHER: Leite Befehl {vote,'219_1'} an meinen Worker weiter...
GGT(2310_2)@lab24.cpt.haw-hamburg.de 18.06 16:48:11,552| ### vote erhalten! Ich = '2310_2'  Initiator = '219_1') ###
GGT(2310_2)@lab24.cpt.haw-hamburg.de 18.06 16:48:11,552| Leite Anfrage (vote) an den Linken Nachbarn '243_3' weiter (implizites Zustimmen)
GGT(2310_2)@lab24.cpt.haw-hamburg.de 18.06 16:48:11,554| DISPATCHER: Leite Befehl {vote,'242_4'} an meinen Worker weiter...
GGT(2310_2)@lab24.cpt.haw-hamburg.de 18.06 16:48:11,555| ### vote erhalten! Ich = '2310_2'  Initiator = '242_4') ###
GGT(2310_2)@lab24.cpt.haw-hamburg.de 18.06 16:48:11,555| Leite Anfrage (vote) an den Linken Nachbarn '243_3' weiter (implizites Zustimmen)
GGT(2310_2)@lab24.cpt.haw-hamburg.de 18.06 16:48:11,556| DISPATCHER: Leite Befehl {vote,'212_3'} an meinen Worker weiter...
GGT(2310_2)@lab24.cpt.haw-hamburg.de 18.06 16:48:11,558| ### vote erhalten! Ich = '2310_2'  Initiator = '212_3') ###
GGT(2310_2)@lab24.cpt.haw-hamburg.de 18.06 16:48:11,558| Leite Anfrage (vote) an den Linken Nachbarn '243_3' weiter (implizites Zustimmen)
GGT(2310_2)@lab24.cpt.haw-hamburg.de 18.06 16:48:11,559| DISPATCHER: Leite Befehl {vote,'245_2'} an meinen Worker weiter...
GGT(2310_2)@lab24.cpt.haw-hamburg.de 18.06 16:48:11,560| ### vote erhalten! Ich = '2310_2'  Initiator = '245_2') ###
GGT(2310_2)@lab24.cpt.haw-hamburg.de 18.06 16:48:11,560| Leite Anfrage (vote) an den Linken Nachbarn '243_3' weiter (implizites Zustimmen)
GGT(2310_2)@lab24.cpt.haw-hamburg.de 18.06 16:48:11,562| DISPATCHER: Leite Befehl {vote,'2410_4'} an meinen Worker weiter...
GGT(2310_2)@lab24.cpt.haw-hamburg.de 18.06 16:48:11,562| ### vote erhalten! Ich = '2310_2'  Initiator = '2410_4') ###
GGT(2310_2)@lab24.cpt.haw-hamburg.de 18.06 16:48:11,563| Leite Anfrage (vote) an den Linken Nachbarn '243_3' weiter (implizites Zustimmen)
GGT(2310_2)@lab24.cpt.haw-hamburg.de 18.06 16:48:11,565| DISPATCHER: Leite Befehl {vote,'241_3'} an meinen Worker weiter...
GGT(2310_2)@lab24.cpt.haw-hamburg.de 18.06 16:48:11,566| ### vote erhalten! Ich = '2310_2'  Initiator = '241_3') ###
GGT(2310_2)@lab24.cpt.haw-hamburg.de 18.06 16:48:11,566| Leite Anfrage (vote) an den Linken Nachbarn '243_3' weiter (implizites Zustimmen)
GGT(2310_2)@lab24.cpt.haw-hamburg.de 18.06 16:48:11,567| DISPATCHER: Leite Befehl {vote,'241_3'} an meinen Worker weiter...
GGT(2310_2)@lab24.cpt.haw-hamburg.de 18.06 16:48:11,568| ### vote erhalten! Ich = '2310_2'  Initiator = '241_3') ###
GGT(2310_2)@lab24.cpt.haw-hamburg.de 18.06 16:48:11,568| Leite Anfrage (vote) an den Linken Nachbarn '243_3' weiter (implizites Zustimmen)
GGT(2310_2)@lab24.cpt.haw-hamburg.de 18.06 16:48:11,570| DISPATCHER: Leite Befehl {vote,'219_1'} an meinen Worker weiter...
GGT(2310_2)@lab24.cpt.haw-hamburg.de 18.06 16:48:11,573| ### vote erhalten! Ich = '2310_2'  Initiator = '219_1') ###
GGT(2310_2)@lab24.cpt.haw-hamburg.de 18.06 16:48:11,573| Leite Anfrage (vote) an den Linken Nachbarn '243_3' weiter (implizites Zustimmen)
GGT(2310_2)@lab24.cpt.haw-hamburg.de 18.06 16:48:11,573| DISPATCHER: Leite Befehl {vote,'247_3'} an meinen Worker weiter...
GGT(2310_2)@lab24.cpt.haw-hamburg.de 18.06 16:48:11,575| ### vote erhalten! Ich = '2310_2'  Initiator = '247_3') ###
GGT(2310_2)@lab24.cpt.haw-hamburg.de 18.06 16:48:11,575| Leite Anfrage (vote) an den Linken Nachbarn '243_3' weiter (implizites Zustimmen)
GGT(2310_2)@lab24.cpt.haw-hamburg.de 18.06 16:48:11,575| DISPATCHER: Leite Befehl {vote,'245_1'} an meinen Worker weiter...
GGT(2310_2)@lab24.cpt.haw-hamburg.de 18.06 16:48:11,576| ### vote erhalten! Ich = '2310_2'  Initiator = '245_1') ###
GGT(2310_2)@lab24.cpt.haw-hamburg.de 18.06 16:48:11,576| Leite Anfrage (vote) an den Linken Nachbarn '243_3' weiter (implizites Zustimmen)
GGT(2310_2)@lab24.cpt.haw-hamburg.de 18.06 16:48:11,577| DISPATCHER: Leite Befehl {vote,'241_3'} an meinen Worker weiter...
GGT(2310_2)@lab24.cpt.haw-hamburg.de 18.06 16:48:11,579| ### vote erhalten! Ich = '2310_2'  Initiator = '241_3') ###
GGT(2310_2)@lab24.cpt.haw-hamburg.de 18.06 16:48:11,579| Leite Anfrage (vote) an den Linken Nachbarn '243_3' weiter (implizites Zustimmen)
GGT(2310_2)@lab24.cpt.haw-hamburg.de 18.06 16:48:11,580| DISPATCHER: Leite Befehl {vote,'245_1'} an meinen Worker weiter...
GGT(2310_2)@lab24.cpt.haw-hamburg.de 18.06 16:48:11,582| ### vote erhalten! Ich = '2310_2'  Initiator = '245_1') ###
GGT(2310_2)@lab24.cpt.haw-hamburg.de 18.06 16:48:11,582| Leite Anfrage (vote) an den Linken Nachbarn '243_3' weiter (implizites Zustimmen)
GGT(2310_2)@lab24.cpt.haw-hamburg.de 18.06 16:48:11,583| DISPATCHER: Leite Befehl {vote,'247_3'} an meinen Worker weiter...
GGT(2310_2)@lab24.cpt.haw-hamburg.de 18.06 16:48:11,585| ### vote erhalten! Ich = '2310_2'  Initiator = '247_3') ###
GGT(2310_2)@lab24.cpt.haw-hamburg.de 18.06 16:48:11,585| Leite Anfrage (vote) an den Linken Nachbarn '243_3' weiter (implizites Zustimmen)
GGT(2310_2)@lab24.cpt.haw-hamburg.de 18.06 16:48:11,586| DISPATCHER: Leite Befehl {vote,'243_4'} an meinen Worker weiter...
GGT(2310_2)@lab24.cpt.haw-hamburg.de 18.06 16:48:11,587| ### vote erhalten! Ich = '2310_2'  Initiator = '243_4') ###
GGT(2310_2)@lab24.cpt.haw-hamburg.de 18.06 16:48:11,587| Leite Anfrage (vote) an den Linken Nachbarn '243_3' weiter (implizites Zustimmen)
GGT(2310_2)@lab24.cpt.haw-hamburg.de 18.06 16:48:11,587| DISPATCHER: Leite Befehl {vote,'219_4'} an meinen Worker weiter...
GGT(2310_2)@lab24.cpt.haw-hamburg.de 18.06 16:48:11,589| ### vote erhalten! Ich = '2310_2'  Initiator = '219_4') ###
GGT(2310_2)@lab24.cpt.haw-hamburg.de 18.06 16:48:11,589| Leite Anfrage (vote) an den Linken Nachbarn '243_3' weiter (implizites Zustimmen)
GGT(2310_2)@lab24.cpt.haw-hamburg.de 18.06 16:48:11,590| DISPATCHER: Leite Befehl {vote,'243_4'} an meinen Worker weiter...
GGT(2310_2)@lab24.cpt.haw-hamburg.de 18.06 16:48:11,591| ### vote erhalten! Ich = '2310_2'  Initiator = '243_4') ###
GGT(2310_2)@lab24.cpt.haw-hamburg.de 18.06 16:48:11,591| Leite Anfrage (vote) an den Linken Nachbarn '243_3' weiter (implizites Zustimmen)
GGT(2310_2)@lab24.cpt.haw-hamburg.de 18.06 16:48:11,591| DISPATCHER: Leite Befehl {vote,'247_3'} an meinen Worker weiter...
GGT(2310_2)@lab24.cpt.haw-hamburg.de 18.06 16:48:11,592| ### vote erhalten! Ich = '2310_2'  Initiator = '247_3') ###
GGT(2310_2)@lab24.cpt.haw-hamburg.de 18.06 16:48:11,592| Leite Anfrage (vote) an den Linken Nachbarn '243_3' weiter (implizites Zustimmen)
GGT(2310_2)@lab24.cpt.haw-hamburg.de 18.06 16:48:11,595| DISPATCHER: Leite Befehl {vote,'241_3'} an meinen Worker weiter...
GGT(2310_2)@lab24.cpt.haw-hamburg.de 18.06 16:48:11,596| ### vote erhalten! Ich = '2310_2'  Initiator = '241_3') ###
GGT(2310_2)@lab24.cpt.haw-hamburg.de 18.06 16:48:11,596| Leite Anfrage (vote) an den Linken Nachbarn '243_3' weiter (implizites Zustimmen)
GGT(2310_2)@lab24.cpt.haw-hamburg.de 18.06 16:48:11,597| DISPATCHER: Leite Befehl {vote,'242_4'} an meinen Worker weiter...
GGT(2310_2)@lab24.cpt.haw-hamburg.de 18.06 16:48:11,598| ### vote erhalten! Ich = '2310_2'  Initiator = '242_4') ###
GGT(2310_2)@lab24.cpt.haw-hamburg.de 18.06 16:48:11,598| Leite Anfrage (vote) an den Linken Nachbarn '243_3' weiter (implizites Zustimmen)
GGT(2310_2)@lab24.cpt.haw-hamburg.de 18.06 16:48:11,601| DISPATCHER: Leite Befehl {vote,'241_4'} an meinen Worker weiter...
GGT(2310_2)@lab24.cpt.haw-hamburg.de 18.06 16:48:11,602| ### vote erhalten! Ich = '2310_2'  Initiator = '241_4') ###
GGT(2310_2)@lab24.cpt.haw-hamburg.de 18.06 16:48:11,602| Leite Anfrage (vote) an den Linken Nachbarn '243_3' weiter (implizites Zustimmen)
GGT(2310_2)@lab24.cpt.haw-hamburg.de 18.06 16:48:11,602| DISPATCHER: Leite Befehl {vote,'241_4'} an meinen Worker weiter...
GGT(2310_2)@lab24.cpt.haw-hamburg.de 18.06 16:48:11,605| ### vote erhalten! Ich = '2310_2'  Initiator = '241_4') ###
GGT(2310_2)@lab24.cpt.haw-hamburg.de 18.06 16:48:11,605| Leite Anfrage (vote) an den Linken Nachbarn '243_3' weiter (implizites Zustimmen)
GGT(2310_2)@lab24.cpt.haw-hamburg.de 18.06 16:48:11,606| DISPATCHER: Leite Befehl {vote,'242_4'} an meinen Worker weiter...
GGT(2310_2)@lab24.cpt.haw-hamburg.de 18.06 16:48:11,606| ### vote erhalten! Ich = '2310_2'  Initiator = '242_4') ###
GGT(2310_2)@lab24.cpt.haw-hamburg.de 18.06 16:48:11,606| Leite Anfrage (vote) an den Linken Nachbarn '243_3' weiter (implizites Zustimmen)
GGT(2310_2)@lab24.cpt.haw-hamburg.de 18.06 16:48:11,608| DISPATCHER: Leite Befehl {vote,'247_1'} an meinen Worker weiter...
GGT(2310_2)@lab24.cpt.haw-hamburg.de 18.06 16:48:11,609| ### vote erhalten! Ich = '2310_2'  Initiator = '247_1') ###
GGT(2310_2)@lab24.cpt.haw-hamburg.de 18.06 16:48:11,609| Leite Anfrage (vote) an den Linken Nachbarn '243_3' weiter (implizites Zustimmen)
GGT(2310_2)@lab24.cpt.haw-hamburg.de 18.06 16:48:11,613| DISPATCHER: Leite Befehl {vote,'247_3'} an meinen Worker weiter...
GGT(2310_2)@lab24.cpt.haw-hamburg.de 18.06 16:48:11,613| ### vote erhalten! Ich = '2310_2'  Initiator = '247_3') ###
GGT(2310_2)@lab24.cpt.haw-hamburg.de 18.06 16:48:11,614| DISPATCHER: Leite Befehl {vote,'241_3'} an meinen Worker weiter...
GGT(2310_2)@lab24.cpt.haw-hamburg.de 18.06 16:48:11,614| Leite Anfrage (vote) an den Linken Nachbarn '243_3' weiter (implizites Zustimmen)
GGT(2310_2)@lab24.cpt.haw-hamburg.de 18.06 16:48:11,614| ### vote erhalten! Ich = '2310_2'  Initiator = '241_3') ###
GGT(2310_2)@lab24.cpt.haw-hamburg.de 18.06 16:48:11,615| DISPATCHER: Leite Befehl {vote,'242_4'} an meinen Worker weiter...
GGT(2310_2)@lab24.cpt.haw-hamburg.de 18.06 16:48:11,615| Leite Anfrage (vote) an den Linken Nachbarn '243_3' weiter (implizites Zustimmen)
GGT(2310_2)@lab24.cpt.haw-hamburg.de 18.06 16:48:11,617| ### vote erhalten! Ich = '2310_2'  Initiator = '242_4') ###
GGT(2310_2)@lab24.cpt.haw-hamburg.de 18.06 16:48:11,617| Leite Anfrage (vote) an den Linken Nachbarn '243_3' weiter (implizites Zustimmen)
GGT(2310_2)@lab24.cpt.haw-hamburg.de 18.06 16:48:11,618| DISPATCHER: Leite Befehl {vote,'243_4'} an meinen Worker weiter...
GGT(2310_2)@lab24.cpt.haw-hamburg.de 18.06 16:48:11,619| ### vote erhalten! Ich = '2310_2'  Initiator = '243_4') ###
GGT(2310_2)@lab24.cpt.haw-hamburg.de 18.06 16:48:11,619| Leite Anfrage (vote) an den Linken Nachbarn '243_3' weiter (implizites Zustimmen)
GGT(2310_2)@lab24.cpt.haw-hamburg.de 18.06 16:48:11,619| DISPATCHER: Leite Befehl {vote,'243_4'} an meinen Worker weiter...
GGT(2310_2)@lab24.cpt.haw-hamburg.de 18.06 16:48:11,620| ### vote erhalten! Ich = '2310_2'  Initiator = '243_4') ###
GGT(2310_2)@lab24.cpt.haw-hamburg.de 18.06 16:48:11,620| Leite Anfrage (vote) an den Linken Nachbarn '243_3' weiter (implizites Zustimmen)
GGT(2310_2)@lab24.cpt.haw-hamburg.de 18.06 16:48:11,621| DISPATCHER: Leite Befehl {vote,'241_3'} an meinen Worker weiter...
GGT(2310_2)@lab24.cpt.haw-hamburg.de 18.06 16:48:11,622| ### vote erhalten! Ich = '2310_2'  Initiator = '241_3') ###
GGT(2310_2)@lab24.cpt.haw-hamburg.de 18.06 16:48:11,622| Leite Anfrage (vote) an den Linken Nachbarn '243_3' weiter (implizites Zustimmen)
GGT(2310_2)@lab24.cpt.haw-hamburg.de 18.06 16:48:11,623| DISPATCHER: Leite Befehl {vote,'242_4'} an meinen Worker weiter...
GGT(2310_2)@lab24.cpt.haw-hamburg.de 18.06 16:48:11,624| ### vote erhalten! Ich = '2310_2'  Initiator = '242_4') ###
GGT(2310_2)@lab24.cpt.haw-hamburg.de 18.06 16:48:11,624| Leite Anfrage (vote) an den Linken Nachbarn '243_3' weiter (implizites Zustimmen)
GGT(2310_2)@lab24.cpt.haw-hamburg.de 18.06 16:48:11,625| DISPATCHER: Leite Befehl {vote,'247_1'} an meinen Worker weiter...
GGT(2310_2)@lab24.cpt.haw-hamburg.de 18.06 16:48:11,626| ### vote erhalten! Ich = '2310_2'  Initiator = '247_1') ###
GGT(2310_2)@lab24.cpt.haw-hamburg.de 18.06 16:48:11,626| Leite Anfrage (vote) an den Linken Nachbarn '243_3' weiter (implizites Zustimmen)
GGT(2310_2)@lab24.cpt.haw-hamburg.de 18.06 16:48:11,627| DISPATCHER: Leite Befehl {vote,'243_4'} an meinen Worker weiter...
GGT(2310_2)@lab24.cpt.haw-hamburg.de 18.06 16:48:11,627| ### vote erhalten! Ich = '2310_2'  Initiator = '243_4') ###
GGT(2310_2)@lab24.cpt.haw-hamburg.de 18.06 16:48:11,627| Leite Anfrage (vote) an den Linken Nachbarn '243_3' weiter (implizites Zustimmen)
GGT(2310_2)@lab24.cpt.haw-hamburg.de 18.06 16:48:11,630| DISPATCHER: Leite Befehl {vote,'243_4'} an meinen Worker weiter...
GGT(2310_2)@lab24.cpt.haw-hamburg.de 18.06 16:48:11,631| ### vote erhalten! Ich = '2310_2'  Initiator = '243_4') ###
GGT(2310_2)@lab24.cpt.haw-hamburg.de 18.06 16:48:11,631| Leite Anfrage (vote) an den Linken Nachbarn '243_3' weiter (implizites Zustimmen)
GGT(2310_2)@lab24.cpt.haw-hamburg.de 18.06 16:48:11,633| DISPATCHER: Leite Befehl {vote,'242_2'} an meinen Worker weiter...
GGT(2310_2)@lab24.cpt.haw-hamburg.de 18.06 16:48:11,634| ### vote erhalten! Ich = '2310_2'  Initiator = '242_2') ###
GGT(2310_2)@lab24.cpt.haw-hamburg.de 18.06 16:48:11,634| Leite Anfrage (vote) an den Linken Nachbarn '243_3' weiter (implizites Zustimmen)
GGT(2310_2)@lab24.cpt.haw-hamburg.de 18.06 16:48:11,635| DISPATCHER: Leite Befehl {vote,'242_2'} an meinen Worker weiter...
GGT(2310_2)@lab24.cpt.haw-hamburg.de 18.06 16:48:11,636| ### vote erhalten! Ich = '2310_2'  Initiator = '242_2') ###
GGT(2310_2)@lab24.cpt.haw-hamburg.de 18.06 16:48:11,636| Leite Anfrage (vote) an den Linken Nachbarn '243_3' weiter (implizites Zustimmen)
GGT(2310_2)@lab24.cpt.haw-hamburg.de 18.06 16:48:11,637| DISPATCHER: Leite Befehl {vote,'242_2'} an meinen Worker weiter...
GGT(2310_2)@lab24.cpt.haw-hamburg.de 18.06 16:48:11,638| ### vote erhalten! Ich = '2310_2'  Initiator = '242_2') ###
GGT(2310_2)@lab24.cpt.haw-hamburg.de 18.06 16:48:11,638| Leite Anfrage (vote) an den Linken Nachbarn '243_3' weiter (implizites Zustimmen)
GGT(2310_2)@lab24.cpt.haw-hamburg.de 18.06 16:48:11,639| DISPATCHER: Leite Befehl {vote,'241_1'} an meinen Worker weiter...
GGT(2310_2)@lab24.cpt.haw-hamburg.de 18.06 16:48:11,640| ### vote erhalten! Ich = '2310_2'  Initiator = '241_1') ###
GGT(2310_2)@lab24.cpt.haw-hamburg.de 18.06 16:48:11,640| Leite Anfrage (vote) an den Linken Nachbarn '243_3' weiter (implizites Zustimmen)
GGT(2310_2)@lab24.cpt.haw-hamburg.de 18.06 16:48:11,641| DISPATCHER: Leite Befehl {vote,'219_4'} an meinen Worker weiter...
GGT(2310_2)@lab24.cpt.haw-hamburg.de 18.06 16:48:11,642| ### vote erhalten! Ich = '2310_2'  Initiator = '219_4') ###
GGT(2310_2)@lab24.cpt.haw-hamburg.de 18.06 16:48:11,642| Leite Anfrage (vote) an den Linken Nachbarn '243_3' weiter (implizites Zustimmen)
GGT(2310_2)@lab24.cpt.haw-hamburg.de 18.06 16:48:11,642| DISPATCHER: Leite Befehl {vote,'241_1'} an meinen Worker weiter...
GGT(2310_2)@lab24.cpt.haw-hamburg.de 18.06 16:48:11,643| ### vote erhalten! Ich = '2310_2'  Initiator = '241_1') ###
GGT(2310_2)@lab24.cpt.haw-hamburg.de 18.06 16:48:11,643| Leite Anfrage (vote) an den Linken Nachbarn '243_3' weiter (implizites Zustimmen)
GGT(2310_2)@lab24.cpt.haw-hamburg.de 18.06 16:48:11,644| DISPATCHER: Leite Befehl {vote,'249_3'} an meinen Worker weiter...
GGT(2310_2)@lab24.cpt.haw-hamburg.de 18.06 16:48:11,644| ### vote erhalten! Ich = '2310_2'  Initiator = '249_3') ###
GGT(2310_2)@lab24.cpt.haw-hamburg.de 18.06 16:48:11,644| Leite Anfrage (vote) an den Linken Nachbarn '243_3' weiter (implizites Zustimmen)
GGT(2310_2)@lab24.cpt.haw-hamburg.de 18.06 16:48:11,645| DISPATCHER: Leite Befehl {vote,'241_1'} an meinen Worker weiter...
GGT(2310_2)@lab24.cpt.haw-hamburg.de 18.06 16:48:11,646| ### vote erhalten! Ich = '2310_2'  Initiator = '241_1') ###
GGT(2310_2)@lab24.cpt.haw-hamburg.de 18.06 16:48:11,646| Leite Anfrage (vote) an den Linken Nachbarn '243_3' weiter (implizites Zustimmen)
GGT(2310_2)@lab24.cpt.haw-hamburg.de 18.06 16:48:11,646| DISPATCHER: Leite Befehl {vote,'247_1'} an meinen Worker weiter...
GGT(2310_2)@lab24.cpt.haw-hamburg.de 18.06 16:48:11,647| ### vote erhalten! Ich = '2310_2'  Initiator = '247_1') ###
GGT(2310_2)@lab24.cpt.haw-hamburg.de 18.06 16:48:11,647| Leite Anfrage (vote) an den Linken Nachbarn '243_3' weiter (implizites Zustimmen)
GGT(2310_2)@lab24.cpt.haw-hamburg.de 18.06 16:48:11,648| DISPATCHER: Leite Befehl {vote,'241_1'} an meinen Worker weiter...
GGT(2310_2)@lab24.cpt.haw-hamburg.de 18.06 16:48:11,649| ### vote erhalten! Ich = '2310_2'  Initiator = '241_1') ###
GGT(2310_2)@lab24.cpt.haw-hamburg.de 18.06 16:48:11,649| Leite Anfrage (vote) an den Linken Nachbarn '243_3' weiter (implizites Zustimmen)
GGT(2310_2)@lab24.cpt.haw-hamburg.de 18.06 16:48:11,649| DISPATCHER: Leite Befehl {vote,'212_1'} an meinen Worker weiter...
GGT(2310_2)@lab24.cpt.haw-hamburg.de 18.06 16:48:11,650| ### vote erhalten! Ich = '2310_2'  Initiator = '212_1') ###
GGT(2310_2)@lab24.cpt.haw-hamburg.de 18.06 16:48:11,650| Leite Anfrage (vote) an den Linken Nachbarn '243_3' weiter (implizites Zustimmen)
GGT(2310_2)@lab24.cpt.haw-hamburg.de 18.06 16:48:11,650| DISPATCHER: Leite Befehl {vote,'249_3'} an meinen Worker weiter...
GGT(2310_2)@lab24.cpt.haw-hamburg.de 18.06 16:48:11,651| ### vote erhalten! Ich = '2310_2'  Initiator = '249_3') ###
GGT(2310_2)@lab24.cpt.haw-hamburg.de 18.06 16:48:11,651| Leite Anfrage (vote) an den Linken Nachbarn '243_3' weiter (implizites Zustimmen)
GGT(2310_2)@lab24.cpt.haw-hamburg.de 18.06 16:48:11,652| DISPATCHER: Leite Befehl {vote,'247_3'} an meinen Worker weiter...
GGT(2310_2)@lab24.cpt.haw-hamburg.de 18.06 16:48:11,653| ### vote erhalten! Ich = '2310_2'  Initiator = '247_3') ###
GGT(2310_2)@lab24.cpt.haw-hamburg.de 18.06 16:48:11,653| Leite Anfrage (vote) an den Linken Nachbarn '243_3' weiter (implizites Zustimmen)
GGT(2310_2)@lab24.cpt.haw-hamburg.de 18.06 16:48:11,654| DISPATCHER: Leite Befehl {vote,'247_1'} an meinen Worker weiter...
GGT(2310_2)@lab24.cpt.haw-hamburg.de 18.06 16:48:11,655| ### vote erhalten! Ich = '2310_2'  Initiator = '247_1') ###
GGT(2310_2)@lab24.cpt.haw-hamburg.de 18.06 16:48:11,655| Leite Anfrage (vote) an den Linken Nachbarn '243_3' weiter (implizites Zustimmen)
GGT(2310_2)@lab24.cpt.haw-hamburg.de 18.06 16:48:11,657| DISPATCHER: Leite Befehl {vote,'211_4'} an meinen Worker weiter...
GGT(2310_2)@lab24.cpt.haw-hamburg.de 18.06 16:48:11,658| ### vote erhalten! Ich = '2310_2'  Initiator = '211_4') ###
GGT(2310_2)@lab24.cpt.haw-hamburg.de 18.06 16:48:11,658| Leite Anfrage (vote) an den Linken Nachbarn '243_3' weiter (implizites Zustimmen)
GGT(2310_2)@lab24.cpt.haw-hamburg.de 18.06 16:48:11,660| DISPATCHER: Leite Befehl {vote,'212_1'} an meinen Worker weiter...
GGT(2310_2)@lab24.cpt.haw-hamburg.de 18.06 16:48:11,661| ### vote erhalten! Ich = '2310_2'  Initiator = '212_1') ###
GGT(2310_2)@lab24.cpt.haw-hamburg.de 18.06 16:48:11,661| Leite Anfrage (vote) an den Linken Nachbarn '243_3' weiter (implizites Zustimmen)
GGT(2310_2)@lab24.cpt.haw-hamburg.de 18.06 16:48:11,661| DISPATCHER: Leite Befehl {vote,'249_3'} an meinen Worker weiter...
GGT(2310_2)@lab24.cpt.haw-hamburg.de 18.06 16:48:11,662| ### vote erhalten! Ich = '2310_2'  Initiator = '249_3') ###
GGT(2310_2)@lab24.cpt.haw-hamburg.de 18.06 16:48:11,662| Leite Anfrage (vote) an den Linken Nachbarn '243_3' weiter (implizites Zustimmen)
GGT(2310_2)@lab24.cpt.haw-hamburg.de 18.06 16:48:11,663| DISPATCHER: Leite Befehl {vote,'211_1'} an meinen Worker weiter...
GGT(2310_2)@lab24.cpt.haw-hamburg.de 18.06 16:48:11,664| ### vote erhalten! Ich = '2310_2'  Initiator = '211_1') ###
GGT(2310_2)@lab24.cpt.haw-hamburg.de 18.06 16:48:11,664| Leite Anfrage (vote) an den Linken Nachbarn '243_3' weiter (implizites Zustimmen)
GGT(2310_2)@lab24.cpt.haw-hamburg.de 18.06 16:48:11,665| DISPATCHER: Leite Befehl {vote,'211_4'} an meinen Worker weiter...
GGT(2310_2)@lab24.cpt.haw-hamburg.de 18.06 16:48:11,667| ### vote erhalten! Ich = '2310_2'  Initiator = '211_4') ###
GGT(2310_2)@lab24.cpt.haw-hamburg.de 18.06 16:48:11,667| Leite Anfrage (vote) an den Linken Nachbarn '243_3' weiter (implizites Zustimmen)
GGT(2310_2)@lab24.cpt.haw-hamburg.de 18.06 16:48:11,667| DISPATCHER: Leite Befehl {vote,'249_3'} an meinen Worker weiter...
GGT(2310_2)@lab24.cpt.haw-hamburg.de 18.06 16:48:11,669| ### vote erhalten! Ich = '2310_2'  Initiator = '249_3') ###
GGT(2310_2)@lab24.cpt.haw-hamburg.de 18.06 16:48:11,669| Leite Anfrage (vote) an den Linken Nachbarn '243_3' weiter (implizites Zustimmen)
GGT(2310_2)@lab24.cpt.haw-hamburg.de 18.06 16:48:11,669| DISPATCHER: Leite Befehl {vote,'242_2'} an meinen Worker weiter...
GGT(2310_2)@lab24.cpt.haw-hamburg.de 18.06 16:48:11,670| ### vote erhalten! Ich = '2310_2'  Initiator = '242_2') ###
GGT(2310_2)@lab24.cpt.haw-hamburg.de 18.06 16:48:11,670| Leite Anfrage (vote) an den Linken Nachbarn '243_3' weiter (implizites Zustimmen)
GGT(2310_2)@lab24.cpt.haw-hamburg.de 18.06 16:48:11,671| DISPATCHER: Leite Befehl {vote,'241_1'} an meinen Worker weiter...
GGT(2310_2)@lab24.cpt.haw-hamburg.de 18.06 16:48:11,672| DISPATCHER: Leite Befehl {vote,'249_3'} an meinen Worker weiter...
GGT(2310_2)@lab24.cpt.haw-hamburg.de 18.06 16:48:11,672| ### vote erhalten! Ich = '2310_2'  Initiator = '241_1') ###
GGT(2310_2)@lab24.cpt.haw-hamburg.de 18.06 16:48:11,672| Leite Anfrage (vote) an den Linken Nachbarn '243_3' weiter (implizites Zustimmen)
GGT(2310_2)@lab24.cpt.haw-hamburg.de 18.06 16:48:11,673| DISPATCHER: Leite Befehl {vote,'247_3'} an meinen Worker weiter...
GGT(2310_2)@lab24.cpt.haw-hamburg.de 18.06 16:48:11,673| ### vote erhalten! Ich = '2310_2'  Initiator = '249_3') ###
GGT(2310_2)@lab24.cpt.haw-hamburg.de 18.06 16:48:11,673| Leite Anfrage (vote) an den Linken Nachbarn '243_3' weiter (implizites Zustimmen)
GGT(2310_2)@lab24.cpt.haw-hamburg.de 18.06 16:48:11,674| ### vote erhalten! Ich = '2310_2'  Initiator = '247_3') ###
GGT(2310_2)@lab24.cpt.haw-hamburg.de 18.06 16:48:11,674| Leite Anfrage (vote) an den Linken Nachbarn '243_3' weiter (implizites Zustimmen)
GGT(2310_2)@lab24.cpt.haw-hamburg.de 18.06 16:48:11,674| DISPATCHER: Leite Befehl {vote,'211_1'} an meinen Worker weiter...
GGT(2310_2)@lab24.cpt.haw-hamburg.de 18.06 16:48:11,675| ### vote erhalten! Ich = '2310_2'  Initiator = '211_1') ###
GGT(2310_2)@lab24.cpt.haw-hamburg.de 18.06 16:48:11,675| Leite Anfrage (vote) an den Linken Nachbarn '243_3' weiter (implizites Zustimmen)
GGT(2310_2)@lab24.cpt.haw-hamburg.de 18.06 16:48:11,675| DISPATCHER: Leite Befehl {vote,'2110_3'} an meinen Worker weiter...
GGT(2310_2)@lab24.cpt.haw-hamburg.de 18.06 16:48:11,676| ### vote erhalten! Ich = '2310_2'  Initiator = '2110_3') ###
GGT(2310_2)@lab24.cpt.haw-hamburg.de 18.06 16:48:11,676| Leite Anfrage (vote) an den Linken Nachbarn '243_3' weiter (implizites Zustimmen)
GGT(2310_2)@lab24.cpt.haw-hamburg.de 18.06 16:48:11,677| DISPATCHER: Leite Befehl {vote,'242_2'} an meinen Worker weiter...
GGT(2310_2)@lab24.cpt.haw-hamburg.de 18.06 16:48:11,678| ### vote erhalten! Ich = '2310_2'  Initiator = '242_2') ###
GGT(2310_2)@lab24.cpt.haw-hamburg.de 18.06 16:48:11,678| Leite Anfrage (vote) an den Linken Nachbarn '243_3' weiter (implizites Zustimmen)
GGT(2310_2)@lab24.cpt.haw-hamburg.de 18.06 16:48:11,678| DISPATCHER: Leite Befehl {vote,'247_3'} an meinen Worker weiter...
GGT(2310_2)@lab24.cpt.haw-hamburg.de 18.06 16:48:11,679| ### vote erhalten! Ich = '2310_2'  Initiator = '247_3') ###
GGT(2310_2)@lab24.cpt.haw-hamburg.de 18.06 16:48:11,679| Leite Anfrage (vote) an den Linken Nachbarn '243_3' weiter (implizites Zustimmen)
GGT(2310_2)@lab24.cpt.haw-hamburg.de 18.06 16:48:11,679| DISPATCHER: Leite Befehl {vote,'243_4'} an meinen Worker weiter...
GGT(2310_2)@lab24.cpt.haw-hamburg.de 18.06 16:48:11,680| ### vote erhalten! Ich = '2310_2'  Initiator = '243_4') ###
GGT(2310_2)@lab24.cpt.haw-hamburg.de 18.06 16:48:11,680| Leite Anfrage (vote) an den Linken Nachbarn '243_3' weiter (implizites Zustimmen)
GGT(2310_2)@lab24.cpt.haw-hamburg.de 18.06 16:48:11,681| DISPATCHER: Leite Befehl {vote,'245_3'} an meinen Worker weiter...
GGT(2310_2)@lab24.cpt.haw-hamburg.de 18.06 16:48:11,682| ### vote erhalten! Ich = '2310_2'  Initiator = '245_3') ###
GGT(2310_2)@lab24.cpt.haw-hamburg.de 18.06 16:48:11,682| Leite Anfrage (vote) an den Linken Nachbarn '243_3' weiter (implizites Zustimmen)
GGT(2310_2)@lab24.cpt.haw-hamburg.de 18.06 16:48:11,683| DISPATCHER: Leite Befehl {vote,'245_3'} an meinen Worker weiter...
GGT(2310_2)@lab24.cpt.haw-hamburg.de 18.06 16:48:11,683| ### vote erhalten! Ich = '2310_2'  Initiator = '245_3') ###
GGT(2310_2)@lab24.cpt.haw-hamburg.de 18.06 16:48:11,683| Leite Anfrage (vote) an den Linken Nachbarn '243_3' weiter (implizites Zustimmen)
GGT(2310_2)@lab24.cpt.haw-hamburg.de 18.06 16:48:11,684| DISPATCHER: Leite Befehl {vote,'247_3'} an meinen Worker weiter...
GGT(2310_2)@lab24.cpt.haw-hamburg.de 18.06 16:48:11,685| ### vote erhalten! Ich = '2310_2'  Initiator = '247_3') ###
GGT(2310_2)@lab24.cpt.haw-hamburg.de 18.06 16:48:11,685| Leite Anfrage (vote) an den Linken Nachbarn '243_3' weiter (implizites Zustimmen)
GGT(2310_2)@lab24.cpt.haw-hamburg.de 18.06 16:48:11,685| DISPATCHER: Leite Befehl {vote,'2110_3'} an meinen Worker weiter...
GGT(2310_2)@lab24.cpt.haw-hamburg.de 18.06 16:48:11,686| ### vote erhalten! Ich = '2310_2'  Initiator = '2110_3') ###
GGT(2310_2)@lab24.cpt.haw-hamburg.de 18.06 16:48:11,686| Leite Anfrage (vote) an den Linken Nachbarn '243_3' weiter (implizites Zustimmen)
GGT(2310_2)@lab24.cpt.haw-hamburg.de 18.06 16:48:11,688| DISPATCHER: Leite Befehl {vote,'243_4'} an meinen Worker weiter...
GGT(2310_2)@lab24.cpt.haw-hamburg.de 18.06 16:48:11,689| ### vote erhalten! Ich = '2310_2'  Initiator = '243_4') ###
GGT(2310_2)@lab24.cpt.haw-hamburg.de 18.06 16:48:11,689| Leite Anfrage (vote) an den Linken Nachbarn '243_3' weiter (implizites Zustimmen)
GGT(2310_2)@lab24.cpt.haw-hamburg.de 18.06 16:48:11,690| DISPATCHER: Leite Befehl {vote,'216_1'} an meinen Worker weiter...
GGT(2310_2)@lab24.cpt.haw-hamburg.de 18.06 16:48:11,691| ### vote erhalten! Ich = '2310_2'  Initiator = '216_1') ###
GGT(2310_2)@lab24.cpt.haw-hamburg.de 18.06 16:48:11,691| Leite Anfrage (vote) an den Linken Nachbarn '243_3' weiter (implizites Zustimmen)
GGT(2310_2)@lab24.cpt.haw-hamburg.de 18.06 16:48:11,691| DISPATCHER: Leite Befehl {vote,'243_4'} an meinen Worker weiter...
GGT(2310_2)@lab24.cpt.haw-hamburg.de 18.06 16:48:11,693| ### vote erhalten! Ich = '2310_2'  Initiator = '243_4') ###
GGT(2310_2)@lab24.cpt.haw-hamburg.de 18.06 16:48:11,693| Leite Anfrage (vote) an den Linken Nachbarn '243_3' weiter (implizites Zustimmen)
GGT(2310_2)@lab24.cpt.haw-hamburg.de 18.06 16:48:11,694| DISPATCHER: Leite Befehl {vote,'245_3'} an meinen Worker weiter...
GGT(2310_2)@lab24.cpt.haw-hamburg.de 18.06 16:48:11,694| ### vote erhalten! Ich = '2310_2'  Initiator = '245_3') ###
GGT(2310_2)@lab24.cpt.haw-hamburg.de 18.06 16:48:11,695| Leite Anfrage (vote) an den Linken Nachbarn '243_3' weiter (implizites Zustimmen)
GGT(2310_2)@lab24.cpt.haw-hamburg.de 18.06 16:48:11,696| DISPATCHER: Leite Befehl {vote,'218_1'} an meinen Worker weiter...
GGT(2310_2)@lab24.cpt.haw-hamburg.de 18.06 16:48:11,698| ### vote erhalten! Ich = '2310_2'  Initiator = '218_1') ###
GGT(2310_2)@lab24.cpt.haw-hamburg.de 18.06 16:48:11,698| DISPATCHER: Leite Befehl {vote,'243_4'} an meinen Worker weiter...
GGT(2310_2)@lab24.cpt.haw-hamburg.de 18.06 16:48:11,699| Leite Anfrage (vote) an den Linken Nachbarn '243_3' weiter (implizites Zustimmen)
GGT(2310_2)@lab24.cpt.haw-hamburg.de 18.06 16:48:11,700| ### vote erhalten! Ich = '2310_2'  Initiator = '243_4') ###
GGT(2310_2)@lab24.cpt.haw-hamburg.de 18.06 16:48:11,700| Leite Anfrage (vote) an den Linken Nachbarn '243_3' weiter (implizites Zustimmen)
GGT(2310_2)@lab24.cpt.haw-hamburg.de 18.06 16:48:11,701| DISPATCHER: Leite Befehl {vote,'246_1'} an meinen Worker weiter...
GGT(2310_2)@lab24.cpt.haw-hamburg.de 18.06 16:48:11,703| ### vote erhalten! Ich = '2310_2'  Initiator = '246_1') ###
GGT(2310_2)@lab24.cpt.haw-hamburg.de 18.06 16:48:11,703| Leite Anfrage (vote) an den Linken Nachbarn '243_3' weiter (implizites Zustimmen)
GGT(2310_2)@lab24.cpt.haw-hamburg.de 18.06 16:48:11,703| DISPATCHER: Leite Befehl {vote,'218_1'} an meinen Worker weiter...
GGT(2310_2)@lab24.cpt.haw-hamburg.de 18.06 16:48:11,705| DISPATCHER: Leite Befehl {vote,'246_1'} an meinen Worker weiter...
GGT(2310_2)@lab24.cpt.haw-hamburg.de 18.06 16:48:11,705| ### vote erhalten! Ich = '2310_2'  Initiator = '218_1') ###
GGT(2310_2)@lab24.cpt.haw-hamburg.de 18.06 16:48:11,705| Leite Anfrage (vote) an den Linken Nachbarn '243_3' weiter (implizites Zustimmen)
GGT(2310_2)@lab24.cpt.haw-hamburg.de 18.06 16:48:11,706| ### vote erhalten! Ich = '2310_2'  Initiator = '246_1') ###
GGT(2310_2)@lab24.cpt.haw-hamburg.de 18.06 16:48:11,706| Leite Anfrage (vote) an den Linken Nachbarn '243_3' weiter (implizites Zustimmen)
GGT(2310_2)@lab24.cpt.haw-hamburg.de 18.06 16:48:11,706| DISPATCHER: Leite Befehl {vote,'247_1'} an meinen Worker weiter...
GGT(2310_2)@lab24.cpt.haw-hamburg.de 18.06 16:48:11,707| ### vote erhalten! Ich = '2310_2'  Initiator = '247_1') ###
GGT(2310_2)@lab24.cpt.haw-hamburg.de 18.06 16:48:11,707| Leite Anfrage (vote) an den Linken Nachbarn '243_3' weiter (implizites Zustimmen)
GGT(2310_2)@lab24.cpt.haw-hamburg.de 18.06 16:48:11,712| DISPATCHER: Leite Befehl {vote,'247_3'} an meinen Worker weiter...
GGT(2310_2)@lab24.cpt.haw-hamburg.de 18.06 16:48:11,713| ### vote erhalten! Ich = '2310_2'  Initiator = '247_3') ###
GGT(2310_2)@lab24.cpt.haw-hamburg.de 18.06 16:48:11,713| Leite Anfrage (vote) an den Linken Nachbarn '243_3' weiter (implizites Zustimmen)
GGT(2310_2)@lab24.cpt.haw-hamburg.de 18.06 16:48:11,713| DISPATCHER: Leite Befehl {vote,'246_2'} an meinen Worker weiter...
GGT(2310_2)@lab24.cpt.haw-hamburg.de 18.06 16:48:11,715| ### vote erhalten! Ich = '2310_2'  Initiator = '246_2') ###
GGT(2310_2)@lab24.cpt.haw-hamburg.de 18.06 16:48:11,715| Leite Anfrage (vote) an den Linken Nachbarn '243_3' weiter (implizites Zustimmen)
GGT(2310_2)@lab24.cpt.haw-hamburg.de 18.06 16:48:11,715| DISPATCHER: Leite Befehl {vote,'247_1'} an meinen Worker weiter...
GGT(2310_2)@lab24.cpt.haw-hamburg.de 18.06 16:48:11,716| ### vote erhalten! Ich = '2310_2'  Initiator = '247_1') ###
GGT(2310_2)@lab24.cpt.haw-hamburg.de 18.06 16:48:11,716| Leite Anfrage (vote) an den Linken Nachbarn '243_3' weiter (implizites Zustimmen)
GGT(2310_2)@lab24.cpt.haw-hamburg.de 18.06 16:48:11,716| DISPATCHER: Leite Befehl {vote,'246_1'} an meinen Worker weiter...
GGT(2310_2)@lab24.cpt.haw-hamburg.de 18.06 16:48:11,718| DISPATCHER: Leite Befehl {vote,'247_3'} an meinen Worker weiter...
GGT(2310_2)@lab24.cpt.haw-hamburg.de 18.06 16:48:11,718| ### vote erhalten! Ich = '2310_2'  Initiator = '246_1') ###
GGT(2310_2)@lab24.cpt.haw-hamburg.de 18.06 16:48:11,718| Leite Anfrage (vote) an den Linken Nachbarn '243_3' weiter (implizites Zustimmen)
