

GGT(232_1)@FloUB 18.06 19:27:03,551| ######################## 232_1 Status: SETUP ########################


GGT(232_1)@FloUB 18.06 19:27:03,551| ######################## 232_1 Status: INITIAL ########################
GGT(232_1)@FloUB 18.06 19:27:03,551| REBIND
GGT(232_1)@FloUB 18.06 19:27:03,551| Mit NameService verbunden
GGT(232_1)@FloUB 18.06 19:27:03,551| CHECK_IN
GGT(232_1)@FloUB 18.06 19:27:36,223| Nachbarn wurden mitgeteilt {L: '233_1' | R: '231_1'}


GGT(232_1)@FloUB 18.06 19:27:36,223| ######################## 232_1 Status: PRE_PROCESS ########################
GGT(232_1)@FloUB 18.06 19:27:41,379| DISPATCHER: Leite Befehl {set_pmi,1875900} an meinen Worker weiter...
GGT(232_1)@FloUB 18.06 19:27:41,379| WORKER: Initial Mi wurde mitgeteilt. Mi:1875900


GGT(232_1)@FloUB 18.06 19:27:41,379| ######################## 232_1 Status: PROCESS ########################
GGT(232_1)@FloUB 18.06 19:27:43,410| DISPATCHER: Leite Befehl {send,2100} an meinen Worker weiter...
GGT(232_1)@FloUB 18.06 19:27:43,410| Send erhalten Y:2100
GGT(232_1)@FloUB 18.06 19:27:43,410| ALGO: ((1875900 -1) mod 2100) +1     --    (TTW: 2 Sekunden)
GGT(232_1)@FloUB 18.06 19:27:45,426| informiere (brief_mi) Koordinator coordinator ueber neuen Mi:600
GGT(232_1)@FloUB 18.06 19:27:45,426| Sende (send) Nachbarn '233_1' und '231_1' neuen Mi:600
GGT(232_1)@FloUB 18.06 19:27:45,426| DISPATCHER: Leite Befehl {send,1700} an meinen Worker weiter...
GGT(232_1)@FloUB 18.06 19:27:45,441| Send erhalten Y:1700
GGT(232_1)@FloUB 18.06 19:27:45,441| ALGO: ((600 -1) mod 1700) +1     --    (TTW: 2 Sekunden)
GGT(232_1)@FloUB 18.06 19:27:47,441| DISPATCHER: Leite Befehl {send,400} an meinen Worker weiter...
GGT(232_1)@FloUB 18.06 19:27:47,457| Mi NICHT geaendert! (ist und bleibt: 600)
GGT(232_1)@FloUB 18.06 19:27:47,457| Send erhalten Y:400
GGT(232_1)@FloUB 18.06 19:27:47,457| ALGO: ((600 -1) mod 400) +1     --    (TTW: 2 Sekunden)
GGT(232_1)@FloUB 18.06 19:27:47,457| DISPATCHER: Leite Befehl {send,500} an meinen Worker weiter...
GGT(232_1)@FloUB 18.06 19:27:49,473| informiere (brief_mi) Koordinator coordinator ueber neuen Mi:200
GGT(232_1)@FloUB 18.06 19:27:49,473| Sende (send) Nachbarn '233_1' und '231_1' neuen Mi:200
GGT(232_1)@FloUB 18.06 19:27:49,488| Send erhalten Y:500
GGT(232_1)@FloUB 18.06 19:27:49,488| DISPATCHER: Leite Befehl {send,100} an meinen Worker weiter...
GGT(232_1)@FloUB 18.06 19:27:49,488| ALGO: ((200 -1) mod 500) +1     --    (TTW: 2 Sekunden)
GGT(232_1)@FloUB 18.06 19:27:51,504| Mi NICHT geaendert! (ist und bleibt: 200)
GGT(232_1)@FloUB 18.06 19:27:51,504| Send erhalten Y:100
GGT(232_1)@FloUB 18.06 19:27:51,504| ALGO: ((200 -1) mod 100) +1     --    (TTW: 2 Sekunden)
GGT(232_1)@FloUB 18.06 19:27:53,488| DISPATCHER: Leite Befehl {send,100} an meinen Worker weiter...
GGT(232_1)@FloUB 18.06 19:27:53,519| informiere (brief_mi) Koordinator coordinator ueber neuen Mi:100
GGT(232_1)@FloUB 18.06 19:27:53,519| Sende (send) Nachbarn '233_1' und '231_1' neuen Mi:100
GGT(232_1)@FloUB 18.06 19:27:53,519| Send erhalten Y:100
GGT(232_1)@FloUB 18.06 19:27:53,519| ALGO: ((100 -1) mod 100) +1     --    (TTW: 2 Sekunden)
GGT(232_1)@FloUB 18.06 19:27:55,535| Mi NICHT geaendert! (ist und bleibt: 100)
GGT(232_1)@FloUB 18.06 19:27:58,551| TTT Timer ist abgelaufen. Informiere meine linken Nachbarn ('233_1') ueber vote
GGT(232_1)@FloUB 18.06 19:27:58,551| DISPATCHER: Leite Befehl {vote,'232_1'} an meinen Worker weiter...
GGT(232_1)@FloUB 18.06 19:27:58,551| ### vote erhalten! Ich = '232_1'  Initiator = '232_1') ###
GGT(232_1)@FloUB 18.06 19:27:58,551| Abstimmung erfolgreich! informiere (brief_term) Koordinator coordinator ueber errechneten GGT:100
GGT(232_1)@FloUB 18.06 19:27:58,551| Abstimmung erfolgreich! Zaehle meine 'erfolgreich gemeldeten Terminierungsmeldungen hoch' Wert jetzt: 1
GGT(232_1)@FloUB 18.06 19:28:12,754| DISPATCHER: Leite Befehl {set_pmi,3776342493495} an meinen Worker weiter...
GGT(232_1)@FloUB 18.06 19:28:12,769| WORKER>>>>>>>>>>>: das Komando {set_pmi,3776342493495} ist unbekannt!!! 
GGT(232_1)@FloUB 18.06 19:28:17,801| DISPATCHER: Leite Befehl {vote,'231_1'} an meinen Worker weiter...
GGT(232_1)@FloUB 18.06 19:28:17,801| ### vote erhalten! Ich = '232_1'  Initiator = '231_1') ###
GGT(232_1)@FloUB 18.06 19:28:17,801| Leite Anfrage (vote) an den Linken Nachbarn '233_1' weiter (implizites Zustimmen)
GGT(232_1)@FloUB 18.06 19:28:17,801| DISPATCHER: Leite Befehl {vote,'233_1'} an meinen Worker weiter...
GGT(232_1)@FloUB 18.06 19:28:17,816| ### vote erhalten! Ich = '232_1'  Initiator = '233_1') ###
GGT(232_1)@FloUB 18.06 19:28:17,816| Leite Anfrage (vote) an den Linken Nachbarn '233_1' weiter (implizites Zustimmen)
