

GGT(238_1)@FloUB 17.06 21:26:21,814| ######################## 238_1 Status: SETUP ########################


GGT(238_1)@FloUB 17.06 21:26:21,814| ######################## 238_1 Status: INITIAL ########################
GGT(238_1)@FloUB 17.06 21:26:21,814| REBIND
GGT(238_1)@FloUB 17.06 21:26:21,814| CHECK_IN
GGT(238_1)@FloUB 17.06 21:26:58,924| Nachbarn wurden mitgeteilt {L: '2310_1' | R: '233_2'}
GGT(238_1)@FloUB 17.06 21:26:58,924| DISPATCHER: Leite Befehl {rebind_res,ok} an meinen Worker weiter...


GGT(238_1)@FloUB 17.06 21:26:58,924| ######################## 238_1 Status: PRE_PROCESS ########################
GGT(238_1)@FloUB 17.06 21:27:03,908| DISPATCHER: Leite Befehl {set_pmi,12595225500} an meinen Worker weiter...
GGT(238_1)@FloUB 17.06 21:27:03,923| Initial Mi wurde mitgeteilt. Mi:12595225500


GGT(238_1)@FloUB 17.06 21:27:03,924| ######################## 238_1 Status: PROCESS ########################
GGT(238_1)@FloUB 17.06 21:27:18,877| DISPATCHER: Leite Befehl {vote,'233_2'} an meinen Worker weiter...
GGT(238_1)@FloUB 17.06 21:27:18,892| ### vote erhalten! Ich = '238_1'  Initiator = '233_2') ###
GGT(238_1)@FloUB 17.06 21:27:18,892| Leite Anfrage (vote) an den Linken Nachbarn '2310_1' weiter (implizites Zustimmen)
GGT(238_1)@FloUB 17.06 21:27:18,892| DISPATCHER: Leite Befehl {vote,'232_2'} an meinen Worker weiter...
GGT(238_1)@FloUB 17.06 21:27:18,907| ### vote erhalten! Ich = '238_1'  Initiator = '232_2') ###
GGT(238_1)@FloUB 17.06 21:27:18,908| Leite Anfrage (vote) an den Linken Nachbarn '2310_1' weiter (implizites Zustimmen)
GGT(238_1)@FloUB 17.06 21:27:18,908| DISPATCHER: Leite Befehl {vote,'231_2'} an meinen Worker weiter...
GGT(238_1)@FloUB 17.06 21:27:18,908| ### vote erhalten! Ich = '238_1'  Initiator = '231_2') ###
GGT(238_1)@FloUB 17.06 21:27:18,908| DISPATCHER: Leite Befehl {vote,'231_1'} an meinen Worker weiter...
GGT(238_1)@FloUB 17.06 21:27:18,923| Leite Anfrage (vote) an den Linken Nachbarn '2310_1' weiter (implizites Zustimmen)
GGT(238_1)@FloUB 17.06 21:27:18,924| ### vote erhalten! Ich = '238_1'  Initiator = '231_1') ###
GGT(238_1)@FloUB 17.06 21:27:18,924| Leite Anfrage (vote) an den Linken Nachbarn '2310_1' weiter (implizites Zustimmen)
GGT(238_1)@FloUB 17.06 21:27:18,939| DISPATCHER: Leite Befehl {vote,'2310_2'} an meinen Worker weiter...
GGT(238_1)@FloUB 17.06 21:27:18,939| ### vote erhalten! Ich = '238_1'  Initiator = '2310_2') ###
GGT(238_1)@FloUB 17.06 21:27:18,939| Leite Anfrage (vote) an den Linken Nachbarn '2310_1' weiter (implizites Zustimmen)
GGT(238_1)@FloUB 17.06 21:27:18,986| DISPATCHER: Leite Befehl {vote,'235_1'} an meinen Worker weiter...
GGT(238_1)@FloUB 17.06 21:27:18,986| ### vote erhalten! Ich = '238_1'  Initiator = '235_1') ###
GGT(238_1)@FloUB 17.06 21:27:18,986| Leite Anfrage (vote) an den Linken Nachbarn '2310_1' weiter (implizites Zustimmen)
GGT(238_1)@FloUB 17.06 21:27:19,033| DISPATCHER: Leite Befehl {vote,'232_1'} an meinen Worker weiter...
GGT(238_1)@FloUB 17.06 21:27:19,033| ### vote erhalten! Ich = '238_1'  Initiator = '232_1') ###
GGT(238_1)@FloUB 17.06 21:27:19,033| Leite Anfrage (vote) an den Linken Nachbarn '2310_1' weiter (implizites Zustimmen)
GGT(238_1)@FloUB 17.06 21:27:19,048| DISPATCHER: Leite Befehl {vote,'236_1'} an meinen Worker weiter...
GGT(238_1)@FloUB 17.06 21:27:19,049| ### vote erhalten! Ich = '238_1'  Initiator = '236_1') ###
GGT(238_1)@FloUB 17.06 21:27:19,049| Leite Anfrage (vote) an den Linken Nachbarn '2310_1' weiter (implizites Zustimmen)
GGT(238_1)@FloUB 17.06 21:27:24,080| DISPATCHER: Leite Befehl {vote,'234_2'} an meinen Worker weiter...
GGT(238_1)@FloUB 17.06 21:27:24,080| ### vote erhalten! Ich = '238_1'  Initiator = '234_2') ###
GGT(238_1)@FloUB 17.06 21:27:24,080| Leite Anfrage (vote) an den Linken Nachbarn '2310_1' weiter (implizites Zustimmen)
GGT(238_1)@FloUB 17.06 21:27:34,111| DISPATCHER: Leite Befehl {send,47230500} an meinen Worker weiter...
GGT(238_1)@FloUB 17.06 21:27:34,111| Send erhalten Y:47230500
GGT(238_1)@FloUB 17.06 21:27:34,111| ALGO: ((12595225500 -1) mod 47230500) +1     --    (TTW: 5 Sekunden)
GGT(238_1)@FloUB 17.06 21:27:39,127| informiere (brief_mi) Koordinator coordinatorFM ueber neuen Mi:31912500
GGT(238_1)@FloUB 17.06 21:27:39,127| Sende (send) Nachbarn '2310_1' und '233_2' neuen Mi:31912500
GGT(238_1)@FloUB 17.06 21:27:44,158| DISPATCHER: Leite Befehl {send,30532500} an meinen Worker weiter...
GGT(238_1)@FloUB 17.06 21:27:44,158| Send erhalten Y:30532500
GGT(238_1)@FloUB 17.06 21:27:44,158| ALGO: ((31912500 -1) mod 30532500) +1     --    (TTW: 5 Sekunden)
GGT(238_1)@FloUB 17.06 21:27:44,174| DISPATCHER: Leite Befehl {send,15318000} an meinen Worker weiter...
GGT(238_1)@FloUB 17.06 21:27:49,174| informiere (brief_mi) Koordinator coordinatorFM ueber neuen Mi:1380000
GGT(238_1)@FloUB 17.06 21:27:49,174| Sende (send) Nachbarn '2310_1' und '233_2' neuen Mi:1380000
GGT(238_1)@FloUB 17.06 21:27:49,174| Send erhalten Y:15318000
GGT(238_1)@FloUB 17.06 21:27:49,174| ALGO: ((1380000 -1) mod 15318000) +1     --    (TTW: 5 Sekunden)
GGT(238_1)@FloUB 17.06 21:27:54,189| Mi NICHT geaendert! (ist und bleibt: 1380000)
GGT(238_1)@FloUB 17.06 21:27:54,189| DISPATCHER: Leite Befehl {send,138000} an meinen Worker weiter...
GGT(238_1)@FloUB 17.06 21:27:54,189| Send erhalten Y:138000
GGT(238_1)@FloUB 17.06 21:27:54,189| ALGO: ((1380000 -1) mod 138000) +1     --    (TTW: 5 Sekunden)
GGT(238_1)@FloUB 17.06 21:27:54,205| DISPATCHER: Leite Befehl {send,172500} an meinen Worker weiter...
GGT(238_1)@FloUB 17.06 21:27:59,205| informiere (brief_mi) Koordinator coordinatorFM ueber neuen Mi:138000
GGT(238_1)@FloUB 17.06 21:27:59,205| Sende (send) Nachbarn '2310_1' und '233_2' neuen Mi:138000
GGT(238_1)@FloUB 17.06 21:27:59,205| Send erhalten Y:172500
GGT(238_1)@FloUB 17.06 21:27:59,205| ALGO: ((138000 -1) mod 172500) +1     --    (TTW: 5 Sekunden)
GGT(238_1)@FloUB 17.06 21:28:04,221| Mi NICHT geaendert! (ist und bleibt: 138000)
GGT(238_1)@FloUB 17.06 21:28:04,267| DISPATCHER: Leite Befehl {send,34500} an meinen Worker weiter...
GGT(238_1)@FloUB 17.06 21:28:04,267| Send erhalten Y:34500
GGT(238_1)@FloUB 17.06 21:28:04,267| ALGO: ((138000 -1) mod 34500) +1     --    (TTW: 5 Sekunden)
GGT(238_1)@FloUB 17.06 21:28:09,236| DISPATCHER: Leite Befehl {send,34500} an meinen Worker weiter...
GGT(238_1)@FloUB 17.06 21:28:09,283| informiere (brief_mi) Koordinator coordinatorFM ueber neuen Mi:34500
GGT(238_1)@FloUB 17.06 21:28:09,283| Sende (send) Nachbarn '2310_1' und '233_2' neuen Mi:34500
GGT(238_1)@FloUB 17.06 21:28:09,299| Send erhalten Y:34500
GGT(238_1)@FloUB 17.06 21:28:09,299| ALGO: ((34500 -1) mod 34500) +1     --    (TTW: 5 Sekunden)
GGT(238_1)@FloUB 17.06 21:28:14,314| Mi NICHT geaendert! (ist und bleibt: 34500)
GGT(238_1)@FloUB 17.06 21:28:24,330| DISPATCHER: Leite Befehl {send,6900} an meinen Worker weiter...
GGT(238_1)@FloUB 17.06 21:28:24,330| Send erhalten Y:6900
GGT(238_1)@FloUB 17.06 21:28:24,330| ALGO: ((34500 -1) mod 6900) +1     --    (TTW: 5 Sekunden)
GGT(238_1)@FloUB 17.06 21:28:29,346| informiere (brief_mi) Koordinator coordinatorFM ueber neuen Mi:6900
GGT(238_1)@FloUB 17.06 21:28:29,346| Sende (send) Nachbarn '2310_1' und '233_2' neuen Mi:6900
GGT(238_1)@FloUB 17.06 21:28:29,361| TTT Timer ist abgelaufen. Informiere meine linken Nachbarn ('2310_1') ueber vote
GGT(238_1)@FloUB 17.06 21:28:34,392| DISPATCHER: Leite Befehl {send,6900} an meinen Worker weiter...
GGT(238_1)@FloUB 17.06 21:28:34,392| Send erhalten Y:6900
GGT(238_1)@FloUB 17.06 21:28:34,392| ALGO: ((6900 -1) mod 6900) +1     --    (TTW: 5 Sekunden)
GGT(238_1)@FloUB 17.06 21:28:39,392| DISPATCHER: Leite Befehl {send,300} an meinen Worker weiter...
GGT(238_1)@FloUB 17.06 21:28:39,408| Mi NICHT geaendert! (ist und bleibt: 6900)
GGT(238_1)@FloUB 17.06 21:28:39,408| Send erhalten Y:300
GGT(238_1)@FloUB 17.06 21:28:39,408| ALGO: ((6900 -1) mod 300) +1     --    (TTW: 5 Sekunden)
GGT(238_1)@FloUB 17.06 21:28:39,408| DISPATCHER: Leite Befehl {vote,'232_2'} an meinen Worker weiter...
GGT(238_1)@FloUB 17.06 21:28:44,424| informiere (brief_mi) Koordinator coordinatorFM ueber neuen Mi:300
GGT(238_1)@FloUB 17.06 21:28:44,424| Sende (send) Nachbarn '2310_1' und '233_2' neuen Mi:300
GGT(238_1)@FloUB 17.06 21:28:44,424| DISPATCHER: Leite Befehl {send,300} an meinen Worker weiter...
GGT(238_1)@FloUB 17.06 21:28:44,424| ### vote erhalten! Ich = '238_1'  Initiator = '232_2') ###
GGT(238_1)@FloUB 17.06 21:28:44,439| implizit abgelehnt
GGT(238_1)@FloUB 17.06 21:28:44,439| Send erhalten Y:300
GGT(238_1)@FloUB 17.06 21:28:44,439| ALGO: ((300 -1) mod 300) +1     --    (TTW: 5 Sekunden)
GGT(238_1)@FloUB 17.06 21:28:49,455| Mi NICHT geaendert! (ist und bleibt: 300)
GGT(238_1)@FloUB 17.06 21:28:54,533| DISPATCHER: Leite Befehl {vote,'233_1'} an meinen Worker weiter...
GGT(238_1)@FloUB 17.06 21:28:54,533| ### vote erhalten! Ich = '238_1'  Initiator = '233_1') ###
GGT(238_1)@FloUB 17.06 21:28:54,533| Leite Anfrage (vote) an den Linken Nachbarn '2310_1' weiter (implizites Zustimmen)
GGT(238_1)@FloUB 17.06 21:28:54,533| DISPATCHER: Leite Befehl {vote,'236_1'} an meinen Worker weiter...
GGT(238_1)@FloUB 17.06 21:28:54,548| ### vote erhalten! Ich = '238_1'  Initiator = '236_1') ###
GGT(238_1)@FloUB 17.06 21:28:54,549| Leite Anfrage (vote) an den Linken Nachbarn '2310_1' weiter (implizites Zustimmen)


GGT(238_1)@FloUB 17.06 21:31:45,111| ######################## 238_1 Status: KILLED :( ########################
