

GGT(237_2)@lab24.cpt.haw-hamburg.de 18.06 16:45:30,114| ######################## 237_2 Status: SETUP ########################


GGT(237_2)@lab24.cpt.haw-hamburg.de 18.06 16:45:30,114| ######################## 237_2 Status: INITIAL ########################
GGT(237_2)@lab24.cpt.haw-hamburg.de 18.06 16:45:30,114| REBIND
GGT(237_2)@lab24.cpt.haw-hamburg.de 18.06 16:45:30,114| CHECK_IN
GGT(237_2)@lab24.cpt.haw-hamburg.de 18.06 16:46:35,794| Nachbarn wurden mitgeteilt {L: '2310_2' | R: '215_2'}
GGT(237_2)@lab24.cpt.haw-hamburg.de 18.06 16:46:35,795| DISPATCHER: Leite Befehl {rebind_res,ok} an meinen Worker weiter...


GGT(237_2)@lab24.cpt.haw-hamburg.de 18.06 16:46:35,795| ######################## 237_2 Status: PRE_PROCESS ########################
GGT(237_2)@lab24.cpt.haw-hamburg.de 18.06 16:46:53,437| DISPATCHER: Leite Befehl {set_pmi,82824500} an meinen Worker weiter...
GGT(237_2)@lab24.cpt.haw-hamburg.de 18.06 16:46:53,437| Initial Mi wurde mitgeteilt. Mi:82824500


GGT(237_2)@lab24.cpt.haw-hamburg.de 18.06 16:46:53,437| ######################## 237_2 Status: PROCESS ########################
GGT(237_2)@lab24.cpt.haw-hamburg.de 18.06 16:46:56,430| DISPATCHER: Leite Befehl {vote,'215_2'} an meinen Worker weiter...
GGT(237_2)@lab24.cpt.haw-hamburg.de 18.06 16:46:56,431| ### vote erhalten! Ich = '237_2'  Initiator = '215_2') ###
GGT(237_2)@lab24.cpt.haw-hamburg.de 18.06 16:46:56,431| Leite Anfrage (vote) an den Linken Nachbarn '2310_2' weiter (implizites Zustimmen)
GGT(237_2)@lab24.cpt.haw-hamburg.de 18.06 16:46:56,445| DISPATCHER: Leite Befehl {vote,'243_2'} an meinen Worker weiter...
GGT(237_2)@lab24.cpt.haw-hamburg.de 18.06 16:46:56,445| ### vote erhalten! Ich = '237_2'  Initiator = '243_2') ###
GGT(237_2)@lab24.cpt.haw-hamburg.de 18.06 16:46:56,445| Leite Anfrage (vote) an den Linken Nachbarn '2310_2' weiter (implizites Zustimmen)
GGT(237_2)@lab24.cpt.haw-hamburg.de 18.06 16:46:56,448| DISPATCHER: Leite Befehl {vote,'244_4'} an meinen Worker weiter...
GGT(237_2)@lab24.cpt.haw-hamburg.de 18.06 16:46:56,448| DISPATCHER: Leite Befehl {vote,'246_4'} an meinen Worker weiter...
GGT(237_2)@lab24.cpt.haw-hamburg.de 18.06 16:46:56,449| ### vote erhalten! Ich = '237_2'  Initiator = '244_4') ###
GGT(237_2)@lab24.cpt.haw-hamburg.de 18.06 16:46:56,449| Leite Anfrage (vote) an den Linken Nachbarn '2310_2' weiter (implizites Zustimmen)
GGT(237_2)@lab24.cpt.haw-hamburg.de 18.06 16:46:56,451| ### vote erhalten! Ich = '237_2'  Initiator = '246_4') ###
GGT(237_2)@lab24.cpt.haw-hamburg.de 18.06 16:46:56,451| Leite Anfrage (vote) an den Linken Nachbarn '2310_2' weiter (implizites Zustimmen)
GGT(237_2)@lab24.cpt.haw-hamburg.de 18.06 16:46:59,454| DISPATCHER: Leite Befehl {vote,'213_1'} an meinen Worker weiter...
GGT(237_2)@lab24.cpt.haw-hamburg.de 18.06 16:46:59,454| ### vote erhalten! Ich = '237_2'  Initiator = '213_1') ###
GGT(237_2)@lab24.cpt.haw-hamburg.de 18.06 16:46:59,454| Leite Anfrage (vote) an den Linken Nachbarn '2310_2' weiter (implizites Zustimmen)
GGT(237_2)@lab24.cpt.haw-hamburg.de 18.06 16:47:02,455| DISPATCHER: Leite Befehl {vote,'243_2'} an meinen Worker weiter...
GGT(237_2)@lab24.cpt.haw-hamburg.de 18.06 16:47:02,457| ### vote erhalten! Ich = '237_2'  Initiator = '243_2') ###
GGT(237_2)@lab24.cpt.haw-hamburg.de 18.06 16:47:02,457| Leite Anfrage (vote) an den Linken Nachbarn '2310_2' weiter (implizites Zustimmen)
GGT(237_2)@lab24.cpt.haw-hamburg.de 18.06 16:47:14,462| DISPATCHER: Leite Befehl {send,19800} an meinen Worker weiter...
GGT(237_2)@lab24.cpt.haw-hamburg.de 18.06 16:47:14,462| Send erhalten Y:19800
GGT(237_2)@lab24.cpt.haw-hamburg.de 18.06 16:47:14,462| ALGO: ((82824500 -1) mod 19800) +1     --    (TTW: 3 Sekunden)
GGT(237_2)@lab24.cpt.haw-hamburg.de 18.06 16:47:17,463| DISPATCHER: Leite Befehl {vote,'215_2'} an meinen Worker weiter...
GGT(237_2)@lab24.cpt.haw-hamburg.de 18.06 16:47:17,464| informiere (brief_mi) Koordinator coordinator ueber neuen Mi:1100
GGT(237_2)@lab24.cpt.haw-hamburg.de 18.06 16:47:17,465| Sende (send) Nachbarn '2310_2' und '215_2' neuen Mi:1100
GGT(237_2)@lab24.cpt.haw-hamburg.de 18.06 16:47:17,466| ### vote erhalten! Ich = '237_2'  Initiator = '215_2') ###
GGT(237_2)@lab24.cpt.haw-hamburg.de 18.06 16:47:17,466| Leite Anfrage (vote) an den Linken Nachbarn '2310_2' weiter (implizites Zustimmen)
GGT(237_2)@lab24.cpt.haw-hamburg.de 18.06 16:47:20,466| DISPATCHER: Leite Befehl {send,1100} an meinen Worker weiter...
GGT(237_2)@lab24.cpt.haw-hamburg.de 18.06 16:47:20,466| Send erhalten Y:1100
GGT(237_2)@lab24.cpt.haw-hamburg.de 18.06 16:47:20,466| ALGO: ((1100 -1) mod 1100) +1     --    (TTW: 3 Sekunden)
GGT(237_2)@lab24.cpt.haw-hamburg.de 18.06 16:47:20,468| DISPATCHER: Leite Befehl {send,600} an meinen Worker weiter...
GGT(237_2)@lab24.cpt.haw-hamburg.de 18.06 16:47:23,467| DISPATCHER: Leite Befehl {vote,'215_2'} an meinen Worker weiter...
GGT(237_2)@lab24.cpt.haw-hamburg.de 18.06 16:47:23,467| Mi NICHT geaendert! (ist und bleibt: 1100)
GGT(237_2)@lab24.cpt.haw-hamburg.de 18.06 16:47:23,467| Send erhalten Y:600
GGT(237_2)@lab24.cpt.haw-hamburg.de 18.06 16:47:23,467| ALGO: ((1100 -1) mod 600) +1     --    (TTW: 3 Sekunden)
GGT(237_2)@lab24.cpt.haw-hamburg.de 18.06 16:47:23,471| DISPATCHER: Leite Befehl {vote,'246_4'} an meinen Worker weiter...
GGT(237_2)@lab24.cpt.haw-hamburg.de 18.06 16:47:23,472| DISPATCHER: Leite Befehl {vote,'244_4'} an meinen Worker weiter...
GGT(237_2)@lab24.cpt.haw-hamburg.de 18.06 16:47:26,468| informiere (brief_mi) Koordinator coordinator ueber neuen Mi:500
GGT(237_2)@lab24.cpt.haw-hamburg.de 18.06 16:47:26,469| Sende (send) Nachbarn '2310_2' und '215_2' neuen Mi:500
GGT(237_2)@lab24.cpt.haw-hamburg.de 18.06 16:47:26,470| ### vote erhalten! Ich = '237_2'  Initiator = '215_2') ###
GGT(237_2)@lab24.cpt.haw-hamburg.de 18.06 16:47:26,470| Leite Anfrage (vote) an den Linken Nachbarn '2310_2' weiter (implizites Zustimmen)
GGT(237_2)@lab24.cpt.haw-hamburg.de 18.06 16:47:26,470| ### vote erhalten! Ich = '237_2'  Initiator = '246_4') ###
GGT(237_2)@lab24.cpt.haw-hamburg.de 18.06 16:47:26,471| Leite Anfrage (vote) an den Linken Nachbarn '2310_2' weiter (implizites Zustimmen)
GGT(237_2)@lab24.cpt.haw-hamburg.de 18.06 16:47:26,471| ### vote erhalten! Ich = '237_2'  Initiator = '244_4') ###
GGT(237_2)@lab24.cpt.haw-hamburg.de 18.06 16:47:26,472| Leite Anfrage (vote) an den Linken Nachbarn '2310_2' weiter (implizites Zustimmen)
GGT(237_2)@lab24.cpt.haw-hamburg.de 18.06 16:47:26,473| DISPATCHER: Leite Befehl {send,300} an meinen Worker weiter...
GGT(237_2)@lab24.cpt.haw-hamburg.de 18.06 16:47:26,473| Send erhalten Y:300
GGT(237_2)@lab24.cpt.haw-hamburg.de 18.06 16:47:26,473| ALGO: ((500 -1) mod 300) +1     --    (TTW: 3 Sekunden)
GGT(237_2)@lab24.cpt.haw-hamburg.de 18.06 16:47:29,470| DISPATCHER: Leite Befehl {send,100} an meinen Worker weiter...
GGT(237_2)@lab24.cpt.haw-hamburg.de 18.06 16:47:29,474| informiere (brief_mi) Koordinator coordinator ueber neuen Mi:200
GGT(237_2)@lab24.cpt.haw-hamburg.de 18.06 16:47:29,475| Sende (send) Nachbarn '2310_2' und '215_2' neuen Mi:200
GGT(237_2)@lab24.cpt.haw-hamburg.de 18.06 16:47:29,476| Send erhalten Y:100
GGT(237_2)@lab24.cpt.haw-hamburg.de 18.06 16:47:29,476| ALGO: ((200 -1) mod 100) +1     --    (TTW: 3 Sekunden)
GGT(237_2)@lab24.cpt.haw-hamburg.de 18.06 16:47:32,476| DISPATCHER: Leite Befehl {vote,'215_2'} an meinen Worker weiter...
GGT(237_2)@lab24.cpt.haw-hamburg.de 18.06 16:47:32,477| informiere (brief_mi) Koordinator coordinator ueber neuen Mi:100
GGT(237_2)@lab24.cpt.haw-hamburg.de 18.06 16:47:32,479| DISPATCHER: Leite Befehl {vote,'244_4'} an meinen Worker weiter...
GGT(237_2)@lab24.cpt.haw-hamburg.de 18.06 16:47:32,479| DISPATCHER: Leite Befehl {vote,'244_4'} an meinen Worker weiter...
GGT(237_2)@lab24.cpt.haw-hamburg.de 18.06 16:47:32,479| Sende (send) Nachbarn '2310_2' und '215_2' neuen Mi:100
GGT(237_2)@lab24.cpt.haw-hamburg.de 18.06 16:47:32,479| DISPATCHER: Leite Befehl {vote,'246_4'} an meinen Worker weiter...
GGT(237_2)@lab24.cpt.haw-hamburg.de 18.06 16:47:32,480| DISPATCHER: Leite Befehl {vote,'244_4'} an meinen Worker weiter...
GGT(237_2)@lab24.cpt.haw-hamburg.de 18.06 16:47:32,482| TTT Timer ist abgelaufen. Informiere meine linken Nachbarn ('2310_2') ueber vote
GGT(237_2)@lab24.cpt.haw-hamburg.de 18.06 16:47:32,483| ### vote erhalten! Ich = '237_2'  Initiator = '215_2') ###
GGT(237_2)@lab24.cpt.haw-hamburg.de 18.06 16:47:32,483| Leite Anfrage (vote) an den Linken Nachbarn '2310_2' weiter (implizites Zustimmen)
GGT(237_2)@lab24.cpt.haw-hamburg.de 18.06 16:47:32,485| ### vote erhalten! Ich = '237_2'  Initiator = '244_4') ###
GGT(237_2)@lab24.cpt.haw-hamburg.de 18.06 16:47:32,485| Leite Anfrage (vote) an den Linken Nachbarn '2310_2' weiter (implizites Zustimmen)
GGT(237_2)@lab24.cpt.haw-hamburg.de 18.06 16:47:32,486| ### vote erhalten! Ich = '237_2'  Initiator = '244_4') ###
GGT(237_2)@lab24.cpt.haw-hamburg.de 18.06 16:47:32,486| Leite Anfrage (vote) an den Linken Nachbarn '2310_2' weiter (implizites Zustimmen)
GGT(237_2)@lab24.cpt.haw-hamburg.de 18.06 16:47:32,487| ### vote erhalten! Ich = '237_2'  Initiator = '246_4') ###
GGT(237_2)@lab24.cpt.haw-hamburg.de 18.06 16:47:32,487| Leite Anfrage (vote) an den Linken Nachbarn '2310_2' weiter (implizites Zustimmen)
GGT(237_2)@lab24.cpt.haw-hamburg.de 18.06 16:47:32,488| ### vote erhalten! Ich = '237_2'  Initiator = '244_4') ###
GGT(237_2)@lab24.cpt.haw-hamburg.de 18.06 16:47:32,488| Leite Anfrage (vote) an den Linken Nachbarn '2310_2' weiter (implizites Zustimmen)
GGT(237_2)@lab24.cpt.haw-hamburg.de 18.06 16:47:35,484| DISPATCHER: Leite Befehl {vote,'215_2'} an meinen Worker weiter...
GGT(237_2)@lab24.cpt.haw-hamburg.de 18.06 16:47:35,484| ### vote erhalten! Ich = '237_2'  Initiator = '215_2') ###
GGT(237_2)@lab24.cpt.haw-hamburg.de 18.06 16:47:35,484| Leite Anfrage (vote) an den Linken Nachbarn '2310_2' weiter (implizites Zustimmen)
GGT(237_2)@lab24.cpt.haw-hamburg.de 18.06 16:47:35,486| DISPATCHER: Leite Befehl {send,100} an meinen Worker weiter...
GGT(237_2)@lab24.cpt.haw-hamburg.de 18.06 16:47:35,486| Send erhalten Y:100
GGT(237_2)@lab24.cpt.haw-hamburg.de 18.06 16:47:35,486| ALGO: ((100 -1) mod 100) +1     --    (TTW: 3 Sekunden)
GGT(237_2)@lab24.cpt.haw-hamburg.de 18.06 16:47:35,489| DISPATCHER: Leite Befehl {vote,'244_4'} an meinen Worker weiter...
GGT(237_2)@lab24.cpt.haw-hamburg.de 18.06 16:47:35,490| DISPATCHER: Leite Befehl {vote,'243_2'} an meinen Worker weiter...
GGT(237_2)@lab24.cpt.haw-hamburg.de 18.06 16:47:35,490| DISPATCHER: Leite Befehl {vote,'246_4'} an meinen Worker weiter...
GGT(237_2)@lab24.cpt.haw-hamburg.de 18.06 16:47:35,491| DISPATCHER: Leite Befehl {vote,'244_4'} an meinen Worker weiter...
GGT(237_2)@lab24.cpt.haw-hamburg.de 18.06 16:47:38,487| Mi NICHT geaendert! (ist und bleibt: 100)
GGT(237_2)@lab24.cpt.haw-hamburg.de 18.06 16:47:38,487| ### vote erhalten! Ich = '237_2'  Initiator = '244_4') ###
GGT(237_2)@lab24.cpt.haw-hamburg.de 18.06 16:47:38,488| implizit abgelehnt
GGT(237_2)@lab24.cpt.haw-hamburg.de 18.06 16:47:38,488| ### vote erhalten! Ich = '237_2'  Initiator = '243_2') ###
GGT(237_2)@lab24.cpt.haw-hamburg.de 18.06 16:47:38,488| implizit abgelehnt
GGT(237_2)@lab24.cpt.haw-hamburg.de 18.06 16:47:38,489| ### vote erhalten! Ich = '237_2'  Initiator = '246_4') ###
GGT(237_2)@lab24.cpt.haw-hamburg.de 18.06 16:47:38,489| Leite Anfrage (vote) an den Linken Nachbarn '2310_2' weiter (implizites Zustimmen)
GGT(237_2)@lab24.cpt.haw-hamburg.de 18.06 16:47:38,490| ### vote erhalten! Ich = '237_2'  Initiator = '244_4') ###
GGT(237_2)@lab24.cpt.haw-hamburg.de 18.06 16:47:38,490| Leite Anfrage (vote) an den Linken Nachbarn '2310_2' weiter (implizites Zustimmen)
GGT(237_2)@lab24.cpt.haw-hamburg.de 18.06 16:47:41,494| DISPATCHER: Leite Befehl {vote,'244_4'} an meinen Worker weiter...
GGT(237_2)@lab24.cpt.haw-hamburg.de 18.06 16:47:41,495| DISPATCHER: Leite Befehl {vote,'246_4'} an meinen Worker weiter...
GGT(237_2)@lab24.cpt.haw-hamburg.de 18.06 16:47:41,495| ### vote erhalten! Ich = '237_2'  Initiator = '244_4') ###
GGT(237_2)@lab24.cpt.haw-hamburg.de 18.06 16:47:41,495| Leite Anfrage (vote) an den Linken Nachbarn '2310_2' weiter (implizites Zustimmen)
GGT(237_2)@lab24.cpt.haw-hamburg.de 18.06 16:47:41,495| DISPATCHER: Leite Befehl {vote,'246_4'} an meinen Worker weiter...
GGT(237_2)@lab24.cpt.haw-hamburg.de 18.06 16:47:41,496| DISPATCHER: Leite Befehl {vote,'244_4'} an meinen Worker weiter...
GGT(237_2)@lab24.cpt.haw-hamburg.de 18.06 16:47:41,496| ### vote erhalten! Ich = '237_2'  Initiator = '246_4') ###
GGT(237_2)@lab24.cpt.haw-hamburg.de 18.06 16:47:41,496| Leite Anfrage (vote) an den Linken Nachbarn '2310_2' weiter (implizites Zustimmen)
GGT(237_2)@lab24.cpt.haw-hamburg.de 18.06 16:47:41,496| DISPATCHER: Leite Befehl {vote,'213_1'} an meinen Worker weiter...
GGT(237_2)@lab24.cpt.haw-hamburg.de 18.06 16:47:41,497| ### vote erhalten! Ich = '237_2'  Initiator = '246_4') ###
GGT(237_2)@lab24.cpt.haw-hamburg.de 18.06 16:47:41,497| Leite Anfrage (vote) an den Linken Nachbarn '2310_2' weiter (implizites Zustimmen)
GGT(237_2)@lab24.cpt.haw-hamburg.de 18.06 16:47:41,497| DISPATCHER: Leite Befehl {vote,'243_2'} an meinen Worker weiter...
GGT(237_2)@lab24.cpt.haw-hamburg.de 18.06 16:47:41,497| DISPATCHER: Leite Befehl {vote,'244_4'} an meinen Worker weiter...
GGT(237_2)@lab24.cpt.haw-hamburg.de 18.06 16:47:41,498| DISPATCHER: Leite Befehl {vote,'246_4'} an meinen Worker weiter...
GGT(237_2)@lab24.cpt.haw-hamburg.de 18.06 16:47:41,498| ### vote erhalten! Ich = '237_2'  Initiator = '244_4') ###
GGT(237_2)@lab24.cpt.haw-hamburg.de 18.06 16:47:41,498| Leite Anfrage (vote) an den Linken Nachbarn '2310_2' weiter (implizites Zustimmen)
GGT(237_2)@lab24.cpt.haw-hamburg.de 18.06 16:47:41,498| DISPATCHER: Leite Befehl {vote,'246_4'} an meinen Worker weiter...
GGT(237_2)@lab24.cpt.haw-hamburg.de 18.06 16:47:41,499| DISPATCHER: Leite Befehl {vote,'243_2'} an meinen Worker weiter...
GGT(237_2)@lab24.cpt.haw-hamburg.de 18.06 16:47:41,499| ### vote erhalten! Ich = '237_2'  Initiator = '213_1') ###
GGT(237_2)@lab24.cpt.haw-hamburg.de 18.06 16:47:41,499| Leite Anfrage (vote) an den Linken Nachbarn '2310_2' weiter (implizites Zustimmen)
GGT(237_2)@lab24.cpt.haw-hamburg.de 18.06 16:47:41,499| DISPATCHER: Leite Befehl {vote,'243_2'} an meinen Worker weiter...
GGT(237_2)@lab24.cpt.haw-hamburg.de 18.06 16:47:41,500| DISPATCHER: Leite Befehl {vote,'213_1'} an meinen Worker weiter...
GGT(237_2)@lab24.cpt.haw-hamburg.de 18.06 16:47:41,500| ### vote erhalten! Ich = '237_2'  Initiator = '243_2') ###
GGT(237_2)@lab24.cpt.haw-hamburg.de 18.06 16:47:41,500| DISPATCHER: Leite Befehl {vote,'246_4'} an meinen Worker weiter...
GGT(237_2)@lab24.cpt.haw-hamburg.de 18.06 16:47:41,501| DISPATCHER: Leite Befehl {vote,'243_2'} an meinen Worker weiter...
GGT(237_2)@lab24.cpt.haw-hamburg.de 18.06 16:47:41,501| DISPATCHER: Leite Befehl {vote,'213_1'} an meinen Worker weiter...
GGT(237_2)@lab24.cpt.haw-hamburg.de 18.06 16:47:41,501| Leite Anfrage (vote) an den Linken Nachbarn '2310_2' weiter (implizites Zustimmen)
GGT(237_2)@lab24.cpt.haw-hamburg.de 18.06 16:47:41,502| DISPATCHER: Leite Befehl {vote,'243_2'} an meinen Worker weiter...
GGT(237_2)@lab24.cpt.haw-hamburg.de 18.06 16:47:41,502| DISPATCHER: Leite Befehl {vote,'246_4'} an meinen Worker weiter...
GGT(237_2)@lab24.cpt.haw-hamburg.de 18.06 16:47:41,502| ### vote erhalten! Ich = '237_2'  Initiator = '244_4') ###
GGT(237_2)@lab24.cpt.haw-hamburg.de 18.06 16:47:41,502| Leite Anfrage (vote) an den Linken Nachbarn '2310_2' weiter (implizites Zustimmen)
GGT(237_2)@lab24.cpt.haw-hamburg.de 18.06 16:47:41,503| ### vote erhalten! Ich = '237_2'  Initiator = '246_4') ###
GGT(237_2)@lab24.cpt.haw-hamburg.de 18.06 16:47:41,503| Leite Anfrage (vote) an den Linken Nachbarn '2310_2' weiter (implizites Zustimmen)
GGT(237_2)@lab24.cpt.haw-hamburg.de 18.06 16:47:41,504| ### vote erhalten! Ich = '237_2'  Initiator = '246_4') ###
GGT(237_2)@lab24.cpt.haw-hamburg.de 18.06 16:47:41,504| Leite Anfrage (vote) an den Linken Nachbarn '2310_2' weiter (implizites Zustimmen)
GGT(237_2)@lab24.cpt.haw-hamburg.de 18.06 16:47:41,505| ### vote erhalten! Ich = '237_2'  Initiator = '243_2') ###
GGT(237_2)@lab24.cpt.haw-hamburg.de 18.06 16:47:41,505| Leite Anfrage (vote) an den Linken Nachbarn '2310_2' weiter (implizites Zustimmen)
GGT(237_2)@lab24.cpt.haw-hamburg.de 18.06 16:47:41,506| ### vote erhalten! Ich = '237_2'  Initiator = '243_2') ###
GGT(237_2)@lab24.cpt.haw-hamburg.de 18.06 16:47:41,506| Leite Anfrage (vote) an den Linken Nachbarn '2310_2' weiter (implizites Zustimmen)
GGT(237_2)@lab24.cpt.haw-hamburg.de 18.06 16:47:41,507| ### vote erhalten! Ich = '237_2'  Initiator = '213_1') ###
GGT(237_2)@lab24.cpt.haw-hamburg.de 18.06 16:47:41,507| Leite Anfrage (vote) an den Linken Nachbarn '2310_2' weiter (implizites Zustimmen)
GGT(237_2)@lab24.cpt.haw-hamburg.de 18.06 16:47:41,507| ### vote erhalten! Ich = '237_2'  Initiator = '246_4') ###
GGT(237_2)@lab24.cpt.haw-hamburg.de 18.06 16:47:41,507| Leite Anfrage (vote) an den Linken Nachbarn '2310_2' weiter (implizites Zustimmen)
GGT(237_2)@lab24.cpt.haw-hamburg.de 18.06 16:47:41,508| ### vote erhalten! Ich = '237_2'  Initiator = '243_2') ###
GGT(237_2)@lab24.cpt.haw-hamburg.de 18.06 16:47:41,508| Leite Anfrage (vote) an den Linken Nachbarn '2310_2' weiter (implizites Zustimmen)
GGT(237_2)@lab24.cpt.haw-hamburg.de 18.06 16:47:41,509| ### vote erhalten! Ich = '237_2'  Initiator = '213_1') ###
GGT(237_2)@lab24.cpt.haw-hamburg.de 18.06 16:47:41,509| Leite Anfrage (vote) an den Linken Nachbarn '2310_2' weiter (implizites Zustimmen)
GGT(237_2)@lab24.cpt.haw-hamburg.de 18.06 16:47:41,510| ### vote erhalten! Ich = '237_2'  Initiator = '243_2') ###
GGT(237_2)@lab24.cpt.haw-hamburg.de 18.06 16:47:41,510| Leite Anfrage (vote) an den Linken Nachbarn '2310_2' weiter (implizites Zustimmen)
GGT(237_2)@lab24.cpt.haw-hamburg.de 18.06 16:47:41,511| ### vote erhalten! Ich = '237_2'  Initiator = '246_4') ###
GGT(237_2)@lab24.cpt.haw-hamburg.de 18.06 16:47:41,511| Leite Anfrage (vote) an den Linken Nachbarn '2310_2' weiter (implizites Zustimmen)
GGT(237_2)@lab24.cpt.haw-hamburg.de 18.06 16:47:44,496| DISPATCHER: Leite Befehl {vote,'244_4'} an meinen Worker weiter...
GGT(237_2)@lab24.cpt.haw-hamburg.de 18.06 16:47:44,497| ### vote erhalten! Ich = '237_2'  Initiator = '244_4') ###
GGT(237_2)@lab24.cpt.haw-hamburg.de 18.06 16:47:44,497| Leite Anfrage (vote) an den Linken Nachbarn '2310_2' weiter (implizites Zustimmen)
GGT(237_2)@lab24.cpt.haw-hamburg.de 18.06 16:47:47,501| DISPATCHER: Leite Befehl {vote,'243_2'} an meinen Worker weiter...
GGT(237_2)@lab24.cpt.haw-hamburg.de 18.06 16:47:47,501| DISPATCHER: Leite Befehl {vote,'246_4'} an meinen Worker weiter...
GGT(237_2)@lab24.cpt.haw-hamburg.de 18.06 16:47:47,501| ### vote erhalten! Ich = '237_2'  Initiator = '243_2') ###
GGT(237_2)@lab24.cpt.haw-hamburg.de 18.06 16:47:47,501| Leite Anfrage (vote) an den Linken Nachbarn '2310_2' weiter (implizites Zustimmen)
GGT(237_2)@lab24.cpt.haw-hamburg.de 18.06 16:47:47,502| DISPATCHER: Leite Befehl {vote,'246_4'} an meinen Worker weiter...
GGT(237_2)@lab24.cpt.haw-hamburg.de 18.06 16:47:47,502| DISPATCHER: Leite Befehl {vote,'213_1'} an meinen Worker weiter...
GGT(237_2)@lab24.cpt.haw-hamburg.de 18.06 16:47:47,502| ### vote erhalten! Ich = '237_2'  Initiator = '246_4') ###
GGT(237_2)@lab24.cpt.haw-hamburg.de 18.06 16:47:47,503| Leite Anfrage (vote) an den Linken Nachbarn '2310_2' weiter (implizites Zustimmen)
GGT(237_2)@lab24.cpt.haw-hamburg.de 18.06 16:47:47,503| DISPATCHER: Leite Befehl {vote,'243_2'} an meinen Worker weiter...
GGT(237_2)@lab24.cpt.haw-hamburg.de 18.06 16:47:47,503| DISPATCHER: Leite Befehl {vote,'234_1'} an meinen Worker weiter...
GGT(237_2)@lab24.cpt.haw-hamburg.de 18.06 16:47:47,503| DISPATCHER: Leite Befehl {vote,'243_2'} an meinen Worker weiter...
GGT(237_2)@lab24.cpt.haw-hamburg.de 18.06 16:47:47,503| DISPATCHER: Leite Befehl {vote,'243_2'} an meinen Worker weiter...
GGT(237_2)@lab24.cpt.haw-hamburg.de 18.06 16:47:47,503| ### vote erhalten! Ich = '237_2'  Initiator = '246_4') ###
GGT(237_2)@lab24.cpt.haw-hamburg.de 18.06 16:47:47,504| Leite Anfrage (vote) an den Linken Nachbarn '2310_2' weiter (implizites Zustimmen)
GGT(237_2)@lab24.cpt.haw-hamburg.de 18.06 16:47:47,504| DISPATCHER: Leite Befehl {vote,'213_1'} an meinen Worker weiter...
GGT(237_2)@lab24.cpt.haw-hamburg.de 18.06 16:47:47,504| DISPATCHER: Leite Befehl {vote,'236_2'} an meinen Worker weiter...
GGT(237_2)@lab24.cpt.haw-hamburg.de 18.06 16:47:47,505| ### vote erhalten! Ich = '237_2'  Initiator = '213_1') ###
GGT(237_2)@lab24.cpt.haw-hamburg.de 18.06 16:47:47,505| Leite Anfrage (vote) an den Linken Nachbarn '2310_2' weiter (implizites Zustimmen)
GGT(237_2)@lab24.cpt.haw-hamburg.de 18.06 16:47:47,505| DISPATCHER: Leite Befehl {vote,'244_3'} an meinen Worker weiter...
GGT(237_2)@lab24.cpt.haw-hamburg.de 18.06 16:47:47,505| DISPATCHER: Leite Befehl {vote,'218_2'} an meinen Worker weiter...
GGT(237_2)@lab24.cpt.haw-hamburg.de 18.06 16:47:47,506| ### vote erhalten! Ich = '237_2'  Initiator = '243_2') ###
GGT(237_2)@lab24.cpt.haw-hamburg.de 18.06 16:47:47,506| DISPATCHER: Leite Befehl {vote,'248_2'} an meinen Worker weiter...
GGT(237_2)@lab24.cpt.haw-hamburg.de 18.06 16:47:47,506| Leite Anfrage (vote) an den Linken Nachbarn '2310_2' weiter (implizites Zustimmen)
GGT(237_2)@lab24.cpt.haw-hamburg.de 18.06 16:47:47,506| DISPATCHER: Leite Befehl {vote,'244_3'} an meinen Worker weiter...
GGT(237_2)@lab24.cpt.haw-hamburg.de 18.06 16:47:47,507| ### vote erhalten! Ich = '237_2'  Initiator = '234_1') ###
GGT(237_2)@lab24.cpt.haw-hamburg.de 18.06 16:47:47,507| Leite Anfrage (vote) an den Linken Nachbarn '2310_2' weiter (implizites Zustimmen)
GGT(237_2)@lab24.cpt.haw-hamburg.de 18.06 16:47:47,507| DISPATCHER: Leite Befehl {vote,'243_2'} an meinen Worker weiter...
GGT(237_2)@lab24.cpt.haw-hamburg.de 18.06 16:47:47,507| DISPATCHER: Leite Befehl {vote,'243_2'} an meinen Worker weiter...
GGT(237_2)@lab24.cpt.haw-hamburg.de 18.06 16:47:47,507| DISPATCHER: Leite Befehl {vote,'246_4'} an meinen Worker weiter...
GGT(237_2)@lab24.cpt.haw-hamburg.de 18.06 16:47:47,508| ### vote erhalten! Ich = '237_2'  Initiator = '243_2') ###
GGT(237_2)@lab24.cpt.haw-hamburg.de 18.06 16:47:47,508| Leite Anfrage (vote) an den Linken Nachbarn '2310_2' weiter (implizites Zustimmen)
GGT(237_2)@lab24.cpt.haw-hamburg.de 18.06 16:47:47,509| ### vote erhalten! Ich = '237_2'  Initiator = '243_2') ###
GGT(237_2)@lab24.cpt.haw-hamburg.de 18.06 16:47:47,509| Leite Anfrage (vote) an den Linken Nachbarn '2310_2' weiter (implizites Zustimmen)
GGT(237_2)@lab24.cpt.haw-hamburg.de 18.06 16:47:47,510| ### vote erhalten! Ich = '237_2'  Initiator = '213_1') ###
GGT(237_2)@lab24.cpt.haw-hamburg.de 18.06 16:47:47,510| Leite Anfrage (vote) an den Linken Nachbarn '2310_2' weiter (implizites Zustimmen)
GGT(237_2)@lab24.cpt.haw-hamburg.de 18.06 16:47:47,511| ### vote erhalten! Ich = '237_2'  Initiator = '236_2') ###
GGT(237_2)@lab24.cpt.haw-hamburg.de 18.06 16:47:47,511| Leite Anfrage (vote) an den Linken Nachbarn '2310_2' weiter (implizites Zustimmen)
GGT(237_2)@lab24.cpt.haw-hamburg.de 18.06 16:47:47,512| ### vote erhalten! Ich = '237_2'  Initiator = '244_3') ###
GGT(237_2)@lab24.cpt.haw-hamburg.de 18.06 16:47:47,512| Leite Anfrage (vote) an den Linken Nachbarn '2310_2' weiter (implizites Zustimmen)
GGT(237_2)@lab24.cpt.haw-hamburg.de 18.06 16:47:47,513| ### vote erhalten! Ich = '237_2'  Initiator = '218_2') ###
GGT(237_2)@lab24.cpt.haw-hamburg.de 18.06 16:47:47,513| Leite Anfrage (vote) an den Linken Nachbarn '2310_2' weiter (implizites Zustimmen)
GGT(237_2)@lab24.cpt.haw-hamburg.de 18.06 16:47:47,515| ### vote erhalten! Ich = '237_2'  Initiator = '248_2') ###
GGT(237_2)@lab24.cpt.haw-hamburg.de 18.06 16:47:47,515| Leite Anfrage (vote) an den Linken Nachbarn '2310_2' weiter (implizites Zustimmen)
GGT(237_2)@lab24.cpt.haw-hamburg.de 18.06 16:47:47,516| ### vote erhalten! Ich = '237_2'  Initiator = '244_3') ###
GGT(237_2)@lab24.cpt.haw-hamburg.de 18.06 16:47:47,516| Leite Anfrage (vote) an den Linken Nachbarn '2310_2' weiter (implizites Zustimmen)
GGT(237_2)@lab24.cpt.haw-hamburg.de 18.06 16:47:47,517| ### vote erhalten! Ich = '237_2'  Initiator = '243_2') ###
GGT(237_2)@lab24.cpt.haw-hamburg.de 18.06 16:47:47,517| Leite Anfrage (vote) an den Linken Nachbarn '2310_2' weiter (implizites Zustimmen)
GGT(237_2)@lab24.cpt.haw-hamburg.de 18.06 16:47:47,518| ### vote erhalten! Ich = '237_2'  Initiator = '243_2') ###
GGT(237_2)@lab24.cpt.haw-hamburg.de 18.06 16:47:47,518| Leite Anfrage (vote) an den Linken Nachbarn '2310_2' weiter (implizites Zustimmen)
GGT(237_2)@lab24.cpt.haw-hamburg.de 18.06 16:47:47,519| ### vote erhalten! Ich = '237_2'  Initiator = '246_4') ###
GGT(237_2)@lab24.cpt.haw-hamburg.de 18.06 16:47:47,519| Leite Anfrage (vote) an den Linken Nachbarn '2310_2' weiter (implizites Zustimmen)
GGT(237_2)@lab24.cpt.haw-hamburg.de 18.06 16:47:50,501| DISPATCHER: Leite Befehl {vote,'236_2'} an meinen Worker weiter...
GGT(237_2)@lab24.cpt.haw-hamburg.de 18.06 16:47:50,501| ### vote erhalten! Ich = '237_2'  Initiator = '236_2') ###
GGT(237_2)@lab24.cpt.haw-hamburg.de 18.06 16:47:50,501| Leite Anfrage (vote) an den Linken Nachbarn '2310_2' weiter (implizites Zustimmen)
GGT(237_2)@lab24.cpt.haw-hamburg.de 18.06 16:47:50,502| DISPATCHER: Leite Befehl {vote,'246_4'} an meinen Worker weiter...
GGT(237_2)@lab24.cpt.haw-hamburg.de 18.06 16:47:50,503| ### vote erhalten! Ich = '237_2'  Initiator = '246_4') ###
GGT(237_2)@lab24.cpt.haw-hamburg.de 18.06 16:47:50,503| Leite Anfrage (vote) an den Linken Nachbarn '2310_2' weiter (implizites Zustimmen)
GGT(237_2)@lab24.cpt.haw-hamburg.de 18.06 16:47:50,505| DISPATCHER: Leite Befehl {vote,'248_2'} an meinen Worker weiter...
GGT(237_2)@lab24.cpt.haw-hamburg.de 18.06 16:47:50,506| ### vote erhalten! Ich = '237_2'  Initiator = '248_2') ###
GGT(237_2)@lab24.cpt.haw-hamburg.de 18.06 16:47:50,506| Leite Anfrage (vote) an den Linken Nachbarn '2310_2' weiter (implizites Zustimmen)
GGT(237_2)@lab24.cpt.haw-hamburg.de 18.06 16:47:50,506| DISPATCHER: Leite Befehl {vote,'248_2'} an meinen Worker weiter...
GGT(237_2)@lab24.cpt.haw-hamburg.de 18.06 16:47:50,507| DISPATCHER: Leite Befehl {vote,'248_2'} an meinen Worker weiter...
GGT(237_2)@lab24.cpt.haw-hamburg.de 18.06 16:47:50,507| ### vote erhalten! Ich = '237_2'  Initiator = '248_2') ###
GGT(237_2)@lab24.cpt.haw-hamburg.de 18.06 16:47:50,507| Leite Anfrage (vote) an den Linken Nachbarn '2310_2' weiter (implizites Zustimmen)
GGT(237_2)@lab24.cpt.haw-hamburg.de 18.06 16:47:50,508| ### vote erhalten! Ich = '237_2'  Initiator = '248_2') ###
GGT(237_2)@lab24.cpt.haw-hamburg.de 18.06 16:47:50,508| Leite Anfrage (vote) an den Linken Nachbarn '2310_2' weiter (implizites Zustimmen)
GGT(237_2)@lab24.cpt.haw-hamburg.de 18.06 16:47:50,508| DISPATCHER: Leite Befehl {vote,'213_3'} an meinen Worker weiter...
GGT(237_2)@lab24.cpt.haw-hamburg.de 18.06 16:47:50,510| ### vote erhalten! Ich = '237_2'  Initiator = '213_3') ###
GGT(237_2)@lab24.cpt.haw-hamburg.de 18.06 16:47:50,510| Leite Anfrage (vote) an den Linken Nachbarn '2310_2' weiter (implizites Zustimmen)
GGT(237_2)@lab24.cpt.haw-hamburg.de 18.06 16:47:50,510| DISPATCHER: Leite Befehl {vote,'244_3'} an meinen Worker weiter...
GGT(237_2)@lab24.cpt.haw-hamburg.de 18.06 16:47:50,511| DISPATCHER: Leite Befehl {vote,'214_2'} an meinen Worker weiter...
GGT(237_2)@lab24.cpt.haw-hamburg.de 18.06 16:47:50,511| ### vote erhalten! Ich = '237_2'  Initiator = '244_3') ###
GGT(237_2)@lab24.cpt.haw-hamburg.de 18.06 16:47:50,511| Leite Anfrage (vote) an den Linken Nachbarn '2310_2' weiter (implizites Zustimmen)
GGT(237_2)@lab24.cpt.haw-hamburg.de 18.06 16:47:50,512| ### vote erhalten! Ich = '237_2'  Initiator = '214_2') ###
GGT(237_2)@lab24.cpt.haw-hamburg.de 18.06 16:47:50,512| Leite Anfrage (vote) an den Linken Nachbarn '2310_2' weiter (implizites Zustimmen)
GGT(237_2)@lab24.cpt.haw-hamburg.de 18.06 16:47:50,513| DISPATCHER: Leite Befehl {vote,'248_2'} an meinen Worker weiter...
GGT(237_2)@lab24.cpt.haw-hamburg.de 18.06 16:47:50,514| ### vote erhalten! Ich = '237_2'  Initiator = '248_2') ###
GGT(237_2)@lab24.cpt.haw-hamburg.de 18.06 16:47:50,514| Leite Anfrage (vote) an den Linken Nachbarn '2310_2' weiter (implizites Zustimmen)
GGT(237_2)@lab24.cpt.haw-hamburg.de 18.06 16:47:50,515| DISPATCHER: Leite Befehl {vote,'248_2'} an meinen Worker weiter...
GGT(237_2)@lab24.cpt.haw-hamburg.de 18.06 16:47:50,516| ### vote erhalten! Ich = '237_2'  Initiator = '248_2') ###
GGT(237_2)@lab24.cpt.haw-hamburg.de 18.06 16:47:50,516| Leite Anfrage (vote) an den Linken Nachbarn '2310_2' weiter (implizites Zustimmen)
GGT(237_2)@lab24.cpt.haw-hamburg.de 18.06 16:47:50,516| DISPATCHER: Leite Befehl {vote,'218_2'} an meinen Worker weiter...
GGT(237_2)@lab24.cpt.haw-hamburg.de 18.06 16:47:50,518| DISPATCHER: Leite Befehl {vote,'244_3'} an meinen Worker weiter...
GGT(237_2)@lab24.cpt.haw-hamburg.de 18.06 16:47:50,518| DISPATCHER: Leite Befehl {vote,'214_2'} an meinen Worker weiter...
GGT(237_2)@lab24.cpt.haw-hamburg.de 18.06 16:47:50,518| ### vote erhalten! Ich = '237_2'  Initiator = '218_2') ###
GGT(237_2)@lab24.cpt.haw-hamburg.de 18.06 16:47:50,518| Leite Anfrage (vote) an den Linken Nachbarn '2310_2' weiter (implizites Zustimmen)
GGT(237_2)@lab24.cpt.haw-hamburg.de 18.06 16:47:50,519| DISPATCHER: Leite Befehl {vote,'237_1'} an meinen Worker weiter...
GGT(237_2)@lab24.cpt.haw-hamburg.de 18.06 16:47:50,519| ### vote erhalten! Ich = '237_2'  Initiator = '244_3') ###
GGT(237_2)@lab24.cpt.haw-hamburg.de 18.06 16:47:50,519| Leite Anfrage (vote) an den Linken Nachbarn '2310_2' weiter (implizites Zustimmen)
GGT(237_2)@lab24.cpt.haw-hamburg.de 18.06 16:47:50,520| ### vote erhalten! Ich = '237_2'  Initiator = '214_2') ###
GGT(237_2)@lab24.cpt.haw-hamburg.de 18.06 16:47:50,520| Leite Anfrage (vote) an den Linken Nachbarn '2310_2' weiter (implizites Zustimmen)
GGT(237_2)@lab24.cpt.haw-hamburg.de 18.06 16:47:50,522| DISPATCHER: Leite Befehl {vote,'244_3'} an meinen Worker weiter...
GGT(237_2)@lab24.cpt.haw-hamburg.de 18.06 16:47:50,522| ### vote erhalten! Ich = '237_2'  Initiator = '237_1') ###
GGT(237_2)@lab24.cpt.haw-hamburg.de 18.06 16:47:50,522| Leite Anfrage (vote) an den Linken Nachbarn '2310_2' weiter (implizites Zustimmen)
GGT(237_2)@lab24.cpt.haw-hamburg.de 18.06 16:47:50,523| DISPATCHER: Leite Befehl {vote,'244_2'} an meinen Worker weiter...
GGT(237_2)@lab24.cpt.haw-hamburg.de 18.06 16:47:50,524| DISPATCHER: Leite Befehl {vote,'244_3'} an meinen Worker weiter...
GGT(237_2)@lab24.cpt.haw-hamburg.de 18.06 16:47:50,524| ### vote erhalten! Ich = '237_2'  Initiator = '244_3') ###
GGT(237_2)@lab24.cpt.haw-hamburg.de 18.06 16:47:50,524| Leite Anfrage (vote) an den Linken Nachbarn '2310_2' weiter (implizites Zustimmen)
GGT(237_2)@lab24.cpt.haw-hamburg.de 18.06 16:47:50,525| ### vote erhalten! Ich = '237_2'  Initiator = '244_2') ###
GGT(237_2)@lab24.cpt.haw-hamburg.de 18.06 16:47:50,525| Leite Anfrage (vote) an den Linken Nachbarn '2310_2' weiter (implizites Zustimmen)
GGT(237_2)@lab24.cpt.haw-hamburg.de 18.06 16:47:50,525| DISPATCHER: Leite Befehl {vote,'244_3'} an meinen Worker weiter...
GGT(237_2)@lab24.cpt.haw-hamburg.de 18.06 16:47:50,526| ### vote erhalten! Ich = '237_2'  Initiator = '244_3') ###
GGT(237_2)@lab24.cpt.haw-hamburg.de 18.06 16:47:50,526| Leite Anfrage (vote) an den Linken Nachbarn '2310_2' weiter (implizites Zustimmen)
GGT(237_2)@lab24.cpt.haw-hamburg.de 18.06 16:47:50,526| DISPATCHER: Leite Befehl {vote,'244_2'} an meinen Worker weiter...
GGT(237_2)@lab24.cpt.haw-hamburg.de 18.06 16:47:50,527| ### vote erhalten! Ich = '237_2'  Initiator = '244_3') ###
GGT(237_2)@lab24.cpt.haw-hamburg.de 18.06 16:47:50,527| Leite Anfrage (vote) an den Linken Nachbarn '2310_2' weiter (implizites Zustimmen)
GGT(237_2)@lab24.cpt.haw-hamburg.de 18.06 16:47:50,528| DISPATCHER: Leite Befehl {vote,'216_3'} an meinen Worker weiter...
GGT(237_2)@lab24.cpt.haw-hamburg.de 18.06 16:47:50,528| ### vote erhalten! Ich = '237_2'  Initiator = '244_2') ###
GGT(237_2)@lab24.cpt.haw-hamburg.de 18.06 16:47:50,529| Leite Anfrage (vote) an den Linken Nachbarn '2310_2' weiter (implizites Zustimmen)
GGT(237_2)@lab24.cpt.haw-hamburg.de 18.06 16:47:50,529| DISPATCHER: Leite Befehl {vote,'215_4'} an meinen Worker weiter...
GGT(237_2)@lab24.cpt.haw-hamburg.de 18.06 16:47:50,530| ### vote erhalten! Ich = '237_2'  Initiator = '216_3') ###
GGT(237_2)@lab24.cpt.haw-hamburg.de 18.06 16:47:50,530| Leite Anfrage (vote) an den Linken Nachbarn '2310_2' weiter (implizites Zustimmen)
GGT(237_2)@lab24.cpt.haw-hamburg.de 18.06 16:47:50,530| DISPATCHER: Leite Befehl {vote,'245_4'} an meinen Worker weiter...
GGT(237_2)@lab24.cpt.haw-hamburg.de 18.06 16:47:50,531| ### vote erhalten! Ich = '237_2'  Initiator = '215_4') ###
GGT(237_2)@lab24.cpt.haw-hamburg.de 18.06 16:47:50,531| DISPATCHER: Leite Befehl {vote,'215_4'} an meinen Worker weiter...
GGT(237_2)@lab24.cpt.haw-hamburg.de 18.06 16:47:50,531| Leite Anfrage (vote) an den Linken Nachbarn '2310_2' weiter (implizites Zustimmen)
GGT(237_2)@lab24.cpt.haw-hamburg.de 18.06 16:47:50,532| ### vote erhalten! Ich = '237_2'  Initiator = '245_4') ###
GGT(237_2)@lab24.cpt.haw-hamburg.de 18.06 16:47:50,532| Leite Anfrage (vote) an den Linken Nachbarn '2310_2' weiter (implizites Zustimmen)
GGT(237_2)@lab24.cpt.haw-hamburg.de 18.06 16:47:50,533| ### vote erhalten! Ich = '237_2'  Initiator = '215_4') ###
GGT(237_2)@lab24.cpt.haw-hamburg.de 18.06 16:47:50,533| Leite Anfrage (vote) an den Linken Nachbarn '2310_2' weiter (implizites Zustimmen)
GGT(237_2)@lab24.cpt.haw-hamburg.de 18.06 16:47:50,534| DISPATCHER: Leite Befehl {vote,'245_4'} an meinen Worker weiter...
GGT(237_2)@lab24.cpt.haw-hamburg.de 18.06 16:47:50,534| ### vote erhalten! Ich = '237_2'  Initiator = '245_4') ###
GGT(237_2)@lab24.cpt.haw-hamburg.de 18.06 16:47:50,534| Leite Anfrage (vote) an den Linken Nachbarn '2310_2' weiter (implizites Zustimmen)
GGT(237_2)@lab24.cpt.haw-hamburg.de 18.06 16:47:50,535| DISPATCHER: Leite Befehl {vote,'244_3'} an meinen Worker weiter...
GGT(237_2)@lab24.cpt.haw-hamburg.de 18.06 16:47:50,536| DISPATCHER: Leite Befehl {vote,'248_2'} an meinen Worker weiter...
GGT(237_2)@lab24.cpt.haw-hamburg.de 18.06 16:47:50,536| ### vote erhalten! Ich = '237_2'  Initiator = '244_3') ###
GGT(237_2)@lab24.cpt.haw-hamburg.de 18.06 16:47:50,536| Leite Anfrage (vote) an den Linken Nachbarn '2310_2' weiter (implizites Zustimmen)
GGT(237_2)@lab24.cpt.haw-hamburg.de 18.06 16:47:50,538| ### vote erhalten! Ich = '237_2'  Initiator = '248_2') ###
GGT(237_2)@lab24.cpt.haw-hamburg.de 18.06 16:47:50,538| Leite Anfrage (vote) an den Linken Nachbarn '2310_2' weiter (implizites Zustimmen)
GGT(237_2)@lab24.cpt.haw-hamburg.de 18.06 16:47:53,502| DISPATCHER: Leite Befehl {vote,'248_2'} an meinen Worker weiter...
GGT(237_2)@lab24.cpt.haw-hamburg.de 18.06 16:47:53,503| ### vote erhalten! Ich = '237_2'  Initiator = '248_2') ###
GGT(237_2)@lab24.cpt.haw-hamburg.de 18.06 16:47:53,503| Leite Anfrage (vote) an den Linken Nachbarn '2310_2' weiter (implizites Zustimmen)
GGT(237_2)@lab24.cpt.haw-hamburg.de 18.06 16:47:53,505| DISPATCHER: Leite Befehl {vote,'244_3'} an meinen Worker weiter...
GGT(237_2)@lab24.cpt.haw-hamburg.de 18.06 16:47:53,505| ### vote erhalten! Ich = '237_2'  Initiator = '244_3') ###
GGT(237_2)@lab24.cpt.haw-hamburg.de 18.06 16:47:53,505| Leite Anfrage (vote) an den Linken Nachbarn '2310_2' weiter (implizites Zustimmen)
GGT(237_2)@lab24.cpt.haw-hamburg.de 18.06 16:47:56,502| DISPATCHER: Leite Befehl {vote,'248_1'} an meinen Worker weiter...
GGT(237_2)@lab24.cpt.haw-hamburg.de 18.06 16:47:56,503| ### vote erhalten! Ich = '237_2'  Initiator = '248_1') ###
GGT(237_2)@lab24.cpt.haw-hamburg.de 18.06 16:47:56,503| Leite Anfrage (vote) an den Linken Nachbarn '2310_2' weiter (implizites Zustimmen)
GGT(237_2)@lab24.cpt.haw-hamburg.de 18.06 16:47:56,505| DISPATCHER: Leite Befehl {vote,'245_4'} an meinen Worker weiter...
GGT(237_2)@lab24.cpt.haw-hamburg.de 18.06 16:47:56,506| ### vote erhalten! Ich = '237_2'  Initiator = '245_4') ###
GGT(237_2)@lab24.cpt.haw-hamburg.de 18.06 16:47:56,506| Leite Anfrage (vote) an den Linken Nachbarn '2310_2' weiter (implizites Zustimmen)
GGT(237_2)@lab24.cpt.haw-hamburg.de 18.06 16:47:59,502| DISPATCHER: Leite Befehl {vote,'245_4'} an meinen Worker weiter...
GGT(237_2)@lab24.cpt.haw-hamburg.de 18.06 16:47:59,502| ### vote erhalten! Ich = '237_2'  Initiator = '245_4') ###
GGT(237_2)@lab24.cpt.haw-hamburg.de 18.06 16:47:59,502| Leite Anfrage (vote) an den Linken Nachbarn '2310_2' weiter (implizites Zustimmen)
GGT(237_2)@lab24.cpt.haw-hamburg.de 18.06 16:47:59,509| DISPATCHER: Leite Befehl {vote,'248_1'} an meinen Worker weiter...
GGT(237_2)@lab24.cpt.haw-hamburg.de 18.06 16:47:59,510| DISPATCHER: Leite Befehl {vote,'248_1'} an meinen Worker weiter...
GGT(237_2)@lab24.cpt.haw-hamburg.de 18.06 16:47:59,510| ### vote erhalten! Ich = '237_2'  Initiator = '248_1') ###
GGT(237_2)@lab24.cpt.haw-hamburg.de 18.06 16:47:59,510| Leite Anfrage (vote) an den Linken Nachbarn '2310_2' weiter (implizites Zustimmen)
GGT(237_2)@lab24.cpt.haw-hamburg.de 18.06 16:47:59,510| DISPATCHER: Leite Befehl {vote,'249_2'} an meinen Worker weiter...
GGT(237_2)@lab24.cpt.haw-hamburg.de 18.06 16:47:59,511| DISPATCHER: Leite Befehl {vote,'249_2'} an meinen Worker weiter...
GGT(237_2)@lab24.cpt.haw-hamburg.de 18.06 16:47:59,511| ### vote erhalten! Ich = '237_2'  Initiator = '248_1') ###
GGT(237_2)@lab24.cpt.haw-hamburg.de 18.06 16:47:59,511| Leite Anfrage (vote) an den Linken Nachbarn '2310_2' weiter (implizites Zustimmen)
GGT(237_2)@lab24.cpt.haw-hamburg.de 18.06 16:47:59,512| ### vote erhalten! Ich = '237_2'  Initiator = '249_2') ###
GGT(237_2)@lab24.cpt.haw-hamburg.de 18.06 16:47:59,512| Leite Anfrage (vote) an den Linken Nachbarn '2310_2' weiter (implizites Zustimmen)
GGT(237_2)@lab24.cpt.haw-hamburg.de 18.06 16:47:59,513| ### vote erhalten! Ich = '237_2'  Initiator = '249_2') ###
GGT(237_2)@lab24.cpt.haw-hamburg.de 18.06 16:47:59,513| Leite Anfrage (vote) an den Linken Nachbarn '2310_2' weiter (implizites Zustimmen)
GGT(237_2)@lab24.cpt.haw-hamburg.de 18.06 16:48:02,506| DISPATCHER: Leite Befehl {vote,'248_1'} an meinen Worker weiter...
GGT(237_2)@lab24.cpt.haw-hamburg.de 18.06 16:48:02,506| DISPATCHER: Leite Befehl {vote,'249_2'} an meinen Worker weiter...
GGT(237_2)@lab24.cpt.haw-hamburg.de 18.06 16:48:02,506| ### vote erhalten! Ich = '237_2'  Initiator = '248_1') ###
GGT(237_2)@lab24.cpt.haw-hamburg.de 18.06 16:48:02,507| Leite Anfrage (vote) an den Linken Nachbarn '2310_2' weiter (implizites Zustimmen)
GGT(237_2)@lab24.cpt.haw-hamburg.de 18.06 16:48:02,509| DISPATCHER: Leite Befehl {vote,'215_3'} an meinen Worker weiter...
GGT(237_2)@lab24.cpt.haw-hamburg.de 18.06 16:48:02,509| DISPATCHER: Leite Befehl {vote,'248_3'} an meinen Worker weiter...
GGT(237_2)@lab24.cpt.haw-hamburg.de 18.06 16:48:02,509| ### vote erhalten! Ich = '237_2'  Initiator = '249_2') ###
GGT(237_2)@lab24.cpt.haw-hamburg.de 18.06 16:48:02,509| Leite Anfrage (vote) an den Linken Nachbarn '2310_2' weiter (implizites Zustimmen)
GGT(237_2)@lab24.cpt.haw-hamburg.de 18.06 16:48:02,512| ### vote erhalten! Ich = '237_2'  Initiator = '215_3') ###
GGT(237_2)@lab24.cpt.haw-hamburg.de 18.06 16:48:02,512| Leite Anfrage (vote) an den Linken Nachbarn '2310_2' weiter (implizites Zustimmen)
GGT(237_2)@lab24.cpt.haw-hamburg.de 18.06 16:48:02,513| ### vote erhalten! Ich = '237_2'  Initiator = '248_3') ###
GGT(237_2)@lab24.cpt.haw-hamburg.de 18.06 16:48:02,513| Leite Anfrage (vote) an den Linken Nachbarn '2310_2' weiter (implizites Zustimmen)
GGT(237_2)@lab24.cpt.haw-hamburg.de 18.06 16:48:02,514| DISPATCHER: Leite Befehl {vote,'248_3'} an meinen Worker weiter...
GGT(237_2)@lab24.cpt.haw-hamburg.de 18.06 16:48:02,515| ### vote erhalten! Ich = '237_2'  Initiator = '248_3') ###
GGT(237_2)@lab24.cpt.haw-hamburg.de 18.06 16:48:02,515| Leite Anfrage (vote) an den Linken Nachbarn '2310_2' weiter (implizites Zustimmen)
GGT(237_2)@lab24.cpt.haw-hamburg.de 18.06 16:48:08,513| DISPATCHER: Leite Befehl {vote,'248_3'} an meinen Worker weiter...
GGT(237_2)@lab24.cpt.haw-hamburg.de 18.06 16:48:08,513| DISPATCHER: Leite Befehl {vote,'239_1'} an meinen Worker weiter...
GGT(237_2)@lab24.cpt.haw-hamburg.de 18.06 16:48:08,513| ### vote erhalten! Ich = '237_2'  Initiator = '248_3') ###
GGT(237_2)@lab24.cpt.haw-hamburg.de 18.06 16:48:08,513| Leite Anfrage (vote) an den Linken Nachbarn '2310_2' weiter (implizites Zustimmen)
GGT(237_2)@lab24.cpt.haw-hamburg.de 18.06 16:48:08,514| ### vote erhalten! Ich = '237_2'  Initiator = '239_1') ###
GGT(237_2)@lab24.cpt.haw-hamburg.de 18.06 16:48:08,514| Leite Anfrage (vote) an den Linken Nachbarn '2310_2' weiter (implizites Zustimmen)
GGT(237_2)@lab24.cpt.haw-hamburg.de 18.06 16:48:08,517| DISPATCHER: Leite Befehl {vote,'246_3'} an meinen Worker weiter...
GGT(237_2)@lab24.cpt.haw-hamburg.de 18.06 16:48:08,518| ### vote erhalten! Ich = '237_2'  Initiator = '246_3') ###
GGT(237_2)@lab24.cpt.haw-hamburg.de 18.06 16:48:08,518| Leite Anfrage (vote) an den Linken Nachbarn '2310_2' weiter (implizites Zustimmen)
GGT(237_2)@lab24.cpt.haw-hamburg.de 18.06 16:48:08,519| DISPATCHER: Leite Befehl {vote,'242_3'} an meinen Worker weiter...
GGT(237_2)@lab24.cpt.haw-hamburg.de 18.06 16:48:08,520| ### vote erhalten! Ich = '237_2'  Initiator = '242_3') ###
GGT(237_2)@lab24.cpt.haw-hamburg.de 18.06 16:48:08,520| Leite Anfrage (vote) an den Linken Nachbarn '2310_2' weiter (implizites Zustimmen)
GGT(237_2)@lab24.cpt.haw-hamburg.de 18.06 16:48:08,522| DISPATCHER: Leite Befehl {vote,'242_3'} an meinen Worker weiter...
GGT(237_2)@lab24.cpt.haw-hamburg.de 18.06 16:48:08,522| ### vote erhalten! Ich = '237_2'  Initiator = '242_3') ###
GGT(237_2)@lab24.cpt.haw-hamburg.de 18.06 16:48:08,522| Leite Anfrage (vote) an den Linken Nachbarn '2310_2' weiter (implizites Zustimmen)
GGT(237_2)@lab24.cpt.haw-hamburg.de 18.06 16:48:08,524| DISPATCHER: Leite Befehl {vote,'239_1'} an meinen Worker weiter...
GGT(237_2)@lab24.cpt.haw-hamburg.de 18.06 16:48:08,526| ### vote erhalten! Ich = '237_2'  Initiator = '239_1') ###
GGT(237_2)@lab24.cpt.haw-hamburg.de 18.06 16:48:08,526| Leite Anfrage (vote) an den Linken Nachbarn '2310_2' weiter (implizites Zustimmen)
GGT(237_2)@lab24.cpt.haw-hamburg.de 18.06 16:48:08,527| DISPATCHER: Leite Befehl {vote,'249_1'} an meinen Worker weiter...
GGT(237_2)@lab24.cpt.haw-hamburg.de 18.06 16:48:08,527| DISPATCHER: Leite Befehl {vote,'242_3'} an meinen Worker weiter...
GGT(237_2)@lab24.cpt.haw-hamburg.de 18.06 16:48:08,527| DISPATCHER: Leite Befehl {vote,'246_3'} an meinen Worker weiter...
GGT(237_2)@lab24.cpt.haw-hamburg.de 18.06 16:48:08,527| ### vote erhalten! Ich = '237_2'  Initiator = '249_1') ###
GGT(237_2)@lab24.cpt.haw-hamburg.de 18.06 16:48:08,527| Leite Anfrage (vote) an den Linken Nachbarn '2310_2' weiter (implizites Zustimmen)
GGT(237_2)@lab24.cpt.haw-hamburg.de 18.06 16:48:08,528| DISPATCHER: Leite Befehl {vote,'2110_2'} an meinen Worker weiter...
GGT(237_2)@lab24.cpt.haw-hamburg.de 18.06 16:48:08,529| ### vote erhalten! Ich = '237_2'  Initiator = '242_3') ###
GGT(237_2)@lab24.cpt.haw-hamburg.de 18.06 16:48:08,529| Leite Anfrage (vote) an den Linken Nachbarn '2310_2' weiter (implizites Zustimmen)
GGT(237_2)@lab24.cpt.haw-hamburg.de 18.06 16:48:08,530| DISPATCHER: Leite Befehl {vote,'249_1'} an meinen Worker weiter...
GGT(237_2)@lab24.cpt.haw-hamburg.de 18.06 16:48:08,531| ### vote erhalten! Ich = '237_2'  Initiator = '246_3') ###
GGT(237_2)@lab24.cpt.haw-hamburg.de 18.06 16:48:08,531| Leite Anfrage (vote) an den Linken Nachbarn '2310_2' weiter (implizites Zustimmen)
GGT(237_2)@lab24.cpt.haw-hamburg.de 18.06 16:48:08,532| ### vote erhalten! Ich = '237_2'  Initiator = '2110_2') ###
GGT(237_2)@lab24.cpt.haw-hamburg.de 18.06 16:48:08,532| Leite Anfrage (vote) an den Linken Nachbarn '2310_2' weiter (implizites Zustimmen)
GGT(237_2)@lab24.cpt.haw-hamburg.de 18.06 16:48:08,532| DISPATCHER: Leite Befehl {vote,'246_3'} an meinen Worker weiter...
GGT(237_2)@lab24.cpt.haw-hamburg.de 18.06 16:48:08,533| ### vote erhalten! Ich = '237_2'  Initiator = '249_1') ###
GGT(237_2)@lab24.cpt.haw-hamburg.de 18.06 16:48:08,533| Leite Anfrage (vote) an den Linken Nachbarn '2310_2' weiter (implizites Zustimmen)
GGT(237_2)@lab24.cpt.haw-hamburg.de 18.06 16:48:08,533| DISPATCHER: Leite Befehl {vote,'246_3'} an meinen Worker weiter...
GGT(237_2)@lab24.cpt.haw-hamburg.de 18.06 16:48:08,534| ### vote erhalten! Ich = '237_2'  Initiator = '246_3') ###
GGT(237_2)@lab24.cpt.haw-hamburg.de 18.06 16:48:08,534| Leite Anfrage (vote) an den Linken Nachbarn '2310_2' weiter (implizites Zustimmen)
GGT(237_2)@lab24.cpt.haw-hamburg.de 18.06 16:48:08,535| ### vote erhalten! Ich = '237_2'  Initiator = '246_3') ###
GGT(237_2)@lab24.cpt.haw-hamburg.de 18.06 16:48:08,535| Leite Anfrage (vote) an den Linken Nachbarn '2310_2' weiter (implizites Zustimmen)
GGT(237_2)@lab24.cpt.haw-hamburg.de 18.06 16:48:08,535| DISPATCHER: Leite Befehl {vote,'246_3'} an meinen Worker weiter...
GGT(237_2)@lab24.cpt.haw-hamburg.de 18.06 16:48:08,536| ### vote erhalten! Ich = '237_2'  Initiator = '246_3') ###
GGT(237_2)@lab24.cpt.haw-hamburg.de 18.06 16:48:08,536| Leite Anfrage (vote) an den Linken Nachbarn '2310_2' weiter (implizites Zustimmen)
GGT(237_2)@lab24.cpt.haw-hamburg.de 18.06 16:48:11,516| DISPATCHER: Leite Befehl {vote,'242_3'} an meinen Worker weiter...
GGT(237_2)@lab24.cpt.haw-hamburg.de 18.06 16:48:11,517| ### vote erhalten! Ich = '237_2'  Initiator = '242_3') ###
GGT(237_2)@lab24.cpt.haw-hamburg.de 18.06 16:48:11,517| Leite Anfrage (vote) an den Linken Nachbarn '2310_2' weiter (implizites Zustimmen)
GGT(237_2)@lab24.cpt.haw-hamburg.de 18.06 16:48:11,519| DISPATCHER: Leite Befehl {vote,'2110_2'} an meinen Worker weiter...
GGT(237_2)@lab24.cpt.haw-hamburg.de 18.06 16:48:11,520| ### vote erhalten! Ich = '237_2'  Initiator = '2110_2') ###
GGT(237_2)@lab24.cpt.haw-hamburg.de 18.06 16:48:11,520| Leite Anfrage (vote) an den Linken Nachbarn '2310_2' weiter (implizites Zustimmen)
GGT(237_2)@lab24.cpt.haw-hamburg.de 18.06 16:48:11,521| DISPATCHER: Leite Befehl {vote,'246_3'} an meinen Worker weiter...
GGT(237_2)@lab24.cpt.haw-hamburg.de 18.06 16:48:11,523| ### vote erhalten! Ich = '237_2'  Initiator = '246_3') ###
GGT(237_2)@lab24.cpt.haw-hamburg.de 18.06 16:48:11,523| Leite Anfrage (vote) an den Linken Nachbarn '2310_2' weiter (implizites Zustimmen)
GGT(237_2)@lab24.cpt.haw-hamburg.de 18.06 16:48:11,524| DISPATCHER: Leite Befehl {vote,'249_1'} an meinen Worker weiter...
GGT(237_2)@lab24.cpt.haw-hamburg.de 18.06 16:48:11,526| ### vote erhalten! Ich = '237_2'  Initiator = '249_1') ###
GGT(237_2)@lab24.cpt.haw-hamburg.de 18.06 16:48:11,526| Leite Anfrage (vote) an den Linken Nachbarn '2310_2' weiter (implizites Zustimmen)
GGT(237_2)@lab24.cpt.haw-hamburg.de 18.06 16:48:11,528| DISPATCHER: Leite Befehl {vote,'2410_4'} an meinen Worker weiter...
GGT(237_2)@lab24.cpt.haw-hamburg.de 18.06 16:48:11,529| ### vote erhalten! Ich = '237_2'  Initiator = '2410_4') ###
GGT(237_2)@lab24.cpt.haw-hamburg.de 18.06 16:48:11,529| Leite Anfrage (vote) an den Linken Nachbarn '2310_2' weiter (implizites Zustimmen)
GGT(237_2)@lab24.cpt.haw-hamburg.de 18.06 16:48:11,531| DISPATCHER: Leite Befehl {vote,'216_2'} an meinen Worker weiter...
GGT(237_2)@lab24.cpt.haw-hamburg.de 18.06 16:48:11,532| ### vote erhalten! Ich = '237_2'  Initiator = '216_2') ###
GGT(237_2)@lab24.cpt.haw-hamburg.de 18.06 16:48:11,532| Leite Anfrage (vote) an den Linken Nachbarn '2310_2' weiter (implizites Zustimmen)
GGT(237_2)@lab24.cpt.haw-hamburg.de 18.06 16:48:11,532| DISPATCHER: Leite Befehl {vote,'212_2'} an meinen Worker weiter...
GGT(237_2)@lab24.cpt.haw-hamburg.de 18.06 16:48:11,536| DISPATCHER: Leite Befehl {vote,'2410_4'} an meinen Worker weiter...
GGT(237_2)@lab24.cpt.haw-hamburg.de 18.06 16:48:11,536| ### vote erhalten! Ich = '237_2'  Initiator = '212_2') ###
GGT(237_2)@lab24.cpt.haw-hamburg.de 18.06 16:48:11,536| Leite Anfrage (vote) an den Linken Nachbarn '2310_2' weiter (implizites Zustimmen)
GGT(237_2)@lab24.cpt.haw-hamburg.de 18.06 16:48:11,536| DISPATCHER: Leite Befehl {vote,'249_1'} an meinen Worker weiter...
GGT(237_2)@lab24.cpt.haw-hamburg.de 18.06 16:48:11,538| ### vote erhalten! Ich = '237_2'  Initiator = '2410_4') ###
GGT(237_2)@lab24.cpt.haw-hamburg.de 18.06 16:48:11,539| Leite Anfrage (vote) an den Linken Nachbarn '2310_2' weiter (implizites Zustimmen)
GGT(237_2)@lab24.cpt.haw-hamburg.de 18.06 16:48:11,541| ### vote erhalten! Ich = '237_2'  Initiator = '249_1') ###
GGT(237_2)@lab24.cpt.haw-hamburg.de 18.06 16:48:11,541| Leite Anfrage (vote) an den Linken Nachbarn '2310_2' weiter (implizites Zustimmen)
GGT(237_2)@lab24.cpt.haw-hamburg.de 18.06 16:48:11,542| DISPATCHER: Leite Befehl {vote,'242_4'} an meinen Worker weiter...
GGT(237_2)@lab24.cpt.haw-hamburg.de 18.06 16:48:11,543| ### vote erhalten! Ich = '237_2'  Initiator = '242_4') ###
GGT(237_2)@lab24.cpt.haw-hamburg.de 18.06 16:48:11,543| Leite Anfrage (vote) an den Linken Nachbarn '2310_2' weiter (implizites Zustimmen)
GGT(237_2)@lab24.cpt.haw-hamburg.de 18.06 16:48:11,544| DISPATCHER: Leite Befehl {vote,'241_3'} an meinen Worker weiter...
GGT(237_2)@lab24.cpt.haw-hamburg.de 18.06 16:48:11,547| ### vote erhalten! Ich = '237_2'  Initiator = '241_3') ###
GGT(237_2)@lab24.cpt.haw-hamburg.de 18.06 16:48:11,547| Leite Anfrage (vote) an den Linken Nachbarn '2310_2' weiter (implizites Zustimmen)
GGT(237_2)@lab24.cpt.haw-hamburg.de 18.06 16:48:11,548| DISPATCHER: Leite Befehl {vote,'219_1'} an meinen Worker weiter...
GGT(237_2)@lab24.cpt.haw-hamburg.de 18.06 16:48:11,549| ### vote erhalten! Ich = '237_2'  Initiator = '219_1') ###
GGT(237_2)@lab24.cpt.haw-hamburg.de 18.06 16:48:11,549| Leite Anfrage (vote) an den Linken Nachbarn '2310_2' weiter (implizites Zustimmen)
GGT(237_2)@lab24.cpt.haw-hamburg.de 18.06 16:48:11,550| DISPATCHER: Leite Befehl {vote,'242_4'} an meinen Worker weiter...
GGT(237_2)@lab24.cpt.haw-hamburg.de 18.06 16:48:11,552| ### vote erhalten! Ich = '237_2'  Initiator = '242_4') ###
GGT(237_2)@lab24.cpt.haw-hamburg.de 18.06 16:48:11,552| DISPATCHER: Leite Befehl {vote,'212_3'} an meinen Worker weiter...
GGT(237_2)@lab24.cpt.haw-hamburg.de 18.06 16:48:11,552| Leite Anfrage (vote) an den Linken Nachbarn '2310_2' weiter (implizites Zustimmen)
GGT(237_2)@lab24.cpt.haw-hamburg.de 18.06 16:48:11,554| DISPATCHER: Leite Befehl {vote,'245_2'} an meinen Worker weiter...
GGT(237_2)@lab24.cpt.haw-hamburg.de 18.06 16:48:11,555| ### vote erhalten! Ich = '237_2'  Initiator = '212_3') ###
GGT(237_2)@lab24.cpt.haw-hamburg.de 18.06 16:48:11,555| Leite Anfrage (vote) an den Linken Nachbarn '2310_2' weiter (implizites Zustimmen)
GGT(237_2)@lab24.cpt.haw-hamburg.de 18.06 16:48:11,557| ### vote erhalten! Ich = '237_2'  Initiator = '245_2') ###
GGT(237_2)@lab24.cpt.haw-hamburg.de 18.06 16:48:11,558| Leite Anfrage (vote) an den Linken Nachbarn '2310_2' weiter (implizites Zustimmen)
GGT(237_2)@lab24.cpt.haw-hamburg.de 18.06 16:48:11,559| DISPATCHER: Leite Befehl {vote,'2410_4'} an meinen Worker weiter...
GGT(237_2)@lab24.cpt.haw-hamburg.de 18.06 16:48:11,560| ### vote erhalten! Ich = '237_2'  Initiator = '2410_4') ###
GGT(237_2)@lab24.cpt.haw-hamburg.de 18.06 16:48:11,560| Leite Anfrage (vote) an den Linken Nachbarn '2310_2' weiter (implizites Zustimmen)
GGT(237_2)@lab24.cpt.haw-hamburg.de 18.06 16:48:11,563| DISPATCHER: Leite Befehl {vote,'241_3'} an meinen Worker weiter...
GGT(237_2)@lab24.cpt.haw-hamburg.de 18.06 16:48:11,563| DISPATCHER: Leite Befehl {vote,'241_3'} an meinen Worker weiter...
GGT(237_2)@lab24.cpt.haw-hamburg.de 18.06 16:48:11,564| ### vote erhalten! Ich = '237_2'  Initiator = '241_3') ###
GGT(237_2)@lab24.cpt.haw-hamburg.de 18.06 16:48:11,564| Leite Anfrage (vote) an den Linken Nachbarn '2310_2' weiter (implizites Zustimmen)
GGT(237_2)@lab24.cpt.haw-hamburg.de 18.06 16:48:11,566| ### vote erhalten! Ich = '237_2'  Initiator = '241_3') ###
GGT(237_2)@lab24.cpt.haw-hamburg.de 18.06 16:48:11,566| Leite Anfrage (vote) an den Linken Nachbarn '2310_2' weiter (implizites Zustimmen)
GGT(237_2)@lab24.cpt.haw-hamburg.de 18.06 16:48:11,568| DISPATCHER: Leite Befehl {vote,'219_1'} an meinen Worker weiter...
GGT(237_2)@lab24.cpt.haw-hamburg.de 18.06 16:48:11,568| DISPATCHER: Leite Befehl {vote,'247_3'} an meinen Worker weiter...
GGT(237_2)@lab24.cpt.haw-hamburg.de 18.06 16:48:11,569| ### vote erhalten! Ich = '237_2'  Initiator = '219_1') ###
GGT(237_2)@lab24.cpt.haw-hamburg.de 18.06 16:48:11,569| Leite Anfrage (vote) an den Linken Nachbarn '2310_2' weiter (implizites Zustimmen)
GGT(237_2)@lab24.cpt.haw-hamburg.de 18.06 16:48:11,570| DISPATCHER: Leite Befehl {vote,'245_1'} an meinen Worker weiter...
GGT(237_2)@lab24.cpt.haw-hamburg.de 18.06 16:48:11,572| ### vote erhalten! Ich = '237_2'  Initiator = '247_3') ###
GGT(237_2)@lab24.cpt.haw-hamburg.de 18.06 16:48:11,572| Leite Anfrage (vote) an den Linken Nachbarn '2310_2' weiter (implizites Zustimmen)
GGT(237_2)@lab24.cpt.haw-hamburg.de 18.06 16:48:11,573| DISPATCHER: Leite Befehl {vote,'241_3'} an meinen Worker weiter...
GGT(237_2)@lab24.cpt.haw-hamburg.de 18.06 16:48:11,574| ### vote erhalten! Ich = '237_2'  Initiator = '245_1') ###
GGT(237_2)@lab24.cpt.haw-hamburg.de 18.06 16:48:11,574| Leite Anfrage (vote) an den Linken Nachbarn '2310_2' weiter (implizites Zustimmen)
GGT(237_2)@lab24.cpt.haw-hamburg.de 18.06 16:48:11,576| ### vote erhalten! Ich = '237_2'  Initiator = '241_3') ###
GGT(237_2)@lab24.cpt.haw-hamburg.de 18.06 16:48:11,576| Leite Anfrage (vote) an den Linken Nachbarn '2310_2' weiter (implizites Zustimmen)
GGT(237_2)@lab24.cpt.haw-hamburg.de 18.06 16:48:11,576| DISPATCHER: Leite Befehl {vote,'245_1'} an meinen Worker weiter...
GGT(237_2)@lab24.cpt.haw-hamburg.de 18.06 16:48:11,578| ### vote erhalten! Ich = '237_2'  Initiator = '245_1') ###
GGT(237_2)@lab24.cpt.haw-hamburg.de 18.06 16:48:11,578| Leite Anfrage (vote) an den Linken Nachbarn '2310_2' weiter (implizites Zustimmen)
GGT(237_2)@lab24.cpt.haw-hamburg.de 18.06 16:48:11,580| DISPATCHER: Leite Befehl {vote,'247_3'} an meinen Worker weiter...
GGT(237_2)@lab24.cpt.haw-hamburg.de 18.06 16:48:11,581| DISPATCHER: Leite Befehl {vote,'243_4'} an meinen Worker weiter...
GGT(237_2)@lab24.cpt.haw-hamburg.de 18.06 16:48:11,582| ### vote erhalten! Ich = '237_2'  Initiator = '247_3') ###
GGT(237_2)@lab24.cpt.haw-hamburg.de 18.06 16:48:11,582| Leite Anfrage (vote) an den Linken Nachbarn '2310_2' weiter (implizites Zustimmen)
GGT(237_2)@lab24.cpt.haw-hamburg.de 18.06 16:48:11,583| DISPATCHER: Leite Befehl {vote,'219_4'} an meinen Worker weiter...
GGT(237_2)@lab24.cpt.haw-hamburg.de 18.06 16:48:11,583| DISPATCHER: Leite Befehl {vote,'243_4'} an meinen Worker weiter...
GGT(237_2)@lab24.cpt.haw-hamburg.de 18.06 16:48:11,585| ### vote erhalten! Ich = '237_2'  Initiator = '243_4') ###
GGT(237_2)@lab24.cpt.haw-hamburg.de 18.06 16:48:11,585| Leite Anfrage (vote) an den Linken Nachbarn '2310_2' weiter (implizites Zustimmen)
GGT(237_2)@lab24.cpt.haw-hamburg.de 18.06 16:48:11,586| ### vote erhalten! Ich = '237_2'  Initiator = '219_4') ###
GGT(237_2)@lab24.cpt.haw-hamburg.de 18.06 16:48:11,586| Leite Anfrage (vote) an den Linken Nachbarn '2310_2' weiter (implizites Zustimmen)
GGT(237_2)@lab24.cpt.haw-hamburg.de 18.06 16:48:11,588| DISPATCHER: Leite Befehl {vote,'247_3'} an meinen Worker weiter...
GGT(237_2)@lab24.cpt.haw-hamburg.de 18.06 16:48:11,589| ### vote erhalten! Ich = '237_2'  Initiator = '243_4') ###
GGT(237_2)@lab24.cpt.haw-hamburg.de 18.06 16:48:11,589| Leite Anfrage (vote) an den Linken Nachbarn '2310_2' weiter (implizites Zustimmen)
GGT(237_2)@lab24.cpt.haw-hamburg.de 18.06 16:48:11,591| ### vote erhalten! Ich = '237_2'  Initiator = '247_3') ###
GGT(237_2)@lab24.cpt.haw-hamburg.de 18.06 16:48:11,591| Leite Anfrage (vote) an den Linken Nachbarn '2310_2' weiter (implizites Zustimmen)
GGT(237_2)@lab24.cpt.haw-hamburg.de 18.06 16:48:11,593| DISPATCHER: Leite Befehl {vote,'241_3'} an meinen Worker weiter...
GGT(237_2)@lab24.cpt.haw-hamburg.de 18.06 16:48:11,593| ### vote erhalten! Ich = '237_2'  Initiator = '241_3') ###
GGT(237_2)@lab24.cpt.haw-hamburg.de 18.06 16:48:11,594| Leite Anfrage (vote) an den Linken Nachbarn '2310_2' weiter (implizites Zustimmen)
GGT(237_2)@lab24.cpt.haw-hamburg.de 18.06 16:48:11,595| DISPATCHER: Leite Befehl {vote,'242_4'} an meinen Worker weiter...
GGT(237_2)@lab24.cpt.haw-hamburg.de 18.06 16:48:11,597| ### vote erhalten! Ich = '237_2'  Initiator = '242_4') ###
GGT(237_2)@lab24.cpt.haw-hamburg.de 18.06 16:48:11,597| Leite Anfrage (vote) an den Linken Nachbarn '2310_2' weiter (implizites Zustimmen)
GGT(237_2)@lab24.cpt.haw-hamburg.de 18.06 16:48:11,598| DISPATCHER: Leite Befehl {vote,'241_4'} an meinen Worker weiter...
GGT(237_2)@lab24.cpt.haw-hamburg.de 18.06 16:48:11,598| DISPATCHER: Leite Befehl {vote,'241_4'} an meinen Worker weiter...
GGT(237_2)@lab24.cpt.haw-hamburg.de 18.06 16:48:11,601| ### vote erhalten! Ich = '237_2'  Initiator = '241_4') ###
GGT(237_2)@lab24.cpt.haw-hamburg.de 18.06 16:48:11,601| Leite Anfrage (vote) an den Linken Nachbarn '2310_2' weiter (implizites Zustimmen)
GGT(237_2)@lab24.cpt.haw-hamburg.de 18.06 16:48:11,602| ### vote erhalten! Ich = '237_2'  Initiator = '241_4') ###
GGT(237_2)@lab24.cpt.haw-hamburg.de 18.06 16:48:11,602| Leite Anfrage (vote) an den Linken Nachbarn '2310_2' weiter (implizites Zustimmen)
GGT(237_2)@lab24.cpt.haw-hamburg.de 18.06 16:48:11,602| DISPATCHER: Leite Befehl {vote,'242_4'} an meinen Worker weiter...
GGT(237_2)@lab24.cpt.haw-hamburg.de 18.06 16:48:11,605| ### vote erhalten! Ich = '237_2'  Initiator = '242_4') ###
GGT(237_2)@lab24.cpt.haw-hamburg.de 18.06 16:48:11,605| Leite Anfrage (vote) an den Linken Nachbarn '2310_2' weiter (implizites Zustimmen)
GGT(237_2)@lab24.cpt.haw-hamburg.de 18.06 16:48:11,606| DISPATCHER: Leite Befehl {vote,'247_1'} an meinen Worker weiter...
GGT(237_2)@lab24.cpt.haw-hamburg.de 18.06 16:48:11,607| ### vote erhalten! Ich = '237_2'  Initiator = '247_1') ###
GGT(237_2)@lab24.cpt.haw-hamburg.de 18.06 16:48:11,607| Leite Anfrage (vote) an den Linken Nachbarn '2310_2' weiter (implizites Zustimmen)
GGT(237_2)@lab24.cpt.haw-hamburg.de 18.06 16:48:11,609| DISPATCHER: Leite Befehl {vote,'247_3'} an meinen Worker weiter...
GGT(237_2)@lab24.cpt.haw-hamburg.de 18.06 16:48:11,610| ### vote erhalten! Ich = '237_2'  Initiator = '247_3') ###
GGT(237_2)@lab24.cpt.haw-hamburg.de 18.06 16:48:11,611| Leite Anfrage (vote) an den Linken Nachbarn '2310_2' weiter (implizites Zustimmen)
GGT(237_2)@lab24.cpt.haw-hamburg.de 18.06 16:48:11,611| DISPATCHER: Leite Befehl {vote,'241_3'} an meinen Worker weiter...
GGT(237_2)@lab24.cpt.haw-hamburg.de 18.06 16:48:11,613| DISPATCHER: Leite Befehl {vote,'242_4'} an meinen Worker weiter...
GGT(237_2)@lab24.cpt.haw-hamburg.de 18.06 16:48:11,613| ### vote erhalten! Ich = '237_2'  Initiator = '241_3') ###
GGT(237_2)@lab24.cpt.haw-hamburg.de 18.06 16:48:11,613| Leite Anfrage (vote) an den Linken Nachbarn '2310_2' weiter (implizites Zustimmen)
GGT(237_2)@lab24.cpt.haw-hamburg.de 18.06 16:48:11,614| ### vote erhalten! Ich = '237_2'  Initiator = '242_4') ###
GGT(237_2)@lab24.cpt.haw-hamburg.de 18.06 16:48:11,614| Leite Anfrage (vote) an den Linken Nachbarn '2310_2' weiter (implizites Zustimmen)
GGT(237_2)@lab24.cpt.haw-hamburg.de 18.06 16:48:11,614| DISPATCHER: Leite Befehl {vote,'243_4'} an meinen Worker weiter...
GGT(237_2)@lab24.cpt.haw-hamburg.de 18.06 16:48:11,617| DISPATCHER: Leite Befehl {vote,'243_4'} an meinen Worker weiter...
GGT(237_2)@lab24.cpt.haw-hamburg.de 18.06 16:48:11,617| ### vote erhalten! Ich = '237_2'  Initiator = '243_4') ###
GGT(237_2)@lab24.cpt.haw-hamburg.de 18.06 16:48:11,617| Leite Anfrage (vote) an den Linken Nachbarn '2310_2' weiter (implizites Zustimmen)
GGT(237_2)@lab24.cpt.haw-hamburg.de 18.06 16:48:11,617| DISPATCHER: Leite Befehl {vote,'241_3'} an meinen Worker weiter...
GGT(237_2)@lab24.cpt.haw-hamburg.de 18.06 16:48:11,618| ### vote erhalten! Ich = '237_2'  Initiator = '243_4') ###
GGT(237_2)@lab24.cpt.haw-hamburg.de 18.06 16:48:11,618| Leite Anfrage (vote) an den Linken Nachbarn '2310_2' weiter (implizites Zustimmen)
GGT(237_2)@lab24.cpt.haw-hamburg.de 18.06 16:48:11,620| ### vote erhalten! Ich = '237_2'  Initiator = '241_3') ###
GGT(237_2)@lab24.cpt.haw-hamburg.de 18.06 16:48:11,620| DISPATCHER: Leite Befehl {vote,'242_4'} an meinen Worker weiter...
GGT(237_2)@lab24.cpt.haw-hamburg.de 18.06 16:48:11,620| Leite Anfrage (vote) an den Linken Nachbarn '2310_2' weiter (implizites Zustimmen)
GGT(237_2)@lab24.cpt.haw-hamburg.de 18.06 16:48:11,622| ### vote erhalten! Ich = '237_2'  Initiator = '242_4') ###
GGT(237_2)@lab24.cpt.haw-hamburg.de 18.06 16:48:11,622| Leite Anfrage (vote) an den Linken Nachbarn '2310_2' weiter (implizites Zustimmen)
GGT(237_2)@lab24.cpt.haw-hamburg.de 18.06 16:48:11,623| DISPATCHER: Leite Befehl {vote,'247_1'} an meinen Worker weiter...
GGT(237_2)@lab24.cpt.haw-hamburg.de 18.06 16:48:11,624| ### vote erhalten! Ich = '237_2'  Initiator = '247_1') ###
GGT(237_2)@lab24.cpt.haw-hamburg.de 18.06 16:48:11,624| Leite Anfrage (vote) an den Linken Nachbarn '2310_2' weiter (implizites Zustimmen)
GGT(237_2)@lab24.cpt.haw-hamburg.de 18.06 16:48:11,624| DISPATCHER: Leite Befehl {vote,'243_4'} an meinen Worker weiter...
GGT(237_2)@lab24.cpt.haw-hamburg.de 18.06 16:48:11,626| ### vote erhalten! Ich = '237_2'  Initiator = '243_4') ###
GGT(237_2)@lab24.cpt.haw-hamburg.de 18.06 16:48:11,626| Leite Anfrage (vote) an den Linken Nachbarn '2310_2' weiter (implizites Zustimmen)
GGT(237_2)@lab24.cpt.haw-hamburg.de 18.06 16:48:11,627| DISPATCHER: Leite Befehl {vote,'243_4'} an meinen Worker weiter...
GGT(237_2)@lab24.cpt.haw-hamburg.de 18.06 16:48:11,629| ### vote erhalten! Ich = '237_2'  Initiator = '243_4') ###
GGT(237_2)@lab24.cpt.haw-hamburg.de 18.06 16:48:11,629| Leite Anfrage (vote) an den Linken Nachbarn '2310_2' weiter (implizites Zustimmen)
GGT(237_2)@lab24.cpt.haw-hamburg.de 18.06 16:48:11,629| DISPATCHER: Leite Befehl {vote,'242_2'} an meinen Worker weiter...
GGT(237_2)@lab24.cpt.haw-hamburg.de 18.06 16:48:11,630| DISPATCHER: Leite Befehl {vote,'242_2'} an meinen Worker weiter...
GGT(237_2)@lab24.cpt.haw-hamburg.de 18.06 16:48:11,630| ### vote erhalten! Ich = '237_2'  Initiator = '242_2') ###
GGT(237_2)@lab24.cpt.haw-hamburg.de 18.06 16:48:11,632| Leite Anfrage (vote) an den Linken Nachbarn '2310_2' weiter (implizites Zustimmen)
GGT(237_2)@lab24.cpt.haw-hamburg.de 18.06 16:48:11,634| DISPATCHER: Leite Befehl {vote,'242_2'} an meinen Worker weiter...
GGT(237_2)@lab24.cpt.haw-hamburg.de 18.06 16:48:11,634| ### vote erhalten! Ich = '237_2'  Initiator = '242_2') ###
GGT(237_2)@lab24.cpt.haw-hamburg.de 18.06 16:48:11,634| Leite Anfrage (vote) an den Linken Nachbarn '2310_2' weiter (implizites Zustimmen)
GGT(237_2)@lab24.cpt.haw-hamburg.de 18.06 16:48:11,636| ### vote erhalten! Ich = '237_2'  Initiator = '242_2') ###
GGT(237_2)@lab24.cpt.haw-hamburg.de 18.06 16:48:11,636| Leite Anfrage (vote) an den Linken Nachbarn '2310_2' weiter (implizites Zustimmen)
GGT(237_2)@lab24.cpt.haw-hamburg.de 18.06 16:48:11,636| DISPATCHER: Leite Befehl {vote,'241_1'} an meinen Worker weiter...
GGT(237_2)@lab24.cpt.haw-hamburg.de 18.06 16:48:11,637| DISPATCHER: Leite Befehl {vote,'219_4'} an meinen Worker weiter...
GGT(237_2)@lab24.cpt.haw-hamburg.de 18.06 16:48:11,638| ### vote erhalten! Ich = '237_2'  Initiator = '241_1') ###
GGT(237_2)@lab24.cpt.haw-hamburg.de 18.06 16:48:11,638| DISPATCHER: Leite Befehl {vote,'241_1'} an meinen Worker weiter...
GGT(237_2)@lab24.cpt.haw-hamburg.de 18.06 16:48:11,638| Leite Anfrage (vote) an den Linken Nachbarn '2310_2' weiter (implizites Zustimmen)
GGT(237_2)@lab24.cpt.haw-hamburg.de 18.06 16:48:11,638| DISPATCHER: Leite Befehl {vote,'249_3'} an meinen Worker weiter...
GGT(237_2)@lab24.cpt.haw-hamburg.de 18.06 16:48:11,640| ### vote erhalten! Ich = '237_2'  Initiator = '219_4') ###
GGT(237_2)@lab24.cpt.haw-hamburg.de 18.06 16:48:11,640| Leite Anfrage (vote) an den Linken Nachbarn '2310_2' weiter (implizites Zustimmen)
GGT(237_2)@lab24.cpt.haw-hamburg.de 18.06 16:48:11,640| DISPATCHER: Leite Befehl {vote,'241_1'} an meinen Worker weiter...
GGT(237_2)@lab24.cpt.haw-hamburg.de 18.06 16:48:11,641| ### vote erhalten! Ich = '237_2'  Initiator = '241_1') ###
GGT(237_2)@lab24.cpt.haw-hamburg.de 18.06 16:48:11,642| Leite Anfrage (vote) an den Linken Nachbarn '2310_2' weiter (implizites Zustimmen)
GGT(237_2)@lab24.cpt.haw-hamburg.de 18.06 16:48:11,642| DISPATCHER: Leite Befehl {vote,'247_1'} an meinen Worker weiter...
GGT(237_2)@lab24.cpt.haw-hamburg.de 18.06 16:48:11,643| ### vote erhalten! Ich = '237_2'  Initiator = '249_3') ###
GGT(237_2)@lab24.cpt.haw-hamburg.de 18.06 16:48:11,643| Leite Anfrage (vote) an den Linken Nachbarn '2310_2' weiter (implizites Zustimmen)
GGT(237_2)@lab24.cpt.haw-hamburg.de 18.06 16:48:11,643| DISPATCHER: Leite Befehl {vote,'241_1'} an meinen Worker weiter...
GGT(237_2)@lab24.cpt.haw-hamburg.de 18.06 16:48:11,644| ### vote erhalten! Ich = '237_2'  Initiator = '241_1') ###
GGT(237_2)@lab24.cpt.haw-hamburg.de 18.06 16:48:11,644| Leite Anfrage (vote) an den Linken Nachbarn '2310_2' weiter (implizites Zustimmen)
GGT(237_2)@lab24.cpt.haw-hamburg.de 18.06 16:48:11,645| ### vote erhalten! Ich = '237_2'  Initiator = '247_1') ###
GGT(237_2)@lab24.cpt.haw-hamburg.de 18.06 16:48:11,645| Leite Anfrage (vote) an den Linken Nachbarn '2310_2' weiter (implizites Zustimmen)
GGT(237_2)@lab24.cpt.haw-hamburg.de 18.06 16:48:11,646| DISPATCHER: Leite Befehl {vote,'212_1'} an meinen Worker weiter...
GGT(237_2)@lab24.cpt.haw-hamburg.de 18.06 16:48:11,647| ### vote erhalten! Ich = '237_2'  Initiator = '241_1') ###
GGT(237_2)@lab24.cpt.haw-hamburg.de 18.06 16:48:11,647| Leite Anfrage (vote) an den Linken Nachbarn '2310_2' weiter (implizites Zustimmen)
GGT(237_2)@lab24.cpt.haw-hamburg.de 18.06 16:48:11,648| DISPATCHER: Leite Befehl {vote,'249_3'} an meinen Worker weiter...
GGT(237_2)@lab24.cpt.haw-hamburg.de 18.06 16:48:11,649| DISPATCHER: Leite Befehl {vote,'247_3'} an meinen Worker weiter...
GGT(237_2)@lab24.cpt.haw-hamburg.de 18.06 16:48:11,649| ### vote erhalten! Ich = '237_2'  Initiator = '212_1') ###
GGT(237_2)@lab24.cpt.haw-hamburg.de 18.06 16:48:11,649| Leite Anfrage (vote) an den Linken Nachbarn '2310_2' weiter (implizites Zustimmen)
GGT(237_2)@lab24.cpt.haw-hamburg.de 18.06 16:48:11,649| ### vote erhalten! Ich = '237_2'  Initiator = '249_3') ###
GGT(237_2)@lab24.cpt.haw-hamburg.de 18.06 16:48:11,650| Leite Anfrage (vote) an den Linken Nachbarn '2310_2' weiter (implizites Zustimmen)
GGT(237_2)@lab24.cpt.haw-hamburg.de 18.06 16:48:11,651| ### vote erhalten! Ich = '237_2'  Initiator = '247_3') ###
GGT(237_2)@lab24.cpt.haw-hamburg.de 18.06 16:48:11,651| Leite Anfrage (vote) an den Linken Nachbarn '2310_2' weiter (implizites Zustimmen)
GGT(237_2)@lab24.cpt.haw-hamburg.de 18.06 16:48:11,651| DISPATCHER: Leite Befehl {vote,'247_1'} an meinen Worker weiter...
GGT(237_2)@lab24.cpt.haw-hamburg.de 18.06 16:48:11,652| DISPATCHER: Leite Befehl {vote,'211_4'} an meinen Worker weiter...
GGT(237_2)@lab24.cpt.haw-hamburg.de 18.06 16:48:11,653| ### vote erhalten! Ich = '237_2'  Initiator = '247_1') ###
GGT(237_2)@lab24.cpt.haw-hamburg.de 18.06 16:48:11,653| Leite Anfrage (vote) an den Linken Nachbarn '2310_2' weiter (implizites Zustimmen)
GGT(237_2)@lab24.cpt.haw-hamburg.de 18.06 16:48:11,654| DISPATCHER: Leite Befehl {vote,'212_1'} an meinen Worker weiter...
GGT(237_2)@lab24.cpt.haw-hamburg.de 18.06 16:48:11,654| ### vote erhalten! Ich = '237_2'  Initiator = '211_4') ###
GGT(237_2)@lab24.cpt.haw-hamburg.de 18.06 16:48:11,655| Leite Anfrage (vote) an den Linken Nachbarn '2310_2' weiter (implizites Zustimmen)
GGT(237_2)@lab24.cpt.haw-hamburg.de 18.06 16:48:11,655| DISPATCHER: Leite Befehl {vote,'249_3'} an meinen Worker weiter...
GGT(237_2)@lab24.cpt.haw-hamburg.de 18.06 16:48:11,657| DISPATCHER: Leite Befehl {vote,'211_1'} an meinen Worker weiter...
GGT(237_2)@lab24.cpt.haw-hamburg.de 18.06 16:48:11,658| ### vote erhalten! Ich = '237_2'  Initiator = '212_1') ###
GGT(237_2)@lab24.cpt.haw-hamburg.de 18.06 16:48:11,658| Leite Anfrage (vote) an den Linken Nachbarn '2310_2' weiter (implizites Zustimmen)
GGT(237_2)@lab24.cpt.haw-hamburg.de 18.06 16:48:11,660| DISPATCHER: Leite Befehl {vote,'211_4'} an meinen Worker weiter...
GGT(237_2)@lab24.cpt.haw-hamburg.de 18.06 16:48:11,661| ### vote erhalten! Ich = '237_2'  Initiator = '249_3') ###
GGT(237_2)@lab24.cpt.haw-hamburg.de 18.06 16:48:11,661| Leite Anfrage (vote) an den Linken Nachbarn '2310_2' weiter (implizites Zustimmen)
GGT(237_2)@lab24.cpt.haw-hamburg.de 18.06 16:48:11,661| DISPATCHER: Leite Befehl {vote,'249_3'} an meinen Worker weiter...
GGT(237_2)@lab24.cpt.haw-hamburg.de 18.06 16:48:11,662| ### vote erhalten! Ich = '237_2'  Initiator = '211_1') ###
GGT(237_2)@lab24.cpt.haw-hamburg.de 18.06 16:48:11,662| Leite Anfrage (vote) an den Linken Nachbarn '2310_2' weiter (implizites Zustimmen)
GGT(237_2)@lab24.cpt.haw-hamburg.de 18.06 16:48:11,664| ### vote erhalten! Ich = '237_2'  Initiator = '211_4') ###
GGT(237_2)@lab24.cpt.haw-hamburg.de 18.06 16:48:11,664| Leite Anfrage (vote) an den Linken Nachbarn '2310_2' weiter (implizites Zustimmen)
GGT(237_2)@lab24.cpt.haw-hamburg.de 18.06 16:48:11,665| DISPATCHER: Leite Befehl {vote,'242_2'} an meinen Worker weiter...
GGT(237_2)@lab24.cpt.haw-hamburg.de 18.06 16:48:11,665| DISPATCHER: Leite Befehl {vote,'241_1'} an meinen Worker weiter...
GGT(237_2)@lab24.cpt.haw-hamburg.de 18.06 16:48:11,667| ### vote erhalten! Ich = '237_2'  Initiator = '249_3') ###
GGT(237_2)@lab24.cpt.haw-hamburg.de 18.06 16:48:11,667| Leite Anfrage (vote) an den Linken Nachbarn '2310_2' weiter (implizites Zustimmen)
GGT(237_2)@lab24.cpt.haw-hamburg.de 18.06 16:48:11,668| ### vote erhalten! Ich = '237_2'  Initiator = '242_2') ###
GGT(237_2)@lab24.cpt.haw-hamburg.de 18.06 16:48:11,668| Leite Anfrage (vote) an den Linken Nachbarn '2310_2' weiter (implizites Zustimmen)
GGT(237_2)@lab24.cpt.haw-hamburg.de 18.06 16:48:11,668| DISPATCHER: Leite Befehl {vote,'249_3'} an meinen Worker weiter...
GGT(237_2)@lab24.cpt.haw-hamburg.de 18.06 16:48:11,669| ### vote erhalten! Ich = '237_2'  Initiator = '241_1') ###
GGT(237_2)@lab24.cpt.haw-hamburg.de 18.06 16:48:11,669| Leite Anfrage (vote) an den Linken Nachbarn '2310_2' weiter (implizites Zustimmen)
GGT(237_2)@lab24.cpt.haw-hamburg.de 18.06 16:48:11,670| DISPATCHER: Leite Befehl {vote,'247_3'} an meinen Worker weiter...
GGT(237_2)@lab24.cpt.haw-hamburg.de 18.06 16:48:11,671| ### vote erhalten! Ich = '237_2'  Initiator = '249_3') ###
GGT(237_2)@lab24.cpt.haw-hamburg.de 18.06 16:48:11,671| Leite Anfrage (vote) an den Linken Nachbarn '2310_2' weiter (implizites Zustimmen)
GGT(237_2)@lab24.cpt.haw-hamburg.de 18.06 16:48:11,671| DISPATCHER: Leite Befehl {vote,'211_1'} an meinen Worker weiter...
GGT(237_2)@lab24.cpt.haw-hamburg.de 18.06 16:48:11,672| DISPATCHER: Leite Befehl {vote,'2110_3'} an meinen Worker weiter...
GGT(237_2)@lab24.cpt.haw-hamburg.de 18.06 16:48:11,672| ### vote erhalten! Ich = '237_2'  Initiator = '247_3') ###
GGT(237_2)@lab24.cpt.haw-hamburg.de 18.06 16:48:11,672| Leite Anfrage (vote) an den Linken Nachbarn '2310_2' weiter (implizites Zustimmen)
GGT(237_2)@lab24.cpt.haw-hamburg.de 18.06 16:48:11,673| DISPATCHER: Leite Befehl {vote,'242_2'} an meinen Worker weiter...
GGT(237_2)@lab24.cpt.haw-hamburg.de 18.06 16:48:11,673| ### vote erhalten! Ich = '237_2'  Initiator = '211_1') ###
GGT(237_2)@lab24.cpt.haw-hamburg.de 18.06 16:48:11,673| Leite Anfrage (vote) an den Linken Nachbarn '2310_2' weiter (implizites Zustimmen)
GGT(237_2)@lab24.cpt.haw-hamburg.de 18.06 16:48:11,674| ### vote erhalten! Ich = '237_2'  Initiator = '2110_3') ###
GGT(237_2)@lab24.cpt.haw-hamburg.de 18.06 16:48:11,674| Leite Anfrage (vote) an den Linken Nachbarn '2310_2' weiter (implizites Zustimmen)
GGT(237_2)@lab24.cpt.haw-hamburg.de 18.06 16:48:11,675| ### vote erhalten! Ich = '237_2'  Initiator = '242_2') ###
GGT(237_2)@lab24.cpt.haw-hamburg.de 18.06 16:48:11,676| Leite Anfrage (vote) an den Linken Nachbarn '2310_2' weiter (implizites Zustimmen)
GGT(237_2)@lab24.cpt.haw-hamburg.de 18.06 16:48:11,676| DISPATCHER: Leite Befehl {vote,'247_3'} an meinen Worker weiter...
GGT(237_2)@lab24.cpt.haw-hamburg.de 18.06 16:48:11,677| DISPATCHER: Leite Befehl {vote,'243_4'} an meinen Worker weiter...
GGT(237_2)@lab24.cpt.haw-hamburg.de 18.06 16:48:11,677| DISPATCHER: Leite Befehl {vote,'245_3'} an meinen Worker weiter...
GGT(237_2)@lab24.cpt.haw-hamburg.de 18.06 16:48:11,677| ### vote erhalten! Ich = '237_2'  Initiator = '247_3') ###
GGT(237_2)@lab24.cpt.haw-hamburg.de 18.06 16:48:11,678| Leite Anfrage (vote) an den Linken Nachbarn '2310_2' weiter (implizites Zustimmen)
GGT(237_2)@lab24.cpt.haw-hamburg.de 18.06 16:48:11,678| DISPATCHER: Leite Befehl {vote,'245_3'} an meinen Worker weiter...
GGT(237_2)@lab24.cpt.haw-hamburg.de 18.06 16:48:11,679| ### vote erhalten! Ich = '237_2'  Initiator = '243_4') ###
GGT(237_2)@lab24.cpt.haw-hamburg.de 18.06 16:48:11,679| Leite Anfrage (vote) an den Linken Nachbarn '2310_2' weiter (implizites Zustimmen)
GGT(237_2)@lab24.cpt.haw-hamburg.de 18.06 16:48:11,679| DISPATCHER: Leite Befehl {vote,'247_3'} an meinen Worker weiter...
GGT(237_2)@lab24.cpt.haw-hamburg.de 18.06 16:48:11,680| ### vote erhalten! Ich = '237_2'  Initiator = '245_3') ###
GGT(237_2)@lab24.cpt.haw-hamburg.de 18.06 16:48:11,680| Leite Anfrage (vote) an den Linken Nachbarn '2310_2' weiter (implizites Zustimmen)
GGT(237_2)@lab24.cpt.haw-hamburg.de 18.06 16:48:11,681| DISPATCHER: Leite Befehl {vote,'2110_3'} an meinen Worker weiter...
GGT(237_2)@lab24.cpt.haw-hamburg.de 18.06 16:48:11,682| ### vote erhalten! Ich = '237_2'  Initiator = '245_3') ###
GGT(237_2)@lab24.cpt.haw-hamburg.de 18.06 16:48:11,682| Leite Anfrage (vote) an den Linken Nachbarn '2310_2' weiter (implizites Zustimmen)
GGT(237_2)@lab24.cpt.haw-hamburg.de 18.06 16:48:11,683| ### vote erhalten! Ich = '237_2'  Initiator = '247_3') ###
GGT(237_2)@lab24.cpt.haw-hamburg.de 18.06 16:48:11,683| Leite Anfrage (vote) an den Linken Nachbarn '2310_2' weiter (implizites Zustimmen)
GGT(237_2)@lab24.cpt.haw-hamburg.de 18.06 16:48:11,685| ### vote erhalten! Ich = '237_2'  Initiator = '2110_3') ###
GGT(237_2)@lab24.cpt.haw-hamburg.de 18.06 16:48:11,685| Leite Anfrage (vote) an den Linken Nachbarn '2310_2' weiter (implizites Zustimmen)
GGT(237_2)@lab24.cpt.haw-hamburg.de 18.06 16:48:11,687| DISPATCHER: Leite Befehl {vote,'243_4'} an meinen Worker weiter...
GGT(237_2)@lab24.cpt.haw-hamburg.de 18.06 16:48:11,687| ### vote erhalten! Ich = '237_2'  Initiator = '243_4') ###
GGT(237_2)@lab24.cpt.haw-hamburg.de 18.06 16:48:11,687| Leite Anfrage (vote) an den Linken Nachbarn '2310_2' weiter (implizites Zustimmen)
GGT(237_2)@lab24.cpt.haw-hamburg.de 18.06 16:48:11,688| DISPATCHER: Leite Befehl {vote,'216_1'} an meinen Worker weiter...
GGT(237_2)@lab24.cpt.haw-hamburg.de 18.06 16:48:11,689| ### vote erhalten! Ich = '237_2'  Initiator = '216_1') ###
GGT(237_2)@lab24.cpt.haw-hamburg.de 18.06 16:48:11,689| Leite Anfrage (vote) an den Linken Nachbarn '2310_2' weiter (implizites Zustimmen)
GGT(237_2)@lab24.cpt.haw-hamburg.de 18.06 16:48:11,689| DISPATCHER: Leite Befehl {vote,'243_4'} an meinen Worker weiter...
GGT(237_2)@lab24.cpt.haw-hamburg.de 18.06 16:48:11,691| ### vote erhalten! Ich = '237_2'  Initiator = '243_4') ###
GGT(237_2)@lab24.cpt.haw-hamburg.de 18.06 16:48:11,691| Leite Anfrage (vote) an den Linken Nachbarn '2310_2' weiter (implizites Zustimmen)
GGT(237_2)@lab24.cpt.haw-hamburg.de 18.06 16:48:11,692| DISPATCHER: Leite Befehl {vote,'245_3'} an meinen Worker weiter...
GGT(237_2)@lab24.cpt.haw-hamburg.de 18.06 16:48:11,693| ### vote erhalten! Ich = '237_2'  Initiator = '245_3') ###
GGT(237_2)@lab24.cpt.haw-hamburg.de 18.06 16:48:11,693| Leite Anfrage (vote) an den Linken Nachbarn '2310_2' weiter (implizites Zustimmen)
GGT(237_2)@lab24.cpt.haw-hamburg.de 18.06 16:48:11,694| DISPATCHER: Leite Befehl {vote,'218_1'} an meinen Worker weiter...
GGT(237_2)@lab24.cpt.haw-hamburg.de 18.06 16:48:11,694| ### vote erhalten! Ich = '237_2'  Initiator = '218_1') ###
GGT(237_2)@lab24.cpt.haw-hamburg.de 18.06 16:48:11,695| Leite Anfrage (vote) an den Linken Nachbarn '2310_2' weiter (implizites Zustimmen)
GGT(237_2)@lab24.cpt.haw-hamburg.de 18.06 16:48:11,695| DISPATCHER: Leite Befehl {vote,'243_4'} an meinen Worker weiter...
GGT(237_2)@lab24.cpt.haw-hamburg.de 18.06 16:48:11,696| ### vote erhalten! Ich = '237_2'  Initiator = '243_4') ###
GGT(237_2)@lab24.cpt.haw-hamburg.de 18.06 16:48:11,697| Leite Anfrage (vote) an den Linken Nachbarn '2310_2' weiter (implizites Zustimmen)
GGT(237_2)@lab24.cpt.haw-hamburg.de 18.06 16:48:11,697| DISPATCHER: Leite Befehl {vote,'246_1'} an meinen Worker weiter...
GGT(237_2)@lab24.cpt.haw-hamburg.de 18.06 16:48:11,699| DISPATCHER: Leite Befehl {vote,'218_1'} an meinen Worker weiter...
GGT(237_2)@lab24.cpt.haw-hamburg.de 18.06 16:48:11,699| ### vote erhalten! Ich = '237_2'  Initiator = '246_1') ###
GGT(237_2)@lab24.cpt.haw-hamburg.de 18.06 16:48:11,699| Leite Anfrage (vote) an den Linken Nachbarn '2310_2' weiter (implizites Zustimmen)
GGT(237_2)@lab24.cpt.haw-hamburg.de 18.06 16:48:11,702| ### vote erhalten! Ich = '237_2'  Initiator = '218_1') ###
GGT(237_2)@lab24.cpt.haw-hamburg.de 18.06 16:48:11,702| Leite Anfrage (vote) an den Linken Nachbarn '2310_2' weiter (implizites Zustimmen)
GGT(237_2)@lab24.cpt.haw-hamburg.de 18.06 16:48:11,703| DISPATCHER: Leite Befehl {vote,'246_1'} an meinen Worker weiter...
GGT(237_2)@lab24.cpt.haw-hamburg.de 18.06 16:48:11,704| ### vote erhalten! Ich = '237_2'  Initiator = '246_1') ###
GGT(237_2)@lab24.cpt.haw-hamburg.de 18.06 16:48:11,704| Leite Anfrage (vote) an den Linken Nachbarn '2310_2' weiter (implizites Zustimmen)
GGT(237_2)@lab24.cpt.haw-hamburg.de 18.06 16:48:11,704| DISPATCHER: Leite Befehl {vote,'247_1'} an meinen Worker weiter...
GGT(237_2)@lab24.cpt.haw-hamburg.de 18.06 16:48:11,705| ### vote erhalten! Ich = '237_2'  Initiator = '247_1') ###
GGT(237_2)@lab24.cpt.haw-hamburg.de 18.06 16:48:11,705| Leite Anfrage (vote) an den Linken Nachbarn '2310_2' weiter (implizites Zustimmen)
GGT(237_2)@lab24.cpt.haw-hamburg.de 18.06 16:48:11,709| DISPATCHER: Leite Befehl {vote,'247_3'} an meinen Worker weiter...
GGT(237_2)@lab24.cpt.haw-hamburg.de 18.06 16:48:11,709| DISPATCHER: Leite Befehl {vote,'246_2'} an meinen Worker weiter...
GGT(237_2)@lab24.cpt.haw-hamburg.de 18.06 16:48:11,710| DISPATCHER: Leite Befehl {vote,'247_1'} an meinen Worker weiter...
GGT(237_2)@lab24.cpt.haw-hamburg.de 18.06 16:48:11,710| DISPATCHER: Leite Befehl {vote,'246_1'} an meinen Worker weiter...
GGT(237_2)@lab24.cpt.haw-hamburg.de 18.06 16:48:11,710| ### vote erhalten! Ich = '237_2'  Initiator = '247_3') ###
GGT(237_2)@lab24.cpt.haw-hamburg.de 18.06 16:48:11,711| Leite Anfrage (vote) an den Linken Nachbarn '2310_2' weiter (implizites Zustimmen)
GGT(237_2)@lab24.cpt.haw-hamburg.de 18.06 16:48:11,712| DISPATCHER: Leite Befehl {vote,'247_3'} an meinen Worker weiter...
GGT(237_2)@lab24.cpt.haw-hamburg.de 18.06 16:48:11,712| ### vote erhalten! Ich = '237_2'  Initiator = '246_2') ###
GGT(237_2)@lab24.cpt.haw-hamburg.de 18.06 16:48:11,713| Leite Anfrage (vote) an den Linken Nachbarn '2310_2' weiter (implizites Zustimmen)
GGT(237_2)@lab24.cpt.haw-hamburg.de 18.06 16:48:11,714| ### vote erhalten! Ich = '237_2'  Initiator = '247_1') ###
GGT(237_2)@lab24.cpt.haw-hamburg.de 18.06 16:48:11,714| Leite Anfrage (vote) an den Linken Nachbarn '2310_2' weiter (implizites Zustimmen)
GGT(237_2)@lab24.cpt.haw-hamburg.de 18.06 16:48:11,716| ### vote erhalten! Ich = '237_2'  Initiator = '246_1') ###
GGT(237_2)@lab24.cpt.haw-hamburg.de 18.06 16:48:11,716| Leite Anfrage (vote) an den Linken Nachbarn '2310_2' weiter (implizites Zustimmen)
GGT(237_2)@lab24.cpt.haw-hamburg.de 18.06 16:48:11,717| DISPATCHER: Leite Befehl {vote,'246_1'} an meinen Worker weiter...
GGT(237_2)@lab24.cpt.haw-hamburg.de 18.06 16:48:11,717| ### vote erhalten! Ich = '237_2'  Initiator = '247_3') ###
GGT(237_2)@lab24.cpt.haw-hamburg.de 18.06 16:48:11,717| Leite Anfrage (vote) an den Linken Nachbarn '2310_2' weiter (implizites Zustimmen)
GGT(237_2)@lab24.cpt.haw-hamburg.de 18.06 16:48:11,719| DISPATCHER: Leite Befehl {vote,'246_2'} an meinen Worker weiter...
GGT(237_2)@lab24.cpt.haw-hamburg.de 18.06 16:48:11,719| ### vote erhalten! Ich = '237_2'  Initiator = '246_1') ###
GGT(237_2)@lab24.cpt.haw-hamburg.de 18.06 16:48:11,719| Leite Anfrage (vote) an den Linken Nachbarn '2310_2' weiter (implizites Zustimmen)
