GGT(231_2)@lab24.cpt.haw-hamburg.de 18.06 16:38:08,894| DISPATCHER: Leite Befehl {set_pmi,42} an meinen Worker weiter...
GGT(231_2)@lab24.cpt.haw-hamburg.de 18.06 16:38:08,894| DISPATCHER: Leite Befehl {send,15811950} an meinen Worker weiter...
GGT(231_2)@lab24.cpt.haw-hamburg.de 18.06 16:38:08,894| Send erhalten Y:15811950
GGT(231_2)@lab24.cpt.haw-hamburg.de 18.06 16:38:08,894| ALGO: ((14 -1) mod 15811950) +1     --    (TTW: 1 Sekunden)
GGT(231_2)@lab24.cpt.haw-hamburg.de 18.06 16:38:09,895| Mi NICHT geaendert! (ist und bleibt: 14)
GGT(231_2)@lab24.cpt.haw-hamburg.de 18.06 16:38:13,897| TTT Timer ist abgelaufen. Informiere meine linken Nachbarn ('231_4') ueber vote
GGT(231_2)@lab24.cpt.haw-hamburg.de 18.06 16:38:21,909| DISPATCHER: Leite Befehl {vote,'231_5'} an meinen Worker weiter...
GGT(231_2)@lab24.cpt.haw-hamburg.de 18.06 16:38:21,909| ### vote erhalten! Ich = '231_2'  Initiator = '231_5') ###
GGT(231_2)@lab24.cpt.haw-hamburg.de 18.06 16:38:21,909| Leite Anfrage (vote) an den Linken Nachbarn '231_4' weiter (implizites Zustimmen)
GGT(231_2)@lab24.cpt.haw-hamburg.de 18.06 16:38:21,911| DISPATCHER: Leite Befehl {vote,'213_2'} an meinen Worker weiter...
GGT(231_2)@lab24.cpt.haw-hamburg.de 18.06 16:38:21,911| ### vote erhalten! Ich = '231_2'  Initiator = '213_2') ###
GGT(231_2)@lab24.cpt.haw-hamburg.de 18.06 16:38:21,911| Leite Anfrage (vote) an den Linken Nachbarn '231_4' weiter (implizites Zustimmen)
GGT(231_2)@lab24.cpt.haw-hamburg.de 18.06 16:38:22,910| DISPATCHER: Leite Befehl {vote,'212_3'} an meinen Worker weiter...
GGT(231_2)@lab24.cpt.haw-hamburg.de 18.06 16:38:22,910| ### vote erhalten! Ich = '231_2'  Initiator = '212_3') ###
GGT(231_2)@lab24.cpt.haw-hamburg.de 18.06 16:38:22,910| Leite Anfrage (vote) an den Linken Nachbarn '231_4' weiter (implizites Zustimmen)
GGT(231_2)@lab24.cpt.haw-hamburg.de 18.06 16:38:22,911| DISPATCHER: Leite Befehl {vote,'211_1'} an meinen Worker weiter...
GGT(231_2)@lab24.cpt.haw-hamburg.de 18.06 16:38:22,912| ### vote erhalten! Ich = '231_2'  Initiator = '211_1') ###
GGT(231_2)@lab24.cpt.haw-hamburg.de 18.06 16:38:22,912| Leite Anfrage (vote) an den Linken Nachbarn '231_4' weiter (implizites Zustimmen)
GGT(231_2)@lab24.cpt.haw-hamburg.de 18.06 16:38:54,758| DISPATCHER: Leite Befehl {set_pmi,128509467450} an meinen Worker weiter...
GGT(231_2)@lab24.cpt.haw-hamburg.de 18.06 16:38:54,758| DISPATCHER: Leite Befehl {send,1313130} an meinen Worker weiter...
GGT(231_2)@lab24.cpt.haw-hamburg.de 18.06 16:38:54,759| Send erhalten Y:1313130
GGT(231_2)@lab24.cpt.haw-hamburg.de 18.06 16:38:54,759| ALGO: ((14 -1) mod 1313130) +1     --    (TTW: 1 Sekunden)
GGT(231_2)@lab24.cpt.haw-hamburg.de 18.06 16:38:55,761| Mi NICHT geaendert! (ist und bleibt: 14)
GGT(231_2)@lab24.cpt.haw-hamburg.de 18.06 16:38:58,764| DISPATCHER: Leite Befehl {vote,'213_2'} an meinen Worker weiter...
GGT(231_2)@lab24.cpt.haw-hamburg.de 18.06 16:38:58,766| ### vote erhalten! Ich = '231_2'  Initiator = '213_2') ###
GGT(231_2)@lab24.cpt.haw-hamburg.de 18.06 16:38:58,766| Leite Anfrage (vote) an den Linken Nachbarn '231_4' weiter (implizites Zustimmen)
GGT(231_2)@lab24.cpt.haw-hamburg.de 18.06 16:38:58,766| DISPATCHER: Leite Befehl {vote,'212_3'} an meinen Worker weiter...
GGT(231_2)@lab24.cpt.haw-hamburg.de 18.06 16:38:58,768| ### vote erhalten! Ich = '231_2'  Initiator = '212_3') ###
GGT(231_2)@lab24.cpt.haw-hamburg.de 18.06 16:38:58,768| Leite Anfrage (vote) an den Linken Nachbarn '231_4' weiter (implizites Zustimmen)
GGT(231_2)@lab24.cpt.haw-hamburg.de 18.06 16:38:58,770| DISPATCHER: Leite Befehl {vote,'211_1'} an meinen Worker weiter...
GGT(231_2)@lab24.cpt.haw-hamburg.de 18.06 16:38:58,771| ### vote erhalten! Ich = '231_2'  Initiator = '211_1') ###
GGT(231_2)@lab24.cpt.haw-hamburg.de 18.06 16:38:58,771| Leite Anfrage (vote) an den Linken Nachbarn '231_4' weiter (implizites Zustimmen)
GGT(231_2)@lab24.cpt.haw-hamburg.de 18.06 16:38:58,771| DISPATCHER: Leite Befehl {vote,'213_1'} an meinen Worker weiter...
GGT(231_2)@lab24.cpt.haw-hamburg.de 18.06 16:38:58,772| ### vote erhalten! Ich = '231_2'  Initiator = '213_1') ###
GGT(231_2)@lab24.cpt.haw-hamburg.de 18.06 16:38:58,772| Leite Anfrage (vote) an den Linken Nachbarn '231_4' weiter (implizites Zustimmen)
GGT(231_2)@lab24.cpt.haw-hamburg.de 18.06 16:38:58,773| DISPATCHER: Leite Befehl {vote,'211_3'} an meinen Worker weiter...
GGT(231_2)@lab24.cpt.haw-hamburg.de 18.06 16:38:58,773| ### vote erhalten! Ich = '231_2'  Initiator = '211_3') ###
GGT(231_2)@lab24.cpt.haw-hamburg.de 18.06 16:38:58,773| Leite Anfrage (vote) an den Linken Nachbarn '231_4' weiter (implizites Zustimmen)
GGT(231_2)@lab24.cpt.haw-hamburg.de 18.06 16:38:59,770| DISPATCHER: Leite Befehl {vote,'213_3'} an meinen Worker weiter...
GGT(231_2)@lab24.cpt.haw-hamburg.de 18.06 16:38:59,771| ### vote erhalten! Ich = '231_2'  Initiator = '213_3') ###
GGT(231_2)@lab24.cpt.haw-hamburg.de 18.06 16:38:59,771| Leite Anfrage (vote) an den Linken Nachbarn '231_4' weiter (implizites Zustimmen)
GGT(231_2)@lab24.cpt.haw-hamburg.de 18.06 16:39:05,782| DISPATCHER: Leite Befehl {vote,'212_1'} an meinen Worker weiter...
GGT(231_2)@lab24.cpt.haw-hamburg.de 18.06 16:39:05,783| ### vote erhalten! Ich = '231_2'  Initiator = '212_1') ###
GGT(231_2)@lab24.cpt.haw-hamburg.de 18.06 16:39:05,783| Leite Anfrage (vote) an den Linken Nachbarn '231_4' weiter (implizites Zustimmen)
GGT(231_2)@lab24.cpt.haw-hamburg.de 18.06 16:39:05,784| DISPATCHER: Leite Befehl {vote,'211_2'} an meinen Worker weiter...
GGT(231_2)@lab24.cpt.haw-hamburg.de 18.06 16:39:05,784| ### vote erhalten! Ich = '231_2'  Initiator = '211_2') ###
GGT(231_2)@lab24.cpt.haw-hamburg.de 18.06 16:39:05,784| Leite Anfrage (vote) an den Linken Nachbarn '231_4' weiter (implizites Zustimmen)
GGT(231_2)@lab24.cpt.haw-hamburg.de 18.06 16:39:05,785| DISPATCHER: Leite Befehl {vote,'212_2'} an meinen Worker weiter...
GGT(231_2)@lab24.cpt.haw-hamburg.de 18.06 16:39:05,786| ### vote erhalten! Ich = '231_2'  Initiator = '212_2') ###
GGT(231_2)@lab24.cpt.haw-hamburg.de 18.06 16:39:05,786| Leite Anfrage (vote) an den Linken Nachbarn '231_4' weiter (implizites Zustimmen)
GGT(231_2)@lab24.cpt.haw-hamburg.de 18.06 16:39:26,555| <7023.39.0> erfragt aktuellen Mi. Sende Mi = 14


GGT(231_2)@lab24.cpt.haw-hamburg.de 18.06 16:45:29,508| ######################## 231_2 Status: SETUP ########################


GGT(231_2)@lab24.cpt.haw-hamburg.de 18.06 16:45:29,508| ######################## 231_2 Status: INITIAL ########################
