

GGT(235_1)@lab24.cpt.haw-hamburg.de 18.06 16:45:26,481| ######################## 235_1 Status: SETUP ########################


GGT(235_1)@lab24.cpt.haw-hamburg.de 18.06 16:45:26,481| ######################## 235_1 Status: INITIAL ########################
GGT(235_1)@lab24.cpt.haw-hamburg.de 18.06 16:45:26,481| REBIND
GGT(235_1)@lab24.cpt.haw-hamburg.de 18.06 16:45:26,482| CHECK_IN
GGT(235_1)@lab24.cpt.haw-hamburg.de 18.06 16:46:35,794| Nachbarn wurden mitgeteilt {L: '211_3' | R: '218_3'}
GGT(235_1)@lab24.cpt.haw-hamburg.de 18.06 16:46:35,794| DISPATCHER: Leite Befehl {rebind_res,ok} an meinen Worker weiter...


GGT(235_1)@lab24.cpt.haw-hamburg.de 18.06 16:46:35,794| ######################## 235_1 Status: PRE_PROCESS ########################
GGT(235_1)@lab24.cpt.haw-hamburg.de 18.06 16:46:53,435| DISPATCHER: Leite Befehl {set_pmi,3700} an meinen Worker weiter...
GGT(235_1)@lab24.cpt.haw-hamburg.de 18.06 16:46:53,435| Initial Mi wurde mitgeteilt. Mi:3700


GGT(235_1)@lab24.cpt.haw-hamburg.de 18.06 16:46:53,435| ######################## 235_1 Status: PROCESS ########################
GGT(235_1)@lab24.cpt.haw-hamburg.de 18.06 16:46:56,427| DISPATCHER: Leite Befehl {vote,'2110_2'} an meinen Worker weiter...
GGT(235_1)@lab24.cpt.haw-hamburg.de 18.06 16:46:56,428| ### vote erhalten! Ich = '235_1'  Initiator = '2110_2') ###
GGT(235_1)@lab24.cpt.haw-hamburg.de 18.06 16:46:56,428| Leite Anfrage (vote) an den Linken Nachbarn '211_3' weiter (implizites Zustimmen)
GGT(235_1)@lab24.cpt.haw-hamburg.de 18.06 16:46:56,433| DISPATCHER: Leite Befehl {vote,'218_3'} an meinen Worker weiter...
GGT(235_1)@lab24.cpt.haw-hamburg.de 18.06 16:46:56,434| ### vote erhalten! Ich = '235_1'  Initiator = '218_3') ###
GGT(235_1)@lab24.cpt.haw-hamburg.de 18.06 16:46:56,434| Leite Anfrage (vote) an den Linken Nachbarn '211_3' weiter (implizites Zustimmen)
GGT(235_1)@lab24.cpt.haw-hamburg.de 18.06 16:46:56,435| DISPATCHER: Leite Befehl {vote,'212_2'} an meinen Worker weiter...
GGT(235_1)@lab24.cpt.haw-hamburg.de 18.06 16:46:56,435| ### vote erhalten! Ich = '235_1'  Initiator = '212_2') ###
GGT(235_1)@lab24.cpt.haw-hamburg.de 18.06 16:46:56,435| Leite Anfrage (vote) an den Linken Nachbarn '211_3' weiter (implizites Zustimmen)
GGT(235_1)@lab24.cpt.haw-hamburg.de 18.06 16:46:56,438| DISPATCHER: Leite Befehl {vote,'212_3'} an meinen Worker weiter...
GGT(235_1)@lab24.cpt.haw-hamburg.de 18.06 16:46:56,439| ### vote erhalten! Ich = '235_1'  Initiator = '212_3') ###
GGT(235_1)@lab24.cpt.haw-hamburg.de 18.06 16:46:56,439| Leite Anfrage (vote) an den Linken Nachbarn '211_3' weiter (implizites Zustimmen)
GGT(235_1)@lab24.cpt.haw-hamburg.de 18.06 16:46:56,440| DISPATCHER: Leite Befehl {vote,'219_1'} an meinen Worker weiter...
GGT(235_1)@lab24.cpt.haw-hamburg.de 18.06 16:46:56,441| ### vote erhalten! Ich = '235_1'  Initiator = '219_1') ###
GGT(235_1)@lab24.cpt.haw-hamburg.de 18.06 16:46:56,441| Leite Anfrage (vote) an den Linken Nachbarn '211_3' weiter (implizites Zustimmen)
GGT(235_1)@lab24.cpt.haw-hamburg.de 18.06 16:46:56,441| DISPATCHER: Leite Befehl {vote,'217_2'} an meinen Worker weiter...
GGT(235_1)@lab24.cpt.haw-hamburg.de 18.06 16:46:56,442| ### vote erhalten! Ich = '235_1'  Initiator = '217_2') ###
GGT(235_1)@lab24.cpt.haw-hamburg.de 18.06 16:46:56,442| Leite Anfrage (vote) an den Linken Nachbarn '211_3' weiter (implizites Zustimmen)
GGT(235_1)@lab24.cpt.haw-hamburg.de 18.06 16:46:56,443| DISPATCHER: Leite Befehl {vote,'219_3'} an meinen Worker weiter...
GGT(235_1)@lab24.cpt.haw-hamburg.de 18.06 16:46:56,444| ### vote erhalten! Ich = '235_1'  Initiator = '219_3') ###
GGT(235_1)@lab24.cpt.haw-hamburg.de 18.06 16:46:56,444| Leite Anfrage (vote) an den Linken Nachbarn '211_3' weiter (implizites Zustimmen)
GGT(235_1)@lab24.cpt.haw-hamburg.de 18.06 16:46:56,444| DISPATCHER: Leite Befehl {vote,'242_3'} an meinen Worker weiter...
GGT(235_1)@lab24.cpt.haw-hamburg.de 18.06 16:46:56,444| DISPATCHER: Leite Befehl {vote,'2410_4'} an meinen Worker weiter...
GGT(235_1)@lab24.cpt.haw-hamburg.de 18.06 16:46:56,445| ### vote erhalten! Ich = '235_1'  Initiator = '242_3') ###
GGT(235_1)@lab24.cpt.haw-hamburg.de 18.06 16:46:56,445| Leite Anfrage (vote) an den Linken Nachbarn '211_3' weiter (implizites Zustimmen)
GGT(235_1)@lab24.cpt.haw-hamburg.de 18.06 16:46:56,448| DISPATCHER: Leite Befehl {vote,'241_3'} an meinen Worker weiter...
GGT(235_1)@lab24.cpt.haw-hamburg.de 18.06 16:46:56,448| DISPATCHER: Leite Befehl {vote,'241_4'} an meinen Worker weiter...
GGT(235_1)@lab24.cpt.haw-hamburg.de 18.06 16:46:56,448| DISPATCHER: Leite Befehl {vote,'242_4'} an meinen Worker weiter...
GGT(235_1)@lab24.cpt.haw-hamburg.de 18.06 16:46:56,448| ### vote erhalten! Ich = '235_1'  Initiator = '2410_4') ###
GGT(235_1)@lab24.cpt.haw-hamburg.de 18.06 16:46:56,448| Leite Anfrage (vote) an den Linken Nachbarn '211_3' weiter (implizites Zustimmen)
GGT(235_1)@lab24.cpt.haw-hamburg.de 18.06 16:46:56,449| DISPATCHER: Leite Befehl {vote,'246_3'} an meinen Worker weiter...
GGT(235_1)@lab24.cpt.haw-hamburg.de 18.06 16:46:56,450| ### vote erhalten! Ich = '235_1'  Initiator = '241_3') ###
GGT(235_1)@lab24.cpt.haw-hamburg.de 18.06 16:46:56,450| Leite Anfrage (vote) an den Linken Nachbarn '211_3' weiter (implizites Zustimmen)
GGT(235_1)@lab24.cpt.haw-hamburg.de 18.06 16:46:56,452| DISPATCHER: Leite Befehl {vote,'249_1'} an meinen Worker weiter...
GGT(235_1)@lab24.cpt.haw-hamburg.de 18.06 16:46:56,454| ### vote erhalten! Ich = '235_1'  Initiator = '241_4') ###
GGT(235_1)@lab24.cpt.haw-hamburg.de 18.06 16:46:56,454| Leite Anfrage (vote) an den Linken Nachbarn '211_3' weiter (implizites Zustimmen)
GGT(235_1)@lab24.cpt.haw-hamburg.de 18.06 16:46:56,454| DISPATCHER: Leite Befehl {vote,'245_2'} an meinen Worker weiter...
GGT(235_1)@lab24.cpt.haw-hamburg.de 18.06 16:46:56,455| DISPATCHER: Leite Befehl {vote,'244_1'} an meinen Worker weiter...
GGT(235_1)@lab24.cpt.haw-hamburg.de 18.06 16:46:56,456| ### vote erhalten! Ich = '235_1'  Initiator = '242_4') ###
GGT(235_1)@lab24.cpt.haw-hamburg.de 18.06 16:46:56,457| Leite Anfrage (vote) an den Linken Nachbarn '211_3' weiter (implizites Zustimmen)
GGT(235_1)@lab24.cpt.haw-hamburg.de 18.06 16:46:56,457| DISPATCHER: Leite Befehl {vote,'216_2'} an meinen Worker weiter...
GGT(235_1)@lab24.cpt.haw-hamburg.de 18.06 16:46:56,459| ### vote erhalten! Ich = '235_1'  Initiator = '246_3') ###
GGT(235_1)@lab24.cpt.haw-hamburg.de 18.06 16:46:56,459| Leite Anfrage (vote) an den Linken Nachbarn '211_3' weiter (implizites Zustimmen)
GGT(235_1)@lab24.cpt.haw-hamburg.de 18.06 16:46:56,460| ### vote erhalten! Ich = '235_1'  Initiator = '249_1') ###
GGT(235_1)@lab24.cpt.haw-hamburg.de 18.06 16:46:56,460| Leite Anfrage (vote) an den Linken Nachbarn '211_3' weiter (implizites Zustimmen)
GGT(235_1)@lab24.cpt.haw-hamburg.de 18.06 16:46:56,461| ### vote erhalten! Ich = '235_1'  Initiator = '245_2') ###
GGT(235_1)@lab24.cpt.haw-hamburg.de 18.06 16:46:56,461| Leite Anfrage (vote) an den Linken Nachbarn '211_3' weiter (implizites Zustimmen)
GGT(235_1)@lab24.cpt.haw-hamburg.de 18.06 16:46:56,462| ### vote erhalten! Ich = '235_1'  Initiator = '244_1') ###
GGT(235_1)@lab24.cpt.haw-hamburg.de 18.06 16:46:56,462| Leite Anfrage (vote) an den Linken Nachbarn '211_3' weiter (implizites Zustimmen)
GGT(235_1)@lab24.cpt.haw-hamburg.de 18.06 16:46:56,465| ### vote erhalten! Ich = '235_1'  Initiator = '216_2') ###
GGT(235_1)@lab24.cpt.haw-hamburg.de 18.06 16:46:56,465| Leite Anfrage (vote) an den Linken Nachbarn '211_3' weiter (implizites Zustimmen)
GGT(235_1)@lab24.cpt.haw-hamburg.de 18.06 16:46:56,471| DISPATCHER: Leite Befehl {vote,'239_2'} an meinen Worker weiter...
GGT(235_1)@lab24.cpt.haw-hamburg.de 18.06 16:46:56,473| ### vote erhalten! Ich = '235_1'  Initiator = '239_2') ###
GGT(235_1)@lab24.cpt.haw-hamburg.de 18.06 16:46:56,473| Leite Anfrage (vote) an den Linken Nachbarn '211_3' weiter (implizites Zustimmen)
GGT(235_1)@lab24.cpt.haw-hamburg.de 18.06 16:46:56,476| DISPATCHER: Leite Befehl {vote,'245_1'} an meinen Worker weiter...
GGT(235_1)@lab24.cpt.haw-hamburg.de 18.06 16:46:56,476| ### vote erhalten! Ich = '235_1'  Initiator = '245_1') ###
GGT(235_1)@lab24.cpt.haw-hamburg.de 18.06 16:46:56,476| Leite Anfrage (vote) an den Linken Nachbarn '211_3' weiter (implizites Zustimmen)
GGT(235_1)@lab24.cpt.haw-hamburg.de 18.06 16:47:05,470| DISPATCHER: Leite Befehl {vote,'217_2'} an meinen Worker weiter...
GGT(235_1)@lab24.cpt.haw-hamburg.de 18.06 16:47:05,470| ### vote erhalten! Ich = '235_1'  Initiator = '217_2') ###
GGT(235_1)@lab24.cpt.haw-hamburg.de 18.06 16:47:05,470| Leite Anfrage (vote) an den Linken Nachbarn '211_3' weiter (implizites Zustimmen)
GGT(235_1)@lab24.cpt.haw-hamburg.de 18.06 16:47:05,475| DISPATCHER: Leite Befehl {vote,'245_1'} an meinen Worker weiter...
GGT(235_1)@lab24.cpt.haw-hamburg.de 18.06 16:47:05,476| ### vote erhalten! Ich = '235_1'  Initiator = '245_1') ###
GGT(235_1)@lab24.cpt.haw-hamburg.de 18.06 16:47:05,476| DISPATCHER: Leite Befehl {vote,'239_2'} an meinen Worker weiter...
GGT(235_1)@lab24.cpt.haw-hamburg.de 18.06 16:47:05,476| Leite Anfrage (vote) an den Linken Nachbarn '211_3' weiter (implizites Zustimmen)
GGT(235_1)@lab24.cpt.haw-hamburg.de 18.06 16:47:05,477| ### vote erhalten! Ich = '235_1'  Initiator = '239_2') ###
GGT(235_1)@lab24.cpt.haw-hamburg.de 18.06 16:47:05,477| Leite Anfrage (vote) an den Linken Nachbarn '211_3' weiter (implizites Zustimmen)
GGT(235_1)@lab24.cpt.haw-hamburg.de 18.06 16:47:59,486| DISPATCHER: Leite Befehl {send,100} an meinen Worker weiter...
GGT(235_1)@lab24.cpt.haw-hamburg.de 18.06 16:47:59,486| Send erhalten Y:100
GGT(235_1)@lab24.cpt.haw-hamburg.de 18.06 16:47:59,486| ALGO: ((3700 -1) mod 100) +1     --    (TTW: 3 Sekunden)
GGT(235_1)@lab24.cpt.haw-hamburg.de 18.06 16:48:02,487| informiere (brief_mi) Koordinator coordinator ueber neuen Mi:100
GGT(235_1)@lab24.cpt.haw-hamburg.de 18.06 16:48:02,488| Sende (send) Nachbarn '211_3' und '218_3' neuen Mi:100
GGT(235_1)@lab24.cpt.haw-hamburg.de 18.06 16:48:02,488| DISPATCHER: Leite Befehl {vote,'218_3'} an meinen Worker weiter...
GGT(235_1)@lab24.cpt.haw-hamburg.de 18.06 16:48:02,490| ### vote erhalten! Ich = '235_1'  Initiator = '218_3') ###
GGT(235_1)@lab24.cpt.haw-hamburg.de 18.06 16:48:02,490| Leite Anfrage (vote) an den Linken Nachbarn '211_3' weiter (implizites Zustimmen)
GGT(235_1)@lab24.cpt.haw-hamburg.de 18.06 16:48:05,489| DISPATCHER: Leite Befehl {send,100} an meinen Worker weiter...
GGT(235_1)@lab24.cpt.haw-hamburg.de 18.06 16:48:05,489| Send erhalten Y:100
GGT(235_1)@lab24.cpt.haw-hamburg.de 18.06 16:48:05,489| DISPATCHER: Leite Befehl {vote,'218_3'} an meinen Worker weiter...
GGT(235_1)@lab24.cpt.haw-hamburg.de 18.06 16:48:05,489| ALGO: ((100 -1) mod 100) +1     --    (TTW: 3 Sekunden)
GGT(235_1)@lab24.cpt.haw-hamburg.de 18.06 16:48:08,490| Mi NICHT geaendert! (ist und bleibt: 100)
GGT(235_1)@lab24.cpt.haw-hamburg.de 18.06 16:48:08,491| ### vote erhalten! Ich = '235_1'  Initiator = '218_3') ###
GGT(235_1)@lab24.cpt.haw-hamburg.de 18.06 16:48:08,491| implizit abgelehnt
GGT(235_1)@lab24.cpt.haw-hamburg.de 18.06 16:48:08,493| DISPATCHER: Leite Befehl {vote,'246_3'} an meinen Worker weiter...
GGT(235_1)@lab24.cpt.haw-hamburg.de 18.06 16:48:08,493| DISPATCHER: Leite Befehl {vote,'242_3'} an meinen Worker weiter...
GGT(235_1)@lab24.cpt.haw-hamburg.de 18.06 16:48:08,493| ### vote erhalten! Ich = '235_1'  Initiator = '246_3') ###
GGT(235_1)@lab24.cpt.haw-hamburg.de 18.06 16:48:08,493| Leite Anfrage (vote) an den Linken Nachbarn '211_3' weiter (implizites Zustimmen)
GGT(235_1)@lab24.cpt.haw-hamburg.de 18.06 16:48:08,494| DISPATCHER: Leite Befehl {vote,'242_3'} an meinen Worker weiter...
GGT(235_1)@lab24.cpt.haw-hamburg.de 18.06 16:48:08,494| DISPATCHER: Leite Befehl {vote,'249_1'} an meinen Worker weiter...
GGT(235_1)@lab24.cpt.haw-hamburg.de 18.06 16:48:08,494| ### vote erhalten! Ich = '235_1'  Initiator = '242_3') ###
GGT(235_1)@lab24.cpt.haw-hamburg.de 18.06 16:48:08,494| Leite Anfrage (vote) an den Linken Nachbarn '211_3' weiter (implizites Zustimmen)
GGT(235_1)@lab24.cpt.haw-hamburg.de 18.06 16:48:08,495| DISPATCHER: Leite Befehl {vote,'242_3'} an meinen Worker weiter...
GGT(235_1)@lab24.cpt.haw-hamburg.de 18.06 16:48:08,495| DISPATCHER: Leite Befehl {vote,'246_3'} an meinen Worker weiter...
GGT(235_1)@lab24.cpt.haw-hamburg.de 18.06 16:48:08,495| DISPATCHER: Leite Befehl {vote,'2110_2'} an meinen Worker weiter...
GGT(235_1)@lab24.cpt.haw-hamburg.de 18.06 16:48:08,496| ### vote erhalten! Ich = '235_1'  Initiator = '242_3') ###
GGT(235_1)@lab24.cpt.haw-hamburg.de 18.06 16:48:08,496| Leite Anfrage (vote) an den Linken Nachbarn '211_3' weiter (implizites Zustimmen)
GGT(235_1)@lab24.cpt.haw-hamburg.de 18.06 16:48:08,496| DISPATCHER: Leite Befehl {vote,'249_1'} an meinen Worker weiter...
GGT(235_1)@lab24.cpt.haw-hamburg.de 18.06 16:48:08,496| DISPATCHER: Leite Befehl {vote,'246_3'} an meinen Worker weiter...
GGT(235_1)@lab24.cpt.haw-hamburg.de 18.06 16:48:08,497| ### vote erhalten! Ich = '235_1'  Initiator = '249_1') ###
GGT(235_1)@lab24.cpt.haw-hamburg.de 18.06 16:48:08,497| Leite Anfrage (vote) an den Linken Nachbarn '211_3' weiter (implizites Zustimmen)
GGT(235_1)@lab24.cpt.haw-hamburg.de 18.06 16:48:08,497| DISPATCHER: Leite Befehl {vote,'246_3'} an meinen Worker weiter...
GGT(235_1)@lab24.cpt.haw-hamburg.de 18.06 16:48:08,497| DISPATCHER: Leite Befehl {vote,'246_3'} an meinen Worker weiter...
GGT(235_1)@lab24.cpt.haw-hamburg.de 18.06 16:48:08,498| ### vote erhalten! Ich = '235_1'  Initiator = '242_3') ###
GGT(235_1)@lab24.cpt.haw-hamburg.de 18.06 16:48:08,498| Leite Anfrage (vote) an den Linken Nachbarn '211_3' weiter (implizites Zustimmen)
GGT(235_1)@lab24.cpt.haw-hamburg.de 18.06 16:48:08,498| ### vote erhalten! Ich = '235_1'  Initiator = '246_3') ###
GGT(235_1)@lab24.cpt.haw-hamburg.de 18.06 16:48:08,498| Leite Anfrage (vote) an den Linken Nachbarn '211_3' weiter (implizites Zustimmen)
GGT(235_1)@lab24.cpt.haw-hamburg.de 18.06 16:48:08,499| ### vote erhalten! Ich = '235_1'  Initiator = '2110_2') ###
GGT(235_1)@lab24.cpt.haw-hamburg.de 18.06 16:48:08,499| Leite Anfrage (vote) an den Linken Nachbarn '211_3' weiter (implizites Zustimmen)
GGT(235_1)@lab24.cpt.haw-hamburg.de 18.06 16:48:08,500| ### vote erhalten! Ich = '235_1'  Initiator = '249_1') ###
GGT(235_1)@lab24.cpt.haw-hamburg.de 18.06 16:48:08,500| Leite Anfrage (vote) an den Linken Nachbarn '211_3' weiter (implizites Zustimmen)
GGT(235_1)@lab24.cpt.haw-hamburg.de 18.06 16:48:08,501| ### vote erhalten! Ich = '235_1'  Initiator = '246_3') ###
GGT(235_1)@lab24.cpt.haw-hamburg.de 18.06 16:48:08,501| Leite Anfrage (vote) an den Linken Nachbarn '211_3' weiter (implizites Zustimmen)
GGT(235_1)@lab24.cpt.haw-hamburg.de 18.06 16:48:08,502| ### vote erhalten! Ich = '235_1'  Initiator = '246_3') ###
GGT(235_1)@lab24.cpt.haw-hamburg.de 18.06 16:48:08,502| Leite Anfrage (vote) an den Linken Nachbarn '211_3' weiter (implizites Zustimmen)
GGT(235_1)@lab24.cpt.haw-hamburg.de 18.06 16:48:08,503| ### vote erhalten! Ich = '235_1'  Initiator = '246_3') ###
GGT(235_1)@lab24.cpt.haw-hamburg.de 18.06 16:48:08,503| Leite Anfrage (vote) an den Linken Nachbarn '211_3' weiter (implizites Zustimmen)
GGT(235_1)@lab24.cpt.haw-hamburg.de 18.06 16:48:11,494| DISPATCHER: Leite Befehl {vote,'242_3'} an meinen Worker weiter...
GGT(235_1)@lab24.cpt.haw-hamburg.de 18.06 16:48:11,495| ### vote erhalten! Ich = '235_1'  Initiator = '242_3') ###
GGT(235_1)@lab24.cpt.haw-hamburg.de 18.06 16:48:11,495| Leite Anfrage (vote) an den Linken Nachbarn '211_3' weiter (implizites Zustimmen)
GGT(235_1)@lab24.cpt.haw-hamburg.de 18.06 16:48:11,496| DISPATCHER: Leite Befehl {vote,'2110_2'} an meinen Worker weiter...
GGT(235_1)@lab24.cpt.haw-hamburg.de 18.06 16:48:11,497| ### vote erhalten! Ich = '235_1'  Initiator = '2110_2') ###
GGT(235_1)@lab24.cpt.haw-hamburg.de 18.06 16:48:11,497| Leite Anfrage (vote) an den Linken Nachbarn '211_3' weiter (implizites Zustimmen)
GGT(235_1)@lab24.cpt.haw-hamburg.de 18.06 16:48:11,497| DISPATCHER: Leite Befehl {vote,'246_3'} an meinen Worker weiter...
GGT(235_1)@lab24.cpt.haw-hamburg.de 18.06 16:48:11,498| ### vote erhalten! Ich = '235_1'  Initiator = '246_3') ###
GGT(235_1)@lab24.cpt.haw-hamburg.de 18.06 16:48:11,498| Leite Anfrage (vote) an den Linken Nachbarn '211_3' weiter (implizites Zustimmen)
GGT(235_1)@lab24.cpt.haw-hamburg.de 18.06 16:48:11,498| DISPATCHER: Leite Befehl {vote,'249_1'} an meinen Worker weiter...
GGT(235_1)@lab24.cpt.haw-hamburg.de 18.06 16:48:11,499| ### vote erhalten! Ich = '235_1'  Initiator = '249_1') ###
GGT(235_1)@lab24.cpt.haw-hamburg.de 18.06 16:48:11,499| Leite Anfrage (vote) an den Linken Nachbarn '211_3' weiter (implizites Zustimmen)
GGT(235_1)@lab24.cpt.haw-hamburg.de 18.06 16:48:11,499| DISPATCHER: Leite Befehl {vote,'2410_4'} an meinen Worker weiter...
GGT(235_1)@lab24.cpt.haw-hamburg.de 18.06 16:48:11,499| DISPATCHER: Leite Befehl {vote,'216_2'} an meinen Worker weiter...
GGT(235_1)@lab24.cpt.haw-hamburg.de 18.06 16:48:11,500| DISPATCHER: Leite Befehl {vote,'212_2'} an meinen Worker weiter...
GGT(235_1)@lab24.cpt.haw-hamburg.de 18.06 16:48:11,500| ### vote erhalten! Ich = '235_1'  Initiator = '2410_4') ###
GGT(235_1)@lab24.cpt.haw-hamburg.de 18.06 16:48:11,500| Leite Anfrage (vote) an den Linken Nachbarn '211_3' weiter (implizites Zustimmen)
GGT(235_1)@lab24.cpt.haw-hamburg.de 18.06 16:48:11,500| DISPATCHER: Leite Befehl {vote,'2410_4'} an meinen Worker weiter...
GGT(235_1)@lab24.cpt.haw-hamburg.de 18.06 16:48:11,501| DISPATCHER: Leite Befehl {vote,'249_1'} an meinen Worker weiter...
GGT(235_1)@lab24.cpt.haw-hamburg.de 18.06 16:48:11,501| ### vote erhalten! Ich = '235_1'  Initiator = '216_2') ###
GGT(235_1)@lab24.cpt.haw-hamburg.de 18.06 16:48:11,501| Leite Anfrage (vote) an den Linken Nachbarn '211_3' weiter (implizites Zustimmen)
GGT(235_1)@lab24.cpt.haw-hamburg.de 18.06 16:48:11,501| DISPATCHER: Leite Befehl {vote,'242_4'} an meinen Worker weiter...
GGT(235_1)@lab24.cpt.haw-hamburg.de 18.06 16:48:11,502| DISPATCHER: Leite Befehl {vote,'241_3'} an meinen Worker weiter...
GGT(235_1)@lab24.cpt.haw-hamburg.de 18.06 16:48:11,502| ### vote erhalten! Ich = '235_1'  Initiator = '212_2') ###
GGT(235_1)@lab24.cpt.haw-hamburg.de 18.06 16:48:11,502| DISPATCHER: Leite Befehl {vote,'219_1'} an meinen Worker weiter...
GGT(235_1)@lab24.cpt.haw-hamburg.de 18.06 16:48:11,502| Leite Anfrage (vote) an den Linken Nachbarn '211_3' weiter (implizites Zustimmen)
GGT(235_1)@lab24.cpt.haw-hamburg.de 18.06 16:48:11,503| DISPATCHER: Leite Befehl {vote,'242_4'} an meinen Worker weiter...
GGT(235_1)@lab24.cpt.haw-hamburg.de 18.06 16:48:11,503| ### vote erhalten! Ich = '235_1'  Initiator = '2410_4') ###
GGT(235_1)@lab24.cpt.haw-hamburg.de 18.06 16:48:11,504| Leite Anfrage (vote) an den Linken Nachbarn '211_3' weiter (implizites Zustimmen)
GGT(235_1)@lab24.cpt.haw-hamburg.de 18.06 16:48:11,504| DISPATCHER: Leite Befehl {vote,'212_3'} an meinen Worker weiter...
GGT(235_1)@lab24.cpt.haw-hamburg.de 18.06 16:48:11,504| DISPATCHER: Leite Befehl {vote,'245_2'} an meinen Worker weiter...
GGT(235_1)@lab24.cpt.haw-hamburg.de 18.06 16:48:11,505| DISPATCHER: Leite Befehl {vote,'2410_4'} an meinen Worker weiter...
GGT(235_1)@lab24.cpt.haw-hamburg.de 18.06 16:48:11,505| ### vote erhalten! Ich = '235_1'  Initiator = '249_1') ###
GGT(235_1)@lab24.cpt.haw-hamburg.de 18.06 16:48:11,505| Leite Anfrage (vote) an den Linken Nachbarn '211_3' weiter (implizites Zustimmen)
GGT(235_1)@lab24.cpt.haw-hamburg.de 18.06 16:48:11,505| DISPATCHER: Leite Befehl {vote,'241_3'} an meinen Worker weiter...
GGT(235_1)@lab24.cpt.haw-hamburg.de 18.06 16:48:11,506| DISPATCHER: Leite Befehl {vote,'241_3'} an meinen Worker weiter...
GGT(235_1)@lab24.cpt.haw-hamburg.de 18.06 16:48:11,507| ### vote erhalten! Ich = '235_1'  Initiator = '242_4') ###
GGT(235_1)@lab24.cpt.haw-hamburg.de 18.06 16:48:11,507| Leite Anfrage (vote) an den Linken Nachbarn '211_3' weiter (implizites Zustimmen)
GGT(235_1)@lab24.cpt.haw-hamburg.de 18.06 16:48:11,507| DISPATCHER: Leite Befehl {vote,'219_1'} an meinen Worker weiter...
GGT(235_1)@lab24.cpt.haw-hamburg.de 18.06 16:48:11,508| DISPATCHER: Leite Befehl {vote,'247_3'} an meinen Worker weiter...
GGT(235_1)@lab24.cpt.haw-hamburg.de 18.06 16:48:11,510| DISPATCHER: Leite Befehl {vote,'245_1'} an meinen Worker weiter...
GGT(235_1)@lab24.cpt.haw-hamburg.de 18.06 16:48:11,510| ### vote erhalten! Ich = '235_1'  Initiator = '241_3') ###
GGT(235_1)@lab24.cpt.haw-hamburg.de 18.06 16:48:11,510| DISPATCHER: Leite Befehl {vote,'241_3'} an meinen Worker weiter...
GGT(235_1)@lab24.cpt.haw-hamburg.de 18.06 16:48:11,510| Leite Anfrage (vote) an den Linken Nachbarn '211_3' weiter (implizites Zustimmen)
GGT(235_1)@lab24.cpt.haw-hamburg.de 18.06 16:48:11,510| DISPATCHER: Leite Befehl {vote,'245_1'} an meinen Worker weiter...
GGT(235_1)@lab24.cpt.haw-hamburg.de 18.06 16:48:11,510| DISPATCHER: Leite Befehl {vote,'247_3'} an meinen Worker weiter...
GGT(235_1)@lab24.cpt.haw-hamburg.de 18.06 16:48:11,511| DISPATCHER: Leite Befehl {vote,'243_4'} an meinen Worker weiter...
GGT(235_1)@lab24.cpt.haw-hamburg.de 18.06 16:48:11,511| DISPATCHER: Leite Befehl {vote,'219_4'} an meinen Worker weiter...
GGT(235_1)@lab24.cpt.haw-hamburg.de 18.06 16:48:11,512| ### vote erhalten! Ich = '235_1'  Initiator = '219_1') ###
GGT(235_1)@lab24.cpt.haw-hamburg.de 18.06 16:48:11,512| Leite Anfrage (vote) an den Linken Nachbarn '211_3' weiter (implizites Zustimmen)
GGT(235_1)@lab24.cpt.haw-hamburg.de 18.06 16:48:11,513| DISPATCHER: Leite Befehl {vote,'243_4'} an meinen Worker weiter...
GGT(235_1)@lab24.cpt.haw-hamburg.de 18.06 16:48:11,514| ### vote erhalten! Ich = '235_1'  Initiator = '242_4') ###
GGT(235_1)@lab24.cpt.haw-hamburg.de 18.06 16:48:11,514| Leite Anfrage (vote) an den Linken Nachbarn '211_3' weiter (implizites Zustimmen)
GGT(235_1)@lab24.cpt.haw-hamburg.de 18.06 16:48:11,516| DISPATCHER: Leite Befehl {vote,'247_3'} an meinen Worker weiter...
GGT(235_1)@lab24.cpt.haw-hamburg.de 18.06 16:48:11,516| DISPATCHER: Leite Befehl {vote,'241_3'} an meinen Worker weiter...
GGT(235_1)@lab24.cpt.haw-hamburg.de 18.06 16:48:11,516| DISPATCHER: Leite Befehl {vote,'242_4'} an meinen Worker weiter...
GGT(235_1)@lab24.cpt.haw-hamburg.de 18.06 16:48:11,516| DISPATCHER: Leite Befehl {vote,'241_4'} an meinen Worker weiter...
GGT(235_1)@lab24.cpt.haw-hamburg.de 18.06 16:48:11,516| ### vote erhalten! Ich = '235_1'  Initiator = '212_3') ###
GGT(235_1)@lab24.cpt.haw-hamburg.de 18.06 16:48:11,516| Leite Anfrage (vote) an den Linken Nachbarn '211_3' weiter (implizites Zustimmen)
GGT(235_1)@lab24.cpt.haw-hamburg.de 18.06 16:48:11,517| DISPATCHER: Leite Befehl {vote,'241_4'} an meinen Worker weiter...
GGT(235_1)@lab24.cpt.haw-hamburg.de 18.06 16:48:11,518| ### vote erhalten! Ich = '235_1'  Initiator = '245_2') ###
GGT(235_1)@lab24.cpt.haw-hamburg.de 18.06 16:48:11,518| Leite Anfrage (vote) an den Linken Nachbarn '211_3' weiter (implizites Zustimmen)
GGT(235_1)@lab24.cpt.haw-hamburg.de 18.06 16:48:11,518| DISPATCHER: Leite Befehl {vote,'242_4'} an meinen Worker weiter...
GGT(235_1)@lab24.cpt.haw-hamburg.de 18.06 16:48:11,519| DISPATCHER: Leite Befehl {vote,'247_1'} an meinen Worker weiter...
GGT(235_1)@lab24.cpt.haw-hamburg.de 18.06 16:48:11,520| DISPATCHER: Leite Befehl {vote,'247_3'} an meinen Worker weiter...
GGT(235_1)@lab24.cpt.haw-hamburg.de 18.06 16:48:11,520| ### vote erhalten! Ich = '235_1'  Initiator = '2410_4') ###
GGT(235_1)@lab24.cpt.haw-hamburg.de 18.06 16:48:11,520| Leite Anfrage (vote) an den Linken Nachbarn '211_3' weiter (implizites Zustimmen)
GGT(235_1)@lab24.cpt.haw-hamburg.de 18.06 16:48:11,520| DISPATCHER: Leite Befehl {vote,'241_3'} an meinen Worker weiter...
GGT(235_1)@lab24.cpt.haw-hamburg.de 18.06 16:48:11,521| DISPATCHER: Leite Befehl {vote,'242_4'} an meinen Worker weiter...
GGT(235_1)@lab24.cpt.haw-hamburg.de 18.06 16:48:11,522| ### vote erhalten! Ich = '235_1'  Initiator = '241_3') ###
GGT(235_1)@lab24.cpt.haw-hamburg.de 18.06 16:48:11,522| Leite Anfrage (vote) an den Linken Nachbarn '211_3' weiter (implizites Zustimmen)
GGT(235_1)@lab24.cpt.haw-hamburg.de 18.06 16:48:11,524| DISPATCHER: Leite Befehl {vote,'243_4'} an meinen Worker weiter...
GGT(235_1)@lab24.cpt.haw-hamburg.de 18.06 16:48:11,524| DISPATCHER: Leite Befehl {vote,'243_4'} an meinen Worker weiter...
GGT(235_1)@lab24.cpt.haw-hamburg.de 18.06 16:48:11,524| ### vote erhalten! Ich = '235_1'  Initiator = '241_3') ###
GGT(235_1)@lab24.cpt.haw-hamburg.de 18.06 16:48:11,524| Leite Anfrage (vote) an den Linken Nachbarn '211_3' weiter (implizites Zustimmen)
GGT(235_1)@lab24.cpt.haw-hamburg.de 18.06 16:48:11,526| ### vote erhalten! Ich = '235_1'  Initiator = '219_1') ###
GGT(235_1)@lab24.cpt.haw-hamburg.de 18.06 16:48:11,526| Leite Anfrage (vote) an den Linken Nachbarn '211_3' weiter (implizites Zustimmen)
GGT(235_1)@lab24.cpt.haw-hamburg.de 18.06 16:48:11,528| DISPATCHER: Leite Befehl {vote,'241_3'} an meinen Worker weiter...
GGT(235_1)@lab24.cpt.haw-hamburg.de 18.06 16:48:11,528| DISPATCHER: Leite Befehl {vote,'242_4'} an meinen Worker weiter...
GGT(235_1)@lab24.cpt.haw-hamburg.de 18.06 16:48:11,529| DISPATCHER: Leite Befehl {vote,'247_1'} an meinen Worker weiter...
GGT(235_1)@lab24.cpt.haw-hamburg.de 18.06 16:48:11,529| ### vote erhalten! Ich = '235_1'  Initiator = '247_3') ###
GGT(235_1)@lab24.cpt.haw-hamburg.de 18.06 16:48:11,529| Leite Anfrage (vote) an den Linken Nachbarn '211_3' weiter (implizites Zustimmen)
GGT(235_1)@lab24.cpt.haw-hamburg.de 18.06 16:48:11,531| DISPATCHER: Leite Befehl {vote,'243_4'} an meinen Worker weiter...
GGT(235_1)@lab24.cpt.haw-hamburg.de 18.06 16:48:11,531| DISPATCHER: Leite Befehl {vote,'243_4'} an meinen Worker weiter...
GGT(235_1)@lab24.cpt.haw-hamburg.de 18.06 16:48:11,531| ### vote erhalten! Ich = '235_1'  Initiator = '245_1') ###
GGT(235_1)@lab24.cpt.haw-hamburg.de 18.06 16:48:11,531| Leite Anfrage (vote) an den Linken Nachbarn '211_3' weiter (implizites Zustimmen)
GGT(235_1)@lab24.cpt.haw-hamburg.de 18.06 16:48:11,531| DISPATCHER: Leite Befehl {vote,'242_2'} an meinen Worker weiter...
GGT(235_1)@lab24.cpt.haw-hamburg.de 18.06 16:48:11,532| DISPATCHER: Leite Befehl {vote,'242_2'} an meinen Worker weiter...
GGT(235_1)@lab24.cpt.haw-hamburg.de 18.06 16:48:11,536| DISPATCHER: Leite Befehl {vote,'242_2'} an meinen Worker weiter...
GGT(235_1)@lab24.cpt.haw-hamburg.de 18.06 16:48:11,536| DISPATCHER: Leite Befehl {vote,'241_1'} an meinen Worker weiter...
GGT(235_1)@lab24.cpt.haw-hamburg.de 18.06 16:48:11,536| ### vote erhalten! Ich = '235_1'  Initiator = '241_3') ###
GGT(235_1)@lab24.cpt.haw-hamburg.de 18.06 16:48:11,536| DISPATCHER: Leite Befehl {vote,'219_4'} an meinen Worker weiter...
GGT(235_1)@lab24.cpt.haw-hamburg.de 18.06 16:48:11,536| DISPATCHER: Leite Befehl {vote,'241_1'} an meinen Worker weiter...
GGT(235_1)@lab24.cpt.haw-hamburg.de 18.06 16:48:11,536| Leite Anfrage (vote) an den Linken Nachbarn '211_3' weiter (implizites Zustimmen)
GGT(235_1)@lab24.cpt.haw-hamburg.de 18.06 16:48:11,536| DISPATCHER: Leite Befehl {vote,'249_3'} an meinen Worker weiter...
GGT(235_1)@lab24.cpt.haw-hamburg.de 18.06 16:48:11,537| DISPATCHER: Leite Befehl {vote,'241_1'} an meinen Worker weiter...
GGT(235_1)@lab24.cpt.haw-hamburg.de 18.06 16:48:11,538| DISPATCHER: Leite Befehl {vote,'247_1'} an meinen Worker weiter...
GGT(235_1)@lab24.cpt.haw-hamburg.de 18.06 16:48:11,538| ### vote erhalten! Ich = '235_1'  Initiator = '245_1') ###
GGT(235_1)@lab24.cpt.haw-hamburg.de 18.06 16:48:11,538| Leite Anfrage (vote) an den Linken Nachbarn '211_3' weiter (implizites Zustimmen)
GGT(235_1)@lab24.cpt.haw-hamburg.de 18.06 16:48:11,540| DISPATCHER: Leite Befehl {vote,'241_1'} an meinen Worker weiter...
GGT(235_1)@lab24.cpt.haw-hamburg.de 18.06 16:48:11,541| ### vote erhalten! Ich = '235_1'  Initiator = '247_3') ###
GGT(235_1)@lab24.cpt.haw-hamburg.de 18.06 16:48:11,541| Leite Anfrage (vote) an den Linken Nachbarn '211_3' weiter (implizites Zustimmen)
GGT(235_1)@lab24.cpt.haw-hamburg.de 18.06 16:48:11,541| DISPATCHER: Leite Befehl {vote,'212_1'} an meinen Worker weiter...
GGT(235_1)@lab24.cpt.haw-hamburg.de 18.06 16:48:11,542| DISPATCHER: Leite Befehl {vote,'249_3'} an meinen Worker weiter...
GGT(235_1)@lab24.cpt.haw-hamburg.de 18.06 16:48:11,543| ### vote erhalten! Ich = '235_1'  Initiator = '243_4') ###
GGT(235_1)@lab24.cpt.haw-hamburg.de 18.06 16:48:11,543| Leite Anfrage (vote) an den Linken Nachbarn '211_3' weiter (implizites Zustimmen)
GGT(235_1)@lab24.cpt.haw-hamburg.de 18.06 16:48:11,543| DISPATCHER: Leite Befehl {vote,'247_3'} an meinen Worker weiter...
GGT(235_1)@lab24.cpt.haw-hamburg.de 18.06 16:48:11,544| DISPATCHER: Leite Befehl {vote,'247_1'} an meinen Worker weiter...
GGT(235_1)@lab24.cpt.haw-hamburg.de 18.06 16:48:11,545| DISPATCHER: Leite Befehl {vote,'211_4'} an meinen Worker weiter...
GGT(235_1)@lab24.cpt.haw-hamburg.de 18.06 16:48:11,545| ### vote erhalten! Ich = '235_1'  Initiator = '219_4') ###
GGT(235_1)@lab24.cpt.haw-hamburg.de 18.06 16:48:11,545| Leite Anfrage (vote) an den Linken Nachbarn '211_3' weiter (implizites Zustimmen)
GGT(235_1)@lab24.cpt.haw-hamburg.de 18.06 16:48:11,547| ### vote erhalten! Ich = '235_1'  Initiator = '243_4') ###
GGT(235_1)@lab24.cpt.haw-hamburg.de 18.06 16:48:11,547| Leite Anfrage (vote) an den Linken Nachbarn '211_3' weiter (implizites Zustimmen)
GGT(235_1)@lab24.cpt.haw-hamburg.de 18.06 16:48:11,549| ### vote erhalten! Ich = '235_1'  Initiator = '247_3') ###
GGT(235_1)@lab24.cpt.haw-hamburg.de 18.06 16:48:11,549| Leite Anfrage (vote) an den Linken Nachbarn '211_3' weiter (implizites Zustimmen)
GGT(235_1)@lab24.cpt.haw-hamburg.de 18.06 16:48:11,549| DISPATCHER: Leite Befehl {vote,'212_1'} an meinen Worker weiter...
GGT(235_1)@lab24.cpt.haw-hamburg.de 18.06 16:48:11,549| DISPATCHER: Leite Befehl {vote,'249_3'} an meinen Worker weiter...
GGT(235_1)@lab24.cpt.haw-hamburg.de 18.06 16:48:11,551| DISPATCHER: Leite Befehl {vote,'211_1'} an meinen Worker weiter...
GGT(235_1)@lab24.cpt.haw-hamburg.de 18.06 16:48:11,551| ### vote erhalten! Ich = '235_1'  Initiator = '241_3') ###
GGT(235_1)@lab24.cpt.haw-hamburg.de 18.06 16:48:11,551| Leite Anfrage (vote) an den Linken Nachbarn '211_3' weiter (implizites Zustimmen)
GGT(235_1)@lab24.cpt.haw-hamburg.de 18.06 16:48:11,552| DISPATCHER: Leite Befehl {vote,'211_4'} an meinen Worker weiter...
GGT(235_1)@lab24.cpt.haw-hamburg.de 18.06 16:48:11,554| DISPATCHER: Leite Befehl {vote,'249_3'} an meinen Worker weiter...
GGT(235_1)@lab24.cpt.haw-hamburg.de 18.06 16:48:11,554| DISPATCHER: Leite Befehl {vote,'242_2'} an meinen Worker weiter...
GGT(235_1)@lab24.cpt.haw-hamburg.de 18.06 16:48:11,554| ### vote erhalten! Ich = '235_1'  Initiator = '242_4') ###
GGT(235_1)@lab24.cpt.haw-hamburg.de 18.06 16:48:11,554| Leite Anfrage (vote) an den Linken Nachbarn '211_3' weiter (implizites Zustimmen)
GGT(235_1)@lab24.cpt.haw-hamburg.de 18.06 16:48:11,555| DISPATCHER: Leite Befehl {vote,'241_1'} an meinen Worker weiter...
GGT(235_1)@lab24.cpt.haw-hamburg.de 18.06 16:48:11,556| DISPATCHER: Leite Befehl {vote,'249_3'} an meinen Worker weiter...
GGT(235_1)@lab24.cpt.haw-hamburg.de 18.06 16:48:11,557| ### vote erhalten! Ich = '235_1'  Initiator = '241_4') ###
GGT(235_1)@lab24.cpt.haw-hamburg.de 18.06 16:48:11,557| Leite Anfrage (vote) an den Linken Nachbarn '211_3' weiter (implizites Zustimmen)
GGT(235_1)@lab24.cpt.haw-hamburg.de 18.06 16:48:11,558| DISPATCHER: Leite Befehl {vote,'247_3'} an meinen Worker weiter...
GGT(235_1)@lab24.cpt.haw-hamburg.de 18.06 16:48:11,559| DISPATCHER: Leite Befehl {vote,'211_1'} an meinen Worker weiter...
GGT(235_1)@lab24.cpt.haw-hamburg.de 18.06 16:48:11,559| ### vote erhalten! Ich = '235_1'  Initiator = '241_4') ###
GGT(235_1)@lab24.cpt.haw-hamburg.de 18.06 16:48:11,559| Leite Anfrage (vote) an den Linken Nachbarn '211_3' weiter (implizites Zustimmen)
GGT(235_1)@lab24.cpt.haw-hamburg.de 18.06 16:48:11,560| DISPATCHER: Leite Befehl {vote,'2110_3'} an meinen Worker weiter...
GGT(235_1)@lab24.cpt.haw-hamburg.de 18.06 16:48:11,562| ### vote erhalten! Ich = '235_1'  Initiator = '242_4') ###
GGT(235_1)@lab24.cpt.haw-hamburg.de 18.06 16:48:11,562| Leite Anfrage (vote) an den Linken Nachbarn '211_3' weiter (implizites Zustimmen)
GGT(235_1)@lab24.cpt.haw-hamburg.de 18.06 16:48:11,562| DISPATCHER: Leite Befehl {vote,'242_2'} an meinen Worker weiter...
GGT(235_1)@lab24.cpt.haw-hamburg.de 18.06 16:48:11,563| DISPATCHER: Leite Befehl {vote,'247_3'} an meinen Worker weiter...
GGT(235_1)@lab24.cpt.haw-hamburg.de 18.06 16:48:11,564| ### vote erhalten! Ich = '235_1'  Initiator = '247_1') ###
GGT(235_1)@lab24.cpt.haw-hamburg.de 18.06 16:48:11,564| Leite Anfrage (vote) an den Linken Nachbarn '211_3' weiter (implizites Zustimmen)
GGT(235_1)@lab24.cpt.haw-hamburg.de 18.06 16:48:11,564| DISPATCHER: Leite Befehl {vote,'243_4'} an meinen Worker weiter...
GGT(235_1)@lab24.cpt.haw-hamburg.de 18.06 16:48:11,565| DISPATCHER: Leite Befehl {vote,'245_3'} an meinen Worker weiter...
GGT(235_1)@lab24.cpt.haw-hamburg.de 18.06 16:48:11,566| ### vote erhalten! Ich = '235_1'  Initiator = '247_3') ###
GGT(235_1)@lab24.cpt.haw-hamburg.de 18.06 16:48:11,566| Leite Anfrage (vote) an den Linken Nachbarn '211_3' weiter (implizites Zustimmen)
GGT(235_1)@lab24.cpt.haw-hamburg.de 18.06 16:48:11,567| DISPATCHER: Leite Befehl {vote,'245_3'} an meinen Worker weiter...
GGT(235_1)@lab24.cpt.haw-hamburg.de 18.06 16:48:11,568| ### vote erhalten! Ich = '235_1'  Initiator = '241_3') ###
GGT(235_1)@lab24.cpt.haw-hamburg.de 18.06 16:48:11,568| Leite Anfrage (vote) an den Linken Nachbarn '211_3' weiter (implizites Zustimmen)
GGT(235_1)@lab24.cpt.haw-hamburg.de 18.06 16:48:11,568| DISPATCHER: Leite Befehl {vote,'247_3'} an meinen Worker weiter...
GGT(235_1)@lab24.cpt.haw-hamburg.de 18.06 16:48:11,569| DISPATCHER: Leite Befehl {vote,'2110_3'} an meinen Worker weiter...
GGT(235_1)@lab24.cpt.haw-hamburg.de 18.06 16:48:11,570| ### vote erhalten! Ich = '235_1'  Initiator = '242_4') ###
GGT(235_1)@lab24.cpt.haw-hamburg.de 18.06 16:48:11,570| Leite Anfrage (vote) an den Linken Nachbarn '211_3' weiter (implizites Zustimmen)
GGT(235_1)@lab24.cpt.haw-hamburg.de 18.06 16:48:11,570| DISPATCHER: Leite Befehl {vote,'243_4'} an meinen Worker weiter...
GGT(235_1)@lab24.cpt.haw-hamburg.de 18.06 16:48:11,572| DISPATCHER: Leite Befehl {vote,'216_1'} an meinen Worker weiter...
GGT(235_1)@lab24.cpt.haw-hamburg.de 18.06 16:48:11,573| ### vote erhalten! Ich = '235_1'  Initiator = '243_4') ###
GGT(235_1)@lab24.cpt.haw-hamburg.de 18.06 16:48:11,573| Leite Anfrage (vote) an den Linken Nachbarn '211_3' weiter (implizites Zustimmen)
GGT(235_1)@lab24.cpt.haw-hamburg.de 18.06 16:48:11,573| DISPATCHER: Leite Befehl {vote,'243_4'} an meinen Worker weiter...
GGT(235_1)@lab24.cpt.haw-hamburg.de 18.06 16:48:11,574| DISPATCHER: Leite Befehl {vote,'245_3'} an meinen Worker weiter...
GGT(235_1)@lab24.cpt.haw-hamburg.de 18.06 16:48:11,575| ### vote erhalten! Ich = '235_1'  Initiator = '243_4') ###
GGT(235_1)@lab24.cpt.haw-hamburg.de 18.06 16:48:11,575| Leite Anfrage (vote) an den Linken Nachbarn '211_3' weiter (implizites Zustimmen)
GGT(235_1)@lab24.cpt.haw-hamburg.de 18.06 16:48:11,576| DISPATCHER: Leite Befehl {vote,'218_1'} an meinen Worker weiter...
GGT(235_1)@lab24.cpt.haw-hamburg.de 18.06 16:48:11,577| ### vote erhalten! Ich = '235_1'  Initiator = '241_3') ###
GGT(235_1)@lab24.cpt.haw-hamburg.de 18.06 16:48:11,577| Leite Anfrage (vote) an den Linken Nachbarn '211_3' weiter (implizites Zustimmen)
GGT(235_1)@lab24.cpt.haw-hamburg.de 18.06 16:48:11,577| DISPATCHER: Leite Befehl {vote,'243_4'} an meinen Worker weiter...
GGT(235_1)@lab24.cpt.haw-hamburg.de 18.06 16:48:11,578| DISPATCHER: Leite Befehl {vote,'246_1'} an meinen Worker weiter...
GGT(235_1)@lab24.cpt.haw-hamburg.de 18.06 16:48:11,579| ### vote erhalten! Ich = '235_1'  Initiator = '242_4') ###
GGT(235_1)@lab24.cpt.haw-hamburg.de 18.06 16:48:11,579| Leite Anfrage (vote) an den Linken Nachbarn '211_3' weiter (implizites Zustimmen)
GGT(235_1)@lab24.cpt.haw-hamburg.de 18.06 16:48:11,579| DISPATCHER: Leite Befehl {vote,'218_1'} an meinen Worker weiter...
GGT(235_1)@lab24.cpt.haw-hamburg.de 18.06 16:48:11,581| DISPATCHER: Leite Befehl {vote,'246_1'} an meinen Worker weiter...
GGT(235_1)@lab24.cpt.haw-hamburg.de 18.06 16:48:11,582| ### vote erhalten! Ich = '235_1'  Initiator = '247_1') ###
GGT(235_1)@lab24.cpt.haw-hamburg.de 18.06 16:48:11,582| Leite Anfrage (vote) an den Linken Nachbarn '211_3' weiter (implizites Zustimmen)
GGT(235_1)@lab24.cpt.haw-hamburg.de 18.06 16:48:11,583| DISPATCHER: Leite Befehl {vote,'247_1'} an meinen Worker weiter...
GGT(235_1)@lab24.cpt.haw-hamburg.de 18.06 16:48:11,583| DISPATCHER: Leite Befehl {vote,'247_3'} an meinen Worker weiter...
GGT(235_1)@lab24.cpt.haw-hamburg.de 18.06 16:48:11,583| DISPATCHER: Leite Befehl {vote,'246_2'} an meinen Worker weiter...
GGT(235_1)@lab24.cpt.haw-hamburg.de 18.06 16:48:11,584| DISPATCHER: Leite Befehl {vote,'247_1'} an meinen Worker weiter...
GGT(235_1)@lab24.cpt.haw-hamburg.de 18.06 16:48:11,584| DISPATCHER: Leite Befehl {vote,'246_1'} an meinen Worker weiter...
GGT(235_1)@lab24.cpt.haw-hamburg.de 18.06 16:48:11,584| DISPATCHER: Leite Befehl {vote,'247_3'} an meinen Worker weiter...
GGT(235_1)@lab24.cpt.haw-hamburg.de 18.06 16:48:11,584| ### vote erhalten! Ich = '235_1'  Initiator = '243_4') ###
GGT(235_1)@lab24.cpt.haw-hamburg.de 18.06 16:48:11,585| Leite Anfrage (vote) an den Linken Nachbarn '211_3' weiter (implizites Zustimmen)
GGT(235_1)@lab24.cpt.haw-hamburg.de 18.06 16:48:11,585| DISPATCHER: Leite Befehl {vote,'246_1'} an meinen Worker weiter...
GGT(235_1)@lab24.cpt.haw-hamburg.de 18.06 16:48:11,586| ### vote erhalten! Ich = '235_1'  Initiator = '243_4') ###
GGT(235_1)@lab24.cpt.haw-hamburg.de 18.06 16:48:11,586| Leite Anfrage (vote) an den Linken Nachbarn '211_3' weiter (implizites Zustimmen)
GGT(235_1)@lab24.cpt.haw-hamburg.de 18.06 16:48:11,586| DISPATCHER: Leite Befehl {vote,'246_2'} an meinen Worker weiter...
GGT(235_1)@lab24.cpt.haw-hamburg.de 18.06 16:48:11,587| DISPATCHER: Leite Befehl {vote,'246_2'} an meinen Worker weiter...
GGT(235_1)@lab24.cpt.haw-hamburg.de 18.06 16:48:11,588| DISPATCHER: Leite Befehl {vote,'247_2'} an meinen Worker weiter...
GGT(235_1)@lab24.cpt.haw-hamburg.de 18.06 16:48:11,588| ### vote erhalten! Ich = '235_1'  Initiator = '242_2') ###
GGT(235_1)@lab24.cpt.haw-hamburg.de 18.06 16:48:11,588| Leite Anfrage (vote) an den Linken Nachbarn '211_3' weiter (implizites Zustimmen)
GGT(235_1)@lab24.cpt.haw-hamburg.de 18.06 16:48:11,590| ### vote erhalten! Ich = '235_1'  Initiator = '242_2') ###
GGT(235_1)@lab24.cpt.haw-hamburg.de 18.06 16:48:11,590| Leite Anfrage (vote) an den Linken Nachbarn '211_3' weiter (implizites Zustimmen)
GGT(235_1)@lab24.cpt.haw-hamburg.de 18.06 16:48:11,591| ### vote erhalten! Ich = '235_1'  Initiator = '242_2') ###
GGT(235_1)@lab24.cpt.haw-hamburg.de 18.06 16:48:11,591| Leite Anfrage (vote) an den Linken Nachbarn '211_3' weiter (implizites Zustimmen)
GGT(235_1)@lab24.cpt.haw-hamburg.de 18.06 16:48:11,592| ### vote erhalten! Ich = '235_1'  Initiator = '241_1') ###
GGT(235_1)@lab24.cpt.haw-hamburg.de 18.06 16:48:11,592| Leite Anfrage (vote) an den Linken Nachbarn '211_3' weiter (implizites Zustimmen)
GGT(235_1)@lab24.cpt.haw-hamburg.de 18.06 16:48:11,593| DISPATCHER: Leite Befehl {vote,'247_2'} an meinen Worker weiter...
GGT(235_1)@lab24.cpt.haw-hamburg.de 18.06 16:48:11,593| ### vote erhalten! Ich = '235_1'  Initiator = '219_4') ###
GGT(235_1)@lab24.cpt.haw-hamburg.de 18.06 16:48:11,593| Leite Anfrage (vote) an den Linken Nachbarn '211_3' weiter (implizites Zustimmen)
GGT(235_1)@lab24.cpt.haw-hamburg.de 18.06 16:48:11,593| DISPATCHER: Leite Befehl {vote,'247_3'} an meinen Worker weiter...
GGT(235_1)@lab24.cpt.haw-hamburg.de 18.06 16:48:11,595| ### vote erhalten! Ich = '235_1'  Initiator = '241_1') ###
GGT(235_1)@lab24.cpt.haw-hamburg.de 18.06 16:48:11,595| Leite Anfrage (vote) an den Linken Nachbarn '211_3' weiter (implizites Zustimmen)
GGT(235_1)@lab24.cpt.haw-hamburg.de 18.06 16:48:11,595| DISPATCHER: Leite Befehl {vote,'2110_4'} an meinen Worker weiter...
GGT(235_1)@lab24.cpt.haw-hamburg.de 18.06 16:48:11,597| ### vote erhalten! Ich = '235_1'  Initiator = '249_3') ###
GGT(235_1)@lab24.cpt.haw-hamburg.de 18.06 16:48:11,597| Leite Anfrage (vote) an den Linken Nachbarn '211_3' weiter (implizites Zustimmen)
GGT(235_1)@lab24.cpt.haw-hamburg.de 18.06 16:48:11,598| DISPATCHER: Leite Befehl {vote,'246_2'} an meinen Worker weiter...
GGT(235_1)@lab24.cpt.haw-hamburg.de 18.06 16:48:11,598| DISPATCHER: Leite Befehl {vote,'247_2'} an meinen Worker weiter...
GGT(235_1)@lab24.cpt.haw-hamburg.de 18.06 16:48:11,598| ### vote erhalten! Ich = '235_1'  Initiator = '241_1') ###
GGT(235_1)@lab24.cpt.haw-hamburg.de 18.06 16:48:11,598| Leite Anfrage (vote) an den Linken Nachbarn '211_3' weiter (implizites Zustimmen)
GGT(235_1)@lab24.cpt.haw-hamburg.de 18.06 16:48:11,601| ### vote erhalten! Ich = '235_1'  Initiator = '247_1') ###
GGT(235_1)@lab24.cpt.haw-hamburg.de 18.06 16:48:11,601| Leite Anfrage (vote) an den Linken Nachbarn '211_3' weiter (implizites Zustimmen)
GGT(235_1)@lab24.cpt.haw-hamburg.de 18.06 16:48:11,602| DISPATCHER: Leite Befehl {vote,'247_3'} an meinen Worker weiter...
GGT(235_1)@lab24.cpt.haw-hamburg.de 18.06 16:48:11,602| ### vote erhalten! Ich = '235_1'  Initiator = '241_1') ###
GGT(235_1)@lab24.cpt.haw-hamburg.de 18.06 16:48:11,602| Leite Anfrage (vote) an den Linken Nachbarn '211_3' weiter (implizites Zustimmen)
GGT(235_1)@lab24.cpt.haw-hamburg.de 18.06 16:48:11,603| DISPATCHER: Leite Befehl {vote,'215_1'} an meinen Worker weiter...
GGT(235_1)@lab24.cpt.haw-hamburg.de 18.06 16:48:11,605| DISPATCHER: Leite Befehl {vote,'214_1'} an meinen Worker weiter...
GGT(235_1)@lab24.cpt.haw-hamburg.de 18.06 16:48:11,605| ### vote erhalten! Ich = '235_1'  Initiator = '212_1') ###
GGT(235_1)@lab24.cpt.haw-hamburg.de 18.06 16:48:11,606| Leite Anfrage (vote) an den Linken Nachbarn '211_3' weiter (implizites Zustimmen)
GGT(235_1)@lab24.cpt.haw-hamburg.de 18.06 16:48:11,606| DISPATCHER: Leite Befehl {vote,'214_1'} an meinen Worker weiter...
GGT(235_1)@lab24.cpt.haw-hamburg.de 18.06 16:48:11,607| ### vote erhalten! Ich = '235_1'  Initiator = '249_3') ###
GGT(235_1)@lab24.cpt.haw-hamburg.de 18.06 16:48:11,607| Leite Anfrage (vote) an den Linken Nachbarn '211_3' weiter (implizites Zustimmen)
GGT(235_1)@lab24.cpt.haw-hamburg.de 18.06 16:48:11,609| ### vote erhalten! Ich = '235_1'  Initiator = '247_3') ###
GGT(235_1)@lab24.cpt.haw-hamburg.de 18.06 16:48:11,609| Leite Anfrage (vote) an den Linken Nachbarn '211_3' weiter (implizites Zustimmen)
GGT(235_1)@lab24.cpt.haw-hamburg.de 18.06 16:48:11,609| DISPATCHER: Leite Befehl {vote,'247_3'} an meinen Worker weiter...
GGT(235_1)@lab24.cpt.haw-hamburg.de 18.06 16:48:11,610| DISPATCHER: Leite Befehl {vote,'241_4'} an meinen Worker weiter...
GGT(235_1)@lab24.cpt.haw-hamburg.de 18.06 16:48:11,611| ### vote erhalten! Ich = '235_1'  Initiator = '247_1') ###
GGT(235_1)@lab24.cpt.haw-hamburg.de 18.06 16:48:11,611| Leite Anfrage (vote) an den Linken Nachbarn '211_3' weiter (implizites Zustimmen)
GGT(235_1)@lab24.cpt.haw-hamburg.de 18.06 16:48:11,611| DISPATCHER: Leite Befehl {vote,'249_1'} an meinen Worker weiter...
GGT(235_1)@lab24.cpt.haw-hamburg.de 18.06 16:48:11,613| DISPATCHER: Leite Befehl {vote,'242_4'} an meinen Worker weiter...
GGT(235_1)@lab24.cpt.haw-hamburg.de 18.06 16:48:11,613| ### vote erhalten! Ich = '235_1'  Initiator = '211_4') ###
GGT(235_1)@lab24.cpt.haw-hamburg.de 18.06 16:48:11,613| Leite Anfrage (vote) an den Linken Nachbarn '211_3' weiter (implizites Zustimmen)
GGT(235_1)@lab24.cpt.haw-hamburg.de 18.06 16:48:11,614| ### vote erhalten! Ich = '235_1'  Initiator = '212_1') ###
GGT(235_1)@lab24.cpt.haw-hamburg.de 18.06 16:48:11,614| Leite Anfrage (vote) an den Linken Nachbarn '211_3' weiter (implizites Zustimmen)
GGT(235_1)@lab24.cpt.haw-hamburg.de 18.06 16:48:11,614| DISPATCHER: Leite Befehl {vote,'247_3'} an meinen Worker weiter...
GGT(235_1)@lab24.cpt.haw-hamburg.de 18.06 16:48:11,617| DISPATCHER: Leite Befehl {vote,'217_3'} an meinen Worker weiter...
GGT(235_1)@lab24.cpt.haw-hamburg.de 18.06 16:48:11,617| DISPATCHER: Leite Befehl {vote,'249_1'} an meinen Worker weiter...
GGT(235_1)@lab24.cpt.haw-hamburg.de 18.06 16:48:11,617| ### vote erhalten! Ich = '235_1'  Initiator = '249_3') ###
GGT(235_1)@lab24.cpt.haw-hamburg.de 18.06 16:48:11,617| Leite Anfrage (vote) an den Linken Nachbarn '211_3' weiter (implizites Zustimmen)
GGT(235_1)@lab24.cpt.haw-hamburg.de 18.06 16:48:11,617| DISPATCHER: Leite Befehl {vote,'249_4'} an meinen Worker weiter...
GGT(235_1)@lab24.cpt.haw-hamburg.de 18.06 16:48:11,619| ### vote erhalten! Ich = '235_1'  Initiator = '211_1') ###
GGT(235_1)@lab24.cpt.haw-hamburg.de 18.06 16:48:11,619| Leite Anfrage (vote) an den Linken Nachbarn '211_3' weiter (implizites Zustimmen)
GGT(235_1)@lab24.cpt.haw-hamburg.de 18.06 16:48:11,621| ### vote erhalten! Ich = '235_1'  Initiator = '211_4') ###
GGT(235_1)@lab24.cpt.haw-hamburg.de 18.06 16:48:11,621| Leite Anfrage (vote) an den Linken Nachbarn '211_3' weiter (implizites Zustimmen)
GGT(235_1)@lab24.cpt.haw-hamburg.de 18.06 16:48:11,622| ### vote erhalten! Ich = '235_1'  Initiator = '249_3') ###
GGT(235_1)@lab24.cpt.haw-hamburg.de 18.06 16:48:11,622| Leite Anfrage (vote) an den Linken Nachbarn '211_3' weiter (implizites Zustimmen)
GGT(235_1)@lab24.cpt.haw-hamburg.de 18.06 16:48:11,624| ### vote erhalten! Ich = '235_1'  Initiator = '242_2') ###
GGT(235_1)@lab24.cpt.haw-hamburg.de 18.06 16:48:11,624| Leite Anfrage (vote) an den Linken Nachbarn '211_3' weiter (implizites Zustimmen)
GGT(235_1)@lab24.cpt.haw-hamburg.de 18.06 16:48:11,626| ### vote erhalten! Ich = '235_1'  Initiator = '241_1') ###
GGT(235_1)@lab24.cpt.haw-hamburg.de 18.06 16:48:11,626| Leite Anfrage (vote) an den Linken Nachbarn '211_3' weiter (implizites Zustimmen)
GGT(235_1)@lab24.cpt.haw-hamburg.de 18.06 16:48:11,627| ### vote erhalten! Ich = '235_1'  Initiator = '249_3') ###
GGT(235_1)@lab24.cpt.haw-hamburg.de 18.06 16:48:11,627| Leite Anfrage (vote) an den Linken Nachbarn '211_3' weiter (implizites Zustimmen)
GGT(235_1)@lab24.cpt.haw-hamburg.de 18.06 16:48:11,630| ### vote erhalten! Ich = '235_1'  Initiator = '247_3') ###
GGT(235_1)@lab24.cpt.haw-hamburg.de 18.06 16:48:11,630| Leite Anfrage (vote) an den Linken Nachbarn '211_3' weiter (implizites Zustimmen)
GGT(235_1)@lab24.cpt.haw-hamburg.de 18.06 16:48:11,632| ### vote erhalten! Ich = '235_1'  Initiator = '211_1') ###
GGT(235_1)@lab24.cpt.haw-hamburg.de 18.06 16:48:11,632| Leite Anfrage (vote) an den Linken Nachbarn '211_3' weiter (implizites Zustimmen)
GGT(235_1)@lab24.cpt.haw-hamburg.de 18.06 16:48:11,633| ### vote erhalten! Ich = '235_1'  Initiator = '2110_3') ###
GGT(235_1)@lab24.cpt.haw-hamburg.de 18.06 16:48:11,633| Leite Anfrage (vote) an den Linken Nachbarn '211_3' weiter (implizites Zustimmen)
GGT(235_1)@lab24.cpt.haw-hamburg.de 18.06 16:48:11,635| ### vote erhalten! Ich = '235_1'  Initiator = '242_2') ###
GGT(235_1)@lab24.cpt.haw-hamburg.de 18.06 16:48:11,635| Leite Anfrage (vote) an den Linken Nachbarn '211_3' weiter (implizites Zustimmen)
GGT(235_1)@lab24.cpt.haw-hamburg.de 18.06 16:48:11,637| ### vote erhalten! Ich = '235_1'  Initiator = '247_3') ###
GGT(235_1)@lab24.cpt.haw-hamburg.de 18.06 16:48:11,637| Leite Anfrage (vote) an den Linken Nachbarn '211_3' weiter (implizites Zustimmen)
GGT(235_1)@lab24.cpt.haw-hamburg.de 18.06 16:48:11,639| ### vote erhalten! Ich = '235_1'  Initiator = '243_4') ###
GGT(235_1)@lab24.cpt.haw-hamburg.de 18.06 16:48:11,639| Leite Anfrage (vote) an den Linken Nachbarn '211_3' weiter (implizites Zustimmen)
GGT(235_1)@lab24.cpt.haw-hamburg.de 18.06 16:48:11,640| ### vote erhalten! Ich = '235_1'  Initiator = '245_3') ###
GGT(235_1)@lab24.cpt.haw-hamburg.de 18.06 16:48:11,640| Leite Anfrage (vote) an den Linken Nachbarn '211_3' weiter (implizites Zustimmen)
GGT(235_1)@lab24.cpt.haw-hamburg.de 18.06 16:48:11,642| ### vote erhalten! Ich = '235_1'  Initiator = '245_3') ###
GGT(235_1)@lab24.cpt.haw-hamburg.de 18.06 16:48:11,642| Leite Anfrage (vote) an den Linken Nachbarn '211_3' weiter (implizites Zustimmen)
GGT(235_1)@lab24.cpt.haw-hamburg.de 18.06 16:48:11,644| ### vote erhalten! Ich = '235_1'  Initiator = '247_3') ###
GGT(235_1)@lab24.cpt.haw-hamburg.de 18.06 16:48:11,644| Leite Anfrage (vote) an den Linken Nachbarn '211_3' weiter (implizites Zustimmen)
GGT(235_1)@lab24.cpt.haw-hamburg.de 18.06 16:48:11,645| ### vote erhalten! Ich = '235_1'  Initiator = '2110_3') ###
GGT(235_1)@lab24.cpt.haw-hamburg.de 18.06 16:48:11,645| Leite Anfrage (vote) an den Linken Nachbarn '211_3' weiter (implizites Zustimmen)
GGT(235_1)@lab24.cpt.haw-hamburg.de 18.06 16:48:11,646| ### vote erhalten! Ich = '235_1'  Initiator = '243_4') ###
GGT(235_1)@lab24.cpt.haw-hamburg.de 18.06 16:48:11,646| Leite Anfrage (vote) an den Linken Nachbarn '211_3' weiter (implizites Zustimmen)
GGT(235_1)@lab24.cpt.haw-hamburg.de 18.06 16:48:11,648| ### vote erhalten! Ich = '235_1'  Initiator = '216_1') ###
GGT(235_1)@lab24.cpt.haw-hamburg.de 18.06 16:48:11,648| Leite Anfrage (vote) an den Linken Nachbarn '211_3' weiter (implizites Zustimmen)
GGT(235_1)@lab24.cpt.haw-hamburg.de 18.06 16:48:11,649| ### vote erhalten! Ich = '235_1'  Initiator = '243_4') ###
GGT(235_1)@lab24.cpt.haw-hamburg.de 18.06 16:48:11,649| Leite Anfrage (vote) an den Linken Nachbarn '211_3' weiter (implizites Zustimmen)
GGT(235_1)@lab24.cpt.haw-hamburg.de 18.06 16:48:11,651| ### vote erhalten! Ich = '235_1'  Initiator = '245_3') ###
GGT(235_1)@lab24.cpt.haw-hamburg.de 18.06 16:48:11,651| Leite Anfrage (vote) an den Linken Nachbarn '211_3' weiter (implizites Zustimmen)
GGT(235_1)@lab24.cpt.haw-hamburg.de 18.06 16:48:11,653| ### vote erhalten! Ich = '235_1'  Initiator = '218_1') ###
GGT(235_1)@lab24.cpt.haw-hamburg.de 18.06 16:48:11,653| Leite Anfrage (vote) an den Linken Nachbarn '211_3' weiter (implizites Zustimmen)
GGT(235_1)@lab24.cpt.haw-hamburg.de 18.06 16:48:11,655| ### vote erhalten! Ich = '235_1'  Initiator = '243_4') ###
GGT(235_1)@lab24.cpt.haw-hamburg.de 18.06 16:48:11,655| Leite Anfrage (vote) an den Linken Nachbarn '211_3' weiter (implizites Zustimmen)
GGT(235_1)@lab24.cpt.haw-hamburg.de 18.06 16:48:11,658| ### vote erhalten! Ich = '235_1'  Initiator = '246_1') ###
GGT(235_1)@lab24.cpt.haw-hamburg.de 18.06 16:48:11,658| Leite Anfrage (vote) an den Linken Nachbarn '211_3' weiter (implizites Zustimmen)
GGT(235_1)@lab24.cpt.haw-hamburg.de 18.06 16:48:11,660| ### vote erhalten! Ich = '235_1'  Initiator = '218_1') ###
GGT(235_1)@lab24.cpt.haw-hamburg.de 18.06 16:48:11,660| Leite Anfrage (vote) an den Linken Nachbarn '211_3' weiter (implizites Zustimmen)
GGT(235_1)@lab24.cpt.haw-hamburg.de 18.06 16:48:11,661| ### vote erhalten! Ich = '235_1'  Initiator = '246_1') ###
GGT(235_1)@lab24.cpt.haw-hamburg.de 18.06 16:48:11,661| Leite Anfrage (vote) an den Linken Nachbarn '211_3' weiter (implizites Zustimmen)
GGT(235_1)@lab24.cpt.haw-hamburg.de 18.06 16:48:11,662| ### vote erhalten! Ich = '235_1'  Initiator = '247_1') ###
GGT(235_1)@lab24.cpt.haw-hamburg.de 18.06 16:48:11,662| Leite Anfrage (vote) an den Linken Nachbarn '211_3' weiter (implizites Zustimmen)
GGT(235_1)@lab24.cpt.haw-hamburg.de 18.06 16:48:11,664| ### vote erhalten! Ich = '235_1'  Initiator = '247_3') ###
GGT(235_1)@lab24.cpt.haw-hamburg.de 18.06 16:48:11,664| Leite Anfrage (vote) an den Linken Nachbarn '211_3' weiter (implizites Zustimmen)
GGT(235_1)@lab24.cpt.haw-hamburg.de 18.06 16:48:11,667| ### vote erhalten! Ich = '235_1'  Initiator = '246_2') ###
GGT(235_1)@lab24.cpt.haw-hamburg.de 18.06 16:48:11,667| Leite Anfrage (vote) an den Linken Nachbarn '211_3' weiter (implizites Zustimmen)
GGT(235_1)@lab24.cpt.haw-hamburg.de 18.06 16:48:11,669| ### vote erhalten! Ich = '235_1'  Initiator = '247_1') ###
GGT(235_1)@lab24.cpt.haw-hamburg.de 18.06 16:48:11,669| Leite Anfrage (vote) an den Linken Nachbarn '211_3' weiter (implizites Zustimmen)
GGT(235_1)@lab24.cpt.haw-hamburg.de 18.06 16:48:11,670| ### vote erhalten! Ich = '235_1'  Initiator = '246_1') ###
GGT(235_1)@lab24.cpt.haw-hamburg.de 18.06 16:48:11,670| Leite Anfrage (vote) an den Linken Nachbarn '211_3' weiter (implizites Zustimmen)
GGT(235_1)@lab24.cpt.haw-hamburg.de 18.06 16:48:11,671| ### vote erhalten! Ich = '235_1'  Initiator = '247_3') ###
GGT(235_1)@lab24.cpt.haw-hamburg.de 18.06 16:48:11,672| Leite Anfrage (vote) an den Linken Nachbarn '211_3' weiter (implizites Zustimmen)
GGT(235_1)@lab24.cpt.haw-hamburg.de 18.06 16:48:11,673| ### vote erhalten! Ich = '235_1'  Initiator = '246_1') ###
GGT(235_1)@lab24.cpt.haw-hamburg.de 18.06 16:48:11,673| Leite Anfrage (vote) an den Linken Nachbarn '211_3' weiter (implizites Zustimmen)
GGT(235_1)@lab24.cpt.haw-hamburg.de 18.06 16:48:11,674| ### vote erhalten! Ich = '235_1'  Initiator = '246_2') ###
GGT(235_1)@lab24.cpt.haw-hamburg.de 18.06 16:48:11,674| Leite Anfrage (vote) an den Linken Nachbarn '211_3' weiter (implizites Zustimmen)
GGT(235_1)@lab24.cpt.haw-hamburg.de 18.06 16:48:11,675| ### vote erhalten! Ich = '235_1'  Initiator = '246_2') ###
GGT(235_1)@lab24.cpt.haw-hamburg.de 18.06 16:48:11,675| Leite Anfrage (vote) an den Linken Nachbarn '211_3' weiter (implizites Zustimmen)
GGT(235_1)@lab24.cpt.haw-hamburg.de 18.06 16:48:11,676| ### vote erhalten! Ich = '235_1'  Initiator = '247_2') ###
GGT(235_1)@lab24.cpt.haw-hamburg.de 18.06 16:48:11,676| Leite Anfrage (vote) an den Linken Nachbarn '211_3' weiter (implizites Zustimmen)
GGT(235_1)@lab24.cpt.haw-hamburg.de 18.06 16:48:11,677| ### vote erhalten! Ich = '235_1'  Initiator = '247_2') ###
GGT(235_1)@lab24.cpt.haw-hamburg.de 18.06 16:48:11,677| Leite Anfrage (vote) an den Linken Nachbarn '211_3' weiter (implizites Zustimmen)
GGT(235_1)@lab24.cpt.haw-hamburg.de 18.06 16:48:11,678| ### vote erhalten! Ich = '235_1'  Initiator = '247_3') ###
GGT(235_1)@lab24.cpt.haw-hamburg.de 18.06 16:48:11,678| Leite Anfrage (vote) an den Linken Nachbarn '211_3' weiter (implizites Zustimmen)
GGT(235_1)@lab24.cpt.haw-hamburg.de 18.06 16:48:11,680| ### vote erhalten! Ich = '235_1'  Initiator = '2110_4') ###
GGT(235_1)@lab24.cpt.haw-hamburg.de 18.06 16:48:11,680| Leite Anfrage (vote) an den Linken Nachbarn '211_3' weiter (implizites Zustimmen)
GGT(235_1)@lab24.cpt.haw-hamburg.de 18.06 16:48:11,681| ### vote erhalten! Ich = '235_1'  Initiator = '246_2') ###
GGT(235_1)@lab24.cpt.haw-hamburg.de 18.06 16:48:11,681| Leite Anfrage (vote) an den Linken Nachbarn '211_3' weiter (implizites Zustimmen)
GGT(235_1)@lab24.cpt.haw-hamburg.de 18.06 16:48:11,682| ### vote erhalten! Ich = '235_1'  Initiator = '247_2') ###
GGT(235_1)@lab24.cpt.haw-hamburg.de 18.06 16:48:11,682| Leite Anfrage (vote) an den Linken Nachbarn '211_3' weiter (implizites Zustimmen)
GGT(235_1)@lab24.cpt.haw-hamburg.de 18.06 16:48:11,684| ### vote erhalten! Ich = '235_1'  Initiator = '247_3') ###
GGT(235_1)@lab24.cpt.haw-hamburg.de 18.06 16:48:11,684| Leite Anfrage (vote) an den Linken Nachbarn '211_3' weiter (implizites Zustimmen)
GGT(235_1)@lab24.cpt.haw-hamburg.de 18.06 16:48:11,685| ### vote erhalten! Ich = '235_1'  Initiator = '215_1') ###
GGT(235_1)@lab24.cpt.haw-hamburg.de 18.06 16:48:11,685| Leite Anfrage (vote) an den Linken Nachbarn '211_3' weiter (implizites Zustimmen)
GGT(235_1)@lab24.cpt.haw-hamburg.de 18.06 16:48:11,686| ### vote erhalten! Ich = '235_1'  Initiator = '214_1') ###
GGT(235_1)@lab24.cpt.haw-hamburg.de 18.06 16:48:11,686| Leite Anfrage (vote) an den Linken Nachbarn '211_3' weiter (implizites Zustimmen)
GGT(235_1)@lab24.cpt.haw-hamburg.de 18.06 16:48:11,688| ### vote erhalten! Ich = '235_1'  Initiator = '214_1') ###
GGT(235_1)@lab24.cpt.haw-hamburg.de 18.06 16:48:11,688| Leite Anfrage (vote) an den Linken Nachbarn '211_3' weiter (implizites Zustimmen)
GGT(235_1)@lab24.cpt.haw-hamburg.de 18.06 16:48:11,689| ### vote erhalten! Ich = '235_1'  Initiator = '247_3') ###
GGT(235_1)@lab24.cpt.haw-hamburg.de 18.06 16:48:11,689| Leite Anfrage (vote) an den Linken Nachbarn '211_3' weiter (implizites Zustimmen)
GGT(235_1)@lab24.cpt.haw-hamburg.de 18.06 16:48:11,690| ### vote erhalten! Ich = '235_1'  Initiator = '241_4') ###
GGT(235_1)@lab24.cpt.haw-hamburg.de 18.06 16:48:11,691| Leite Anfrage (vote) an den Linken Nachbarn '211_3' weiter (implizites Zustimmen)
GGT(235_1)@lab24.cpt.haw-hamburg.de 18.06 16:48:11,692| ### vote erhalten! Ich = '235_1'  Initiator = '249_1') ###
GGT(235_1)@lab24.cpt.haw-hamburg.de 18.06 16:48:11,692| Leite Anfrage (vote) an den Linken Nachbarn '211_3' weiter (implizites Zustimmen)
GGT(235_1)@lab24.cpt.haw-hamburg.de 18.06 16:48:11,694| ### vote erhalten! Ich = '235_1'  Initiator = '242_4') ###
GGT(235_1)@lab24.cpt.haw-hamburg.de 18.06 16:48:11,694| Leite Anfrage (vote) an den Linken Nachbarn '211_3' weiter (implizites Zustimmen)
GGT(235_1)@lab24.cpt.haw-hamburg.de 18.06 16:48:11,695| ### vote erhalten! Ich = '235_1'  Initiator = '247_3') ###
GGT(235_1)@lab24.cpt.haw-hamburg.de 18.06 16:48:11,695| Leite Anfrage (vote) an den Linken Nachbarn '211_3' weiter (implizites Zustimmen)
GGT(235_1)@lab24.cpt.haw-hamburg.de 18.06 16:48:11,698| ### vote erhalten! Ich = '235_1'  Initiator = '217_3') ###
GGT(235_1)@lab24.cpt.haw-hamburg.de 18.06 16:48:11,698| Leite Anfrage (vote) an den Linken Nachbarn '211_3' weiter (implizites Zustimmen)
GGT(235_1)@lab24.cpt.haw-hamburg.de 18.06 16:48:11,700| ### vote erhalten! Ich = '235_1'  Initiator = '249_1') ###
GGT(235_1)@lab24.cpt.haw-hamburg.de 18.06 16:48:11,700| Leite Anfrage (vote) an den Linken Nachbarn '211_3' weiter (implizites Zustimmen)
GGT(235_1)@lab24.cpt.haw-hamburg.de 18.06 16:48:11,702| ### vote erhalten! Ich = '235_1'  Initiator = '249_4') ###
GGT(235_1)@lab24.cpt.haw-hamburg.de 18.06 16:48:11,702| Leite Anfrage (vote) an den Linken Nachbarn '211_3' weiter (implizites Zustimmen)
