

GGT(233_3)@FloUB 18.06 22:44:18,221| ######################## 233_3 Status: SETUP ########################


GGT(233_3)@FloUB 18.06 22:44:18,221| ######################## 233_3 Status: INITIAL ########################
GGT(233_3)@FloUB 18.06 22:44:18,221| REBIND
GGT(233_3)@FloUB 18.06 22:44:18,221| Mit NameService verbunden
GGT(233_3)@FloUB 18.06 22:44:18,221| CHECK_IN
GGT(233_3)@FloUB 18.06 22:44:38,705| Nachbarn wurden mitgeteilt {L: '232_2' | R: '233_1'}


GGT(233_3)@FloUB 18.06 22:44:38,705| ######################## 233_3 Status: PRE_PROCESS ########################
GGT(233_3)@FloUB 18.06 22:44:52,596| 같같같같 CATCHED set_pmi mit 5339100 
GGT(233_3)@FloUB 18.06 22:44:52,596| WORKER: Initial Mi wurde mitgeteilt. Mi:5339100


GGT(233_3)@FloUB 18.06 22:44:52,596| ######################## 233_3 Status: PROCESS ########################
GGT(233_3)@FloUB 18.06 22:45:02,580| DISPATCHER: Leite Befehl {vote,'231_1'} an meinen Worker weiter...
GGT(233_3)@FloUB 18.06 22:45:02,580| ### vote erhalten! Ich = '233_3'  Initiator = '231_1') ###
GGT(233_3)@FloUB 18.06 22:45:02,580| Leite Anfrage (vote) an den Linken Nachbarn '232_2' weiter (implizites Zustimmen)
GGT(233_3)@FloUB 18.06 22:45:02,596| DISPATCHER: Leite Befehl {vote,'231_3'} an meinen Worker weiter...
GGT(233_3)@FloUB 18.06 22:45:02,596| ### vote erhalten! Ich = '233_3'  Initiator = '231_3') ###
GGT(233_3)@FloUB 18.06 22:45:02,611| Leite Anfrage (vote) an den Linken Nachbarn '232_2' weiter (implizites Zustimmen)
GGT(233_3)@FloUB 18.06 22:45:02,642| DISPATCHER: Leite Befehl {vote,'232_3'} an meinen Worker weiter...
GGT(233_3)@FloUB 18.06 22:45:02,642| ### vote erhalten! Ich = '233_3'  Initiator = '232_3') ###
GGT(233_3)@FloUB 18.06 22:45:02,642| Leite Anfrage (vote) an den Linken Nachbarn '232_2' weiter (implizites Zustimmen)
GGT(233_3)@FloUB 18.06 22:45:10,783| DISPATCHER: Leite Befehl {send,1300} an meinen Worker weiter...
GGT(233_3)@FloUB 18.06 22:45:10,783| Send erhalten Y:1300
GGT(233_3)@FloUB 18.06 22:45:10,799| ALGO: ((5339100 -1) mod 1300) +1     --    (TTW: 2 Sekunden)
GGT(233_3)@FloUB 18.06 22:45:12,830| informiere (brief_mi) Koordinator coordinator ueber neuen Mi:1300
GGT(233_3)@FloUB 18.06 22:45:12,830| Sende (send) Nachbarn '232_2' und '233_1' neuen Mi:1300
GGT(233_3)@FloUB 18.06 22:45:14,861| DISPATCHER: Leite Befehl {send,400} an meinen Worker weiter...
GGT(233_3)@FloUB 18.06 22:45:14,861| Send erhalten Y:400
GGT(233_3)@FloUB 18.06 22:45:14,861| ALGO: ((1300 -1) mod 400) +1     --    (TTW: 2 Sekunden)
GGT(233_3)@FloUB 18.06 22:45:16,877| informiere (brief_mi) Koordinator coordinator ueber neuen Mi:100
GGT(233_3)@FloUB 18.06 22:45:16,877| Sende (send) Nachbarn '232_2' und '233_1' neuen Mi:100
GGT(233_3)@FloUB 18.06 22:45:18,892| DISPATCHER: Leite Befehl {send,100} an meinen Worker weiter...
GGT(233_3)@FloUB 18.06 22:45:18,892| Send erhalten Y:100
GGT(233_3)@FloUB 18.06 22:45:18,892| ALGO: ((100 -1) mod 100) +1     --    (TTW: 2 Sekunden)
GGT(233_3)@FloUB 18.06 22:45:20,861| DISPATCHER: Leite Befehl {send,100} an meinen Worker weiter...
GGT(233_3)@FloUB 18.06 22:45:20,908| Mi NICHT geaendert! (ist und bleibt: 100)
GGT(233_3)@FloUB 18.06 22:45:20,908| Send erhalten Y:100
GGT(233_3)@FloUB 18.06 22:45:20,908| ALGO: ((100 -1) mod 100) +1     --    (TTW: 2 Sekunden)
GGT(233_3)@FloUB 18.06 22:45:22,924| Mi NICHT geaendert! (ist und bleibt: 100)
GGT(233_3)@FloUB 18.06 22:45:32,939| TTT Timer ist abgelaufen. Informiere meine linken Nachbarn ('232_2') ueber vote
GGT(233_3)@FloUB 18.06 22:45:32,939| DISPATCHER: Leite Befehl {vote,'233_1'} an meinen Worker weiter...
GGT(233_3)@FloUB 18.06 22:45:32,939| ### vote erhalten! Ich = '233_3'  Initiator = '233_1') ###
GGT(233_3)@FloUB 18.06 22:45:32,939| Leite Anfrage (vote) an den Linken Nachbarn '232_2' weiter (implizites Zustimmen)
GGT(233_3)@FloUB 18.06 22:45:33,017| DISPATCHER: Leite Befehl {vote,'233_3'} an meinen Worker weiter...
GGT(233_3)@FloUB 18.06 22:45:33,017| ### vote erhalten! Ich = '233_3'  Initiator = '233_3') ###
GGT(233_3)@FloUB 18.06 22:45:33,017| Abstimmung erfolgreich! informiere (brief_term) Koordinator coordinator ueber errechneten GGT:100
GGT(233_3)@FloUB 18.06 22:45:33,033| Abstimmung erfolgreich! Zaehle meine 'erfolgreich gemeldeten Terminierungsmeldungen hoch' Wert jetzt: 1
GGT(233_3)@FloUB 18.06 22:45:35,971| 같같같같 CATCHED set_pmi mit 108675 
GGT(233_3)@FloUB 18.06 22:45:35,971| WORKER: Neuer Mi wurde mitgeteilt (Neue berechnung). Mi:108675
GGT(233_3)@FloUB 18.06 22:45:37,986| DISPATCHER: Leite Befehl {send,14175} an meinen Worker weiter...
GGT(233_3)@FloUB 18.06 22:45:37,986| Send erhalten Y:14175
GGT(233_3)@FloUB 18.06 22:45:37,986| ALGO: ((108675 -1) mod 14175) +1     --    (TTW: 2 Sekunden)
GGT(233_3)@FloUB 18.06 22:45:39,002| informiere (brief_mi) Koordinator coordinator ueber neuen Mi:9450
GGT(233_3)@FloUB 18.06 22:45:40,002| Sende (send) Nachbarn '232_2' und '233_1' neuen Mi:9450
GGT(233_3)@FloUB 18.06 22:45:42,017| DISPATCHER: Leite Befehl {send,4725} an meinen Worker weiter...
GGT(233_3)@FloUB 18.06 22:45:42,017| Send erhalten Y:4725
GGT(233_3)@FloUB 18.06 22:45:42,017| ALGO: ((9450 -1) mod 4725) +1     --    (TTW: 2 Sekunden)
GGT(233_3)@FloUB 18.06 22:45:42,049| DISPATCHER: Leite Befehl {send,945} an meinen Worker weiter...
GGT(233_3)@FloUB 18.06 22:45:44,033| informiere (brief_mi) Koordinator coordinator ueber neuen Mi:4725
GGT(233_3)@FloUB 18.06 22:45:44,033| Sende (send) Nachbarn '232_2' und '233_1' neuen Mi:4725
GGT(233_3)@FloUB 18.06 22:45:44,033| Send erhalten Y:945
GGT(233_3)@FloUB 18.06 22:45:44,049| ALGO: ((4725 -1) mod 945) +1     --    (TTW: 2 Sekunden)
GGT(233_3)@FloUB 18.06 22:45:46,080| informiere (brief_mi) Koordinator coordinator ueber neuen Mi:945
GGT(233_3)@FloUB 18.06 22:45:46,080| Sende (send) Nachbarn '232_2' und '233_1' neuen Mi:945
GGT(233_3)@FloUB 18.06 22:45:48,064| DISPATCHER: Leite Befehl {send,693} an meinen Worker weiter...
GGT(233_3)@FloUB 18.06 22:45:48,064| Send erhalten Y:693
GGT(233_3)@FloUB 18.06 22:45:48,064| ALGO: ((945 -1) mod 693) +1     --    (TTW: 2 Sekunden)
GGT(233_3)@FloUB 18.06 22:45:50,080| informiere (brief_mi) Koordinator coordinator ueber neuen Mi:252
GGT(233_3)@FloUB 18.06 22:45:50,080| Sende (send) Nachbarn '232_2' und '233_1' neuen Mi:252
GGT(233_3)@FloUB 18.06 22:45:52,096| DISPATCHER: Leite Befehl {send,21} an meinen Worker weiter...
GGT(233_3)@FloUB 18.06 22:45:52,096| Send erhalten Y:21
GGT(233_3)@FloUB 18.06 22:45:52,096| ALGO: ((252 -1) mod 21) +1     --    (TTW: 2 Sekunden)
GGT(233_3)@FloUB 18.06 22:45:52,142| DISPATCHER: Leite Befehl {send,189} an meinen Worker weiter...
GGT(233_3)@FloUB 18.06 22:45:54,111| informiere (brief_mi) Koordinator coordinator ueber neuen Mi:21
GGT(233_3)@FloUB 18.06 22:45:54,111| Sende (send) Nachbarn '232_2' und '233_1' neuen Mi:21
GGT(233_3)@FloUB 18.06 22:45:54,111| Send erhalten Y:189
GGT(233_3)@FloUB 18.06 22:45:54,111| ALGO: ((21 -1) mod 189) +1     --    (TTW: 2 Sekunden)
GGT(233_3)@FloUB 18.06 22:45:54,174| DISPATCHER: Leite Befehl {send,21} an meinen Worker weiter...
GGT(233_3)@FloUB 18.06 22:45:56,127| Mi NICHT geaendert! (ist und bleibt: 21)
GGT(233_3)@FloUB 18.06 22:45:56,127| Send erhalten Y:21
GGT(233_3)@FloUB 18.06 22:45:56,127| ALGO: ((21 -1) mod 21) +1     --    (TTW: 2 Sekunden)
GGT(233_3)@FloUB 18.06 22:45:58,142| Mi NICHT geaendert! (ist und bleibt: 21)
GGT(233_3)@FloUB 18.06 22:46:00,205| DISPATCHER: Leite Befehl {vote,'233_2'} an meinen Worker weiter...
GGT(233_3)@FloUB 18.06 22:46:00,205| ### vote erhalten! Ich = '233_3'  Initiator = '233_2') ###
GGT(233_3)@FloUB 18.06 22:46:00,205| Leite Anfrage (vote) an den Linken Nachbarn '232_2' weiter (implizites Zustimmen)
GGT(233_3)@FloUB 18.06 22:46:18,002| <11990.1242.0> erfragt aktuellen Status. Sende vote
GGT(233_3)@FloUB 18.06 22:46:30,517| <11990.1242.0> erfragt aktuellen Mi. Sende Mi = 21
GGT(233_3)@FloUB 18.06 22:49:14,377| 같같같같 CATCHED set_pmi mit 4095 
GGT(233_3)@FloUB 18.06 22:49:14,392| WORKER: Neuer Mi wurde mitgeteilt (Neue berechnung). Mi:4095
GGT(233_3)@FloUB 18.06 22:49:24,392| TTT Timer ist abgelaufen. Informiere meine linken Nachbarn ('232_2') ueber vote
GGT(233_3)@FloUB 18.06 22:49:24,408| DISPATCHER: Leite Befehl {vote,'232_1'} an meinen Worker weiter...
GGT(233_3)@FloUB 18.06 22:49:24,408| ### vote erhalten! Ich = '233_3'  Initiator = '232_1') ###
GGT(233_3)@FloUB 18.06 22:49:24,408| Leite Anfrage (vote) an den Linken Nachbarn '232_2' weiter (implizites Zustimmen)
GGT(233_3)@FloUB 18.06 22:49:28,533| DISPATCHER: Leite Befehl {send,819} an meinen Worker weiter...
GGT(233_3)@FloUB 18.06 22:49:28,533| Send erhalten Y:819
GGT(233_3)@FloUB 18.06 22:49:28,533| ALGO: ((4095 -1) mod 819) +1     --    (TTW: 2 Sekunden)
GGT(233_3)@FloUB 18.06 22:49:30,549| informiere (brief_mi) Koordinator coordinator ueber neuen Mi:819
GGT(233_3)@FloUB 18.06 22:49:30,549| Sende (send) Nachbarn '232_2' und '233_1' neuen Mi:819
GGT(233_3)@FloUB 18.06 22:49:32,564| DISPATCHER: Leite Befehl {send,546} an meinen Worker weiter...
GGT(233_3)@FloUB 18.06 22:49:32,564| Send erhalten Y:546
GGT(233_3)@FloUB 18.06 22:49:32,564| ALGO: ((819 -1) mod 546) +1     --    (TTW: 2 Sekunden)
GGT(233_3)@FloUB 18.06 22:49:34,580| informiere (brief_mi) Koordinator coordinator ueber neuen Mi:273
GGT(233_3)@FloUB 18.06 22:49:34,580| Sende (send) Nachbarn '232_2' und '233_1' neuen Mi:273
GGT(233_3)@FloUB 18.06 22:49:34,580| DISPATCHER: Leite Befehl {send,91} an meinen Worker weiter...
GGT(233_3)@FloUB 18.06 22:49:34,580| Send erhalten Y:91
GGT(233_3)@FloUB 18.06 22:49:34,580| ALGO: ((273 -1) mod 91) +1     --    (TTW: 2 Sekunden)
GGT(233_3)@FloUB 18.06 22:49:34,674| DISPATCHER: Leite Befehl {send,161} an meinen Worker weiter...
GGT(233_3)@FloUB 18.06 22:49:36,596| informiere (brief_mi) Koordinator coordinator ueber neuen Mi:91
GGT(233_3)@FloUB 18.06 22:49:36,596| Sende (send) Nachbarn '232_2' und '233_1' neuen Mi:91
GGT(233_3)@FloUB 18.06 22:49:36,611| Send erhalten Y:161
GGT(233_3)@FloUB 18.06 22:49:36,627| ALGO: ((91 -1) mod 161) +1     --    (TTW: 2 Sekunden)
GGT(233_3)@FloUB 18.06 22:49:38,642| Mi NICHT geaendert! (ist und bleibt: 91)
GGT(233_3)@FloUB 18.06 22:49:38,642| DISPATCHER: Leite Befehl {send,7} an meinen Worker weiter...
GGT(233_3)@FloUB 18.06 22:49:38,642| Send erhalten Y:7
GGT(233_3)@FloUB 18.06 22:49:38,642| ALGO: ((91 -1) mod 7) +1     --    (TTW: 2 Sekunden)
GGT(233_3)@FloUB 18.06 22:49:38,736| DISPATCHER: Leite Befehl {send,70} an meinen Worker weiter...
GGT(233_3)@FloUB 18.06 22:49:40,658| informiere (brief_mi) Koordinator coordinator ueber neuen Mi:7
GGT(233_3)@FloUB 18.06 22:49:40,658| Sende (send) Nachbarn '232_2' und '233_1' neuen Mi:7
GGT(233_3)@FloUB 18.06 22:49:40,658| Send erhalten Y:70
GGT(233_3)@FloUB 18.06 22:49:40,658| ALGO: ((7 -1) mod 70) +1     --    (TTW: 2 Sekunden)
GGT(233_3)@FloUB 18.06 22:49:42,674| Mi NICHT geaendert! (ist und bleibt: 7)
GGT(233_3)@FloUB 18.06 22:49:42,783| DISPATCHER: Leite Befehl {send,7} an meinen Worker weiter...
GGT(233_3)@FloUB 18.06 22:49:42,783| Send erhalten Y:7
GGT(233_3)@FloUB 18.06 22:49:42,799| ALGO: ((7 -1) mod 7) +1     --    (TTW: 2 Sekunden)
GGT(233_3)@FloUB 18.06 22:49:44,814| Mi NICHT geaendert! (ist und bleibt: 7)
GGT(233_3)@FloUB 18.06 22:49:54,814| TTT Timer ist abgelaufen. Informiere meine linken Nachbarn ('232_2') ueber vote
GGT(233_3)@FloUB 18.06 22:49:54,908| DISPATCHER: Leite Befehl {vote,'233_2'} an meinen Worker weiter...
GGT(233_3)@FloUB 18.06 22:49:54,908| ### vote erhalten! Ich = '233_3'  Initiator = '233_2') ###
GGT(233_3)@FloUB 18.06 22:49:54,908| Leite Anfrage (vote) an den Linken Nachbarn '232_2' weiter (implizites Zustimmen)
GGT(233_3)@FloUB 18.06 22:49:54,924| DISPATCHER: Leite Befehl {vote,'232_2'} an meinen Worker weiter...
GGT(233_3)@FloUB 18.06 22:49:54,924| ### vote erhalten! Ich = '233_3'  Initiator = '232_2') ###
GGT(233_3)@FloUB 18.06 22:49:54,924| Leite Anfrage (vote) an den Linken Nachbarn '232_2' weiter (implizites Zustimmen)
GGT(233_3)@FloUB 18.06 22:49:54,939| DISPATCHER: Leite Befehl {vote,'233_3'} an meinen Worker weiter...
GGT(233_3)@FloUB 18.06 22:49:54,939| ### vote erhalten! Ich = '233_3'  Initiator = '233_3') ###
GGT(233_3)@FloUB 18.06 22:49:54,939| Abstimmung erfolgreich! informiere (brief_term) Koordinator coordinator ueber errechneten GGT:7
GGT(233_3)@FloUB 18.06 22:49:54,939| Abstimmung erfolgreich! Zaehle meine 'erfolgreich gemeldeten Terminierungsmeldungen hoch' Wert jetzt: 2
