

GGT(232_3)@FloUB 18.06 22:44:18,111| ######################## 232_3 Status: SETUP ########################


GGT(232_3)@FloUB 18.06 22:44:18,111| ######################## 232_3 Status: INITIAL ########################
GGT(232_3)@FloUB 18.06 22:44:18,111| REBIND
GGT(232_3)@FloUB 18.06 22:44:18,111| Mit NameService verbunden
GGT(232_3)@FloUB 18.06 22:44:18,111| CHECK_IN
GGT(232_3)@FloUB 18.06 22:44:38,689| Nachbarn wurden mitgeteilt {L: '233_2' | R: '231_2'}


GGT(232_3)@FloUB 18.06 22:44:38,689| ######################## 232_3 Status: PRE_PROCESS ########################
GGT(232_3)@FloUB 18.06 22:44:52,564| 같같같같 CATCHED set_pmi mit 11256602500 
GGT(232_3)@FloUB 18.06 22:44:52,564| WORKER: Initial Mi wurde mitgeteilt. Mi:11256602500


GGT(232_3)@FloUB 18.06 22:44:52,580| ######################## 232_3 Status: PROCESS ########################
GGT(232_3)@FloUB 18.06 22:45:02,580| TTT Timer ist abgelaufen. Informiere meine linken Nachbarn ('233_2') ueber vote
GGT(232_3)@FloUB 18.06 22:45:02,611| DISPATCHER: Leite Befehl {vote,'231_1'} an meinen Worker weiter...
GGT(232_3)@FloUB 18.06 22:45:02,627| ### vote erhalten! Ich = '232_3'  Initiator = '231_1') ###
GGT(232_3)@FloUB 18.06 22:45:02,627| Leite Anfrage (vote) an den Linken Nachbarn '233_2' weiter (implizites Zustimmen)
GGT(232_3)@FloUB 18.06 22:45:02,627| DISPATCHER: Leite Befehl {vote,'231_3'} an meinen Worker weiter...
GGT(232_3)@FloUB 18.06 22:45:02,642| ### vote erhalten! Ich = '232_3'  Initiator = '231_3') ###
GGT(232_3)@FloUB 18.06 22:45:02,642| Leite Anfrage (vote) an den Linken Nachbarn '233_2' weiter (implizites Zustimmen)
GGT(232_3)@FloUB 18.06 22:45:02,658| DISPATCHER: Leite Befehl {vote,'232_3'} an meinen Worker weiter...
GGT(232_3)@FloUB 18.06 22:45:02,674| ### vote erhalten! Ich = '232_3'  Initiator = '232_3') ###
GGT(232_3)@FloUB 18.06 22:45:02,674| Abstimmung erfolgreich! informiere (brief_term) Koordinator coordinator ueber errechneten GGT:11256602500
GGT(232_3)@FloUB 18.06 22:45:02,674| Abstimmung erfolgreich! Zaehle meine 'erfolgreich gemeldeten Terminierungsmeldungen hoch' Wert jetzt: 1
GGT(232_3)@FloUB 18.06 22:45:02,689| DISPATCHER: Leite Befehl {send,1875900} an meinen Worker weiter...
GGT(232_3)@FloUB 18.06 22:45:02,689| Send erhalten Y:1875900
GGT(232_3)@FloUB 18.06 22:45:02,689| ALGO: ((11256602500 -1) mod 1875900) +1     --    (TTW: 2 Sekunden)
GGT(232_3)@FloUB 18.06 22:45:04,705| informiere (brief_mi) Koordinator coordinator ueber neuen Mi:1202500
GGT(232_3)@FloUB 18.06 22:45:04,705| Sende (send) Nachbarn '233_2' und '231_2' neuen Mi:1202500
GGT(232_3)@FloUB 18.06 22:45:06,721| DISPATCHER: Leite Befehl {send,1073000} an meinen Worker weiter...
GGT(232_3)@FloUB 18.06 22:45:06,721| Send erhalten Y:1073000
GGT(232_3)@FloUB 18.06 22:45:06,721| ALGO: ((1202500 -1) mod 1073000) +1     --    (TTW: 2 Sekunden)
GGT(232_3)@FloUB 18.06 22:45:06,752| DISPATCHER: Leite Befehl {send,1202500} an meinen Worker weiter...
GGT(232_3)@FloUB 18.06 22:45:08,736| informiere (brief_mi) Koordinator coordinator ueber neuen Mi:129500
GGT(232_3)@FloUB 18.06 22:45:08,736| Sende (send) Nachbarn '233_2' und '231_2' neuen Mi:129500
GGT(232_3)@FloUB 18.06 22:45:08,752| Send erhalten Y:1202500
GGT(232_3)@FloUB 18.06 22:45:08,767| ALGO: ((129500 -1) mod 1202500) +1     --    (TTW: 2 Sekunden)
GGT(232_3)@FloUB 18.06 22:45:08,783| DISPATCHER: Leite Befehl {send,79300} an meinen Worker weiter...
GGT(232_3)@FloUB 18.06 22:45:10,783| Mi NICHT geaendert! (ist und bleibt: 129500)
GGT(232_3)@FloUB 18.06 22:45:10,783| Send erhalten Y:79300
GGT(232_3)@FloUB 18.06 22:45:10,783| ALGO: ((129500 -1) mod 79300) +1     --    (TTW: 2 Sekunden)
GGT(232_3)@FloUB 18.06 22:45:10,783| DISPATCHER: Leite Befehl {send,37000} an meinen Worker weiter...
GGT(232_3)@FloUB 18.06 22:45:12,799| informiere (brief_mi) Koordinator coordinator ueber neuen Mi:50200
GGT(232_3)@FloUB 18.06 22:45:12,799| Sende (send) Nachbarn '233_2' und '231_2' neuen Mi:50200
GGT(232_3)@FloUB 18.06 22:45:12,799| Send erhalten Y:37000
GGT(232_3)@FloUB 18.06 22:45:12,799| ALGO: ((50200 -1) mod 37000) +1     --    (TTW: 2 Sekunden)
GGT(232_3)@FloUB 18.06 22:45:12,830| DISPATCHER: Leite Befehl {send,1300} an meinen Worker weiter...
GGT(232_3)@FloUB 18.06 22:45:14,814| informiere (brief_mi) Koordinator coordinator ueber neuen Mi:13200
GGT(232_3)@FloUB 18.06 22:45:14,814| Sende (send) Nachbarn '233_2' und '231_2' neuen Mi:13200
GGT(232_3)@FloUB 18.06 22:45:14,814| Send erhalten Y:1300
GGT(232_3)@FloUB 18.06 22:45:14,814| ALGO: ((13200 -1) mod 1300) +1     --    (TTW: 2 Sekunden)
GGT(232_3)@FloUB 18.06 22:45:16,830| informiere (brief_mi) Koordinator coordinator ueber neuen Mi:200
GGT(232_3)@FloUB 18.06 22:45:16,830| Sende (send) Nachbarn '233_2' und '231_2' neuen Mi:200
GGT(232_3)@FloUB 18.06 22:45:16,830| DISPATCHER: Leite Befehl {send,10600} an meinen Worker weiter...
GGT(232_3)@FloUB 18.06 22:45:16,846| Send erhalten Y:10600
GGT(232_3)@FloUB 18.06 22:45:16,846| ALGO: ((200 -1) mod 10600) +1     --    (TTW: 2 Sekunden)
GGT(232_3)@FloUB 18.06 22:45:18,846| DISPATCHER: Leite Befehl {send,200} an meinen Worker weiter...
GGT(232_3)@FloUB 18.06 22:45:18,861| Mi NICHT geaendert! (ist und bleibt: 200)
GGT(232_3)@FloUB 18.06 22:45:18,861| Send erhalten Y:200
GGT(232_3)@FloUB 18.06 22:45:18,861| ALGO: ((200 -1) mod 200) +1     --    (TTW: 2 Sekunden)
GGT(232_3)@FloUB 18.06 22:45:20,877| Mi NICHT geaendert! (ist und bleibt: 200)
GGT(232_3)@FloUB 18.06 22:45:20,892| DISPATCHER: Leite Befehl {send,100} an meinen Worker weiter...
GGT(232_3)@FloUB 18.06 22:45:20,908| Send erhalten Y:100
GGT(232_3)@FloUB 18.06 22:45:20,908| ALGO: ((200 -1) mod 100) +1     --    (TTW: 2 Sekunden)
GGT(232_3)@FloUB 18.06 22:45:22,892| DISPATCHER: Leite Befehl {send,100} an meinen Worker weiter...
GGT(232_3)@FloUB 18.06 22:45:22,924| informiere (brief_mi) Koordinator coordinator ueber neuen Mi:100
GGT(232_3)@FloUB 18.06 22:45:22,924| Sende (send) Nachbarn '233_2' und '231_2' neuen Mi:100
GGT(232_3)@FloUB 18.06 22:45:22,924| Send erhalten Y:100
GGT(232_3)@FloUB 18.06 22:45:22,924| ALGO: ((100 -1) mod 100) +1     --    (TTW: 2 Sekunden)
GGT(232_3)@FloUB 18.06 22:45:24,939| Mi NICHT geaendert! (ist und bleibt: 100)
GGT(232_3)@FloUB 18.06 22:45:32,955| DISPATCHER: Leite Befehl {vote,'233_3'} an meinen Worker weiter...
GGT(232_3)@FloUB 18.06 22:45:32,955| ### vote erhalten! Ich = '232_3'  Initiator = '233_3') ###
GGT(232_3)@FloUB 18.06 22:45:32,955| Leite Anfrage (vote) an den Linken Nachbarn '233_2' weiter (implizites Zustimmen)
GGT(232_3)@FloUB 18.06 22:45:32,971| DISPATCHER: Leite Befehl {vote,'233_1'} an meinen Worker weiter...
GGT(232_3)@FloUB 18.06 22:45:32,971| ### vote erhalten! Ich = '232_3'  Initiator = '233_1') ###
GGT(232_3)@FloUB 18.06 22:45:32,971| Leite Anfrage (vote) an den Linken Nachbarn '233_2' weiter (implizites Zustimmen)
GGT(232_3)@FloUB 18.06 22:45:35,955| 같같같같 CATCHED set_pmi mit 7666659 
GGT(232_3)@FloUB 18.06 22:45:35,955| WORKER: Neuer Mi wurde mitgeteilt (Neue berechnung). Mi:7666659
GGT(232_3)@FloUB 18.06 22:45:40,002| DISPATCHER: Leite Befehl {send,4725} an meinen Worker weiter...
GGT(232_3)@FloUB 18.06 22:45:40,017| Send erhalten Y:4725
GGT(232_3)@FloUB 18.06 22:45:40,017| ALGO: ((7666659 -1) mod 4725) +1     --    (TTW: 2 Sekunden)
GGT(232_3)@FloUB 18.06 22:45:42,049| informiere (brief_mi) Koordinator coordinator ueber neuen Mi:2709
GGT(232_3)@FloUB 18.06 22:45:42,049| Sende (send) Nachbarn '233_2' und '231_2' neuen Mi:2709
GGT(232_3)@FloUB 18.06 22:45:44,080| DISPATCHER: Leite Befehl {send,84} an meinen Worker weiter...
GGT(232_3)@FloUB 18.06 22:45:44,080| Send erhalten Y:84
GGT(232_3)@FloUB 18.06 22:45:44,080| ALGO: ((2709 -1) mod 84) +1     --    (TTW: 2 Sekunden)
GGT(232_3)@FloUB 18.06 22:45:46,049| DISPATCHER: Leite Befehl {send,2016} an meinen Worker weiter...
GGT(232_3)@FloUB 18.06 22:45:46,096| informiere (brief_mi) Koordinator coordinator ueber neuen Mi:21
GGT(232_3)@FloUB 18.06 22:45:46,096| Sende (send) Nachbarn '233_2' und '231_2' neuen Mi:21
GGT(232_3)@FloUB 18.06 22:45:46,142| Send erhalten Y:2016
GGT(232_3)@FloUB 18.06 22:45:46,158| ALGO: ((21 -1) mod 2016) +1     --    (TTW: 2 Sekunden)
GGT(232_3)@FloUB 18.06 22:45:48,158| DISPATCHER: Leite Befehl {send,21} an meinen Worker weiter...
GGT(232_3)@FloUB 18.06 22:45:48,174| Mi NICHT geaendert! (ist und bleibt: 21)
GGT(232_3)@FloUB 18.06 22:45:48,174| Send erhalten Y:21
GGT(232_3)@FloUB 18.06 22:45:48,174| ALGO: ((21 -1) mod 21) +1     --    (TTW: 2 Sekunden)
GGT(232_3)@FloUB 18.06 22:45:48,189| DISPATCHER: Leite Befehl {send,21} an meinen Worker weiter...
GGT(232_3)@FloUB 18.06 22:45:50,205| Mi NICHT geaendert! (ist und bleibt: 21)
GGT(232_3)@FloUB 18.06 22:45:50,205| Send erhalten Y:21
GGT(232_3)@FloUB 18.06 22:45:50,205| ALGO: ((21 -1) mod 21) +1     --    (TTW: 2 Sekunden)
GGT(232_3)@FloUB 18.06 22:45:52,221| Mi NICHT geaendert! (ist und bleibt: 21)
GGT(232_3)@FloUB 18.06 22:46:00,221| DISPATCHER: Leite Befehl {vote,'233_2'} an meinen Worker weiter...
GGT(232_3)@FloUB 18.06 22:46:00,221| ### vote erhalten! Ich = '232_3'  Initiator = '233_2') ###
GGT(232_3)@FloUB 18.06 22:46:00,221| Leite Anfrage (vote) an den Linken Nachbarn '233_2' weiter (implizites Zustimmen)
GGT(232_3)@FloUB 18.06 22:46:18,002| <11990.1242.0> erfragt aktuellen Status. Sende vote
GGT(232_3)@FloUB 18.06 22:46:30,517| <11990.1242.0> erfragt aktuellen Mi. Sende Mi = 21
GGT(232_3)@FloUB 18.06 22:49:14,377| 같같같같 CATCHED set_pmi mit 5775 
GGT(232_3)@FloUB 18.06 22:49:14,377| WORKER: Neuer Mi wurde mitgeteilt (Neue berechnung). Mi:5775
GGT(232_3)@FloUB 18.06 22:49:16,408| DISPATCHER: Leite Befehl {send,48489980} an meinen Worker weiter...
GGT(232_3)@FloUB 18.06 22:49:16,408| Send erhalten Y:48489980
GGT(232_3)@FloUB 18.06 22:49:16,408| ALGO: ((5775 -1) mod 48489980) +1     --    (TTW: 2 Sekunden)
GGT(232_3)@FloUB 18.06 22:49:18,424| Mi NICHT geaendert! (ist und bleibt: 5775)
GGT(232_3)@FloUB 18.06 22:49:20,439| DISPATCHER: Leite Befehl {send,1289288} an meinen Worker weiter...
GGT(232_3)@FloUB 18.06 22:49:20,439| Send erhalten Y:1289288
GGT(232_3)@FloUB 18.06 22:49:20,439| ALGO: ((5775 -1) mod 1289288) +1     --    (TTW: 2 Sekunden)
GGT(232_3)@FloUB 18.06 22:49:22,455| Mi NICHT geaendert! (ist und bleibt: 5775)
GGT(232_3)@FloUB 18.06 22:49:24,392| DISPATCHER: Leite Befehl {vote,'231_2'} an meinen Worker weiter...
GGT(232_3)@FloUB 18.06 22:49:24,392| ### vote erhalten! Ich = '232_3'  Initiator = '231_2') ###
GGT(232_3)@FloUB 18.06 22:49:24,392| Leite Anfrage (vote) an den Linken Nachbarn '233_2' weiter (implizites Zustimmen)
GGT(232_3)@FloUB 18.06 22:49:24,408| DISPATCHER: Leite Befehl {vote,'232_2'} an meinen Worker weiter...
GGT(232_3)@FloUB 18.06 22:49:24,408| ### vote erhalten! Ich = '232_3'  Initiator = '232_2') ###
GGT(232_3)@FloUB 18.06 22:49:24,408| Leite Anfrage (vote) an den Linken Nachbarn '233_2' weiter (implizites Zustimmen)
GGT(232_3)@FloUB 18.06 22:49:24,424| DISPATCHER: Leite Befehl {vote,'233_3'} an meinen Worker weiter...
GGT(232_3)@FloUB 18.06 22:49:24,439| ### vote erhalten! Ich = '232_3'  Initiator = '233_3') ###
GGT(232_3)@FloUB 18.06 22:49:24,439| Leite Anfrage (vote) an den Linken Nachbarn '233_2' weiter (implizites Zustimmen)
GGT(232_3)@FloUB 18.06 22:49:24,439| DISPATCHER: Leite Befehl {vote,'232_1'} an meinen Worker weiter...
GGT(232_3)@FloUB 18.06 22:49:24,439| ### vote erhalten! Ich = '232_3'  Initiator = '232_1') ###
GGT(232_3)@FloUB 18.06 22:49:24,439| Leite Anfrage (vote) an den Linken Nachbarn '233_2' weiter (implizites Zustimmen)
GGT(232_3)@FloUB 18.06 22:49:24,502| DISPATCHER: Leite Befehl {send,44275} an meinen Worker weiter...
GGT(232_3)@FloUB 18.06 22:49:24,502| Send erhalten Y:44275
GGT(232_3)@FloUB 18.06 22:49:24,502| ALGO: ((5775 -1) mod 44275) +1     --    (TTW: 2 Sekunden)
GGT(232_3)@FloUB 18.06 22:49:26,517| Mi NICHT geaendert! (ist und bleibt: 5775)
GGT(232_3)@FloUB 18.06 22:49:28,564| DISPATCHER: Leite Befehl {send,1771} an meinen Worker weiter...
GGT(232_3)@FloUB 18.06 22:49:28,580| Send erhalten Y:1771
GGT(232_3)@FloUB 18.06 22:49:28,580| ALGO: ((5775 -1) mod 1771) +1     --    (TTW: 2 Sekunden)
GGT(232_3)@FloUB 18.06 22:49:30,596| informiere (brief_mi) Koordinator coordinator ueber neuen Mi:462
GGT(232_3)@FloUB 18.06 22:49:30,596| Sende (send) Nachbarn '233_2' und '231_2' neuen Mi:462
GGT(232_3)@FloUB 18.06 22:49:32,611| DISPATCHER: Leite Befehl {send,385} an meinen Worker weiter...
GGT(232_3)@FloUB 18.06 22:49:32,611| Send erhalten Y:385
GGT(232_3)@FloUB 18.06 22:49:32,611| ALGO: ((462 -1) mod 385) +1     --    (TTW: 2 Sekunden)
GGT(232_3)@FloUB 18.06 22:49:32,627| DISPATCHER: Leite Befehl {send,385} an meinen Worker weiter...
GGT(232_3)@FloUB 18.06 22:49:34,627| informiere (brief_mi) Koordinator coordinator ueber neuen Mi:77
GGT(232_3)@FloUB 18.06 22:49:34,627| Sende (send) Nachbarn '233_2' und '231_2' neuen Mi:77
GGT(232_3)@FloUB 18.06 22:49:34,642| Send erhalten Y:385
GGT(232_3)@FloUB 18.06 22:49:34,642| ALGO: ((77 -1) mod 385) +1     --    (TTW: 2 Sekunden)
GGT(232_3)@FloUB 18.06 22:49:36,689| Mi NICHT geaendert! (ist und bleibt: 77)
GGT(232_3)@FloUB 18.06 22:49:36,689| DISPATCHER: Leite Befehl {send,77} an meinen Worker weiter...
GGT(232_3)@FloUB 18.06 22:49:36,689| DISPATCHER: Leite Befehl {send,77} an meinen Worker weiter...
GGT(232_3)@FloUB 18.06 22:49:36,689| Send erhalten Y:77
GGT(232_3)@FloUB 18.06 22:49:36,689| ALGO: ((77 -1) mod 77) +1     --    (TTW: 2 Sekunden)
GGT(232_3)@FloUB 18.06 22:49:38,705| Mi NICHT geaendert! (ist und bleibt: 77)
GGT(232_3)@FloUB 18.06 22:49:38,705| Send erhalten Y:77
GGT(232_3)@FloUB 18.06 22:49:38,705| ALGO: ((77 -1) mod 77) +1     --    (TTW: 2 Sekunden)
GGT(232_3)@FloUB 18.06 22:49:40,721| Mi NICHT geaendert! (ist und bleibt: 77)
GGT(232_3)@FloUB 18.06 22:49:40,767| DISPATCHER: Leite Befehl {send,7} an meinen Worker weiter...
GGT(232_3)@FloUB 18.06 22:49:40,767| Send erhalten Y:7
GGT(232_3)@FloUB 18.06 22:49:40,767| ALGO: ((77 -1) mod 7) +1     --    (TTW: 2 Sekunden)
GGT(232_3)@FloUB 18.06 22:49:42,783| informiere (brief_mi) Koordinator coordinator ueber neuen Mi:7
GGT(232_3)@FloUB 18.06 22:49:42,783| Sende (send) Nachbarn '233_2' und '231_2' neuen Mi:7
GGT(232_3)@FloUB 18.06 22:49:42,814| DISPATCHER: Leite Befehl {send,7} an meinen Worker weiter...
GGT(232_3)@FloUB 18.06 22:49:42,814| Send erhalten Y:7
GGT(232_3)@FloUB 18.06 22:49:42,830| ALGO: ((7 -1) mod 7) +1     --    (TTW: 2 Sekunden)
GGT(232_3)@FloUB 18.06 22:49:44,846| Mi NICHT geaendert! (ist und bleibt: 7)
GGT(232_3)@FloUB 18.06 22:49:54,830| DISPATCHER: Leite Befehl {vote,'232_2'} an meinen Worker weiter...
GGT(232_3)@FloUB 18.06 22:49:54,830| ### vote erhalten! Ich = '232_3'  Initiator = '232_2') ###
GGT(232_3)@FloUB 18.06 22:49:54,830| Leite Anfrage (vote) an den Linken Nachbarn '233_2' weiter (implizites Zustimmen)
GGT(232_3)@FloUB 18.06 22:49:54,830| DISPATCHER: Leite Befehl {vote,'233_3'} an meinen Worker weiter...
GGT(232_3)@FloUB 18.06 22:49:54,846| ### vote erhalten! Ich = '232_3'  Initiator = '233_3') ###
GGT(232_3)@FloUB 18.06 22:49:54,846| Leite Anfrage (vote) an den Linken Nachbarn '233_2' weiter (implizites Zustimmen)
GGT(232_3)@FloUB 18.06 22:49:54,971| DISPATCHER: Leite Befehl {vote,'233_2'} an meinen Worker weiter...
GGT(232_3)@FloUB 18.06 22:49:54,971| ### vote erhalten! Ich = '232_3'  Initiator = '233_2') ###
GGT(232_3)@FloUB 18.06 22:49:54,971| Leite Anfrage (vote) an den Linken Nachbarn '233_2' weiter (implizites Zustimmen)
