

GGT(231_99)@FloUB 11.06 23:47:00,206| ######################## 231_99 Status: SETUP ########################


GGT(231_99)@FloUB 11.06 23:47:00,222| ######################## 231_99 Status: INITIAL ########################
GGT(231_99)@FloUB 11.06 23:47:00,222| REBIND
GGT(231_99)@FloUB 11.06 23:47:00,222| CHECK_IN
GGT(231_99)@FloUB 11.06 23:47:15,159| Nachbarn wurden mitgeteilt {L: '232_99' | R: '233_99'}


GGT(231_99)@FloUB 11.06 23:47:15,159| ######################## 231_99 Status: PRE_PROCESS ########################
GGT(231_99)@FloUB 11.06 23:47:17,628| Initial Mi wurde mitgeteilt. Mi:10915862100


GGT(231_99)@FloUB 11.06 23:47:17,628| ######################## 231_99 Status: PROCESS ########################
GGT(231_99)@FloUB 11.06 23:47:17,643| Send erhalten Y:7500
GGT(231_99)@FloUB 11.06 23:47:17,643| ALGO: ((10915862100 -1) mod 7500) +1     --    (TTW: 5 Sekunden)
GGT(231_99)@FloUB 11.06 23:47:22,659| informiere (brief_mi) Koordinator coo ueber neuen Mi:2100
GGT(231_99)@FloUB 11.06 23:47:22,659| Sende (send) Nachbarn '232_99' und '233_99' neuen Mi:2100
GGT(231_99)@FloUB 11.06 23:47:27,675| Send erhalten Y:1700
GGT(231_99)@FloUB 11.06 23:47:27,675| ALGO: ((2100 -1) mod 1700) +1     --    (TTW: 5 Sekunden)
GGT(231_99)@FloUB 11.06 23:47:32,690| informiere (brief_mi) Koordinator coo ueber neuen Mi:400
GGT(231_99)@FloUB 11.06 23:47:32,706| Sende (send) Nachbarn '232_99' und '233_99' neuen Mi:400
GGT(231_99)@FloUB 11.06 23:47:32,706| Send erhalten Y:600
GGT(231_99)@FloUB 11.06 23:47:32,706| ALGO: ((400 -1) mod 600) +1     --    (TTW: 5 Sekunden)
GGT(231_99)@FloUB 11.06 23:47:37,722| Mi NICHT geaendert! (ist und bleibt: 400)
GGT(231_99)@FloUB 11.06 23:47:37,722| Send erhalten Y:500
GGT(231_99)@FloUB 11.06 23:47:37,722| ALGO: ((400 -1) mod 500) +1     --    (TTW: 5 Sekunden)
GGT(231_99)@FloUB 11.06 23:47:42,737| Mi NICHT geaendert! (ist und bleibt: 400)
GGT(231_99)@FloUB 11.06 23:47:42,737| Send erhalten Y:100
GGT(231_99)@FloUB 11.06 23:47:42,737| ALGO: ((400 -1) mod 100) +1     --    (TTW: 5 Sekunden)
GGT(231_99)@FloUB 11.06 23:47:47,753| informiere (brief_mi) Koordinator coo ueber neuen Mi:100
GGT(231_99)@FloUB 11.06 23:47:47,753| Sende (send) Nachbarn '232_99' und '233_99' neuen Mi:100
GGT(231_99)@FloUB 11.06 23:47:47,753| Send erhalten Y:200
GGT(231_99)@FloUB 11.06 23:47:47,753| ALGO: ((100 -1) mod 200) +1     --    (TTW: 5 Sekunden)
GGT(231_99)@FloUB 11.06 23:47:52,768| Mi NICHT geaendert! (ist und bleibt: 100)
GGT(231_99)@FloUB 11.06 23:47:52,768| Send erhalten Y:100
GGT(231_99)@FloUB 11.06 23:47:52,768| ALGO: ((100 -1) mod 100) +1     --    (TTW: 5 Sekunden)
GGT(231_99)@FloUB 11.06 23:47:57,784| Mi NICHT geaendert! (ist und bleibt: 100)
GGT(231_99)@FloUB 11.06 23:48:07,800| °°° vote erhalten! Ich = '231_99'  Initiator = '232_99') °°°
GGT(231_99)@FloUB 11.06 23:48:07,800| Leite Anfrage (vote) an den Linken Nachbarn '232_99' weiter (implizites Zustimmen)
