

GGT(238_2)@FloUB 17.06 21:26:29,971| ######################## 238_2 Status: SETUP ########################


GGT(238_2)@FloUB 17.06 21:26:29,971| ######################## 238_2 Status: INITIAL ########################
GGT(238_2)@FloUB 17.06 21:26:29,971| REBIND
GGT(238_2)@FloUB 17.06 21:26:29,971| CHECK_IN
GGT(238_2)@FloUB 17.06 21:26:58,924| Nachbarn wurden mitgeteilt {L: '236_1' | R: '235_2'}
GGT(238_2)@FloUB 17.06 21:26:58,924| DISPATCHER: Leite Befehl {rebind_res,ok} an meinen Worker weiter...


GGT(238_2)@FloUB 17.06 21:26:58,924| ######################## 238_2 Status: PRE_PROCESS ########################
GGT(238_2)@FloUB 17.06 21:27:03,908| DISPATCHER: Leite Befehl {set_pmi,3817456500} an meinen Worker weiter...
GGT(238_2)@FloUB 17.06 21:27:03,908| Initial Mi wurde mitgeteilt. Mi:3817456500


GGT(238_2)@FloUB 17.06 21:27:03,939| ######################## 238_2 Status: PROCESS ########################
GGT(238_2)@FloUB 17.06 21:27:18,877| DISPATCHER: Leite Befehl {vote,'232_1'} an meinen Worker weiter...
GGT(238_2)@FloUB 17.06 21:27:18,877| ### vote erhalten! Ich = '238_2'  Initiator = '232_1') ###
GGT(238_2)@FloUB 17.06 21:27:18,877| Leite Anfrage (vote) an den Linken Nachbarn '236_1' weiter (implizites Zustimmen)
GGT(238_2)@FloUB 17.06 21:27:23,986| DISPATCHER: Leite Befehl {vote,'234_2'} an meinen Worker weiter...
GGT(238_2)@FloUB 17.06 21:27:23,002| ### vote erhalten! Ich = '238_2'  Initiator = '234_2') ###
GGT(238_2)@FloUB 17.06 21:27:23,002| Leite Anfrage (vote) an den Linken Nachbarn '236_1' weiter (implizites Zustimmen)
GGT(238_2)@FloUB 17.06 21:27:34,127| DISPATCHER: Leite Befehl {vote,'235_1'} an meinen Worker weiter...
GGT(238_2)@FloUB 17.06 21:27:34,142| ### vote erhalten! Ich = '238_2'  Initiator = '235_1') ###
GGT(238_2)@FloUB 17.06 21:27:34,142| Leite Anfrage (vote) an den Linken Nachbarn '236_1' weiter (implizites Zustimmen)
GGT(238_2)@FloUB 17.06 21:28:19,392| DISPATCHER: Leite Befehl {send,1500} an meinen Worker weiter...
GGT(238_2)@FloUB 17.06 21:28:19,392| Send erhalten Y:1500
GGT(238_2)@FloUB 17.06 21:28:19,392| ALGO: ((3817456500 -1) mod 1500) +1     --    (TTW: 5 Sekunden)
GGT(238_2)@FloUB 17.06 21:28:24,408| informiere (brief_mi) Koordinator coordinatorFM ueber neuen Mi:1500
GGT(238_2)@FloUB 17.06 21:28:24,408| Sende (send) Nachbarn '236_1' und '235_2' neuen Mi:1500
GGT(238_2)@FloUB 17.06 21:28:29,439| DISPATCHER: Leite Befehl {send,300} an meinen Worker weiter...
GGT(238_2)@FloUB 17.06 21:28:29,439| Send erhalten Y:300
GGT(238_2)@FloUB 17.06 21:28:29,439| ALGO: ((1500 -1) mod 300) +1     --    (TTW: 5 Sekunden)
GGT(238_2)@FloUB 17.06 21:28:29,455| DISPATCHER: Leite Befehl {send,1500} an meinen Worker weiter...
GGT(238_2)@FloUB 17.06 21:28:34,455| informiere (brief_mi) Koordinator coordinatorFM ueber neuen Mi:300
GGT(238_2)@FloUB 17.06 21:28:34,455| Sende (send) Nachbarn '236_1' und '235_2' neuen Mi:300
GGT(238_2)@FloUB 17.06 21:28:34,455| Send erhalten Y:1500
GGT(238_2)@FloUB 17.06 21:28:34,455| ALGO: ((300 -1) mod 1500) +1     --    (TTW: 5 Sekunden)
GGT(238_2)@FloUB 17.06 21:28:34,471| DISPATCHER: Leite Befehl {send,300} an meinen Worker weiter...
GGT(238_2)@FloUB 17.06 21:28:39,471| Mi NICHT geaendert! (ist und bleibt: 300)
GGT(238_2)@FloUB 17.06 21:28:39,471| Send erhalten Y:300
GGT(238_2)@FloUB 17.06 21:28:39,471| ALGO: ((300 -1) mod 300) +1     --    (TTW: 5 Sekunden)
GGT(238_2)@FloUB 17.06 21:28:44,486| Mi NICHT geaendert! (ist und bleibt: 300)
GGT(238_2)@FloUB 17.06 21:28:54,596| DISPATCHER: Leite Befehl {vote,'233_1'} an meinen Worker weiter...
GGT(238_2)@FloUB 17.06 21:28:54,596| ### vote erhalten! Ich = '238_2'  Initiator = '233_1') ###
GGT(238_2)@FloUB 17.06 21:28:54,596| Leite Anfrage (vote) an den Linken Nachbarn '236_1' weiter (implizites Zustimmen)
GGT(238_2)@FloUB 17.06 21:28:54,596| DISPATCHER: Leite Befehl {vote,'236_1'} an meinen Worker weiter...
GGT(238_2)@FloUB 17.06 21:28:54,596| ### vote erhalten! Ich = '238_2'  Initiator = '236_1') ###
GGT(238_2)@FloUB 17.06 21:28:54,596| Leite Anfrage (vote) an den Linken Nachbarn '236_1' weiter (implizites Zustimmen)


GGT(238_2)@FloUB 17.06 21:31:45,111| ######################## 238_2 Status: KILLED :( ########################
