

GGT(232_1)@workstation 18.06 22:44:15,142| ######################## 232_1 Status: SETUP ########################


GGT(232_1)@workstation 18.06 22:44:15,142| ######################## 232_1 Status: INITIAL ########################
GGT(232_1)@workstation 18.06 22:44:15,142| REBIND
GGT(232_1)@workstation 18.06 22:44:15,142| Mit NameService verbunden
GGT(232_1)@workstation 18.06 22:44:15,142| CHECK_IN
GGT(232_1)@workstation 18.06 22:44:38,689| Nachbarn wurden mitgeteilt {L: '233_1' | R: '231_1'}


GGT(232_1)@workstation 18.06 22:44:38,689| ######################## 232_1 Status: PRE_PROCESS ########################
GGT(232_1)@workstation 18.06 22:44:52,564| 같같같같 CATCHED set_pmi mit 12238996900 
GGT(232_1)@workstation 18.06 22:44:52,564| WORKER: Initial Mi wurde mitgeteilt. Mi:12238996900


GGT(232_1)@workstation 18.06 22:44:52,564| ######################## 232_1 Status: PROCESS ########################
GGT(232_1)@workstation 18.06 22:45:02,564| DISPATCHER: Leite Befehl {vote,'231_1'} an meinen Worker weiter...
GGT(232_1)@workstation 18.06 22:45:02,564| ### vote erhalten! Ich = '232_1'  Initiator = '231_1') ###
GGT(232_1)@workstation 18.06 22:45:02,564| Leite Anfrage (vote) an den Linken Nachbarn '233_1' weiter (implizites Zustimmen)
GGT(232_1)@workstation 18.06 22:45:02,564| DISPATCHER: Leite Befehl {vote,'231_3'} an meinen Worker weiter...
GGT(232_1)@workstation 18.06 22:45:02,580| ### vote erhalten! Ich = '232_1'  Initiator = '231_3') ###
GGT(232_1)@workstation 18.06 22:45:02,580| Leite Anfrage (vote) an den Linken Nachbarn '233_1' weiter (implizites Zustimmen)
GGT(232_1)@workstation 18.06 22:45:02,611| DISPATCHER: Leite Befehl {vote,'232_3'} an meinen Worker weiter...
GGT(232_1)@workstation 18.06 22:45:02,611| ### vote erhalten! Ich = '232_1'  Initiator = '232_3') ###
GGT(232_1)@workstation 18.06 22:45:02,611| Leite Anfrage (vote) an den Linken Nachbarn '233_1' weiter (implizites Zustimmen)
GGT(232_1)@workstation 18.06 22:45:06,736| DISPATCHER: Leite Befehl {send,3900} an meinen Worker weiter...
GGT(232_1)@workstation 18.06 22:45:06,736| Send erhalten Y:3900
GGT(232_1)@workstation 18.06 22:45:06,736| ALGO: ((12238996900 -1) mod 3900) +1     --    (TTW: 2 Sekunden)
GGT(232_1)@workstation 18.06 22:45:08,767| informiere (brief_mi) Koordinator coordinator ueber neuen Mi:1300
GGT(232_1)@workstation 18.06 22:45:08,767| Sende (send) Nachbarn '233_1' und '231_1' neuen Mi:1300
GGT(232_1)@workstation 18.06 22:45:10,799| DISPATCHER: Leite Befehl {send,1300} an meinen Worker weiter...
GGT(232_1)@workstation 18.06 22:45:10,799| Send erhalten Y:1300
GGT(232_1)@workstation 18.06 22:45:10,799| DISPATCHER: Leite Befehl {send,1300} an meinen Worker weiter...
GGT(232_1)@workstation 18.06 22:45:10,814| ALGO: ((1300 -1) mod 1300) +1     --    (TTW: 2 Sekunden)
GGT(232_1)@workstation 18.06 22:45:12,830| Mi NICHT geaendert! (ist und bleibt: 1300)
GGT(232_1)@workstation 18.06 22:45:12,830| Send erhalten Y:1300
GGT(232_1)@workstation 18.06 22:45:12,830| ALGO: ((1300 -1) mod 1300) +1     --    (TTW: 2 Sekunden)
GGT(232_1)@workstation 18.06 22:45:14,846| Mi NICHT geaendert! (ist und bleibt: 1300)
GGT(232_1)@workstation 18.06 22:45:18,892| DISPATCHER: Leite Befehl {send,100} an meinen Worker weiter...
GGT(232_1)@workstation 18.06 22:45:18,892| Send erhalten Y:100
GGT(232_1)@workstation 18.06 22:45:18,892| ALGO: ((1300 -1) mod 100) +1     --    (TTW: 2 Sekunden)
GGT(232_1)@workstation 18.06 22:45:20,908| informiere (brief_mi) Koordinator coordinator ueber neuen Mi:100
GGT(232_1)@workstation 18.06 22:45:20,908| Sende (send) Nachbarn '233_1' und '231_1' neuen Mi:100
GGT(232_1)@workstation 18.06 22:45:22,939| DISPATCHER: Leite Befehl {send,100} an meinen Worker weiter...
GGT(232_1)@workstation 18.06 22:45:22,939| Send erhalten Y:100
GGT(232_1)@workstation 18.06 22:45:22,939| ALGO: ((100 -1) mod 100) +1     --    (TTW: 2 Sekunden)
GGT(232_1)@workstation 18.06 22:45:24,955| Mi NICHT geaendert! (ist und bleibt: 100)
GGT(232_1)@workstation 18.06 22:45:33,002| DISPATCHER: Leite Befehl {vote,'233_3'} an meinen Worker weiter...
GGT(232_1)@workstation 18.06 22:45:33,002| ### vote erhalten! Ich = '232_1'  Initiator = '233_3') ###
GGT(232_1)@workstation 18.06 22:45:33,002| Leite Anfrage (vote) an den Linken Nachbarn '233_1' weiter (implizites Zustimmen)
GGT(232_1)@workstation 18.06 22:45:33,002| DISPATCHER: Leite Befehl {vote,'233_1'} an meinen Worker weiter...
GGT(232_1)@workstation 18.06 22:45:33,017| ### vote erhalten! Ich = '232_1'  Initiator = '233_1') ###
GGT(232_1)@workstation 18.06 22:45:33,017| Leite Anfrage (vote) an den Linken Nachbarn '233_1' weiter (implizites Zustimmen)
GGT(232_1)@workstation 18.06 22:45:35,955| 같같같같 CATCHED set_pmi mit 97864902135 
GGT(232_1)@workstation 18.06 22:45:35,955| WORKER: Neuer Mi wurde mitgeteilt (Neue berechnung). Mi:97864902135
GGT(232_1)@workstation 18.06 22:45:42,049| DISPATCHER: Leite Befehl {send,945} an meinen Worker weiter...
GGT(232_1)@workstation 18.06 22:45:42,049| Send erhalten Y:945
GGT(232_1)@workstation 18.06 22:45:42,049| ALGO: ((97864902135 -1) mod 945) +1     --    (TTW: 2 Sekunden)
GGT(232_1)@workstation 18.06 22:45:44,064| informiere (brief_mi) Koordinator coordinator ueber neuen Mi:945
GGT(232_1)@workstation 18.06 22:45:44,064| Sende (send) Nachbarn '233_1' und '231_1' neuen Mi:945
GGT(232_1)@workstation 18.06 22:45:46,080| DISPATCHER: Leite Befehl {send,945} an meinen Worker weiter...
GGT(232_1)@workstation 18.06 22:45:46,080| Send erhalten Y:945
GGT(232_1)@workstation 18.06 22:45:46,080| ALGO: ((945 -1) mod 945) +1     --    (TTW: 2 Sekunden)
GGT(232_1)@workstation 18.06 22:45:48,096| Mi NICHT geaendert! (ist und bleibt: 945)
GGT(232_1)@workstation 18.06 22:45:48,111| DISPATCHER: Leite Befehl {send,21} an meinen Worker weiter...
GGT(232_1)@workstation 18.06 22:45:48,111| Send erhalten Y:21
GGT(232_1)@workstation 18.06 22:45:48,111| ALGO: ((945 -1) mod 21) +1     --    (TTW: 2 Sekunden)
GGT(232_1)@workstation 18.06 22:45:50,127| informiere (brief_mi) Koordinator coordinator ueber neuen Mi:21
GGT(232_1)@workstation 18.06 22:45:50,127| Sende (send) Nachbarn '233_1' und '231_1' neuen Mi:21
GGT(232_1)@workstation 18.06 22:45:52,142| DISPATCHER: Leite Befehl {send,189} an meinen Worker weiter...
GGT(232_1)@workstation 18.06 22:45:52,142| Send erhalten Y:189
GGT(232_1)@workstation 18.06 22:45:52,142| ALGO: ((21 -1) mod 189) +1     --    (TTW: 2 Sekunden)
GGT(232_1)@workstation 18.06 22:45:54,158| Mi NICHT geaendert! (ist und bleibt: 21)
GGT(232_1)@workstation 18.06 22:45:54,174| DISPATCHER: Leite Befehl {send,21} an meinen Worker weiter...
GGT(232_1)@workstation 18.06 22:45:54,174| Send erhalten Y:21
GGT(232_1)@workstation 18.06 22:45:54,174| ALGO: ((21 -1) mod 21) +1     --    (TTW: 2 Sekunden)
GGT(232_1)@workstation 18.06 22:45:56,189| Mi NICHT geaendert! (ist und bleibt: 21)
GGT(232_1)@workstation 18.06 22:46:00,205| DISPATCHER: Leite Befehl {vote,'233_2'} an meinen Worker weiter...
GGT(232_1)@workstation 18.06 22:46:00,205| ### vote erhalten! Ich = '232_1'  Initiator = '233_2') ###
GGT(232_1)@workstation 18.06 22:46:00,205| Leite Anfrage (vote) an den Linken Nachbarn '233_1' weiter (implizites Zustimmen)
GGT(232_1)@workstation 18.06 22:46:17,986| <11990.1242.0> erfragt aktuellen Status. Sende vote
GGT(232_1)@workstation 18.06 22:46:30,502| <11990.1242.0> erfragt aktuellen Mi. Sende Mi = 21
GGT(232_1)@workstation 18.06 22:49:14,377| 같같같같 CATCHED set_pmi mit 1203475 
GGT(232_1)@workstation 18.06 22:49:14,377| WORKER: Neuer Mi wurde mitgeteilt (Neue berechnung). Mi:1203475
GGT(232_1)@workstation 18.06 22:49:24,392| TTT Timer ist abgelaufen. Informiere meine linken Nachbarn ('233_1') ueber vote
GGT(232_1)@workstation 18.06 22:49:24,502| DISPATCHER: Leite Befehl {send,46102} an meinen Worker weiter...
GGT(232_1)@workstation 18.06 22:49:24,502| Send erhalten Y:46102
GGT(232_1)@workstation 18.06 22:49:24,502| ALGO: ((1203475 -1) mod 46102) +1     --    (TTW: 2 Sekunden)
GGT(232_1)@workstation 18.06 22:49:26,517| informiere (brief_mi) Koordinator coordinator ueber neuen Mi:4823
GGT(232_1)@workstation 18.06 22:49:26,517| Sende (send) Nachbarn '233_1' und '231_1' neuen Mi:4823
GGT(232_1)@workstation 18.06 22:49:28,533| DISPATCHER: Leite Befehl {send,819} an meinen Worker weiter...
GGT(232_1)@workstation 18.06 22:49:28,533| Send erhalten Y:819
GGT(232_1)@workstation 18.06 22:49:28,549| ALGO: ((4823 -1) mod 819) +1     --    (TTW: 2 Sekunden)
GGT(232_1)@workstation 18.06 22:49:28,564| DISPATCHER: Leite Befehl {send,3598} an meinen Worker weiter...
GGT(232_1)@workstation 18.06 22:49:30,580| informiere (brief_mi) Koordinator coordinator ueber neuen Mi:728
GGT(232_1)@workstation 18.06 22:49:30,580| Sende (send) Nachbarn '233_1' und '231_1' neuen Mi:728
GGT(232_1)@workstation 18.06 22:49:30,580| Send erhalten Y:3598
GGT(232_1)@workstation 18.06 22:49:30,580| ALGO: ((728 -1) mod 3598) +1     --    (TTW: 2 Sekunden)
GGT(232_1)@workstation 18.06 22:49:30,596| DISPATCHER: Leite Befehl {vote,'233_3'} an meinen Worker weiter...
GGT(232_1)@workstation 18.06 22:49:30,611| DISPATCHER: Leite Befehl {vote,'232_1'} an meinen Worker weiter...
GGT(232_1)@workstation 18.06 22:49:32,596| Mi NICHT geaendert! (ist und bleibt: 728)
GGT(232_1)@workstation 18.06 22:49:32,596| ### vote erhalten! Ich = '232_1'  Initiator = '233_3') ###
GGT(232_1)@workstation 18.06 22:49:32,596| implizit abgelehnt
GGT(232_1)@workstation 18.06 22:49:32,596| ### vote erhalten! Ich = '232_1'  Initiator = '232_1') ###
GGT(232_1)@workstation 18.06 22:49:32,596| Abstimmung erfolgreich! informiere (brief_term) Koordinator coordinator ueber errechneten GGT:728
GGT(232_1)@workstation 18.06 22:49:32,596| Abstimmung erfolgreich! Zaehle meine 'erfolgreich gemeldeten Terminierungsmeldungen hoch' Wert jetzt: 1
GGT(232_1)@workstation 18.06 22:49:32,642| DISPATCHER: Leite Befehl {send,686} an meinen Worker weiter...
GGT(232_1)@workstation 18.06 22:49:32,642| Send erhalten Y:686
GGT(232_1)@workstation 18.06 22:49:32,642| ALGO: ((728 -1) mod 686) +1     --    (TTW: 2 Sekunden)
GGT(232_1)@workstation 18.06 22:49:34,580| DISPATCHER: Leite Befehl {send,91} an meinen Worker weiter...
GGT(232_1)@workstation 18.06 22:49:34,658| informiere (brief_mi) Koordinator coordinator ueber neuen Mi:42
GGT(232_1)@workstation 18.06 22:49:34,658| Sende (send) Nachbarn '233_1' und '231_1' neuen Mi:42
GGT(232_1)@workstation 18.06 22:49:34,674| Send erhalten Y:91
GGT(232_1)@workstation 18.06 22:49:34,674| ALGO: ((42 -1) mod 91) +1     --    (TTW: 2 Sekunden)
GGT(232_1)@workstation 18.06 22:49:36,689| Mi NICHT geaendert! (ist und bleibt: 42)
GGT(232_1)@workstation 18.06 22:49:36,705| DISPATCHER: Leite Befehl {send,14} an meinen Worker weiter...
GGT(232_1)@workstation 18.06 22:49:36,705| Send erhalten Y:14
GGT(232_1)@workstation 18.06 22:49:36,705| ALGO: ((42 -1) mod 14) +1     --    (TTW: 2 Sekunden)
GGT(232_1)@workstation 18.06 22:49:38,642| DISPATCHER: Leite Befehl {send,7} an meinen Worker weiter...
GGT(232_1)@workstation 18.06 22:49:38,721| informiere (brief_mi) Koordinator coordinator ueber neuen Mi:14
GGT(232_1)@workstation 18.06 22:49:38,721| Sende (send) Nachbarn '233_1' und '231_1' neuen Mi:14
GGT(232_1)@workstation 18.06 22:49:38,736| Send erhalten Y:7
GGT(232_1)@workstation 18.06 22:49:38,736| ALGO: ((14 -1) mod 7) +1     --    (TTW: 2 Sekunden)
GGT(232_1)@workstation 18.06 22:49:40,767| informiere (brief_mi) Koordinator coordinator ueber neuen Mi:7
GGT(232_1)@workstation 18.06 22:49:40,767| Sende (send) Nachbarn '233_1' und '231_1' neuen Mi:7
GGT(232_1)@workstation 18.06 22:49:44,783| DISPATCHER: Leite Befehl {send,7} an meinen Worker weiter...
GGT(232_1)@workstation 18.06 22:49:44,783| Send erhalten Y:7
GGT(232_1)@workstation 18.06 22:49:44,783| ALGO: ((7 -1) mod 7) +1     --    (TTW: 2 Sekunden)
GGT(232_1)@workstation 18.06 22:49:46,799| Mi NICHT geaendert! (ist und bleibt: 7)
GGT(232_1)@workstation 18.06 22:49:54,877| DISPATCHER: Leite Befehl {vote,'233_2'} an meinen Worker weiter...
GGT(232_1)@workstation 18.06 22:49:54,877| DISPATCHER: Leite Befehl {vote,'232_2'} an meinen Worker weiter...
GGT(232_1)@workstation 18.06 22:49:54,877| ### vote erhalten! Ich = '232_1'  Initiator = '233_2') ###
GGT(232_1)@workstation 18.06 22:49:54,877| Leite Anfrage (vote) an den Linken Nachbarn '233_1' weiter (implizites Zustimmen)
GGT(232_1)@workstation 18.06 22:49:54,892| ### vote erhalten! Ich = '232_1'  Initiator = '232_2') ###
GGT(232_1)@workstation 18.06 22:49:54,892| Leite Anfrage (vote) an den Linken Nachbarn '233_1' weiter (implizites Zustimmen)
GGT(232_1)@workstation 18.06 22:49:54,908| DISPATCHER: Leite Befehl {vote,'233_3'} an meinen Worker weiter...
GGT(232_1)@workstation 18.06 22:49:54,908| ### vote erhalten! Ich = '232_1'  Initiator = '233_3') ###
GGT(232_1)@workstation 18.06 22:49:54,908| Leite Anfrage (vote) an den Linken Nachbarn '233_1' weiter (implizites Zustimmen)
