GGT(232_4)@lab24.cpt.haw-hamburg.de 18.06 16:38:08,894| DISPATCHER: Leite Befehl {set_pmi,29151486} an meinen Worker weiter...
GGT(232_4)@lab24.cpt.haw-hamburg.de 18.06 16:38:11,897| DISPATCHER: Leite Befehl {send,12936} an meinen Worker weiter...
GGT(232_4)@lab24.cpt.haw-hamburg.de 18.06 16:38:11,897| Send erhalten Y:12936
GGT(232_4)@lab24.cpt.haw-hamburg.de 18.06 16:38:11,898| ALGO: ((14 -1) mod 12936) +1     --    (TTW: 1 Sekunden)
GGT(232_4)@lab24.cpt.haw-hamburg.de 18.06 16:38:12,897| DISPATCHER: Leite Befehl {vote,'211_3'} an meinen Worker weiter...
GGT(232_4)@lab24.cpt.haw-hamburg.de 18.06 16:38:12,898| DISPATCHER: Leite Befehl {vote,'213_1'} an meinen Worker weiter...
GGT(232_4)@lab24.cpt.haw-hamburg.de 18.06 16:38:12,899| Mi NICHT geaendert! (ist und bleibt: 14)
GGT(232_4)@lab24.cpt.haw-hamburg.de 18.06 16:38:12,900| ### vote erhalten! Ich = '232_4'  Initiator = '211_3') ###
GGT(232_4)@lab24.cpt.haw-hamburg.de 18.06 16:38:12,900| implizit abgelehnt
GGT(232_4)@lab24.cpt.haw-hamburg.de 18.06 16:38:12,900| ### vote erhalten! Ich = '232_4'  Initiator = '213_1') ###
GGT(232_4)@lab24.cpt.haw-hamburg.de 18.06 16:38:12,900| implizit abgelehnt
GGT(232_4)@lab24.cpt.haw-hamburg.de 18.06 16:38:12,908| DISPATCHER: Leite Befehl {vote,'213_3'} an meinen Worker weiter...
GGT(232_4)@lab24.cpt.haw-hamburg.de 18.06 16:38:12,908| ### vote erhalten! Ich = '232_4'  Initiator = '213_3') ###
GGT(232_4)@lab24.cpt.haw-hamburg.de 18.06 16:38:12,908| Leite Anfrage (vote) an den Linken Nachbarn '211_1' weiter (implizites Zustimmen)
GGT(232_4)@lab24.cpt.haw-hamburg.de 18.06 16:38:12,909| DISPATCHER: Leite Befehl {vote,'212_1'} an meinen Worker weiter...
GGT(232_4)@lab24.cpt.haw-hamburg.de 18.06 16:38:12,910| ### vote erhalten! Ich = '232_4'  Initiator = '212_1') ###
GGT(232_4)@lab24.cpt.haw-hamburg.de 18.06 16:38:12,910| Leite Anfrage (vote) an den Linken Nachbarn '211_1' weiter (implizites Zustimmen)
GGT(232_4)@lab24.cpt.haw-hamburg.de 18.06 16:38:12,910| DISPATCHER: Leite Befehl {vote,'211_2'} an meinen Worker weiter...
GGT(232_4)@lab24.cpt.haw-hamburg.de 18.06 16:38:12,910| ### vote erhalten! Ich = '232_4'  Initiator = '211_2') ###
GGT(232_4)@lab24.cpt.haw-hamburg.de 18.06 16:38:12,910| Leite Anfrage (vote) an den Linken Nachbarn '211_1' weiter (implizites Zustimmen)
GGT(232_4)@lab24.cpt.haw-hamburg.de 18.06 16:38:12,911| DISPATCHER: Leite Befehl {vote,'212_2'} an meinen Worker weiter...
GGT(232_4)@lab24.cpt.haw-hamburg.de 18.06 16:38:12,911| ### vote erhalten! Ich = '232_4'  Initiator = '212_2') ###
GGT(232_4)@lab24.cpt.haw-hamburg.de 18.06 16:38:12,911| Leite Anfrage (vote) an den Linken Nachbarn '211_1' weiter (implizites Zustimmen)
GGT(232_4)@lab24.cpt.haw-hamburg.de 18.06 16:38:13,900| DISPATCHER: Leite Befehl {send,1540} an meinen Worker weiter...
GGT(232_4)@lab24.cpt.haw-hamburg.de 18.06 16:38:13,900| Send erhalten Y:1540
GGT(232_4)@lab24.cpt.haw-hamburg.de 18.06 16:38:13,900| ALGO: ((14 -1) mod 1540) +1     --    (TTW: 1 Sekunden)
GGT(232_4)@lab24.cpt.haw-hamburg.de 18.06 16:38:13,908| DISPATCHER: Leite Befehl {vote,'232_3'} an meinen Worker weiter...
GGT(232_4)@lab24.cpt.haw-hamburg.de 18.06 16:38:13,911| DISPATCHER: Leite Befehl {vote,'231_2'} an meinen Worker weiter...
GGT(232_4)@lab24.cpt.haw-hamburg.de 18.06 16:38:14,900| DISPATCHER: Leite Befehl {send,308} an meinen Worker weiter...
GGT(232_4)@lab24.cpt.haw-hamburg.de 18.06 16:38:14,901| Mi NICHT geaendert! (ist und bleibt: 14)
GGT(232_4)@lab24.cpt.haw-hamburg.de 18.06 16:38:14,902| ### vote erhalten! Ich = '232_4'  Initiator = '232_3') ###
GGT(232_4)@lab24.cpt.haw-hamburg.de 18.06 16:38:14,902| implizit abgelehnt
GGT(232_4)@lab24.cpt.haw-hamburg.de 18.06 16:38:14,902| ### vote erhalten! Ich = '232_4'  Initiator = '231_2') ###
GGT(232_4)@lab24.cpt.haw-hamburg.de 18.06 16:38:14,902| implizit abgelehnt
GGT(232_4)@lab24.cpt.haw-hamburg.de 18.06 16:38:14,902| Send erhalten Y:308
GGT(232_4)@lab24.cpt.haw-hamburg.de 18.06 16:38:14,902| ALGO: ((14 -1) mod 308) +1     --    (TTW: 1 Sekunden)
GGT(232_4)@lab24.cpt.haw-hamburg.de 18.06 16:38:15,903| Mi NICHT geaendert! (ist und bleibt: 14)
GGT(232_4)@lab24.cpt.haw-hamburg.de 18.06 16:38:18,904| DISPATCHER: Leite Befehl {send,154} an meinen Worker weiter...
GGT(232_4)@lab24.cpt.haw-hamburg.de 18.06 16:38:18,904| Send erhalten Y:154
GGT(232_4)@lab24.cpt.haw-hamburg.de 18.06 16:38:18,904| ALGO: ((14 -1) mod 154) +1     --    (TTW: 1 Sekunden)
GGT(232_4)@lab24.cpt.haw-hamburg.de 18.06 16:38:19,905| Mi NICHT geaendert! (ist und bleibt: 14)
GGT(232_4)@lab24.cpt.haw-hamburg.de 18.06 16:38:19,905| TTT Timer ist abgelaufen. Informiere meine linken Nachbarn ('211_1') ueber vote
GGT(232_4)@lab24.cpt.haw-hamburg.de 18.06 16:38:21,921| DISPATCHER: Leite Befehl {vote,'231_5'} an meinen Worker weiter...
GGT(232_4)@lab24.cpt.haw-hamburg.de 18.06 16:38:21,921| ### vote erhalten! Ich = '232_4'  Initiator = '231_5') ###
GGT(232_4)@lab24.cpt.haw-hamburg.de 18.06 16:38:21,921| Leite Anfrage (vote) an den Linken Nachbarn '211_1' weiter (implizites Zustimmen)
GGT(232_4)@lab24.cpt.haw-hamburg.de 18.06 16:38:21,923| DISPATCHER: Leite Befehl {vote,'213_2'} an meinen Worker weiter...
GGT(232_4)@lab24.cpt.haw-hamburg.de 18.06 16:38:21,923| ### vote erhalten! Ich = '232_4'  Initiator = '213_2') ###
GGT(232_4)@lab24.cpt.haw-hamburg.de 18.06 16:38:21,923| Leite Anfrage (vote) an den Linken Nachbarn '211_1' weiter (implizites Zustimmen)
GGT(232_4)@lab24.cpt.haw-hamburg.de 18.06 16:38:22,925| DISPATCHER: Leite Befehl {vote,'212_3'} an meinen Worker weiter...
GGT(232_4)@lab24.cpt.haw-hamburg.de 18.06 16:38:22,925| ### vote erhalten! Ich = '232_4'  Initiator = '212_3') ###
GGT(232_4)@lab24.cpt.haw-hamburg.de 18.06 16:38:22,925| Leite Anfrage (vote) an den Linken Nachbarn '211_1' weiter (implizites Zustimmen)
GGT(232_4)@lab24.cpt.haw-hamburg.de 18.06 16:38:22,926| DISPATCHER: Leite Befehl {vote,'211_1'} an meinen Worker weiter...
GGT(232_4)@lab24.cpt.haw-hamburg.de 18.06 16:38:22,927| ### vote erhalten! Ich = '232_4'  Initiator = '211_1') ###
GGT(232_4)@lab24.cpt.haw-hamburg.de 18.06 16:38:22,927| Leite Anfrage (vote) an den Linken Nachbarn '211_1' weiter (implizites Zustimmen)
GGT(232_4)@lab24.cpt.haw-hamburg.de 18.06 16:38:54,759| DISPATCHER: Leite Befehl {set_pmi,52962910} an meinen Worker weiter...
GGT(232_4)@lab24.cpt.haw-hamburg.de 18.06 16:38:58,761| DISPATCHER: Leite Befehl {vote,'213_1'} an meinen Worker weiter...
GGT(232_4)@lab24.cpt.haw-hamburg.de 18.06 16:38:58,762| ### vote erhalten! Ich = '232_4'  Initiator = '213_1') ###
GGT(232_4)@lab24.cpt.haw-hamburg.de 18.06 16:38:58,762| Leite Anfrage (vote) an den Linken Nachbarn '211_1' weiter (implizites Zustimmen)
GGT(232_4)@lab24.cpt.haw-hamburg.de 18.06 16:38:58,763| DISPATCHER: Leite Befehl {vote,'211_3'} an meinen Worker weiter...
GGT(232_4)@lab24.cpt.haw-hamburg.de 18.06 16:38:58,764| ### vote erhalten! Ich = '232_4'  Initiator = '211_3') ###
GGT(232_4)@lab24.cpt.haw-hamburg.de 18.06 16:38:58,764| Leite Anfrage (vote) an den Linken Nachbarn '211_1' weiter (implizites Zustimmen)
GGT(232_4)@lab24.cpt.haw-hamburg.de 18.06 16:38:59,766| DISPATCHER: Leite Befehl {vote,'213_3'} an meinen Worker weiter...
GGT(232_4)@lab24.cpt.haw-hamburg.de 18.06 16:38:59,767| ### vote erhalten! Ich = '232_4'  Initiator = '213_3') ###
GGT(232_4)@lab24.cpt.haw-hamburg.de 18.06 16:38:59,767| Leite Anfrage (vote) an den Linken Nachbarn '211_1' weiter (implizites Zustimmen)
GGT(232_4)@lab24.cpt.haw-hamburg.de 18.06 16:39:05,776| DISPATCHER: Leite Befehl {vote,'212_1'} an meinen Worker weiter...
GGT(232_4)@lab24.cpt.haw-hamburg.de 18.06 16:39:05,777| ### vote erhalten! Ich = '232_4'  Initiator = '212_1') ###
GGT(232_4)@lab24.cpt.haw-hamburg.de 18.06 16:39:05,777| Leite Anfrage (vote) an den Linken Nachbarn '211_1' weiter (implizites Zustimmen)
GGT(232_4)@lab24.cpt.haw-hamburg.de 18.06 16:39:05,778| DISPATCHER: Leite Befehl {vote,'211_2'} an meinen Worker weiter...
GGT(232_4)@lab24.cpt.haw-hamburg.de 18.06 16:39:05,778| ### vote erhalten! Ich = '232_4'  Initiator = '211_2') ###
GGT(232_4)@lab24.cpt.haw-hamburg.de 18.06 16:39:05,778| Leite Anfrage (vote) an den Linken Nachbarn '211_1' weiter (implizites Zustimmen)
GGT(232_4)@lab24.cpt.haw-hamburg.de 18.06 16:39:05,779| DISPATCHER: Leite Befehl {vote,'212_2'} an meinen Worker weiter...
GGT(232_4)@lab24.cpt.haw-hamburg.de 18.06 16:39:05,780| ### vote erhalten! Ich = '232_4'  Initiator = '212_2') ###
GGT(232_4)@lab24.cpt.haw-hamburg.de 18.06 16:39:05,780| Leite Anfrage (vote) an den Linken Nachbarn '211_1' weiter (implizites Zustimmen)
GGT(232_4)@lab24.cpt.haw-hamburg.de 18.06 16:39:26,557| <7023.39.0> erfragt aktuellen Mi. Sende Mi = 14
