GGT(232_2)@lab24.cpt.haw-hamburg.de 18.06 16:38:08,894| DISPATCHER: Leite Befehl {set_pmi,3542} an meinen Worker weiter...
GGT(232_2)@lab24.cpt.haw-hamburg.de 18.06 16:38:08,894| DISPATCHER: Leite Befehl {send,15071210} an meinen Worker weiter...
GGT(232_2)@lab24.cpt.haw-hamburg.de 18.06 16:38:08,894| Send erhalten Y:15071210
GGT(232_2)@lab24.cpt.haw-hamburg.de 18.06 16:38:08,894| ALGO: ((14 -1) mod 15071210) +1     --    (TTW: 1 Sekunden)
GGT(232_2)@lab24.cpt.haw-hamburg.de 18.06 16:38:09,895| Mi NICHT geaendert! (ist und bleibt: 14)
GGT(232_2)@lab24.cpt.haw-hamburg.de 18.06 16:38:12,896| DISPATCHER: Leite Befehl {vote,'211_3'} an meinen Worker weiter...
GGT(232_2)@lab24.cpt.haw-hamburg.de 18.06 16:38:12,896| ### vote erhalten! Ich = '232_2'  Initiator = '211_3') ###
GGT(232_2)@lab24.cpt.haw-hamburg.de 18.06 16:38:12,896| Leite Anfrage (vote) an den Linken Nachbarn '232_4' weiter (implizites Zustimmen)
GGT(232_2)@lab24.cpt.haw-hamburg.de 18.06 16:38:12,897| DISPATCHER: Leite Befehl {vote,'213_1'} an meinen Worker weiter...
GGT(232_2)@lab24.cpt.haw-hamburg.de 18.06 16:38:12,898| ### vote erhalten! Ich = '232_2'  Initiator = '213_1') ###
GGT(232_2)@lab24.cpt.haw-hamburg.de 18.06 16:38:12,898| Leite Anfrage (vote) an den Linken Nachbarn '232_4' weiter (implizites Zustimmen)
GGT(232_2)@lab24.cpt.haw-hamburg.de 18.06 16:38:12,906| DISPATCHER: Leite Befehl {vote,'213_3'} an meinen Worker weiter...
GGT(232_2)@lab24.cpt.haw-hamburg.de 18.06 16:38:12,906| ### vote erhalten! Ich = '232_2'  Initiator = '213_3') ###
GGT(232_2)@lab24.cpt.haw-hamburg.de 18.06 16:38:12,906| Leite Anfrage (vote) an den Linken Nachbarn '232_4' weiter (implizites Zustimmen)
GGT(232_2)@lab24.cpt.haw-hamburg.de 18.06 16:38:12,908| DISPATCHER: Leite Befehl {vote,'212_1'} an meinen Worker weiter...
GGT(232_2)@lab24.cpt.haw-hamburg.de 18.06 16:38:12,909| ### vote erhalten! Ich = '232_2'  Initiator = '212_1') ###
GGT(232_2)@lab24.cpt.haw-hamburg.de 18.06 16:38:12,909| Leite Anfrage (vote) an den Linken Nachbarn '232_4' weiter (implizites Zustimmen)
GGT(232_2)@lab24.cpt.haw-hamburg.de 18.06 16:38:12,909| DISPATCHER: Leite Befehl {vote,'211_2'} an meinen Worker weiter...
GGT(232_2)@lab24.cpt.haw-hamburg.de 18.06 16:38:12,909| ### vote erhalten! Ich = '232_2'  Initiator = '211_2') ###
GGT(232_2)@lab24.cpt.haw-hamburg.de 18.06 16:38:12,909| Leite Anfrage (vote) an den Linken Nachbarn '232_4' weiter (implizites Zustimmen)
GGT(232_2)@lab24.cpt.haw-hamburg.de 18.06 16:38:12,910| DISPATCHER: Leite Befehl {vote,'212_2'} an meinen Worker weiter...
GGT(232_2)@lab24.cpt.haw-hamburg.de 18.06 16:38:12,910| ### vote erhalten! Ich = '232_2'  Initiator = '212_2') ###
GGT(232_2)@lab24.cpt.haw-hamburg.de 18.06 16:38:12,910| Leite Anfrage (vote) an den Linken Nachbarn '232_4' weiter (implizites Zustimmen)
GGT(232_2)@lab24.cpt.haw-hamburg.de 18.06 16:38:13,908| DISPATCHER: Leite Befehl {vote,'232_3'} an meinen Worker weiter...
GGT(232_2)@lab24.cpt.haw-hamburg.de 18.06 16:38:13,908| ### vote erhalten! Ich = '232_2'  Initiator = '232_3') ###
GGT(232_2)@lab24.cpt.haw-hamburg.de 18.06 16:38:13,908| Leite Anfrage (vote) an den Linken Nachbarn '232_4' weiter (implizites Zustimmen)
GGT(232_2)@lab24.cpt.haw-hamburg.de 18.06 16:38:13,910| DISPATCHER: Leite Befehl {vote,'231_2'} an meinen Worker weiter...
GGT(232_2)@lab24.cpt.haw-hamburg.de 18.06 16:38:13,910| ### vote erhalten! Ich = '232_2'  Initiator = '231_2') ###
GGT(232_2)@lab24.cpt.haw-hamburg.de 18.06 16:38:13,910| Leite Anfrage (vote) an den Linken Nachbarn '232_4' weiter (implizites Zustimmen)
GGT(232_2)@lab24.cpt.haw-hamburg.de 18.06 16:38:21,920| DISPATCHER: Leite Befehl {vote,'231_5'} an meinen Worker weiter...
GGT(232_2)@lab24.cpt.haw-hamburg.de 18.06 16:38:21,920| ### vote erhalten! Ich = '232_2'  Initiator = '231_5') ###
GGT(232_2)@lab24.cpt.haw-hamburg.de 18.06 16:38:21,920| Leite Anfrage (vote) an den Linken Nachbarn '232_4' weiter (implizites Zustimmen)
GGT(232_2)@lab24.cpt.haw-hamburg.de 18.06 16:38:21,922| DISPATCHER: Leite Befehl {vote,'213_2'} an meinen Worker weiter...
GGT(232_2)@lab24.cpt.haw-hamburg.de 18.06 16:38:21,922| ### vote erhalten! Ich = '232_2'  Initiator = '213_2') ###
GGT(232_2)@lab24.cpt.haw-hamburg.de 18.06 16:38:21,922| Leite Anfrage (vote) an den Linken Nachbarn '232_4' weiter (implizites Zustimmen)
GGT(232_2)@lab24.cpt.haw-hamburg.de 18.06 16:38:22,924| DISPATCHER: Leite Befehl {vote,'212_3'} an meinen Worker weiter...
GGT(232_2)@lab24.cpt.haw-hamburg.de 18.06 16:38:22,924| ### vote erhalten! Ich = '232_2'  Initiator = '212_3') ###
GGT(232_2)@lab24.cpt.haw-hamburg.de 18.06 16:38:22,924| Leite Anfrage (vote) an den Linken Nachbarn '232_4' weiter (implizites Zustimmen)
GGT(232_2)@lab24.cpt.haw-hamburg.de 18.06 16:38:22,925| DISPATCHER: Leite Befehl {vote,'211_1'} an meinen Worker weiter...
GGT(232_2)@lab24.cpt.haw-hamburg.de 18.06 16:38:22,926| ### vote erhalten! Ich = '232_2'  Initiator = '211_1') ###
GGT(232_2)@lab24.cpt.haw-hamburg.de 18.06 16:38:22,926| Leite Anfrage (vote) an den Linken Nachbarn '232_4' weiter (implizites Zustimmen)
GGT(232_2)@lab24.cpt.haw-hamburg.de 18.06 16:38:54,759| DISPATCHER: Leite Befehl {set_pmi,9487170} an meinen Worker weiter...
GGT(232_2)@lab24.cpt.haw-hamburg.de 18.06 16:38:58,760| DISPATCHER: Leite Befehl {vote,'213_1'} an meinen Worker weiter...
GGT(232_2)@lab24.cpt.haw-hamburg.de 18.06 16:38:58,760| ### vote erhalten! Ich = '232_2'  Initiator = '213_1') ###
GGT(232_2)@lab24.cpt.haw-hamburg.de 18.06 16:38:58,760| Leite Anfrage (vote) an den Linken Nachbarn '232_4' weiter (implizites Zustimmen)
GGT(232_2)@lab24.cpt.haw-hamburg.de 18.06 16:38:58,762| DISPATCHER: Leite Befehl {vote,'211_3'} an meinen Worker weiter...
GGT(232_2)@lab24.cpt.haw-hamburg.de 18.06 16:38:58,763| ### vote erhalten! Ich = '232_2'  Initiator = '211_3') ###
GGT(232_2)@lab24.cpt.haw-hamburg.de 18.06 16:38:58,763| Leite Anfrage (vote) an den Linken Nachbarn '232_4' weiter (implizites Zustimmen)
GGT(232_2)@lab24.cpt.haw-hamburg.de 18.06 16:38:59,765| DISPATCHER: Leite Befehl {vote,'213_3'} an meinen Worker weiter...
GGT(232_2)@lab24.cpt.haw-hamburg.de 18.06 16:38:59,766| ### vote erhalten! Ich = '232_2'  Initiator = '213_3') ###
GGT(232_2)@lab24.cpt.haw-hamburg.de 18.06 16:38:59,766| Leite Anfrage (vote) an den Linken Nachbarn '232_4' weiter (implizites Zustimmen)
GGT(232_2)@lab24.cpt.haw-hamburg.de 18.06 16:39:05,776| DISPATCHER: Leite Befehl {vote,'212_1'} an meinen Worker weiter...
GGT(232_2)@lab24.cpt.haw-hamburg.de 18.06 16:39:05,776| ### vote erhalten! Ich = '232_2'  Initiator = '212_1') ###
GGT(232_2)@lab24.cpt.haw-hamburg.de 18.06 16:39:05,776| Leite Anfrage (vote) an den Linken Nachbarn '232_4' weiter (implizites Zustimmen)
GGT(232_2)@lab24.cpt.haw-hamburg.de 18.06 16:39:05,777| DISPATCHER: Leite Befehl {vote,'211_2'} an meinen Worker weiter...
GGT(232_2)@lab24.cpt.haw-hamburg.de 18.06 16:39:05,777| ### vote erhalten! Ich = '232_2'  Initiator = '211_2') ###
GGT(232_2)@lab24.cpt.haw-hamburg.de 18.06 16:39:05,777| Leite Anfrage (vote) an den Linken Nachbarn '232_4' weiter (implizites Zustimmen)
GGT(232_2)@lab24.cpt.haw-hamburg.de 18.06 16:39:05,778| DISPATCHER: Leite Befehl {vote,'212_2'} an meinen Worker weiter...
GGT(232_2)@lab24.cpt.haw-hamburg.de 18.06 16:39:05,779| ### vote erhalten! Ich = '232_2'  Initiator = '212_2') ###
GGT(232_2)@lab24.cpt.haw-hamburg.de 18.06 16:39:05,779| Leite Anfrage (vote) an den Linken Nachbarn '232_4' weiter (implizites Zustimmen)
GGT(232_2)@lab24.cpt.haw-hamburg.de 18.06 16:39:26,556| <7023.39.0> erfragt aktuellen Mi. Sende Mi = 14


GGT(232_2)@lab24.cpt.haw-hamburg.de 18.06 16:45:29,609| ######################## 232_2 Status: SETUP ########################


GGT(232_2)@lab24.cpt.haw-hamburg.de 18.06 16:45:29,609| ######################## 232_2 Status: INITIAL ########################
