

GGT(231_2)@workstation 18.06 22:44:16,424| ######################## 231_2 Status: SETUP ########################


GGT(231_2)@workstation 18.06 22:44:16,424| ######################## 231_2 Status: INITIAL ########################
GGT(231_2)@workstation 18.06 22:44:16,439| REBIND
GGT(231_2)@workstation 18.06 22:44:16,439| Mit NameService verbunden
GGT(231_2)@workstation 18.06 22:44:16,439| CHECK_IN
GGT(231_2)@workstation 18.06 22:44:38,674| Nachbarn wurden mitgeteilt {L: '232_3' | R: '232_2'}


GGT(231_2)@workstation 18.06 22:44:38,674| ######################## 231_2 Status: PRE_PROCESS ########################
GGT(231_2)@workstation 18.06 22:44:52,549| 같같같같 CATCHED set_pmi mit 4680500 
GGT(231_2)@workstation 18.06 22:44:52,549| WORKER: Initial Mi wurde mitgeteilt. Mi:4680500


GGT(231_2)@workstation 18.06 22:44:52,549| ######################## 231_2 Status: PROCESS ########################
GGT(231_2)@workstation 18.06 22:44:52,596| DISPATCHER: Leite Befehl {send,440392500} an meinen Worker weiter...
GGT(231_2)@workstation 18.06 22:44:52,596| Send erhalten Y:440392500
GGT(231_2)@workstation 18.06 22:44:52,596| ALGO: ((4680500 -1) mod 440392500) +1     --    (TTW: 2 Sekunden)
GGT(231_2)@workstation 18.06 22:44:54,611| Mi NICHT geaendert! (ist und bleibt: 4680500)
GGT(231_2)@workstation 18.06 22:45:02,596| DISPATCHER: Leite Befehl {vote,'231_1'} an meinen Worker weiter...
GGT(231_2)@workstation 18.06 22:45:02,611| ### vote erhalten! Ich = '231_2'  Initiator = '231_1') ###
GGT(231_2)@workstation 18.06 22:45:02,611| Leite Anfrage (vote) an den Linken Nachbarn '232_3' weiter (implizites Zustimmen)
GGT(231_2)@workstation 18.06 22:45:02,627| DISPATCHER: Leite Befehl {vote,'231_3'} an meinen Worker weiter...
GGT(231_2)@workstation 18.06 22:45:02,627| ### vote erhalten! Ich = '231_2'  Initiator = '231_3') ###
GGT(231_2)@workstation 18.06 22:45:02,627| Leite Anfrage (vote) an den Linken Nachbarn '232_3' weiter (implizites Zustimmen)
GGT(231_2)@workstation 18.06 22:45:02,658| DISPATCHER: Leite Befehl {vote,'232_3'} an meinen Worker weiter...
GGT(231_2)@workstation 18.06 22:45:02,658| ### vote erhalten! Ich = '231_2'  Initiator = '232_3') ###
GGT(231_2)@workstation 18.06 22:45:02,658| Leite Anfrage (vote) an den Linken Nachbarn '232_3' weiter (implizites Zustimmen)
GGT(231_2)@workstation 18.06 22:45:04,705| DISPATCHER: Leite Befehl {send,1202500} an meinen Worker weiter...
GGT(231_2)@workstation 18.06 22:45:04,705| Send erhalten Y:1202500
GGT(231_2)@workstation 18.06 22:45:04,705| ALGO: ((4680500 -1) mod 1202500) +1     --    (TTW: 2 Sekunden)
GGT(231_2)@workstation 18.06 22:45:06,721| informiere (brief_mi) Koordinator coordinator ueber neuen Mi:1073000
GGT(231_2)@workstation 18.06 22:45:06,721| Sende (send) Nachbarn '232_3' und '232_2' neuen Mi:1073000
GGT(231_2)@workstation 18.06 22:45:08,752| DISPATCHER: Leite Befehl {send,129500} an meinen Worker weiter...
GGT(231_2)@workstation 18.06 22:45:08,767| Send erhalten Y:129500
GGT(231_2)@workstation 18.06 22:45:08,767| ALGO: ((1073000 -1) mod 129500) +1     --    (TTW: 2 Sekunden)
GGT(231_2)@workstation 18.06 22:45:10,783| informiere (brief_mi) Koordinator coordinator ueber neuen Mi:37000
GGT(231_2)@workstation 18.06 22:45:10,783| Sende (send) Nachbarn '232_3' und '232_2' neuen Mi:37000
GGT(231_2)@workstation 18.06 22:45:12,799| DISPATCHER: Leite Befehl {send,50200} an meinen Worker weiter...
GGT(231_2)@workstation 18.06 22:45:12,799| Send erhalten Y:50200
GGT(231_2)@workstation 18.06 22:45:12,799| ALGO: ((37000 -1) mod 50200) +1     --    (TTW: 2 Sekunden)
GGT(231_2)@workstation 18.06 22:45:14,814| Mi NICHT geaendert! (ist und bleibt: 37000)
GGT(231_2)@workstation 18.06 22:45:14,814| DISPATCHER: Leite Befehl {send,13200} an meinen Worker weiter...
GGT(231_2)@workstation 18.06 22:45:14,814| Send erhalten Y:13200
GGT(231_2)@workstation 18.06 22:45:14,814| ALGO: ((37000 -1) mod 13200) +1     --    (TTW: 2 Sekunden)
GGT(231_2)@workstation 18.06 22:45:14,846| DISPATCHER: Leite Befehl {send,400} an meinen Worker weiter...
GGT(231_2)@workstation 18.06 22:45:16,830| informiere (brief_mi) Koordinator coordinator ueber neuen Mi:10600
GGT(231_2)@workstation 18.06 22:45:16,830| Sende (send) Nachbarn '232_3' und '232_2' neuen Mi:10600
GGT(231_2)@workstation 18.06 22:45:16,830| Send erhalten Y:400
GGT(231_2)@workstation 18.06 22:45:16,830| ALGO: ((10600 -1) mod 400) +1     --    (TTW: 2 Sekunden)
GGT(231_2)@workstation 18.06 22:45:16,846| DISPATCHER: Leite Befehl {send,200} an meinen Worker weiter...
GGT(231_2)@workstation 18.06 22:45:18,846| informiere (brief_mi) Koordinator coordinator ueber neuen Mi:200
GGT(231_2)@workstation 18.06 22:45:18,846| Sende (send) Nachbarn '232_3' und '232_2' neuen Mi:200
GGT(231_2)@workstation 18.06 22:45:18,846| Send erhalten Y:200
GGT(231_2)@workstation 18.06 22:45:18,861| ALGO: ((200 -1) mod 200) +1     --    (TTW: 2 Sekunden)
GGT(231_2)@workstation 18.06 22:45:20,861| DISPATCHER: Leite Befehl {send,100} an meinen Worker weiter...
GGT(231_2)@workstation 18.06 22:45:20,877| Mi NICHT geaendert! (ist und bleibt: 200)
GGT(231_2)@workstation 18.06 22:45:20,877| Send erhalten Y:100
GGT(231_2)@workstation 18.06 22:45:20,877| ALGO: ((200 -1) mod 100) +1     --    (TTW: 2 Sekunden)
GGT(231_2)@workstation 18.06 22:45:22,892| informiere (brief_mi) Koordinator coordinator ueber neuen Mi:100
GGT(231_2)@workstation 18.06 22:45:22,892| Sende (send) Nachbarn '232_3' und '232_2' neuen Mi:100
GGT(231_2)@workstation 18.06 22:45:22,924| DISPATCHER: Leite Befehl {send,100} an meinen Worker weiter...
GGT(231_2)@workstation 18.06 22:45:22,924| Send erhalten Y:100
GGT(231_2)@workstation 18.06 22:45:22,924| ALGO: ((100 -1) mod 100) +1     --    (TTW: 2 Sekunden)
GGT(231_2)@workstation 18.06 22:45:24,939| Mi NICHT geaendert! (ist und bleibt: 100)
GGT(231_2)@workstation 18.06 22:45:32,939| DISPATCHER: Leite Befehl {vote,'233_3'} an meinen Worker weiter...
GGT(231_2)@workstation 18.06 22:45:32,955| ### vote erhalten! Ich = '231_2'  Initiator = '233_3') ###
GGT(231_2)@workstation 18.06 22:45:32,955| Leite Anfrage (vote) an den Linken Nachbarn '232_3' weiter (implizites Zustimmen)
GGT(231_2)@workstation 18.06 22:45:32,955| DISPATCHER: Leite Befehl {vote,'233_1'} an meinen Worker weiter...
GGT(231_2)@workstation 18.06 22:45:32,955| ### vote erhalten! Ich = '231_2'  Initiator = '233_1') ###
GGT(231_2)@workstation 18.06 22:45:32,955| Leite Anfrage (vote) an den Linken Nachbarn '232_3' weiter (implizites Zustimmen)
GGT(231_2)@workstation 18.06 22:45:35,939| 같같같같 CATCHED set_pmi mit 29545425 
GGT(231_2)@workstation 18.06 22:45:35,939| WORKER: Neuer Mi wurde mitgeteilt (Neue berechnung). Mi:29545425
GGT(231_2)@workstation 18.06 22:45:37,986| DISPATCHER: Leite Befehl {send,14175} an meinen Worker weiter...
GGT(231_2)@workstation 18.06 22:45:37,986| Send erhalten Y:14175
GGT(231_2)@workstation 18.06 22:45:37,986| ALGO: ((29545425 -1) mod 14175) +1     --    (TTW: 2 Sekunden)
GGT(231_2)@workstation 18.06 22:45:40,002| informiere (brief_mi) Koordinator coordinator ueber neuen Mi:4725
GGT(231_2)@workstation 18.06 22:45:40,002| Sende (send) Nachbarn '232_3' und '232_2' neuen Mi:4725
GGT(231_2)@workstation 18.06 22:45:42,017| DISPATCHER: Leite Befehl {send,4725} an meinen Worker weiter...
GGT(231_2)@workstation 18.06 22:45:42,017| Send erhalten Y:4725
GGT(231_2)@workstation 18.06 22:45:42,017| ALGO: ((4725 -1) mod 4725) +1     --    (TTW: 2 Sekunden)
GGT(231_2)@workstation 18.06 22:45:42,064| DISPATCHER: Leite Befehl {send,2709} an meinen Worker weiter...
GGT(231_2)@workstation 18.06 22:45:44,033| Mi NICHT geaendert! (ist und bleibt: 4725)
GGT(231_2)@workstation 18.06 22:45:44,033| Send erhalten Y:2709
GGT(231_2)@workstation 18.06 22:45:44,033| ALGO: ((4725 -1) mod 2709) +1     --    (TTW: 2 Sekunden)
GGT(231_2)@workstation 18.06 22:45:46,049| informiere (brief_mi) Koordinator coordinator ueber neuen Mi:2016
GGT(231_2)@workstation 18.06 22:45:46,049| Sende (send) Nachbarn '232_3' und '232_2' neuen Mi:2016
GGT(231_2)@workstation 18.06 22:45:46,158| DISPATCHER: Leite Befehl {send,21} an meinen Worker weiter...
GGT(231_2)@workstation 18.06 22:45:46,158| Send erhalten Y:21
GGT(231_2)@workstation 18.06 22:45:46,158| ALGO: ((2016 -1) mod 21) +1     --    (TTW: 2 Sekunden)
GGT(231_2)@workstation 18.06 22:45:48,064| DISPATCHER: Leite Befehl {send,693} an meinen Worker weiter...
GGT(231_2)@workstation 18.06 22:45:48,174| informiere (brief_mi) Koordinator coordinator ueber neuen Mi:21
GGT(231_2)@workstation 18.06 22:45:48,189| Sende (send) Nachbarn '232_3' und '232_2' neuen Mi:21
GGT(231_2)@workstation 18.06 22:45:48,189| Send erhalten Y:693
GGT(231_2)@workstation 18.06 22:45:48,189| ALGO: ((21 -1) mod 693) +1     --    (TTW: 2 Sekunden)
GGT(231_2)@workstation 18.06 22:45:50,205| Mi NICHT geaendert! (ist und bleibt: 21)
GGT(231_2)@workstation 18.06 22:45:52,096| DISPATCHER: Leite Befehl {send,21} an meinen Worker weiter...
GGT(231_2)@workstation 18.06 22:45:52,096| Send erhalten Y:21
GGT(231_2)@workstation 18.06 22:45:52,096| ALGO: ((21 -1) mod 21) +1     --    (TTW: 2 Sekunden)
GGT(231_2)@workstation 18.06 22:45:54,111| Mi NICHT geaendert! (ist und bleibt: 21)
GGT(231_2)@workstation 18.06 22:46:00,221| DISPATCHER: Leite Befehl {vote,'233_2'} an meinen Worker weiter...
GGT(231_2)@workstation 18.06 22:46:00,221| ### vote erhalten! Ich = '231_2'  Initiator = '233_2') ###
GGT(231_2)@workstation 18.06 22:46:00,221| Leite Anfrage (vote) an den Linken Nachbarn '232_3' weiter (implizites Zustimmen)
GGT(231_2)@workstation 18.06 22:46:17,986| <11990.1242.0> erfragt aktuellen Status. Sende vote
GGT(231_2)@workstation 18.06 22:46:30,502| <11990.1242.0> erfragt aktuellen Mi. Sende Mi = 21
GGT(231_2)@workstation 18.06 22:49:14,361| 같같같같 CATCHED set_pmi mit 185185 
GGT(231_2)@workstation 18.06 22:49:14,361| WORKER: Neuer Mi wurde mitgeteilt (Neue berechnung). Mi:185185
GGT(231_2)@workstation 18.06 22:49:24,392| TTT Timer ist abgelaufen. Informiere meine linken Nachbarn ('232_3') ueber vote
GGT(231_2)@workstation 18.06 22:49:24,392| DISPATCHER: Leite Befehl {vote,'232_2'} an meinen Worker weiter...
GGT(231_2)@workstation 18.06 22:49:24,392| ### vote erhalten! Ich = '231_2'  Initiator = '232_2') ###
GGT(231_2)@workstation 18.06 22:49:24,392| Leite Anfrage (vote) an den Linken Nachbarn '232_3' weiter (implizites Zustimmen)
GGT(231_2)@workstation 18.06 22:49:24,424| DISPATCHER: Leite Befehl {vote,'233_3'} an meinen Worker weiter...
GGT(231_2)@workstation 18.06 22:49:24,424| ### vote erhalten! Ich = '231_2'  Initiator = '233_3') ###
GGT(231_2)@workstation 18.06 22:49:24,424| Leite Anfrage (vote) an den Linken Nachbarn '232_3' weiter (implizites Zustimmen)
GGT(231_2)@workstation 18.06 22:49:24,424| DISPATCHER: Leite Befehl {vote,'232_1'} an meinen Worker weiter...
GGT(231_2)@workstation 18.06 22:49:24,424| ### vote erhalten! Ich = '231_2'  Initiator = '232_1') ###
GGT(231_2)@workstation 18.06 22:49:24,439| Leite Anfrage (vote) an den Linken Nachbarn '232_3' weiter (implizites Zustimmen)
GGT(231_2)@workstation 18.06 22:49:30,611| DISPATCHER: Leite Befehl {send,462} an meinen Worker weiter...
GGT(231_2)@workstation 18.06 22:49:30,611| Send erhalten Y:462
GGT(231_2)@workstation 18.06 22:49:30,611| ALGO: ((185185 -1) mod 462) +1     --    (TTW: 2 Sekunden)
GGT(231_2)@workstation 18.06 22:49:32,564| DISPATCHER: Leite Befehl {send,546} an meinen Worker weiter...
GGT(231_2)@workstation 18.06 22:49:32,627| informiere (brief_mi) Koordinator coordinator ueber neuen Mi:385
GGT(231_2)@workstation 18.06 22:49:32,627| Sende (send) Nachbarn '232_3' und '232_2' neuen Mi:385
GGT(231_2)@workstation 18.06 22:49:32,642| Send erhalten Y:546
GGT(231_2)@workstation 18.06 22:49:32,642| ALGO: ((385 -1) mod 546) +1     --    (TTW: 2 Sekunden)
GGT(231_2)@workstation 18.06 22:49:34,642| DISPATCHER: Leite Befehl {send,77} an meinen Worker weiter...
GGT(231_2)@workstation 18.06 22:49:34,658| Mi NICHT geaendert! (ist und bleibt: 385)
GGT(231_2)@workstation 18.06 22:49:34,658| Send erhalten Y:77
GGT(231_2)@workstation 18.06 22:49:34,658| ALGO: ((385 -1) mod 77) +1     --    (TTW: 2 Sekunden)
GGT(231_2)@workstation 18.06 22:49:34,674| DISPATCHER: Leite Befehl {send,161} an meinen Worker weiter...
GGT(231_2)@workstation 18.06 22:49:36,689| informiere (brief_mi) Koordinator coordinator ueber neuen Mi:77
GGT(231_2)@workstation 18.06 22:49:36,689| Sende (send) Nachbarn '232_3' und '232_2' neuen Mi:77
GGT(231_2)@workstation 18.06 22:49:36,689| Send erhalten Y:161
GGT(231_2)@workstation 18.06 22:49:36,705| ALGO: ((77 -1) mod 161) +1     --    (TTW: 2 Sekunden)
GGT(231_2)@workstation 18.06 22:49:38,721| Mi NICHT geaendert! (ist und bleibt: 77)
GGT(231_2)@workstation 18.06 22:49:38,736| DISPATCHER: Leite Befehl {send,70} an meinen Worker weiter...
GGT(231_2)@workstation 18.06 22:49:38,736| Send erhalten Y:70
GGT(231_2)@workstation 18.06 22:49:38,736| ALGO: ((77 -1) mod 70) +1     --    (TTW: 2 Sekunden)
GGT(231_2)@workstation 18.06 22:49:40,752| informiere (brief_mi) Koordinator coordinator ueber neuen Mi:7
GGT(231_2)@workstation 18.06 22:49:40,767| Sende (send) Nachbarn '232_3' und '232_2' neuen Mi:7
GGT(231_2)@workstation 18.06 22:49:42,783| DISPATCHER: Leite Befehl {send,7} an meinen Worker weiter...
GGT(231_2)@workstation 18.06 22:49:42,783| Send erhalten Y:7
GGT(231_2)@workstation 18.06 22:49:42,783| ALGO: ((7 -1) mod 7) +1     --    (TTW: 2 Sekunden)
GGT(231_2)@workstation 18.06 22:49:42,814| DISPATCHER: Leite Befehl {send,7} an meinen Worker weiter...
GGT(231_2)@workstation 18.06 22:49:44,799| Mi NICHT geaendert! (ist und bleibt: 7)
GGT(231_2)@workstation 18.06 22:49:44,799| Send erhalten Y:7
GGT(231_2)@workstation 18.06 22:49:44,799| ALGO: ((7 -1) mod 7) +1     --    (TTW: 2 Sekunden)
GGT(231_2)@workstation 18.06 22:49:46,814| Mi NICHT geaendert! (ist und bleibt: 7)
GGT(231_2)@workstation 18.06 22:49:54,814| DISPATCHER: Leite Befehl {vote,'232_2'} an meinen Worker weiter...
GGT(231_2)@workstation 18.06 22:49:54,814| ### vote erhalten! Ich = '231_2'  Initiator = '232_2') ###
GGT(231_2)@workstation 18.06 22:49:54,814| Leite Anfrage (vote) an den Linken Nachbarn '232_3' weiter (implizites Zustimmen)
GGT(231_2)@workstation 18.06 22:49:54,830| DISPATCHER: Leite Befehl {vote,'233_3'} an meinen Worker weiter...
GGT(231_2)@workstation 18.06 22:49:54,830| ### vote erhalten! Ich = '231_2'  Initiator = '233_3') ###
GGT(231_2)@workstation 18.06 22:49:54,830| Leite Anfrage (vote) an den Linken Nachbarn '232_3' weiter (implizites Zustimmen)
GGT(231_2)@workstation 18.06 22:49:54,955| DISPATCHER: Leite Befehl {vote,'233_2'} an meinen Worker weiter...
GGT(231_2)@workstation 18.06 22:49:54,955| ### vote erhalten! Ich = '231_2'  Initiator = '233_2') ###
GGT(231_2)@workstation 18.06 22:49:54,971| Leite Anfrage (vote) an den Linken Nachbarn '232_3' weiter (implizites Zustimmen)
