

GGT(234_2)@lab24.cpt.haw-hamburg.de 18.06 16:45:29,811| ######################## 234_2 Status: SETUP ########################


GGT(234_2)@lab24.cpt.haw-hamburg.de 18.06 16:45:29,811| ######################## 234_2 Status: INITIAL ########################
GGT(234_2)@lab24.cpt.haw-hamburg.de 18.06 16:45:29,811| REBIND
GGT(234_2)@lab24.cpt.haw-hamburg.de 18.06 16:45:29,811| CHECK_IN
GGT(234_2)@lab24.cpt.haw-hamburg.de 18.06 16:46:35,793| Nachbarn wurden mitgeteilt {L: '2410_1' | R: '242_1'}
GGT(234_2)@lab24.cpt.haw-hamburg.de 18.06 16:46:35,793| DISPATCHER: Leite Befehl {rebind_res,ok} an meinen Worker weiter...


GGT(234_2)@lab24.cpt.haw-hamburg.de 18.06 16:46:35,793| ######################## 234_2 Status: PRE_PROCESS ########################
GGT(234_2)@lab24.cpt.haw-hamburg.de 18.06 16:46:53,435| DISPATCHER: Leite Befehl {set_pmi,243394222500} an meinen Worker weiter...
GGT(234_2)@lab24.cpt.haw-hamburg.de 18.06 16:46:53,435| Initial Mi wurde mitgeteilt. Mi:243394222500


GGT(234_2)@lab24.cpt.haw-hamburg.de 18.06 16:46:53,435| ######################## 234_2 Status: PROCESS ########################
GGT(234_2)@lab24.cpt.haw-hamburg.de 18.06 16:46:56,435| TTT Timer ist abgelaufen. Informiere meine linken Nachbarn ('2410_1') ueber vote
GGT(234_2)@lab24.cpt.haw-hamburg.de 18.06 16:46:56,443| DISPATCHER: Leite Befehl {vote,'242_1'} an meinen Worker weiter...
GGT(234_2)@lab24.cpt.haw-hamburg.de 18.06 16:46:56,444| ### vote erhalten! Ich = '234_2'  Initiator = '242_1') ###
GGT(234_2)@lab24.cpt.haw-hamburg.de 18.06 16:46:56,444| Leite Anfrage (vote) an den Linken Nachbarn '2410_1' weiter (implizites Zustimmen)
GGT(234_2)@lab24.cpt.haw-hamburg.de 18.06 16:46:56,451| DISPATCHER: Leite Befehl {vote,'217_1'} an meinen Worker weiter...
GGT(234_2)@lab24.cpt.haw-hamburg.de 18.06 16:46:56,454| DISPATCHER: Leite Befehl {vote,'236_1'} an meinen Worker weiter...
GGT(234_2)@lab24.cpt.haw-hamburg.de 18.06 16:46:56,454| ### vote erhalten! Ich = '234_2'  Initiator = '217_1') ###
GGT(234_2)@lab24.cpt.haw-hamburg.de 18.06 16:46:56,454| DISPATCHER: Leite Befehl {vote,'2410_3'} an meinen Worker weiter...
GGT(234_2)@lab24.cpt.haw-hamburg.de 18.06 16:46:56,454| Leite Anfrage (vote) an den Linken Nachbarn '2410_1' weiter (implizites Zustimmen)
GGT(234_2)@lab24.cpt.haw-hamburg.de 18.06 16:46:56,457| ### vote erhalten! Ich = '234_2'  Initiator = '236_1') ###
GGT(234_2)@lab24.cpt.haw-hamburg.de 18.06 16:46:56,457| Leite Anfrage (vote) an den Linken Nachbarn '2410_1' weiter (implizites Zustimmen)
GGT(234_2)@lab24.cpt.haw-hamburg.de 18.06 16:46:56,459| DISPATCHER: Leite Befehl {vote,'215_2'} an meinen Worker weiter...
GGT(234_2)@lab24.cpt.haw-hamburg.de 18.06 16:46:56,459| ### vote erhalten! Ich = '234_2'  Initiator = '2410_3') ###
GGT(234_2)@lab24.cpt.haw-hamburg.de 18.06 16:46:56,459| Leite Anfrage (vote) an den Linken Nachbarn '2410_1' weiter (implizites Zustimmen)
GGT(234_2)@lab24.cpt.haw-hamburg.de 18.06 16:46:56,460| ### vote erhalten! Ich = '234_2'  Initiator = '215_2') ###
GGT(234_2)@lab24.cpt.haw-hamburg.de 18.06 16:46:56,460| Leite Anfrage (vote) an den Linken Nachbarn '2410_1' weiter (implizites Zustimmen)
GGT(234_2)@lab24.cpt.haw-hamburg.de 18.06 16:46:56,462| DISPATCHER: Leite Befehl {vote,'243_3'} an meinen Worker weiter...
GGT(234_2)@lab24.cpt.haw-hamburg.de 18.06 16:46:56,463| ### vote erhalten! Ich = '234_2'  Initiator = '243_3') ###
GGT(234_2)@lab24.cpt.haw-hamburg.de 18.06 16:46:56,463| Leite Anfrage (vote) an den Linken Nachbarn '2410_1' weiter (implizites Zustimmen)
GGT(234_2)@lab24.cpt.haw-hamburg.de 18.06 16:46:56,468| DISPATCHER: Leite Befehl {vote,'243_2'} an meinen Worker weiter...
GGT(234_2)@lab24.cpt.haw-hamburg.de 18.06 16:46:56,469| DISPATCHER: Leite Befehl {vote,'244_4'} an meinen Worker weiter...
GGT(234_2)@lab24.cpt.haw-hamburg.de 18.06 16:46:56,469| ### vote erhalten! Ich = '234_2'  Initiator = '243_2') ###
GGT(234_2)@lab24.cpt.haw-hamburg.de 18.06 16:46:56,469| Leite Anfrage (vote) an den Linken Nachbarn '2410_1' weiter (implizites Zustimmen)
GGT(234_2)@lab24.cpt.haw-hamburg.de 18.06 16:46:56,470| DISPATCHER: Leite Befehl {vote,'246_4'} an meinen Worker weiter...
GGT(234_2)@lab24.cpt.haw-hamburg.de 18.06 16:46:56,471| ### vote erhalten! Ich = '234_2'  Initiator = '244_4') ###
GGT(234_2)@lab24.cpt.haw-hamburg.de 18.06 16:46:56,471| Leite Anfrage (vote) an den Linken Nachbarn '2410_1' weiter (implizites Zustimmen)
GGT(234_2)@lab24.cpt.haw-hamburg.de 18.06 16:46:56,473| ### vote erhalten! Ich = '234_2'  Initiator = '246_4') ###
GGT(234_2)@lab24.cpt.haw-hamburg.de 18.06 16:46:56,473| Leite Anfrage (vote) an den Linken Nachbarn '2410_1' weiter (implizites Zustimmen)
GGT(234_2)@lab24.cpt.haw-hamburg.de 18.06 16:46:59,451| DISPATCHER: Leite Befehl {vote,'247_4'} an meinen Worker weiter...
GGT(234_2)@lab24.cpt.haw-hamburg.de 18.06 16:46:59,452| ### vote erhalten! Ich = '234_2'  Initiator = '247_4') ###
GGT(234_2)@lab24.cpt.haw-hamburg.de 18.06 16:46:59,452| Leite Anfrage (vote) an den Linken Nachbarn '2410_1' weiter (implizites Zustimmen)
GGT(234_2)@lab24.cpt.haw-hamburg.de 18.06 16:46:59,455| DISPATCHER: Leite Befehl {vote,'248_4'} an meinen Worker weiter...
GGT(234_2)@lab24.cpt.haw-hamburg.de 18.06 16:46:59,455| ### vote erhalten! Ich = '234_2'  Initiator = '248_4') ###
GGT(234_2)@lab24.cpt.haw-hamburg.de 18.06 16:46:59,455| Leite Anfrage (vote) an den Linken Nachbarn '2410_1' weiter (implizites Zustimmen)
GGT(234_2)@lab24.cpt.haw-hamburg.de 18.06 16:46:59,462| DISPATCHER: Leite Befehl {vote,'213_1'} an meinen Worker weiter...
GGT(234_2)@lab24.cpt.haw-hamburg.de 18.06 16:46:59,464| ### vote erhalten! Ich = '234_2'  Initiator = '213_1') ###
GGT(234_2)@lab24.cpt.haw-hamburg.de 18.06 16:46:59,464| Leite Anfrage (vote) an den Linken Nachbarn '2410_1' weiter (implizites Zustimmen)
GGT(234_2)@lab24.cpt.haw-hamburg.de 18.06 16:47:02,464| DISPATCHER: Leite Befehl {vote,'243_2'} an meinen Worker weiter...
GGT(234_2)@lab24.cpt.haw-hamburg.de 18.06 16:47:02,464| ### vote erhalten! Ich = '234_2'  Initiator = '243_2') ###
GGT(234_2)@lab24.cpt.haw-hamburg.de 18.06 16:47:02,464| Leite Anfrage (vote) an den Linken Nachbarn '2410_1' weiter (implizites Zustimmen)
GGT(234_2)@lab24.cpt.haw-hamburg.de 18.06 16:47:41,476| DISPATCHER: Leite Befehl {send,100} an meinen Worker weiter...
GGT(234_2)@lab24.cpt.haw-hamburg.de 18.06 16:47:41,477| Send erhalten Y:100
GGT(234_2)@lab24.cpt.haw-hamburg.de 18.06 16:47:41,477| ALGO: ((243394222500 -1) mod 100) +1     --    (TTW: 3 Sekunden)
GGT(234_2)@lab24.cpt.haw-hamburg.de 18.06 16:47:41,478| DISPATCHER: Leite Befehl {send,100} an meinen Worker weiter...
GGT(234_2)@lab24.cpt.haw-hamburg.de 18.06 16:47:44,479| informiere (brief_mi) Koordinator coordinator ueber neuen Mi:100
GGT(234_2)@lab24.cpt.haw-hamburg.de 18.06 16:47:44,479| DISPATCHER: Leite Befehl {vote,'2410_3'} an meinen Worker weiter...
GGT(234_2)@lab24.cpt.haw-hamburg.de 18.06 16:47:44,479| Sende (send) Nachbarn '2410_1' und '242_1' neuen Mi:100
GGT(234_2)@lab24.cpt.haw-hamburg.de 18.06 16:47:44,480| DISPATCHER: Leite Befehl {vote,'2410_3'} an meinen Worker weiter...
GGT(234_2)@lab24.cpt.haw-hamburg.de 18.06 16:47:44,480| DISPATCHER: Leite Befehl {vote,'242_1'} an meinen Worker weiter...
GGT(234_2)@lab24.cpt.haw-hamburg.de 18.06 16:47:44,481| Send erhalten Y:100
GGT(234_2)@lab24.cpt.haw-hamburg.de 18.06 16:47:44,481| ALGO: ((100 -1) mod 100) +1     --    (TTW: 3 Sekunden)
GGT(234_2)@lab24.cpt.haw-hamburg.de 18.06 16:47:47,481| DISPATCHER: Leite Befehl {send,100} an meinen Worker weiter...
GGT(234_2)@lab24.cpt.haw-hamburg.de 18.06 16:47:47,482| Mi NICHT geaendert! (ist und bleibt: 100)
GGT(234_2)@lab24.cpt.haw-hamburg.de 18.06 16:47:47,483| ### vote erhalten! Ich = '234_2'  Initiator = '2410_3') ###
GGT(234_2)@lab24.cpt.haw-hamburg.de 18.06 16:47:47,483| implizit abgelehnt
GGT(234_2)@lab24.cpt.haw-hamburg.de 18.06 16:47:47,483| ### vote erhalten! Ich = '234_2'  Initiator = '2410_3') ###
GGT(234_2)@lab24.cpt.haw-hamburg.de 18.06 16:47:47,483| implizit abgelehnt
GGT(234_2)@lab24.cpt.haw-hamburg.de 18.06 16:47:47,484| DISPATCHER: Leite Befehl {vote,'247_4'} an meinen Worker weiter...
GGT(234_2)@lab24.cpt.haw-hamburg.de 18.06 16:47:47,484| ### vote erhalten! Ich = '234_2'  Initiator = '242_1') ###
GGT(234_2)@lab24.cpt.haw-hamburg.de 18.06 16:47:47,484| Leite Anfrage (vote) an den Linken Nachbarn '2410_1' weiter (implizites Zustimmen)
GGT(234_2)@lab24.cpt.haw-hamburg.de 18.06 16:47:47,484| DISPATCHER: Leite Befehl {send,100} an meinen Worker weiter...
GGT(234_2)@lab24.cpt.haw-hamburg.de 18.06 16:47:47,485| DISPATCHER: Leite Befehl {vote,'242_1'} an meinen Worker weiter...
GGT(234_2)@lab24.cpt.haw-hamburg.de 18.06 16:47:47,485| TTT Timer ist abgelaufen. Informiere meine linken Nachbarn ('2410_1') ueber vote
GGT(234_2)@lab24.cpt.haw-hamburg.de 18.06 16:47:47,485| Send erhalten Y:100
GGT(234_2)@lab24.cpt.haw-hamburg.de 18.06 16:47:47,486| ALGO: ((100 -1) mod 100) +1     --    (TTW: 3 Sekunden)
GGT(234_2)@lab24.cpt.haw-hamburg.de 18.06 16:47:47,486| DISPATCHER: Leite Befehl {vote,'247_4'} an meinen Worker weiter...
GGT(234_2)@lab24.cpt.haw-hamburg.de 18.06 16:47:47,486| DISPATCHER: Leite Befehl {vote,'247_4'} an meinen Worker weiter...
GGT(234_2)@lab24.cpt.haw-hamburg.de 18.06 16:47:47,487| DISPATCHER: Leite Befehl {vote,'217_1'} an meinen Worker weiter...
GGT(234_2)@lab24.cpt.haw-hamburg.de 18.06 16:47:47,487| DISPATCHER: Leite Befehl {vote,'2410_3'} an meinen Worker weiter...
GGT(234_2)@lab24.cpt.haw-hamburg.de 18.06 16:47:47,488| DISPATCHER: Leite Befehl {vote,'217_1'} an meinen Worker weiter...
GGT(234_2)@lab24.cpt.haw-hamburg.de 18.06 16:47:47,488| DISPATCHER: Leite Befehl {vote,'2410_3'} an meinen Worker weiter...
GGT(234_2)@lab24.cpt.haw-hamburg.de 18.06 16:47:47,495| DISPATCHER: Leite Befehl {vote,'236_1'} an meinen Worker weiter...
GGT(234_2)@lab24.cpt.haw-hamburg.de 18.06 16:47:47,496| DISPATCHER: Leite Befehl {vote,'243_3'} an meinen Worker weiter...
GGT(234_2)@lab24.cpt.haw-hamburg.de 18.06 16:47:47,497| DISPATCHER: Leite Befehl {vote,'243_3'} an meinen Worker weiter...
GGT(234_2)@lab24.cpt.haw-hamburg.de 18.06 16:47:47,498| DISPATCHER: Leite Befehl {vote,'248_4'} an meinen Worker weiter...
GGT(234_2)@lab24.cpt.haw-hamburg.de 18.06 16:47:47,499| DISPATCHER: Leite Befehl {vote,'248_4'} an meinen Worker weiter...
GGT(234_2)@lab24.cpt.haw-hamburg.de 18.06 16:47:47,500| DISPATCHER: Leite Befehl {vote,'244_4'} an meinen Worker weiter...
GGT(234_2)@lab24.cpt.haw-hamburg.de 18.06 16:47:47,501| DISPATCHER: Leite Befehl {vote,'213_1'} an meinen Worker weiter...
GGT(234_2)@lab24.cpt.haw-hamburg.de 18.06 16:47:47,502| DISPATCHER: Leite Befehl {vote,'243_2'} an meinen Worker weiter...
GGT(234_2)@lab24.cpt.haw-hamburg.de 18.06 16:47:47,503| DISPATCHER: Leite Befehl {vote,'244_4'} an meinen Worker weiter...
GGT(234_2)@lab24.cpt.haw-hamburg.de 18.06 16:47:47,504| DISPATCHER: Leite Befehl {vote,'246_4'} an meinen Worker weiter...
GGT(234_2)@lab24.cpt.haw-hamburg.de 18.06 16:47:47,505| DISPATCHER: Leite Befehl {vote,'246_4'} an meinen Worker weiter...
GGT(234_2)@lab24.cpt.haw-hamburg.de 18.06 16:47:47,507| DISPATCHER: Leite Befehl {vote,'243_2'} an meinen Worker weiter...
GGT(234_2)@lab24.cpt.haw-hamburg.de 18.06 16:47:47,507| DISPATCHER: Leite Befehl {vote,'243_2'} an meinen Worker weiter...
GGT(234_2)@lab24.cpt.haw-hamburg.de 18.06 16:47:47,509| DISPATCHER: Leite Befehl {vote,'213_1'} an meinen Worker weiter...
GGT(234_2)@lab24.cpt.haw-hamburg.de 18.06 16:47:47,511| DISPATCHER: Leite Befehl {vote,'246_4'} an meinen Worker weiter...
GGT(234_2)@lab24.cpt.haw-hamburg.de 18.06 16:47:47,511| DISPATCHER: Leite Befehl {vote,'243_2'} an meinen Worker weiter...
GGT(234_2)@lab24.cpt.haw-hamburg.de 18.06 16:47:47,512| DISPATCHER: Leite Befehl {vote,'213_1'} an meinen Worker weiter...
GGT(234_2)@lab24.cpt.haw-hamburg.de 18.06 16:47:47,512| DISPATCHER: Leite Befehl {vote,'243_2'} an meinen Worker weiter...
GGT(234_2)@lab24.cpt.haw-hamburg.de 18.06 16:47:47,513| DISPATCHER: Leite Befehl {vote,'246_4'} an meinen Worker weiter...
GGT(234_2)@lab24.cpt.haw-hamburg.de 18.06 16:47:47,515| DISPATCHER: Leite Befehl {vote,'244_4'} an meinen Worker weiter...
GGT(234_2)@lab24.cpt.haw-hamburg.de 18.06 16:47:47,515| DISPATCHER: Leite Befehl {vote,'243_3'} an meinen Worker weiter...
GGT(234_2)@lab24.cpt.haw-hamburg.de 18.06 16:47:47,517| DISPATCHER: Leite Befehl {vote,'243_2'} an meinen Worker weiter...
GGT(234_2)@lab24.cpt.haw-hamburg.de 18.06 16:47:47,518| DISPATCHER: Leite Befehl {vote,'246_4'} an meinen Worker weiter...
GGT(234_2)@lab24.cpt.haw-hamburg.de 18.06 16:47:47,522| DISPATCHER: Leite Befehl {vote,'246_4'} an meinen Worker weiter...
GGT(234_2)@lab24.cpt.haw-hamburg.de 18.06 16:47:47,523| DISPATCHER: Leite Befehl {vote,'213_1'} an meinen Worker weiter...
GGT(234_2)@lab24.cpt.haw-hamburg.de 18.06 16:47:47,524| DISPATCHER: Leite Befehl {vote,'243_2'} an meinen Worker weiter...
GGT(234_2)@lab24.cpt.haw-hamburg.de 18.06 16:47:47,525| DISPATCHER: Leite Befehl {vote,'234_1'} an meinen Worker weiter...
GGT(234_2)@lab24.cpt.haw-hamburg.de 18.06 16:47:47,525| DISPATCHER: Leite Befehl {vote,'243_2'} an meinen Worker weiter...
GGT(234_2)@lab24.cpt.haw-hamburg.de 18.06 16:47:47,525| DISPATCHER: Leite Befehl {vote,'243_2'} an meinen Worker weiter...
GGT(234_2)@lab24.cpt.haw-hamburg.de 18.06 16:47:47,526| DISPATCHER: Leite Befehl {vote,'213_1'} an meinen Worker weiter...
GGT(234_2)@lab24.cpt.haw-hamburg.de 18.06 16:47:47,526| DISPATCHER: Leite Befehl {vote,'236_2'} an meinen Worker weiter...
GGT(234_2)@lab24.cpt.haw-hamburg.de 18.06 16:47:47,526| DISPATCHER: Leite Befehl {vote,'244_3'} an meinen Worker weiter...
GGT(234_2)@lab24.cpt.haw-hamburg.de 18.06 16:47:47,527| DISPATCHER: Leite Befehl {vote,'218_2'} an meinen Worker weiter...
GGT(234_2)@lab24.cpt.haw-hamburg.de 18.06 16:47:47,528| DISPATCHER: Leite Befehl {vote,'248_2'} an meinen Worker weiter...
GGT(234_2)@lab24.cpt.haw-hamburg.de 18.06 16:47:47,529| DISPATCHER: Leite Befehl {vote,'244_3'} an meinen Worker weiter...
GGT(234_2)@lab24.cpt.haw-hamburg.de 18.06 16:47:47,529| DISPATCHER: Leite Befehl {vote,'243_2'} an meinen Worker weiter...
GGT(234_2)@lab24.cpt.haw-hamburg.de 18.06 16:47:47,530| DISPATCHER: Leite Befehl {vote,'243_2'} an meinen Worker weiter...
GGT(234_2)@lab24.cpt.haw-hamburg.de 18.06 16:47:47,531| DISPATCHER: Leite Befehl {vote,'246_4'} an meinen Worker weiter...
GGT(234_2)@lab24.cpt.haw-hamburg.de 18.06 16:47:50,483| DISPATCHER: Leite Befehl {vote,'242_1'} an meinen Worker weiter...
GGT(234_2)@lab24.cpt.haw-hamburg.de 18.06 16:47:50,485| DISPATCHER: Leite Befehl {vote,'2410_3'} an meinen Worker weiter...
GGT(234_2)@lab24.cpt.haw-hamburg.de 18.06 16:47:50,486| DISPATCHER: Leite Befehl {vote,'247_4'} an meinen Worker weiter...
GGT(234_2)@lab24.cpt.haw-hamburg.de 18.06 16:47:50,487| Mi NICHT geaendert! (ist und bleibt: 100)
GGT(234_2)@lab24.cpt.haw-hamburg.de 18.06 16:47:50,488| ### vote erhalten! Ich = '234_2'  Initiator = '247_4') ###
GGT(234_2)@lab24.cpt.haw-hamburg.de 18.06 16:47:50,488| implizit abgelehnt
GGT(234_2)@lab24.cpt.haw-hamburg.de 18.06 16:47:50,488| Send erhalten Y:100
GGT(234_2)@lab24.cpt.haw-hamburg.de 18.06 16:47:50,488| ALGO: ((100 -1) mod 100) +1     --    (TTW: 3 Sekunden)
GGT(234_2)@lab24.cpt.haw-hamburg.de 18.06 16:47:50,498| DISPATCHER: Leite Befehl {vote,'248_4'} an meinen Worker weiter...
GGT(234_2)@lab24.cpt.haw-hamburg.de 18.06 16:47:50,498| DISPATCHER: Leite Befehl {vote,'243_3'} an meinen Worker weiter...
GGT(234_2)@lab24.cpt.haw-hamburg.de 18.06 16:47:50,509| DISPATCHER: Leite Befehl {vote,'236_2'} an meinen Worker weiter...
GGT(234_2)@lab24.cpt.haw-hamburg.de 18.06 16:47:50,510| DISPATCHER: Leite Befehl {vote,'246_4'} an meinen Worker weiter...
GGT(234_2)@lab24.cpt.haw-hamburg.de 18.06 16:47:50,516| DISPATCHER: Leite Befehl {vote,'248_2'} an meinen Worker weiter...
GGT(234_2)@lab24.cpt.haw-hamburg.de 18.06 16:47:50,516| DISPATCHER: Leite Befehl {vote,'248_2'} an meinen Worker weiter...
GGT(234_2)@lab24.cpt.haw-hamburg.de 18.06 16:47:50,518| DISPATCHER: Leite Befehl {vote,'248_2'} an meinen Worker weiter...
GGT(234_2)@lab24.cpt.haw-hamburg.de 18.06 16:47:50,519| DISPATCHER: Leite Befehl {vote,'213_3'} an meinen Worker weiter...
GGT(234_2)@lab24.cpt.haw-hamburg.de 18.06 16:47:50,522| DISPATCHER: Leite Befehl {vote,'244_3'} an meinen Worker weiter...
GGT(234_2)@lab24.cpt.haw-hamburg.de 18.06 16:47:50,523| DISPATCHER: Leite Befehl {vote,'214_2'} an meinen Worker weiter...
GGT(234_2)@lab24.cpt.haw-hamburg.de 18.06 16:47:50,523| DISPATCHER: Leite Befehl {vote,'248_2'} an meinen Worker weiter...
GGT(234_2)@lab24.cpt.haw-hamburg.de 18.06 16:47:50,525| DISPATCHER: Leite Befehl {vote,'248_2'} an meinen Worker weiter...
GGT(234_2)@lab24.cpt.haw-hamburg.de 18.06 16:47:50,526| DISPATCHER: Leite Befehl {vote,'218_2'} an meinen Worker weiter...
GGT(234_2)@lab24.cpt.haw-hamburg.de 18.06 16:47:50,528| DISPATCHER: Leite Befehl {vote,'244_3'} an meinen Worker weiter...
GGT(234_2)@lab24.cpt.haw-hamburg.de 18.06 16:47:50,529| DISPATCHER: Leite Befehl {vote,'214_2'} an meinen Worker weiter...
GGT(234_2)@lab24.cpt.haw-hamburg.de 18.06 16:47:50,530| DISPATCHER: Leite Befehl {vote,'237_1'} an meinen Worker weiter...
GGT(234_2)@lab24.cpt.haw-hamburg.de 18.06 16:47:50,531| DISPATCHER: Leite Befehl {vote,'244_3'} an meinen Worker weiter...
GGT(234_2)@lab24.cpt.haw-hamburg.de 18.06 16:47:50,534| DISPATCHER: Leite Befehl {vote,'244_2'} an meinen Worker weiter...
GGT(234_2)@lab24.cpt.haw-hamburg.de 18.06 16:47:50,535| DISPATCHER: Leite Befehl {vote,'244_3'} an meinen Worker weiter...
GGT(234_2)@lab24.cpt.haw-hamburg.de 18.06 16:47:50,536| DISPATCHER: Leite Befehl {vote,'244_3'} an meinen Worker weiter...
GGT(234_2)@lab24.cpt.haw-hamburg.de 18.06 16:47:50,536| DISPATCHER: Leite Befehl {vote,'244_2'} an meinen Worker weiter...
GGT(234_2)@lab24.cpt.haw-hamburg.de 18.06 16:47:50,538| DISPATCHER: Leite Befehl {vote,'216_3'} an meinen Worker weiter...
GGT(234_2)@lab24.cpt.haw-hamburg.de 18.06 16:47:50,540| DISPATCHER: Leite Befehl {vote,'215_4'} an meinen Worker weiter...
GGT(234_2)@lab24.cpt.haw-hamburg.de 18.06 16:47:50,542| DISPATCHER: Leite Befehl {vote,'245_4'} an meinen Worker weiter...
GGT(234_2)@lab24.cpt.haw-hamburg.de 18.06 16:47:50,542| DISPATCHER: Leite Befehl {vote,'215_4'} an meinen Worker weiter...
GGT(234_2)@lab24.cpt.haw-hamburg.de 18.06 16:47:50,543| DISPATCHER: Leite Befehl {vote,'245_4'} an meinen Worker weiter...
GGT(234_2)@lab24.cpt.haw-hamburg.de 18.06 16:47:50,544| DISPATCHER: Leite Befehl {vote,'244_3'} an meinen Worker weiter...
GGT(234_2)@lab24.cpt.haw-hamburg.de 18.06 16:47:50,545| DISPATCHER: Leite Befehl {vote,'248_2'} an meinen Worker weiter...
GGT(234_2)@lab24.cpt.haw-hamburg.de 18.06 16:47:53,489| Mi NICHT geaendert! (ist und bleibt: 100)
GGT(234_2)@lab24.cpt.haw-hamburg.de 18.06 16:47:53,490| ### vote erhalten! Ich = '234_2'  Initiator = '242_1') ###
GGT(234_2)@lab24.cpt.haw-hamburg.de 18.06 16:47:53,490| implizit abgelehnt
GGT(234_2)@lab24.cpt.haw-hamburg.de 18.06 16:47:53,491| ### vote erhalten! Ich = '234_2'  Initiator = '247_4') ###
GGT(234_2)@lab24.cpt.haw-hamburg.de 18.06 16:47:53,491| Leite Anfrage (vote) an den Linken Nachbarn '2410_1' weiter (implizites Zustimmen)
GGT(234_2)@lab24.cpt.haw-hamburg.de 18.06 16:47:53,492| ### vote erhalten! Ich = '234_2'  Initiator = '247_4') ###
GGT(234_2)@lab24.cpt.haw-hamburg.de 18.06 16:47:53,492| Leite Anfrage (vote) an den Linken Nachbarn '2410_1' weiter (implizites Zustimmen)
GGT(234_2)@lab24.cpt.haw-hamburg.de 18.06 16:47:53,493| ### vote erhalten! Ich = '234_2'  Initiator = '217_1') ###
GGT(234_2)@lab24.cpt.haw-hamburg.de 18.06 16:47:53,493| Leite Anfrage (vote) an den Linken Nachbarn '2410_1' weiter (implizites Zustimmen)
GGT(234_2)@lab24.cpt.haw-hamburg.de 18.06 16:47:53,494| ### vote erhalten! Ich = '234_2'  Initiator = '2410_3') ###
GGT(234_2)@lab24.cpt.haw-hamburg.de 18.06 16:47:53,494| Leite Anfrage (vote) an den Linken Nachbarn '2410_1' weiter (implizites Zustimmen)
GGT(234_2)@lab24.cpt.haw-hamburg.de 18.06 16:47:53,495| ### vote erhalten! Ich = '234_2'  Initiator = '217_1') ###
GGT(234_2)@lab24.cpt.haw-hamburg.de 18.06 16:47:53,495| Leite Anfrage (vote) an den Linken Nachbarn '2410_1' weiter (implizites Zustimmen)
GGT(234_2)@lab24.cpt.haw-hamburg.de 18.06 16:47:53,496| ### vote erhalten! Ich = '234_2'  Initiator = '2410_3') ###
GGT(234_2)@lab24.cpt.haw-hamburg.de 18.06 16:47:53,496| Leite Anfrage (vote) an den Linken Nachbarn '2410_1' weiter (implizites Zustimmen)
GGT(234_2)@lab24.cpt.haw-hamburg.de 18.06 16:47:53,497| ### vote erhalten! Ich = '234_2'  Initiator = '236_1') ###
GGT(234_2)@lab24.cpt.haw-hamburg.de 18.06 16:47:53,497| Leite Anfrage (vote) an den Linken Nachbarn '2410_1' weiter (implizites Zustimmen)
GGT(234_2)@lab24.cpt.haw-hamburg.de 18.06 16:47:53,499| ### vote erhalten! Ich = '234_2'  Initiator = '243_3') ###
GGT(234_2)@lab24.cpt.haw-hamburg.de 18.06 16:47:53,499| Leite Anfrage (vote) an den Linken Nachbarn '2410_1' weiter (implizites Zustimmen)
GGT(234_2)@lab24.cpt.haw-hamburg.de 18.06 16:47:53,500| ### vote erhalten! Ich = '234_2'  Initiator = '243_3') ###
GGT(234_2)@lab24.cpt.haw-hamburg.de 18.06 16:47:53,500| Leite Anfrage (vote) an den Linken Nachbarn '2410_1' weiter (implizites Zustimmen)
GGT(234_2)@lab24.cpt.haw-hamburg.de 18.06 16:47:53,501| ### vote erhalten! Ich = '234_2'  Initiator = '248_4') ###
GGT(234_2)@lab24.cpt.haw-hamburg.de 18.06 16:47:53,501| Leite Anfrage (vote) an den Linken Nachbarn '2410_1' weiter (implizites Zustimmen)
GGT(234_2)@lab24.cpt.haw-hamburg.de 18.06 16:47:53,502| ### vote erhalten! Ich = '234_2'  Initiator = '248_4') ###
GGT(234_2)@lab24.cpt.haw-hamburg.de 18.06 16:47:53,502| Leite Anfrage (vote) an den Linken Nachbarn '2410_1' weiter (implizites Zustimmen)
GGT(234_2)@lab24.cpt.haw-hamburg.de 18.06 16:47:53,502| ### vote erhalten! Ich = '234_2'  Initiator = '244_4') ###
GGT(234_2)@lab24.cpt.haw-hamburg.de 18.06 16:47:53,502| Leite Anfrage (vote) an den Linken Nachbarn '2410_1' weiter (implizites Zustimmen)
GGT(234_2)@lab24.cpt.haw-hamburg.de 18.06 16:47:53,503| ### vote erhalten! Ich = '234_2'  Initiator = '213_1') ###
GGT(234_2)@lab24.cpt.haw-hamburg.de 18.06 16:47:53,503| Leite Anfrage (vote) an den Linken Nachbarn '2410_1' weiter (implizites Zustimmen)
GGT(234_2)@lab24.cpt.haw-hamburg.de 18.06 16:47:53,504| ### vote erhalten! Ich = '234_2'  Initiator = '243_2') ###
GGT(234_2)@lab24.cpt.haw-hamburg.de 18.06 16:47:53,504| Leite Anfrage (vote) an den Linken Nachbarn '2410_1' weiter (implizites Zustimmen)
GGT(234_2)@lab24.cpt.haw-hamburg.de 18.06 16:47:53,505| ### vote erhalten! Ich = '234_2'  Initiator = '244_4') ###
GGT(234_2)@lab24.cpt.haw-hamburg.de 18.06 16:47:53,505| Leite Anfrage (vote) an den Linken Nachbarn '2410_1' weiter (implizites Zustimmen)
GGT(234_2)@lab24.cpt.haw-hamburg.de 18.06 16:47:53,506| ### vote erhalten! Ich = '234_2'  Initiator = '246_4') ###
GGT(234_2)@lab24.cpt.haw-hamburg.de 18.06 16:47:53,506| Leite Anfrage (vote) an den Linken Nachbarn '2410_1' weiter (implizites Zustimmen)
GGT(234_2)@lab24.cpt.haw-hamburg.de 18.06 16:47:53,509| DISPATCHER: Leite Befehl {vote,'248_2'} an meinen Worker weiter...
GGT(234_2)@lab24.cpt.haw-hamburg.de 18.06 16:47:53,509| ### vote erhalten! Ich = '234_2'  Initiator = '246_4') ###
GGT(234_2)@lab24.cpt.haw-hamburg.de 18.06 16:47:53,509| Leite Anfrage (vote) an den Linken Nachbarn '2410_1' weiter (implizites Zustimmen)
GGT(234_2)@lab24.cpt.haw-hamburg.de 18.06 16:47:53,509| ### vote erhalten! Ich = '234_2'  Initiator = '243_2') ###
GGT(234_2)@lab24.cpt.haw-hamburg.de 18.06 16:47:53,510| Leite Anfrage (vote) an den Linken Nachbarn '2410_1' weiter (implizites Zustimmen)
GGT(234_2)@lab24.cpt.haw-hamburg.de 18.06 16:47:53,510| ### vote erhalten! Ich = '234_2'  Initiator = '243_2') ###
GGT(234_2)@lab24.cpt.haw-hamburg.de 18.06 16:47:53,511| Leite Anfrage (vote) an den Linken Nachbarn '2410_1' weiter (implizites Zustimmen)
GGT(234_2)@lab24.cpt.haw-hamburg.de 18.06 16:47:53,511| ### vote erhalten! Ich = '234_2'  Initiator = '213_1') ###
GGT(234_2)@lab24.cpt.haw-hamburg.de 18.06 16:47:53,511| Leite Anfrage (vote) an den Linken Nachbarn '2410_1' weiter (implizites Zustimmen)
GGT(234_2)@lab24.cpt.haw-hamburg.de 18.06 16:47:53,512| ### vote erhalten! Ich = '234_2'  Initiator = '246_4') ###
GGT(234_2)@lab24.cpt.haw-hamburg.de 18.06 16:47:53,512| Leite Anfrage (vote) an den Linken Nachbarn '2410_1' weiter (implizites Zustimmen)
GGT(234_2)@lab24.cpt.haw-hamburg.de 18.06 16:47:53,512| DISPATCHER: Leite Befehl {vote,'244_3'} an meinen Worker weiter...
GGT(234_2)@lab24.cpt.haw-hamburg.de 18.06 16:47:53,513| ### vote erhalten! Ich = '234_2'  Initiator = '243_2') ###
GGT(234_2)@lab24.cpt.haw-hamburg.de 18.06 16:47:53,513| Leite Anfrage (vote) an den Linken Nachbarn '2410_1' weiter (implizites Zustimmen)
GGT(234_2)@lab24.cpt.haw-hamburg.de 18.06 16:47:53,513| ### vote erhalten! Ich = '234_2'  Initiator = '213_1') ###
GGT(234_2)@lab24.cpt.haw-hamburg.de 18.06 16:47:53,513| Leite Anfrage (vote) an den Linken Nachbarn '2410_1' weiter (implizites Zustimmen)
GGT(234_2)@lab24.cpt.haw-hamburg.de 18.06 16:47:53,514| ### vote erhalten! Ich = '234_2'  Initiator = '243_2') ###
GGT(234_2)@lab24.cpt.haw-hamburg.de 18.06 16:47:53,514| Leite Anfrage (vote) an den Linken Nachbarn '2410_1' weiter (implizites Zustimmen)
GGT(234_2)@lab24.cpt.haw-hamburg.de 18.06 16:47:53,515| ### vote erhalten! Ich = '234_2'  Initiator = '246_4') ###
GGT(234_2)@lab24.cpt.haw-hamburg.de 18.06 16:47:53,515| Leite Anfrage (vote) an den Linken Nachbarn '2410_1' weiter (implizites Zustimmen)
GGT(234_2)@lab24.cpt.haw-hamburg.de 18.06 16:47:53,517| ### vote erhalten! Ich = '234_2'  Initiator = '244_4') ###
GGT(234_2)@lab24.cpt.haw-hamburg.de 18.06 16:47:53,517| Leite Anfrage (vote) an den Linken Nachbarn '2410_1' weiter (implizites Zustimmen)
GGT(234_2)@lab24.cpt.haw-hamburg.de 18.06 16:47:53,517| ### vote erhalten! Ich = '234_2'  Initiator = '243_3') ###
GGT(234_2)@lab24.cpt.haw-hamburg.de 18.06 16:47:53,517| Leite Anfrage (vote) an den Linken Nachbarn '2410_1' weiter (implizites Zustimmen)
GGT(234_2)@lab24.cpt.haw-hamburg.de 18.06 16:47:53,519| ### vote erhalten! Ich = '234_2'  Initiator = '243_2') ###
GGT(234_2)@lab24.cpt.haw-hamburg.de 18.06 16:47:53,519| Leite Anfrage (vote) an den Linken Nachbarn '2410_1' weiter (implizites Zustimmen)
GGT(234_2)@lab24.cpt.haw-hamburg.de 18.06 16:47:53,519| ### vote erhalten! Ich = '234_2'  Initiator = '246_4') ###
GGT(234_2)@lab24.cpt.haw-hamburg.de 18.06 16:47:53,520| Leite Anfrage (vote) an den Linken Nachbarn '2410_1' weiter (implizites Zustimmen)
GGT(234_2)@lab24.cpt.haw-hamburg.de 18.06 16:47:53,520| ### vote erhalten! Ich = '234_2'  Initiator = '246_4') ###
GGT(234_2)@lab24.cpt.haw-hamburg.de 18.06 16:47:53,520| Leite Anfrage (vote) an den Linken Nachbarn '2410_1' weiter (implizites Zustimmen)
GGT(234_2)@lab24.cpt.haw-hamburg.de 18.06 16:47:53,521| ### vote erhalten! Ich = '234_2'  Initiator = '213_1') ###
GGT(234_2)@lab24.cpt.haw-hamburg.de 18.06 16:47:53,521| Leite Anfrage (vote) an den Linken Nachbarn '2410_1' weiter (implizites Zustimmen)
GGT(234_2)@lab24.cpt.haw-hamburg.de 18.06 16:47:53,522| ### vote erhalten! Ich = '234_2'  Initiator = '243_2') ###
GGT(234_2)@lab24.cpt.haw-hamburg.de 18.06 16:47:53,522| Leite Anfrage (vote) an den Linken Nachbarn '2410_1' weiter (implizites Zustimmen)
GGT(234_2)@lab24.cpt.haw-hamburg.de 18.06 16:47:53,523| ### vote erhalten! Ich = '234_2'  Initiator = '234_1') ###
GGT(234_2)@lab24.cpt.haw-hamburg.de 18.06 16:47:53,523| Leite Anfrage (vote) an den Linken Nachbarn '2410_1' weiter (implizites Zustimmen)
GGT(234_2)@lab24.cpt.haw-hamburg.de 18.06 16:47:53,524| ### vote erhalten! Ich = '234_2'  Initiator = '243_2') ###
GGT(234_2)@lab24.cpt.haw-hamburg.de 18.06 16:47:53,524| Leite Anfrage (vote) an den Linken Nachbarn '2410_1' weiter (implizites Zustimmen)
GGT(234_2)@lab24.cpt.haw-hamburg.de 18.06 16:47:53,524| ### vote erhalten! Ich = '234_2'  Initiator = '243_2') ###
GGT(234_2)@lab24.cpt.haw-hamburg.de 18.06 16:47:53,524| Leite Anfrage (vote) an den Linken Nachbarn '2410_1' weiter (implizites Zustimmen)
GGT(234_2)@lab24.cpt.haw-hamburg.de 18.06 16:47:53,525| ### vote erhalten! Ich = '234_2'  Initiator = '213_1') ###
GGT(234_2)@lab24.cpt.haw-hamburg.de 18.06 16:47:53,525| Leite Anfrage (vote) an den Linken Nachbarn '2410_1' weiter (implizites Zustimmen)
GGT(234_2)@lab24.cpt.haw-hamburg.de 18.06 16:47:53,526| ### vote erhalten! Ich = '234_2'  Initiator = '236_2') ###
GGT(234_2)@lab24.cpt.haw-hamburg.de 18.06 16:47:53,526| Leite Anfrage (vote) an den Linken Nachbarn '2410_1' weiter (implizites Zustimmen)
GGT(234_2)@lab24.cpt.haw-hamburg.de 18.06 16:47:53,527| ### vote erhalten! Ich = '234_2'  Initiator = '244_3') ###
GGT(234_2)@lab24.cpt.haw-hamburg.de 18.06 16:47:53,527| Leite Anfrage (vote) an den Linken Nachbarn '2410_1' weiter (implizites Zustimmen)
GGT(234_2)@lab24.cpt.haw-hamburg.de 18.06 16:47:53,527| ### vote erhalten! Ich = '234_2'  Initiator = '218_2') ###
GGT(234_2)@lab24.cpt.haw-hamburg.de 18.06 16:47:53,528| Leite Anfrage (vote) an den Linken Nachbarn '2410_1' weiter (implizites Zustimmen)
GGT(234_2)@lab24.cpt.haw-hamburg.de 18.06 16:47:53,528| ### vote erhalten! Ich = '234_2'  Initiator = '248_2') ###
GGT(234_2)@lab24.cpt.haw-hamburg.de 18.06 16:47:53,528| Leite Anfrage (vote) an den Linken Nachbarn '2410_1' weiter (implizites Zustimmen)
GGT(234_2)@lab24.cpt.haw-hamburg.de 18.06 16:47:53,529| ### vote erhalten! Ich = '234_2'  Initiator = '244_3') ###
GGT(234_2)@lab24.cpt.haw-hamburg.de 18.06 16:47:53,529| Leite Anfrage (vote) an den Linken Nachbarn '2410_1' weiter (implizites Zustimmen)
GGT(234_2)@lab24.cpt.haw-hamburg.de 18.06 16:47:53,530| ### vote erhalten! Ich = '234_2'  Initiator = '243_2') ###
GGT(234_2)@lab24.cpt.haw-hamburg.de 18.06 16:47:53,530| Leite Anfrage (vote) an den Linken Nachbarn '2410_1' weiter (implizites Zustimmen)
GGT(234_2)@lab24.cpt.haw-hamburg.de 18.06 16:47:53,531| ### vote erhalten! Ich = '234_2'  Initiator = '243_2') ###
GGT(234_2)@lab24.cpt.haw-hamburg.de 18.06 16:47:53,531| Leite Anfrage (vote) an den Linken Nachbarn '2410_1' weiter (implizites Zustimmen)
GGT(234_2)@lab24.cpt.haw-hamburg.de 18.06 16:47:53,531| ### vote erhalten! Ich = '234_2'  Initiator = '246_4') ###
GGT(234_2)@lab24.cpt.haw-hamburg.de 18.06 16:47:53,531| Leite Anfrage (vote) an den Linken Nachbarn '2410_1' weiter (implizites Zustimmen)
GGT(234_2)@lab24.cpt.haw-hamburg.de 18.06 16:47:53,532| ### vote erhalten! Ich = '234_2'  Initiator = '242_1') ###
GGT(234_2)@lab24.cpt.haw-hamburg.de 18.06 16:47:53,532| Leite Anfrage (vote) an den Linken Nachbarn '2410_1' weiter (implizites Zustimmen)
GGT(234_2)@lab24.cpt.haw-hamburg.de 18.06 16:47:53,533| ### vote erhalten! Ich = '234_2'  Initiator = '2410_3') ###
GGT(234_2)@lab24.cpt.haw-hamburg.de 18.06 16:47:53,533| Leite Anfrage (vote) an den Linken Nachbarn '2410_1' weiter (implizites Zustimmen)
GGT(234_2)@lab24.cpt.haw-hamburg.de 18.06 16:47:53,536| ### vote erhalten! Ich = '234_2'  Initiator = '247_4') ###
GGT(234_2)@lab24.cpt.haw-hamburg.de 18.06 16:47:53,536| Leite Anfrage (vote) an den Linken Nachbarn '2410_1' weiter (implizites Zustimmen)
GGT(234_2)@lab24.cpt.haw-hamburg.de 18.06 16:47:53,537| ### vote erhalten! Ich = '234_2'  Initiator = '248_4') ###
GGT(234_2)@lab24.cpt.haw-hamburg.de 18.06 16:47:53,537| Leite Anfrage (vote) an den Linken Nachbarn '2410_1' weiter (implizites Zustimmen)
GGT(234_2)@lab24.cpt.haw-hamburg.de 18.06 16:47:53,537| ### vote erhalten! Ich = '234_2'  Initiator = '243_3') ###
GGT(234_2)@lab24.cpt.haw-hamburg.de 18.06 16:47:53,538| Leite Anfrage (vote) an den Linken Nachbarn '2410_1' weiter (implizites Zustimmen)
GGT(234_2)@lab24.cpt.haw-hamburg.de 18.06 16:47:53,538| ### vote erhalten! Ich = '234_2'  Initiator = '236_2') ###
GGT(234_2)@lab24.cpt.haw-hamburg.de 18.06 16:47:53,538| Leite Anfrage (vote) an den Linken Nachbarn '2410_1' weiter (implizites Zustimmen)
GGT(234_2)@lab24.cpt.haw-hamburg.de 18.06 16:47:53,539| ### vote erhalten! Ich = '234_2'  Initiator = '246_4') ###
GGT(234_2)@lab24.cpt.haw-hamburg.de 18.06 16:47:53,539| Leite Anfrage (vote) an den Linken Nachbarn '2410_1' weiter (implizites Zustimmen)
GGT(234_2)@lab24.cpt.haw-hamburg.de 18.06 16:47:53,540| ### vote erhalten! Ich = '234_2'  Initiator = '248_2') ###
GGT(234_2)@lab24.cpt.haw-hamburg.de 18.06 16:47:53,540| Leite Anfrage (vote) an den Linken Nachbarn '2410_1' weiter (implizites Zustimmen)
GGT(234_2)@lab24.cpt.haw-hamburg.de 18.06 16:47:53,541| ### vote erhalten! Ich = '234_2'  Initiator = '248_2') ###
GGT(234_2)@lab24.cpt.haw-hamburg.de 18.06 16:47:53,541| Leite Anfrage (vote) an den Linken Nachbarn '2410_1' weiter (implizites Zustimmen)
GGT(234_2)@lab24.cpt.haw-hamburg.de 18.06 16:47:53,541| ### vote erhalten! Ich = '234_2'  Initiator = '248_2') ###
GGT(234_2)@lab24.cpt.haw-hamburg.de 18.06 16:47:53,541| Leite Anfrage (vote) an den Linken Nachbarn '2410_1' weiter (implizites Zustimmen)
GGT(234_2)@lab24.cpt.haw-hamburg.de 18.06 16:47:53,542| ### vote erhalten! Ich = '234_2'  Initiator = '213_3') ###
GGT(234_2)@lab24.cpt.haw-hamburg.de 18.06 16:47:53,542| Leite Anfrage (vote) an den Linken Nachbarn '2410_1' weiter (implizites Zustimmen)
GGT(234_2)@lab24.cpt.haw-hamburg.de 18.06 16:47:53,543| ### vote erhalten! Ich = '234_2'  Initiator = '244_3') ###
GGT(234_2)@lab24.cpt.haw-hamburg.de 18.06 16:47:53,543| Leite Anfrage (vote) an den Linken Nachbarn '2410_1' weiter (implizites Zustimmen)
GGT(234_2)@lab24.cpt.haw-hamburg.de 18.06 16:47:53,544| ### vote erhalten! Ich = '234_2'  Initiator = '214_2') ###
GGT(234_2)@lab24.cpt.haw-hamburg.de 18.06 16:47:53,544| Leite Anfrage (vote) an den Linken Nachbarn '2410_1' weiter (implizites Zustimmen)
GGT(234_2)@lab24.cpt.haw-hamburg.de 18.06 16:47:53,544| ### vote erhalten! Ich = '234_2'  Initiator = '248_2') ###
GGT(234_2)@lab24.cpt.haw-hamburg.de 18.06 16:47:53,544| Leite Anfrage (vote) an den Linken Nachbarn '2410_1' weiter (implizites Zustimmen)
GGT(234_2)@lab24.cpt.haw-hamburg.de 18.06 16:47:53,545| ### vote erhalten! Ich = '234_2'  Initiator = '248_2') ###
GGT(234_2)@lab24.cpt.haw-hamburg.de 18.06 16:47:53,545| Leite Anfrage (vote) an den Linken Nachbarn '2410_1' weiter (implizites Zustimmen)
GGT(234_2)@lab24.cpt.haw-hamburg.de 18.06 16:47:53,546| ### vote erhalten! Ich = '234_2'  Initiator = '218_2') ###
GGT(234_2)@lab24.cpt.haw-hamburg.de 18.06 16:47:53,546| Leite Anfrage (vote) an den Linken Nachbarn '2410_1' weiter (implizites Zustimmen)
GGT(234_2)@lab24.cpt.haw-hamburg.de 18.06 16:47:53,547| ### vote erhalten! Ich = '234_2'  Initiator = '244_3') ###
GGT(234_2)@lab24.cpt.haw-hamburg.de 18.06 16:47:53,547| Leite Anfrage (vote) an den Linken Nachbarn '2410_1' weiter (implizites Zustimmen)
GGT(234_2)@lab24.cpt.haw-hamburg.de 18.06 16:47:53,547| ### vote erhalten! Ich = '234_2'  Initiator = '214_2') ###
GGT(234_2)@lab24.cpt.haw-hamburg.de 18.06 16:47:53,547| Leite Anfrage (vote) an den Linken Nachbarn '2410_1' weiter (implizites Zustimmen)
GGT(234_2)@lab24.cpt.haw-hamburg.de 18.06 16:47:53,548| ### vote erhalten! Ich = '234_2'  Initiator = '237_1') ###
GGT(234_2)@lab24.cpt.haw-hamburg.de 18.06 16:47:53,548| Leite Anfrage (vote) an den Linken Nachbarn '2410_1' weiter (implizites Zustimmen)
GGT(234_2)@lab24.cpt.haw-hamburg.de 18.06 16:47:53,549| ### vote erhalten! Ich = '234_2'  Initiator = '244_3') ###
GGT(234_2)@lab24.cpt.haw-hamburg.de 18.06 16:47:53,549| Leite Anfrage (vote) an den Linken Nachbarn '2410_1' weiter (implizites Zustimmen)
GGT(234_2)@lab24.cpt.haw-hamburg.de 18.06 16:47:53,551| ### vote erhalten! Ich = '234_2'  Initiator = '244_2') ###
GGT(234_2)@lab24.cpt.haw-hamburg.de 18.06 16:47:53,551| Leite Anfrage (vote) an den Linken Nachbarn '2410_1' weiter (implizites Zustimmen)
GGT(234_2)@lab24.cpt.haw-hamburg.de 18.06 16:47:53,552| ### vote erhalten! Ich = '234_2'  Initiator = '244_3') ###
GGT(234_2)@lab24.cpt.haw-hamburg.de 18.06 16:47:53,552| Leite Anfrage (vote) an den Linken Nachbarn '2410_1' weiter (implizites Zustimmen)
GGT(234_2)@lab24.cpt.haw-hamburg.de 18.06 16:47:53,553| ### vote erhalten! Ich = '234_2'  Initiator = '244_3') ###
GGT(234_2)@lab24.cpt.haw-hamburg.de 18.06 16:47:53,553| Leite Anfrage (vote) an den Linken Nachbarn '2410_1' weiter (implizites Zustimmen)
GGT(234_2)@lab24.cpt.haw-hamburg.de 18.06 16:47:53,554| ### vote erhalten! Ich = '234_2'  Initiator = '244_2') ###
GGT(234_2)@lab24.cpt.haw-hamburg.de 18.06 16:47:53,554| Leite Anfrage (vote) an den Linken Nachbarn '2410_1' weiter (implizites Zustimmen)
GGT(234_2)@lab24.cpt.haw-hamburg.de 18.06 16:47:53,554| ### vote erhalten! Ich = '234_2'  Initiator = '216_3') ###
GGT(234_2)@lab24.cpt.haw-hamburg.de 18.06 16:47:53,554| Leite Anfrage (vote) an den Linken Nachbarn '2410_1' weiter (implizites Zustimmen)
GGT(234_2)@lab24.cpt.haw-hamburg.de 18.06 16:47:53,555| ### vote erhalten! Ich = '234_2'  Initiator = '215_4') ###
GGT(234_2)@lab24.cpt.haw-hamburg.de 18.06 16:47:53,555| Leite Anfrage (vote) an den Linken Nachbarn '2410_1' weiter (implizites Zustimmen)
GGT(234_2)@lab24.cpt.haw-hamburg.de 18.06 16:47:53,556| ### vote erhalten! Ich = '234_2'  Initiator = '245_4') ###
GGT(234_2)@lab24.cpt.haw-hamburg.de 18.06 16:47:53,556| Leite Anfrage (vote) an den Linken Nachbarn '2410_1' weiter (implizites Zustimmen)
GGT(234_2)@lab24.cpt.haw-hamburg.de 18.06 16:47:53,557| ### vote erhalten! Ich = '234_2'  Initiator = '215_4') ###
GGT(234_2)@lab24.cpt.haw-hamburg.de 18.06 16:47:53,557| Leite Anfrage (vote) an den Linken Nachbarn '2410_1' weiter (implizites Zustimmen)
GGT(234_2)@lab24.cpt.haw-hamburg.de 18.06 16:47:53,557| ### vote erhalten! Ich = '234_2'  Initiator = '245_4') ###
GGT(234_2)@lab24.cpt.haw-hamburg.de 18.06 16:47:53,557| Leite Anfrage (vote) an den Linken Nachbarn '2410_1' weiter (implizites Zustimmen)
GGT(234_2)@lab24.cpt.haw-hamburg.de 18.06 16:47:53,558| ### vote erhalten! Ich = '234_2'  Initiator = '244_3') ###
GGT(234_2)@lab24.cpt.haw-hamburg.de 18.06 16:47:53,558| Leite Anfrage (vote) an den Linken Nachbarn '2410_1' weiter (implizites Zustimmen)
GGT(234_2)@lab24.cpt.haw-hamburg.de 18.06 16:47:53,559| ### vote erhalten! Ich = '234_2'  Initiator = '248_2') ###
GGT(234_2)@lab24.cpt.haw-hamburg.de 18.06 16:47:53,559| Leite Anfrage (vote) an den Linken Nachbarn '2410_1' weiter (implizites Zustimmen)
GGT(234_2)@lab24.cpt.haw-hamburg.de 18.06 16:47:53,560| ### vote erhalten! Ich = '234_2'  Initiator = '248_2') ###
GGT(234_2)@lab24.cpt.haw-hamburg.de 18.06 16:47:53,560| Leite Anfrage (vote) an den Linken Nachbarn '2410_1' weiter (implizites Zustimmen)
GGT(234_2)@lab24.cpt.haw-hamburg.de 18.06 16:47:53,560| ### vote erhalten! Ich = '234_2'  Initiator = '244_3') ###
GGT(234_2)@lab24.cpt.haw-hamburg.de 18.06 16:47:53,561| Leite Anfrage (vote) an den Linken Nachbarn '2410_1' weiter (implizites Zustimmen)
GGT(234_2)@lab24.cpt.haw-hamburg.de 18.06 16:47:56,511| DISPATCHER: Leite Befehl {vote,'248_1'} an meinen Worker weiter...
GGT(234_2)@lab24.cpt.haw-hamburg.de 18.06 16:47:56,511| ### vote erhalten! Ich = '234_2'  Initiator = '248_1') ###
GGT(234_2)@lab24.cpt.haw-hamburg.de 18.06 16:47:56,511| Leite Anfrage (vote) an den Linken Nachbarn '2410_1' weiter (implizites Zustimmen)
GGT(234_2)@lab24.cpt.haw-hamburg.de 18.06 16:47:56,512| DISPATCHER: Leite Befehl {vote,'245_4'} an meinen Worker weiter...
GGT(234_2)@lab24.cpt.haw-hamburg.de 18.06 16:47:56,512| ### vote erhalten! Ich = '234_2'  Initiator = '245_4') ###
GGT(234_2)@lab24.cpt.haw-hamburg.de 18.06 16:47:56,513| Leite Anfrage (vote) an den Linken Nachbarn '2410_1' weiter (implizites Zustimmen)
GGT(234_2)@lab24.cpt.haw-hamburg.de 18.06 16:47:59,510| DISPATCHER: Leite Befehl {vote,'245_4'} an meinen Worker weiter...
GGT(234_2)@lab24.cpt.haw-hamburg.de 18.06 16:47:59,511| ### vote erhalten! Ich = '234_2'  Initiator = '245_4') ###
GGT(234_2)@lab24.cpt.haw-hamburg.de 18.06 16:47:59,511| Leite Anfrage (vote) an den Linken Nachbarn '2410_1' weiter (implizites Zustimmen)
GGT(234_2)@lab24.cpt.haw-hamburg.de 18.06 16:47:59,519| DISPATCHER: Leite Befehl {vote,'248_1'} an meinen Worker weiter...
GGT(234_2)@lab24.cpt.haw-hamburg.de 18.06 16:47:59,519| DISPATCHER: Leite Befehl {vote,'248_1'} an meinen Worker weiter...
GGT(234_2)@lab24.cpt.haw-hamburg.de 18.06 16:47:59,519| DISPATCHER: Leite Befehl {vote,'249_2'} an meinen Worker weiter...
GGT(234_2)@lab24.cpt.haw-hamburg.de 18.06 16:47:59,522| ### vote erhalten! Ich = '234_2'  Initiator = '248_1') ###
GGT(234_2)@lab24.cpt.haw-hamburg.de 18.06 16:47:59,522| Leite Anfrage (vote) an den Linken Nachbarn '2410_1' weiter (implizites Zustimmen)
GGT(234_2)@lab24.cpt.haw-hamburg.de 18.06 16:47:59,524| ### vote erhalten! Ich = '234_2'  Initiator = '248_1') ###
GGT(234_2)@lab24.cpt.haw-hamburg.de 18.06 16:47:59,524| Leite Anfrage (vote) an den Linken Nachbarn '2410_1' weiter (implizites Zustimmen)
GGT(234_2)@lab24.cpt.haw-hamburg.de 18.06 16:47:59,525| DISPATCHER: Leite Befehl {vote,'249_2'} an meinen Worker weiter...
GGT(234_2)@lab24.cpt.haw-hamburg.de 18.06 16:47:59,525| ### vote erhalten! Ich = '234_2'  Initiator = '249_2') ###
GGT(234_2)@lab24.cpt.haw-hamburg.de 18.06 16:47:59,525| Leite Anfrage (vote) an den Linken Nachbarn '2410_1' weiter (implizites Zustimmen)
GGT(234_2)@lab24.cpt.haw-hamburg.de 18.06 16:47:59,525| ### vote erhalten! Ich = '234_2'  Initiator = '249_2') ###
GGT(234_2)@lab24.cpt.haw-hamburg.de 18.06 16:47:59,526| Leite Anfrage (vote) an den Linken Nachbarn '2410_1' weiter (implizites Zustimmen)
GGT(234_2)@lab24.cpt.haw-hamburg.de 18.06 16:48:02,516| DISPATCHER: Leite Befehl {vote,'248_1'} an meinen Worker weiter...
GGT(234_2)@lab24.cpt.haw-hamburg.de 18.06 16:48:02,518| DISPATCHER: Leite Befehl {vote,'249_2'} an meinen Worker weiter...
GGT(234_2)@lab24.cpt.haw-hamburg.de 18.06 16:48:02,518| ### vote erhalten! Ich = '234_2'  Initiator = '248_1') ###
GGT(234_2)@lab24.cpt.haw-hamburg.de 18.06 16:48:02,518| Leite Anfrage (vote) an den Linken Nachbarn '2410_1' weiter (implizites Zustimmen)
GGT(234_2)@lab24.cpt.haw-hamburg.de 18.06 16:48:02,518| DISPATCHER: Leite Befehl {vote,'215_3'} an meinen Worker weiter...
GGT(234_2)@lab24.cpt.haw-hamburg.de 18.06 16:48:02,519| ### vote erhalten! Ich = '234_2'  Initiator = '249_2') ###
GGT(234_2)@lab24.cpt.haw-hamburg.de 18.06 16:48:02,519| Leite Anfrage (vote) an den Linken Nachbarn '2410_1' weiter (implizites Zustimmen)
GGT(234_2)@lab24.cpt.haw-hamburg.de 18.06 16:48:02,520| ### vote erhalten! Ich = '234_2'  Initiator = '215_3') ###
GGT(234_2)@lab24.cpt.haw-hamburg.de 18.06 16:48:02,520| Leite Anfrage (vote) an den Linken Nachbarn '2410_1' weiter (implizites Zustimmen)
GGT(234_2)@lab24.cpt.haw-hamburg.de 18.06 16:48:02,520| DISPATCHER: Leite Befehl {vote,'248_3'} an meinen Worker weiter...
GGT(234_2)@lab24.cpt.haw-hamburg.de 18.06 16:48:02,521| ### vote erhalten! Ich = '234_2'  Initiator = '248_3') ###
GGT(234_2)@lab24.cpt.haw-hamburg.de 18.06 16:48:02,521| Leite Anfrage (vote) an den Linken Nachbarn '2410_1' weiter (implizites Zustimmen)
GGT(234_2)@lab24.cpt.haw-hamburg.de 18.06 16:48:02,522| DISPATCHER: Leite Befehl {vote,'248_3'} an meinen Worker weiter...
GGT(234_2)@lab24.cpt.haw-hamburg.de 18.06 16:48:02,522| ### vote erhalten! Ich = '234_2'  Initiator = '248_3') ###
GGT(234_2)@lab24.cpt.haw-hamburg.de 18.06 16:48:02,522| Leite Anfrage (vote) an den Linken Nachbarn '2410_1' weiter (implizites Zustimmen)
GGT(234_2)@lab24.cpt.haw-hamburg.de 18.06 16:48:08,522| DISPATCHER: Leite Befehl {vote,'248_3'} an meinen Worker weiter...
GGT(234_2)@lab24.cpt.haw-hamburg.de 18.06 16:48:08,522| ### vote erhalten! Ich = '234_2'  Initiator = '248_3') ###
GGT(234_2)@lab24.cpt.haw-hamburg.de 18.06 16:48:08,522| Leite Anfrage (vote) an den Linken Nachbarn '2410_1' weiter (implizites Zustimmen)
GGT(234_2)@lab24.cpt.haw-hamburg.de 18.06 16:48:08,524| DISPATCHER: Leite Befehl {vote,'239_1'} an meinen Worker weiter...
GGT(234_2)@lab24.cpt.haw-hamburg.de 18.06 16:48:08,526| ### vote erhalten! Ich = '234_2'  Initiator = '239_1') ###
GGT(234_2)@lab24.cpt.haw-hamburg.de 18.06 16:48:08,526| Leite Anfrage (vote) an den Linken Nachbarn '2410_1' weiter (implizites Zustimmen)
GGT(234_2)@lab24.cpt.haw-hamburg.de 18.06 16:48:08,527| DISPATCHER: Leite Befehl {vote,'246_3'} an meinen Worker weiter...
GGT(234_2)@lab24.cpt.haw-hamburg.de 18.06 16:48:08,527| ### vote erhalten! Ich = '234_2'  Initiator = '246_3') ###
GGT(234_2)@lab24.cpt.haw-hamburg.de 18.06 16:48:08,528| Leite Anfrage (vote) an den Linken Nachbarn '2410_1' weiter (implizites Zustimmen)
GGT(234_2)@lab24.cpt.haw-hamburg.de 18.06 16:48:08,530| DISPATCHER: Leite Befehl {vote,'242_3'} an meinen Worker weiter...
GGT(234_2)@lab24.cpt.haw-hamburg.de 18.06 16:48:08,530| ### vote erhalten! Ich = '234_2'  Initiator = '242_3') ###
GGT(234_2)@lab24.cpt.haw-hamburg.de 18.06 16:48:08,530| Leite Anfrage (vote) an den Linken Nachbarn '2410_1' weiter (implizites Zustimmen)
GGT(234_2)@lab24.cpt.haw-hamburg.de 18.06 16:48:08,532| DISPATCHER: Leite Befehl {vote,'242_3'} an meinen Worker weiter...
GGT(234_2)@lab24.cpt.haw-hamburg.de 18.06 16:48:08,533| ### vote erhalten! Ich = '234_2'  Initiator = '242_3') ###
GGT(234_2)@lab24.cpt.haw-hamburg.de 18.06 16:48:08,533| Leite Anfrage (vote) an den Linken Nachbarn '2410_1' weiter (implizites Zustimmen)
GGT(234_2)@lab24.cpt.haw-hamburg.de 18.06 16:48:08,535| DISPATCHER: Leite Befehl {vote,'239_1'} an meinen Worker weiter...
GGT(234_2)@lab24.cpt.haw-hamburg.de 18.06 16:48:08,535| DISPATCHER: Leite Befehl {vote,'249_1'} an meinen Worker weiter...
GGT(234_2)@lab24.cpt.haw-hamburg.de 18.06 16:48:08,535| ### vote erhalten! Ich = '234_2'  Initiator = '239_1') ###
GGT(234_2)@lab24.cpt.haw-hamburg.de 18.06 16:48:08,535| Leite Anfrage (vote) an den Linken Nachbarn '2410_1' weiter (implizites Zustimmen)
GGT(234_2)@lab24.cpt.haw-hamburg.de 18.06 16:48:08,536| DISPATCHER: Leite Befehl {vote,'242_3'} an meinen Worker weiter...
GGT(234_2)@lab24.cpt.haw-hamburg.de 18.06 16:48:08,536| ### vote erhalten! Ich = '234_2'  Initiator = '249_1') ###
GGT(234_2)@lab24.cpt.haw-hamburg.de 18.06 16:48:08,536| Leite Anfrage (vote) an den Linken Nachbarn '2410_1' weiter (implizites Zustimmen)
GGT(234_2)@lab24.cpt.haw-hamburg.de 18.06 16:48:08,538| ### vote erhalten! Ich = '234_2'  Initiator = '242_3') ###
GGT(234_2)@lab24.cpt.haw-hamburg.de 18.06 16:48:08,538| Leite Anfrage (vote) an den Linken Nachbarn '2410_1' weiter (implizites Zustimmen)
GGT(234_2)@lab24.cpt.haw-hamburg.de 18.06 16:48:08,540| DISPATCHER: Leite Befehl {vote,'246_3'} an meinen Worker weiter...
GGT(234_2)@lab24.cpt.haw-hamburg.de 18.06 16:48:08,540| ### vote erhalten! Ich = '234_2'  Initiator = '246_3') ###
GGT(234_2)@lab24.cpt.haw-hamburg.de 18.06 16:48:08,540| Leite Anfrage (vote) an den Linken Nachbarn '2410_1' weiter (implizites Zustimmen)
GGT(234_2)@lab24.cpt.haw-hamburg.de 18.06 16:48:08,541| DISPATCHER: Leite Befehl {vote,'2110_2'} an meinen Worker weiter...
GGT(234_2)@lab24.cpt.haw-hamburg.de 18.06 16:48:08,542| DISPATCHER: Leite Befehl {vote,'249_1'} an meinen Worker weiter...
GGT(234_2)@lab24.cpt.haw-hamburg.de 18.06 16:48:08,542| ### vote erhalten! Ich = '234_2'  Initiator = '2110_2') ###
GGT(234_2)@lab24.cpt.haw-hamburg.de 18.06 16:48:08,542| Leite Anfrage (vote) an den Linken Nachbarn '2410_1' weiter (implizites Zustimmen)
GGT(234_2)@lab24.cpt.haw-hamburg.de 18.06 16:48:08,542| DISPATCHER: Leite Befehl {vote,'246_3'} an meinen Worker weiter...
GGT(234_2)@lab24.cpt.haw-hamburg.de 18.06 16:48:08,544| DISPATCHER: Leite Befehl {vote,'246_3'} an meinen Worker weiter...
GGT(234_2)@lab24.cpt.haw-hamburg.de 18.06 16:48:08,544| DISPATCHER: Leite Befehl {vote,'246_3'} an meinen Worker weiter...
GGT(234_2)@lab24.cpt.haw-hamburg.de 18.06 16:48:08,544| ### vote erhalten! Ich = '234_2'  Initiator = '249_1') ###
GGT(234_2)@lab24.cpt.haw-hamburg.de 18.06 16:48:08,544| Leite Anfrage (vote) an den Linken Nachbarn '2410_1' weiter (implizites Zustimmen)
GGT(234_2)@lab24.cpt.haw-hamburg.de 18.06 16:48:08,545| ### vote erhalten! Ich = '234_2'  Initiator = '246_3') ###
GGT(234_2)@lab24.cpt.haw-hamburg.de 18.06 16:48:08,545| Leite Anfrage (vote) an den Linken Nachbarn '2410_1' weiter (implizites Zustimmen)
GGT(234_2)@lab24.cpt.haw-hamburg.de 18.06 16:48:08,546| ### vote erhalten! Ich = '234_2'  Initiator = '246_3') ###
GGT(234_2)@lab24.cpt.haw-hamburg.de 18.06 16:48:08,546| Leite Anfrage (vote) an den Linken Nachbarn '2410_1' weiter (implizites Zustimmen)
GGT(234_2)@lab24.cpt.haw-hamburg.de 18.06 16:48:08,547| ### vote erhalten! Ich = '234_2'  Initiator = '246_3') ###
GGT(234_2)@lab24.cpt.haw-hamburg.de 18.06 16:48:08,547| Leite Anfrage (vote) an den Linken Nachbarn '2410_1' weiter (implizites Zustimmen)
GGT(234_2)@lab24.cpt.haw-hamburg.de 18.06 16:48:11,531| DISPATCHER: Leite Befehl {vote,'242_3'} an meinen Worker weiter...
GGT(234_2)@lab24.cpt.haw-hamburg.de 18.06 16:48:11,532| ### vote erhalten! Ich = '234_2'  Initiator = '242_3') ###
GGT(234_2)@lab24.cpt.haw-hamburg.de 18.06 16:48:11,532| Leite Anfrage (vote) an den Linken Nachbarn '2410_1' weiter (implizites Zustimmen)
GGT(234_2)@lab24.cpt.haw-hamburg.de 18.06 16:48:11,536| DISPATCHER: Leite Befehl {vote,'2110_2'} an meinen Worker weiter...
GGT(234_2)@lab24.cpt.haw-hamburg.de 18.06 16:48:11,537| ### vote erhalten! Ich = '234_2'  Initiator = '2110_2') ###
GGT(234_2)@lab24.cpt.haw-hamburg.de 18.06 16:48:11,537| Leite Anfrage (vote) an den Linken Nachbarn '2410_1' weiter (implizites Zustimmen)
GGT(234_2)@lab24.cpt.haw-hamburg.de 18.06 16:48:11,540| DISPATCHER: Leite Befehl {vote,'246_3'} an meinen Worker weiter...
GGT(234_2)@lab24.cpt.haw-hamburg.de 18.06 16:48:11,541| ### vote erhalten! Ich = '234_2'  Initiator = '246_3') ###
GGT(234_2)@lab24.cpt.haw-hamburg.de 18.06 16:48:11,541| Leite Anfrage (vote) an den Linken Nachbarn '2410_1' weiter (implizites Zustimmen)
GGT(234_2)@lab24.cpt.haw-hamburg.de 18.06 16:48:11,543| DISPATCHER: Leite Befehl {vote,'249_1'} an meinen Worker weiter...
GGT(234_2)@lab24.cpt.haw-hamburg.de 18.06 16:48:11,544| ### vote erhalten! Ich = '234_2'  Initiator = '249_1') ###
GGT(234_2)@lab24.cpt.haw-hamburg.de 18.06 16:48:11,544| Leite Anfrage (vote) an den Linken Nachbarn '2410_1' weiter (implizites Zustimmen)
GGT(234_2)@lab24.cpt.haw-hamburg.de 18.06 16:48:11,547| DISPATCHER: Leite Befehl {vote,'2410_4'} an meinen Worker weiter...
GGT(234_2)@lab24.cpt.haw-hamburg.de 18.06 16:48:11,549| ### vote erhalten! Ich = '234_2'  Initiator = '2410_4') ###
GGT(234_2)@lab24.cpt.haw-hamburg.de 18.06 16:48:11,549| Leite Anfrage (vote) an den Linken Nachbarn '2410_1' weiter (implizites Zustimmen)
GGT(234_2)@lab24.cpt.haw-hamburg.de 18.06 16:48:11,550| DISPATCHER: Leite Befehl {vote,'216_2'} an meinen Worker weiter...
GGT(234_2)@lab24.cpt.haw-hamburg.de 18.06 16:48:11,551| ### vote erhalten! Ich = '234_2'  Initiator = '216_2') ###
GGT(234_2)@lab24.cpt.haw-hamburg.de 18.06 16:48:11,551| Leite Anfrage (vote) an den Linken Nachbarn '2410_1' weiter (implizites Zustimmen)
GGT(234_2)@lab24.cpt.haw-hamburg.de 18.06 16:48:11,551| DISPATCHER: Leite Befehl {vote,'212_2'} an meinen Worker weiter...
GGT(234_2)@lab24.cpt.haw-hamburg.de 18.06 16:48:11,554| DISPATCHER: Leite Befehl {vote,'2410_4'} an meinen Worker weiter...
GGT(234_2)@lab24.cpt.haw-hamburg.de 18.06 16:48:11,554| ### vote erhalten! Ich = '234_2'  Initiator = '212_2') ###
GGT(234_2)@lab24.cpt.haw-hamburg.de 18.06 16:48:11,554| Leite Anfrage (vote) an den Linken Nachbarn '2410_1' weiter (implizites Zustimmen)
GGT(234_2)@lab24.cpt.haw-hamburg.de 18.06 16:48:11,556| DISPATCHER: Leite Befehl {vote,'249_1'} an meinen Worker weiter...
GGT(234_2)@lab24.cpt.haw-hamburg.de 18.06 16:48:11,557| ### vote erhalten! Ich = '234_2'  Initiator = '2410_4') ###
GGT(234_2)@lab24.cpt.haw-hamburg.de 18.06 16:48:11,557| Leite Anfrage (vote) an den Linken Nachbarn '2410_1' weiter (implizites Zustimmen)
GGT(234_2)@lab24.cpt.haw-hamburg.de 18.06 16:48:11,559| ### vote erhalten! Ich = '234_2'  Initiator = '249_1') ###
GGT(234_2)@lab24.cpt.haw-hamburg.de 18.06 16:48:11,559| Leite Anfrage (vote) an den Linken Nachbarn '2410_1' weiter (implizites Zustimmen)
GGT(234_2)@lab24.cpt.haw-hamburg.de 18.06 16:48:11,560| DISPATCHER: Leite Befehl {vote,'242_4'} an meinen Worker weiter...
GGT(234_2)@lab24.cpt.haw-hamburg.de 18.06 16:48:11,562| ### vote erhalten! Ich = '234_2'  Initiator = '242_4') ###
GGT(234_2)@lab24.cpt.haw-hamburg.de 18.06 16:48:11,562| Leite Anfrage (vote) an den Linken Nachbarn '2410_1' weiter (implizites Zustimmen)
GGT(234_2)@lab24.cpt.haw-hamburg.de 18.06 16:48:11,564| DISPATCHER: Leite Befehl {vote,'241_3'} an meinen Worker weiter...
GGT(234_2)@lab24.cpt.haw-hamburg.de 18.06 16:48:11,565| ### vote erhalten! Ich = '234_2'  Initiator = '241_3') ###
GGT(234_2)@lab24.cpt.haw-hamburg.de 18.06 16:48:11,565| Leite Anfrage (vote) an den Linken Nachbarn '2410_1' weiter (implizites Zustimmen)
GGT(234_2)@lab24.cpt.haw-hamburg.de 18.06 16:48:11,566| DISPATCHER: Leite Befehl {vote,'219_1'} an meinen Worker weiter...
GGT(234_2)@lab24.cpt.haw-hamburg.de 18.06 16:48:11,567| ### vote erhalten! Ich = '234_2'  Initiator = '219_1') ###
GGT(234_2)@lab24.cpt.haw-hamburg.de 18.06 16:48:11,567| Leite Anfrage (vote) an den Linken Nachbarn '2410_1' weiter (implizites Zustimmen)
GGT(234_2)@lab24.cpt.haw-hamburg.de 18.06 16:48:11,567| DISPATCHER: Leite Befehl {vote,'242_4'} an meinen Worker weiter...
GGT(234_2)@lab24.cpt.haw-hamburg.de 18.06 16:48:11,570| ### vote erhalten! Ich = '234_2'  Initiator = '242_4') ###
GGT(234_2)@lab24.cpt.haw-hamburg.de 18.06 16:48:11,570| DISPATCHER: Leite Befehl {vote,'212_3'} an meinen Worker weiter...
GGT(234_2)@lab24.cpt.haw-hamburg.de 18.06 16:48:11,570| Leite Anfrage (vote) an den Linken Nachbarn '2410_1' weiter (implizites Zustimmen)
GGT(234_2)@lab24.cpt.haw-hamburg.de 18.06 16:48:11,572| ### vote erhalten! Ich = '234_2'  Initiator = '212_3') ###
GGT(234_2)@lab24.cpt.haw-hamburg.de 18.06 16:48:11,572| Leite Anfrage (vote) an den Linken Nachbarn '2410_1' weiter (implizites Zustimmen)
GGT(234_2)@lab24.cpt.haw-hamburg.de 18.06 16:48:11,573| DISPATCHER: Leite Befehl {vote,'245_2'} an meinen Worker weiter...
GGT(234_2)@lab24.cpt.haw-hamburg.de 18.06 16:48:11,575| ### vote erhalten! Ich = '234_2'  Initiator = '245_2') ###
GGT(234_2)@lab24.cpt.haw-hamburg.de 18.06 16:48:11,575| Leite Anfrage (vote) an den Linken Nachbarn '2410_1' weiter (implizites Zustimmen)
GGT(234_2)@lab24.cpt.haw-hamburg.de 18.06 16:48:11,576| DISPATCHER: Leite Befehl {vote,'2410_4'} an meinen Worker weiter...
GGT(234_2)@lab24.cpt.haw-hamburg.de 18.06 16:48:11,577| ### vote erhalten! Ich = '234_2'  Initiator = '2410_4') ###
GGT(234_2)@lab24.cpt.haw-hamburg.de 18.06 16:48:11,577| Leite Anfrage (vote) an den Linken Nachbarn '2410_1' weiter (implizites Zustimmen)
GGT(234_2)@lab24.cpt.haw-hamburg.de 18.06 16:48:11,579| DISPATCHER: Leite Befehl {vote,'241_3'} an meinen Worker weiter...
GGT(234_2)@lab24.cpt.haw-hamburg.de 18.06 16:48:11,580| DISPATCHER: Leite Befehl {vote,'241_3'} an meinen Worker weiter...
GGT(234_2)@lab24.cpt.haw-hamburg.de 18.06 16:48:11,580| ### vote erhalten! Ich = '234_2'  Initiator = '241_3') ###
GGT(234_2)@lab24.cpt.haw-hamburg.de 18.06 16:48:11,580| Leite Anfrage (vote) an den Linken Nachbarn '2410_1' weiter (implizites Zustimmen)
GGT(234_2)@lab24.cpt.haw-hamburg.de 18.06 16:48:11,583| ### vote erhalten! Ich = '234_2'  Initiator = '241_3') ###
GGT(234_2)@lab24.cpt.haw-hamburg.de 18.06 16:48:11,583| Leite Anfrage (vote) an den Linken Nachbarn '2410_1' weiter (implizites Zustimmen)
GGT(234_2)@lab24.cpt.haw-hamburg.de 18.06 16:48:11,583| DISPATCHER: Leite Befehl {vote,'219_1'} an meinen Worker weiter...
GGT(234_2)@lab24.cpt.haw-hamburg.de 18.06 16:48:11,585| ### vote erhalten! Ich = '234_2'  Initiator = '219_1') ###
GGT(234_2)@lab24.cpt.haw-hamburg.de 18.06 16:48:11,585| Leite Anfrage (vote) an den Linken Nachbarn '2410_1' weiter (implizites Zustimmen)
GGT(234_2)@lab24.cpt.haw-hamburg.de 18.06 16:48:11,588| DISPATCHER: Leite Befehl {vote,'247_3'} an meinen Worker weiter...
GGT(234_2)@lab24.cpt.haw-hamburg.de 18.06 16:48:11,589| ### vote erhalten! Ich = '234_2'  Initiator = '247_3') ###
GGT(234_2)@lab24.cpt.haw-hamburg.de 18.06 16:48:11,589| Leite Anfrage (vote) an den Linken Nachbarn '2410_1' weiter (implizites Zustimmen)
GGT(234_2)@lab24.cpt.haw-hamburg.de 18.06 16:48:11,593| DISPATCHER: Leite Befehl {vote,'245_1'} an meinen Worker weiter...
GGT(234_2)@lab24.cpt.haw-hamburg.de 18.06 16:48:11,593| ### vote erhalten! Ich = '234_2'  Initiator = '245_1') ###
GGT(234_2)@lab24.cpt.haw-hamburg.de 18.06 16:48:11,593| Leite Anfrage (vote) an den Linken Nachbarn '2410_1' weiter (implizites Zustimmen)
GGT(234_2)@lab24.cpt.haw-hamburg.de 18.06 16:48:11,595| DISPATCHER: Leite Befehl {vote,'241_3'} an meinen Worker weiter...
GGT(234_2)@lab24.cpt.haw-hamburg.de 18.06 16:48:11,596| ### vote erhalten! Ich = '234_2'  Initiator = '241_3') ###
GGT(234_2)@lab24.cpt.haw-hamburg.de 18.06 16:48:11,596| Leite Anfrage (vote) an den Linken Nachbarn '2410_1' weiter (implizites Zustimmen)
GGT(234_2)@lab24.cpt.haw-hamburg.de 18.06 16:48:11,597| DISPATCHER: Leite Befehl {vote,'245_1'} an meinen Worker weiter...
GGT(234_2)@lab24.cpt.haw-hamburg.de 18.06 16:48:11,598| DISPATCHER: Leite Befehl {vote,'247_3'} an meinen Worker weiter...
GGT(234_2)@lab24.cpt.haw-hamburg.de 18.06 16:48:11,598| ### vote erhalten! Ich = '234_2'  Initiator = '245_1') ###
GGT(234_2)@lab24.cpt.haw-hamburg.de 18.06 16:48:11,598| Leite Anfrage (vote) an den Linken Nachbarn '2410_1' weiter (implizites Zustimmen)
GGT(234_2)@lab24.cpt.haw-hamburg.de 18.06 16:48:11,601| ### vote erhalten! Ich = '234_2'  Initiator = '247_3') ###
GGT(234_2)@lab24.cpt.haw-hamburg.de 18.06 16:48:11,601| Leite Anfrage (vote) an den Linken Nachbarn '2410_1' weiter (implizites Zustimmen)
GGT(234_2)@lab24.cpt.haw-hamburg.de 18.06 16:48:11,606| DISPATCHER: Leite Befehl {vote,'243_4'} an meinen Worker weiter...
GGT(234_2)@lab24.cpt.haw-hamburg.de 18.06 16:48:11,607| ### vote erhalten! Ich = '234_2'  Initiator = '243_4') ###
GGT(234_2)@lab24.cpt.haw-hamburg.de 18.06 16:48:11,607| Leite Anfrage (vote) an den Linken Nachbarn '2410_1' weiter (implizites Zustimmen)
GGT(234_2)@lab24.cpt.haw-hamburg.de 18.06 16:48:11,608| DISPATCHER: Leite Befehl {vote,'219_4'} an meinen Worker weiter...
GGT(234_2)@lab24.cpt.haw-hamburg.de 18.06 16:48:11,609| DISPATCHER: Leite Befehl {vote,'243_4'} an meinen Worker weiter...
GGT(234_2)@lab24.cpt.haw-hamburg.de 18.06 16:48:11,609| ### vote erhalten! Ich = '234_2'  Initiator = '219_4') ###
GGT(234_2)@lab24.cpt.haw-hamburg.de 18.06 16:48:11,609| Leite Anfrage (vote) an den Linken Nachbarn '2410_1' weiter (implizites Zustimmen)
GGT(234_2)@lab24.cpt.haw-hamburg.de 18.06 16:48:11,610| DISPATCHER: Leite Befehl {vote,'247_3'} an meinen Worker weiter...
GGT(234_2)@lab24.cpt.haw-hamburg.de 18.06 16:48:11,611| ### vote erhalten! Ich = '234_2'  Initiator = '243_4') ###
GGT(234_2)@lab24.cpt.haw-hamburg.de 18.06 16:48:11,612| Leite Anfrage (vote) an den Linken Nachbarn '2410_1' weiter (implizites Zustimmen)
GGT(234_2)@lab24.cpt.haw-hamburg.de 18.06 16:48:11,613| DISPATCHER: Leite Befehl {vote,'241_3'} an meinen Worker weiter...
GGT(234_2)@lab24.cpt.haw-hamburg.de 18.06 16:48:11,613| DISPATCHER: Leite Befehl {vote,'242_4'} an meinen Worker weiter...
GGT(234_2)@lab24.cpt.haw-hamburg.de 18.06 16:48:11,613| ### vote erhalten! Ich = '234_2'  Initiator = '247_3') ###
GGT(234_2)@lab24.cpt.haw-hamburg.de 18.06 16:48:11,613| Leite Anfrage (vote) an den Linken Nachbarn '2410_1' weiter (implizites Zustimmen)
GGT(234_2)@lab24.cpt.haw-hamburg.de 18.06 16:48:11,614| DISPATCHER: Leite Befehl {vote,'241_4'} an meinen Worker weiter...
GGT(234_2)@lab24.cpt.haw-hamburg.de 18.06 16:48:11,614| ### vote erhalten! Ich = '234_2'  Initiator = '241_3') ###
GGT(234_2)@lab24.cpt.haw-hamburg.de 18.06 16:48:11,614| Leite Anfrage (vote) an den Linken Nachbarn '2410_1' weiter (implizites Zustimmen)
GGT(234_2)@lab24.cpt.haw-hamburg.de 18.06 16:48:11,617| DISPATCHER: Leite Befehl {vote,'241_4'} an meinen Worker weiter...
GGT(234_2)@lab24.cpt.haw-hamburg.de 18.06 16:48:11,617| DISPATCHER: Leite Befehl {vote,'242_4'} an meinen Worker weiter...
GGT(234_2)@lab24.cpt.haw-hamburg.de 18.06 16:48:11,617| ### vote erhalten! Ich = '234_2'  Initiator = '242_4') ###
GGT(234_2)@lab24.cpt.haw-hamburg.de 18.06 16:48:11,617| Leite Anfrage (vote) an den Linken Nachbarn '2410_1' weiter (implizites Zustimmen)
GGT(234_2)@lab24.cpt.haw-hamburg.de 18.06 16:48:11,618| DISPATCHER: Leite Befehl {vote,'247_1'} an meinen Worker weiter...
GGT(234_2)@lab24.cpt.haw-hamburg.de 18.06 16:48:11,619| ### vote erhalten! Ich = '234_2'  Initiator = '241_4') ###
GGT(234_2)@lab24.cpt.haw-hamburg.de 18.06 16:48:11,619| Leite Anfrage (vote) an den Linken Nachbarn '2410_1' weiter (implizites Zustimmen)
GGT(234_2)@lab24.cpt.haw-hamburg.de 18.06 16:48:11,621| DISPATCHER: Leite Befehl {vote,'247_3'} an meinen Worker weiter...
GGT(234_2)@lab24.cpt.haw-hamburg.de 18.06 16:48:11,621| ### vote erhalten! Ich = '234_2'  Initiator = '241_4') ###
GGT(234_2)@lab24.cpt.haw-hamburg.de 18.06 16:48:11,621| Leite Anfrage (vote) an den Linken Nachbarn '2410_1' weiter (implizites Zustimmen)
GGT(234_2)@lab24.cpt.haw-hamburg.de 18.06 16:48:11,623| ### vote erhalten! Ich = '234_2'  Initiator = '242_4') ###
GGT(234_2)@lab24.cpt.haw-hamburg.de 18.06 16:48:11,623| Leite Anfrage (vote) an den Linken Nachbarn '2410_1' weiter (implizites Zustimmen)
GGT(234_2)@lab24.cpt.haw-hamburg.de 18.06 16:48:11,623| DISPATCHER: Leite Befehl {vote,'241_3'} an meinen Worker weiter...
GGT(234_2)@lab24.cpt.haw-hamburg.de 18.06 16:48:11,624| ### vote erhalten! Ich = '234_2'  Initiator = '247_1') ###
GGT(234_2)@lab24.cpt.haw-hamburg.de 18.06 16:48:11,624| Leite Anfrage (vote) an den Linken Nachbarn '2410_1' weiter (implizites Zustimmen)
GGT(234_2)@lab24.cpt.haw-hamburg.de 18.06 16:48:11,624| DISPATCHER: Leite Befehl {vote,'242_4'} an meinen Worker weiter...
GGT(234_2)@lab24.cpt.haw-hamburg.de 18.06 16:48:11,626| ### vote erhalten! Ich = '234_2'  Initiator = '247_3') ###
GGT(234_2)@lab24.cpt.haw-hamburg.de 18.06 16:48:11,626| Leite Anfrage (vote) an den Linken Nachbarn '2410_1' weiter (implizites Zustimmen)
GGT(234_2)@lab24.cpt.haw-hamburg.de 18.06 16:48:11,627| ### vote erhalten! Ich = '234_2'  Initiator = '241_3') ###
GGT(234_2)@lab24.cpt.haw-hamburg.de 18.06 16:48:11,628| Leite Anfrage (vote) an den Linken Nachbarn '2410_1' weiter (implizites Zustimmen)
GGT(234_2)@lab24.cpt.haw-hamburg.de 18.06 16:48:11,629| DISPATCHER: Leite Befehl {vote,'243_4'} an meinen Worker weiter...
GGT(234_2)@lab24.cpt.haw-hamburg.de 18.06 16:48:11,629| DISPATCHER: Leite Befehl {vote,'243_4'} an meinen Worker weiter...
GGT(234_2)@lab24.cpt.haw-hamburg.de 18.06 16:48:11,630| ### vote erhalten! Ich = '234_2'  Initiator = '242_4') ###
GGT(234_2)@lab24.cpt.haw-hamburg.de 18.06 16:48:11,630| Leite Anfrage (vote) an den Linken Nachbarn '2410_1' weiter (implizites Zustimmen)
GGT(234_2)@lab24.cpt.haw-hamburg.de 18.06 16:48:11,631| DISPATCHER: Leite Befehl {vote,'241_3'} an meinen Worker weiter...
GGT(234_2)@lab24.cpt.haw-hamburg.de 18.06 16:48:11,631| ### vote erhalten! Ich = '234_2'  Initiator = '243_4') ###
GGT(234_2)@lab24.cpt.haw-hamburg.de 18.06 16:48:11,631| Leite Anfrage (vote) an den Linken Nachbarn '2410_1' weiter (implizites Zustimmen)
GGT(234_2)@lab24.cpt.haw-hamburg.de 18.06 16:48:11,632| ### vote erhalten! Ich = '234_2'  Initiator = '243_4') ###
GGT(234_2)@lab24.cpt.haw-hamburg.de 18.06 16:48:11,632| Leite Anfrage (vote) an den Linken Nachbarn '2410_1' weiter (implizites Zustimmen)
GGT(234_2)@lab24.cpt.haw-hamburg.de 18.06 16:48:11,633| ### vote erhalten! Ich = '234_2'  Initiator = '241_3') ###
GGT(234_2)@lab24.cpt.haw-hamburg.de 18.06 16:48:11,634| Leite Anfrage (vote) an den Linken Nachbarn '2410_1' weiter (implizites Zustimmen)
GGT(234_2)@lab24.cpt.haw-hamburg.de 18.06 16:48:11,636| DISPATCHER: Leite Befehl {vote,'242_4'} an meinen Worker weiter...
GGT(234_2)@lab24.cpt.haw-hamburg.de 18.06 16:48:11,637| DISPATCHER: Leite Befehl {vote,'247_1'} an meinen Worker weiter...
GGT(234_2)@lab24.cpt.haw-hamburg.de 18.06 16:48:11,637| ### vote erhalten! Ich = '234_2'  Initiator = '242_4') ###
GGT(234_2)@lab24.cpt.haw-hamburg.de 18.06 16:48:11,637| Leite Anfrage (vote) an den Linken Nachbarn '2410_1' weiter (implizites Zustimmen)
GGT(234_2)@lab24.cpt.haw-hamburg.de 18.06 16:48:11,638| DISPATCHER: Leite Befehl {vote,'243_4'} an meinen Worker weiter...
GGT(234_2)@lab24.cpt.haw-hamburg.de 18.06 16:48:11,639| ### vote erhalten! Ich = '234_2'  Initiator = '247_1') ###
GGT(234_2)@lab24.cpt.haw-hamburg.de 18.06 16:48:11,640| Leite Anfrage (vote) an den Linken Nachbarn '2410_1' weiter (implizites Zustimmen)
GGT(234_2)@lab24.cpt.haw-hamburg.de 18.06 16:48:11,640| DISPATCHER: Leite Befehl {vote,'243_4'} an meinen Worker weiter...
GGT(234_2)@lab24.cpt.haw-hamburg.de 18.06 16:48:11,641| ### vote erhalten! Ich = '234_2'  Initiator = '243_4') ###
GGT(234_2)@lab24.cpt.haw-hamburg.de 18.06 16:48:11,641| Leite Anfrage (vote) an den Linken Nachbarn '2410_1' weiter (implizites Zustimmen)
GGT(234_2)@lab24.cpt.haw-hamburg.de 18.06 16:48:11,642| DISPATCHER: Leite Befehl {vote,'242_2'} an meinen Worker weiter...
GGT(234_2)@lab24.cpt.haw-hamburg.de 18.06 16:48:11,643| ### vote erhalten! Ich = '234_2'  Initiator = '243_4') ###
GGT(234_2)@lab24.cpt.haw-hamburg.de 18.06 16:48:11,643| Leite Anfrage (vote) an den Linken Nachbarn '2410_1' weiter (implizites Zustimmen)
GGT(234_2)@lab24.cpt.haw-hamburg.de 18.06 16:48:11,643| DISPATCHER: Leite Befehl {vote,'242_2'} an meinen Worker weiter...
GGT(234_2)@lab24.cpt.haw-hamburg.de 18.06 16:48:11,644| ### vote erhalten! Ich = '234_2'  Initiator = '242_2') ###
GGT(234_2)@lab24.cpt.haw-hamburg.de 18.06 16:48:11,644| Leite Anfrage (vote) an den Linken Nachbarn '2410_1' weiter (implizites Zustimmen)
GGT(234_2)@lab24.cpt.haw-hamburg.de 18.06 16:48:11,645| ### vote erhalten! Ich = '234_2'  Initiator = '242_2') ###
GGT(234_2)@lab24.cpt.haw-hamburg.de 18.06 16:48:11,645| Leite Anfrage (vote) an den Linken Nachbarn '2410_1' weiter (implizites Zustimmen)
GGT(234_2)@lab24.cpt.haw-hamburg.de 18.06 16:48:11,647| DISPATCHER: Leite Befehl {vote,'242_2'} an meinen Worker weiter...
GGT(234_2)@lab24.cpt.haw-hamburg.de 18.06 16:48:11,648| ### vote erhalten! Ich = '234_2'  Initiator = '242_2') ###
GGT(234_2)@lab24.cpt.haw-hamburg.de 18.06 16:48:11,648| Leite Anfrage (vote) an den Linken Nachbarn '2410_1' weiter (implizites Zustimmen)
GGT(234_2)@lab24.cpt.haw-hamburg.de 18.06 16:48:11,648| DISPATCHER: Leite Befehl {vote,'241_1'} an meinen Worker weiter...
GGT(234_2)@lab24.cpt.haw-hamburg.de 18.06 16:48:11,649| ### vote erhalten! Ich = '234_2'  Initiator = '241_1') ###
GGT(234_2)@lab24.cpt.haw-hamburg.de 18.06 16:48:11,649| Leite Anfrage (vote) an den Linken Nachbarn '2410_1' weiter (implizites Zustimmen)
GGT(234_2)@lab24.cpt.haw-hamburg.de 18.06 16:48:11,650| DISPATCHER: Leite Befehl {vote,'219_4'} an meinen Worker weiter...
GGT(234_2)@lab24.cpt.haw-hamburg.de 18.06 16:48:11,650| ### vote erhalten! Ich = '234_2'  Initiator = '219_4') ###
GGT(234_2)@lab24.cpt.haw-hamburg.de 18.06 16:48:11,651| Leite Anfrage (vote) an den Linken Nachbarn '2410_1' weiter (implizites Zustimmen)
GGT(234_2)@lab24.cpt.haw-hamburg.de 18.06 16:48:11,652| DISPATCHER: Leite Befehl {vote,'241_1'} an meinen Worker weiter...
GGT(234_2)@lab24.cpt.haw-hamburg.de 18.06 16:48:11,653| ### vote erhalten! Ich = '234_2'  Initiator = '241_1') ###
GGT(234_2)@lab24.cpt.haw-hamburg.de 18.06 16:48:11,654| Leite Anfrage (vote) an den Linken Nachbarn '2410_1' weiter (implizites Zustimmen)
GGT(234_2)@lab24.cpt.haw-hamburg.de 18.06 16:48:11,654| DISPATCHER: Leite Befehl {vote,'249_3'} an meinen Worker weiter...
GGT(234_2)@lab24.cpt.haw-hamburg.de 18.06 16:48:11,654| DISPATCHER: Leite Befehl {vote,'241_1'} an meinen Worker weiter...
GGT(234_2)@lab24.cpt.haw-hamburg.de 18.06 16:48:11,655| ### vote erhalten! Ich = '234_2'  Initiator = '249_3') ###
GGT(234_2)@lab24.cpt.haw-hamburg.de 18.06 16:48:11,655| Leite Anfrage (vote) an den Linken Nachbarn '2410_1' weiter (implizites Zustimmen)
GGT(234_2)@lab24.cpt.haw-hamburg.de 18.06 16:48:11,658| DISPATCHER: Leite Befehl {vote,'247_1'} an meinen Worker weiter...
GGT(234_2)@lab24.cpt.haw-hamburg.de 18.06 16:48:11,658| ### vote erhalten! Ich = '234_2'  Initiator = '241_1') ###
GGT(234_2)@lab24.cpt.haw-hamburg.de 18.06 16:48:11,658| Leite Anfrage (vote) an den Linken Nachbarn '2410_1' weiter (implizites Zustimmen)
GGT(234_2)@lab24.cpt.haw-hamburg.de 18.06 16:48:11,660| DISPATCHER: Leite Befehl {vote,'241_1'} an meinen Worker weiter...
GGT(234_2)@lab24.cpt.haw-hamburg.de 18.06 16:48:11,660| DISPATCHER: Leite Befehl {vote,'212_1'} an meinen Worker weiter...
GGT(234_2)@lab24.cpt.haw-hamburg.de 18.06 16:48:11,660| ### vote erhalten! Ich = '234_2'  Initiator = '247_1') ###
GGT(234_2)@lab24.cpt.haw-hamburg.de 18.06 16:48:11,660| Leite Anfrage (vote) an den Linken Nachbarn '2410_1' weiter (implizites Zustimmen)
GGT(234_2)@lab24.cpt.haw-hamburg.de 18.06 16:48:11,661| ### vote erhalten! Ich = '234_2'  Initiator = '241_1') ###
GGT(234_2)@lab24.cpt.haw-hamburg.de 18.06 16:48:11,662| Leite Anfrage (vote) an den Linken Nachbarn '2410_1' weiter (implizites Zustimmen)
GGT(234_2)@lab24.cpt.haw-hamburg.de 18.06 16:48:11,663| ### vote erhalten! Ich = '234_2'  Initiator = '212_1') ###
GGT(234_2)@lab24.cpt.haw-hamburg.de 18.06 16:48:11,663| Leite Anfrage (vote) an den Linken Nachbarn '2410_1' weiter (implizites Zustimmen)
GGT(234_2)@lab24.cpt.haw-hamburg.de 18.06 16:48:11,664| DISPATCHER: Leite Befehl {vote,'249_3'} an meinen Worker weiter...
GGT(234_2)@lab24.cpt.haw-hamburg.de 18.06 16:48:11,664| ### vote erhalten! Ich = '234_2'  Initiator = '249_3') ###
GGT(234_2)@lab24.cpt.haw-hamburg.de 18.06 16:48:11,664| Leite Anfrage (vote) an den Linken Nachbarn '2410_1' weiter (implizites Zustimmen)
GGT(234_2)@lab24.cpt.haw-hamburg.de 18.06 16:48:11,665| DISPATCHER: Leite Befehl {vote,'247_3'} an meinen Worker weiter...
GGT(234_2)@lab24.cpt.haw-hamburg.de 18.06 16:48:11,667| ### vote erhalten! Ich = '234_2'  Initiator = '247_3') ###
GGT(234_2)@lab24.cpt.haw-hamburg.de 18.06 16:48:11,667| Leite Anfrage (vote) an den Linken Nachbarn '2410_1' weiter (implizites Zustimmen)
GGT(234_2)@lab24.cpt.haw-hamburg.de 18.06 16:48:11,667| DISPATCHER: Leite Befehl {vote,'247_1'} an meinen Worker weiter...
GGT(234_2)@lab24.cpt.haw-hamburg.de 18.06 16:48:11,668| ### vote erhalten! Ich = '234_2'  Initiator = '247_1') ###
GGT(234_2)@lab24.cpt.haw-hamburg.de 18.06 16:48:11,668| Leite Anfrage (vote) an den Linken Nachbarn '2410_1' weiter (implizites Zustimmen)
GGT(234_2)@lab24.cpt.haw-hamburg.de 18.06 16:48:11,671| DISPATCHER: Leite Befehl {vote,'211_4'} an meinen Worker weiter...
GGT(234_2)@lab24.cpt.haw-hamburg.de 18.06 16:48:11,671| DISPATCHER: Leite Befehl {vote,'212_1'} an meinen Worker weiter...
GGT(234_2)@lab24.cpt.haw-hamburg.de 18.06 16:48:11,671| ### vote erhalten! Ich = '234_2'  Initiator = '211_4') ###
GGT(234_2)@lab24.cpt.haw-hamburg.de 18.06 16:48:11,671| Leite Anfrage (vote) an den Linken Nachbarn '2410_1' weiter (implizites Zustimmen)
GGT(234_2)@lab24.cpt.haw-hamburg.de 18.06 16:48:11,672| DISPATCHER: Leite Befehl {vote,'249_3'} an meinen Worker weiter...
GGT(234_2)@lab24.cpt.haw-hamburg.de 18.06 16:48:11,672| ### vote erhalten! Ich = '234_2'  Initiator = '212_1') ###
GGT(234_2)@lab24.cpt.haw-hamburg.de 18.06 16:48:11,672| Leite Anfrage (vote) an den Linken Nachbarn '2410_1' weiter (implizites Zustimmen)
GGT(234_2)@lab24.cpt.haw-hamburg.de 18.06 16:48:11,673| DISPATCHER: Leite Befehl {vote,'211_1'} an meinen Worker weiter...
GGT(234_2)@lab24.cpt.haw-hamburg.de 18.06 16:48:11,673| ### vote erhalten! Ich = '234_2'  Initiator = '249_3') ###
GGT(234_2)@lab24.cpt.haw-hamburg.de 18.06 16:48:11,673| Leite Anfrage (vote) an den Linken Nachbarn '2410_1' weiter (implizites Zustimmen)
GGT(234_2)@lab24.cpt.haw-hamburg.de 18.06 16:48:11,674| ### vote erhalten! Ich = '234_2'  Initiator = '211_1') ###
GGT(234_2)@lab24.cpt.haw-hamburg.de 18.06 16:48:11,674| Leite Anfrage (vote) an den Linken Nachbarn '2410_1' weiter (implizites Zustimmen)
GGT(234_2)@lab24.cpt.haw-hamburg.de 18.06 16:48:11,676| DISPATCHER: Leite Befehl {vote,'211_4'} an meinen Worker weiter...
GGT(234_2)@lab24.cpt.haw-hamburg.de 18.06 16:48:11,677| DISPATCHER: Leite Befehl {vote,'249_3'} an meinen Worker weiter...
GGT(234_2)@lab24.cpt.haw-hamburg.de 18.06 16:48:11,677| ### vote erhalten! Ich = '234_2'  Initiator = '211_4') ###
GGT(234_2)@lab24.cpt.haw-hamburg.de 18.06 16:48:11,677| Leite Anfrage (vote) an den Linken Nachbarn '2410_1' weiter (implizites Zustimmen)
GGT(234_2)@lab24.cpt.haw-hamburg.de 18.06 16:48:11,677| DISPATCHER: Leite Befehl {vote,'242_2'} an meinen Worker weiter...
GGT(234_2)@lab24.cpt.haw-hamburg.de 18.06 16:48:11,678| ### vote erhalten! Ich = '234_2'  Initiator = '249_3') ###
GGT(234_2)@lab24.cpt.haw-hamburg.de 18.06 16:48:11,678| Leite Anfrage (vote) an den Linken Nachbarn '2410_1' weiter (implizites Zustimmen)
GGT(234_2)@lab24.cpt.haw-hamburg.de 18.06 16:48:11,679| DISPATCHER: Leite Befehl {vote,'241_1'} an meinen Worker weiter...
GGT(234_2)@lab24.cpt.haw-hamburg.de 18.06 16:48:11,680| ### vote erhalten! Ich = '234_2'  Initiator = '242_2') ###
GGT(234_2)@lab24.cpt.haw-hamburg.de 18.06 16:48:11,680| Leite Anfrage (vote) an den Linken Nachbarn '2410_1' weiter (implizites Zustimmen)
GGT(234_2)@lab24.cpt.haw-hamburg.de 18.06 16:48:11,681| DISPATCHER: Leite Befehl {vote,'249_3'} an meinen Worker weiter...
GGT(234_2)@lab24.cpt.haw-hamburg.de 18.06 16:48:11,681| ### vote erhalten! Ich = '234_2'  Initiator = '241_1') ###
GGT(234_2)@lab24.cpt.haw-hamburg.de 18.06 16:48:11,681| Leite Anfrage (vote) an den Linken Nachbarn '2410_1' weiter (implizites Zustimmen)
GGT(234_2)@lab24.cpt.haw-hamburg.de 18.06 16:48:11,682| DISPATCHER: Leite Befehl {vote,'247_3'} an meinen Worker weiter...
GGT(234_2)@lab24.cpt.haw-hamburg.de 18.06 16:48:11,682| ### vote erhalten! Ich = '234_2'  Initiator = '249_3') ###
GGT(234_2)@lab24.cpt.haw-hamburg.de 18.06 16:48:11,683| Leite Anfrage (vote) an den Linken Nachbarn '2410_1' weiter (implizites Zustimmen)
GGT(234_2)@lab24.cpt.haw-hamburg.de 18.06 16:48:11,683| DISPATCHER: Leite Befehl {vote,'211_1'} an meinen Worker weiter...
GGT(234_2)@lab24.cpt.haw-hamburg.de 18.06 16:48:11,684| ### vote erhalten! Ich = '234_2'  Initiator = '247_3') ###
GGT(234_2)@lab24.cpt.haw-hamburg.de 18.06 16:48:11,684| Leite Anfrage (vote) an den Linken Nachbarn '2410_1' weiter (implizites Zustimmen)
GGT(234_2)@lab24.cpt.haw-hamburg.de 18.06 16:48:11,685| DISPATCHER: Leite Befehl {vote,'2110_3'} an meinen Worker weiter...
GGT(234_2)@lab24.cpt.haw-hamburg.de 18.06 16:48:11,685| ### vote erhalten! Ich = '234_2'  Initiator = '211_1') ###
GGT(234_2)@lab24.cpt.haw-hamburg.de 18.06 16:48:11,685| Leite Anfrage (vote) an den Linken Nachbarn '2410_1' weiter (implizites Zustimmen)
GGT(234_2)@lab24.cpt.haw-hamburg.de 18.06 16:48:11,685| DISPATCHER: Leite Befehl {vote,'242_2'} an meinen Worker weiter...
GGT(234_2)@lab24.cpt.haw-hamburg.de 18.06 16:48:11,686| ### vote erhalten! Ich = '234_2'  Initiator = '2110_3') ###
GGT(234_2)@lab24.cpt.haw-hamburg.de 18.06 16:48:11,686| Leite Anfrage (vote) an den Linken Nachbarn '2410_1' weiter (implizites Zustimmen)
GGT(234_2)@lab24.cpt.haw-hamburg.de 18.06 16:48:11,688| ### vote erhalten! Ich = '234_2'  Initiator = '242_2') ###
GGT(234_2)@lab24.cpt.haw-hamburg.de 18.06 16:48:11,688| Leite Anfrage (vote) an den Linken Nachbarn '2410_1' weiter (implizites Zustimmen)
GGT(234_2)@lab24.cpt.haw-hamburg.de 18.06 16:48:11,688| DISPATCHER: Leite Befehl {vote,'247_3'} an meinen Worker weiter...
GGT(234_2)@lab24.cpt.haw-hamburg.de 18.06 16:48:11,689| DISPATCHER: Leite Befehl {vote,'243_4'} an meinen Worker weiter...
GGT(234_2)@lab24.cpt.haw-hamburg.de 18.06 16:48:11,689| ### vote erhalten! Ich = '234_2'  Initiator = '247_3') ###
GGT(234_2)@lab24.cpt.haw-hamburg.de 18.06 16:48:11,689| Leite Anfrage (vote) an den Linken Nachbarn '2410_1' weiter (implizites Zustimmen)
GGT(234_2)@lab24.cpt.haw-hamburg.de 18.06 16:48:11,690| DISPATCHER: Leite Befehl {vote,'245_3'} an meinen Worker weiter...
GGT(234_2)@lab24.cpt.haw-hamburg.de 18.06 16:48:11,690| ### vote erhalten! Ich = '234_2'  Initiator = '243_4') ###
GGT(234_2)@lab24.cpt.haw-hamburg.de 18.06 16:48:11,690| Leite Anfrage (vote) an den Linken Nachbarn '2410_1' weiter (implizites Zustimmen)
GGT(234_2)@lab24.cpt.haw-hamburg.de 18.06 16:48:11,692| ### vote erhalten! Ich = '234_2'  Initiator = '245_3') ###
GGT(234_2)@lab24.cpt.haw-hamburg.de 18.06 16:48:11,692| Leite Anfrage (vote) an den Linken Nachbarn '2410_1' weiter (implizites Zustimmen)
GGT(234_2)@lab24.cpt.haw-hamburg.de 18.06 16:48:11,693| DISPATCHER: Leite Befehl {vote,'245_3'} an meinen Worker weiter...
GGT(234_2)@lab24.cpt.haw-hamburg.de 18.06 16:48:11,694| ### vote erhalten! Ich = '234_2'  Initiator = '245_3') ###
GGT(234_2)@lab24.cpt.haw-hamburg.de 18.06 16:48:11,694| Leite Anfrage (vote) an den Linken Nachbarn '2410_1' weiter (implizites Zustimmen)
GGT(234_2)@lab24.cpt.haw-hamburg.de 18.06 16:48:11,694| DISPATCHER: Leite Befehl {vote,'247_3'} an meinen Worker weiter...
GGT(234_2)@lab24.cpt.haw-hamburg.de 18.06 16:48:11,695| DISPATCHER: Leite Befehl {vote,'2110_3'} an meinen Worker weiter...
GGT(234_2)@lab24.cpt.haw-hamburg.de 18.06 16:48:11,696| ### vote erhalten! Ich = '234_2'  Initiator = '247_3') ###
GGT(234_2)@lab24.cpt.haw-hamburg.de 18.06 16:48:11,696| Leite Anfrage (vote) an den Linken Nachbarn '2410_1' weiter (implizites Zustimmen)
GGT(234_2)@lab24.cpt.haw-hamburg.de 18.06 16:48:11,698| DISPATCHER: Leite Befehl {vote,'243_4'} an meinen Worker weiter...
GGT(234_2)@lab24.cpt.haw-hamburg.de 18.06 16:48:11,698| ### vote erhalten! Ich = '234_2'  Initiator = '2110_3') ###
GGT(234_2)@lab24.cpt.haw-hamburg.de 18.06 16:48:11,699| Leite Anfrage (vote) an den Linken Nachbarn '2410_1' weiter (implizites Zustimmen)
GGT(234_2)@lab24.cpt.haw-hamburg.de 18.06 16:48:11,699| DISPATCHER: Leite Befehl {vote,'216_1'} an meinen Worker weiter...
GGT(234_2)@lab24.cpt.haw-hamburg.de 18.06 16:48:11,700| ### vote erhalten! Ich = '234_2'  Initiator = '243_4') ###
GGT(234_2)@lab24.cpt.haw-hamburg.de 18.06 16:48:11,701| Leite Anfrage (vote) an den Linken Nachbarn '2410_1' weiter (implizites Zustimmen)
GGT(234_2)@lab24.cpt.haw-hamburg.de 18.06 16:48:11,703| ### vote erhalten! Ich = '234_2'  Initiator = '216_1') ###
GGT(234_2)@lab24.cpt.haw-hamburg.de 18.06 16:48:11,703| Leite Anfrage (vote) an den Linken Nachbarn '2410_1' weiter (implizites Zustimmen)
GGT(234_2)@lab24.cpt.haw-hamburg.de 18.06 16:48:11,703| DISPATCHER: Leite Befehl {vote,'243_4'} an meinen Worker weiter...
GGT(234_2)@lab24.cpt.haw-hamburg.de 18.06 16:48:11,704| DISPATCHER: Leite Befehl {vote,'245_3'} an meinen Worker weiter...
GGT(234_2)@lab24.cpt.haw-hamburg.de 18.06 16:48:11,704| ### vote erhalten! Ich = '234_2'  Initiator = '243_4') ###
GGT(234_2)@lab24.cpt.haw-hamburg.de 18.06 16:48:11,704| Leite Anfrage (vote) an den Linken Nachbarn '2410_1' weiter (implizites Zustimmen)
GGT(234_2)@lab24.cpt.haw-hamburg.de 18.06 16:48:11,706| ### vote erhalten! Ich = '234_2'  Initiator = '245_3') ###
GGT(234_2)@lab24.cpt.haw-hamburg.de 18.06 16:48:11,706| Leite Anfrage (vote) an den Linken Nachbarn '2410_1' weiter (implizites Zustimmen)
GGT(234_2)@lab24.cpt.haw-hamburg.de 18.06 16:48:11,709| DISPATCHER: Leite Befehl {vote,'218_1'} an meinen Worker weiter...
GGT(234_2)@lab24.cpt.haw-hamburg.de 18.06 16:48:11,710| DISPATCHER: Leite Befehl {vote,'243_4'} an meinen Worker weiter...
GGT(234_2)@lab24.cpt.haw-hamburg.de 18.06 16:48:11,712| ### vote erhalten! Ich = '234_2'  Initiator = '218_1') ###
GGT(234_2)@lab24.cpt.haw-hamburg.de 18.06 16:48:11,712| Leite Anfrage (vote) an den Linken Nachbarn '2410_1' weiter (implizites Zustimmen)
GGT(234_2)@lab24.cpt.haw-hamburg.de 18.06 16:48:11,713| ### vote erhalten! Ich = '234_2'  Initiator = '243_4') ###
GGT(234_2)@lab24.cpt.haw-hamburg.de 18.06 16:48:11,713| Leite Anfrage (vote) an den Linken Nachbarn '2410_1' weiter (implizites Zustimmen)
GGT(234_2)@lab24.cpt.haw-hamburg.de 18.06 16:48:11,714| DISPATCHER: Leite Befehl {vote,'246_1'} an meinen Worker weiter...
GGT(234_2)@lab24.cpt.haw-hamburg.de 18.06 16:48:11,715| ### vote erhalten! Ich = '234_2'  Initiator = '246_1') ###
GGT(234_2)@lab24.cpt.haw-hamburg.de 18.06 16:48:11,715| Leite Anfrage (vote) an den Linken Nachbarn '2410_1' weiter (implizites Zustimmen)
GGT(234_2)@lab24.cpt.haw-hamburg.de 18.06 16:48:11,717| DISPATCHER: Leite Befehl {vote,'218_1'} an meinen Worker weiter...
GGT(234_2)@lab24.cpt.haw-hamburg.de 18.06 16:48:11,718| ### vote erhalten! Ich = '234_2'  Initiator = '218_1') ###
GGT(234_2)@lab24.cpt.haw-hamburg.de 18.06 16:48:11,718| Leite Anfrage (vote) an den Linken Nachbarn '2410_1' weiter (implizites Zustimmen)
GGT(234_2)@lab24.cpt.haw-hamburg.de 18.06 16:48:11,718| DISPATCHER: Leite Befehl {vote,'246_1'} an meinen Worker weiter...
