

GGT(239_1)@lab24.cpt.haw-hamburg.de 18.06 16:45:26,885| ######################## 239_1 Status: SETUP ########################


GGT(239_1)@lab24.cpt.haw-hamburg.de 18.06 16:45:26,885| ######################## 239_1 Status: INITIAL ########################
GGT(239_1)@lab24.cpt.haw-hamburg.de 18.06 16:45:26,885| REBIND
GGT(239_1)@lab24.cpt.haw-hamburg.de 18.06 16:45:26,885| CHECK_IN
GGT(239_1)@lab24.cpt.haw-hamburg.de 18.06 16:46:35,795| Nachbarn wurden mitgeteilt {L: '248_3' | R: '211_3'}
GGT(239_1)@lab24.cpt.haw-hamburg.de 18.06 16:46:35,795| DISPATCHER: Leite Befehl {rebind_res,ok} an meinen Worker weiter...


GGT(239_1)@lab24.cpt.haw-hamburg.de 18.06 16:46:35,796| ######################## 239_1 Status: PRE_PROCESS ########################
GGT(239_1)@lab24.cpt.haw-hamburg.de 18.06 16:46:53,438| DISPATCHER: Leite Befehl {set_pmi,295023300} an meinen Worker weiter...
GGT(239_1)@lab24.cpt.haw-hamburg.de 18.06 16:46:53,438| Initial Mi wurde mitgeteilt. Mi:295023300


GGT(239_1)@lab24.cpt.haw-hamburg.de 18.06 16:46:53,438| ######################## 239_1 Status: PROCESS ########################
GGT(239_1)@lab24.cpt.haw-hamburg.de 18.06 16:46:53,450| DISPATCHER: Leite Befehl {send,14121919500} an meinen Worker weiter...
GGT(239_1)@lab24.cpt.haw-hamburg.de 18.06 16:46:53,450| Send erhalten Y:14121919500
GGT(239_1)@lab24.cpt.haw-hamburg.de 18.06 16:46:53,450| ALGO: ((295023300 -1) mod 14121919500) +1     --    (TTW: 3 Sekunden)
GGT(239_1)@lab24.cpt.haw-hamburg.de 18.06 16:46:56,427| DISPATCHER: Leite Befehl {vote,'211_3'} an meinen Worker weiter...
GGT(239_1)@lab24.cpt.haw-hamburg.de 18.06 16:46:56,429| DISPATCHER: Leite Befehl {vote,'2110_2'} an meinen Worker weiter...
GGT(239_1)@lab24.cpt.haw-hamburg.de 18.06 16:46:56,435| DISPATCHER: Leite Befehl {vote,'218_3'} an meinen Worker weiter...
GGT(239_1)@lab24.cpt.haw-hamburg.de 18.06 16:46:56,438| DISPATCHER: Leite Befehl {vote,'212_2'} an meinen Worker weiter...
GGT(239_1)@lab24.cpt.haw-hamburg.de 18.06 16:46:56,440| DISPATCHER: Leite Befehl {vote,'212_3'} an meinen Worker weiter...
GGT(239_1)@lab24.cpt.haw-hamburg.de 18.06 16:46:56,442| DISPATCHER: Leite Befehl {vote,'219_1'} an meinen Worker weiter...
GGT(239_1)@lab24.cpt.haw-hamburg.de 18.06 16:46:56,443| DISPATCHER: Leite Befehl {vote,'217_2'} an meinen Worker weiter...
GGT(239_1)@lab24.cpt.haw-hamburg.de 18.06 16:46:56,445| DISPATCHER: Leite Befehl {vote,'219_3'} an meinen Worker weiter...
GGT(239_1)@lab24.cpt.haw-hamburg.de 18.06 16:46:56,448| DISPATCHER: Leite Befehl {vote,'242_3'} an meinen Worker weiter...
GGT(239_1)@lab24.cpt.haw-hamburg.de 18.06 16:46:56,449| DISPATCHER: Leite Befehl {vote,'2410_4'} an meinen Worker weiter...
GGT(239_1)@lab24.cpt.haw-hamburg.de 18.06 16:46:56,452| DISPATCHER: Leite Befehl {vote,'241_3'} an meinen Worker weiter...
GGT(239_1)@lab24.cpt.haw-hamburg.de 18.06 16:46:56,452| Mi NICHT geaendert! (ist und bleibt: 295023300)
GGT(239_1)@lab24.cpt.haw-hamburg.de 18.06 16:46:56,454| ### vote erhalten! Ich = '239_1'  Initiator = '211_3') ###
GGT(239_1)@lab24.cpt.haw-hamburg.de 18.06 16:46:56,454| Leite Anfrage (vote) an den Linken Nachbarn '248_3' weiter (implizites Zustimmen)
GGT(239_1)@lab24.cpt.haw-hamburg.de 18.06 16:46:56,456| DISPATCHER: Leite Befehl {vote,'241_4'} an meinen Worker weiter...
GGT(239_1)@lab24.cpt.haw-hamburg.de 18.06 16:46:56,457| ### vote erhalten! Ich = '239_1'  Initiator = '2110_2') ###
GGT(239_1)@lab24.cpt.haw-hamburg.de 18.06 16:46:56,457| Leite Anfrage (vote) an den Linken Nachbarn '248_3' weiter (implizites Zustimmen)
GGT(239_1)@lab24.cpt.haw-hamburg.de 18.06 16:46:56,459| DISPATCHER: Leite Befehl {vote,'242_4'} an meinen Worker weiter...
GGT(239_1)@lab24.cpt.haw-hamburg.de 18.06 16:46:56,459| ### vote erhalten! Ich = '239_1'  Initiator = '218_3') ###
GGT(239_1)@lab24.cpt.haw-hamburg.de 18.06 16:46:56,459| Leite Anfrage (vote) an den Linken Nachbarn '248_3' weiter (implizites Zustimmen)
GGT(239_1)@lab24.cpt.haw-hamburg.de 18.06 16:46:56,460| DISPATCHER: Leite Befehl {vote,'246_3'} an meinen Worker weiter...
GGT(239_1)@lab24.cpt.haw-hamburg.de 18.06 16:46:56,460| ### vote erhalten! Ich = '239_1'  Initiator = '212_2') ###
GGT(239_1)@lab24.cpt.haw-hamburg.de 18.06 16:46:56,460| Leite Anfrage (vote) an den Linken Nachbarn '248_3' weiter (implizites Zustimmen)
GGT(239_1)@lab24.cpt.haw-hamburg.de 18.06 16:46:56,461| TTT Timer ist abgelaufen. Informiere meine linken Nachbarn ('248_3') ueber vote
GGT(239_1)@lab24.cpt.haw-hamburg.de 18.06 16:46:56,461| DISPATCHER: Leite Befehl {vote,'249_1'} an meinen Worker weiter...
GGT(239_1)@lab24.cpt.haw-hamburg.de 18.06 16:46:56,462| ### vote erhalten! Ich = '239_1'  Initiator = '212_3') ###
GGT(239_1)@lab24.cpt.haw-hamburg.de 18.06 16:46:56,462| DISPATCHER: Leite Befehl {vote,'245_2'} an meinen Worker weiter...
GGT(239_1)@lab24.cpt.haw-hamburg.de 18.06 16:46:56,462| Leite Anfrage (vote) an den Linken Nachbarn '248_3' weiter (implizites Zustimmen)
GGT(239_1)@lab24.cpt.haw-hamburg.de 18.06 16:46:56,463| DISPATCHER: Leite Befehl {vote,'244_1'} an meinen Worker weiter...
GGT(239_1)@lab24.cpt.haw-hamburg.de 18.06 16:46:56,465| ### vote erhalten! Ich = '239_1'  Initiator = '219_1') ###
GGT(239_1)@lab24.cpt.haw-hamburg.de 18.06 16:46:56,465| Leite Anfrage (vote) an den Linken Nachbarn '248_3' weiter (implizites Zustimmen)
GGT(239_1)@lab24.cpt.haw-hamburg.de 18.06 16:46:56,468| ### vote erhalten! Ich = '239_1'  Initiator = '217_2') ###
GGT(239_1)@lab24.cpt.haw-hamburg.de 18.06 16:46:56,468| Leite Anfrage (vote) an den Linken Nachbarn '248_3' weiter (implizites Zustimmen)
GGT(239_1)@lab24.cpt.haw-hamburg.de 18.06 16:46:56,468| DISPATCHER: Leite Befehl {vote,'216_2'} an meinen Worker weiter...
GGT(239_1)@lab24.cpt.haw-hamburg.de 18.06 16:46:56,470| ### vote erhalten! Ich = '239_1'  Initiator = '219_3') ###
GGT(239_1)@lab24.cpt.haw-hamburg.de 18.06 16:46:56,470| Leite Anfrage (vote) an den Linken Nachbarn '248_3' weiter (implizites Zustimmen)
GGT(239_1)@lab24.cpt.haw-hamburg.de 18.06 16:46:56,473| ### vote erhalten! Ich = '239_1'  Initiator = '242_3') ###
GGT(239_1)@lab24.cpt.haw-hamburg.de 18.06 16:46:56,473| Leite Anfrage (vote) an den Linken Nachbarn '248_3' weiter (implizites Zustimmen)
GGT(239_1)@lab24.cpt.haw-hamburg.de 18.06 16:46:56,474| DISPATCHER: Leite Befehl {vote,'239_2'} an meinen Worker weiter...
GGT(239_1)@lab24.cpt.haw-hamburg.de 18.06 16:46:56,474| ### vote erhalten! Ich = '239_1'  Initiator = '2410_4') ###
GGT(239_1)@lab24.cpt.haw-hamburg.de 18.06 16:46:56,474| Leite Anfrage (vote) an den Linken Nachbarn '248_3' weiter (implizites Zustimmen)
GGT(239_1)@lab24.cpt.haw-hamburg.de 18.06 16:46:56,476| ### vote erhalten! Ich = '239_1'  Initiator = '241_3') ###
GGT(239_1)@lab24.cpt.haw-hamburg.de 18.06 16:46:56,476| Leite Anfrage (vote) an den Linken Nachbarn '248_3' weiter (implizites Zustimmen)
GGT(239_1)@lab24.cpt.haw-hamburg.de 18.06 16:46:56,477| ### vote erhalten! Ich = '239_1'  Initiator = '241_4') ###
GGT(239_1)@lab24.cpt.haw-hamburg.de 18.06 16:46:56,477| Leite Anfrage (vote) an den Linken Nachbarn '248_3' weiter (implizites Zustimmen)
GGT(239_1)@lab24.cpt.haw-hamburg.de 18.06 16:46:56,478| DISPATCHER: Leite Befehl {vote,'245_1'} an meinen Worker weiter...
GGT(239_1)@lab24.cpt.haw-hamburg.de 18.06 16:46:56,478| ### vote erhalten! Ich = '239_1'  Initiator = '242_4') ###
GGT(239_1)@lab24.cpt.haw-hamburg.de 18.06 16:46:56,478| Leite Anfrage (vote) an den Linken Nachbarn '248_3' weiter (implizites Zustimmen)
GGT(239_1)@lab24.cpt.haw-hamburg.de 18.06 16:46:56,479| ### vote erhalten! Ich = '239_1'  Initiator = '246_3') ###
GGT(239_1)@lab24.cpt.haw-hamburg.de 18.06 16:46:56,479| Leite Anfrage (vote) an den Linken Nachbarn '248_3' weiter (implizites Zustimmen)
GGT(239_1)@lab24.cpt.haw-hamburg.de 18.06 16:46:56,481| ### vote erhalten! Ich = '239_1'  Initiator = '249_1') ###
GGT(239_1)@lab24.cpt.haw-hamburg.de 18.06 16:46:56,481| Leite Anfrage (vote) an den Linken Nachbarn '248_3' weiter (implizites Zustimmen)
GGT(239_1)@lab24.cpt.haw-hamburg.de 18.06 16:46:56,482| ### vote erhalten! Ich = '239_1'  Initiator = '245_2') ###
GGT(239_1)@lab24.cpt.haw-hamburg.de 18.06 16:46:56,482| Leite Anfrage (vote) an den Linken Nachbarn '248_3' weiter (implizites Zustimmen)
GGT(239_1)@lab24.cpt.haw-hamburg.de 18.06 16:46:56,483| ### vote erhalten! Ich = '239_1'  Initiator = '244_1') ###
GGT(239_1)@lab24.cpt.haw-hamburg.de 18.06 16:46:56,483| Leite Anfrage (vote) an den Linken Nachbarn '248_3' weiter (implizites Zustimmen)
GGT(239_1)@lab24.cpt.haw-hamburg.de 18.06 16:46:56,483| ### vote erhalten! Ich = '239_1'  Initiator = '216_2') ###
GGT(239_1)@lab24.cpt.haw-hamburg.de 18.06 16:46:56,483| Leite Anfrage (vote) an den Linken Nachbarn '248_3' weiter (implizites Zustimmen)
GGT(239_1)@lab24.cpt.haw-hamburg.de 18.06 16:46:56,484| ### vote erhalten! Ich = '239_1'  Initiator = '239_2') ###
GGT(239_1)@lab24.cpt.haw-hamburg.de 18.06 16:46:56,484| Leite Anfrage (vote) an den Linken Nachbarn '248_3' weiter (implizites Zustimmen)
GGT(239_1)@lab24.cpt.haw-hamburg.de 18.06 16:46:56,485| ### vote erhalten! Ich = '239_1'  Initiator = '245_1') ###
GGT(239_1)@lab24.cpt.haw-hamburg.de 18.06 16:46:56,485| Leite Anfrage (vote) an den Linken Nachbarn '248_3' weiter (implizites Zustimmen)
GGT(239_1)@lab24.cpt.haw-hamburg.de 18.06 16:47:05,471| DISPATCHER: Leite Befehl {vote,'217_2'} an meinen Worker weiter...
GGT(239_1)@lab24.cpt.haw-hamburg.de 18.06 16:47:05,472| ### vote erhalten! Ich = '239_1'  Initiator = '217_2') ###
GGT(239_1)@lab24.cpt.haw-hamburg.de 18.06 16:47:05,472| Leite Anfrage (vote) an den Linken Nachbarn '248_3' weiter (implizites Zustimmen)
GGT(239_1)@lab24.cpt.haw-hamburg.de 18.06 16:47:05,477| DISPATCHER: Leite Befehl {vote,'245_1'} an meinen Worker weiter...
GGT(239_1)@lab24.cpt.haw-hamburg.de 18.06 16:47:05,477| ### vote erhalten! Ich = '239_1'  Initiator = '245_1') ###
GGT(239_1)@lab24.cpt.haw-hamburg.de 18.06 16:47:05,477| Leite Anfrage (vote) an den Linken Nachbarn '248_3' weiter (implizites Zustimmen)
GGT(239_1)@lab24.cpt.haw-hamburg.de 18.06 16:47:05,477| DISPATCHER: Leite Befehl {vote,'239_2'} an meinen Worker weiter...
GGT(239_1)@lab24.cpt.haw-hamburg.de 18.06 16:47:05,478| ### vote erhalten! Ich = '239_1'  Initiator = '239_2') ###
GGT(239_1)@lab24.cpt.haw-hamburg.de 18.06 16:47:05,478| Leite Anfrage (vote) an den Linken Nachbarn '248_3' weiter (implizites Zustimmen)
GGT(239_1)@lab24.cpt.haw-hamburg.de 18.06 16:47:59,493| DISPATCHER: Leite Befehl {send,100} an meinen Worker weiter...
GGT(239_1)@lab24.cpt.haw-hamburg.de 18.06 16:47:59,493| Send erhalten Y:100
GGT(239_1)@lab24.cpt.haw-hamburg.de 18.06 16:47:59,493| ALGO: ((295023300 -1) mod 100) +1     --    (TTW: 3 Sekunden)
GGT(239_1)@lab24.cpt.haw-hamburg.de 18.06 16:47:59,494| DISPATCHER: Leite Befehl {send,100} an meinen Worker weiter...
GGT(239_1)@lab24.cpt.haw-hamburg.de 18.06 16:48:02,494| informiere (brief_mi) Koordinator coordinator ueber neuen Mi:100
GGT(239_1)@lab24.cpt.haw-hamburg.de 18.06 16:48:02,494| Sende (send) Nachbarn '248_3' und '211_3' neuen Mi:100
GGT(239_1)@lab24.cpt.haw-hamburg.de 18.06 16:48:02,495| Send erhalten Y:100
GGT(239_1)@lab24.cpt.haw-hamburg.de 18.06 16:48:02,495| ALGO: ((100 -1) mod 100) +1     --    (TTW: 3 Sekunden)
GGT(239_1)@lab24.cpt.haw-hamburg.de 18.06 16:48:05,489| DISPATCHER: Leite Befehl {send,100} an meinen Worker weiter...
GGT(239_1)@lab24.cpt.haw-hamburg.de 18.06 16:48:05,496| Mi NICHT geaendert! (ist und bleibt: 100)
GGT(239_1)@lab24.cpt.haw-hamburg.de 18.06 16:48:05,496| Send erhalten Y:100
GGT(239_1)@lab24.cpt.haw-hamburg.de 18.06 16:48:05,497| ALGO: ((100 -1) mod 100) +1     --    (TTW: 3 Sekunden)
GGT(239_1)@lab24.cpt.haw-hamburg.de 18.06 16:48:08,490| DISPATCHER: Leite Befehl {vote,'211_3'} an meinen Worker weiter...
GGT(239_1)@lab24.cpt.haw-hamburg.de 18.06 16:48:08,494| DISPATCHER: Leite Befehl {vote,'246_3'} an meinen Worker weiter...
GGT(239_1)@lab24.cpt.haw-hamburg.de 18.06 16:48:08,495| DISPATCHER: Leite Befehl {vote,'242_3'} an meinen Worker weiter...
GGT(239_1)@lab24.cpt.haw-hamburg.de 18.06 16:48:08,496| DISPATCHER: Leite Befehl {vote,'242_3'} an meinen Worker weiter...
GGT(239_1)@lab24.cpt.haw-hamburg.de 18.06 16:48:08,497| DISPATCHER: Leite Befehl {vote,'249_1'} an meinen Worker weiter...
GGT(239_1)@lab24.cpt.haw-hamburg.de 18.06 16:48:08,498| Mi NICHT geaendert! (ist und bleibt: 100)
GGT(239_1)@lab24.cpt.haw-hamburg.de 18.06 16:48:08,498| TTT Timer ist abgelaufen. Informiere meine linken Nachbarn ('248_3') ueber vote
GGT(239_1)@lab24.cpt.haw-hamburg.de 18.06 16:48:08,499| DISPATCHER: Leite Befehl {vote,'242_3'} an meinen Worker weiter...
GGT(239_1)@lab24.cpt.haw-hamburg.de 18.06 16:48:08,499| ### vote erhalten! Ich = '239_1'  Initiator = '211_3') ###
GGT(239_1)@lab24.cpt.haw-hamburg.de 18.06 16:48:08,499| implizit abgelehnt
GGT(239_1)@lab24.cpt.haw-hamburg.de 18.06 16:48:08,499| DISPATCHER: Leite Befehl {vote,'246_3'} an meinen Worker weiter...
GGT(239_1)@lab24.cpt.haw-hamburg.de 18.06 16:48:08,500| ### vote erhalten! Ich = '239_1'  Initiator = '246_3') ###
GGT(239_1)@lab24.cpt.haw-hamburg.de 18.06 16:48:08,500| Leite Anfrage (vote) an den Linken Nachbarn '248_3' weiter (implizites Zustimmen)
GGT(239_1)@lab24.cpt.haw-hamburg.de 18.06 16:48:08,500| DISPATCHER: Leite Befehl {vote,'2110_2'} an meinen Worker weiter...
GGT(239_1)@lab24.cpt.haw-hamburg.de 18.06 16:48:08,501| ### vote erhalten! Ich = '239_1'  Initiator = '242_3') ###
GGT(239_1)@lab24.cpt.haw-hamburg.de 18.06 16:48:08,501| Leite Anfrage (vote) an den Linken Nachbarn '248_3' weiter (implizites Zustimmen)
GGT(239_1)@lab24.cpt.haw-hamburg.de 18.06 16:48:08,501| DISPATCHER: Leite Befehl {vote,'249_1'} an meinen Worker weiter...
GGT(239_1)@lab24.cpt.haw-hamburg.de 18.06 16:48:08,502| ### vote erhalten! Ich = '239_1'  Initiator = '242_3') ###
GGT(239_1)@lab24.cpt.haw-hamburg.de 18.06 16:48:08,502| Leite Anfrage (vote) an den Linken Nachbarn '248_3' weiter (implizites Zustimmen)
GGT(239_1)@lab24.cpt.haw-hamburg.de 18.06 16:48:08,502| TTT Timer ist abgelaufen. Informiere meine linken Nachbarn ('248_3') ueber vote
GGT(239_1)@lab24.cpt.haw-hamburg.de 18.06 16:48:08,502| DISPATCHER: Leite Befehl {vote,'246_3'} an meinen Worker weiter...
GGT(239_1)@lab24.cpt.haw-hamburg.de 18.06 16:48:08,503| ### vote erhalten! Ich = '239_1'  Initiator = '249_1') ###
GGT(239_1)@lab24.cpt.haw-hamburg.de 18.06 16:48:08,503| Leite Anfrage (vote) an den Linken Nachbarn '248_3' weiter (implizites Zustimmen)
GGT(239_1)@lab24.cpt.haw-hamburg.de 18.06 16:48:08,503| DISPATCHER: Leite Befehl {vote,'246_3'} an meinen Worker weiter...
GGT(239_1)@lab24.cpt.haw-hamburg.de 18.06 16:48:08,504| ### vote erhalten! Ich = '239_1'  Initiator = '242_3') ###
GGT(239_1)@lab24.cpt.haw-hamburg.de 18.06 16:48:08,504| Leite Anfrage (vote) an den Linken Nachbarn '248_3' weiter (implizites Zustimmen)
GGT(239_1)@lab24.cpt.haw-hamburg.de 18.06 16:48:08,504| DISPATCHER: Leite Befehl {vote,'246_3'} an meinen Worker weiter...
GGT(239_1)@lab24.cpt.haw-hamburg.de 18.06 16:48:08,506| ### vote erhalten! Ich = '239_1'  Initiator = '246_3') ###
GGT(239_1)@lab24.cpt.haw-hamburg.de 18.06 16:48:08,506| Leite Anfrage (vote) an den Linken Nachbarn '248_3' weiter (implizites Zustimmen)
GGT(239_1)@lab24.cpt.haw-hamburg.de 18.06 16:48:08,507| ### vote erhalten! Ich = '239_1'  Initiator = '2110_2') ###
GGT(239_1)@lab24.cpt.haw-hamburg.de 18.06 16:48:08,507| Leite Anfrage (vote) an den Linken Nachbarn '248_3' weiter (implizites Zustimmen)
GGT(239_1)@lab24.cpt.haw-hamburg.de 18.06 16:48:08,508| ### vote erhalten! Ich = '239_1'  Initiator = '249_1') ###
GGT(239_1)@lab24.cpt.haw-hamburg.de 18.06 16:48:08,508| Leite Anfrage (vote) an den Linken Nachbarn '248_3' weiter (implizites Zustimmen)
GGT(239_1)@lab24.cpt.haw-hamburg.de 18.06 16:48:08,509| ### vote erhalten! Ich = '239_1'  Initiator = '246_3') ###
GGT(239_1)@lab24.cpt.haw-hamburg.de 18.06 16:48:08,509| Leite Anfrage (vote) an den Linken Nachbarn '248_3' weiter (implizites Zustimmen)
GGT(239_1)@lab24.cpt.haw-hamburg.de 18.06 16:48:08,510| ### vote erhalten! Ich = '239_1'  Initiator = '246_3') ###
GGT(239_1)@lab24.cpt.haw-hamburg.de 18.06 16:48:08,510| Leite Anfrage (vote) an den Linken Nachbarn '248_3' weiter (implizites Zustimmen)
GGT(239_1)@lab24.cpt.haw-hamburg.de 18.06 16:48:08,511| ### vote erhalten! Ich = '239_1'  Initiator = '246_3') ###
GGT(239_1)@lab24.cpt.haw-hamburg.de 18.06 16:48:08,511| Leite Anfrage (vote) an den Linken Nachbarn '248_3' weiter (implizites Zustimmen)
GGT(239_1)@lab24.cpt.haw-hamburg.de 18.06 16:48:11,496| DISPATCHER: Leite Befehl {vote,'242_3'} an meinen Worker weiter...
GGT(239_1)@lab24.cpt.haw-hamburg.de 18.06 16:48:11,497| ### vote erhalten! Ich = '239_1'  Initiator = '242_3') ###
GGT(239_1)@lab24.cpt.haw-hamburg.de 18.06 16:48:11,497| Leite Anfrage (vote) an den Linken Nachbarn '248_3' weiter (implizites Zustimmen)
GGT(239_1)@lab24.cpt.haw-hamburg.de 18.06 16:48:11,498| DISPATCHER: Leite Befehl {vote,'2110_2'} an meinen Worker weiter...
GGT(239_1)@lab24.cpt.haw-hamburg.de 18.06 16:48:11,498| ### vote erhalten! Ich = '239_1'  Initiator = '2110_2') ###
GGT(239_1)@lab24.cpt.haw-hamburg.de 18.06 16:48:11,498| Leite Anfrage (vote) an den Linken Nachbarn '248_3' weiter (implizites Zustimmen)
GGT(239_1)@lab24.cpt.haw-hamburg.de 18.06 16:48:11,498| DISPATCHER: Leite Befehl {vote,'246_3'} an meinen Worker weiter...
GGT(239_1)@lab24.cpt.haw-hamburg.de 18.06 16:48:11,499| ### vote erhalten! Ich = '239_1'  Initiator = '246_3') ###
GGT(239_1)@lab24.cpt.haw-hamburg.de 18.06 16:48:11,499| Leite Anfrage (vote) an den Linken Nachbarn '248_3' weiter (implizites Zustimmen)
GGT(239_1)@lab24.cpt.haw-hamburg.de 18.06 16:48:11,500| DISPATCHER: Leite Befehl {vote,'249_1'} an meinen Worker weiter...
GGT(239_1)@lab24.cpt.haw-hamburg.de 18.06 16:48:11,500| ### vote erhalten! Ich = '239_1'  Initiator = '249_1') ###
GGT(239_1)@lab24.cpt.haw-hamburg.de 18.06 16:48:11,501| Leite Anfrage (vote) an den Linken Nachbarn '248_3' weiter (implizites Zustimmen)
GGT(239_1)@lab24.cpt.haw-hamburg.de 18.06 16:48:11,501| DISPATCHER: Leite Befehl {vote,'2410_4'} an meinen Worker weiter...
GGT(239_1)@lab24.cpt.haw-hamburg.de 18.06 16:48:11,502| ### vote erhalten! Ich = '239_1'  Initiator = '2410_4') ###
GGT(239_1)@lab24.cpt.haw-hamburg.de 18.06 16:48:11,502| Leite Anfrage (vote) an den Linken Nachbarn '248_3' weiter (implizites Zustimmen)
GGT(239_1)@lab24.cpt.haw-hamburg.de 18.06 16:48:11,502| DISPATCHER: Leite Befehl {vote,'216_2'} an meinen Worker weiter...
GGT(239_1)@lab24.cpt.haw-hamburg.de 18.06 16:48:11,503| ### vote erhalten! Ich = '239_1'  Initiator = '216_2') ###
GGT(239_1)@lab24.cpt.haw-hamburg.de 18.06 16:48:11,503| Leite Anfrage (vote) an den Linken Nachbarn '248_3' weiter (implizites Zustimmen)
GGT(239_1)@lab24.cpt.haw-hamburg.de 18.06 16:48:11,503| DISPATCHER: Leite Befehl {vote,'212_2'} an meinen Worker weiter...
GGT(239_1)@lab24.cpt.haw-hamburg.de 18.06 16:48:11,504| ### vote erhalten! Ich = '239_1'  Initiator = '212_2') ###
GGT(239_1)@lab24.cpt.haw-hamburg.de 18.06 16:48:11,504| Leite Anfrage (vote) an den Linken Nachbarn '248_3' weiter (implizites Zustimmen)
GGT(239_1)@lab24.cpt.haw-hamburg.de 18.06 16:48:11,505| DISPATCHER: Leite Befehl {vote,'2410_4'} an meinen Worker weiter...
GGT(239_1)@lab24.cpt.haw-hamburg.de 18.06 16:48:11,506| ### vote erhalten! Ich = '239_1'  Initiator = '2410_4') ###
GGT(239_1)@lab24.cpt.haw-hamburg.de 18.06 16:48:11,506| Leite Anfrage (vote) an den Linken Nachbarn '248_3' weiter (implizites Zustimmen)
GGT(239_1)@lab24.cpt.haw-hamburg.de 18.06 16:48:11,506| DISPATCHER: Leite Befehl {vote,'249_1'} an meinen Worker weiter...
GGT(239_1)@lab24.cpt.haw-hamburg.de 18.06 16:48:11,508| ### vote erhalten! Ich = '239_1'  Initiator = '249_1') ###
GGT(239_1)@lab24.cpt.haw-hamburg.de 18.06 16:48:11,508| Leite Anfrage (vote) an den Linken Nachbarn '248_3' weiter (implizites Zustimmen)
GGT(239_1)@lab24.cpt.haw-hamburg.de 18.06 16:48:11,510| DISPATCHER: Leite Befehl {vote,'242_4'} an meinen Worker weiter...
GGT(239_1)@lab24.cpt.haw-hamburg.de 18.06 16:48:11,511| ### vote erhalten! Ich = '239_1'  Initiator = '242_4') ###
GGT(239_1)@lab24.cpt.haw-hamburg.de 18.06 16:48:11,511| Leite Anfrage (vote) an den Linken Nachbarn '248_3' weiter (implizites Zustimmen)
GGT(239_1)@lab24.cpt.haw-hamburg.de 18.06 16:48:11,511| DISPATCHER: Leite Befehl {vote,'241_3'} an meinen Worker weiter...
GGT(239_1)@lab24.cpt.haw-hamburg.de 18.06 16:48:11,512| ### vote erhalten! Ich = '239_1'  Initiator = '241_3') ###
GGT(239_1)@lab24.cpt.haw-hamburg.de 18.06 16:48:11,512| Leite Anfrage (vote) an den Linken Nachbarn '248_3' weiter (implizites Zustimmen)
GGT(239_1)@lab24.cpt.haw-hamburg.de 18.06 16:48:11,513| DISPATCHER: Leite Befehl {vote,'219_1'} an meinen Worker weiter...
GGT(239_1)@lab24.cpt.haw-hamburg.de 18.06 16:48:11,516| ### vote erhalten! Ich = '239_1'  Initiator = '219_1') ###
GGT(239_1)@lab24.cpt.haw-hamburg.de 18.06 16:48:11,516| Leite Anfrage (vote) an den Linken Nachbarn '248_3' weiter (implizites Zustimmen)
GGT(239_1)@lab24.cpt.haw-hamburg.de 18.06 16:48:11,516| DISPATCHER: Leite Befehl {vote,'242_4'} an meinen Worker weiter...
GGT(239_1)@lab24.cpt.haw-hamburg.de 18.06 16:48:11,518| DISPATCHER: Leite Befehl {vote,'212_3'} an meinen Worker weiter...
GGT(239_1)@lab24.cpt.haw-hamburg.de 18.06 16:48:11,518| ### vote erhalten! Ich = '239_1'  Initiator = '242_4') ###
GGT(239_1)@lab24.cpt.haw-hamburg.de 18.06 16:48:11,518| Leite Anfrage (vote) an den Linken Nachbarn '248_3' weiter (implizites Zustimmen)
GGT(239_1)@lab24.cpt.haw-hamburg.de 18.06 16:48:11,519| DISPATCHER: Leite Befehl {vote,'245_2'} an meinen Worker weiter...
GGT(239_1)@lab24.cpt.haw-hamburg.de 18.06 16:48:11,519| ### vote erhalten! Ich = '239_1'  Initiator = '212_3') ###
GGT(239_1)@lab24.cpt.haw-hamburg.de 18.06 16:48:11,519| Leite Anfrage (vote) an den Linken Nachbarn '248_3' weiter (implizites Zustimmen)
GGT(239_1)@lab24.cpt.haw-hamburg.de 18.06 16:48:11,521| ### vote erhalten! Ich = '239_1'  Initiator = '245_2') ###
GGT(239_1)@lab24.cpt.haw-hamburg.de 18.06 16:48:11,521| Leite Anfrage (vote) an den Linken Nachbarn '248_3' weiter (implizites Zustimmen)
GGT(239_1)@lab24.cpt.haw-hamburg.de 18.06 16:48:11,522| DISPATCHER: Leite Befehl {vote,'2410_4'} an meinen Worker weiter...
GGT(239_1)@lab24.cpt.haw-hamburg.de 18.06 16:48:11,523| ### vote erhalten! Ich = '239_1'  Initiator = '2410_4') ###
GGT(239_1)@lab24.cpt.haw-hamburg.de 18.06 16:48:11,523| Leite Anfrage (vote) an den Linken Nachbarn '248_3' weiter (implizites Zustimmen)
GGT(239_1)@lab24.cpt.haw-hamburg.de 18.06 16:48:11,524| DISPATCHER: Leite Befehl {vote,'241_3'} an meinen Worker weiter...
GGT(239_1)@lab24.cpt.haw-hamburg.de 18.06 16:48:11,525| ### vote erhalten! Ich = '239_1'  Initiator = '241_3') ###
GGT(239_1)@lab24.cpt.haw-hamburg.de 18.06 16:48:11,525| Leite Anfrage (vote) an den Linken Nachbarn '248_3' weiter (implizites Zustimmen)
GGT(239_1)@lab24.cpt.haw-hamburg.de 18.06 16:48:11,528| DISPATCHER: Leite Befehl {vote,'241_3'} an meinen Worker weiter...
GGT(239_1)@lab24.cpt.haw-hamburg.de 18.06 16:48:11,529| DISPATCHER: Leite Befehl {vote,'219_1'} an meinen Worker weiter...
GGT(239_1)@lab24.cpt.haw-hamburg.de 18.06 16:48:11,529| ### vote erhalten! Ich = '239_1'  Initiator = '241_3') ###
GGT(239_1)@lab24.cpt.haw-hamburg.de 18.06 16:48:11,529| Leite Anfrage (vote) an den Linken Nachbarn '248_3' weiter (implizites Zustimmen)
GGT(239_1)@lab24.cpt.haw-hamburg.de 18.06 16:48:11,531| DISPATCHER: Leite Befehl {vote,'247_3'} an meinen Worker weiter...
GGT(239_1)@lab24.cpt.haw-hamburg.de 18.06 16:48:11,531| ### vote erhalten! Ich = '239_1'  Initiator = '219_1') ###
GGT(239_1)@lab24.cpt.haw-hamburg.de 18.06 16:48:11,531| Leite Anfrage (vote) an den Linken Nachbarn '248_3' weiter (implizites Zustimmen)
GGT(239_1)@lab24.cpt.haw-hamburg.de 18.06 16:48:11,533| DISPATCHER: Leite Befehl {vote,'245_1'} an meinen Worker weiter...
GGT(239_1)@lab24.cpt.haw-hamburg.de 18.06 16:48:11,536| ### vote erhalten! Ich = '239_1'  Initiator = '247_3') ###
GGT(239_1)@lab24.cpt.haw-hamburg.de 18.06 16:48:11,536| Leite Anfrage (vote) an den Linken Nachbarn '248_3' weiter (implizites Zustimmen)
GGT(239_1)@lab24.cpt.haw-hamburg.de 18.06 16:48:11,538| DISPATCHER: Leite Befehl {vote,'241_3'} an meinen Worker weiter...
GGT(239_1)@lab24.cpt.haw-hamburg.de 18.06 16:48:11,538| ### vote erhalten! Ich = '239_1'  Initiator = '245_1') ###
GGT(239_1)@lab24.cpt.haw-hamburg.de 18.06 16:48:11,538| Leite Anfrage (vote) an den Linken Nachbarn '248_3' weiter (implizites Zustimmen)
GGT(239_1)@lab24.cpt.haw-hamburg.de 18.06 16:48:11,540| DISPATCHER: Leite Befehl {vote,'245_1'} an meinen Worker weiter...
GGT(239_1)@lab24.cpt.haw-hamburg.de 18.06 16:48:11,540| ### vote erhalten! Ich = '239_1'  Initiator = '241_3') ###
GGT(239_1)@lab24.cpt.haw-hamburg.de 18.06 16:48:11,541| Leite Anfrage (vote) an den Linken Nachbarn '248_3' weiter (implizites Zustimmen)
GGT(239_1)@lab24.cpt.haw-hamburg.de 18.06 16:48:11,542| DISPATCHER: Leite Befehl {vote,'247_3'} an meinen Worker weiter...
GGT(239_1)@lab24.cpt.haw-hamburg.de 18.06 16:48:11,543| ### vote erhalten! Ich = '239_1'  Initiator = '245_1') ###
GGT(239_1)@lab24.cpt.haw-hamburg.de 18.06 16:48:11,543| Leite Anfrage (vote) an den Linken Nachbarn '248_3' weiter (implizites Zustimmen)
GGT(239_1)@lab24.cpt.haw-hamburg.de 18.06 16:48:11,544| DISPATCHER: Leite Befehl {vote,'243_4'} an meinen Worker weiter...
GGT(239_1)@lab24.cpt.haw-hamburg.de 18.06 16:48:11,545| ### vote erhalten! Ich = '239_1'  Initiator = '247_3') ###
GGT(239_1)@lab24.cpt.haw-hamburg.de 18.06 16:48:11,545| Leite Anfrage (vote) an den Linken Nachbarn '248_3' weiter (implizites Zustimmen)
GGT(239_1)@lab24.cpt.haw-hamburg.de 18.06 16:48:11,547| DISPATCHER: Leite Befehl {vote,'219_4'} an meinen Worker weiter...
GGT(239_1)@lab24.cpt.haw-hamburg.de 18.06 16:48:11,547| ### vote erhalten! Ich = '239_1'  Initiator = '243_4') ###
GGT(239_1)@lab24.cpt.haw-hamburg.de 18.06 16:48:11,547| Leite Anfrage (vote) an den Linken Nachbarn '248_3' weiter (implizites Zustimmen)
GGT(239_1)@lab24.cpt.haw-hamburg.de 18.06 16:48:11,549| DISPATCHER: Leite Befehl {vote,'243_4'} an meinen Worker weiter...
GGT(239_1)@lab24.cpt.haw-hamburg.de 18.06 16:48:11,549| ### vote erhalten! Ich = '239_1'  Initiator = '219_4') ###
GGT(239_1)@lab24.cpt.haw-hamburg.de 18.06 16:48:11,549| Leite Anfrage (vote) an den Linken Nachbarn '248_3' weiter (implizites Zustimmen)
GGT(239_1)@lab24.cpt.haw-hamburg.de 18.06 16:48:11,551| DISPATCHER: Leite Befehl {vote,'247_3'} an meinen Worker weiter...
GGT(239_1)@lab24.cpt.haw-hamburg.de 18.06 16:48:11,552| ### vote erhalten! Ich = '239_1'  Initiator = '243_4') ###
GGT(239_1)@lab24.cpt.haw-hamburg.de 18.06 16:48:11,552| Leite Anfrage (vote) an den Linken Nachbarn '248_3' weiter (implizites Zustimmen)
GGT(239_1)@lab24.cpt.haw-hamburg.de 18.06 16:48:11,554| DISPATCHER: Leite Befehl {vote,'241_3'} an meinen Worker weiter...
GGT(239_1)@lab24.cpt.haw-hamburg.de 18.06 16:48:11,555| ### vote erhalten! Ich = '239_1'  Initiator = '247_3') ###
GGT(239_1)@lab24.cpt.haw-hamburg.de 18.06 16:48:11,555| Leite Anfrage (vote) an den Linken Nachbarn '248_3' weiter (implizites Zustimmen)
GGT(239_1)@lab24.cpt.haw-hamburg.de 18.06 16:48:11,556| DISPATCHER: Leite Befehl {vote,'242_4'} an meinen Worker weiter...
GGT(239_1)@lab24.cpt.haw-hamburg.de 18.06 16:48:11,557| ### vote erhalten! Ich = '239_1'  Initiator = '241_3') ###
GGT(239_1)@lab24.cpt.haw-hamburg.de 18.06 16:48:11,558| Leite Anfrage (vote) an den Linken Nachbarn '248_3' weiter (implizites Zustimmen)
GGT(239_1)@lab24.cpt.haw-hamburg.de 18.06 16:48:11,558| DISPATCHER: Leite Befehl {vote,'241_4'} an meinen Worker weiter...
GGT(239_1)@lab24.cpt.haw-hamburg.de 18.06 16:48:11,560| ### vote erhalten! Ich = '239_1'  Initiator = '242_4') ###
GGT(239_1)@lab24.cpt.haw-hamburg.de 18.06 16:48:11,560| Leite Anfrage (vote) an den Linken Nachbarn '248_3' weiter (implizites Zustimmen)
GGT(239_1)@lab24.cpt.haw-hamburg.de 18.06 16:48:11,560| DISPATCHER: Leite Befehl {vote,'241_4'} an meinen Worker weiter...
GGT(239_1)@lab24.cpt.haw-hamburg.de 18.06 16:48:11,562| ### vote erhalten! Ich = '239_1'  Initiator = '241_4') ###
GGT(239_1)@lab24.cpt.haw-hamburg.de 18.06 16:48:11,562| Leite Anfrage (vote) an den Linken Nachbarn '248_3' weiter (implizites Zustimmen)
GGT(239_1)@lab24.cpt.haw-hamburg.de 18.06 16:48:11,563| DISPATCHER: Leite Befehl {vote,'242_4'} an meinen Worker weiter...
GGT(239_1)@lab24.cpt.haw-hamburg.de 18.06 16:48:11,565| ### vote erhalten! Ich = '239_1'  Initiator = '241_4') ###
GGT(239_1)@lab24.cpt.haw-hamburg.de 18.06 16:48:11,565| Leite Anfrage (vote) an den Linken Nachbarn '248_3' weiter (implizites Zustimmen)
GGT(239_1)@lab24.cpt.haw-hamburg.de 18.06 16:48:11,565| DISPATCHER: Leite Befehl {vote,'247_1'} an meinen Worker weiter...
GGT(239_1)@lab24.cpt.haw-hamburg.de 18.06 16:48:11,567| DISPATCHER: Leite Befehl {vote,'247_3'} an meinen Worker weiter...
GGT(239_1)@lab24.cpt.haw-hamburg.de 18.06 16:48:11,567| ### vote erhalten! Ich = '239_1'  Initiator = '242_4') ###
GGT(239_1)@lab24.cpt.haw-hamburg.de 18.06 16:48:11,567| Leite Anfrage (vote) an den Linken Nachbarn '248_3' weiter (implizites Zustimmen)
GGT(239_1)@lab24.cpt.haw-hamburg.de 18.06 16:48:11,569| ### vote erhalten! Ich = '239_1'  Initiator = '247_1') ###
GGT(239_1)@lab24.cpt.haw-hamburg.de 18.06 16:48:11,569| Leite Anfrage (vote) an den Linken Nachbarn '248_3' weiter (implizites Zustimmen)
GGT(239_1)@lab24.cpt.haw-hamburg.de 18.06 16:48:11,569| DISPATCHER: Leite Befehl {vote,'241_3'} an meinen Worker weiter...
GGT(239_1)@lab24.cpt.haw-hamburg.de 18.06 16:48:11,572| DISPATCHER: Leite Befehl {vote,'242_4'} an meinen Worker weiter...
GGT(239_1)@lab24.cpt.haw-hamburg.de 18.06 16:48:11,572| ### vote erhalten! Ich = '239_1'  Initiator = '247_3') ###
GGT(239_1)@lab24.cpt.haw-hamburg.de 18.06 16:48:11,573| Leite Anfrage (vote) an den Linken Nachbarn '248_3' weiter (implizites Zustimmen)
GGT(239_1)@lab24.cpt.haw-hamburg.de 18.06 16:48:11,575| DISPATCHER: Leite Befehl {vote,'243_4'} an meinen Worker weiter...
GGT(239_1)@lab24.cpt.haw-hamburg.de 18.06 16:48:11,575| ### vote erhalten! Ich = '239_1'  Initiator = '241_3') ###
GGT(239_1)@lab24.cpt.haw-hamburg.de 18.06 16:48:11,575| Leite Anfrage (vote) an den Linken Nachbarn '248_3' weiter (implizites Zustimmen)
GGT(239_1)@lab24.cpt.haw-hamburg.de 18.06 16:48:11,576| DISPATCHER: Leite Befehl {vote,'243_4'} an meinen Worker weiter...
GGT(239_1)@lab24.cpt.haw-hamburg.de 18.06 16:48:11,577| ### vote erhalten! Ich = '239_1'  Initiator = '242_4') ###
GGT(239_1)@lab24.cpt.haw-hamburg.de 18.06 16:48:11,577| Leite Anfrage (vote) an den Linken Nachbarn '248_3' weiter (implizites Zustimmen)
GGT(239_1)@lab24.cpt.haw-hamburg.de 18.06 16:48:11,578| DISPATCHER: Leite Befehl {vote,'241_3'} an meinen Worker weiter...
GGT(239_1)@lab24.cpt.haw-hamburg.de 18.06 16:48:11,580| ### vote erhalten! Ich = '239_1'  Initiator = '243_4') ###
GGT(239_1)@lab24.cpt.haw-hamburg.de 18.06 16:48:11,580| Leite Anfrage (vote) an den Linken Nachbarn '248_3' weiter (implizites Zustimmen)
GGT(239_1)@lab24.cpt.haw-hamburg.de 18.06 16:48:11,581| DISPATCHER: Leite Befehl {vote,'242_4'} an meinen Worker weiter...
GGT(239_1)@lab24.cpt.haw-hamburg.de 18.06 16:48:11,583| ### vote erhalten! Ich = '239_1'  Initiator = '243_4') ###
GGT(239_1)@lab24.cpt.haw-hamburg.de 18.06 16:48:11,583| Leite Anfrage (vote) an den Linken Nachbarn '248_3' weiter (implizites Zustimmen)
GGT(239_1)@lab24.cpt.haw-hamburg.de 18.06 16:48:11,584| DISPATCHER: Leite Befehl {vote,'247_1'} an meinen Worker weiter...
GGT(239_1)@lab24.cpt.haw-hamburg.de 18.06 16:48:11,585| ### vote erhalten! Ich = '239_1'  Initiator = '241_3') ###
GGT(239_1)@lab24.cpt.haw-hamburg.de 18.06 16:48:11,585| Leite Anfrage (vote) an den Linken Nachbarn '248_3' weiter (implizites Zustimmen)
GGT(239_1)@lab24.cpt.haw-hamburg.de 18.06 16:48:11,586| DISPATCHER: Leite Befehl {vote,'243_4'} an meinen Worker weiter...
GGT(239_1)@lab24.cpt.haw-hamburg.de 18.06 16:48:11,587| ### vote erhalten! Ich = '239_1'  Initiator = '242_4') ###
GGT(239_1)@lab24.cpt.haw-hamburg.de 18.06 16:48:11,587| Leite Anfrage (vote) an den Linken Nachbarn '248_3' weiter (implizites Zustimmen)
GGT(239_1)@lab24.cpt.haw-hamburg.de 18.06 16:48:11,588| DISPATCHER: Leite Befehl {vote,'243_4'} an meinen Worker weiter...
GGT(239_1)@lab24.cpt.haw-hamburg.de 18.06 16:48:11,589| ### vote erhalten! Ich = '239_1'  Initiator = '247_1') ###
GGT(239_1)@lab24.cpt.haw-hamburg.de 18.06 16:48:11,589| Leite Anfrage (vote) an den Linken Nachbarn '248_3' weiter (implizites Zustimmen)
GGT(239_1)@lab24.cpt.haw-hamburg.de 18.06 16:48:11,590| DISPATCHER: Leite Befehl {vote,'242_2'} an meinen Worker weiter...
GGT(239_1)@lab24.cpt.haw-hamburg.de 18.06 16:48:11,591| ### vote erhalten! Ich = '239_1'  Initiator = '243_4') ###
GGT(239_1)@lab24.cpt.haw-hamburg.de 18.06 16:48:11,591| Leite Anfrage (vote) an den Linken Nachbarn '248_3' weiter (implizites Zustimmen)
GGT(239_1)@lab24.cpt.haw-hamburg.de 18.06 16:48:11,591| DISPATCHER: Leite Befehl {vote,'242_2'} an meinen Worker weiter...
GGT(239_1)@lab24.cpt.haw-hamburg.de 18.06 16:48:11,592| ### vote erhalten! Ich = '239_1'  Initiator = '243_4') ###
GGT(239_1)@lab24.cpt.haw-hamburg.de 18.06 16:48:11,592| Leite Anfrage (vote) an den Linken Nachbarn '248_3' weiter (implizites Zustimmen)
GGT(239_1)@lab24.cpt.haw-hamburg.de 18.06 16:48:11,592| DISPATCHER: Leite Befehl {vote,'242_2'} an meinen Worker weiter...
GGT(239_1)@lab24.cpt.haw-hamburg.de 18.06 16:48:11,592| ### vote erhalten! Ich = '239_1'  Initiator = '242_2') ###
GGT(239_1)@lab24.cpt.haw-hamburg.de 18.06 16:48:11,592| Leite Anfrage (vote) an den Linken Nachbarn '248_3' weiter (implizites Zustimmen)
GGT(239_1)@lab24.cpt.haw-hamburg.de 18.06 16:48:11,593| DISPATCHER: Leite Befehl {vote,'241_1'} an meinen Worker weiter...
GGT(239_1)@lab24.cpt.haw-hamburg.de 18.06 16:48:11,594| ### vote erhalten! Ich = '239_1'  Initiator = '242_2') ###
GGT(239_1)@lab24.cpt.haw-hamburg.de 18.06 16:48:11,594| Leite Anfrage (vote) an den Linken Nachbarn '248_3' weiter (implizites Zustimmen)
GGT(239_1)@lab24.cpt.haw-hamburg.de 18.06 16:48:11,595| DISPATCHER: Leite Befehl {vote,'219_4'} an meinen Worker weiter...
GGT(239_1)@lab24.cpt.haw-hamburg.de 18.06 16:48:11,596| DISPATCHER: Leite Befehl {vote,'241_1'} an meinen Worker weiter...
GGT(239_1)@lab24.cpt.haw-hamburg.de 18.06 16:48:11,596| ### vote erhalten! Ich = '239_1'  Initiator = '242_2') ###
GGT(239_1)@lab24.cpt.haw-hamburg.de 18.06 16:48:11,596| Leite Anfrage (vote) an den Linken Nachbarn '248_3' weiter (implizites Zustimmen)
GGT(239_1)@lab24.cpt.haw-hamburg.de 18.06 16:48:11,598| ### vote erhalten! Ich = '239_1'  Initiator = '241_1') ###
GGT(239_1)@lab24.cpt.haw-hamburg.de 18.06 16:48:11,598| Leite Anfrage (vote) an den Linken Nachbarn '248_3' weiter (implizites Zustimmen)
GGT(239_1)@lab24.cpt.haw-hamburg.de 18.06 16:48:11,598| DISPATCHER: Leite Befehl {vote,'249_3'} an meinen Worker weiter...
GGT(239_1)@lab24.cpt.haw-hamburg.de 18.06 16:48:11,601| DISPATCHER: Leite Befehl {vote,'241_1'} an meinen Worker weiter...
GGT(239_1)@lab24.cpt.haw-hamburg.de 18.06 16:48:11,601| ### vote erhalten! Ich = '239_1'  Initiator = '219_4') ###
GGT(239_1)@lab24.cpt.haw-hamburg.de 18.06 16:48:11,601| Leite Anfrage (vote) an den Linken Nachbarn '248_3' weiter (implizites Zustimmen)
GGT(239_1)@lab24.cpt.haw-hamburg.de 18.06 16:48:11,602| ### vote erhalten! Ich = '239_1'  Initiator = '241_1') ###
GGT(239_1)@lab24.cpt.haw-hamburg.de 18.06 16:48:11,602| Leite Anfrage (vote) an den Linken Nachbarn '248_3' weiter (implizites Zustimmen)
GGT(239_1)@lab24.cpt.haw-hamburg.de 18.06 16:48:11,602| DISPATCHER: Leite Befehl {vote,'247_1'} an meinen Worker weiter...
GGT(239_1)@lab24.cpt.haw-hamburg.de 18.06 16:48:11,605| DISPATCHER: Leite Befehl {vote,'241_1'} an meinen Worker weiter...
GGT(239_1)@lab24.cpt.haw-hamburg.de 18.06 16:48:11,605| ### vote erhalten! Ich = '239_1'  Initiator = '249_3') ###
GGT(239_1)@lab24.cpt.haw-hamburg.de 18.06 16:48:11,605| Leite Anfrage (vote) an den Linken Nachbarn '248_3' weiter (implizites Zustimmen)
GGT(239_1)@lab24.cpt.haw-hamburg.de 18.06 16:48:11,606| DISPATCHER: Leite Befehl {vote,'212_1'} an meinen Worker weiter...
GGT(239_1)@lab24.cpt.haw-hamburg.de 18.06 16:48:11,607| ### vote erhalten! Ich = '239_1'  Initiator = '241_1') ###
GGT(239_1)@lab24.cpt.haw-hamburg.de 18.06 16:48:11,607| Leite Anfrage (vote) an den Linken Nachbarn '248_3' weiter (implizites Zustimmen)
GGT(239_1)@lab24.cpt.haw-hamburg.de 18.06 16:48:11,608| DISPATCHER: Leite Befehl {vote,'249_3'} an meinen Worker weiter...
GGT(239_1)@lab24.cpt.haw-hamburg.de 18.06 16:48:11,609| ### vote erhalten! Ich = '239_1'  Initiator = '247_1') ###
GGT(239_1)@lab24.cpt.haw-hamburg.de 18.06 16:48:11,609| Leite Anfrage (vote) an den Linken Nachbarn '248_3' weiter (implizites Zustimmen)
GGT(239_1)@lab24.cpt.haw-hamburg.de 18.06 16:48:11,610| DISPATCHER: Leite Befehl {vote,'247_3'} an meinen Worker weiter...
GGT(239_1)@lab24.cpt.haw-hamburg.de 18.06 16:48:11,611| ### vote erhalten! Ich = '239_1'  Initiator = '241_1') ###
GGT(239_1)@lab24.cpt.haw-hamburg.de 18.06 16:48:11,611| Leite Anfrage (vote) an den Linken Nachbarn '248_3' weiter (implizites Zustimmen)
GGT(239_1)@lab24.cpt.haw-hamburg.de 18.06 16:48:11,613| DISPATCHER: Leite Befehl {vote,'247_1'} an meinen Worker weiter...
GGT(239_1)@lab24.cpt.haw-hamburg.de 18.06 16:48:11,613| ### vote erhalten! Ich = '239_1'  Initiator = '212_1') ###
GGT(239_1)@lab24.cpt.haw-hamburg.de 18.06 16:48:11,613| Leite Anfrage (vote) an den Linken Nachbarn '248_3' weiter (implizites Zustimmen)
GGT(239_1)@lab24.cpt.haw-hamburg.de 18.06 16:48:11,614| DISPATCHER: Leite Befehl {vote,'211_4'} an meinen Worker weiter...
GGT(239_1)@lab24.cpt.haw-hamburg.de 18.06 16:48:11,614| ### vote erhalten! Ich = '239_1'  Initiator = '249_3') ###
GGT(239_1)@lab24.cpt.haw-hamburg.de 18.06 16:48:11,614| Leite Anfrage (vote) an den Linken Nachbarn '248_3' weiter (implizites Zustimmen)
GGT(239_1)@lab24.cpt.haw-hamburg.de 18.06 16:48:11,617| ### vote erhalten! Ich = '239_1'  Initiator = '247_3') ###
GGT(239_1)@lab24.cpt.haw-hamburg.de 18.06 16:48:11,617| DISPATCHER: Leite Befehl {vote,'212_1'} an meinen Worker weiter...
GGT(239_1)@lab24.cpt.haw-hamburg.de 18.06 16:48:11,617| Leite Anfrage (vote) an den Linken Nachbarn '248_3' weiter (implizites Zustimmen)
GGT(239_1)@lab24.cpt.haw-hamburg.de 18.06 16:48:11,619| DISPATCHER: Leite Befehl {vote,'249_3'} an meinen Worker weiter...
GGT(239_1)@lab24.cpt.haw-hamburg.de 18.06 16:48:11,619| ### vote erhalten! Ich = '239_1'  Initiator = '247_1') ###
GGT(239_1)@lab24.cpt.haw-hamburg.de 18.06 16:48:11,619| Leite Anfrage (vote) an den Linken Nachbarn '248_3' weiter (implizites Zustimmen)
GGT(239_1)@lab24.cpt.haw-hamburg.de 18.06 16:48:11,620| DISPATCHER: Leite Befehl {vote,'211_1'} an meinen Worker weiter...
GGT(239_1)@lab24.cpt.haw-hamburg.de 18.06 16:48:11,620| ### vote erhalten! Ich = '239_1'  Initiator = '211_4') ###
GGT(239_1)@lab24.cpt.haw-hamburg.de 18.06 16:48:11,620| Leite Anfrage (vote) an den Linken Nachbarn '248_3' weiter (implizites Zustimmen)
GGT(239_1)@lab24.cpt.haw-hamburg.de 18.06 16:48:11,622| DISPATCHER: Leite Befehl {vote,'211_4'} an meinen Worker weiter...
GGT(239_1)@lab24.cpt.haw-hamburg.de 18.06 16:48:11,622| ### vote erhalten! Ich = '239_1'  Initiator = '212_1') ###
GGT(239_1)@lab24.cpt.haw-hamburg.de 18.06 16:48:11,622| Leite Anfrage (vote) an den Linken Nachbarn '248_3' weiter (implizites Zustimmen)
GGT(239_1)@lab24.cpt.haw-hamburg.de 18.06 16:48:11,623| ### vote erhalten! Ich = '239_1'  Initiator = '249_3') ###
GGT(239_1)@lab24.cpt.haw-hamburg.de 18.06 16:48:11,623| Leite Anfrage (vote) an den Linken Nachbarn '248_3' weiter (implizites Zustimmen)
GGT(239_1)@lab24.cpt.haw-hamburg.de 18.06 16:48:11,624| DISPATCHER: Leite Befehl {vote,'249_3'} an meinen Worker weiter...
GGT(239_1)@lab24.cpt.haw-hamburg.de 18.06 16:48:11,625| ### vote erhalten! Ich = '239_1'  Initiator = '211_1') ###
GGT(239_1)@lab24.cpt.haw-hamburg.de 18.06 16:48:11,625| Leite Anfrage (vote) an den Linken Nachbarn '248_3' weiter (implizites Zustimmen)
GGT(239_1)@lab24.cpt.haw-hamburg.de 18.06 16:48:11,626| DISPATCHER: Leite Befehl {vote,'242_2'} an meinen Worker weiter...
GGT(239_1)@lab24.cpt.haw-hamburg.de 18.06 16:48:11,626| ### vote erhalten! Ich = '239_1'  Initiator = '211_4') ###
GGT(239_1)@lab24.cpt.haw-hamburg.de 18.06 16:48:11,626| Leite Anfrage (vote) an den Linken Nachbarn '248_3' weiter (implizites Zustimmen)
GGT(239_1)@lab24.cpt.haw-hamburg.de 18.06 16:48:11,627| DISPATCHER: Leite Befehl {vote,'241_1'} an meinen Worker weiter...
GGT(239_1)@lab24.cpt.haw-hamburg.de 18.06 16:48:11,629| ### vote erhalten! Ich = '239_1'  Initiator = '249_3') ###
GGT(239_1)@lab24.cpt.haw-hamburg.de 18.06 16:48:11,629| Leite Anfrage (vote) an den Linken Nachbarn '248_3' weiter (implizites Zustimmen)
GGT(239_1)@lab24.cpt.haw-hamburg.de 18.06 16:48:11,630| DISPATCHER: Leite Befehl {vote,'249_3'} an meinen Worker weiter...
GGT(239_1)@lab24.cpt.haw-hamburg.de 18.06 16:48:11,631| ### vote erhalten! Ich = '239_1'  Initiator = '242_2') ###
GGT(239_1)@lab24.cpt.haw-hamburg.de 18.06 16:48:11,631| Leite Anfrage (vote) an den Linken Nachbarn '248_3' weiter (implizites Zustimmen)
GGT(239_1)@lab24.cpt.haw-hamburg.de 18.06 16:48:11,632| DISPATCHER: Leite Befehl {vote,'247_3'} an meinen Worker weiter...
GGT(239_1)@lab24.cpt.haw-hamburg.de 18.06 16:48:11,632| ### vote erhalten! Ich = '239_1'  Initiator = '241_1') ###
GGT(239_1)@lab24.cpt.haw-hamburg.de 18.06 16:48:11,632| Leite Anfrage (vote) an den Linken Nachbarn '248_3' weiter (implizites Zustimmen)
GGT(239_1)@lab24.cpt.haw-hamburg.de 18.06 16:48:11,633| DISPATCHER: Leite Befehl {vote,'211_1'} an meinen Worker weiter...
GGT(239_1)@lab24.cpt.haw-hamburg.de 18.06 16:48:11,633| ### vote erhalten! Ich = '239_1'  Initiator = '249_3') ###
GGT(239_1)@lab24.cpt.haw-hamburg.de 18.06 16:48:11,633| Leite Anfrage (vote) an den Linken Nachbarn '248_3' weiter (implizites Zustimmen)
GGT(239_1)@lab24.cpt.haw-hamburg.de 18.06 16:48:11,634| DISPATCHER: Leite Befehl {vote,'2110_3'} an meinen Worker weiter...
GGT(239_1)@lab24.cpt.haw-hamburg.de 18.06 16:48:11,635| ### vote erhalten! Ich = '239_1'  Initiator = '247_3') ###
GGT(239_1)@lab24.cpt.haw-hamburg.de 18.06 16:48:11,635| Leite Anfrage (vote) an den Linken Nachbarn '248_3' weiter (implizites Zustimmen)
GGT(239_1)@lab24.cpt.haw-hamburg.de 18.06 16:48:11,636| DISPATCHER: Leite Befehl {vote,'242_2'} an meinen Worker weiter...
GGT(239_1)@lab24.cpt.haw-hamburg.de 18.06 16:48:11,637| ### vote erhalten! Ich = '239_1'  Initiator = '211_1') ###
GGT(239_1)@lab24.cpt.haw-hamburg.de 18.06 16:48:11,637| Leite Anfrage (vote) an den Linken Nachbarn '248_3' weiter (implizites Zustimmen)
GGT(239_1)@lab24.cpt.haw-hamburg.de 18.06 16:48:11,638| DISPATCHER: Leite Befehl {vote,'247_3'} an meinen Worker weiter...
GGT(239_1)@lab24.cpt.haw-hamburg.de 18.06 16:48:11,639| ### vote erhalten! Ich = '239_1'  Initiator = '2110_3') ###
GGT(239_1)@lab24.cpt.haw-hamburg.de 18.06 16:48:11,639| Leite Anfrage (vote) an den Linken Nachbarn '248_3' weiter (implizites Zustimmen)
GGT(239_1)@lab24.cpt.haw-hamburg.de 18.06 16:48:11,641| DISPATCHER: Leite Befehl {vote,'243_4'} an meinen Worker weiter...
GGT(239_1)@lab24.cpt.haw-hamburg.de 18.06 16:48:11,641| ### vote erhalten! Ich = '239_1'  Initiator = '242_2') ###
GGT(239_1)@lab24.cpt.haw-hamburg.de 18.06 16:48:11,641| Leite Anfrage (vote) an den Linken Nachbarn '248_3' weiter (implizites Zustimmen)
GGT(239_1)@lab24.cpt.haw-hamburg.de 18.06 16:48:11,642| DISPATCHER: Leite Befehl {vote,'245_3'} an meinen Worker weiter...
GGT(239_1)@lab24.cpt.haw-hamburg.de 18.06 16:48:11,643| ### vote erhalten! Ich = '239_1'  Initiator = '247_3') ###
GGT(239_1)@lab24.cpt.haw-hamburg.de 18.06 16:48:11,643| Leite Anfrage (vote) an den Linken Nachbarn '248_3' weiter (implizites Zustimmen)
GGT(239_1)@lab24.cpt.haw-hamburg.de 18.06 16:48:11,643| DISPATCHER: Leite Befehl {vote,'245_3'} an meinen Worker weiter...
GGT(239_1)@lab24.cpt.haw-hamburg.de 18.06 16:48:11,644| ### vote erhalten! Ich = '239_1'  Initiator = '243_4') ###
GGT(239_1)@lab24.cpt.haw-hamburg.de 18.06 16:48:11,644| Leite Anfrage (vote) an den Linken Nachbarn '248_3' weiter (implizites Zustimmen)
GGT(239_1)@lab24.cpt.haw-hamburg.de 18.06 16:48:11,645| DISPATCHER: Leite Befehl {vote,'247_3'} an meinen Worker weiter...
GGT(239_1)@lab24.cpt.haw-hamburg.de 18.06 16:48:11,645| ### vote erhalten! Ich = '239_1'  Initiator = '245_3') ###
GGT(239_1)@lab24.cpt.haw-hamburg.de 18.06 16:48:11,645| Leite Anfrage (vote) an den Linken Nachbarn '248_3' weiter (implizites Zustimmen)
GGT(239_1)@lab24.cpt.haw-hamburg.de 18.06 16:48:11,646| DISPATCHER: Leite Befehl {vote,'2110_3'} an meinen Worker weiter...
GGT(239_1)@lab24.cpt.haw-hamburg.de 18.06 16:48:11,647| ### vote erhalten! Ich = '239_1'  Initiator = '245_3') ###
GGT(239_1)@lab24.cpt.haw-hamburg.de 18.06 16:48:11,647| Leite Anfrage (vote) an den Linken Nachbarn '248_3' weiter (implizites Zustimmen)
GGT(239_1)@lab24.cpt.haw-hamburg.de 18.06 16:48:11,647| DISPATCHER: Leite Befehl {vote,'243_4'} an meinen Worker weiter...
GGT(239_1)@lab24.cpt.haw-hamburg.de 18.06 16:48:11,649| ### vote erhalten! Ich = '239_1'  Initiator = '247_3') ###
GGT(239_1)@lab24.cpt.haw-hamburg.de 18.06 16:48:11,649| Leite Anfrage (vote) an den Linken Nachbarn '248_3' weiter (implizites Zustimmen)
GGT(239_1)@lab24.cpt.haw-hamburg.de 18.06 16:48:11,649| DISPATCHER: Leite Befehl {vote,'216_1'} an meinen Worker weiter...
GGT(239_1)@lab24.cpt.haw-hamburg.de 18.06 16:48:11,650| ### vote erhalten! Ich = '239_1'  Initiator = '2110_3') ###
GGT(239_1)@lab24.cpt.haw-hamburg.de 18.06 16:48:11,650| Leite Anfrage (vote) an den Linken Nachbarn '248_3' weiter (implizites Zustimmen)
GGT(239_1)@lab24.cpt.haw-hamburg.de 18.06 16:48:11,651| DISPATCHER: Leite Befehl {vote,'243_4'} an meinen Worker weiter...
GGT(239_1)@lab24.cpt.haw-hamburg.de 18.06 16:48:11,651| ### vote erhalten! Ich = '239_1'  Initiator = '243_4') ###
GGT(239_1)@lab24.cpt.haw-hamburg.de 18.06 16:48:11,651| Leite Anfrage (vote) an den Linken Nachbarn '248_3' weiter (implizites Zustimmen)
GGT(239_1)@lab24.cpt.haw-hamburg.de 18.06 16:48:11,652| DISPATCHER: Leite Befehl {vote,'245_3'} an meinen Worker weiter...
GGT(239_1)@lab24.cpt.haw-hamburg.de 18.06 16:48:11,653| ### vote erhalten! Ich = '239_1'  Initiator = '216_1') ###
GGT(239_1)@lab24.cpt.haw-hamburg.de 18.06 16:48:11,653| Leite Anfrage (vote) an den Linken Nachbarn '248_3' weiter (implizites Zustimmen)
GGT(239_1)@lab24.cpt.haw-hamburg.de 18.06 16:48:11,654| DISPATCHER: Leite Befehl {vote,'218_1'} an meinen Worker weiter...
GGT(239_1)@lab24.cpt.haw-hamburg.de 18.06 16:48:11,655| ### vote erhalten! Ich = '239_1'  Initiator = '243_4') ###
GGT(239_1)@lab24.cpt.haw-hamburg.de 18.06 16:48:11,655| Leite Anfrage (vote) an den Linken Nachbarn '248_3' weiter (implizites Zustimmen)
GGT(239_1)@lab24.cpt.haw-hamburg.de 18.06 16:48:11,658| DISPATCHER: Leite Befehl {vote,'243_4'} an meinen Worker weiter...
GGT(239_1)@lab24.cpt.haw-hamburg.de 18.06 16:48:11,658| ### vote erhalten! Ich = '239_1'  Initiator = '245_3') ###
GGT(239_1)@lab24.cpt.haw-hamburg.de 18.06 16:48:11,658| Leite Anfrage (vote) an den Linken Nachbarn '248_3' weiter (implizites Zustimmen)
GGT(239_1)@lab24.cpt.haw-hamburg.de 18.06 16:48:11,660| DISPATCHER: Leite Befehl {vote,'246_1'} an meinen Worker weiter...
GGT(239_1)@lab24.cpt.haw-hamburg.de 18.06 16:48:11,660| ### vote erhalten! Ich = '239_1'  Initiator = '218_1') ###
GGT(239_1)@lab24.cpt.haw-hamburg.de 18.06 16:48:11,660| Leite Anfrage (vote) an den Linken Nachbarn '248_3' weiter (implizites Zustimmen)
GGT(239_1)@lab24.cpt.haw-hamburg.de 18.06 16:48:11,661| DISPATCHER: Leite Befehl {vote,'218_1'} an meinen Worker weiter...
GGT(239_1)@lab24.cpt.haw-hamburg.de 18.06 16:48:11,662| ### vote erhalten! Ich = '239_1'  Initiator = '243_4') ###
GGT(239_1)@lab24.cpt.haw-hamburg.de 18.06 16:48:11,662| Leite Anfrage (vote) an den Linken Nachbarn '248_3' weiter (implizites Zustimmen)
GGT(239_1)@lab24.cpt.haw-hamburg.de 18.06 16:48:11,662| DISPATCHER: Leite Befehl {vote,'246_1'} an meinen Worker weiter...
GGT(239_1)@lab24.cpt.haw-hamburg.de 18.06 16:48:11,663| ### vote erhalten! Ich = '239_1'  Initiator = '246_1') ###
GGT(239_1)@lab24.cpt.haw-hamburg.de 18.06 16:48:11,663| Leite Anfrage (vote) an den Linken Nachbarn '248_3' weiter (implizites Zustimmen)
GGT(239_1)@lab24.cpt.haw-hamburg.de 18.06 16:48:11,664| DISPATCHER: Leite Befehl {vote,'247_1'} an meinen Worker weiter...
GGT(239_1)@lab24.cpt.haw-hamburg.de 18.06 16:48:11,665| ### vote erhalten! Ich = '239_1'  Initiator = '218_1') ###
GGT(239_1)@lab24.cpt.haw-hamburg.de 18.06 16:48:11,665| Leite Anfrage (vote) an den Linken Nachbarn '248_3' weiter (implizites Zustimmen)
GGT(239_1)@lab24.cpt.haw-hamburg.de 18.06 16:48:11,665| DISPATCHER: Leite Befehl {vote,'247_3'} an meinen Worker weiter...
GGT(239_1)@lab24.cpt.haw-hamburg.de 18.06 16:48:11,667| ### vote erhalten! Ich = '239_1'  Initiator = '246_1') ###
GGT(239_1)@lab24.cpt.haw-hamburg.de 18.06 16:48:11,667| Leite Anfrage (vote) an den Linken Nachbarn '248_3' weiter (implizites Zustimmen)
GGT(239_1)@lab24.cpt.haw-hamburg.de 18.06 16:48:11,668| DISPATCHER: Leite Befehl {vote,'246_2'} an meinen Worker weiter...
GGT(239_1)@lab24.cpt.haw-hamburg.de 18.06 16:48:11,668| ### vote erhalten! Ich = '239_1'  Initiator = '247_1') ###
GGT(239_1)@lab24.cpt.haw-hamburg.de 18.06 16:48:11,669| Leite Anfrage (vote) an den Linken Nachbarn '248_3' weiter (implizites Zustimmen)
GGT(239_1)@lab24.cpt.haw-hamburg.de 18.06 16:48:11,670| ### vote erhalten! Ich = '239_1'  Initiator = '247_3') ###
GGT(239_1)@lab24.cpt.haw-hamburg.de 18.06 16:48:11,670| Leite Anfrage (vote) an den Linken Nachbarn '248_3' weiter (implizites Zustimmen)
GGT(239_1)@lab24.cpt.haw-hamburg.de 18.06 16:48:11,671| ### vote erhalten! Ich = '239_1'  Initiator = '246_2') ###
GGT(239_1)@lab24.cpt.haw-hamburg.de 18.06 16:48:11,672| Leite Anfrage (vote) an den Linken Nachbarn '248_3' weiter (implizites Zustimmen)
GGT(239_1)@lab24.cpt.haw-hamburg.de 18.06 16:48:11,677| DISPATCHER: Leite Befehl {vote,'247_1'} an meinen Worker weiter...
GGT(239_1)@lab24.cpt.haw-hamburg.de 18.06 16:48:11,677| DISPATCHER: Leite Befehl {vote,'246_1'} an meinen Worker weiter...
GGT(239_1)@lab24.cpt.haw-hamburg.de 18.06 16:48:11,677| DISPATCHER: Leite Befehl {vote,'247_3'} an meinen Worker weiter...
GGT(239_1)@lab24.cpt.haw-hamburg.de 18.06 16:48:11,677| DISPATCHER: Leite Befehl {vote,'246_1'} an meinen Worker weiter...
GGT(239_1)@lab24.cpt.haw-hamburg.de 18.06 16:48:11,678| DISPATCHER: Leite Befehl {vote,'246_2'} an meinen Worker weiter...
GGT(239_1)@lab24.cpt.haw-hamburg.de 18.06 16:48:11,678| DISPATCHER: Leite Befehl {vote,'246_2'} an meinen Worker weiter...
GGT(239_1)@lab24.cpt.haw-hamburg.de 18.06 16:48:11,678| DISPATCHER: Leite Befehl {vote,'247_2'} an meinen Worker weiter...
GGT(239_1)@lab24.cpt.haw-hamburg.de 18.06 16:48:11,678| ### vote erhalten! Ich = '239_1'  Initiator = '247_1') ###
GGT(239_1)@lab24.cpt.haw-hamburg.de 18.06 16:48:11,678| Leite Anfrage (vote) an den Linken Nachbarn '248_3' weiter (implizites Zustimmen)
GGT(239_1)@lab24.cpt.haw-hamburg.de 18.06 16:48:11,678| DISPATCHER: Leite Befehl {vote,'247_2'} an meinen Worker weiter...
GGT(239_1)@lab24.cpt.haw-hamburg.de 18.06 16:48:11,679| ### vote erhalten! Ich = '239_1'  Initiator = '246_1') ###
GGT(239_1)@lab24.cpt.haw-hamburg.de 18.06 16:48:11,679| Leite Anfrage (vote) an den Linken Nachbarn '248_3' weiter (implizites Zustimmen)
GGT(239_1)@lab24.cpt.haw-hamburg.de 18.06 16:48:11,679| DISPATCHER: Leite Befehl {vote,'247_3'} an meinen Worker weiter...
GGT(239_1)@lab24.cpt.haw-hamburg.de 18.06 16:48:11,681| DISPATCHER: Leite Befehl {vote,'2110_4'} an meinen Worker weiter...
GGT(239_1)@lab24.cpt.haw-hamburg.de 18.06 16:48:11,681| ### vote erhalten! Ich = '239_1'  Initiator = '247_3') ###
GGT(239_1)@lab24.cpt.haw-hamburg.de 18.06 16:48:11,681| Leite Anfrage (vote) an den Linken Nachbarn '248_3' weiter (implizites Zustimmen)
GGT(239_1)@lab24.cpt.haw-hamburg.de 18.06 16:48:11,682| DISPATCHER: Leite Befehl {vote,'246_2'} an meinen Worker weiter...
GGT(239_1)@lab24.cpt.haw-hamburg.de 18.06 16:48:11,683| ### vote erhalten! Ich = '239_1'  Initiator = '246_1') ###
GGT(239_1)@lab24.cpt.haw-hamburg.de 18.06 16:48:11,683| Leite Anfrage (vote) an den Linken Nachbarn '248_3' weiter (implizites Zustimmen)
GGT(239_1)@lab24.cpt.haw-hamburg.de 18.06 16:48:11,684| DISPATCHER: Leite Befehl {vote,'247_2'} an meinen Worker weiter...
GGT(239_1)@lab24.cpt.haw-hamburg.de 18.06 16:48:11,684| ### vote erhalten! Ich = '239_1'  Initiator = '246_2') ###
GGT(239_1)@lab24.cpt.haw-hamburg.de 18.06 16:48:11,684| Leite Anfrage (vote) an den Linken Nachbarn '248_3' weiter (implizites Zustimmen)
GGT(239_1)@lab24.cpt.haw-hamburg.de 18.06 16:48:11,685| ### vote erhalten! Ich = '239_1'  Initiator = '246_2') ###
GGT(239_1)@lab24.cpt.haw-hamburg.de 18.06 16:48:11,685| Leite Anfrage (vote) an den Linken Nachbarn '248_3' weiter (implizites Zustimmen)
GGT(239_1)@lab24.cpt.haw-hamburg.de 18.06 16:48:11,686| ### vote erhalten! Ich = '239_1'  Initiator = '247_2') ###
GGT(239_1)@lab24.cpt.haw-hamburg.de 18.06 16:48:11,686| Leite Anfrage (vote) an den Linken Nachbarn '248_3' weiter (implizites Zustimmen)
GGT(239_1)@lab24.cpt.haw-hamburg.de 18.06 16:48:11,688| ### vote erhalten! Ich = '239_1'  Initiator = '247_2') ###
GGT(239_1)@lab24.cpt.haw-hamburg.de 18.06 16:48:11,688| Leite Anfrage (vote) an den Linken Nachbarn '248_3' weiter (implizites Zustimmen)
GGT(239_1)@lab24.cpt.haw-hamburg.de 18.06 16:48:11,689| DISPATCHER: Leite Befehl {vote,'247_3'} an meinen Worker weiter...
GGT(239_1)@lab24.cpt.haw-hamburg.de 18.06 16:48:11,689| DISPATCHER: Leite Befehl {vote,'215_1'} an meinen Worker weiter...
GGT(239_1)@lab24.cpt.haw-hamburg.de 18.06 16:48:11,689| DISPATCHER: Leite Befehl {vote,'214_1'} an meinen Worker weiter...
GGT(239_1)@lab24.cpt.haw-hamburg.de 18.06 16:48:11,689| DISPATCHER: Leite Befehl {vote,'214_1'} an meinen Worker weiter...
GGT(239_1)@lab24.cpt.haw-hamburg.de 18.06 16:48:11,689| ### vote erhalten! Ich = '239_1'  Initiator = '247_3') ###
GGT(239_1)@lab24.cpt.haw-hamburg.de 18.06 16:48:11,690| Leite Anfrage (vote) an den Linken Nachbarn '248_3' weiter (implizites Zustimmen)
GGT(239_1)@lab24.cpt.haw-hamburg.de 18.06 16:48:11,690| DISPATCHER: Leite Befehl {vote,'247_3'} an meinen Worker weiter...
GGT(239_1)@lab24.cpt.haw-hamburg.de 18.06 16:48:11,691| ### vote erhalten! Ich = '239_1'  Initiator = '2110_4') ###
GGT(239_1)@lab24.cpt.haw-hamburg.de 18.06 16:48:11,691| Leite Anfrage (vote) an den Linken Nachbarn '248_3' weiter (implizites Zustimmen)
GGT(239_1)@lab24.cpt.haw-hamburg.de 18.06 16:48:11,692| DISPATCHER: Leite Befehl {vote,'241_4'} an meinen Worker weiter...
GGT(239_1)@lab24.cpt.haw-hamburg.de 18.06 16:48:11,693| ### vote erhalten! Ich = '239_1'  Initiator = '246_2') ###
GGT(239_1)@lab24.cpt.haw-hamburg.de 18.06 16:48:11,693| Leite Anfrage (vote) an den Linken Nachbarn '248_3' weiter (implizites Zustimmen)
GGT(239_1)@lab24.cpt.haw-hamburg.de 18.06 16:48:11,694| DISPATCHER: Leite Befehl {vote,'249_1'} an meinen Worker weiter...
GGT(239_1)@lab24.cpt.haw-hamburg.de 18.06 16:48:11,695| ### vote erhalten! Ich = '239_1'  Initiator = '247_2') ###
GGT(239_1)@lab24.cpt.haw-hamburg.de 18.06 16:48:11,695| Leite Anfrage (vote) an den Linken Nachbarn '248_3' weiter (implizites Zustimmen)
GGT(239_1)@lab24.cpt.haw-hamburg.de 18.06 16:48:11,695| DISPATCHER: Leite Befehl {vote,'242_4'} an meinen Worker weiter...
GGT(239_1)@lab24.cpt.haw-hamburg.de 18.06 16:48:11,698| DISPATCHER: Leite Befehl {vote,'247_3'} an meinen Worker weiter...
GGT(239_1)@lab24.cpt.haw-hamburg.de 18.06 16:48:11,698| ### vote erhalten! Ich = '239_1'  Initiator = '247_3') ###
GGT(239_1)@lab24.cpt.haw-hamburg.de 18.06 16:48:11,699| Leite Anfrage (vote) an den Linken Nachbarn '248_3' weiter (implizites Zustimmen)
GGT(239_1)@lab24.cpt.haw-hamburg.de 18.06 16:48:11,700| DISPATCHER: Leite Befehl {vote,'217_3'} an meinen Worker weiter...
GGT(239_1)@lab24.cpt.haw-hamburg.de 18.06 16:48:11,701| ### vote erhalten! Ich = '239_1'  Initiator = '215_1') ###
GGT(239_1)@lab24.cpt.haw-hamburg.de 18.06 16:48:11,701| Leite Anfrage (vote) an den Linken Nachbarn '248_3' weiter (implizites Zustimmen)
GGT(239_1)@lab24.cpt.haw-hamburg.de 18.06 16:48:11,702| DISPATCHER: Leite Befehl {vote,'249_1'} an meinen Worker weiter...
GGT(239_1)@lab24.cpt.haw-hamburg.de 18.06 16:48:11,703| ### vote erhalten! Ich = '239_1'  Initiator = '214_1') ###
GGT(239_1)@lab24.cpt.haw-hamburg.de 18.06 16:48:11,703| Leite Anfrage (vote) an den Linken Nachbarn '248_3' weiter (implizites Zustimmen)
GGT(239_1)@lab24.cpt.haw-hamburg.de 18.06 16:48:11,704| DISPATCHER: Leite Befehl {vote,'249_4'} an meinen Worker weiter...
GGT(239_1)@lab24.cpt.haw-hamburg.de 18.06 16:48:11,705| ### vote erhalten! Ich = '239_1'  Initiator = '214_1') ###
GGT(239_1)@lab24.cpt.haw-hamburg.de 18.06 16:48:11,705| Leite Anfrage (vote) an den Linken Nachbarn '248_3' weiter (implizites Zustimmen)
GGT(239_1)@lab24.cpt.haw-hamburg.de 18.06 16:48:11,706| ### vote erhalten! Ich = '239_1'  Initiator = '247_3') ###
GGT(239_1)@lab24.cpt.haw-hamburg.de 18.06 16:48:11,706| Leite Anfrage (vote) an den Linken Nachbarn '248_3' weiter (implizites Zustimmen)
GGT(239_1)@lab24.cpt.haw-hamburg.de 18.06 16:48:11,710| ### vote erhalten! Ich = '239_1'  Initiator = '241_4') ###
GGT(239_1)@lab24.cpt.haw-hamburg.de 18.06 16:48:11,710| Leite Anfrage (vote) an den Linken Nachbarn '248_3' weiter (implizites Zustimmen)
GGT(239_1)@lab24.cpt.haw-hamburg.de 18.06 16:48:11,713| ### vote erhalten! Ich = '239_1'  Initiator = '249_1') ###
GGT(239_1)@lab24.cpt.haw-hamburg.de 18.06 16:48:11,713| Leite Anfrage (vote) an den Linken Nachbarn '248_3' weiter (implizites Zustimmen)
GGT(239_1)@lab24.cpt.haw-hamburg.de 18.06 16:48:11,714| ### vote erhalten! Ich = '239_1'  Initiator = '242_4') ###
GGT(239_1)@lab24.cpt.haw-hamburg.de 18.06 16:48:11,714| Leite Anfrage (vote) an den Linken Nachbarn '248_3' weiter (implizites Zustimmen)
GGT(239_1)@lab24.cpt.haw-hamburg.de 18.06 16:48:11,715| ### vote erhalten! Ich = '239_1'  Initiator = '247_3') ###
GGT(239_1)@lab24.cpt.haw-hamburg.de 18.06 16:48:11,715| Leite Anfrage (vote) an den Linken Nachbarn '248_3' weiter (implizites Zustimmen)
GGT(239_1)@lab24.cpt.haw-hamburg.de 18.06 16:48:11,717| ### vote erhalten! Ich = '239_1'  Initiator = '217_3') ###
GGT(239_1)@lab24.cpt.haw-hamburg.de 18.06 16:48:11,717| Leite Anfrage (vote) an den Linken Nachbarn '248_3' weiter (implizites Zustimmen)
GGT(239_1)@lab24.cpt.haw-hamburg.de 18.06 16:48:11,718| ### vote erhalten! Ich = '239_1'  Initiator = '249_1') ###
GGT(239_1)@lab24.cpt.haw-hamburg.de 18.06 16:48:11,719| Leite Anfrage (vote) an den Linken Nachbarn '248_3' weiter (implizites Zustimmen)
