

GGT(238_1)@lab24.cpt.haw-hamburg.de 18.06 16:45:26,784| ######################## 238_1 Status: SETUP ########################


GGT(238_1)@lab24.cpt.haw-hamburg.de 18.06 16:45:26,784| ######################## 238_1 Status: INITIAL ########################
GGT(238_1)@lab24.cpt.haw-hamburg.de 18.06 16:45:26,784| REBIND
GGT(238_1)@lab24.cpt.haw-hamburg.de 18.06 16:45:26,784| CHECK_IN
GGT(238_1)@lab24.cpt.haw-hamburg.de 18.06 16:46:35,795| Nachbarn wurden mitgeteilt {L: '213_1' | R: '234_1'}
GGT(238_1)@lab24.cpt.haw-hamburg.de 18.06 16:46:35,795| DISPATCHER: Leite Befehl {rebind_res,ok} an meinen Worker weiter...


GGT(238_1)@lab24.cpt.haw-hamburg.de 18.06 16:46:35,795| ######################## 238_1 Status: PRE_PROCESS ########################
GGT(238_1)@lab24.cpt.haw-hamburg.de 18.06 16:46:53,437| DISPATCHER: Leite Befehl {set_pmi,30673500} an meinen Worker weiter...
GGT(238_1)@lab24.cpt.haw-hamburg.de 18.06 16:46:53,437| Initial Mi wurde mitgeteilt. Mi:30673500


GGT(238_1)@lab24.cpt.haw-hamburg.de 18.06 16:46:53,437| ######################## 238_1 Status: PROCESS ########################
GGT(238_1)@lab24.cpt.haw-hamburg.de 18.06 16:46:56,436| DISPATCHER: Leite Befehl {vote,'213_4'} an meinen Worker weiter...
GGT(238_1)@lab24.cpt.haw-hamburg.de 18.06 16:46:56,438| ### vote erhalten! Ich = '238_1'  Initiator = '213_4') ###
GGT(238_1)@lab24.cpt.haw-hamburg.de 18.06 16:46:56,438| DISPATCHER: Leite Befehl {vote,'234_1'} an meinen Worker weiter...
GGT(238_1)@lab24.cpt.haw-hamburg.de 18.06 16:46:56,438| Leite Anfrage (vote) an den Linken Nachbarn '213_1' weiter (implizites Zustimmen)
GGT(238_1)@lab24.cpt.haw-hamburg.de 18.06 16:46:56,439| TTT Timer ist abgelaufen. Informiere meine linken Nachbarn ('213_1') ueber vote
GGT(238_1)@lab24.cpt.haw-hamburg.de 18.06 16:46:56,439| DISPATCHER: Leite Befehl {vote,'213_3'} an meinen Worker weiter...
GGT(238_1)@lab24.cpt.haw-hamburg.de 18.06 16:46:56,439| ### vote erhalten! Ich = '238_1'  Initiator = '234_1') ###
GGT(238_1)@lab24.cpt.haw-hamburg.de 18.06 16:46:56,439| Leite Anfrage (vote) an den Linken Nachbarn '213_1' weiter (implizites Zustimmen)
GGT(238_1)@lab24.cpt.haw-hamburg.de 18.06 16:46:56,440| DISPATCHER: Leite Befehl {vote,'214_2'} an meinen Worker weiter...
GGT(238_1)@lab24.cpt.haw-hamburg.de 18.06 16:46:56,441| ### vote erhalten! Ich = '238_1'  Initiator = '213_3') ###
GGT(238_1)@lab24.cpt.haw-hamburg.de 18.06 16:46:56,441| DISPATCHER: Leite Befehl {vote,'218_2'} an meinen Worker weiter...
GGT(238_1)@lab24.cpt.haw-hamburg.de 18.06 16:46:56,441| Leite Anfrage (vote) an den Linken Nachbarn '213_1' weiter (implizites Zustimmen)
GGT(238_1)@lab24.cpt.haw-hamburg.de 18.06 16:46:56,442| DISPATCHER: Leite Befehl {vote,'217_4'} an meinen Worker weiter...
GGT(238_1)@lab24.cpt.haw-hamburg.de 18.06 16:46:56,442| ### vote erhalten! Ich = '238_1'  Initiator = '214_2') ###
GGT(238_1)@lab24.cpt.haw-hamburg.de 18.06 16:46:56,442| Leite Anfrage (vote) an den Linken Nachbarn '213_1' weiter (implizites Zustimmen)
GGT(238_1)@lab24.cpt.haw-hamburg.de 18.06 16:46:56,444| ### vote erhalten! Ich = '238_1'  Initiator = '218_2') ###
GGT(238_1)@lab24.cpt.haw-hamburg.de 18.06 16:46:56,444| Leite Anfrage (vote) an den Linken Nachbarn '213_1' weiter (implizites Zustimmen)
GGT(238_1)@lab24.cpt.haw-hamburg.de 18.06 16:46:56,445| ### vote erhalten! Ich = '238_1'  Initiator = '217_4') ###
GGT(238_1)@lab24.cpt.haw-hamburg.de 18.06 16:46:56,445| Leite Anfrage (vote) an den Linken Nachbarn '213_1' weiter (implizites Zustimmen)
GGT(238_1)@lab24.cpt.haw-hamburg.de 18.06 16:46:56,450| DISPATCHER: Leite Befehl {vote,'244_3'} an meinen Worker weiter...
GGT(238_1)@lab24.cpt.haw-hamburg.de 18.06 16:46:56,451| DISPATCHER: Leite Befehl {send,7728000} an meinen Worker weiter...
GGT(238_1)@lab24.cpt.haw-hamburg.de 18.06 16:46:56,451| ### vote erhalten! Ich = '238_1'  Initiator = '244_3') ###
GGT(238_1)@lab24.cpt.haw-hamburg.de 18.06 16:46:56,451| Leite Anfrage (vote) an den Linken Nachbarn '213_1' weiter (implizites Zustimmen)
GGT(238_1)@lab24.cpt.haw-hamburg.de 18.06 16:46:56,454| Send erhalten Y:7728000
GGT(238_1)@lab24.cpt.haw-hamburg.de 18.06 16:46:56,454| ALGO: ((30673500 -1) mod 7728000) +1     --    (TTW: 3 Sekunden)
GGT(238_1)@lab24.cpt.haw-hamburg.de 18.06 16:46:56,457| DISPATCHER: Leite Befehl {vote,'248_2'} an meinen Worker weiter...
GGT(238_1)@lab24.cpt.haw-hamburg.de 18.06 16:46:56,462| DISPATCHER: Leite Befehl {vote,'216_3'} an meinen Worker weiter...
GGT(238_1)@lab24.cpt.haw-hamburg.de 18.06 16:46:56,473| DISPATCHER: Leite Befehl {vote,'215_4'} an meinen Worker weiter...
GGT(238_1)@lab24.cpt.haw-hamburg.de 18.06 16:46:56,474| DISPATCHER: Leite Befehl {vote,'237_1'} an meinen Worker weiter...
GGT(238_1)@lab24.cpt.haw-hamburg.de 18.06 16:46:56,475| DISPATCHER: Leite Befehl {vote,'244_2'} an meinen Worker weiter...
GGT(238_1)@lab24.cpt.haw-hamburg.de 18.06 16:46:56,477| DISPATCHER: Leite Befehl {vote,'245_4'} an meinen Worker weiter...
GGT(238_1)@lab24.cpt.haw-hamburg.de 18.06 16:46:56,478| DISPATCHER: Leite Befehl {vote,'248_1'} an meinen Worker weiter...
GGT(238_1)@lab24.cpt.haw-hamburg.de 18.06 16:46:56,480| DISPATCHER: Leite Befehl {vote,'249_2'} an meinen Worker weiter...
GGT(238_1)@lab24.cpt.haw-hamburg.de 18.06 16:46:59,455| informiere (brief_mi) Koordinator coordinator ueber neuen Mi:7489500
GGT(238_1)@lab24.cpt.haw-hamburg.de 18.06 16:46:59,456| Sende (send) Nachbarn '213_1' und '234_1' neuen Mi:7489500
GGT(238_1)@lab24.cpt.haw-hamburg.de 18.06 16:46:59,457| ### vote erhalten! Ich = '238_1'  Initiator = '248_2') ###
GGT(238_1)@lab24.cpt.haw-hamburg.de 18.06 16:46:59,457| Leite Anfrage (vote) an den Linken Nachbarn '213_1' weiter (implizites Zustimmen)
GGT(238_1)@lab24.cpt.haw-hamburg.de 18.06 16:46:59,459| ### vote erhalten! Ich = '238_1'  Initiator = '216_3') ###
GGT(238_1)@lab24.cpt.haw-hamburg.de 18.06 16:46:59,459| Leite Anfrage (vote) an den Linken Nachbarn '213_1' weiter (implizites Zustimmen)
GGT(238_1)@lab24.cpt.haw-hamburg.de 18.06 16:46:59,461| ### vote erhalten! Ich = '238_1'  Initiator = '215_4') ###
GGT(238_1)@lab24.cpt.haw-hamburg.de 18.06 16:46:59,461| Leite Anfrage (vote) an den Linken Nachbarn '213_1' weiter (implizites Zustimmen)
GGT(238_1)@lab24.cpt.haw-hamburg.de 18.06 16:46:59,463| ### vote erhalten! Ich = '238_1'  Initiator = '237_1') ###
GGT(238_1)@lab24.cpt.haw-hamburg.de 18.06 16:46:59,463| Leite Anfrage (vote) an den Linken Nachbarn '213_1' weiter (implizites Zustimmen)
GGT(238_1)@lab24.cpt.haw-hamburg.de 18.06 16:46:59,464| ### vote erhalten! Ich = '238_1'  Initiator = '244_2') ###
GGT(238_1)@lab24.cpt.haw-hamburg.de 18.06 16:46:59,464| Leite Anfrage (vote) an den Linken Nachbarn '213_1' weiter (implizites Zustimmen)
GGT(238_1)@lab24.cpt.haw-hamburg.de 18.06 16:46:59,466| ### vote erhalten! Ich = '238_1'  Initiator = '245_4') ###
GGT(238_1)@lab24.cpt.haw-hamburg.de 18.06 16:46:59,466| Leite Anfrage (vote) an den Linken Nachbarn '213_1' weiter (implizites Zustimmen)
GGT(238_1)@lab24.cpt.haw-hamburg.de 18.06 16:46:59,467| ### vote erhalten! Ich = '238_1'  Initiator = '248_1') ###
GGT(238_1)@lab24.cpt.haw-hamburg.de 18.06 16:46:59,467| Leite Anfrage (vote) an den Linken Nachbarn '213_1' weiter (implizites Zustimmen)
GGT(238_1)@lab24.cpt.haw-hamburg.de 18.06 16:46:59,467| ### vote erhalten! Ich = '238_1'  Initiator = '249_2') ###
GGT(238_1)@lab24.cpt.haw-hamburg.de 18.06 16:46:59,468| Leite Anfrage (vote) an den Linken Nachbarn '213_1' weiter (implizites Zustimmen)
GGT(238_1)@lab24.cpt.haw-hamburg.de 18.06 16:47:02,457| DISPATCHER: Leite Befehl {send,238500} an meinen Worker weiter...
GGT(238_1)@lab24.cpt.haw-hamburg.de 18.06 16:47:02,457| Send erhalten Y:238500
GGT(238_1)@lab24.cpt.haw-hamburg.de 18.06 16:47:02,457| ALGO: ((7489500 -1) mod 238500) +1     --    (TTW: 3 Sekunden)
GGT(238_1)@lab24.cpt.haw-hamburg.de 18.06 16:47:02,459| DISPATCHER: Leite Befehl {send,4677700} an meinen Worker weiter...
GGT(238_1)@lab24.cpt.haw-hamburg.de 18.06 16:47:02,461| DISPATCHER: Leite Befehl {vote,'211_3'} an meinen Worker weiter...
GGT(238_1)@lab24.cpt.haw-hamburg.de 18.06 16:47:02,461| DISPATCHER: Leite Befehl {vote,'2110_2'} an meinen Worker weiter...
GGT(238_1)@lab24.cpt.haw-hamburg.de 18.06 16:47:02,462| DISPATCHER: Leite Befehl {vote,'218_3'} an meinen Worker weiter...
GGT(238_1)@lab24.cpt.haw-hamburg.de 18.06 16:47:02,463| DISPATCHER: Leite Befehl {vote,'212_2'} an meinen Worker weiter...
GGT(238_1)@lab24.cpt.haw-hamburg.de 18.06 16:47:02,464| DISPATCHER: Leite Befehl {vote,'239_1'} an meinen Worker weiter...
GGT(238_1)@lab24.cpt.haw-hamburg.de 18.06 16:47:02,465| DISPATCHER: Leite Befehl {vote,'212_3'} an meinen Worker weiter...
GGT(238_1)@lab24.cpt.haw-hamburg.de 18.06 16:47:02,466| DISPATCHER: Leite Befehl {vote,'219_1'} an meinen Worker weiter...
GGT(238_1)@lab24.cpt.haw-hamburg.de 18.06 16:47:02,467| DISPATCHER: Leite Befehl {vote,'217_2'} an meinen Worker weiter...
GGT(238_1)@lab24.cpt.haw-hamburg.de 18.06 16:47:02,467| DISPATCHER: Leite Befehl {vote,'219_3'} an meinen Worker weiter...
GGT(238_1)@lab24.cpt.haw-hamburg.de 18.06 16:47:02,468| DISPATCHER: Leite Befehl {vote,'242_3'} an meinen Worker weiter...
GGT(238_1)@lab24.cpt.haw-hamburg.de 18.06 16:47:02,469| DISPATCHER: Leite Befehl {vote,'2410_4'} an meinen Worker weiter...
GGT(238_1)@lab24.cpt.haw-hamburg.de 18.06 16:47:02,470| DISPATCHER: Leite Befehl {vote,'241_3'} an meinen Worker weiter...
GGT(238_1)@lab24.cpt.haw-hamburg.de 18.06 16:47:02,471| DISPATCHER: Leite Befehl {vote,'241_4'} an meinen Worker weiter...
GGT(238_1)@lab24.cpt.haw-hamburg.de 18.06 16:47:02,472| DISPATCHER: Leite Befehl {vote,'242_4'} an meinen Worker weiter...
GGT(238_1)@lab24.cpt.haw-hamburg.de 18.06 16:47:02,472| DISPATCHER: Leite Befehl {vote,'246_3'} an meinen Worker weiter...
GGT(238_1)@lab24.cpt.haw-hamburg.de 18.06 16:47:02,473| DISPATCHER: Leite Befehl {vote,'249_1'} an meinen Worker weiter...
GGT(238_1)@lab24.cpt.haw-hamburg.de 18.06 16:47:02,474| DISPATCHER: Leite Befehl {vote,'245_2'} an meinen Worker weiter...
GGT(238_1)@lab24.cpt.haw-hamburg.de 18.06 16:47:02,475| DISPATCHER: Leite Befehl {vote,'244_1'} an meinen Worker weiter...
GGT(238_1)@lab24.cpt.haw-hamburg.de 18.06 16:47:02,475| DISPATCHER: Leite Befehl {vote,'216_2'} an meinen Worker weiter...
GGT(238_1)@lab24.cpt.haw-hamburg.de 18.06 16:47:02,476| DISPATCHER: Leite Befehl {vote,'239_2'} an meinen Worker weiter...
GGT(238_1)@lab24.cpt.haw-hamburg.de 18.06 16:47:02,477| DISPATCHER: Leite Befehl {vote,'245_1'} an meinen Worker weiter...
GGT(238_1)@lab24.cpt.haw-hamburg.de 18.06 16:47:05,459| informiere (brief_mi) Koordinator coordinator ueber neuen Mi:96000
GGT(238_1)@lab24.cpt.haw-hamburg.de 18.06 16:47:05,460| Sende (send) Nachbarn '213_1' und '234_1' neuen Mi:96000
GGT(238_1)@lab24.cpt.haw-hamburg.de 18.06 16:47:05,461| Send erhalten Y:4677700
GGT(238_1)@lab24.cpt.haw-hamburg.de 18.06 16:47:05,461| ALGO: ((96000 -1) mod 4677700) +1     --    (TTW: 3 Sekunden)
GGT(238_1)@lab24.cpt.haw-hamburg.de 18.06 16:47:08,461| DISPATCHER: Leite Befehl {send,25500} an meinen Worker weiter...
GGT(238_1)@lab24.cpt.haw-hamburg.de 18.06 16:47:08,462| Mi NICHT geaendert! (ist und bleibt: 96000)
GGT(238_1)@lab24.cpt.haw-hamburg.de 18.06 16:47:08,463| ### vote erhalten! Ich = '238_1'  Initiator = '211_3') ###
GGT(238_1)@lab24.cpt.haw-hamburg.de 18.06 16:47:08,463| implizit abgelehnt
GGT(238_1)@lab24.cpt.haw-hamburg.de 18.06 16:47:08,463| ### vote erhalten! Ich = '238_1'  Initiator = '2110_2') ###
GGT(238_1)@lab24.cpt.haw-hamburg.de 18.06 16:47:08,463| implizit abgelehnt
GGT(238_1)@lab24.cpt.haw-hamburg.de 18.06 16:47:08,463| DISPATCHER: Leite Befehl {send,69700} an meinen Worker weiter...
GGT(238_1)@lab24.cpt.haw-hamburg.de 18.06 16:47:08,464| ### vote erhalten! Ich = '238_1'  Initiator = '218_3') ###
GGT(238_1)@lab24.cpt.haw-hamburg.de 18.06 16:47:08,464| Leite Anfrage (vote) an den Linken Nachbarn '213_1' weiter (implizites Zustimmen)
GGT(238_1)@lab24.cpt.haw-hamburg.de 18.06 16:47:08,466| ### vote erhalten! Ich = '238_1'  Initiator = '212_2') ###
GGT(238_1)@lab24.cpt.haw-hamburg.de 18.06 16:47:08,466| Leite Anfrage (vote) an den Linken Nachbarn '213_1' weiter (implizites Zustimmen)
GGT(238_1)@lab24.cpt.haw-hamburg.de 18.06 16:47:08,467| ### vote erhalten! Ich = '238_1'  Initiator = '239_1') ###
GGT(238_1)@lab24.cpt.haw-hamburg.de 18.06 16:47:08,467| Leite Anfrage (vote) an den Linken Nachbarn '213_1' weiter (implizites Zustimmen)
GGT(238_1)@lab24.cpt.haw-hamburg.de 18.06 16:47:08,468| ### vote erhalten! Ich = '238_1'  Initiator = '212_3') ###
GGT(238_1)@lab24.cpt.haw-hamburg.de 18.06 16:47:08,468| Leite Anfrage (vote) an den Linken Nachbarn '213_1' weiter (implizites Zustimmen)
GGT(238_1)@lab24.cpt.haw-hamburg.de 18.06 16:47:08,471| ### vote erhalten! Ich = '238_1'  Initiator = '219_1') ###
GGT(238_1)@lab24.cpt.haw-hamburg.de 18.06 16:47:08,471| Leite Anfrage (vote) an den Linken Nachbarn '213_1' weiter (implizites Zustimmen)
GGT(238_1)@lab24.cpt.haw-hamburg.de 18.06 16:47:08,472| ### vote erhalten! Ich = '238_1'  Initiator = '217_2') ###
GGT(238_1)@lab24.cpt.haw-hamburg.de 18.06 16:47:08,472| Leite Anfrage (vote) an den Linken Nachbarn '213_1' weiter (implizites Zustimmen)
GGT(238_1)@lab24.cpt.haw-hamburg.de 18.06 16:47:08,473| ### vote erhalten! Ich = '238_1'  Initiator = '219_3') ###
GGT(238_1)@lab24.cpt.haw-hamburg.de 18.06 16:47:08,473| Leite Anfrage (vote) an den Linken Nachbarn '213_1' weiter (implizites Zustimmen)
GGT(238_1)@lab24.cpt.haw-hamburg.de 18.06 16:47:08,474| ### vote erhalten! Ich = '238_1'  Initiator = '242_3') ###
GGT(238_1)@lab24.cpt.haw-hamburg.de 18.06 16:47:08,474| Leite Anfrage (vote) an den Linken Nachbarn '213_1' weiter (implizites Zustimmen)
GGT(238_1)@lab24.cpt.haw-hamburg.de 18.06 16:47:08,474| ### vote erhalten! Ich = '238_1'  Initiator = '2410_4') ###
GGT(238_1)@lab24.cpt.haw-hamburg.de 18.06 16:47:08,474| Leite Anfrage (vote) an den Linken Nachbarn '213_1' weiter (implizites Zustimmen)
GGT(238_1)@lab24.cpt.haw-hamburg.de 18.06 16:47:08,475| ### vote erhalten! Ich = '238_1'  Initiator = '241_3') ###
GGT(238_1)@lab24.cpt.haw-hamburg.de 18.06 16:47:08,475| Leite Anfrage (vote) an den Linken Nachbarn '213_1' weiter (implizites Zustimmen)
GGT(238_1)@lab24.cpt.haw-hamburg.de 18.06 16:47:08,476| ### vote erhalten! Ich = '238_1'  Initiator = '241_4') ###
GGT(238_1)@lab24.cpt.haw-hamburg.de 18.06 16:47:08,476| Leite Anfrage (vote) an den Linken Nachbarn '213_1' weiter (implizites Zustimmen)
GGT(238_1)@lab24.cpt.haw-hamburg.de 18.06 16:47:08,477| ### vote erhalten! Ich = '238_1'  Initiator = '242_4') ###
GGT(238_1)@lab24.cpt.haw-hamburg.de 18.06 16:47:08,477| Leite Anfrage (vote) an den Linken Nachbarn '213_1' weiter (implizites Zustimmen)
GGT(238_1)@lab24.cpt.haw-hamburg.de 18.06 16:47:08,477| ### vote erhalten! Ich = '238_1'  Initiator = '246_3') ###
GGT(238_1)@lab24.cpt.haw-hamburg.de 18.06 16:47:08,477| Leite Anfrage (vote) an den Linken Nachbarn '213_1' weiter (implizites Zustimmen)
GGT(238_1)@lab24.cpt.haw-hamburg.de 18.06 16:47:08,478| ### vote erhalten! Ich = '238_1'  Initiator = '249_1') ###
GGT(238_1)@lab24.cpt.haw-hamburg.de 18.06 16:47:08,478| Leite Anfrage (vote) an den Linken Nachbarn '213_1' weiter (implizites Zustimmen)
GGT(238_1)@lab24.cpt.haw-hamburg.de 18.06 16:47:08,479| ### vote erhalten! Ich = '238_1'  Initiator = '245_2') ###
GGT(238_1)@lab24.cpt.haw-hamburg.de 18.06 16:47:08,479| Leite Anfrage (vote) an den Linken Nachbarn '213_1' weiter (implizites Zustimmen)
GGT(238_1)@lab24.cpt.haw-hamburg.de 18.06 16:47:08,480| ### vote erhalten! Ich = '238_1'  Initiator = '244_1') ###
GGT(238_1)@lab24.cpt.haw-hamburg.de 18.06 16:47:08,480| Leite Anfrage (vote) an den Linken Nachbarn '213_1' weiter (implizites Zustimmen)
GGT(238_1)@lab24.cpt.haw-hamburg.de 18.06 16:47:08,480| ### vote erhalten! Ich = '238_1'  Initiator = '216_2') ###
GGT(238_1)@lab24.cpt.haw-hamburg.de 18.06 16:47:08,481| Leite Anfrage (vote) an den Linken Nachbarn '213_1' weiter (implizites Zustimmen)
GGT(238_1)@lab24.cpt.haw-hamburg.de 18.06 16:47:08,481| ### vote erhalten! Ich = '238_1'  Initiator = '239_2') ###
GGT(238_1)@lab24.cpt.haw-hamburg.de 18.06 16:47:08,481| Leite Anfrage (vote) an den Linken Nachbarn '213_1' weiter (implizites Zustimmen)
GGT(238_1)@lab24.cpt.haw-hamburg.de 18.06 16:47:08,482| ### vote erhalten! Ich = '238_1'  Initiator = '245_1') ###
GGT(238_1)@lab24.cpt.haw-hamburg.de 18.06 16:47:08,482| Leite Anfrage (vote) an den Linken Nachbarn '213_1' weiter (implizites Zustimmen)
GGT(238_1)@lab24.cpt.haw-hamburg.de 18.06 16:47:08,482| TTT Timer ist abgelaufen. Informiere meine linken Nachbarn ('213_1') ueber vote
GGT(238_1)@lab24.cpt.haw-hamburg.de 18.06 16:47:08,483| Send erhalten Y:25500
GGT(238_1)@lab24.cpt.haw-hamburg.de 18.06 16:47:08,483| ALGO: ((96000 -1) mod 25500) +1     --    (TTW: 3 Sekunden)
GGT(238_1)@lab24.cpt.haw-hamburg.de 18.06 16:47:11,467| DISPATCHER: Leite Befehl {vote,'234_1'} an meinen Worker weiter...
GGT(238_1)@lab24.cpt.haw-hamburg.de 18.06 16:47:11,484| informiere (brief_mi) Koordinator coordinator ueber neuen Mi:19500
GGT(238_1)@lab24.cpt.haw-hamburg.de 18.06 16:47:11,485| Sende (send) Nachbarn '213_1' und '234_1' neuen Mi:19500
GGT(238_1)@lab24.cpt.haw-hamburg.de 18.06 16:47:11,485| Send erhalten Y:69700
GGT(238_1)@lab24.cpt.haw-hamburg.de 18.06 16:47:11,485| ALGO: ((19500 -1) mod 69700) +1     --    (TTW: 3 Sekunden)
GGT(238_1)@lab24.cpt.haw-hamburg.de 18.06 16:47:14,465| DISPATCHER: Leite Befehl {send,8400} an meinen Worker weiter...
GGT(238_1)@lab24.cpt.haw-hamburg.de 18.06 16:47:14,470| DISPATCHER: Leite Befehl {send,21800} an meinen Worker weiter...
GGT(238_1)@lab24.cpt.haw-hamburg.de 18.06 16:47:14,487| Mi NICHT geaendert! (ist und bleibt: 19500)
GGT(238_1)@lab24.cpt.haw-hamburg.de 18.06 16:47:14,488| ### vote erhalten! Ich = '238_1'  Initiator = '234_1') ###
GGT(238_1)@lab24.cpt.haw-hamburg.de 18.06 16:47:14,488| implizit abgelehnt
GGT(238_1)@lab24.cpt.haw-hamburg.de 18.06 16:47:14,488| Send erhalten Y:8400
GGT(238_1)@lab24.cpt.haw-hamburg.de 18.06 16:47:14,488| ALGO: ((19500 -1) mod 8400) +1     --    (TTW: 3 Sekunden)
GGT(238_1)@lab24.cpt.haw-hamburg.de 18.06 16:47:17,476| DISPATCHER: Leite Befehl {send,2300} an meinen Worker weiter...
GGT(238_1)@lab24.cpt.haw-hamburg.de 18.06 16:47:17,477| DISPATCHER: Leite Befehl {vote,'234_1'} an meinen Worker weiter...
GGT(238_1)@lab24.cpt.haw-hamburg.de 18.06 16:47:17,478| DISPATCHER: Leite Befehl {vote,'236_2'} an meinen Worker weiter...
GGT(238_1)@lab24.cpt.haw-hamburg.de 18.06 16:47:17,489| informiere (brief_mi) Koordinator coordinator ueber neuen Mi:2700
GGT(238_1)@lab24.cpt.haw-hamburg.de 18.06 16:47:17,490| Sende (send) Nachbarn '213_1' und '234_1' neuen Mi:2700
GGT(238_1)@lab24.cpt.haw-hamburg.de 18.06 16:47:17,491| Send erhalten Y:21800
GGT(238_1)@lab24.cpt.haw-hamburg.de 18.06 16:47:17,491| ALGO: ((2700 -1) mod 21800) +1     --    (TTW: 3 Sekunden)
GGT(238_1)@lab24.cpt.haw-hamburg.de 18.06 16:47:20,491| DISPATCHER: Leite Befehl {send,300} an meinen Worker weiter...
GGT(238_1)@lab24.cpt.haw-hamburg.de 18.06 16:47:20,492| Mi NICHT geaendert! (ist und bleibt: 2700)
GGT(238_1)@lab24.cpt.haw-hamburg.de 18.06 16:47:20,492| TTT Timer ist abgelaufen. Informiere meine linken Nachbarn ('213_1') ueber vote
GGT(238_1)@lab24.cpt.haw-hamburg.de 18.06 16:47:20,493| Send erhalten Y:2300
GGT(238_1)@lab24.cpt.haw-hamburg.de 18.06 16:47:20,493| ALGO: ((2700 -1) mod 2300) +1     --    (TTW: 3 Sekunden)
GGT(238_1)@lab24.cpt.haw-hamburg.de 18.06 16:47:23,494| informiere (brief_mi) Koordinator coordinator ueber neuen Mi:400
GGT(238_1)@lab24.cpt.haw-hamburg.de 18.06 16:47:23,495| Sende (send) Nachbarn '213_1' und '234_1' neuen Mi:400
GGT(238_1)@lab24.cpt.haw-hamburg.de 18.06 16:47:23,496| ### vote erhalten! Ich = '238_1'  Initiator = '234_1') ###
GGT(238_1)@lab24.cpt.haw-hamburg.de 18.06 16:47:23,496| Leite Anfrage (vote) an den Linken Nachbarn '213_1' weiter (implizites Zustimmen)
GGT(238_1)@lab24.cpt.haw-hamburg.de 18.06 16:47:23,497| ### vote erhalten! Ich = '238_1'  Initiator = '236_2') ###
GGT(238_1)@lab24.cpt.haw-hamburg.de 18.06 16:47:23,497| Leite Anfrage (vote) an den Linken Nachbarn '213_1' weiter (implizites Zustimmen)
GGT(238_1)@lab24.cpt.haw-hamburg.de 18.06 16:47:23,497| TTT Timer ist abgelaufen. Informiere meine linken Nachbarn ('213_1') ueber vote
GGT(238_1)@lab24.cpt.haw-hamburg.de 18.06 16:47:23,498| Send erhalten Y:300
GGT(238_1)@lab24.cpt.haw-hamburg.de 18.06 16:47:23,498| ALGO: ((400 -1) mod 300) +1     --    (TTW: 3 Sekunden)
GGT(238_1)@lab24.cpt.haw-hamburg.de 18.06 16:47:26,495| DISPATCHER: Leite Befehl {send,200} an meinen Worker weiter...
GGT(238_1)@lab24.cpt.haw-hamburg.de 18.06 16:47:26,496| DISPATCHER: Leite Befehl {vote,'234_1'} an meinen Worker weiter...
GGT(238_1)@lab24.cpt.haw-hamburg.de 18.06 16:47:26,499| informiere (brief_mi) Koordinator coordinator ueber neuen Mi:100
GGT(238_1)@lab24.cpt.haw-hamburg.de 18.06 16:47:26,499| Sende (send) Nachbarn '213_1' und '234_1' neuen Mi:100
GGT(238_1)@lab24.cpt.haw-hamburg.de 18.06 16:47:26,500| TTT Timer ist abgelaufen. Informiere meine linken Nachbarn ('213_1') ueber vote
GGT(238_1)@lab24.cpt.haw-hamburg.de 18.06 16:47:26,500| Send erhalten Y:200
GGT(238_1)@lab24.cpt.haw-hamburg.de 18.06 16:47:26,501| ALGO: ((100 -1) mod 200) +1     --    (TTW: 3 Sekunden)
GGT(238_1)@lab24.cpt.haw-hamburg.de 18.06 16:47:29,498| DISPATCHER: Leite Befehl {vote,'234_1'} an meinen Worker weiter...
GGT(238_1)@lab24.cpt.haw-hamburg.de 18.06 16:47:29,501| DISPATCHER: Leite Befehl {send,100} an meinen Worker weiter...
GGT(238_1)@lab24.cpt.haw-hamburg.de 18.06 16:47:29,502| Mi NICHT geaendert! (ist und bleibt: 100)
GGT(238_1)@lab24.cpt.haw-hamburg.de 18.06 16:47:29,502| ### vote erhalten! Ich = '238_1'  Initiator = '234_1') ###
GGT(238_1)@lab24.cpt.haw-hamburg.de 18.06 16:47:29,503| implizit abgelehnt
GGT(238_1)@lab24.cpt.haw-hamburg.de 18.06 16:47:29,503| ### vote erhalten! Ich = '238_1'  Initiator = '234_1') ###
GGT(238_1)@lab24.cpt.haw-hamburg.de 18.06 16:47:29,503| implizit abgelehnt
GGT(238_1)@lab24.cpt.haw-hamburg.de 18.06 16:47:29,503| TTT Timer ist abgelaufen. Informiere meine linken Nachbarn ('213_1') ueber vote
GGT(238_1)@lab24.cpt.haw-hamburg.de 18.06 16:47:29,503| Send erhalten Y:100
GGT(238_1)@lab24.cpt.haw-hamburg.de 18.06 16:47:29,504| ALGO: ((100 -1) mod 100) +1     --    (TTW: 3 Sekunden)
GGT(238_1)@lab24.cpt.haw-hamburg.de 18.06 16:47:32,500| DISPATCHER: Leite Befehl {send,100} an meinen Worker weiter...
GGT(238_1)@lab24.cpt.haw-hamburg.de 18.06 16:47:32,501| DISPATCHER: Leite Befehl {vote,'234_1'} an meinen Worker weiter...
GGT(238_1)@lab24.cpt.haw-hamburg.de 18.06 16:47:32,505| Mi NICHT geaendert! (ist und bleibt: 100)
GGT(238_1)@lab24.cpt.haw-hamburg.de 18.06 16:47:32,505| Send erhalten Y:100
GGT(238_1)@lab24.cpt.haw-hamburg.de 18.06 16:47:32,505| ALGO: ((100 -1) mod 100) +1     --    (TTW: 3 Sekunden)
GGT(238_1)@lab24.cpt.haw-hamburg.de 18.06 16:47:35,503| DISPATCHER: Leite Befehl {vote,'234_1'} an meinen Worker weiter...
GGT(238_1)@lab24.cpt.haw-hamburg.de 18.06 16:47:35,504| DISPATCHER: Leite Befehl {vote,'236_2'} an meinen Worker weiter...
GGT(238_1)@lab24.cpt.haw-hamburg.de 18.06 16:47:35,505| DISPATCHER: Leite Befehl {vote,'234_1'} an meinen Worker weiter...
GGT(238_1)@lab24.cpt.haw-hamburg.de 18.06 16:47:35,506| Mi NICHT geaendert! (ist und bleibt: 100)
GGT(238_1)@lab24.cpt.haw-hamburg.de 18.06 16:47:35,506| ### vote erhalten! Ich = '238_1'  Initiator = '234_1') ###
GGT(238_1)@lab24.cpt.haw-hamburg.de 18.06 16:47:35,506| implizit abgelehnt
GGT(238_1)@lab24.cpt.haw-hamburg.de 18.06 16:47:35,507| ### vote erhalten! Ich = '238_1'  Initiator = '234_1') ###
GGT(238_1)@lab24.cpt.haw-hamburg.de 18.06 16:47:35,507| implizit abgelehnt
GGT(238_1)@lab24.cpt.haw-hamburg.de 18.06 16:47:35,507| ### vote erhalten! Ich = '238_1'  Initiator = '236_2') ###
GGT(238_1)@lab24.cpt.haw-hamburg.de 18.06 16:47:35,507| implizit abgelehnt
GGT(238_1)@lab24.cpt.haw-hamburg.de 18.06 16:47:35,508| ### vote erhalten! Ich = '238_1'  Initiator = '234_1') ###
GGT(238_1)@lab24.cpt.haw-hamburg.de 18.06 16:47:35,508| Leite Anfrage (vote) an den Linken Nachbarn '213_1' weiter (implizites Zustimmen)
GGT(238_1)@lab24.cpt.haw-hamburg.de 18.06 16:47:38,493| DISPATCHER: Leite Befehl {vote,'236_2'} an meinen Worker weiter...
GGT(238_1)@lab24.cpt.haw-hamburg.de 18.06 16:47:38,494| ### vote erhalten! Ich = '238_1'  Initiator = '236_2') ###
GGT(238_1)@lab24.cpt.haw-hamburg.de 18.06 16:47:38,494| Leite Anfrage (vote) an den Linken Nachbarn '213_1' weiter (implizites Zustimmen)
GGT(238_1)@lab24.cpt.haw-hamburg.de 18.06 16:47:38,495| DISPATCHER: Leite Befehl {vote,'236_2'} an meinen Worker weiter...
GGT(238_1)@lab24.cpt.haw-hamburg.de 18.06 16:47:38,495| ### vote erhalten! Ich = '238_1'  Initiator = '236_2') ###
GGT(238_1)@lab24.cpt.haw-hamburg.de 18.06 16:47:38,496| Leite Anfrage (vote) an den Linken Nachbarn '213_1' weiter (implizites Zustimmen)
GGT(238_1)@lab24.cpt.haw-hamburg.de 18.06 16:47:41,497| DISPATCHER: Leite Befehl {vote,'236_2'} an meinen Worker weiter...
GGT(238_1)@lab24.cpt.haw-hamburg.de 18.06 16:47:41,498| ### vote erhalten! Ich = '238_1'  Initiator = '236_2') ###
GGT(238_1)@lab24.cpt.haw-hamburg.de 18.06 16:47:41,498| Leite Anfrage (vote) an den Linken Nachbarn '213_1' weiter (implizites Zustimmen)
GGT(238_1)@lab24.cpt.haw-hamburg.de 18.06 16:47:41,499| DISPATCHER: Leite Befehl {vote,'244_3'} an meinen Worker weiter...
GGT(238_1)@lab24.cpt.haw-hamburg.de 18.06 16:47:41,499| ### vote erhalten! Ich = '238_1'  Initiator = '244_3') ###
GGT(238_1)@lab24.cpt.haw-hamburg.de 18.06 16:47:41,500| Leite Anfrage (vote) an den Linken Nachbarn '213_1' weiter (implizites Zustimmen)
GGT(238_1)@lab24.cpt.haw-hamburg.de 18.06 16:47:41,500| DISPATCHER: Leite Befehl {vote,'218_2'} an meinen Worker weiter...
GGT(238_1)@lab24.cpt.haw-hamburg.de 18.06 16:47:41,501| ### vote erhalten! Ich = '238_1'  Initiator = '218_2') ###
GGT(238_1)@lab24.cpt.haw-hamburg.de 18.06 16:47:41,501| Leite Anfrage (vote) an den Linken Nachbarn '213_1' weiter (implizites Zustimmen)
GGT(238_1)@lab24.cpt.haw-hamburg.de 18.06 16:47:41,501| DISPATCHER: Leite Befehl {vote,'248_2'} an meinen Worker weiter...
GGT(238_1)@lab24.cpt.haw-hamburg.de 18.06 16:47:41,502| ### vote erhalten! Ich = '238_1'  Initiator = '248_2') ###
GGT(238_1)@lab24.cpt.haw-hamburg.de 18.06 16:47:41,502| Leite Anfrage (vote) an den Linken Nachbarn '213_1' weiter (implizites Zustimmen)
GGT(238_1)@lab24.cpt.haw-hamburg.de 18.06 16:47:41,502| DISPATCHER: Leite Befehl {vote,'244_3'} an meinen Worker weiter...
GGT(238_1)@lab24.cpt.haw-hamburg.de 18.06 16:47:41,503| ### vote erhalten! Ich = '238_1'  Initiator = '244_3') ###
GGT(238_1)@lab24.cpt.haw-hamburg.de 18.06 16:47:41,503| Leite Anfrage (vote) an den Linken Nachbarn '213_1' weiter (implizites Zustimmen)
GGT(238_1)@lab24.cpt.haw-hamburg.de 18.06 16:47:50,497| DISPATCHER: Leite Befehl {vote,'236_2'} an meinen Worker weiter...
GGT(238_1)@lab24.cpt.haw-hamburg.de 18.06 16:47:50,497| ### vote erhalten! Ich = '238_1'  Initiator = '236_2') ###
GGT(238_1)@lab24.cpt.haw-hamburg.de 18.06 16:47:50,497| Leite Anfrage (vote) an den Linken Nachbarn '213_1' weiter (implizites Zustimmen)
GGT(238_1)@lab24.cpt.haw-hamburg.de 18.06 16:47:50,501| DISPATCHER: Leite Befehl {vote,'248_2'} an meinen Worker weiter...
GGT(238_1)@lab24.cpt.haw-hamburg.de 18.06 16:47:50,502| ### vote erhalten! Ich = '238_1'  Initiator = '248_2') ###
GGT(238_1)@lab24.cpt.haw-hamburg.de 18.06 16:47:50,502| Leite Anfrage (vote) an den Linken Nachbarn '213_1' weiter (implizites Zustimmen)
GGT(238_1)@lab24.cpt.haw-hamburg.de 18.06 16:47:50,502| DISPATCHER: Leite Befehl {vote,'248_2'} an meinen Worker weiter...
GGT(238_1)@lab24.cpt.haw-hamburg.de 18.06 16:47:50,503| ### vote erhalten! Ich = '238_1'  Initiator = '248_2') ###
GGT(238_1)@lab24.cpt.haw-hamburg.de 18.06 16:47:50,503| Leite Anfrage (vote) an den Linken Nachbarn '213_1' weiter (implizites Zustimmen)
GGT(238_1)@lab24.cpt.haw-hamburg.de 18.06 16:47:50,503| DISPATCHER: Leite Befehl {vote,'248_2'} an meinen Worker weiter...
GGT(238_1)@lab24.cpt.haw-hamburg.de 18.06 16:47:50,504| ### vote erhalten! Ich = '238_1'  Initiator = '248_2') ###
GGT(238_1)@lab24.cpt.haw-hamburg.de 18.06 16:47:50,504| Leite Anfrage (vote) an den Linken Nachbarn '213_1' weiter (implizites Zustimmen)
GGT(238_1)@lab24.cpt.haw-hamburg.de 18.06 16:47:50,504| DISPATCHER: Leite Befehl {vote,'213_3'} an meinen Worker weiter...
GGT(238_1)@lab24.cpt.haw-hamburg.de 18.06 16:47:50,505| ### vote erhalten! Ich = '238_1'  Initiator = '213_3') ###
GGT(238_1)@lab24.cpt.haw-hamburg.de 18.06 16:47:50,505| Leite Anfrage (vote) an den Linken Nachbarn '213_1' weiter (implizites Zustimmen)
GGT(238_1)@lab24.cpt.haw-hamburg.de 18.06 16:47:50,506| DISPATCHER: Leite Befehl {vote,'244_3'} an meinen Worker weiter...
GGT(238_1)@lab24.cpt.haw-hamburg.de 18.06 16:47:50,506| ### vote erhalten! Ich = '238_1'  Initiator = '244_3') ###
GGT(238_1)@lab24.cpt.haw-hamburg.de 18.06 16:47:50,506| Leite Anfrage (vote) an den Linken Nachbarn '213_1' weiter (implizites Zustimmen)
GGT(238_1)@lab24.cpt.haw-hamburg.de 18.06 16:47:50,507| DISPATCHER: Leite Befehl {vote,'214_2'} an meinen Worker weiter...
GGT(238_1)@lab24.cpt.haw-hamburg.de 18.06 16:47:50,508| ### vote erhalten! Ich = '238_1'  Initiator = '214_2') ###
GGT(238_1)@lab24.cpt.haw-hamburg.de 18.06 16:47:50,508| Leite Anfrage (vote) an den Linken Nachbarn '213_1' weiter (implizites Zustimmen)
GGT(238_1)@lab24.cpt.haw-hamburg.de 18.06 16:47:50,508| DISPATCHER: Leite Befehl {vote,'248_2'} an meinen Worker weiter...
GGT(238_1)@lab24.cpt.haw-hamburg.de 18.06 16:47:50,509| ### vote erhalten! Ich = '238_1'  Initiator = '248_2') ###
GGT(238_1)@lab24.cpt.haw-hamburg.de 18.06 16:47:50,509| Leite Anfrage (vote) an den Linken Nachbarn '213_1' weiter (implizites Zustimmen)
GGT(238_1)@lab24.cpt.haw-hamburg.de 18.06 16:47:50,510| DISPATCHER: Leite Befehl {vote,'248_2'} an meinen Worker weiter...
GGT(238_1)@lab24.cpt.haw-hamburg.de 18.06 16:47:50,511| ### vote erhalten! Ich = '238_1'  Initiator = '248_2') ###
GGT(238_1)@lab24.cpt.haw-hamburg.de 18.06 16:47:50,511| Leite Anfrage (vote) an den Linken Nachbarn '213_1' weiter (implizites Zustimmen)
GGT(238_1)@lab24.cpt.haw-hamburg.de 18.06 16:47:50,511| DISPATCHER: Leite Befehl {vote,'218_2'} an meinen Worker weiter...
GGT(238_1)@lab24.cpt.haw-hamburg.de 18.06 16:47:50,512| ### vote erhalten! Ich = '238_1'  Initiator = '218_2') ###
GGT(238_1)@lab24.cpt.haw-hamburg.de 18.06 16:47:50,512| Leite Anfrage (vote) an den Linken Nachbarn '213_1' weiter (implizites Zustimmen)
GGT(238_1)@lab24.cpt.haw-hamburg.de 18.06 16:47:50,512| DISPATCHER: Leite Befehl {vote,'244_3'} an meinen Worker weiter...
GGT(238_1)@lab24.cpt.haw-hamburg.de 18.06 16:47:50,513| ### vote erhalten! Ich = '238_1'  Initiator = '244_3') ###
GGT(238_1)@lab24.cpt.haw-hamburg.de 18.06 16:47:50,513| Leite Anfrage (vote) an den Linken Nachbarn '213_1' weiter (implizites Zustimmen)
GGT(238_1)@lab24.cpt.haw-hamburg.de 18.06 16:47:50,514| DISPATCHER: Leite Befehl {vote,'214_2'} an meinen Worker weiter...
GGT(238_1)@lab24.cpt.haw-hamburg.de 18.06 16:47:50,514| ### vote erhalten! Ich = '238_1'  Initiator = '214_2') ###
GGT(238_1)@lab24.cpt.haw-hamburg.de 18.06 16:47:50,514| Leite Anfrage (vote) an den Linken Nachbarn '213_1' weiter (implizites Zustimmen)
GGT(238_1)@lab24.cpt.haw-hamburg.de 18.06 16:47:50,515| DISPATCHER: Leite Befehl {vote,'237_1'} an meinen Worker weiter...
GGT(238_1)@lab24.cpt.haw-hamburg.de 18.06 16:47:50,515| ### vote erhalten! Ich = '238_1'  Initiator = '237_1') ###
GGT(238_1)@lab24.cpt.haw-hamburg.de 18.06 16:47:50,515| Leite Anfrage (vote) an den Linken Nachbarn '213_1' weiter (implizites Zustimmen)
GGT(238_1)@lab24.cpt.haw-hamburg.de 18.06 16:47:50,516| DISPATCHER: Leite Befehl {vote,'244_3'} an meinen Worker weiter...
GGT(238_1)@lab24.cpt.haw-hamburg.de 18.06 16:47:50,518| DISPATCHER: Leite Befehl {vote,'244_2'} an meinen Worker weiter...
GGT(238_1)@lab24.cpt.haw-hamburg.de 18.06 16:47:50,518| ### vote erhalten! Ich = '238_1'  Initiator = '244_3') ###
GGT(238_1)@lab24.cpt.haw-hamburg.de 18.06 16:47:50,518| Leite Anfrage (vote) an den Linken Nachbarn '213_1' weiter (implizites Zustimmen)
GGT(238_1)@lab24.cpt.haw-hamburg.de 18.06 16:47:50,519| ### vote erhalten! Ich = '238_1'  Initiator = '244_2') ###
GGT(238_1)@lab24.cpt.haw-hamburg.de 18.06 16:47:50,519| Leite Anfrage (vote) an den Linken Nachbarn '213_1' weiter (implizites Zustimmen)
GGT(238_1)@lab24.cpt.haw-hamburg.de 18.06 16:47:50,519| DISPATCHER: Leite Befehl {vote,'244_3'} an meinen Worker weiter...
GGT(238_1)@lab24.cpt.haw-hamburg.de 18.06 16:47:50,520| ### vote erhalten! Ich = '238_1'  Initiator = '244_3') ###
GGT(238_1)@lab24.cpt.haw-hamburg.de 18.06 16:47:50,520| Leite Anfrage (vote) an den Linken Nachbarn '213_1' weiter (implizites Zustimmen)
GGT(238_1)@lab24.cpt.haw-hamburg.de 18.06 16:47:50,521| DISPATCHER: Leite Befehl {vote,'244_3'} an meinen Worker weiter...
GGT(238_1)@lab24.cpt.haw-hamburg.de 18.06 16:47:50,522| ### vote erhalten! Ich = '238_1'  Initiator = '244_3') ###
GGT(238_1)@lab24.cpt.haw-hamburg.de 18.06 16:47:50,522| Leite Anfrage (vote) an den Linken Nachbarn '213_1' weiter (implizites Zustimmen)
GGT(238_1)@lab24.cpt.haw-hamburg.de 18.06 16:47:50,523| DISPATCHER: Leite Befehl {vote,'244_2'} an meinen Worker weiter...
GGT(238_1)@lab24.cpt.haw-hamburg.de 18.06 16:47:50,523| ### vote erhalten! Ich = '238_1'  Initiator = '244_2') ###
GGT(238_1)@lab24.cpt.haw-hamburg.de 18.06 16:47:50,524| Leite Anfrage (vote) an den Linken Nachbarn '213_1' weiter (implizites Zustimmen)
GGT(238_1)@lab24.cpt.haw-hamburg.de 18.06 16:47:50,524| DISPATCHER: Leite Befehl {vote,'216_3'} an meinen Worker weiter...
GGT(238_1)@lab24.cpt.haw-hamburg.de 18.06 16:47:50,525| ### vote erhalten! Ich = '238_1'  Initiator = '216_3') ###
GGT(238_1)@lab24.cpt.haw-hamburg.de 18.06 16:47:50,525| Leite Anfrage (vote) an den Linken Nachbarn '213_1' weiter (implizites Zustimmen)
GGT(238_1)@lab24.cpt.haw-hamburg.de 18.06 16:47:50,525| DISPATCHER: Leite Befehl {vote,'215_4'} an meinen Worker weiter...
GGT(238_1)@lab24.cpt.haw-hamburg.de 18.06 16:47:50,526| ### vote erhalten! Ich = '238_1'  Initiator = '215_4') ###
GGT(238_1)@lab24.cpt.haw-hamburg.de 18.06 16:47:50,526| Leite Anfrage (vote) an den Linken Nachbarn '213_1' weiter (implizites Zustimmen)
GGT(238_1)@lab24.cpt.haw-hamburg.de 18.06 16:47:50,526| DISPATCHER: Leite Befehl {vote,'245_4'} an meinen Worker weiter...
GGT(238_1)@lab24.cpt.haw-hamburg.de 18.06 16:47:50,527| ### vote erhalten! Ich = '238_1'  Initiator = '245_4') ###
GGT(238_1)@lab24.cpt.haw-hamburg.de 18.06 16:47:50,527| Leite Anfrage (vote) an den Linken Nachbarn '213_1' weiter (implizites Zustimmen)
GGT(238_1)@lab24.cpt.haw-hamburg.de 18.06 16:47:50,527| DISPATCHER: Leite Befehl {vote,'215_4'} an meinen Worker weiter...
GGT(238_1)@lab24.cpt.haw-hamburg.de 18.06 16:47:50,528| ### vote erhalten! Ich = '238_1'  Initiator = '215_4') ###
GGT(238_1)@lab24.cpt.haw-hamburg.de 18.06 16:47:50,528| Leite Anfrage (vote) an den Linken Nachbarn '213_1' weiter (implizites Zustimmen)
GGT(238_1)@lab24.cpt.haw-hamburg.de 18.06 16:47:50,529| DISPATCHER: Leite Befehl {vote,'245_4'} an meinen Worker weiter...
GGT(238_1)@lab24.cpt.haw-hamburg.de 18.06 16:47:50,529| ### vote erhalten! Ich = '238_1'  Initiator = '245_4') ###
GGT(238_1)@lab24.cpt.haw-hamburg.de 18.06 16:47:50,529| Leite Anfrage (vote) an den Linken Nachbarn '213_1' weiter (implizites Zustimmen)
GGT(238_1)@lab24.cpt.haw-hamburg.de 18.06 16:47:50,530| DISPATCHER: Leite Befehl {vote,'244_3'} an meinen Worker weiter...
GGT(238_1)@lab24.cpt.haw-hamburg.de 18.06 16:47:50,531| ### vote erhalten! Ich = '238_1'  Initiator = '244_3') ###
GGT(238_1)@lab24.cpt.haw-hamburg.de 18.06 16:47:50,531| DISPATCHER: Leite Befehl {vote,'248_2'} an meinen Worker weiter...
GGT(238_1)@lab24.cpt.haw-hamburg.de 18.06 16:47:50,531| Leite Anfrage (vote) an den Linken Nachbarn '213_1' weiter (implizites Zustimmen)
GGT(238_1)@lab24.cpt.haw-hamburg.de 18.06 16:47:50,532| ### vote erhalten! Ich = '238_1'  Initiator = '248_2') ###
GGT(238_1)@lab24.cpt.haw-hamburg.de 18.06 16:47:50,532| Leite Anfrage (vote) an den Linken Nachbarn '213_1' weiter (implizites Zustimmen)
GGT(238_1)@lab24.cpt.haw-hamburg.de 18.06 16:47:53,499| DISPATCHER: Leite Befehl {vote,'248_2'} an meinen Worker weiter...
GGT(238_1)@lab24.cpt.haw-hamburg.de 18.06 16:47:53,499| ### vote erhalten! Ich = '238_1'  Initiator = '248_2') ###
GGT(238_1)@lab24.cpt.haw-hamburg.de 18.06 16:47:53,499| Leite Anfrage (vote) an den Linken Nachbarn '213_1' weiter (implizites Zustimmen)
GGT(238_1)@lab24.cpt.haw-hamburg.de 18.06 16:47:53,501| DISPATCHER: Leite Befehl {vote,'244_3'} an meinen Worker weiter...
GGT(238_1)@lab24.cpt.haw-hamburg.de 18.06 16:47:53,502| ### vote erhalten! Ich = '238_1'  Initiator = '244_3') ###
GGT(238_1)@lab24.cpt.haw-hamburg.de 18.06 16:47:53,502| Leite Anfrage (vote) an den Linken Nachbarn '213_1' weiter (implizites Zustimmen)
GGT(238_1)@lab24.cpt.haw-hamburg.de 18.06 16:47:56,498| DISPATCHER: Leite Befehl {vote,'248_1'} an meinen Worker weiter...
GGT(238_1)@lab24.cpt.haw-hamburg.de 18.06 16:47:56,499| ### vote erhalten! Ich = '238_1'  Initiator = '248_1') ###
GGT(238_1)@lab24.cpt.haw-hamburg.de 18.06 16:47:56,499| Leite Anfrage (vote) an den Linken Nachbarn '213_1' weiter (implizites Zustimmen)
GGT(238_1)@lab24.cpt.haw-hamburg.de 18.06 16:47:56,499| DISPATCHER: Leite Befehl {vote,'245_4'} an meinen Worker weiter...
GGT(238_1)@lab24.cpt.haw-hamburg.de 18.06 16:47:56,500| ### vote erhalten! Ich = '238_1'  Initiator = '245_4') ###
GGT(238_1)@lab24.cpt.haw-hamburg.de 18.06 16:47:56,500| Leite Anfrage (vote) an den Linken Nachbarn '213_1' weiter (implizites Zustimmen)
GGT(238_1)@lab24.cpt.haw-hamburg.de 18.06 16:47:59,498| DISPATCHER: Leite Befehl {vote,'245_4'} an meinen Worker weiter...
GGT(238_1)@lab24.cpt.haw-hamburg.de 18.06 16:47:59,499| ### vote erhalten! Ich = '238_1'  Initiator = '245_4') ###
GGT(238_1)@lab24.cpt.haw-hamburg.de 18.06 16:47:59,499| Leite Anfrage (vote) an den Linken Nachbarn '213_1' weiter (implizites Zustimmen)
GGT(238_1)@lab24.cpt.haw-hamburg.de 18.06 16:47:59,504| DISPATCHER: Leite Befehl {vote,'248_1'} an meinen Worker weiter...
GGT(238_1)@lab24.cpt.haw-hamburg.de 18.06 16:47:59,504| ### vote erhalten! Ich = '238_1'  Initiator = '248_1') ###
GGT(238_1)@lab24.cpt.haw-hamburg.de 18.06 16:47:59,505| Leite Anfrage (vote) an den Linken Nachbarn '213_1' weiter (implizites Zustimmen)
GGT(238_1)@lab24.cpt.haw-hamburg.de 18.06 16:47:59,505| DISPATCHER: Leite Befehl {vote,'248_1'} an meinen Worker weiter...
GGT(238_1)@lab24.cpt.haw-hamburg.de 18.06 16:47:59,506| ### vote erhalten! Ich = '238_1'  Initiator = '248_1') ###
GGT(238_1)@lab24.cpt.haw-hamburg.de 18.06 16:47:59,506| Leite Anfrage (vote) an den Linken Nachbarn '213_1' weiter (implizites Zustimmen)
GGT(238_1)@lab24.cpt.haw-hamburg.de 18.06 16:47:59,506| DISPATCHER: Leite Befehl {vote,'249_2'} an meinen Worker weiter...
GGT(238_1)@lab24.cpt.haw-hamburg.de 18.06 16:47:59,506| ### vote erhalten! Ich = '238_1'  Initiator = '249_2') ###
GGT(238_1)@lab24.cpt.haw-hamburg.de 18.06 16:47:59,507| Leite Anfrage (vote) an den Linken Nachbarn '213_1' weiter (implizites Zustimmen)
GGT(238_1)@lab24.cpt.haw-hamburg.de 18.06 16:47:59,507| DISPATCHER: Leite Befehl {vote,'249_2'} an meinen Worker weiter...
GGT(238_1)@lab24.cpt.haw-hamburg.de 18.06 16:47:59,508| ### vote erhalten! Ich = '238_1'  Initiator = '249_2') ###
GGT(238_1)@lab24.cpt.haw-hamburg.de 18.06 16:47:59,508| Leite Anfrage (vote) an den Linken Nachbarn '213_1' weiter (implizites Zustimmen)
GGT(238_1)@lab24.cpt.haw-hamburg.de 18.06 16:48:02,502| DISPATCHER: Leite Befehl {vote,'248_1'} an meinen Worker weiter...
GGT(238_1)@lab24.cpt.haw-hamburg.de 18.06 16:48:02,502| ### vote erhalten! Ich = '238_1'  Initiator = '248_1') ###
GGT(238_1)@lab24.cpt.haw-hamburg.de 18.06 16:48:02,502| Leite Anfrage (vote) an den Linken Nachbarn '213_1' weiter (implizites Zustimmen)
GGT(238_1)@lab24.cpt.haw-hamburg.de 18.06 16:48:02,504| DISPATCHER: Leite Befehl {vote,'249_2'} an meinen Worker weiter...
GGT(238_1)@lab24.cpt.haw-hamburg.de 18.06 16:48:02,504| ### vote erhalten! Ich = '238_1'  Initiator = '249_2') ###
GGT(238_1)@lab24.cpt.haw-hamburg.de 18.06 16:48:02,504| Leite Anfrage (vote) an den Linken Nachbarn '213_1' weiter (implizites Zustimmen)
GGT(238_1)@lab24.cpt.haw-hamburg.de 18.06 16:48:02,505| DISPATCHER: Leite Befehl {vote,'215_3'} an meinen Worker weiter...
GGT(238_1)@lab24.cpt.haw-hamburg.de 18.06 16:48:02,505| ### vote erhalten! Ich = '238_1'  Initiator = '215_3') ###
GGT(238_1)@lab24.cpt.haw-hamburg.de 18.06 16:48:02,505| Leite Anfrage (vote) an den Linken Nachbarn '213_1' weiter (implizites Zustimmen)
GGT(238_1)@lab24.cpt.haw-hamburg.de 18.06 16:48:02,506| DISPATCHER: Leite Befehl {vote,'248_3'} an meinen Worker weiter...
GGT(238_1)@lab24.cpt.haw-hamburg.de 18.06 16:48:02,506| ### vote erhalten! Ich = '238_1'  Initiator = '248_3') ###
GGT(238_1)@lab24.cpt.haw-hamburg.de 18.06 16:48:02,506| Leite Anfrage (vote) an den Linken Nachbarn '213_1' weiter (implizites Zustimmen)
GGT(238_1)@lab24.cpt.haw-hamburg.de 18.06 16:48:02,507| DISPATCHER: Leite Befehl {vote,'248_3'} an meinen Worker weiter...
GGT(238_1)@lab24.cpt.haw-hamburg.de 18.06 16:48:02,509| ### vote erhalten! Ich = '238_1'  Initiator = '248_3') ###
GGT(238_1)@lab24.cpt.haw-hamburg.de 18.06 16:48:02,509| Leite Anfrage (vote) an den Linken Nachbarn '213_1' weiter (implizites Zustimmen)
GGT(238_1)@lab24.cpt.haw-hamburg.de 18.06 16:48:08,508| DISPATCHER: Leite Befehl {vote,'248_3'} an meinen Worker weiter...
GGT(238_1)@lab24.cpt.haw-hamburg.de 18.06 16:48:08,509| ### vote erhalten! Ich = '238_1'  Initiator = '248_3') ###
GGT(238_1)@lab24.cpt.haw-hamburg.de 18.06 16:48:08,509| Leite Anfrage (vote) an den Linken Nachbarn '213_1' weiter (implizites Zustimmen)
GGT(238_1)@lab24.cpt.haw-hamburg.de 18.06 16:48:08,509| DISPATCHER: Leite Befehl {vote,'239_1'} an meinen Worker weiter...
GGT(238_1)@lab24.cpt.haw-hamburg.de 18.06 16:48:08,510| ### vote erhalten! Ich = '238_1'  Initiator = '239_1') ###
GGT(238_1)@lab24.cpt.haw-hamburg.de 18.06 16:48:08,510| Leite Anfrage (vote) an den Linken Nachbarn '213_1' weiter (implizites Zustimmen)
GGT(238_1)@lab24.cpt.haw-hamburg.de 18.06 16:48:08,514| DISPATCHER: Leite Befehl {vote,'246_3'} an meinen Worker weiter...
GGT(238_1)@lab24.cpt.haw-hamburg.de 18.06 16:48:08,515| ### vote erhalten! Ich = '238_1'  Initiator = '246_3') ###
GGT(238_1)@lab24.cpt.haw-hamburg.de 18.06 16:48:08,515| Leite Anfrage (vote) an den Linken Nachbarn '213_1' weiter (implizites Zustimmen)
GGT(238_1)@lab24.cpt.haw-hamburg.de 18.06 16:48:08,515| DISPATCHER: Leite Befehl {vote,'242_3'} an meinen Worker weiter...
GGT(238_1)@lab24.cpt.haw-hamburg.de 18.06 16:48:08,516| ### vote erhalten! Ich = '238_1'  Initiator = '242_3') ###
GGT(238_1)@lab24.cpt.haw-hamburg.de 18.06 16:48:08,516| Leite Anfrage (vote) an den Linken Nachbarn '213_1' weiter (implizites Zustimmen)
GGT(238_1)@lab24.cpt.haw-hamburg.de 18.06 16:48:08,517| DISPATCHER: Leite Befehl {vote,'242_3'} an meinen Worker weiter...
GGT(238_1)@lab24.cpt.haw-hamburg.de 18.06 16:48:08,517| ### vote erhalten! Ich = '238_1'  Initiator = '242_3') ###
GGT(238_1)@lab24.cpt.haw-hamburg.de 18.06 16:48:08,517| Leite Anfrage (vote) an den Linken Nachbarn '213_1' weiter (implizites Zustimmen)
GGT(238_1)@lab24.cpt.haw-hamburg.de 18.06 16:48:08,518| DISPATCHER: Leite Befehl {vote,'239_1'} an meinen Worker weiter...
GGT(238_1)@lab24.cpt.haw-hamburg.de 18.06 16:48:08,518| ### vote erhalten! Ich = '238_1'  Initiator = '239_1') ###
GGT(238_1)@lab24.cpt.haw-hamburg.de 18.06 16:48:08,518| Leite Anfrage (vote) an den Linken Nachbarn '213_1' weiter (implizites Zustimmen)
GGT(238_1)@lab24.cpt.haw-hamburg.de 18.06 16:48:08,519| DISPATCHER: Leite Befehl {vote,'249_1'} an meinen Worker weiter...
GGT(238_1)@lab24.cpt.haw-hamburg.de 18.06 16:48:08,520| ### vote erhalten! Ich = '238_1'  Initiator = '249_1') ###
GGT(238_1)@lab24.cpt.haw-hamburg.de 18.06 16:48:08,520| Leite Anfrage (vote) an den Linken Nachbarn '213_1' weiter (implizites Zustimmen)
GGT(238_1)@lab24.cpt.haw-hamburg.de 18.06 16:48:08,522| DISPATCHER: Leite Befehl {vote,'242_3'} an meinen Worker weiter...
GGT(238_1)@lab24.cpt.haw-hamburg.de 18.06 16:48:08,522| ### vote erhalten! Ich = '238_1'  Initiator = '242_3') ###
GGT(238_1)@lab24.cpt.haw-hamburg.de 18.06 16:48:08,522| Leite Anfrage (vote) an den Linken Nachbarn '213_1' weiter (implizites Zustimmen)
GGT(238_1)@lab24.cpt.haw-hamburg.de 18.06 16:48:08,523| DISPATCHER: Leite Befehl {vote,'246_3'} an meinen Worker weiter...
GGT(238_1)@lab24.cpt.haw-hamburg.de 18.06 16:48:08,523| ### vote erhalten! Ich = '238_1'  Initiator = '246_3') ###
GGT(238_1)@lab24.cpt.haw-hamburg.de 18.06 16:48:08,523| Leite Anfrage (vote) an den Linken Nachbarn '213_1' weiter (implizites Zustimmen)
GGT(238_1)@lab24.cpt.haw-hamburg.de 18.06 16:48:08,524| DISPATCHER: Leite Befehl {vote,'2110_2'} an meinen Worker weiter...
GGT(238_1)@lab24.cpt.haw-hamburg.de 18.06 16:48:08,524| ### vote erhalten! Ich = '238_1'  Initiator = '2110_2') ###
GGT(238_1)@lab24.cpt.haw-hamburg.de 18.06 16:48:08,524| Leite Anfrage (vote) an den Linken Nachbarn '213_1' weiter (implizites Zustimmen)
GGT(238_1)@lab24.cpt.haw-hamburg.de 18.06 16:48:08,526| DISPATCHER: Leite Befehl {vote,'249_1'} an meinen Worker weiter...
GGT(238_1)@lab24.cpt.haw-hamburg.de 18.06 16:48:08,527| ### vote erhalten! Ich = '238_1'  Initiator = '249_1') ###
GGT(238_1)@lab24.cpt.haw-hamburg.de 18.06 16:48:08,527| Leite Anfrage (vote) an den Linken Nachbarn '213_1' weiter (implizites Zustimmen)
GGT(238_1)@lab24.cpt.haw-hamburg.de 18.06 16:48:08,528| DISPATCHER: Leite Befehl {vote,'246_3'} an meinen Worker weiter...
GGT(238_1)@lab24.cpt.haw-hamburg.de 18.06 16:48:08,529| ### vote erhalten! Ich = '238_1'  Initiator = '246_3') ###
GGT(238_1)@lab24.cpt.haw-hamburg.de 18.06 16:48:08,530| Leite Anfrage (vote) an den Linken Nachbarn '213_1' weiter (implizites Zustimmen)
GGT(238_1)@lab24.cpt.haw-hamburg.de 18.06 16:48:08,530| DISPATCHER: Leite Befehl {vote,'246_3'} an meinen Worker weiter...
GGT(238_1)@lab24.cpt.haw-hamburg.de 18.06 16:48:08,531| ### vote erhalten! Ich = '238_1'  Initiator = '246_3') ###
GGT(238_1)@lab24.cpt.haw-hamburg.de 18.06 16:48:08,531| Leite Anfrage (vote) an den Linken Nachbarn '213_1' weiter (implizites Zustimmen)
GGT(238_1)@lab24.cpt.haw-hamburg.de 18.06 16:48:08,531| DISPATCHER: Leite Befehl {vote,'246_3'} an meinen Worker weiter...
GGT(238_1)@lab24.cpt.haw-hamburg.de 18.06 16:48:08,532| ### vote erhalten! Ich = '238_1'  Initiator = '246_3') ###
GGT(238_1)@lab24.cpt.haw-hamburg.de 18.06 16:48:08,532| Leite Anfrage (vote) an den Linken Nachbarn '213_1' weiter (implizites Zustimmen)
GGT(238_1)@lab24.cpt.haw-hamburg.de 18.06 16:48:11,511| DISPATCHER: Leite Befehl {vote,'242_3'} an meinen Worker weiter...
GGT(238_1)@lab24.cpt.haw-hamburg.de 18.06 16:48:11,512| ### vote erhalten! Ich = '238_1'  Initiator = '242_3') ###
GGT(238_1)@lab24.cpt.haw-hamburg.de 18.06 16:48:11,512| Leite Anfrage (vote) an den Linken Nachbarn '213_1' weiter (implizites Zustimmen)
GGT(238_1)@lab24.cpt.haw-hamburg.de 18.06 16:48:11,513| DISPATCHER: Leite Befehl {vote,'2110_2'} an meinen Worker weiter...
GGT(238_1)@lab24.cpt.haw-hamburg.de 18.06 16:48:11,514| ### vote erhalten! Ich = '238_1'  Initiator = '2110_2') ###
GGT(238_1)@lab24.cpt.haw-hamburg.de 18.06 16:48:11,514| Leite Anfrage (vote) an den Linken Nachbarn '213_1' weiter (implizites Zustimmen)
GGT(238_1)@lab24.cpt.haw-hamburg.de 18.06 16:48:11,516| DISPATCHER: Leite Befehl {vote,'246_3'} an meinen Worker weiter...
GGT(238_1)@lab24.cpt.haw-hamburg.de 18.06 16:48:11,516| ### vote erhalten! Ich = '238_1'  Initiator = '246_3') ###
GGT(238_1)@lab24.cpt.haw-hamburg.de 18.06 16:48:11,517| Leite Anfrage (vote) an den Linken Nachbarn '213_1' weiter (implizites Zustimmen)
GGT(238_1)@lab24.cpt.haw-hamburg.de 18.06 16:48:11,517| DISPATCHER: Leite Befehl {vote,'249_1'} an meinen Worker weiter...
GGT(238_1)@lab24.cpt.haw-hamburg.de 18.06 16:48:11,519| ### vote erhalten! Ich = '238_1'  Initiator = '249_1') ###
GGT(238_1)@lab24.cpt.haw-hamburg.de 18.06 16:48:11,519| Leite Anfrage (vote) an den Linken Nachbarn '213_1' weiter (implizites Zustimmen)
GGT(238_1)@lab24.cpt.haw-hamburg.de 18.06 16:48:11,520| DISPATCHER: Leite Befehl {vote,'2410_4'} an meinen Worker weiter...
GGT(238_1)@lab24.cpt.haw-hamburg.de 18.06 16:48:11,521| ### vote erhalten! Ich = '238_1'  Initiator = '2410_4') ###
GGT(238_1)@lab24.cpt.haw-hamburg.de 18.06 16:48:11,521| Leite Anfrage (vote) an den Linken Nachbarn '213_1' weiter (implizites Zustimmen)
GGT(238_1)@lab24.cpt.haw-hamburg.de 18.06 16:48:11,523| DISPATCHER: Leite Befehl {vote,'216_2'} an meinen Worker weiter...
GGT(238_1)@lab24.cpt.haw-hamburg.de 18.06 16:48:11,524| ### vote erhalten! Ich = '238_1'  Initiator = '216_2') ###
GGT(238_1)@lab24.cpt.haw-hamburg.de 18.06 16:48:11,524| Leite Anfrage (vote) an den Linken Nachbarn '213_1' weiter (implizites Zustimmen)
GGT(238_1)@lab24.cpt.haw-hamburg.de 18.06 16:48:11,525| DISPATCHER: Leite Befehl {vote,'212_2'} an meinen Worker weiter...
GGT(238_1)@lab24.cpt.haw-hamburg.de 18.06 16:48:11,526| ### vote erhalten! Ich = '238_1'  Initiator = '212_2') ###
GGT(238_1)@lab24.cpt.haw-hamburg.de 18.06 16:48:11,526| Leite Anfrage (vote) an den Linken Nachbarn '213_1' weiter (implizites Zustimmen)
GGT(238_1)@lab24.cpt.haw-hamburg.de 18.06 16:48:11,526| DISPATCHER: Leite Befehl {vote,'2410_4'} an meinen Worker weiter...
GGT(238_1)@lab24.cpt.haw-hamburg.de 18.06 16:48:11,529| DISPATCHER: Leite Befehl {vote,'249_1'} an meinen Worker weiter...
GGT(238_1)@lab24.cpt.haw-hamburg.de 18.06 16:48:11,529| ### vote erhalten! Ich = '238_1'  Initiator = '2410_4') ###
GGT(238_1)@lab24.cpt.haw-hamburg.de 18.06 16:48:11,529| Leite Anfrage (vote) an den Linken Nachbarn '213_1' weiter (implizites Zustimmen)
GGT(238_1)@lab24.cpt.haw-hamburg.de 18.06 16:48:11,531| ### vote erhalten! Ich = '238_1'  Initiator = '249_1') ###
GGT(238_1)@lab24.cpt.haw-hamburg.de 18.06 16:48:11,531| Leite Anfrage (vote) an den Linken Nachbarn '213_1' weiter (implizites Zustimmen)
GGT(238_1)@lab24.cpt.haw-hamburg.de 18.06 16:48:11,532| DISPATCHER: Leite Befehl {vote,'242_4'} an meinen Worker weiter...
GGT(238_1)@lab24.cpt.haw-hamburg.de 18.06 16:48:11,536| DISPATCHER: Leite Befehl {vote,'241_3'} an meinen Worker weiter...
GGT(238_1)@lab24.cpt.haw-hamburg.de 18.06 16:48:11,536| ### vote erhalten! Ich = '238_1'  Initiator = '242_4') ###
GGT(238_1)@lab24.cpt.haw-hamburg.de 18.06 16:48:11,536| Leite Anfrage (vote) an den Linken Nachbarn '213_1' weiter (implizites Zustimmen)
GGT(238_1)@lab24.cpt.haw-hamburg.de 18.06 16:48:11,539| DISPATCHER: Leite Befehl {vote,'219_1'} an meinen Worker weiter...
GGT(238_1)@lab24.cpt.haw-hamburg.de 18.06 16:48:11,539| ### vote erhalten! Ich = '238_1'  Initiator = '241_3') ###
GGT(238_1)@lab24.cpt.haw-hamburg.de 18.06 16:48:11,539| Leite Anfrage (vote) an den Linken Nachbarn '213_1' weiter (implizites Zustimmen)
GGT(238_1)@lab24.cpt.haw-hamburg.de 18.06 16:48:11,541| DISPATCHER: Leite Befehl {vote,'242_4'} an meinen Worker weiter...
GGT(238_1)@lab24.cpt.haw-hamburg.de 18.06 16:48:11,541| ### vote erhalten! Ich = '238_1'  Initiator = '219_1') ###
GGT(238_1)@lab24.cpt.haw-hamburg.de 18.06 16:48:11,541| Leite Anfrage (vote) an den Linken Nachbarn '213_1' weiter (implizites Zustimmen)
GGT(238_1)@lab24.cpt.haw-hamburg.de 18.06 16:48:11,543| ### vote erhalten! Ich = '238_1'  Initiator = '242_4') ###
GGT(238_1)@lab24.cpt.haw-hamburg.de 18.06 16:48:11,543| Leite Anfrage (vote) an den Linken Nachbarn '213_1' weiter (implizites Zustimmen)
GGT(238_1)@lab24.cpt.haw-hamburg.de 18.06 16:48:11,544| DISPATCHER: Leite Befehl {vote,'212_3'} an meinen Worker weiter...
GGT(238_1)@lab24.cpt.haw-hamburg.de 18.06 16:48:11,547| ### vote erhalten! Ich = '238_1'  Initiator = '212_3') ###
GGT(238_1)@lab24.cpt.haw-hamburg.de 18.06 16:48:11,547| Leite Anfrage (vote) an den Linken Nachbarn '213_1' weiter (implizites Zustimmen)
GGT(238_1)@lab24.cpt.haw-hamburg.de 18.06 16:48:11,548| DISPATCHER: Leite Befehl {vote,'245_2'} an meinen Worker weiter...
GGT(238_1)@lab24.cpt.haw-hamburg.de 18.06 16:48:11,549| ### vote erhalten! Ich = '238_1'  Initiator = '245_2') ###
GGT(238_1)@lab24.cpt.haw-hamburg.de 18.06 16:48:11,549| Leite Anfrage (vote) an den Linken Nachbarn '213_1' weiter (implizites Zustimmen)
GGT(238_1)@lab24.cpt.haw-hamburg.de 18.06 16:48:11,550| DISPATCHER: Leite Befehl {vote,'2410_4'} an meinen Worker weiter...
GGT(238_1)@lab24.cpt.haw-hamburg.de 18.06 16:48:11,552| ### vote erhalten! Ich = '238_1'  Initiator = '2410_4') ###
GGT(238_1)@lab24.cpt.haw-hamburg.de 18.06 16:48:11,552| Leite Anfrage (vote) an den Linken Nachbarn '213_1' weiter (implizites Zustimmen)
GGT(238_1)@lab24.cpt.haw-hamburg.de 18.06 16:48:11,553| DISPATCHER: Leite Befehl {vote,'241_3'} an meinen Worker weiter...
GGT(238_1)@lab24.cpt.haw-hamburg.de 18.06 16:48:11,555| ### vote erhalten! Ich = '238_1'  Initiator = '241_3') ###
GGT(238_1)@lab24.cpt.haw-hamburg.de 18.06 16:48:11,555| Leite Anfrage (vote) an den Linken Nachbarn '213_1' weiter (implizites Zustimmen)
GGT(238_1)@lab24.cpt.haw-hamburg.de 18.06 16:48:11,556| DISPATCHER: Leite Befehl {vote,'241_3'} an meinen Worker weiter...
GGT(238_1)@lab24.cpt.haw-hamburg.de 18.06 16:48:11,557| ### vote erhalten! Ich = '238_1'  Initiator = '241_3') ###
GGT(238_1)@lab24.cpt.haw-hamburg.de 18.06 16:48:11,557| Leite Anfrage (vote) an den Linken Nachbarn '213_1' weiter (implizites Zustimmen)
GGT(238_1)@lab24.cpt.haw-hamburg.de 18.06 16:48:11,559| DISPATCHER: Leite Befehl {vote,'219_1'} an meinen Worker weiter...
GGT(238_1)@lab24.cpt.haw-hamburg.de 18.06 16:48:11,560| ### vote erhalten! Ich = '238_1'  Initiator = '219_1') ###
GGT(238_1)@lab24.cpt.haw-hamburg.de 18.06 16:48:11,560| Leite Anfrage (vote) an den Linken Nachbarn '213_1' weiter (implizites Zustimmen)
GGT(238_1)@lab24.cpt.haw-hamburg.de 18.06 16:48:11,562| DISPATCHER: Leite Befehl {vote,'247_3'} an meinen Worker weiter...
GGT(238_1)@lab24.cpt.haw-hamburg.de 18.06 16:48:11,562| ### vote erhalten! Ich = '238_1'  Initiator = '247_3') ###
GGT(238_1)@lab24.cpt.haw-hamburg.de 18.06 16:48:11,562| Leite Anfrage (vote) an den Linken Nachbarn '213_1' weiter (implizites Zustimmen)
GGT(238_1)@lab24.cpt.haw-hamburg.de 18.06 16:48:11,563| DISPATCHER: Leite Befehl {vote,'245_1'} an meinen Worker weiter...
GGT(238_1)@lab24.cpt.haw-hamburg.de 18.06 16:48:11,565| ### vote erhalten! Ich = '238_1'  Initiator = '245_1') ###
GGT(238_1)@lab24.cpt.haw-hamburg.de 18.06 16:48:11,565| Leite Anfrage (vote) an den Linken Nachbarn '213_1' weiter (implizites Zustimmen)
GGT(238_1)@lab24.cpt.haw-hamburg.de 18.06 16:48:11,566| DISPATCHER: Leite Befehl {vote,'241_3'} an meinen Worker weiter...
GGT(238_1)@lab24.cpt.haw-hamburg.de 18.06 16:48:11,567| ### vote erhalten! Ich = '238_1'  Initiator = '241_3') ###
GGT(238_1)@lab24.cpt.haw-hamburg.de 18.06 16:48:11,567| Leite Anfrage (vote) an den Linken Nachbarn '213_1' weiter (implizites Zustimmen)
GGT(238_1)@lab24.cpt.haw-hamburg.de 18.06 16:48:11,568| DISPATCHER: Leite Befehl {vote,'245_1'} an meinen Worker weiter...
GGT(238_1)@lab24.cpt.haw-hamburg.de 18.06 16:48:11,570| ### vote erhalten! Ich = '238_1'  Initiator = '245_1') ###
GGT(238_1)@lab24.cpt.haw-hamburg.de 18.06 16:48:11,570| Leite Anfrage (vote) an den Linken Nachbarn '213_1' weiter (implizites Zustimmen)
GGT(238_1)@lab24.cpt.haw-hamburg.de 18.06 16:48:11,572| DISPATCHER: Leite Befehl {vote,'247_3'} an meinen Worker weiter...
GGT(238_1)@lab24.cpt.haw-hamburg.de 18.06 16:48:11,573| ### vote erhalten! Ich = '238_1'  Initiator = '247_3') ###
GGT(238_1)@lab24.cpt.haw-hamburg.de 18.06 16:48:11,573| Leite Anfrage (vote) an den Linken Nachbarn '213_1' weiter (implizites Zustimmen)
GGT(238_1)@lab24.cpt.haw-hamburg.de 18.06 16:48:11,574| DISPATCHER: Leite Befehl {vote,'243_4'} an meinen Worker weiter...
GGT(238_1)@lab24.cpt.haw-hamburg.de 18.06 16:48:11,575| ### vote erhalten! Ich = '238_1'  Initiator = '243_4') ###
GGT(238_1)@lab24.cpt.haw-hamburg.de 18.06 16:48:11,575| Leite Anfrage (vote) an den Linken Nachbarn '213_1' weiter (implizites Zustimmen)
GGT(238_1)@lab24.cpt.haw-hamburg.de 18.06 16:48:11,576| DISPATCHER: Leite Befehl {vote,'219_4'} an meinen Worker weiter...
GGT(238_1)@lab24.cpt.haw-hamburg.de 18.06 16:48:11,577| ### vote erhalten! Ich = '238_1'  Initiator = '219_4') ###
GGT(238_1)@lab24.cpt.haw-hamburg.de 18.06 16:48:11,577| Leite Anfrage (vote) an den Linken Nachbarn '213_1' weiter (implizites Zustimmen)
GGT(238_1)@lab24.cpt.haw-hamburg.de 18.06 16:48:11,578| DISPATCHER: Leite Befehl {vote,'243_4'} an meinen Worker weiter...
GGT(238_1)@lab24.cpt.haw-hamburg.de 18.06 16:48:11,579| ### vote erhalten! Ich = '238_1'  Initiator = '243_4') ###
GGT(238_1)@lab24.cpt.haw-hamburg.de 18.06 16:48:11,579| Leite Anfrage (vote) an den Linken Nachbarn '213_1' weiter (implizites Zustimmen)
GGT(238_1)@lab24.cpt.haw-hamburg.de 18.06 16:48:11,580| DISPATCHER: Leite Befehl {vote,'247_3'} an meinen Worker weiter...
GGT(238_1)@lab24.cpt.haw-hamburg.de 18.06 16:48:11,582| ### vote erhalten! Ich = '238_1'  Initiator = '247_3') ###
GGT(238_1)@lab24.cpt.haw-hamburg.de 18.06 16:48:11,582| Leite Anfrage (vote) an den Linken Nachbarn '213_1' weiter (implizites Zustimmen)
GGT(238_1)@lab24.cpt.haw-hamburg.de 18.06 16:48:11,583| DISPATCHER: Leite Befehl {vote,'241_3'} an meinen Worker weiter...
GGT(238_1)@lab24.cpt.haw-hamburg.de 18.06 16:48:11,584| ### vote erhalten! Ich = '238_1'  Initiator = '241_3') ###
GGT(238_1)@lab24.cpt.haw-hamburg.de 18.06 16:48:11,584| Leite Anfrage (vote) an den Linken Nachbarn '213_1' weiter (implizites Zustimmen)
GGT(238_1)@lab24.cpt.haw-hamburg.de 18.06 16:48:11,586| DISPATCHER: Leite Befehl {vote,'242_4'} an meinen Worker weiter...
GGT(238_1)@lab24.cpt.haw-hamburg.de 18.06 16:48:11,587| ### vote erhalten! Ich = '238_1'  Initiator = '242_4') ###
GGT(238_1)@lab24.cpt.haw-hamburg.de 18.06 16:48:11,587| Leite Anfrage (vote) an den Linken Nachbarn '213_1' weiter (implizites Zustimmen)
GGT(238_1)@lab24.cpt.haw-hamburg.de 18.06 16:48:11,588| DISPATCHER: Leite Befehl {vote,'241_4'} an meinen Worker weiter...
GGT(238_1)@lab24.cpt.haw-hamburg.de 18.06 16:48:11,589| ### vote erhalten! Ich = '238_1'  Initiator = '241_4') ###
GGT(238_1)@lab24.cpt.haw-hamburg.de 18.06 16:48:11,589| Leite Anfrage (vote) an den Linken Nachbarn '213_1' weiter (implizites Zustimmen)
GGT(238_1)@lab24.cpt.haw-hamburg.de 18.06 16:48:11,590| DISPATCHER: Leite Befehl {vote,'241_4'} an meinen Worker weiter...
GGT(238_1)@lab24.cpt.haw-hamburg.de 18.06 16:48:11,591| ### vote erhalten! Ich = '238_1'  Initiator = '241_4') ###
GGT(238_1)@lab24.cpt.haw-hamburg.de 18.06 16:48:11,591| Leite Anfrage (vote) an den Linken Nachbarn '213_1' weiter (implizites Zustimmen)
GGT(238_1)@lab24.cpt.haw-hamburg.de 18.06 16:48:11,591| DISPATCHER: Leite Befehl {vote,'242_4'} an meinen Worker weiter...
GGT(238_1)@lab24.cpt.haw-hamburg.de 18.06 16:48:11,592| ### vote erhalten! Ich = '238_1'  Initiator = '242_4') ###
GGT(238_1)@lab24.cpt.haw-hamburg.de 18.06 16:48:11,592| Leite Anfrage (vote) an den Linken Nachbarn '213_1' weiter (implizites Zustimmen)
GGT(238_1)@lab24.cpt.haw-hamburg.de 18.06 16:48:11,597| DISPATCHER: Leite Befehl {vote,'247_1'} an meinen Worker weiter...
GGT(238_1)@lab24.cpt.haw-hamburg.de 18.06 16:48:11,598| ### vote erhalten! Ich = '238_1'  Initiator = '247_1') ###
GGT(238_1)@lab24.cpt.haw-hamburg.de 18.06 16:48:11,598| Leite Anfrage (vote) an den Linken Nachbarn '213_1' weiter (implizites Zustimmen)
GGT(238_1)@lab24.cpt.haw-hamburg.de 18.06 16:48:11,598| DISPATCHER: Leite Befehl {vote,'247_3'} an meinen Worker weiter...
GGT(238_1)@lab24.cpt.haw-hamburg.de 18.06 16:48:11,601| ### vote erhalten! Ich = '238_1'  Initiator = '247_3') ###
GGT(238_1)@lab24.cpt.haw-hamburg.de 18.06 16:48:11,601| Leite Anfrage (vote) an den Linken Nachbarn '213_1' weiter (implizites Zustimmen)
GGT(238_1)@lab24.cpt.haw-hamburg.de 18.06 16:48:11,602| DISPATCHER: Leite Befehl {vote,'241_3'} an meinen Worker weiter...
GGT(238_1)@lab24.cpt.haw-hamburg.de 18.06 16:48:11,603| ### vote erhalten! Ich = '238_1'  Initiator = '241_3') ###
GGT(238_1)@lab24.cpt.haw-hamburg.de 18.06 16:48:11,603| Leite Anfrage (vote) an den Linken Nachbarn '213_1' weiter (implizites Zustimmen)
GGT(238_1)@lab24.cpt.haw-hamburg.de 18.06 16:48:11,605| DISPATCHER: Leite Befehl {vote,'242_4'} an meinen Worker weiter...
GGT(238_1)@lab24.cpt.haw-hamburg.de 18.06 16:48:11,606| ### vote erhalten! Ich = '238_1'  Initiator = '242_4') ###
GGT(238_1)@lab24.cpt.haw-hamburg.de 18.06 16:48:11,606| Leite Anfrage (vote) an den Linken Nachbarn '213_1' weiter (implizites Zustimmen)
GGT(238_1)@lab24.cpt.haw-hamburg.de 18.06 16:48:11,607| DISPATCHER: Leite Befehl {vote,'243_4'} an meinen Worker weiter...
GGT(238_1)@lab24.cpt.haw-hamburg.de 18.06 16:48:11,608| ### vote erhalten! Ich = '238_1'  Initiator = '243_4') ###
GGT(238_1)@lab24.cpt.haw-hamburg.de 18.06 16:48:11,608| Leite Anfrage (vote) an den Linken Nachbarn '213_1' weiter (implizites Zustimmen)
GGT(238_1)@lab24.cpt.haw-hamburg.de 18.06 16:48:11,609| DISPATCHER: Leite Befehl {vote,'243_4'} an meinen Worker weiter...
GGT(238_1)@lab24.cpt.haw-hamburg.de 18.06 16:48:11,610| ### vote erhalten! Ich = '238_1'  Initiator = '243_4') ###
GGT(238_1)@lab24.cpt.haw-hamburg.de 18.06 16:48:11,610| Leite Anfrage (vote) an den Linken Nachbarn '213_1' weiter (implizites Zustimmen)
GGT(238_1)@lab24.cpt.haw-hamburg.de 18.06 16:48:11,611| DISPATCHER: Leite Befehl {vote,'241_3'} an meinen Worker weiter...
GGT(238_1)@lab24.cpt.haw-hamburg.de 18.06 16:48:11,613| ### vote erhalten! Ich = '238_1'  Initiator = '241_3') ###
GGT(238_1)@lab24.cpt.haw-hamburg.de 18.06 16:48:11,613| Leite Anfrage (vote) an den Linken Nachbarn '213_1' weiter (implizites Zustimmen)
GGT(238_1)@lab24.cpt.haw-hamburg.de 18.06 16:48:11,614| DISPATCHER: Leite Befehl {vote,'242_4'} an meinen Worker weiter...
GGT(238_1)@lab24.cpt.haw-hamburg.de 18.06 16:48:11,617| DISPATCHER: Leite Befehl {vote,'247_1'} an meinen Worker weiter...
GGT(238_1)@lab24.cpt.haw-hamburg.de 18.06 16:48:11,617| ### vote erhalten! Ich = '238_1'  Initiator = '242_4') ###
GGT(238_1)@lab24.cpt.haw-hamburg.de 18.06 16:48:11,617| Leite Anfrage (vote) an den Linken Nachbarn '213_1' weiter (implizites Zustimmen)
GGT(238_1)@lab24.cpt.haw-hamburg.de 18.06 16:48:11,618| ### vote erhalten! Ich = '238_1'  Initiator = '247_1') ###
GGT(238_1)@lab24.cpt.haw-hamburg.de 18.06 16:48:11,618| Leite Anfrage (vote) an den Linken Nachbarn '213_1' weiter (implizites Zustimmen)
GGT(238_1)@lab24.cpt.haw-hamburg.de 18.06 16:48:11,619| DISPATCHER: Leite Befehl {vote,'243_4'} an meinen Worker weiter...
GGT(238_1)@lab24.cpt.haw-hamburg.de 18.06 16:48:11,620| ### vote erhalten! Ich = '238_1'  Initiator = '243_4') ###
GGT(238_1)@lab24.cpt.haw-hamburg.de 18.06 16:48:11,620| Leite Anfrage (vote) an den Linken Nachbarn '213_1' weiter (implizites Zustimmen)
GGT(238_1)@lab24.cpt.haw-hamburg.de 18.06 16:48:11,620| DISPATCHER: Leite Befehl {vote,'243_4'} an meinen Worker weiter...
GGT(238_1)@lab24.cpt.haw-hamburg.de 18.06 16:48:11,622| ### vote erhalten! Ich = '238_1'  Initiator = '243_4') ###
GGT(238_1)@lab24.cpt.haw-hamburg.de 18.06 16:48:11,622| Leite Anfrage (vote) an den Linken Nachbarn '213_1' weiter (implizites Zustimmen)
GGT(238_1)@lab24.cpt.haw-hamburg.de 18.06 16:48:11,623| DISPATCHER: Leite Befehl {vote,'242_2'} an meinen Worker weiter...
GGT(238_1)@lab24.cpt.haw-hamburg.de 18.06 16:48:11,624| ### vote erhalten! Ich = '238_1'  Initiator = '242_2') ###
GGT(238_1)@lab24.cpt.haw-hamburg.de 18.06 16:48:11,624| Leite Anfrage (vote) an den Linken Nachbarn '213_1' weiter (implizites Zustimmen)
GGT(238_1)@lab24.cpt.haw-hamburg.de 18.06 16:48:11,624| DISPATCHER: Leite Befehl {vote,'242_2'} an meinen Worker weiter...
GGT(238_1)@lab24.cpt.haw-hamburg.de 18.06 16:48:11,626| ### vote erhalten! Ich = '238_1'  Initiator = '242_2') ###
GGT(238_1)@lab24.cpt.haw-hamburg.de 18.06 16:48:11,626| Leite Anfrage (vote) an den Linken Nachbarn '213_1' weiter (implizites Zustimmen)
GGT(238_1)@lab24.cpt.haw-hamburg.de 18.06 16:48:11,626| DISPATCHER: Leite Befehl {vote,'242_2'} an meinen Worker weiter...
GGT(238_1)@lab24.cpt.haw-hamburg.de 18.06 16:48:11,627| DISPATCHER: Leite Befehl {vote,'241_1'} an meinen Worker weiter...
GGT(238_1)@lab24.cpt.haw-hamburg.de 18.06 16:48:11,627| ### vote erhalten! Ich = '238_1'  Initiator = '242_2') ###
GGT(238_1)@lab24.cpt.haw-hamburg.de 18.06 16:48:11,627| Leite Anfrage (vote) an den Linken Nachbarn '213_1' weiter (implizites Zustimmen)
GGT(238_1)@lab24.cpt.haw-hamburg.de 18.06 16:48:11,630| DISPATCHER: Leite Befehl {vote,'219_4'} an meinen Worker weiter...
GGT(238_1)@lab24.cpt.haw-hamburg.de 18.06 16:48:11,630| ### vote erhalten! Ich = '238_1'  Initiator = '241_1') ###
GGT(238_1)@lab24.cpt.haw-hamburg.de 18.06 16:48:11,630| Leite Anfrage (vote) an den Linken Nachbarn '213_1' weiter (implizites Zustimmen)
GGT(238_1)@lab24.cpt.haw-hamburg.de 18.06 16:48:11,631| DISPATCHER: Leite Befehl {vote,'241_1'} an meinen Worker weiter...
GGT(238_1)@lab24.cpt.haw-hamburg.de 18.06 16:48:11,631| ### vote erhalten! Ich = '238_1'  Initiator = '219_4') ###
GGT(238_1)@lab24.cpt.haw-hamburg.de 18.06 16:48:11,632| Leite Anfrage (vote) an den Linken Nachbarn '213_1' weiter (implizites Zustimmen)
GGT(238_1)@lab24.cpt.haw-hamburg.de 18.06 16:48:11,633| ### vote erhalten! Ich = '238_1'  Initiator = '241_1') ###
GGT(238_1)@lab24.cpt.haw-hamburg.de 18.06 16:48:11,633| Leite Anfrage (vote) an den Linken Nachbarn '213_1' weiter (implizites Zustimmen)
GGT(238_1)@lab24.cpt.haw-hamburg.de 18.06 16:48:11,633| DISPATCHER: Leite Befehl {vote,'249_3'} an meinen Worker weiter...
GGT(238_1)@lab24.cpt.haw-hamburg.de 18.06 16:48:11,634| ### vote erhalten! Ich = '238_1'  Initiator = '249_3') ###
GGT(238_1)@lab24.cpt.haw-hamburg.de 18.06 16:48:11,635| DISPATCHER: Leite Befehl {vote,'241_1'} an meinen Worker weiter...
GGT(238_1)@lab24.cpt.haw-hamburg.de 18.06 16:48:11,635| Leite Anfrage (vote) an den Linken Nachbarn '213_1' weiter (implizites Zustimmen)
GGT(238_1)@lab24.cpt.haw-hamburg.de 18.06 16:48:11,636| DISPATCHER: Leite Befehl {vote,'247_1'} an meinen Worker weiter...
GGT(238_1)@lab24.cpt.haw-hamburg.de 18.06 16:48:11,636| ### vote erhalten! Ich = '238_1'  Initiator = '241_1') ###
GGT(238_1)@lab24.cpt.haw-hamburg.de 18.06 16:48:11,636| Leite Anfrage (vote) an den Linken Nachbarn '213_1' weiter (implizites Zustimmen)
GGT(238_1)@lab24.cpt.haw-hamburg.de 18.06 16:48:11,638| DISPATCHER: Leite Befehl {vote,'241_1'} an meinen Worker weiter...
GGT(238_1)@lab24.cpt.haw-hamburg.de 18.06 16:48:11,638| ### vote erhalten! Ich = '238_1'  Initiator = '247_1') ###
GGT(238_1)@lab24.cpt.haw-hamburg.de 18.06 16:48:11,638| Leite Anfrage (vote) an den Linken Nachbarn '213_1' weiter (implizites Zustimmen)
GGT(238_1)@lab24.cpt.haw-hamburg.de 18.06 16:48:11,640| ### vote erhalten! Ich = '238_1'  Initiator = '241_1') ###
GGT(238_1)@lab24.cpt.haw-hamburg.de 18.06 16:48:11,640| DISPATCHER: Leite Befehl {vote,'212_1'} an meinen Worker weiter...
GGT(238_1)@lab24.cpt.haw-hamburg.de 18.06 16:48:11,640| Leite Anfrage (vote) an den Linken Nachbarn '213_1' weiter (implizites Zustimmen)
GGT(238_1)@lab24.cpt.haw-hamburg.de 18.06 16:48:11,642| ### vote erhalten! Ich = '238_1'  Initiator = '212_1') ###
GGT(238_1)@lab24.cpt.haw-hamburg.de 18.06 16:48:11,642| Leite Anfrage (vote) an den Linken Nachbarn '213_1' weiter (implizites Zustimmen)
GGT(238_1)@lab24.cpt.haw-hamburg.de 18.06 16:48:11,642| DISPATCHER: Leite Befehl {vote,'249_3'} an meinen Worker weiter...
GGT(238_1)@lab24.cpt.haw-hamburg.de 18.06 16:48:11,643| ### vote erhalten! Ich = '238_1'  Initiator = '249_3') ###
GGT(238_1)@lab24.cpt.haw-hamburg.de 18.06 16:48:11,643| Leite Anfrage (vote) an den Linken Nachbarn '213_1' weiter (implizites Zustimmen)
GGT(238_1)@lab24.cpt.haw-hamburg.de 18.06 16:48:11,644| DISPATCHER: Leite Befehl {vote,'247_3'} an meinen Worker weiter...
GGT(238_1)@lab24.cpt.haw-hamburg.de 18.06 16:48:11,644| ### vote erhalten! Ich = '238_1'  Initiator = '247_3') ###
GGT(238_1)@lab24.cpt.haw-hamburg.de 18.06 16:48:11,645| Leite Anfrage (vote) an den Linken Nachbarn '213_1' weiter (implizites Zustimmen)
GGT(238_1)@lab24.cpt.haw-hamburg.de 18.06 16:48:11,645| DISPATCHER: Leite Befehl {vote,'247_1'} an meinen Worker weiter...
GGT(238_1)@lab24.cpt.haw-hamburg.de 18.06 16:48:11,646| ### vote erhalten! Ich = '238_1'  Initiator = '247_1') ###
GGT(238_1)@lab24.cpt.haw-hamburg.de 18.06 16:48:11,646| Leite Anfrage (vote) an den Linken Nachbarn '213_1' weiter (implizites Zustimmen)
GGT(238_1)@lab24.cpt.haw-hamburg.de 18.06 16:48:11,646| DISPATCHER: Leite Befehl {vote,'211_4'} an meinen Worker weiter...
GGT(238_1)@lab24.cpt.haw-hamburg.de 18.06 16:48:11,648| ### vote erhalten! Ich = '238_1'  Initiator = '211_4') ###
GGT(238_1)@lab24.cpt.haw-hamburg.de 18.06 16:48:11,648| Leite Anfrage (vote) an den Linken Nachbarn '213_1' weiter (implizites Zustimmen)
GGT(238_1)@lab24.cpt.haw-hamburg.de 18.06 16:48:11,648| DISPATCHER: Leite Befehl {vote,'212_1'} an meinen Worker weiter...
GGT(238_1)@lab24.cpt.haw-hamburg.de 18.06 16:48:11,649| ### vote erhalten! Ich = '238_1'  Initiator = '212_1') ###
GGT(238_1)@lab24.cpt.haw-hamburg.de 18.06 16:48:11,649| Leite Anfrage (vote) an den Linken Nachbarn '213_1' weiter (implizites Zustimmen)
GGT(238_1)@lab24.cpt.haw-hamburg.de 18.06 16:48:11,649| DISPATCHER: Leite Befehl {vote,'249_3'} an meinen Worker weiter...
GGT(238_1)@lab24.cpt.haw-hamburg.de 18.06 16:48:11,650| ### vote erhalten! Ich = '238_1'  Initiator = '249_3') ###
GGT(238_1)@lab24.cpt.haw-hamburg.de 18.06 16:48:11,650| Leite Anfrage (vote) an den Linken Nachbarn '213_1' weiter (implizites Zustimmen)
GGT(238_1)@lab24.cpt.haw-hamburg.de 18.06 16:48:11,651| DISPATCHER: Leite Befehl {vote,'211_1'} an meinen Worker weiter...
GGT(238_1)@lab24.cpt.haw-hamburg.de 18.06 16:48:11,652| ### vote erhalten! Ich = '238_1'  Initiator = '211_1') ###
GGT(238_1)@lab24.cpt.haw-hamburg.de 18.06 16:48:11,652| Leite Anfrage (vote) an den Linken Nachbarn '213_1' weiter (implizites Zustimmen)
GGT(238_1)@lab24.cpt.haw-hamburg.de 18.06 16:48:11,653| DISPATCHER: Leite Befehl {vote,'211_4'} an meinen Worker weiter...
GGT(238_1)@lab24.cpt.haw-hamburg.de 18.06 16:48:11,654| ### vote erhalten! Ich = '238_1'  Initiator = '211_4') ###
GGT(238_1)@lab24.cpt.haw-hamburg.de 18.06 16:48:11,654| Leite Anfrage (vote) an den Linken Nachbarn '213_1' weiter (implizites Zustimmen)
GGT(238_1)@lab24.cpt.haw-hamburg.de 18.06 16:48:11,655| DISPATCHER: Leite Befehl {vote,'249_3'} an meinen Worker weiter...
GGT(238_1)@lab24.cpt.haw-hamburg.de 18.06 16:48:11,657| ### vote erhalten! Ich = '238_1'  Initiator = '249_3') ###
GGT(238_1)@lab24.cpt.haw-hamburg.de 18.06 16:48:11,657| Leite Anfrage (vote) an den Linken Nachbarn '213_1' weiter (implizites Zustimmen)
GGT(238_1)@lab24.cpt.haw-hamburg.de 18.06 16:48:11,658| DISPATCHER: Leite Befehl {vote,'242_2'} an meinen Worker weiter...
GGT(238_1)@lab24.cpt.haw-hamburg.de 18.06 16:48:11,660| ### vote erhalten! Ich = '238_1'  Initiator = '242_2') ###
GGT(238_1)@lab24.cpt.haw-hamburg.de 18.06 16:48:11,660| Leite Anfrage (vote) an den Linken Nachbarn '213_1' weiter (implizites Zustimmen)
GGT(238_1)@lab24.cpt.haw-hamburg.de 18.06 16:48:11,660| DISPATCHER: Leite Befehl {vote,'241_1'} an meinen Worker weiter...
GGT(238_1)@lab24.cpt.haw-hamburg.de 18.06 16:48:11,661| ### vote erhalten! Ich = '238_1'  Initiator = '241_1') ###
GGT(238_1)@lab24.cpt.haw-hamburg.de 18.06 16:48:11,661| Leite Anfrage (vote) an den Linken Nachbarn '213_1' weiter (implizites Zustimmen)
GGT(238_1)@lab24.cpt.haw-hamburg.de 18.06 16:48:11,662| DISPATCHER: Leite Befehl {vote,'249_3'} an meinen Worker weiter...
GGT(238_1)@lab24.cpt.haw-hamburg.de 18.06 16:48:11,662| ### vote erhalten! Ich = '238_1'  Initiator = '249_3') ###
GGT(238_1)@lab24.cpt.haw-hamburg.de 18.06 16:48:11,663| Leite Anfrage (vote) an den Linken Nachbarn '213_1' weiter (implizites Zustimmen)
GGT(238_1)@lab24.cpt.haw-hamburg.de 18.06 16:48:11,663| DISPATCHER: Leite Befehl {vote,'247_3'} an meinen Worker weiter...
GGT(238_1)@lab24.cpt.haw-hamburg.de 18.06 16:48:11,664| ### vote erhalten! Ich = '238_1'  Initiator = '247_3') ###
GGT(238_1)@lab24.cpt.haw-hamburg.de 18.06 16:48:11,664| Leite Anfrage (vote) an den Linken Nachbarn '213_1' weiter (implizites Zustimmen)
GGT(238_1)@lab24.cpt.haw-hamburg.de 18.06 16:48:11,664| DISPATCHER: Leite Befehl {vote,'211_1'} an meinen Worker weiter...
GGT(238_1)@lab24.cpt.haw-hamburg.de 18.06 16:48:11,667| DISPATCHER: Leite Befehl {vote,'2110_3'} an meinen Worker weiter...
GGT(238_1)@lab24.cpt.haw-hamburg.de 18.06 16:48:11,667| ### vote erhalten! Ich = '238_1'  Initiator = '211_1') ###
GGT(238_1)@lab24.cpt.haw-hamburg.de 18.06 16:48:11,667| Leite Anfrage (vote) an den Linken Nachbarn '213_1' weiter (implizites Zustimmen)
GGT(238_1)@lab24.cpt.haw-hamburg.de 18.06 16:48:11,668| ### vote erhalten! Ich = '238_1'  Initiator = '2110_3') ###
GGT(238_1)@lab24.cpt.haw-hamburg.de 18.06 16:48:11,668| Leite Anfrage (vote) an den Linken Nachbarn '213_1' weiter (implizites Zustimmen)
GGT(238_1)@lab24.cpt.haw-hamburg.de 18.06 16:48:11,668| DISPATCHER: Leite Befehl {vote,'242_2'} an meinen Worker weiter...
GGT(238_1)@lab24.cpt.haw-hamburg.de 18.06 16:48:11,670| ### vote erhalten! Ich = '238_1'  Initiator = '242_2') ###
GGT(238_1)@lab24.cpt.haw-hamburg.de 18.06 16:48:11,670| Leite Anfrage (vote) an den Linken Nachbarn '213_1' weiter (implizites Zustimmen)
GGT(238_1)@lab24.cpt.haw-hamburg.de 18.06 16:48:11,670| DISPATCHER: Leite Befehl {vote,'247_3'} an meinen Worker weiter...
GGT(238_1)@lab24.cpt.haw-hamburg.de 18.06 16:48:11,671| ### vote erhalten! Ich = '238_1'  Initiator = '247_3') ###
GGT(238_1)@lab24.cpt.haw-hamburg.de 18.06 16:48:11,671| Leite Anfrage (vote) an den Linken Nachbarn '213_1' weiter (implizites Zustimmen)
GGT(238_1)@lab24.cpt.haw-hamburg.de 18.06 16:48:11,672| DISPATCHER: Leite Befehl {vote,'243_4'} an meinen Worker weiter...
GGT(238_1)@lab24.cpt.haw-hamburg.de 18.06 16:48:11,672| ### vote erhalten! Ich = '238_1'  Initiator = '243_4') ###
GGT(238_1)@lab24.cpt.haw-hamburg.de 18.06 16:48:11,672| Leite Anfrage (vote) an den Linken Nachbarn '213_1' weiter (implizites Zustimmen)
GGT(238_1)@lab24.cpt.haw-hamburg.de 18.06 16:48:11,673| DISPATCHER: Leite Befehl {vote,'245_3'} an meinen Worker weiter...
GGT(238_1)@lab24.cpt.haw-hamburg.de 18.06 16:48:11,674| ### vote erhalten! Ich = '238_1'  Initiator = '245_3') ###
GGT(238_1)@lab24.cpt.haw-hamburg.de 18.06 16:48:11,674| Leite Anfrage (vote) an den Linken Nachbarn '213_1' weiter (implizites Zustimmen)
GGT(238_1)@lab24.cpt.haw-hamburg.de 18.06 16:48:11,674| DISPATCHER: Leite Befehl {vote,'245_3'} an meinen Worker weiter...
GGT(238_1)@lab24.cpt.haw-hamburg.de 18.06 16:48:11,674| DISPATCHER: Leite Befehl {vote,'247_3'} an meinen Worker weiter...
GGT(238_1)@lab24.cpt.haw-hamburg.de 18.06 16:48:11,674| ### vote erhalten! Ich = '238_1'  Initiator = '245_3') ###
GGT(238_1)@lab24.cpt.haw-hamburg.de 18.06 16:48:11,675| Leite Anfrage (vote) an den Linken Nachbarn '213_1' weiter (implizites Zustimmen)
GGT(238_1)@lab24.cpt.haw-hamburg.de 18.06 16:48:11,675| DISPATCHER: Leite Befehl {vote,'2110_3'} an meinen Worker weiter...
GGT(238_1)@lab24.cpt.haw-hamburg.de 18.06 16:48:11,676| ### vote erhalten! Ich = '238_1'  Initiator = '247_3') ###
GGT(238_1)@lab24.cpt.haw-hamburg.de 18.06 16:48:11,676| Leite Anfrage (vote) an den Linken Nachbarn '213_1' weiter (implizites Zustimmen)
GGT(238_1)@lab24.cpt.haw-hamburg.de 18.06 16:48:11,678| ### vote erhalten! Ich = '238_1'  Initiator = '2110_3') ###
GGT(238_1)@lab24.cpt.haw-hamburg.de 18.06 16:48:11,678| Leite Anfrage (vote) an den Linken Nachbarn '213_1' weiter (implizites Zustimmen)
GGT(238_1)@lab24.cpt.haw-hamburg.de 18.06 16:48:11,683| DISPATCHER: Leite Befehl {vote,'243_4'} an meinen Worker weiter...
GGT(238_1)@lab24.cpt.haw-hamburg.de 18.06 16:48:11,683| ### vote erhalten! Ich = '238_1'  Initiator = '243_4') ###
GGT(238_1)@lab24.cpt.haw-hamburg.de 18.06 16:48:11,683| Leite Anfrage (vote) an den Linken Nachbarn '213_1' weiter (implizites Zustimmen)
GGT(238_1)@lab24.cpt.haw-hamburg.de 18.06 16:48:11,684| DISPATCHER: Leite Befehl {vote,'216_1'} an meinen Worker weiter...
GGT(238_1)@lab24.cpt.haw-hamburg.de 18.06 16:48:11,685| ### vote erhalten! Ich = '238_1'  Initiator = '216_1') ###
GGT(238_1)@lab24.cpt.haw-hamburg.de 18.06 16:48:11,685| Leite Anfrage (vote) an den Linken Nachbarn '213_1' weiter (implizites Zustimmen)
GGT(238_1)@lab24.cpt.haw-hamburg.de 18.06 16:48:11,685| DISPATCHER: Leite Befehl {vote,'243_4'} an meinen Worker weiter...
GGT(238_1)@lab24.cpt.haw-hamburg.de 18.06 16:48:11,686| ### vote erhalten! Ich = '238_1'  Initiator = '243_4') ###
GGT(238_1)@lab24.cpt.haw-hamburg.de 18.06 16:48:11,686| Leite Anfrage (vote) an den Linken Nachbarn '213_1' weiter (implizites Zustimmen)
GGT(238_1)@lab24.cpt.haw-hamburg.de 18.06 16:48:11,687| DISPATCHER: Leite Befehl {vote,'245_3'} an meinen Worker weiter...
GGT(238_1)@lab24.cpt.haw-hamburg.de 18.06 16:48:11,688| ### vote erhalten! Ich = '238_1'  Initiator = '245_3') ###
GGT(238_1)@lab24.cpt.haw-hamburg.de 18.06 16:48:11,688| Leite Anfrage (vote) an den Linken Nachbarn '213_1' weiter (implizites Zustimmen)
GGT(238_1)@lab24.cpt.haw-hamburg.de 18.06 16:48:11,688| DISPATCHER: Leite Befehl {vote,'218_1'} an meinen Worker weiter...
GGT(238_1)@lab24.cpt.haw-hamburg.de 18.06 16:48:11,689| ### vote erhalten! Ich = '238_1'  Initiator = '218_1') ###
GGT(238_1)@lab24.cpt.haw-hamburg.de 18.06 16:48:11,689| Leite Anfrage (vote) an den Linken Nachbarn '213_1' weiter (implizites Zustimmen)
GGT(238_1)@lab24.cpt.haw-hamburg.de 18.06 16:48:11,689| DISPATCHER: Leite Befehl {vote,'243_4'} an meinen Worker weiter...
GGT(238_1)@lab24.cpt.haw-hamburg.de 18.06 16:48:11,691| DISPATCHER: Leite Befehl {vote,'246_1'} an meinen Worker weiter...
GGT(238_1)@lab24.cpt.haw-hamburg.de 18.06 16:48:11,691| ### vote erhalten! Ich = '238_1'  Initiator = '243_4') ###
GGT(238_1)@lab24.cpt.haw-hamburg.de 18.06 16:48:11,691| Leite Anfrage (vote) an den Linken Nachbarn '213_1' weiter (implizites Zustimmen)
GGT(238_1)@lab24.cpt.haw-hamburg.de 18.06 16:48:11,693| ### vote erhalten! Ich = '238_1'  Initiator = '246_1') ###
GGT(238_1)@lab24.cpt.haw-hamburg.de 18.06 16:48:11,693| Leite Anfrage (vote) an den Linken Nachbarn '213_1' weiter (implizites Zustimmen)
GGT(238_1)@lab24.cpt.haw-hamburg.de 18.06 16:48:11,694| DISPATCHER: Leite Befehl {vote,'218_1'} an meinen Worker weiter...
GGT(238_1)@lab24.cpt.haw-hamburg.de 18.06 16:48:11,695| ### vote erhalten! Ich = '238_1'  Initiator = '218_1') ###
GGT(238_1)@lab24.cpt.haw-hamburg.de 18.06 16:48:11,695| Leite Anfrage (vote) an den Linken Nachbarn '213_1' weiter (implizites Zustimmen)
GGT(238_1)@lab24.cpt.haw-hamburg.de 18.06 16:48:11,695| DISPATCHER: Leite Befehl {vote,'246_1'} an meinen Worker weiter...
GGT(238_1)@lab24.cpt.haw-hamburg.de 18.06 16:48:11,697| DISPATCHER: Leite Befehl {vote,'247_1'} an meinen Worker weiter...
GGT(238_1)@lab24.cpt.haw-hamburg.de 18.06 16:48:11,698| ### vote erhalten! Ich = '238_1'  Initiator = '246_1') ###
GGT(238_1)@lab24.cpt.haw-hamburg.de 18.06 16:48:11,699| Leite Anfrage (vote) an den Linken Nachbarn '213_1' weiter (implizites Zustimmen)
GGT(238_1)@lab24.cpt.haw-hamburg.de 18.06 16:48:11,701| ### vote erhalten! Ich = '238_1'  Initiator = '247_1') ###
GGT(238_1)@lab24.cpt.haw-hamburg.de 18.06 16:48:11,701| Leite Anfrage (vote) an den Linken Nachbarn '213_1' weiter (implizites Zustimmen)
GGT(238_1)@lab24.cpt.haw-hamburg.de 18.06 16:48:11,701| DISPATCHER: Leite Befehl {vote,'247_3'} an meinen Worker weiter...
GGT(238_1)@lab24.cpt.haw-hamburg.de 18.06 16:48:11,703| ### vote erhalten! Ich = '238_1'  Initiator = '247_3') ###
GGT(238_1)@lab24.cpt.haw-hamburg.de 18.06 16:48:11,703| Leite Anfrage (vote) an den Linken Nachbarn '213_1' weiter (implizites Zustimmen)
GGT(238_1)@lab24.cpt.haw-hamburg.de 18.06 16:48:11,703| DISPATCHER: Leite Befehl {vote,'246_2'} an meinen Worker weiter...
GGT(238_1)@lab24.cpt.haw-hamburg.de 18.06 16:48:11,704| ### vote erhalten! Ich = '238_1'  Initiator = '246_2') ###
GGT(238_1)@lab24.cpt.haw-hamburg.de 18.06 16:48:11,704| DISPATCHER: Leite Befehl {vote,'247_1'} an meinen Worker weiter...
GGT(238_1)@lab24.cpt.haw-hamburg.de 18.06 16:48:11,704| Leite Anfrage (vote) an den Linken Nachbarn '213_1' weiter (implizites Zustimmen)
GGT(238_1)@lab24.cpt.haw-hamburg.de 18.06 16:48:11,705| ### vote erhalten! Ich = '238_1'  Initiator = '247_1') ###
GGT(238_1)@lab24.cpt.haw-hamburg.de 18.06 16:48:11,705| Leite Anfrage (vote) an den Linken Nachbarn '213_1' weiter (implizites Zustimmen)
GGT(238_1)@lab24.cpt.haw-hamburg.de 18.06 16:48:11,706| DISPATCHER: Leite Befehl {vote,'246_1'} an meinen Worker weiter...
GGT(238_1)@lab24.cpt.haw-hamburg.de 18.06 16:48:11,706| ### vote erhalten! Ich = '238_1'  Initiator = '246_1') ###
GGT(238_1)@lab24.cpt.haw-hamburg.de 18.06 16:48:11,706| Leite Anfrage (vote) an den Linken Nachbarn '213_1' weiter (implizites Zustimmen)
GGT(238_1)@lab24.cpt.haw-hamburg.de 18.06 16:48:11,707| DISPATCHER: Leite Befehl {vote,'247_3'} an meinen Worker weiter...
GGT(238_1)@lab24.cpt.haw-hamburg.de 18.06 16:48:11,708| ### vote erhalten! Ich = '238_1'  Initiator = '247_3') ###
GGT(238_1)@lab24.cpt.haw-hamburg.de 18.06 16:48:11,709| Leite Anfrage (vote) an den Linken Nachbarn '213_1' weiter (implizites Zustimmen)
GGT(238_1)@lab24.cpt.haw-hamburg.de 18.06 16:48:11,709| DISPATCHER: Leite Befehl {vote,'246_1'} an meinen Worker weiter...
GGT(238_1)@lab24.cpt.haw-hamburg.de 18.06 16:48:11,710| ### vote erhalten! Ich = '238_1'  Initiator = '246_1') ###
GGT(238_1)@lab24.cpt.haw-hamburg.de 18.06 16:48:11,710| Leite Anfrage (vote) an den Linken Nachbarn '213_1' weiter (implizites Zustimmen)
GGT(238_1)@lab24.cpt.haw-hamburg.de 18.06 16:48:11,713| DISPATCHER: Leite Befehl {vote,'246_2'} an meinen Worker weiter...
GGT(238_1)@lab24.cpt.haw-hamburg.de 18.06 16:48:11,714| ### vote erhalten! Ich = '238_1'  Initiator = '246_2') ###
GGT(238_1)@lab24.cpt.haw-hamburg.de 18.06 16:48:11,714| Leite Anfrage (vote) an den Linken Nachbarn '213_1' weiter (implizites Zustimmen)
GGT(238_1)@lab24.cpt.haw-hamburg.de 18.06 16:48:11,714| DISPATCHER: Leite Befehl {vote,'246_2'} an meinen Worker weiter...
GGT(238_1)@lab24.cpt.haw-hamburg.de 18.06 16:48:11,715| ### vote erhalten! Ich = '238_1'  Initiator = '246_2') ###
GGT(238_1)@lab24.cpt.haw-hamburg.de 18.06 16:48:11,715| Leite Anfrage (vote) an den Linken Nachbarn '213_1' weiter (implizites Zustimmen)
GGT(238_1)@lab24.cpt.haw-hamburg.de 18.06 16:48:11,716| DISPATCHER: Leite Befehl {vote,'247_2'} an meinen Worker weiter...
GGT(238_1)@lab24.cpt.haw-hamburg.de 18.06 16:48:11,717| ### vote erhalten! Ich = '238_1'  Initiator = '247_2') ###
GGT(238_1)@lab24.cpt.haw-hamburg.de 18.06 16:48:11,717| Leite Anfrage (vote) an den Linken Nachbarn '213_1' weiter (implizites Zustimmen)
GGT(238_1)@lab24.cpt.haw-hamburg.de 18.06 16:48:11,717| DISPATCHER: Leite Befehl {vote,'247_2'} an meinen Worker weiter...
GGT(238_1)@lab24.cpt.haw-hamburg.de 18.06 16:48:11,719| ### vote erhalten! Ich = '238_1'  Initiator = '247_2') ###
GGT(238_1)@lab24.cpt.haw-hamburg.de 18.06 16:48:11,719| Leite Anfrage (vote) an den Linken Nachbarn '213_1' weiter (implizites Zustimmen)
