

GGT(235_2)@lab24.cpt.haw-hamburg.de 18.06 16:45:29,912| ######################## 235_2 Status: SETUP ########################


GGT(235_2)@lab24.cpt.haw-hamburg.de 18.06 16:45:29,912| ######################## 235_2 Status: INITIAL ########################
GGT(235_2)@lab24.cpt.haw-hamburg.de 18.06 16:45:29,912| REBIND
GGT(235_2)@lab24.cpt.haw-hamburg.de 18.06 16:45:29,912| CHECK_IN
GGT(235_2)@lab24.cpt.haw-hamburg.de 18.06 16:46:35,794| Nachbarn wurden mitgeteilt {L: '218_4' | R: '2410_2'}
GGT(235_2)@lab24.cpt.haw-hamburg.de 18.06 16:46:35,794| DISPATCHER: Leite Befehl {rebind_res,ok} an meinen Worker weiter...


GGT(235_2)@lab24.cpt.haw-hamburg.de 18.06 16:46:35,794| ######################## 235_2 Status: PRE_PROCESS ########################
GGT(235_2)@lab24.cpt.haw-hamburg.de 18.06 16:46:53,435| DISPATCHER: Leite Befehl {set_pmi,149500} an meinen Worker weiter...
GGT(235_2)@lab24.cpt.haw-hamburg.de 18.06 16:46:53,435| Initial Mi wurde mitgeteilt. Mi:149500


GGT(235_2)@lab24.cpt.haw-hamburg.de 18.06 16:46:53,436| ######################## 235_2 Status: PROCESS ########################
GGT(235_2)@lab24.cpt.haw-hamburg.de 18.06 16:46:56,432| DISPATCHER: Leite Befehl {vote,'214_4'} an meinen Worker weiter...
GGT(235_2)@lab24.cpt.haw-hamburg.de 18.06 16:46:56,433| ### vote erhalten! Ich = '235_2'  Initiator = '214_4') ###
GGT(235_2)@lab24.cpt.haw-hamburg.de 18.06 16:46:56,433| Leite Anfrage (vote) an den Linken Nachbarn '218_4' weiter (implizites Zustimmen)
GGT(235_2)@lab24.cpt.haw-hamburg.de 18.06 16:46:56,436| DISPATCHER: Leite Befehl {vote,'219_2'} an meinen Worker weiter...
GGT(235_2)@lab24.cpt.haw-hamburg.de 18.06 16:46:56,438| ### vote erhalten! Ich = '235_2'  Initiator = '219_2') ###
GGT(235_2)@lab24.cpt.haw-hamburg.de 18.06 16:46:56,438| Leite Anfrage (vote) an den Linken Nachbarn '218_4' weiter (implizites Zustimmen)
GGT(235_2)@lab24.cpt.haw-hamburg.de 18.06 16:46:56,441| DISPATCHER: Leite Befehl {vote,'2410_2'} an meinen Worker weiter...
GGT(235_2)@lab24.cpt.haw-hamburg.de 18.06 16:46:56,442| ### vote erhalten! Ich = '235_2'  Initiator = '2410_2') ###
GGT(235_2)@lab24.cpt.haw-hamburg.de 18.06 16:46:56,442| Leite Anfrage (vote) an den Linken Nachbarn '218_4' weiter (implizites Zustimmen)
GGT(235_2)@lab24.cpt.haw-hamburg.de 18.06 16:46:56,451| DISPATCHER: Leite Befehl {vote,'2110_1'} an meinen Worker weiter...
GGT(235_2)@lab24.cpt.haw-hamburg.de 18.06 16:46:56,454| ### vote erhalten! Ich = '235_2'  Initiator = '2110_1') ###
GGT(235_2)@lab24.cpt.haw-hamburg.de 18.06 16:46:56,454| Leite Anfrage (vote) an den Linken Nachbarn '218_4' weiter (implizites Zustimmen)
GGT(235_2)@lab24.cpt.haw-hamburg.de 18.06 16:46:56,463| DISPATCHER: Leite Befehl {vote,'212_4'} an meinen Worker weiter...
GGT(235_2)@lab24.cpt.haw-hamburg.de 18.06 16:46:56,465| ### vote erhalten! Ich = '235_2'  Initiator = '212_4') ###
GGT(235_2)@lab24.cpt.haw-hamburg.de 18.06 16:46:56,465| Leite Anfrage (vote) an den Linken Nachbarn '218_4' weiter (implizites Zustimmen)
GGT(235_2)@lab24.cpt.haw-hamburg.de 18.06 16:46:56,468| DISPATCHER: Leite Befehl {vote,'214_3'} an meinen Worker weiter...
GGT(235_2)@lab24.cpt.haw-hamburg.de 18.06 16:46:56,468| DISPATCHER: Leite Befehl {vote,'238_2'} an meinen Worker weiter...
GGT(235_2)@lab24.cpt.haw-hamburg.de 18.06 16:46:56,468| DISPATCHER: Leite Befehl {vote,'234_2'} an meinen Worker weiter...
GGT(235_2)@lab24.cpt.haw-hamburg.de 18.06 16:46:56,468| ### vote erhalten! Ich = '235_2'  Initiator = '214_3') ###
GGT(235_2)@lab24.cpt.haw-hamburg.de 18.06 16:46:56,469| Leite Anfrage (vote) an den Linken Nachbarn '218_4' weiter (implizites Zustimmen)
GGT(235_2)@lab24.cpt.haw-hamburg.de 18.06 16:46:56,469| DISPATCHER: Leite Befehl {vote,'2410_1'} an meinen Worker weiter...
GGT(235_2)@lab24.cpt.haw-hamburg.de 18.06 16:46:56,470| DISPATCHER: Leite Befehl {vote,'243_1'} an meinen Worker weiter...
GGT(235_2)@lab24.cpt.haw-hamburg.de 18.06 16:46:56,470| ### vote erhalten! Ich = '235_2'  Initiator = '238_2') ###
GGT(235_2)@lab24.cpt.haw-hamburg.de 18.06 16:46:56,471| Leite Anfrage (vote) an den Linken Nachbarn '218_4' weiter (implizites Zustimmen)
GGT(235_2)@lab24.cpt.haw-hamburg.de 18.06 16:46:56,473| ### vote erhalten! Ich = '235_2'  Initiator = '234_2') ###
GGT(235_2)@lab24.cpt.haw-hamburg.de 18.06 16:46:56,473| Leite Anfrage (vote) an den Linken Nachbarn '218_4' weiter (implizites Zustimmen)
GGT(235_2)@lab24.cpt.haw-hamburg.de 18.06 16:46:56,474| ### vote erhalten! Ich = '235_2'  Initiator = '2410_1') ###
GGT(235_2)@lab24.cpt.haw-hamburg.de 18.06 16:46:56,474| Leite Anfrage (vote) an den Linken Nachbarn '218_4' weiter (implizites Zustimmen)
GGT(235_2)@lab24.cpt.haw-hamburg.de 18.06 16:46:56,475| DISPATCHER: Leite Befehl {vote,'242_1'} an meinen Worker weiter...
GGT(235_2)@lab24.cpt.haw-hamburg.de 18.06 16:46:56,475| ### vote erhalten! Ich = '235_2'  Initiator = '243_1') ###
GGT(235_2)@lab24.cpt.haw-hamburg.de 18.06 16:46:56,476| Leite Anfrage (vote) an den Linken Nachbarn '218_4' weiter (implizites Zustimmen)
GGT(235_2)@lab24.cpt.haw-hamburg.de 18.06 16:46:56,476| DISPATCHER: Leite Befehl {vote,'217_1'} an meinen Worker weiter...
GGT(235_2)@lab24.cpt.haw-hamburg.de 18.06 16:46:56,477| DISPATCHER: Leite Befehl {vote,'236_1'} an meinen Worker weiter...
GGT(235_2)@lab24.cpt.haw-hamburg.de 18.06 16:46:56,477| ### vote erhalten! Ich = '235_2'  Initiator = '242_1') ###
GGT(235_2)@lab24.cpt.haw-hamburg.de 18.06 16:46:56,477| Leite Anfrage (vote) an den Linken Nachbarn '218_4' weiter (implizites Zustimmen)
GGT(235_2)@lab24.cpt.haw-hamburg.de 18.06 16:46:56,478| DISPATCHER: Leite Befehl {vote,'2410_3'} an meinen Worker weiter...
GGT(235_2)@lab24.cpt.haw-hamburg.de 18.06 16:46:56,479| ### vote erhalten! Ich = '235_2'  Initiator = '217_1') ###
GGT(235_2)@lab24.cpt.haw-hamburg.de 18.06 16:46:56,479| DISPATCHER: Leite Befehl {vote,'215_2'} an meinen Worker weiter...
GGT(235_2)@lab24.cpt.haw-hamburg.de 18.06 16:46:56,479| Leite Anfrage (vote) an den Linken Nachbarn '218_4' weiter (implizites Zustimmen)
GGT(235_2)@lab24.cpt.haw-hamburg.de 18.06 16:46:56,480| DISPATCHER: Leite Befehl {vote,'243_3'} an meinen Worker weiter...
GGT(235_2)@lab24.cpt.haw-hamburg.de 18.06 16:46:56,480| ### vote erhalten! Ich = '235_2'  Initiator = '236_1') ###
GGT(235_2)@lab24.cpt.haw-hamburg.de 18.06 16:46:56,480| Leite Anfrage (vote) an den Linken Nachbarn '218_4' weiter (implizites Zustimmen)
GGT(235_2)@lab24.cpt.haw-hamburg.de 18.06 16:46:56,481| DISPATCHER: Leite Befehl {vote,'243_2'} an meinen Worker weiter...
GGT(235_2)@lab24.cpt.haw-hamburg.de 18.06 16:46:56,481| ### vote erhalten! Ich = '235_2'  Initiator = '2410_3') ###
GGT(235_2)@lab24.cpt.haw-hamburg.de 18.06 16:46:56,481| Leite Anfrage (vote) an den Linken Nachbarn '218_4' weiter (implizites Zustimmen)
GGT(235_2)@lab24.cpt.haw-hamburg.de 18.06 16:46:56,482| ### vote erhalten! Ich = '235_2'  Initiator = '215_2') ###
GGT(235_2)@lab24.cpt.haw-hamburg.de 18.06 16:46:56,482| Leite Anfrage (vote) an den Linken Nachbarn '218_4' weiter (implizites Zustimmen)
GGT(235_2)@lab24.cpt.haw-hamburg.de 18.06 16:46:56,482| DISPATCHER: Leite Befehl {vote,'244_4'} an meinen Worker weiter...
GGT(235_2)@lab24.cpt.haw-hamburg.de 18.06 16:46:56,483| ### vote erhalten! Ich = '235_2'  Initiator = '243_3') ###
GGT(235_2)@lab24.cpt.haw-hamburg.de 18.06 16:46:56,483| Leite Anfrage (vote) an den Linken Nachbarn '218_4' weiter (implizites Zustimmen)
GGT(235_2)@lab24.cpt.haw-hamburg.de 18.06 16:46:56,483| DISPATCHER: Leite Befehl {vote,'246_4'} an meinen Worker weiter...
GGT(235_2)@lab24.cpt.haw-hamburg.de 18.06 16:46:56,484| ### vote erhalten! Ich = '235_2'  Initiator = '243_2') ###
GGT(235_2)@lab24.cpt.haw-hamburg.de 18.06 16:46:56,484| Leite Anfrage (vote) an den Linken Nachbarn '218_4' weiter (implizites Zustimmen)
GGT(235_2)@lab24.cpt.haw-hamburg.de 18.06 16:46:56,485| ### vote erhalten! Ich = '235_2'  Initiator = '244_4') ###
GGT(235_2)@lab24.cpt.haw-hamburg.de 18.06 16:46:56,485| Leite Anfrage (vote) an den Linken Nachbarn '218_4' weiter (implizites Zustimmen)
GGT(235_2)@lab24.cpt.haw-hamburg.de 18.06 16:46:56,486| ### vote erhalten! Ich = '235_2'  Initiator = '246_4') ###
GGT(235_2)@lab24.cpt.haw-hamburg.de 18.06 16:46:56,486| Leite Anfrage (vote) an den Linken Nachbarn '218_4' weiter (implizites Zustimmen)
GGT(235_2)@lab24.cpt.haw-hamburg.de 18.06 16:46:59,458| DISPATCHER: Leite Befehl {vote,'247_4'} an meinen Worker weiter...
GGT(235_2)@lab24.cpt.haw-hamburg.de 18.06 16:46:59,459| ### vote erhalten! Ich = '235_2'  Initiator = '247_4') ###
GGT(235_2)@lab24.cpt.haw-hamburg.de 18.06 16:46:59,459| Leite Anfrage (vote) an den Linken Nachbarn '218_4' weiter (implizites Zustimmen)
GGT(235_2)@lab24.cpt.haw-hamburg.de 18.06 16:46:59,466| DISPATCHER: Leite Befehl {vote,'248_4'} an meinen Worker weiter...
GGT(235_2)@lab24.cpt.haw-hamburg.de 18.06 16:46:59,466| ### vote erhalten! Ich = '235_2'  Initiator = '248_4') ###
GGT(235_2)@lab24.cpt.haw-hamburg.de 18.06 16:46:59,466| Leite Anfrage (vote) an den Linken Nachbarn '218_4' weiter (implizites Zustimmen)
GGT(235_2)@lab24.cpt.haw-hamburg.de 18.06 16:46:59,469| DISPATCHER: Leite Befehl {vote,'213_1'} an meinen Worker weiter...
GGT(235_2)@lab24.cpt.haw-hamburg.de 18.06 16:46:59,470| ### vote erhalten! Ich = '235_2'  Initiator = '213_1') ###
GGT(235_2)@lab24.cpt.haw-hamburg.de 18.06 16:46:59,470| Leite Anfrage (vote) an den Linken Nachbarn '218_4' weiter (implizites Zustimmen)
GGT(235_2)@lab24.cpt.haw-hamburg.de 18.06 16:47:02,470| DISPATCHER: Leite Befehl {vote,'243_2'} an meinen Worker weiter...
GGT(235_2)@lab24.cpt.haw-hamburg.de 18.06 16:47:02,470| ### vote erhalten! Ich = '235_2'  Initiator = '243_2') ###
GGT(235_2)@lab24.cpt.haw-hamburg.de 18.06 16:47:02,470| Leite Anfrage (vote) an den Linken Nachbarn '218_4' weiter (implizites Zustimmen)
