GGT(232_1)@lab24.cpt.haw-hamburg.de 18.06 16:38:08,893| DISPATCHER: Leite Befehl {set_pmi,12222210} an meinen Worker weiter...
GGT(232_1)@lab24.cpt.haw-hamburg.de 18.06 16:38:21,908| DISPATCHER: Leite Befehl {vote,'231_5'} an meinen Worker weiter...
GGT(232_1)@lab24.cpt.haw-hamburg.de 18.06 16:38:21,908| ### vote erhalten! Ich = '232_1'  Initiator = '231_5') ###
GGT(232_1)@lab24.cpt.haw-hamburg.de 18.06 16:38:21,908| Leite Anfrage (vote) an den Linken Nachbarn '231_2' weiter (implizites Zustimmen)
GGT(232_1)@lab24.cpt.haw-hamburg.de 18.06 16:38:21,910| DISPATCHER: Leite Befehl {vote,'213_2'} an meinen Worker weiter...
GGT(232_1)@lab24.cpt.haw-hamburg.de 18.06 16:38:21,910| ### vote erhalten! Ich = '232_1'  Initiator = '213_2') ###
GGT(232_1)@lab24.cpt.haw-hamburg.de 18.06 16:38:21,910| Leite Anfrage (vote) an den Linken Nachbarn '231_2' weiter (implizites Zustimmen)
GGT(232_1)@lab24.cpt.haw-hamburg.de 18.06 16:38:22,909| DISPATCHER: Leite Befehl {vote,'212_3'} an meinen Worker weiter...
GGT(232_1)@lab24.cpt.haw-hamburg.de 18.06 16:38:22,909| ### vote erhalten! Ich = '232_1'  Initiator = '212_3') ###
GGT(232_1)@lab24.cpt.haw-hamburg.de 18.06 16:38:22,909| Leite Anfrage (vote) an den Linken Nachbarn '231_2' weiter (implizites Zustimmen)
GGT(232_1)@lab24.cpt.haw-hamburg.de 18.06 16:38:22,910| DISPATCHER: Leite Befehl {vote,'211_1'} an meinen Worker weiter...
GGT(232_1)@lab24.cpt.haw-hamburg.de 18.06 16:38:22,911| ### vote erhalten! Ich = '232_1'  Initiator = '211_1') ###
GGT(232_1)@lab24.cpt.haw-hamburg.de 18.06 16:38:22,911| Leite Anfrage (vote) an den Linken Nachbarn '231_2' weiter (implizites Zustimmen)
GGT(232_1)@lab24.cpt.haw-hamburg.de 18.06 16:38:54,758| DISPATCHER: Leite Befehl {set_pmi,152082210} an meinen Worker weiter...
GGT(232_1)@lab24.cpt.haw-hamburg.de 18.06 16:38:58,763| DISPATCHER: Leite Befehl {vote,'213_2'} an meinen Worker weiter...
GGT(232_1)@lab24.cpt.haw-hamburg.de 18.06 16:38:58,764| ### vote erhalten! Ich = '232_1'  Initiator = '213_2') ###
GGT(232_1)@lab24.cpt.haw-hamburg.de 18.06 16:38:58,764| Leite Anfrage (vote) an den Linken Nachbarn '231_2' weiter (implizites Zustimmen)
GGT(232_1)@lab24.cpt.haw-hamburg.de 18.06 16:38:58,764| DISPATCHER: Leite Befehl {vote,'212_3'} an meinen Worker weiter...
GGT(232_1)@lab24.cpt.haw-hamburg.de 18.06 16:38:58,766| ### vote erhalten! Ich = '232_1'  Initiator = '212_3') ###
GGT(232_1)@lab24.cpt.haw-hamburg.de 18.06 16:38:58,766| Leite Anfrage (vote) an den Linken Nachbarn '231_2' weiter (implizites Zustimmen)
GGT(232_1)@lab24.cpt.haw-hamburg.de 18.06 16:38:58,766| DISPATCHER: Leite Befehl {vote,'211_1'} an meinen Worker weiter...
GGT(232_1)@lab24.cpt.haw-hamburg.de 18.06 16:38:58,768| ### vote erhalten! Ich = '232_1'  Initiator = '211_1') ###
GGT(232_1)@lab24.cpt.haw-hamburg.de 18.06 16:38:58,768| Leite Anfrage (vote) an den Linken Nachbarn '231_2' weiter (implizites Zustimmen)
GGT(232_1)@lab24.cpt.haw-hamburg.de 18.06 16:38:58,770| DISPATCHER: Leite Befehl {vote,'213_1'} an meinen Worker weiter...
GGT(232_1)@lab24.cpt.haw-hamburg.de 18.06 16:38:58,770| ### vote erhalten! Ich = '232_1'  Initiator = '213_1') ###
GGT(232_1)@lab24.cpt.haw-hamburg.de 18.06 16:38:58,770| Leite Anfrage (vote) an den Linken Nachbarn '231_2' weiter (implizites Zustimmen)
GGT(232_1)@lab24.cpt.haw-hamburg.de 18.06 16:38:58,771| DISPATCHER: Leite Befehl {vote,'211_3'} an meinen Worker weiter...
GGT(232_1)@lab24.cpt.haw-hamburg.de 18.06 16:38:58,772| ### vote erhalten! Ich = '232_1'  Initiator = '211_3') ###
GGT(232_1)@lab24.cpt.haw-hamburg.de 18.06 16:38:58,772| Leite Anfrage (vote) an den Linken Nachbarn '231_2' weiter (implizites Zustimmen)
GGT(232_1)@lab24.cpt.haw-hamburg.de 18.06 16:38:59,769| DISPATCHER: Leite Befehl {vote,'213_3'} an meinen Worker weiter...
GGT(232_1)@lab24.cpt.haw-hamburg.de 18.06 16:38:59,770| ### vote erhalten! Ich = '232_1'  Initiator = '213_3') ###
GGT(232_1)@lab24.cpt.haw-hamburg.de 18.06 16:38:59,770| Leite Anfrage (vote) an den Linken Nachbarn '231_2' weiter (implizites Zustimmen)
GGT(232_1)@lab24.cpt.haw-hamburg.de 18.06 16:39:05,781| DISPATCHER: Leite Befehl {vote,'212_1'} an meinen Worker weiter...
GGT(232_1)@lab24.cpt.haw-hamburg.de 18.06 16:39:05,781| ### vote erhalten! Ich = '232_1'  Initiator = '212_1') ###
GGT(232_1)@lab24.cpt.haw-hamburg.de 18.06 16:39:05,781| Leite Anfrage (vote) an den Linken Nachbarn '231_2' weiter (implizites Zustimmen)
GGT(232_1)@lab24.cpt.haw-hamburg.de 18.06 16:39:05,782| DISPATCHER: Leite Befehl {vote,'211_2'} an meinen Worker weiter...
GGT(232_1)@lab24.cpt.haw-hamburg.de 18.06 16:39:05,783| ### vote erhalten! Ich = '232_1'  Initiator = '211_2') ###
GGT(232_1)@lab24.cpt.haw-hamburg.de 18.06 16:39:05,783| Leite Anfrage (vote) an den Linken Nachbarn '231_2' weiter (implizites Zustimmen)
GGT(232_1)@lab24.cpt.haw-hamburg.de 18.06 16:39:05,784| DISPATCHER: Leite Befehl {vote,'212_2'} an meinen Worker weiter...
GGT(232_1)@lab24.cpt.haw-hamburg.de 18.06 16:39:05,784| ### vote erhalten! Ich = '232_1'  Initiator = '212_2') ###
GGT(232_1)@lab24.cpt.haw-hamburg.de 18.06 16:39:05,785| Leite Anfrage (vote) an den Linken Nachbarn '231_2' weiter (implizites Zustimmen)
GGT(232_1)@lab24.cpt.haw-hamburg.de 18.06 16:39:26,552| <7023.39.0> erfragt aktuellen Mi. Sende Mi = 14


GGT(232_1)@lab24.cpt.haw-hamburg.de 18.06 16:45:26,178| ######################## 232_1 Status: SETUP ########################


GGT(232_1)@lab24.cpt.haw-hamburg.de 18.06 16:45:26,178| ######################## 232_1 Status: INITIAL ########################
