

GGT(239_2)@FloUB 17.06 21:26:30,080| ######################## 239_2 Status: SETUP ########################


GGT(239_2)@FloUB 17.06 21:26:30,080| ######################## 239_2 Status: INITIAL ########################
GGT(239_2)@FloUB 17.06 21:26:30,080| REBIND
GGT(239_2)@FloUB 17.06 21:26:30,080| CHECK_IN
GGT(239_2)@FloUB 17.06 21:26:58,939| Nachbarn wurden mitgeteilt {L: '234_2' | R: '237_1'}
GGT(239_2)@FloUB 17.06 21:26:58,939| DISPATCHER: Leite Befehl {rebind_res,ok} an meinen Worker weiter...


GGT(239_2)@FloUB 17.06 21:26:58,939| ######################## 239_2 Status: PRE_PROCESS ########################
GGT(239_2)@FloUB 17.06 21:27:03,939| DISPATCHER: Leite Befehl {set_pmi,1745700} an meinen Worker weiter...
GGT(239_2)@FloUB 17.06 21:27:03,939| Initial Mi wurde mitgeteilt. Mi:1745700


GGT(239_2)@FloUB 17.06 21:27:03,939| ######################## 239_2 Status: PROCESS ########################
GGT(239_2)@FloUB 17.06 21:27:08,971| DISPATCHER: Leite Befehl {send,1558606500} an meinen Worker weiter...
GGT(239_2)@FloUB 17.06 21:27:08,971| Send erhalten Y:1558606500
GGT(239_2)@FloUB 17.06 21:27:08,971| ALGO: ((1745700 -1) mod 1558606500) +1     --    (TTW: 5 Sekunden)
GGT(239_2)@FloUB 17.06 21:27:13,986| Mi NICHT geaendert! (ist und bleibt: 1745700)
GGT(239_2)@FloUB 17.06 21:27:19,017| DISPATCHER: Leite Befehl {send,283383000} an meinen Worker weiter...
GGT(239_2)@FloUB 17.06 21:27:19,017| Send erhalten Y:283383000
GGT(239_2)@FloUB 17.06 21:27:19,017| ALGO: ((1745700 -1) mod 283383000) +1     --    (TTW: 5 Sekunden)
GGT(239_2)@FloUB 17.06 21:27:24,033| Mi NICHT geaendert! (ist und bleibt: 1745700)
GGT(239_2)@FloUB 17.06 21:27:29,064| DISPATCHER: Leite Befehl {send,47230500} an meinen Worker weiter...
GGT(239_2)@FloUB 17.06 21:27:29,064| Send erhalten Y:47230500
GGT(239_2)@FloUB 17.06 21:27:29,064| ALGO: ((1745700 -1) mod 47230500) +1     --    (TTW: 5 Sekunden)
GGT(239_2)@FloUB 17.06 21:27:29,111| DISPATCHER: Leite Befehl {vote,'239_1'} an meinen Worker weiter...
GGT(239_2)@FloUB 17.06 21:27:29,111| DISPATCHER: Leite Befehl {vote,'232_2'} an meinen Worker weiter...
GGT(239_2)@FloUB 17.06 21:27:29,111| DISPATCHER: Leite Befehl {vote,'231_2'} an meinen Worker weiter...
GGT(239_2)@FloUB 17.06 21:27:29,127| DISPATCHER: Leite Befehl {vote,'231_1'} an meinen Worker weiter...
GGT(239_2)@FloUB 17.06 21:27:29,127| DISPATCHER: Leite Befehl {vote,'2310_2'} an meinen Worker weiter...
GGT(239_2)@FloUB 17.06 21:27:29,127| DISPATCHER: Leite Befehl {vote,'235_1'} an meinen Worker weiter...
GGT(239_2)@FloUB 17.06 21:27:34,080| Mi NICHT geaendert! (ist und bleibt: 1745700)
GGT(239_2)@FloUB 17.06 21:27:34,080| ### vote erhalten! Ich = '239_2'  Initiator = '239_1') ###
GGT(239_2)@FloUB 17.06 21:27:34,080| implizit abgelehnt
GGT(239_2)@FloUB 17.06 21:27:34,080| ### vote erhalten! Ich = '239_2'  Initiator = '232_2') ###
GGT(239_2)@FloUB 17.06 21:27:34,080| implizit abgelehnt
GGT(239_2)@FloUB 17.06 21:27:34,080| ### vote erhalten! Ich = '239_2'  Initiator = '231_2') ###
GGT(239_2)@FloUB 17.06 21:27:34,080| implizit abgelehnt
GGT(239_2)@FloUB 17.06 21:27:34,080| ### vote erhalten! Ich = '239_2'  Initiator = '231_1') ###
GGT(239_2)@FloUB 17.06 21:27:34,080| implizit abgelehnt
GGT(239_2)@FloUB 17.06 21:27:34,080| ### vote erhalten! Ich = '239_2'  Initiator = '2310_2') ###
GGT(239_2)@FloUB 17.06 21:27:34,096| implizit abgelehnt
GGT(239_2)@FloUB 17.06 21:27:34,096| ### vote erhalten! Ich = '239_2'  Initiator = '235_1') ###
GGT(239_2)@FloUB 17.06 21:27:34,096| Leite Anfrage (vote) an den Linken Nachbarn '234_2' weiter (implizites Zustimmen)
GGT(239_2)@FloUB 17.06 21:27:39,174| DISPATCHER: Leite Befehl {vote,'234_2'} an meinen Worker weiter...
GGT(239_2)@FloUB 17.06 21:27:39,189| ### vote erhalten! Ich = '239_2'  Initiator = '234_2') ###
GGT(239_2)@FloUB 17.06 21:27:39,189| Leite Anfrage (vote) an den Linken Nachbarn '234_2' weiter (implizites Zustimmen)
GGT(239_2)@FloUB 17.06 21:27:59,267| DISPATCHER: Leite Befehl {send,1276500} an meinen Worker weiter...
GGT(239_2)@FloUB 17.06 21:27:59,267| Send erhalten Y:1276500
GGT(239_2)@FloUB 17.06 21:27:59,267| ALGO: ((1745700 -1) mod 1276500) +1     --    (TTW: 5 Sekunden)
GGT(239_2)@FloUB 17.06 21:28:04,283| informiere (brief_mi) Koordinator coordinatorFM ueber neuen Mi:469200
GGT(239_2)@FloUB 17.06 21:28:04,283| Sende (send) Nachbarn '234_2' und '237_1' neuen Mi:469200
GGT(239_2)@FloUB 17.06 21:28:09,267| DISPATCHER: Leite Befehl {send,34500} an meinen Worker weiter...
GGT(239_2)@FloUB 17.06 21:28:09,267| Send erhalten Y:34500
GGT(239_2)@FloUB 17.06 21:28:09,267| ALGO: ((469200 -1) mod 34500) +1     --    (TTW: 5 Sekunden)
GGT(239_2)@FloUB 17.06 21:28:09,314| DISPATCHER: Leite Befehl {send,2700} an meinen Worker weiter...
GGT(239_2)@FloUB 17.06 21:28:14,283| informiere (brief_mi) Koordinator coordinatorFM ueber neuen Mi:20700
GGT(239_2)@FloUB 17.06 21:28:14,283| Sende (send) Nachbarn '234_2' und '237_1' neuen Mi:20700
GGT(239_2)@FloUB 17.06 21:28:14,283| Send erhalten Y:2700
GGT(239_2)@FloUB 17.06 21:28:14,283| ALGO: ((20700 -1) mod 2700) +1     --    (TTW: 5 Sekunden)
GGT(239_2)@FloUB 17.06 21:28:19,299| informiere (brief_mi) Koordinator coordinatorFM ueber neuen Mi:1800
GGT(239_2)@FloUB 17.06 21:28:19,299| Sende (send) Nachbarn '234_2' und '237_1' neuen Mi:1800
GGT(239_2)@FloUB 17.06 21:28:19,330| DISPATCHER: Leite Befehl {send,13800} an meinen Worker weiter...
GGT(239_2)@FloUB 17.06 21:28:19,330| Send erhalten Y:13800
GGT(239_2)@FloUB 17.06 21:28:19,330| ALGO: ((1800 -1) mod 13800) +1     --    (TTW: 5 Sekunden)
GGT(239_2)@FloUB 17.06 21:28:24,346| Mi NICHT geaendert! (ist und bleibt: 1800)
GGT(239_2)@FloUB 17.06 21:28:24,346| DISPATCHER: Leite Befehl {send,1200} an meinen Worker weiter...
GGT(239_2)@FloUB 17.06 21:28:24,346| Send erhalten Y:1200
GGT(239_2)@FloUB 17.06 21:28:24,346| ALGO: ((1800 -1) mod 1200) +1     --    (TTW: 5 Sekunden)
GGT(239_2)@FloUB 17.06 21:28:29,346| DISPATCHER: Leite Befehl {send,900} an meinen Worker weiter...
GGT(239_2)@FloUB 17.06 21:28:29,361| informiere (brief_mi) Koordinator coordinatorFM ueber neuen Mi:600
GGT(239_2)@FloUB 17.06 21:28:29,361| Sende (send) Nachbarn '234_2' und '237_1' neuen Mi:600
GGT(239_2)@FloUB 17.06 21:28:29,377| Send erhalten Y:900
GGT(239_2)@FloUB 17.06 21:28:29,377| ALGO: ((600 -1) mod 900) +1     --    (TTW: 5 Sekunden)
GGT(239_2)@FloUB 17.06 21:28:34,392| Mi NICHT geaendert! (ist und bleibt: 600)
GGT(239_2)@FloUB 17.06 21:28:34,408| DISPATCHER: Leite Befehl {send,600} an meinen Worker weiter...
GGT(239_2)@FloUB 17.06 21:28:34,408| Send erhalten Y:600
GGT(239_2)@FloUB 17.06 21:28:34,408| ALGO: ((600 -1) mod 600) +1     --    (TTW: 5 Sekunden)
GGT(239_2)@FloUB 17.06 21:28:39,377| DISPATCHER: Leite Befehl {send,300} an meinen Worker weiter...
GGT(239_2)@FloUB 17.06 21:28:39,424| Mi NICHT geaendert! (ist und bleibt: 600)
GGT(239_2)@FloUB 17.06 21:28:39,424| Send erhalten Y:300
GGT(239_2)@FloUB 17.06 21:28:39,424| ALGO: ((600 -1) mod 300) +1     --    (TTW: 5 Sekunden)
GGT(239_2)@FloUB 17.06 21:28:44,439| informiere (brief_mi) Koordinator coordinatorFM ueber neuen Mi:300
GGT(239_2)@FloUB 17.06 21:28:44,439| Sende (send) Nachbarn '234_2' und '237_1' neuen Mi:300
GGT(239_2)@FloUB 17.06 21:28:44,471| DISPATCHER: Leite Befehl {send,300} an meinen Worker weiter...
GGT(239_2)@FloUB 17.06 21:28:44,486| Send erhalten Y:300
GGT(239_2)@FloUB 17.06 21:28:44,486| ALGO: ((300 -1) mod 300) +1     --    (TTW: 5 Sekunden)
GGT(239_2)@FloUB 17.06 21:28:49,502| Mi NICHT geaendert! (ist und bleibt: 300)
GGT(239_2)@FloUB 17.06 21:28:54,564| DISPATCHER: Leite Befehl {vote,'233_1'} an meinen Worker weiter...
GGT(239_2)@FloUB 17.06 21:28:54,564| ### vote erhalten! Ich = '239_2'  Initiator = '233_1') ###
GGT(239_2)@FloUB 17.06 21:28:54,564| Leite Anfrage (vote) an den Linken Nachbarn '234_2' weiter (implizites Zustimmen)
GGT(239_2)@FloUB 17.06 21:28:54,580| DISPATCHER: Leite Befehl {vote,'236_1'} an meinen Worker weiter...
GGT(239_2)@FloUB 17.06 21:28:54,580| ### vote erhalten! Ich = '239_2'  Initiator = '236_1') ###
GGT(239_2)@FloUB 17.06 21:28:54,580| Leite Anfrage (vote) an den Linken Nachbarn '234_2' weiter (implizites Zustimmen)


GGT(239_2)@FloUB 17.06 21:31:45,111| ######################## 239_2 Status: KILLED :( ########################
