

GGT(234_1)@lab24.cpt.haw-hamburg.de 18.06 16:45:26,380| ######################## 234_1 Status: SETUP ########################


GGT(234_1)@lab24.cpt.haw-hamburg.de 18.06 16:45:26,380| ######################## 234_1 Status: INITIAL ########################
GGT(234_1)@lab24.cpt.haw-hamburg.de 18.06 16:45:26,380| REBIND
GGT(234_1)@lab24.cpt.haw-hamburg.de 18.06 16:45:26,381| CHECK_IN
GGT(234_1)@lab24.cpt.haw-hamburg.de 18.06 16:46:35,793| Nachbarn wurden mitgeteilt {L: '238_1' | R: '236_2'}
GGT(234_1)@lab24.cpt.haw-hamburg.de 18.06 16:46:35,793| DISPATCHER: Leite Befehl {rebind_res,ok} an meinen Worker weiter...


GGT(234_1)@lab24.cpt.haw-hamburg.de 18.06 16:46:35,793| ######################## 234_1 Status: PRE_PROCESS ########################
GGT(234_1)@lab24.cpt.haw-hamburg.de 18.06 16:46:53,434| DISPATCHER: Leite Befehl {set_pmi,34635700} an meinen Worker weiter...
GGT(234_1)@lab24.cpt.haw-hamburg.de 18.06 16:46:53,435| Initial Mi wurde mitgeteilt. Mi:34635700


GGT(234_1)@lab24.cpt.haw-hamburg.de 18.06 16:46:53,435| ######################## 234_1 Status: PROCESS ########################
GGT(234_1)@lab24.cpt.haw-hamburg.de 18.06 16:46:56,434| DISPATCHER: Leite Befehl {vote,'213_4'} an meinen Worker weiter...
GGT(234_1)@lab24.cpt.haw-hamburg.de 18.06 16:46:56,435| ### vote erhalten! Ich = '234_1'  Initiator = '213_4') ###
GGT(234_1)@lab24.cpt.haw-hamburg.de 18.06 16:46:56,435| Leite Anfrage (vote) an den Linken Nachbarn '238_1' weiter (implizites Zustimmen)
GGT(234_1)@lab24.cpt.haw-hamburg.de 18.06 16:46:56,436| DISPATCHER: Leite Befehl {vote,'213_3'} an meinen Worker weiter...
GGT(234_1)@lab24.cpt.haw-hamburg.de 18.06 16:46:56,436| TTT Timer ist abgelaufen. Informiere meine linken Nachbarn ('238_1') ueber vote
GGT(234_1)@lab24.cpt.haw-hamburg.de 18.06 16:46:56,438| ### vote erhalten! Ich = '234_1'  Initiator = '213_3') ###
GGT(234_1)@lab24.cpt.haw-hamburg.de 18.06 16:46:56,438| Leite Anfrage (vote) an den Linken Nachbarn '238_1' weiter (implizites Zustimmen)
GGT(234_1)@lab24.cpt.haw-hamburg.de 18.06 16:46:56,439| DISPATCHER: Leite Befehl {vote,'214_2'} an meinen Worker weiter...
GGT(234_1)@lab24.cpt.haw-hamburg.de 18.06 16:46:56,439| ### vote erhalten! Ich = '234_1'  Initiator = '214_2') ###
GGT(234_1)@lab24.cpt.haw-hamburg.de 18.06 16:46:56,439| Leite Anfrage (vote) an den Linken Nachbarn '238_1' weiter (implizites Zustimmen)
GGT(234_1)@lab24.cpt.haw-hamburg.de 18.06 16:46:56,440| DISPATCHER: Leite Befehl {vote,'218_2'} an meinen Worker weiter...
GGT(234_1)@lab24.cpt.haw-hamburg.de 18.06 16:46:56,440| ### vote erhalten! Ich = '234_1'  Initiator = '218_2') ###
GGT(234_1)@lab24.cpt.haw-hamburg.de 18.06 16:46:56,440| Leite Anfrage (vote) an den Linken Nachbarn '238_1' weiter (implizites Zustimmen)
GGT(234_1)@lab24.cpt.haw-hamburg.de 18.06 16:46:56,441| DISPATCHER: Leite Befehl {vote,'217_4'} an meinen Worker weiter...
GGT(234_1)@lab24.cpt.haw-hamburg.de 18.06 16:46:56,441| ### vote erhalten! Ich = '234_1'  Initiator = '217_4') ###
GGT(234_1)@lab24.cpt.haw-hamburg.de 18.06 16:46:56,441| Leite Anfrage (vote) an den Linken Nachbarn '238_1' weiter (implizites Zustimmen)
GGT(234_1)@lab24.cpt.haw-hamburg.de 18.06 16:46:56,449| DISPATCHER: Leite Befehl {vote,'244_3'} an meinen Worker weiter...
GGT(234_1)@lab24.cpt.haw-hamburg.de 18.06 16:46:56,449| ### vote erhalten! Ich = '234_1'  Initiator = '244_3') ###
GGT(234_1)@lab24.cpt.haw-hamburg.de 18.06 16:46:56,449| Leite Anfrage (vote) an den Linken Nachbarn '238_1' weiter (implizites Zustimmen)
GGT(234_1)@lab24.cpt.haw-hamburg.de 18.06 16:46:56,454| DISPATCHER: Leite Befehl {vote,'248_2'} an meinen Worker weiter...
GGT(234_1)@lab24.cpt.haw-hamburg.de 18.06 16:46:56,455| ### vote erhalten! Ich = '234_1'  Initiator = '248_2') ###
GGT(234_1)@lab24.cpt.haw-hamburg.de 18.06 16:46:56,455| Leite Anfrage (vote) an den Linken Nachbarn '238_1' weiter (implizites Zustimmen)
GGT(234_1)@lab24.cpt.haw-hamburg.de 18.06 16:46:56,461| DISPATCHER: Leite Befehl {vote,'216_3'} an meinen Worker weiter...
GGT(234_1)@lab24.cpt.haw-hamburg.de 18.06 16:46:56,462| ### vote erhalten! Ich = '234_1'  Initiator = '216_3') ###
GGT(234_1)@lab24.cpt.haw-hamburg.de 18.06 16:46:56,462| Leite Anfrage (vote) an den Linken Nachbarn '238_1' weiter (implizites Zustimmen)
GGT(234_1)@lab24.cpt.haw-hamburg.de 18.06 16:46:56,470| DISPATCHER: Leite Befehl {vote,'215_4'} an meinen Worker weiter...
GGT(234_1)@lab24.cpt.haw-hamburg.de 18.06 16:46:56,471| ### vote erhalten! Ich = '234_1'  Initiator = '215_4') ###
GGT(234_1)@lab24.cpt.haw-hamburg.de 18.06 16:46:56,471| Leite Anfrage (vote) an den Linken Nachbarn '238_1' weiter (implizites Zustimmen)
GGT(234_1)@lab24.cpt.haw-hamburg.de 18.06 16:46:56,473| DISPATCHER: Leite Befehl {vote,'237_1'} an meinen Worker weiter...
GGT(234_1)@lab24.cpt.haw-hamburg.de 18.06 16:46:56,473| ### vote erhalten! Ich = '234_1'  Initiator = '237_1') ###
GGT(234_1)@lab24.cpt.haw-hamburg.de 18.06 16:46:56,473| Leite Anfrage (vote) an den Linken Nachbarn '238_1' weiter (implizites Zustimmen)
GGT(234_1)@lab24.cpt.haw-hamburg.de 18.06 16:46:56,474| DISPATCHER: Leite Befehl {vote,'244_2'} an meinen Worker weiter...
GGT(234_1)@lab24.cpt.haw-hamburg.de 18.06 16:46:56,475| ### vote erhalten! Ich = '234_1'  Initiator = '244_2') ###
GGT(234_1)@lab24.cpt.haw-hamburg.de 18.06 16:46:56,475| Leite Anfrage (vote) an den Linken Nachbarn '238_1' weiter (implizites Zustimmen)
GGT(234_1)@lab24.cpt.haw-hamburg.de 18.06 16:46:56,475| DISPATCHER: Leite Befehl {vote,'245_4'} an meinen Worker weiter...
GGT(234_1)@lab24.cpt.haw-hamburg.de 18.06 16:46:56,476| ### vote erhalten! Ich = '234_1'  Initiator = '245_4') ###
GGT(234_1)@lab24.cpt.haw-hamburg.de 18.06 16:46:56,476| Leite Anfrage (vote) an den Linken Nachbarn '238_1' weiter (implizites Zustimmen)
GGT(234_1)@lab24.cpt.haw-hamburg.de 18.06 16:46:56,477| DISPATCHER: Leite Befehl {vote,'248_1'} an meinen Worker weiter...
GGT(234_1)@lab24.cpt.haw-hamburg.de 18.06 16:46:56,478| ### vote erhalten! Ich = '234_1'  Initiator = '248_1') ###
GGT(234_1)@lab24.cpt.haw-hamburg.de 18.06 16:46:56,478| Leite Anfrage (vote) an den Linken Nachbarn '238_1' weiter (implizites Zustimmen)
GGT(234_1)@lab24.cpt.haw-hamburg.de 18.06 16:46:56,478| DISPATCHER: Leite Befehl {vote,'249_2'} an meinen Worker weiter...
GGT(234_1)@lab24.cpt.haw-hamburg.de 18.06 16:46:56,479| ### vote erhalten! Ich = '234_1'  Initiator = '249_2') ###
GGT(234_1)@lab24.cpt.haw-hamburg.de 18.06 16:46:56,479| Leite Anfrage (vote) an den Linken Nachbarn '238_1' weiter (implizites Zustimmen)
GGT(234_1)@lab24.cpt.haw-hamburg.de 18.06 16:46:59,457| DISPATCHER: Leite Befehl {send,7489500} an meinen Worker weiter...
GGT(234_1)@lab24.cpt.haw-hamburg.de 18.06 16:46:59,457| Send erhalten Y:7489500
GGT(234_1)@lab24.cpt.haw-hamburg.de 18.06 16:46:59,457| ALGO: ((34635700 -1) mod 7489500) +1     --    (TTW: 3 Sekunden)
GGT(234_1)@lab24.cpt.haw-hamburg.de 18.06 16:46:59,458| DISPATCHER: Leite Befehl {vote,'215_3'} an meinen Worker weiter...
GGT(234_1)@lab24.cpt.haw-hamburg.de 18.06 16:46:59,459| DISPATCHER: Leite Befehl {vote,'211_3'} an meinen Worker weiter...
GGT(234_1)@lab24.cpt.haw-hamburg.de 18.06 16:46:59,464| DISPATCHER: Leite Befehl {vote,'2110_2'} an meinen Worker weiter...
GGT(234_1)@lab24.cpt.haw-hamburg.de 18.06 16:46:59,464| DISPATCHER: Leite Befehl {vote,'218_3'} an meinen Worker weiter...
GGT(234_1)@lab24.cpt.haw-hamburg.de 18.06 16:46:59,466| DISPATCHER: Leite Befehl {vote,'212_2'} an meinen Worker weiter...
GGT(234_1)@lab24.cpt.haw-hamburg.de 18.06 16:46:59,467| DISPATCHER: Leite Befehl {vote,'239_1'} an meinen Worker weiter...
GGT(234_1)@lab24.cpt.haw-hamburg.de 18.06 16:46:59,468| DISPATCHER: Leite Befehl {vote,'212_3'} an meinen Worker weiter...
GGT(234_1)@lab24.cpt.haw-hamburg.de 18.06 16:46:59,469| DISPATCHER: Leite Befehl {vote,'219_1'} an meinen Worker weiter...
GGT(234_1)@lab24.cpt.haw-hamburg.de 18.06 16:46:59,469| DISPATCHER: Leite Befehl {vote,'217_2'} an meinen Worker weiter...
GGT(234_1)@lab24.cpt.haw-hamburg.de 18.06 16:46:59,470| DISPATCHER: Leite Befehl {vote,'219_3'} an meinen Worker weiter...
GGT(234_1)@lab24.cpt.haw-hamburg.de 18.06 16:46:59,471| DISPATCHER: Leite Befehl {vote,'242_3'} an meinen Worker weiter...
GGT(234_1)@lab24.cpt.haw-hamburg.de 18.06 16:46:59,473| DISPATCHER: Leite Befehl {vote,'2410_4'} an meinen Worker weiter...
GGT(234_1)@lab24.cpt.haw-hamburg.de 18.06 16:46:59,474| DISPATCHER: Leite Befehl {vote,'241_3'} an meinen Worker weiter...
GGT(234_1)@lab24.cpt.haw-hamburg.de 18.06 16:46:59,475| DISPATCHER: Leite Befehl {vote,'241_4'} an meinen Worker weiter...
GGT(234_1)@lab24.cpt.haw-hamburg.de 18.06 16:46:59,477| DISPATCHER: Leite Befehl {vote,'242_4'} an meinen Worker weiter...
GGT(234_1)@lab24.cpt.haw-hamburg.de 18.06 16:46:59,478| DISPATCHER: Leite Befehl {vote,'246_3'} an meinen Worker weiter...
GGT(234_1)@lab24.cpt.haw-hamburg.de 18.06 16:46:59,479| DISPATCHER: Leite Befehl {vote,'249_1'} an meinen Worker weiter...
GGT(234_1)@lab24.cpt.haw-hamburg.de 18.06 16:46:59,479| DISPATCHER: Leite Befehl {vote,'245_2'} an meinen Worker weiter...
GGT(234_1)@lab24.cpt.haw-hamburg.de 18.06 16:46:59,480| DISPATCHER: Leite Befehl {vote,'244_1'} an meinen Worker weiter...
GGT(234_1)@lab24.cpt.haw-hamburg.de 18.06 16:46:59,481| DISPATCHER: Leite Befehl {vote,'216_2'} an meinen Worker weiter...
GGT(234_1)@lab24.cpt.haw-hamburg.de 18.06 16:46:59,482| DISPATCHER: Leite Befehl {vote,'239_2'} an meinen Worker weiter...
GGT(234_1)@lab24.cpt.haw-hamburg.de 18.06 16:46:59,482| DISPATCHER: Leite Befehl {vote,'245_1'} an meinen Worker weiter...
GGT(234_1)@lab24.cpt.haw-hamburg.de 18.06 16:47:02,458| informiere (brief_mi) Koordinator coordinator ueber neuen Mi:4677700
GGT(234_1)@lab24.cpt.haw-hamburg.de 18.06 16:47:02,459| Sende (send) Nachbarn '238_1' und '236_2' neuen Mi:4677700
GGT(234_1)@lab24.cpt.haw-hamburg.de 18.06 16:47:02,460| ### vote erhalten! Ich = '234_1'  Initiator = '215_3') ###
GGT(234_1)@lab24.cpt.haw-hamburg.de 18.06 16:47:02,460| implizit abgelehnt
GGT(234_1)@lab24.cpt.haw-hamburg.de 18.06 16:47:02,460| ### vote erhalten! Ich = '234_1'  Initiator = '211_3') ###
GGT(234_1)@lab24.cpt.haw-hamburg.de 18.06 16:47:02,460| Leite Anfrage (vote) an den Linken Nachbarn '238_1' weiter (implizites Zustimmen)
GGT(234_1)@lab24.cpt.haw-hamburg.de 18.06 16:47:02,461| ### vote erhalten! Ich = '234_1'  Initiator = '2110_2') ###
GGT(234_1)@lab24.cpt.haw-hamburg.de 18.06 16:47:02,461| Leite Anfrage (vote) an den Linken Nachbarn '238_1' weiter (implizites Zustimmen)
GGT(234_1)@lab24.cpt.haw-hamburg.de 18.06 16:47:02,462| ### vote erhalten! Ich = '234_1'  Initiator = '218_3') ###
GGT(234_1)@lab24.cpt.haw-hamburg.de 18.06 16:47:02,462| Leite Anfrage (vote) an den Linken Nachbarn '238_1' weiter (implizites Zustimmen)
GGT(234_1)@lab24.cpt.haw-hamburg.de 18.06 16:47:02,463| ### vote erhalten! Ich = '234_1'  Initiator = '212_2') ###
GGT(234_1)@lab24.cpt.haw-hamburg.de 18.06 16:47:02,463| Leite Anfrage (vote) an den Linken Nachbarn '238_1' weiter (implizites Zustimmen)
GGT(234_1)@lab24.cpt.haw-hamburg.de 18.06 16:47:02,463| ### vote erhalten! Ich = '234_1'  Initiator = '239_1') ###
GGT(234_1)@lab24.cpt.haw-hamburg.de 18.06 16:47:02,463| Leite Anfrage (vote) an den Linken Nachbarn '238_1' weiter (implizites Zustimmen)
GGT(234_1)@lab24.cpt.haw-hamburg.de 18.06 16:47:02,464| ### vote erhalten! Ich = '234_1'  Initiator = '212_3') ###
GGT(234_1)@lab24.cpt.haw-hamburg.de 18.06 16:47:02,464| Leite Anfrage (vote) an den Linken Nachbarn '238_1' weiter (implizites Zustimmen)
GGT(234_1)@lab24.cpt.haw-hamburg.de 18.06 16:47:02,465| ### vote erhalten! Ich = '234_1'  Initiator = '219_1') ###
GGT(234_1)@lab24.cpt.haw-hamburg.de 18.06 16:47:02,465| Leite Anfrage (vote) an den Linken Nachbarn '238_1' weiter (implizites Zustimmen)
GGT(234_1)@lab24.cpt.haw-hamburg.de 18.06 16:47:02,466| ### vote erhalten! Ich = '234_1'  Initiator = '217_2') ###
GGT(234_1)@lab24.cpt.haw-hamburg.de 18.06 16:47:02,466| Leite Anfrage (vote) an den Linken Nachbarn '238_1' weiter (implizites Zustimmen)
GGT(234_1)@lab24.cpt.haw-hamburg.de 18.06 16:47:02,467| ### vote erhalten! Ich = '234_1'  Initiator = '219_3') ###
GGT(234_1)@lab24.cpt.haw-hamburg.de 18.06 16:47:02,467| Leite Anfrage (vote) an den Linken Nachbarn '238_1' weiter (implizites Zustimmen)
GGT(234_1)@lab24.cpt.haw-hamburg.de 18.06 16:47:02,468| ### vote erhalten! Ich = '234_1'  Initiator = '242_3') ###
GGT(234_1)@lab24.cpt.haw-hamburg.de 18.06 16:47:02,468| Leite Anfrage (vote) an den Linken Nachbarn '238_1' weiter (implizites Zustimmen)
GGT(234_1)@lab24.cpt.haw-hamburg.de 18.06 16:47:02,469| ### vote erhalten! Ich = '234_1'  Initiator = '2410_4') ###
GGT(234_1)@lab24.cpt.haw-hamburg.de 18.06 16:47:02,469| Leite Anfrage (vote) an den Linken Nachbarn '238_1' weiter (implizites Zustimmen)
GGT(234_1)@lab24.cpt.haw-hamburg.de 18.06 16:47:02,470| ### vote erhalten! Ich = '234_1'  Initiator = '241_3') ###
GGT(234_1)@lab24.cpt.haw-hamburg.de 18.06 16:47:02,470| Leite Anfrage (vote) an den Linken Nachbarn '238_1' weiter (implizites Zustimmen)
GGT(234_1)@lab24.cpt.haw-hamburg.de 18.06 16:47:02,470| ### vote erhalten! Ich = '234_1'  Initiator = '241_4') ###
GGT(234_1)@lab24.cpt.haw-hamburg.de 18.06 16:47:02,470| Leite Anfrage (vote) an den Linken Nachbarn '238_1' weiter (implizites Zustimmen)
GGT(234_1)@lab24.cpt.haw-hamburg.de 18.06 16:47:02,471| ### vote erhalten! Ich = '234_1'  Initiator = '242_4') ###
GGT(234_1)@lab24.cpt.haw-hamburg.de 18.06 16:47:02,471| Leite Anfrage (vote) an den Linken Nachbarn '238_1' weiter (implizites Zustimmen)
GGT(234_1)@lab24.cpt.haw-hamburg.de 18.06 16:47:02,472| ### vote erhalten! Ich = '234_1'  Initiator = '246_3') ###
GGT(234_1)@lab24.cpt.haw-hamburg.de 18.06 16:47:02,472| Leite Anfrage (vote) an den Linken Nachbarn '238_1' weiter (implizites Zustimmen)
GGT(234_1)@lab24.cpt.haw-hamburg.de 18.06 16:47:02,473| ### vote erhalten! Ich = '234_1'  Initiator = '249_1') ###
GGT(234_1)@lab24.cpt.haw-hamburg.de 18.06 16:47:02,473| Leite Anfrage (vote) an den Linken Nachbarn '238_1' weiter (implizites Zustimmen)
GGT(234_1)@lab24.cpt.haw-hamburg.de 18.06 16:47:02,473| ### vote erhalten! Ich = '234_1'  Initiator = '245_2') ###
GGT(234_1)@lab24.cpt.haw-hamburg.de 18.06 16:47:02,473| Leite Anfrage (vote) an den Linken Nachbarn '238_1' weiter (implizites Zustimmen)
GGT(234_1)@lab24.cpt.haw-hamburg.de 18.06 16:47:02,474| ### vote erhalten! Ich = '234_1'  Initiator = '244_1') ###
GGT(234_1)@lab24.cpt.haw-hamburg.de 18.06 16:47:02,474| Leite Anfrage (vote) an den Linken Nachbarn '238_1' weiter (implizites Zustimmen)
GGT(234_1)@lab24.cpt.haw-hamburg.de 18.06 16:47:02,475| ### vote erhalten! Ich = '234_1'  Initiator = '216_2') ###
GGT(234_1)@lab24.cpt.haw-hamburg.de 18.06 16:47:02,475| Leite Anfrage (vote) an den Linken Nachbarn '238_1' weiter (implizites Zustimmen)
GGT(234_1)@lab24.cpt.haw-hamburg.de 18.06 16:47:02,476| ### vote erhalten! Ich = '234_1'  Initiator = '239_2') ###
GGT(234_1)@lab24.cpt.haw-hamburg.de 18.06 16:47:02,476| Leite Anfrage (vote) an den Linken Nachbarn '238_1' weiter (implizites Zustimmen)
GGT(234_1)@lab24.cpt.haw-hamburg.de 18.06 16:47:02,476| ### vote erhalten! Ich = '234_1'  Initiator = '245_1') ###
GGT(234_1)@lab24.cpt.haw-hamburg.de 18.06 16:47:02,476| Leite Anfrage (vote) an den Linken Nachbarn '238_1' weiter (implizites Zustimmen)
GGT(234_1)@lab24.cpt.haw-hamburg.de 18.06 16:47:05,461| DISPATCHER: Leite Befehl {send,96000} an meinen Worker weiter...
GGT(234_1)@lab24.cpt.haw-hamburg.de 18.06 16:47:05,461| Send erhalten Y:96000
GGT(234_1)@lab24.cpt.haw-hamburg.de 18.06 16:47:05,461| ALGO: ((4677700 -1) mod 96000) +1     --    (TTW: 3 Sekunden)
GGT(234_1)@lab24.cpt.haw-hamburg.de 18.06 16:47:05,463| DISPATCHER: Leite Befehl {send,4090500} an meinen Worker weiter...
GGT(234_1)@lab24.cpt.haw-hamburg.de 18.06 16:47:05,465| DISPATCHER: Leite Befehl {vote,'249_2'} an meinen Worker weiter...
GGT(234_1)@lab24.cpt.haw-hamburg.de 18.06 16:47:05,465| DISPATCHER: Leite Befehl {vote,'248_3'} an meinen Worker weiter...
GGT(234_1)@lab24.cpt.haw-hamburg.de 18.06 16:47:08,462| informiere (brief_mi) Koordinator coordinator ueber neuen Mi:69700
GGT(234_1)@lab24.cpt.haw-hamburg.de 18.06 16:47:08,463| Sende (send) Nachbarn '238_1' und '236_2' neuen Mi:69700
GGT(234_1)@lab24.cpt.haw-hamburg.de 18.06 16:47:08,464| Send erhalten Y:4090500
GGT(234_1)@lab24.cpt.haw-hamburg.de 18.06 16:47:08,464| ALGO: ((69700 -1) mod 4090500) +1     --    (TTW: 3 Sekunden)
GGT(234_1)@lab24.cpt.haw-hamburg.de 18.06 16:47:11,465| Mi NICHT geaendert! (ist und bleibt: 69700)
GGT(234_1)@lab24.cpt.haw-hamburg.de 18.06 16:47:11,466| ### vote erhalten! Ich = '234_1'  Initiator = '249_2') ###
GGT(234_1)@lab24.cpt.haw-hamburg.de 18.06 16:47:11,466| implizit abgelehnt
GGT(234_1)@lab24.cpt.haw-hamburg.de 18.06 16:47:11,466| ### vote erhalten! Ich = '234_1'  Initiator = '248_3') ###
GGT(234_1)@lab24.cpt.haw-hamburg.de 18.06 16:47:11,466| implizit abgelehnt
GGT(234_1)@lab24.cpt.haw-hamburg.de 18.06 16:47:11,466| TTT Timer ist abgelaufen. Informiere meine linken Nachbarn ('238_1') ueber vote
GGT(234_1)@lab24.cpt.haw-hamburg.de 18.06 16:47:11,466| DISPATCHER: Leite Befehl {send,47900} an meinen Worker weiter...
GGT(234_1)@lab24.cpt.haw-hamburg.de 18.06 16:47:11,467| Send erhalten Y:47900
GGT(234_1)@lab24.cpt.haw-hamburg.de 18.06 16:47:11,467| ALGO: ((69700 -1) mod 47900) +1     --    (TTW: 3 Sekunden)
GGT(234_1)@lab24.cpt.haw-hamburg.de 18.06 16:47:11,485| DISPATCHER: Leite Befehl {send,19500} an meinen Worker weiter...
GGT(234_1)@lab24.cpt.haw-hamburg.de 18.06 16:47:14,468| informiere (brief_mi) Koordinator coordinator ueber neuen Mi:21800
GGT(234_1)@lab24.cpt.haw-hamburg.de 18.06 16:47:14,470| Sende (send) Nachbarn '238_1' und '236_2' neuen Mi:21800
GGT(234_1)@lab24.cpt.haw-hamburg.de 18.06 16:47:14,470| Send erhalten Y:19500
GGT(234_1)@lab24.cpt.haw-hamburg.de 18.06 16:47:14,470| ALGO: ((21800 -1) mod 19500) +1     --    (TTW: 3 Sekunden)
GGT(234_1)@lab24.cpt.haw-hamburg.de 18.06 16:47:17,471| DISPATCHER: Leite Befehl {vote,'236_2'} an meinen Worker weiter...
GGT(234_1)@lab24.cpt.haw-hamburg.de 18.06 16:47:17,472| informiere (brief_mi) Koordinator coordinator ueber neuen Mi:2300
GGT(234_1)@lab24.cpt.haw-hamburg.de 18.06 16:47:17,472| Sende (send) Nachbarn '238_1' und '236_2' neuen Mi:2300
GGT(234_1)@lab24.cpt.haw-hamburg.de 18.06 16:47:17,476| TTT Timer ist abgelaufen. Informiere meine linken Nachbarn ('238_1') ueber vote
GGT(234_1)@lab24.cpt.haw-hamburg.de 18.06 16:47:17,477| ### vote erhalten! Ich = '234_1'  Initiator = '236_2') ###
GGT(234_1)@lab24.cpt.haw-hamburg.de 18.06 16:47:17,477| Leite Anfrage (vote) an den Linken Nachbarn '238_1' weiter (implizites Zustimmen)
GGT(234_1)@lab24.cpt.haw-hamburg.de 18.06 16:47:17,491| DISPATCHER: Leite Befehl {send,2700} an meinen Worker weiter...
GGT(234_1)@lab24.cpt.haw-hamburg.de 18.06 16:47:17,491| Send erhalten Y:2700
GGT(234_1)@lab24.cpt.haw-hamburg.de 18.06 16:47:17,491| ALGO: ((2300 -1) mod 2700) +1     --    (TTW: 3 Sekunden)
GGT(234_1)@lab24.cpt.haw-hamburg.de 18.06 16:47:20,474| DISPATCHER: Leite Befehl {send,22500} an meinen Worker weiter...
GGT(234_1)@lab24.cpt.haw-hamburg.de 18.06 16:47:20,492| Mi NICHT geaendert! (ist und bleibt: 2300)
GGT(234_1)@lab24.cpt.haw-hamburg.de 18.06 16:47:20,492| Send erhalten Y:22500
GGT(234_1)@lab24.cpt.haw-hamburg.de 18.06 16:47:20,492| ALGO: ((2300 -1) mod 22500) +1     --    (TTW: 3 Sekunden)
GGT(234_1)@lab24.cpt.haw-hamburg.de 18.06 16:47:23,477| DISPATCHER: Leite Befehl {send,700} an meinen Worker weiter...
GGT(234_1)@lab24.cpt.haw-hamburg.de 18.06 16:47:23,493| Mi NICHT geaendert! (ist und bleibt: 2300)
GGT(234_1)@lab24.cpt.haw-hamburg.de 18.06 16:47:23,493| Send erhalten Y:700
GGT(234_1)@lab24.cpt.haw-hamburg.de 18.06 16:47:23,493| ALGO: ((2300 -1) mod 700) +1     --    (TTW: 3 Sekunden)
GGT(234_1)@lab24.cpt.haw-hamburg.de 18.06 16:47:23,496| DISPATCHER: Leite Befehl {send,400} an meinen Worker weiter...
GGT(234_1)@lab24.cpt.haw-hamburg.de 18.06 16:47:26,494| informiere (brief_mi) Koordinator coordinator ueber neuen Mi:200
GGT(234_1)@lab24.cpt.haw-hamburg.de 18.06 16:47:26,495| Sende (send) Nachbarn '238_1' und '236_2' neuen Mi:200
GGT(234_1)@lab24.cpt.haw-hamburg.de 18.06 16:47:26,495| TTT Timer ist abgelaufen. Informiere meine linken Nachbarn ('238_1') ueber vote
GGT(234_1)@lab24.cpt.haw-hamburg.de 18.06 16:47:26,496| Send erhalten Y:400
GGT(234_1)@lab24.cpt.haw-hamburg.de 18.06 16:47:26,496| ALGO: ((200 -1) mod 400) +1     --    (TTW: 3 Sekunden)
GGT(234_1)@lab24.cpt.haw-hamburg.de 18.06 16:47:26,500| DISPATCHER: Leite Befehl {send,100} an meinen Worker weiter...
GGT(234_1)@lab24.cpt.haw-hamburg.de 18.06 16:47:29,497| Mi NICHT geaendert! (ist und bleibt: 200)
GGT(234_1)@lab24.cpt.haw-hamburg.de 18.06 16:47:29,497| TTT Timer ist abgelaufen. Informiere meine linken Nachbarn ('238_1') ueber vote
GGT(234_1)@lab24.cpt.haw-hamburg.de 18.06 16:47:29,498| Send erhalten Y:100
GGT(234_1)@lab24.cpt.haw-hamburg.de 18.06 16:47:29,498| ALGO: ((200 -1) mod 100) +1     --    (TTW: 3 Sekunden)
GGT(234_1)@lab24.cpt.haw-hamburg.de 18.06 16:47:32,483| DISPATCHER: Leite Befehl {send,100} an meinen Worker weiter...
GGT(234_1)@lab24.cpt.haw-hamburg.de 18.06 16:47:32,499| informiere (brief_mi) Koordinator coordinator ueber neuen Mi:100
GGT(234_1)@lab24.cpt.haw-hamburg.de 18.06 16:47:32,499| Sende (send) Nachbarn '238_1' und '236_2' neuen Mi:100
GGT(234_1)@lab24.cpt.haw-hamburg.de 18.06 16:47:32,500| TTT Timer ist abgelaufen. Informiere meine linken Nachbarn ('238_1') ueber vote
GGT(234_1)@lab24.cpt.haw-hamburg.de 18.06 16:47:32,501| Send erhalten Y:100
GGT(234_1)@lab24.cpt.haw-hamburg.de 18.06 16:47:32,501| ALGO: ((100 -1) mod 100) +1     --    (TTW: 3 Sekunden)
GGT(234_1)@lab24.cpt.haw-hamburg.de 18.06 16:47:35,487| DISPATCHER: Leite Befehl {vote,'236_2'} an meinen Worker weiter...
GGT(234_1)@lab24.cpt.haw-hamburg.de 18.06 16:47:35,489| DISPATCHER: Leite Befehl {vote,'244_3'} an meinen Worker weiter...
GGT(234_1)@lab24.cpt.haw-hamburg.de 18.06 16:47:35,490| DISPATCHER: Leite Befehl {vote,'236_2'} an meinen Worker weiter...
GGT(234_1)@lab24.cpt.haw-hamburg.de 18.06 16:47:35,502| Mi NICHT geaendert! (ist und bleibt: 100)
GGT(234_1)@lab24.cpt.haw-hamburg.de 18.06 16:47:35,502| TTT Timer ist abgelaufen. Informiere meine linken Nachbarn ('238_1') ueber vote
GGT(234_1)@lab24.cpt.haw-hamburg.de 18.06 16:47:35,503| ### vote erhalten! Ich = '234_1'  Initiator = '236_2') ###
GGT(234_1)@lab24.cpt.haw-hamburg.de 18.06 16:47:35,503| implizit abgelehnt
GGT(234_1)@lab24.cpt.haw-hamburg.de 18.06 16:47:35,503| ### vote erhalten! Ich = '234_1'  Initiator = '244_3') ###
GGT(234_1)@lab24.cpt.haw-hamburg.de 18.06 16:47:35,503| implizit abgelehnt
GGT(234_1)@lab24.cpt.haw-hamburg.de 18.06 16:47:35,504| ### vote erhalten! Ich = '234_1'  Initiator = '236_2') ###
GGT(234_1)@lab24.cpt.haw-hamburg.de 18.06 16:47:35,504| Leite Anfrage (vote) an den Linken Nachbarn '238_1' weiter (implizites Zustimmen)
GGT(234_1)@lab24.cpt.haw-hamburg.de 18.06 16:47:35,504| TTT Timer ist abgelaufen. Informiere meine linken Nachbarn ('238_1') ueber vote
GGT(234_1)@lab24.cpt.haw-hamburg.de 18.06 16:47:38,491| DISPATCHER: Leite Befehl {vote,'236_2'} an meinen Worker weiter...
GGT(234_1)@lab24.cpt.haw-hamburg.de 18.06 16:47:38,492| ### vote erhalten! Ich = '234_1'  Initiator = '236_2') ###
GGT(234_1)@lab24.cpt.haw-hamburg.de 18.06 16:47:38,492| Leite Anfrage (vote) an den Linken Nachbarn '238_1' weiter (implizites Zustimmen)
GGT(234_1)@lab24.cpt.haw-hamburg.de 18.06 16:47:38,494| DISPATCHER: Leite Befehl {vote,'236_2'} an meinen Worker weiter...
GGT(234_1)@lab24.cpt.haw-hamburg.de 18.06 16:47:38,494| ### vote erhalten! Ich = '234_1'  Initiator = '236_2') ###
GGT(234_1)@lab24.cpt.haw-hamburg.de 18.06 16:47:38,494| Leite Anfrage (vote) an den Linken Nachbarn '238_1' weiter (implizites Zustimmen)
GGT(234_1)@lab24.cpt.haw-hamburg.de 18.06 16:47:41,496| DISPATCHER: Leite Befehl {vote,'236_2'} an meinen Worker weiter...
GGT(234_1)@lab24.cpt.haw-hamburg.de 18.06 16:47:41,496| ### vote erhalten! Ich = '234_1'  Initiator = '236_2') ###
GGT(234_1)@lab24.cpt.haw-hamburg.de 18.06 16:47:41,497| Leite Anfrage (vote) an den Linken Nachbarn '238_1' weiter (implizites Zustimmen)
GGT(234_1)@lab24.cpt.haw-hamburg.de 18.06 16:47:41,497| DISPATCHER: Leite Befehl {vote,'244_3'} an meinen Worker weiter...
GGT(234_1)@lab24.cpt.haw-hamburg.de 18.06 16:47:41,498| ### vote erhalten! Ich = '234_1'  Initiator = '244_3') ###
GGT(234_1)@lab24.cpt.haw-hamburg.de 18.06 16:47:41,498| Leite Anfrage (vote) an den Linken Nachbarn '238_1' weiter (implizites Zustimmen)
GGT(234_1)@lab24.cpt.haw-hamburg.de 18.06 16:47:41,498| DISPATCHER: Leite Befehl {vote,'218_2'} an meinen Worker weiter...
GGT(234_1)@lab24.cpt.haw-hamburg.de 18.06 16:47:41,499| ### vote erhalten! Ich = '234_1'  Initiator = '218_2') ###
GGT(234_1)@lab24.cpt.haw-hamburg.de 18.06 16:47:41,499| Leite Anfrage (vote) an den Linken Nachbarn '238_1' weiter (implizites Zustimmen)
GGT(234_1)@lab24.cpt.haw-hamburg.de 18.06 16:47:41,499| DISPATCHER: Leite Befehl {vote,'248_2'} an meinen Worker weiter...
GGT(234_1)@lab24.cpt.haw-hamburg.de 18.06 16:47:41,501| ### vote erhalten! Ich = '234_1'  Initiator = '248_2') ###
GGT(234_1)@lab24.cpt.haw-hamburg.de 18.06 16:47:41,501| Leite Anfrage (vote) an den Linken Nachbarn '238_1' weiter (implizites Zustimmen)
GGT(234_1)@lab24.cpt.haw-hamburg.de 18.06 16:47:41,501| DISPATCHER: Leite Befehl {vote,'244_3'} an meinen Worker weiter...
GGT(234_1)@lab24.cpt.haw-hamburg.de 18.06 16:47:41,502| ### vote erhalten! Ich = '234_1'  Initiator = '244_3') ###
GGT(234_1)@lab24.cpt.haw-hamburg.de 18.06 16:47:41,502| Leite Anfrage (vote) an den Linken Nachbarn '238_1' weiter (implizites Zustimmen)
GGT(234_1)@lab24.cpt.haw-hamburg.de 18.06 16:47:50,496| DISPATCHER: Leite Befehl {vote,'236_2'} an meinen Worker weiter...
GGT(234_1)@lab24.cpt.haw-hamburg.de 18.06 16:47:50,496| ### vote erhalten! Ich = '234_1'  Initiator = '236_2') ###
GGT(234_1)@lab24.cpt.haw-hamburg.de 18.06 16:47:50,496| Leite Anfrage (vote) an den Linken Nachbarn '238_1' weiter (implizites Zustimmen)
GGT(234_1)@lab24.cpt.haw-hamburg.de 18.06 16:47:50,500| DISPATCHER: Leite Befehl {vote,'248_2'} an meinen Worker weiter...
GGT(234_1)@lab24.cpt.haw-hamburg.de 18.06 16:47:50,500| ### vote erhalten! Ich = '234_1'  Initiator = '248_2') ###
GGT(234_1)@lab24.cpt.haw-hamburg.de 18.06 16:47:50,500| Leite Anfrage (vote) an den Linken Nachbarn '238_1' weiter (implizites Zustimmen)
GGT(234_1)@lab24.cpt.haw-hamburg.de 18.06 16:47:50,501| DISPATCHER: Leite Befehl {vote,'248_2'} an meinen Worker weiter...
GGT(234_1)@lab24.cpt.haw-hamburg.de 18.06 16:47:50,501| ### vote erhalten! Ich = '234_1'  Initiator = '248_2') ###
GGT(234_1)@lab24.cpt.haw-hamburg.de 18.06 16:47:50,502| Leite Anfrage (vote) an den Linken Nachbarn '238_1' weiter (implizites Zustimmen)
GGT(234_1)@lab24.cpt.haw-hamburg.de 18.06 16:47:50,502| DISPATCHER: Leite Befehl {vote,'248_2'} an meinen Worker weiter...
GGT(234_1)@lab24.cpt.haw-hamburg.de 18.06 16:47:50,503| ### vote erhalten! Ich = '234_1'  Initiator = '248_2') ###
GGT(234_1)@lab24.cpt.haw-hamburg.de 18.06 16:47:50,503| Leite Anfrage (vote) an den Linken Nachbarn '238_1' weiter (implizites Zustimmen)
GGT(234_1)@lab24.cpt.haw-hamburg.de 18.06 16:47:50,503| DISPATCHER: Leite Befehl {vote,'213_3'} an meinen Worker weiter...
GGT(234_1)@lab24.cpt.haw-hamburg.de 18.06 16:47:50,504| ### vote erhalten! Ich = '234_1'  Initiator = '213_3') ###
GGT(234_1)@lab24.cpt.haw-hamburg.de 18.06 16:47:50,504| Leite Anfrage (vote) an den Linken Nachbarn '238_1' weiter (implizites Zustimmen)
GGT(234_1)@lab24.cpt.haw-hamburg.de 18.06 16:47:50,504| DISPATCHER: Leite Befehl {vote,'244_3'} an meinen Worker weiter...
GGT(234_1)@lab24.cpt.haw-hamburg.de 18.06 16:47:50,505| ### vote erhalten! Ich = '234_1'  Initiator = '244_3') ###
GGT(234_1)@lab24.cpt.haw-hamburg.de 18.06 16:47:50,505| Leite Anfrage (vote) an den Linken Nachbarn '238_1' weiter (implizites Zustimmen)
GGT(234_1)@lab24.cpt.haw-hamburg.de 18.06 16:47:50,505| DISPATCHER: Leite Befehl {vote,'214_2'} an meinen Worker weiter...
GGT(234_1)@lab24.cpt.haw-hamburg.de 18.06 16:47:50,506| ### vote erhalten! Ich = '234_1'  Initiator = '214_2') ###
GGT(234_1)@lab24.cpt.haw-hamburg.de 18.06 16:47:50,506| Leite Anfrage (vote) an den Linken Nachbarn '238_1' weiter (implizites Zustimmen)
GGT(234_1)@lab24.cpt.haw-hamburg.de 18.06 16:47:50,506| DISPATCHER: Leite Befehl {vote,'248_2'} an meinen Worker weiter...
GGT(234_1)@lab24.cpt.haw-hamburg.de 18.06 16:47:50,508| DISPATCHER: Leite Befehl {vote,'248_2'} an meinen Worker weiter...
GGT(234_1)@lab24.cpt.haw-hamburg.de 18.06 16:47:50,508| ### vote erhalten! Ich = '234_1'  Initiator = '248_2') ###
GGT(234_1)@lab24.cpt.haw-hamburg.de 18.06 16:47:50,508| Leite Anfrage (vote) an den Linken Nachbarn '238_1' weiter (implizites Zustimmen)
GGT(234_1)@lab24.cpt.haw-hamburg.de 18.06 16:47:50,509| DISPATCHER: Leite Befehl {vote,'218_2'} an meinen Worker weiter...
GGT(234_1)@lab24.cpt.haw-hamburg.de 18.06 16:47:50,509| ### vote erhalten! Ich = '234_1'  Initiator = '248_2') ###
GGT(234_1)@lab24.cpt.haw-hamburg.de 18.06 16:47:50,509| Leite Anfrage (vote) an den Linken Nachbarn '238_1' weiter (implizites Zustimmen)
GGT(234_1)@lab24.cpt.haw-hamburg.de 18.06 16:47:50,510| DISPATCHER: Leite Befehl {vote,'244_3'} an meinen Worker weiter...
GGT(234_1)@lab24.cpt.haw-hamburg.de 18.06 16:47:50,510| ### vote erhalten! Ich = '234_1'  Initiator = '218_2') ###
GGT(234_1)@lab24.cpt.haw-hamburg.de 18.06 16:47:50,510| Leite Anfrage (vote) an den Linken Nachbarn '238_1' weiter (implizites Zustimmen)
GGT(234_1)@lab24.cpt.haw-hamburg.de 18.06 16:47:50,511| DISPATCHER: Leite Befehl {vote,'214_2'} an meinen Worker weiter...
GGT(234_1)@lab24.cpt.haw-hamburg.de 18.06 16:47:50,512| ### vote erhalten! Ich = '234_1'  Initiator = '244_3') ###
GGT(234_1)@lab24.cpt.haw-hamburg.de 18.06 16:47:50,512| Leite Anfrage (vote) an den Linken Nachbarn '238_1' weiter (implizites Zustimmen)
GGT(234_1)@lab24.cpt.haw-hamburg.de 18.06 16:47:50,512| DISPATCHER: Leite Befehl {vote,'237_1'} an meinen Worker weiter...
GGT(234_1)@lab24.cpt.haw-hamburg.de 18.06 16:47:50,513| ### vote erhalten! Ich = '234_1'  Initiator = '214_2') ###
GGT(234_1)@lab24.cpt.haw-hamburg.de 18.06 16:47:50,513| Leite Anfrage (vote) an den Linken Nachbarn '238_1' weiter (implizites Zustimmen)
GGT(234_1)@lab24.cpt.haw-hamburg.de 18.06 16:47:50,513| DISPATCHER: Leite Befehl {vote,'244_3'} an meinen Worker weiter...
GGT(234_1)@lab24.cpt.haw-hamburg.de 18.06 16:47:50,514| ### vote erhalten! Ich = '234_1'  Initiator = '237_1') ###
GGT(234_1)@lab24.cpt.haw-hamburg.de 18.06 16:47:50,514| Leite Anfrage (vote) an den Linken Nachbarn '238_1' weiter (implizites Zustimmen)
GGT(234_1)@lab24.cpt.haw-hamburg.de 18.06 16:47:50,515| DISPATCHER: Leite Befehl {vote,'244_2'} an meinen Worker weiter...
GGT(234_1)@lab24.cpt.haw-hamburg.de 18.06 16:47:50,515| ### vote erhalten! Ich = '234_1'  Initiator = '244_3') ###
GGT(234_1)@lab24.cpt.haw-hamburg.de 18.06 16:47:50,515| Leite Anfrage (vote) an den Linken Nachbarn '238_1' weiter (implizites Zustimmen)
GGT(234_1)@lab24.cpt.haw-hamburg.de 18.06 16:47:50,516| DISPATCHER: Leite Befehl {vote,'244_3'} an meinen Worker weiter...
GGT(234_1)@lab24.cpt.haw-hamburg.de 18.06 16:47:50,516| ### vote erhalten! Ich = '234_1'  Initiator = '244_2') ###
GGT(234_1)@lab24.cpt.haw-hamburg.de 18.06 16:47:50,516| Leite Anfrage (vote) an den Linken Nachbarn '238_1' weiter (implizites Zustimmen)
GGT(234_1)@lab24.cpt.haw-hamburg.de 18.06 16:47:50,518| DISPATCHER: Leite Befehl {vote,'244_3'} an meinen Worker weiter...
GGT(234_1)@lab24.cpt.haw-hamburg.de 18.06 16:47:50,518| ### vote erhalten! Ich = '234_1'  Initiator = '244_3') ###
GGT(234_1)@lab24.cpt.haw-hamburg.de 18.06 16:47:50,518| Leite Anfrage (vote) an den Linken Nachbarn '238_1' weiter (implizites Zustimmen)
GGT(234_1)@lab24.cpt.haw-hamburg.de 18.06 16:47:50,519| DISPATCHER: Leite Befehl {vote,'244_2'} an meinen Worker weiter...
GGT(234_1)@lab24.cpt.haw-hamburg.de 18.06 16:47:50,520| ### vote erhalten! Ich = '234_1'  Initiator = '244_3') ###
GGT(234_1)@lab24.cpt.haw-hamburg.de 18.06 16:47:50,520| Leite Anfrage (vote) an den Linken Nachbarn '238_1' weiter (implizites Zustimmen)
GGT(234_1)@lab24.cpt.haw-hamburg.de 18.06 16:47:50,521| DISPATCHER: Leite Befehl {vote,'216_3'} an meinen Worker weiter...
GGT(234_1)@lab24.cpt.haw-hamburg.de 18.06 16:47:50,522| ### vote erhalten! Ich = '234_1'  Initiator = '244_2') ###
GGT(234_1)@lab24.cpt.haw-hamburg.de 18.06 16:47:50,522| Leite Anfrage (vote) an den Linken Nachbarn '238_1' weiter (implizites Zustimmen)
GGT(234_1)@lab24.cpt.haw-hamburg.de 18.06 16:47:50,522| DISPATCHER: Leite Befehl {vote,'215_4'} an meinen Worker weiter...
GGT(234_1)@lab24.cpt.haw-hamburg.de 18.06 16:47:50,523| ### vote erhalten! Ich = '234_1'  Initiator = '216_3') ###
GGT(234_1)@lab24.cpt.haw-hamburg.de 18.06 16:47:50,523| Leite Anfrage (vote) an den Linken Nachbarn '238_1' weiter (implizites Zustimmen)
GGT(234_1)@lab24.cpt.haw-hamburg.de 18.06 16:47:50,523| DISPATCHER: Leite Befehl {vote,'245_4'} an meinen Worker weiter...
GGT(234_1)@lab24.cpt.haw-hamburg.de 18.06 16:47:50,524| ### vote erhalten! Ich = '234_1'  Initiator = '215_4') ###
GGT(234_1)@lab24.cpt.haw-hamburg.de 18.06 16:47:50,524| Leite Anfrage (vote) an den Linken Nachbarn '238_1' weiter (implizites Zustimmen)
GGT(234_1)@lab24.cpt.haw-hamburg.de 18.06 16:47:50,525| DISPATCHER: Leite Befehl {vote,'215_4'} an meinen Worker weiter...
GGT(234_1)@lab24.cpt.haw-hamburg.de 18.06 16:47:50,525| ### vote erhalten! Ich = '234_1'  Initiator = '245_4') ###
GGT(234_1)@lab24.cpt.haw-hamburg.de 18.06 16:47:50,525| Leite Anfrage (vote) an den Linken Nachbarn '238_1' weiter (implizites Zustimmen)
GGT(234_1)@lab24.cpt.haw-hamburg.de 18.06 16:47:50,526| DISPATCHER: Leite Befehl {vote,'245_4'} an meinen Worker weiter...
GGT(234_1)@lab24.cpt.haw-hamburg.de 18.06 16:47:50,526| ### vote erhalten! Ich = '234_1'  Initiator = '215_4') ###
GGT(234_1)@lab24.cpt.haw-hamburg.de 18.06 16:47:50,527| Leite Anfrage (vote) an den Linken Nachbarn '238_1' weiter (implizites Zustimmen)
GGT(234_1)@lab24.cpt.haw-hamburg.de 18.06 16:47:50,527| DISPATCHER: Leite Befehl {vote,'244_3'} an meinen Worker weiter...
GGT(234_1)@lab24.cpt.haw-hamburg.de 18.06 16:47:50,528| ### vote erhalten! Ich = '234_1'  Initiator = '245_4') ###
GGT(234_1)@lab24.cpt.haw-hamburg.de 18.06 16:47:50,528| Leite Anfrage (vote) an den Linken Nachbarn '238_1' weiter (implizites Zustimmen)
GGT(234_1)@lab24.cpt.haw-hamburg.de 18.06 16:47:50,528| DISPATCHER: Leite Befehl {vote,'248_2'} an meinen Worker weiter...
GGT(234_1)@lab24.cpt.haw-hamburg.de 18.06 16:47:50,529| ### vote erhalten! Ich = '234_1'  Initiator = '244_3') ###
GGT(234_1)@lab24.cpt.haw-hamburg.de 18.06 16:47:50,529| Leite Anfrage (vote) an den Linken Nachbarn '238_1' weiter (implizites Zustimmen)
GGT(234_1)@lab24.cpt.haw-hamburg.de 18.06 16:47:50,530| ### vote erhalten! Ich = '234_1'  Initiator = '248_2') ###
GGT(234_1)@lab24.cpt.haw-hamburg.de 18.06 16:47:50,530| Leite Anfrage (vote) an den Linken Nachbarn '238_1' weiter (implizites Zustimmen)
GGT(234_1)@lab24.cpt.haw-hamburg.de 18.06 16:47:53,497| DISPATCHER: Leite Befehl {vote,'248_2'} an meinen Worker weiter...
GGT(234_1)@lab24.cpt.haw-hamburg.de 18.06 16:47:53,497| ### vote erhalten! Ich = '234_1'  Initiator = '248_2') ###
GGT(234_1)@lab24.cpt.haw-hamburg.de 18.06 16:47:53,497| Leite Anfrage (vote) an den Linken Nachbarn '238_1' weiter (implizites Zustimmen)
GGT(234_1)@lab24.cpt.haw-hamburg.de 18.06 16:47:53,500| DISPATCHER: Leite Befehl {vote,'244_3'} an meinen Worker weiter...
GGT(234_1)@lab24.cpt.haw-hamburg.de 18.06 16:47:53,501| ### vote erhalten! Ich = '234_1'  Initiator = '244_3') ###
GGT(234_1)@lab24.cpt.haw-hamburg.de 18.06 16:47:53,501| Leite Anfrage (vote) an den Linken Nachbarn '238_1' weiter (implizites Zustimmen)
GGT(234_1)@lab24.cpt.haw-hamburg.de 18.06 16:47:56,497| DISPATCHER: Leite Befehl {vote,'248_1'} an meinen Worker weiter...
GGT(234_1)@lab24.cpt.haw-hamburg.de 18.06 16:47:56,497| ### vote erhalten! Ich = '234_1'  Initiator = '248_1') ###
GGT(234_1)@lab24.cpt.haw-hamburg.de 18.06 16:47:56,497| Leite Anfrage (vote) an den Linken Nachbarn '238_1' weiter (implizites Zustimmen)
GGT(234_1)@lab24.cpt.haw-hamburg.de 18.06 16:47:56,498| DISPATCHER: Leite Befehl {vote,'245_4'} an meinen Worker weiter...
GGT(234_1)@lab24.cpt.haw-hamburg.de 18.06 16:47:56,499| ### vote erhalten! Ich = '234_1'  Initiator = '245_4') ###
GGT(234_1)@lab24.cpt.haw-hamburg.de 18.06 16:47:56,499| Leite Anfrage (vote) an den Linken Nachbarn '238_1' weiter (implizites Zustimmen)
GGT(234_1)@lab24.cpt.haw-hamburg.de 18.06 16:47:59,497| DISPATCHER: Leite Befehl {vote,'245_4'} an meinen Worker weiter...
GGT(234_1)@lab24.cpt.haw-hamburg.de 18.06 16:47:59,497| ### vote erhalten! Ich = '234_1'  Initiator = '245_4') ###
GGT(234_1)@lab24.cpt.haw-hamburg.de 18.06 16:47:59,497| Leite Anfrage (vote) an den Linken Nachbarn '238_1' weiter (implizites Zustimmen)
GGT(234_1)@lab24.cpt.haw-hamburg.de 18.06 16:47:59,502| DISPATCHER: Leite Befehl {vote,'248_1'} an meinen Worker weiter...
GGT(234_1)@lab24.cpt.haw-hamburg.de 18.06 16:47:59,503| ### vote erhalten! Ich = '234_1'  Initiator = '248_1') ###
GGT(234_1)@lab24.cpt.haw-hamburg.de 18.06 16:47:59,503| Leite Anfrage (vote) an den Linken Nachbarn '238_1' weiter (implizites Zustimmen)
GGT(234_1)@lab24.cpt.haw-hamburg.de 18.06 16:47:59,503| DISPATCHER: Leite Befehl {vote,'248_1'} an meinen Worker weiter...
GGT(234_1)@lab24.cpt.haw-hamburg.de 18.06 16:47:59,504| ### vote erhalten! Ich = '234_1'  Initiator = '248_1') ###
GGT(234_1)@lab24.cpt.haw-hamburg.de 18.06 16:47:59,504| Leite Anfrage (vote) an den Linken Nachbarn '238_1' weiter (implizites Zustimmen)
GGT(234_1)@lab24.cpt.haw-hamburg.de 18.06 16:47:59,504| DISPATCHER: Leite Befehl {vote,'249_2'} an meinen Worker weiter...
GGT(234_1)@lab24.cpt.haw-hamburg.de 18.06 16:47:59,505| ### vote erhalten! Ich = '234_1'  Initiator = '249_2') ###
GGT(234_1)@lab24.cpt.haw-hamburg.de 18.06 16:47:59,505| Leite Anfrage (vote) an den Linken Nachbarn '238_1' weiter (implizites Zustimmen)
GGT(234_1)@lab24.cpt.haw-hamburg.de 18.06 16:47:59,506| DISPATCHER: Leite Befehl {vote,'249_2'} an meinen Worker weiter...
GGT(234_1)@lab24.cpt.haw-hamburg.de 18.06 16:47:59,506| ### vote erhalten! Ich = '234_1'  Initiator = '249_2') ###
GGT(234_1)@lab24.cpt.haw-hamburg.de 18.06 16:47:59,506| Leite Anfrage (vote) an den Linken Nachbarn '238_1' weiter (implizites Zustimmen)
GGT(234_1)@lab24.cpt.haw-hamburg.de 18.06 16:48:02,501| DISPATCHER: Leite Befehl {vote,'248_1'} an meinen Worker weiter...
GGT(234_1)@lab24.cpt.haw-hamburg.de 18.06 16:48:02,501| ### vote erhalten! Ich = '234_1'  Initiator = '248_1') ###
GGT(234_1)@lab24.cpt.haw-hamburg.de 18.06 16:48:02,501| Leite Anfrage (vote) an den Linken Nachbarn '238_1' weiter (implizites Zustimmen)
GGT(234_1)@lab24.cpt.haw-hamburg.de 18.06 16:48:02,502| DISPATCHER: Leite Befehl {vote,'249_2'} an meinen Worker weiter...
GGT(234_1)@lab24.cpt.haw-hamburg.de 18.06 16:48:02,503| ### vote erhalten! Ich = '234_1'  Initiator = '249_2') ###
GGT(234_1)@lab24.cpt.haw-hamburg.de 18.06 16:48:02,503| Leite Anfrage (vote) an den Linken Nachbarn '238_1' weiter (implizites Zustimmen)
GGT(234_1)@lab24.cpt.haw-hamburg.de 18.06 16:48:02,504| DISPATCHER: Leite Befehl {vote,'215_3'} an meinen Worker weiter...
GGT(234_1)@lab24.cpt.haw-hamburg.de 18.06 16:48:02,504| ### vote erhalten! Ich = '234_1'  Initiator = '215_3') ###
GGT(234_1)@lab24.cpt.haw-hamburg.de 18.06 16:48:02,504| Leite Anfrage (vote) an den Linken Nachbarn '238_1' weiter (implizites Zustimmen)
GGT(234_1)@lab24.cpt.haw-hamburg.de 18.06 16:48:02,505| DISPATCHER: Leite Befehl {vote,'248_3'} an meinen Worker weiter...
GGT(234_1)@lab24.cpt.haw-hamburg.de 18.06 16:48:02,505| ### vote erhalten! Ich = '234_1'  Initiator = '248_3') ###
GGT(234_1)@lab24.cpt.haw-hamburg.de 18.06 16:48:02,505| Leite Anfrage (vote) an den Linken Nachbarn '238_1' weiter (implizites Zustimmen)
GGT(234_1)@lab24.cpt.haw-hamburg.de 18.06 16:48:02,506| DISPATCHER: Leite Befehl {vote,'248_3'} an meinen Worker weiter...
GGT(234_1)@lab24.cpt.haw-hamburg.de 18.06 16:48:02,506| ### vote erhalten! Ich = '234_1'  Initiator = '248_3') ###
GGT(234_1)@lab24.cpt.haw-hamburg.de 18.06 16:48:02,506| Leite Anfrage (vote) an den Linken Nachbarn '238_1' weiter (implizites Zustimmen)
GGT(234_1)@lab24.cpt.haw-hamburg.de 18.06 16:48:08,506| DISPATCHER: Leite Befehl {vote,'248_3'} an meinen Worker weiter...
GGT(234_1)@lab24.cpt.haw-hamburg.de 18.06 16:48:08,507| ### vote erhalten! Ich = '234_1'  Initiator = '248_3') ###
GGT(234_1)@lab24.cpt.haw-hamburg.de 18.06 16:48:08,507| Leite Anfrage (vote) an den Linken Nachbarn '238_1' weiter (implizites Zustimmen)
GGT(234_1)@lab24.cpt.haw-hamburg.de 18.06 16:48:08,507| DISPATCHER: Leite Befehl {vote,'239_1'} an meinen Worker weiter...
GGT(234_1)@lab24.cpt.haw-hamburg.de 18.06 16:48:08,508| ### vote erhalten! Ich = '234_1'  Initiator = '239_1') ###
GGT(234_1)@lab24.cpt.haw-hamburg.de 18.06 16:48:08,508| Leite Anfrage (vote) an den Linken Nachbarn '238_1' weiter (implizites Zustimmen)
GGT(234_1)@lab24.cpt.haw-hamburg.de 18.06 16:48:08,513| DISPATCHER: Leite Befehl {vote,'246_3'} an meinen Worker weiter...
GGT(234_1)@lab24.cpt.haw-hamburg.de 18.06 16:48:08,514| ### vote erhalten! Ich = '234_1'  Initiator = '246_3') ###
GGT(234_1)@lab24.cpt.haw-hamburg.de 18.06 16:48:08,514| Leite Anfrage (vote) an den Linken Nachbarn '238_1' weiter (implizites Zustimmen)
GGT(234_1)@lab24.cpt.haw-hamburg.de 18.06 16:48:08,514| DISPATCHER: Leite Befehl {vote,'242_3'} an meinen Worker weiter...
GGT(234_1)@lab24.cpt.haw-hamburg.de 18.06 16:48:08,514| ### vote erhalten! Ich = '234_1'  Initiator = '242_3') ###
GGT(234_1)@lab24.cpt.haw-hamburg.de 18.06 16:48:08,514| Leite Anfrage (vote) an den Linken Nachbarn '238_1' weiter (implizites Zustimmen)
GGT(234_1)@lab24.cpt.haw-hamburg.de 18.06 16:48:08,515| DISPATCHER: Leite Befehl {vote,'242_3'} an meinen Worker weiter...
GGT(234_1)@lab24.cpt.haw-hamburg.de 18.06 16:48:08,516| ### vote erhalten! Ich = '234_1'  Initiator = '242_3') ###
GGT(234_1)@lab24.cpt.haw-hamburg.de 18.06 16:48:08,516| Leite Anfrage (vote) an den Linken Nachbarn '238_1' weiter (implizites Zustimmen)
GGT(234_1)@lab24.cpt.haw-hamburg.de 18.06 16:48:08,517| DISPATCHER: Leite Befehl {vote,'239_1'} an meinen Worker weiter...
GGT(234_1)@lab24.cpt.haw-hamburg.de 18.06 16:48:08,517| ### vote erhalten! Ich = '234_1'  Initiator = '239_1') ###
GGT(234_1)@lab24.cpt.haw-hamburg.de 18.06 16:48:08,517| Leite Anfrage (vote) an den Linken Nachbarn '238_1' weiter (implizites Zustimmen)
GGT(234_1)@lab24.cpt.haw-hamburg.de 18.06 16:48:08,518| DISPATCHER: Leite Befehl {vote,'249_1'} an meinen Worker weiter...
GGT(234_1)@lab24.cpt.haw-hamburg.de 18.06 16:48:08,518| ### vote erhalten! Ich = '234_1'  Initiator = '249_1') ###
GGT(234_1)@lab24.cpt.haw-hamburg.de 18.06 16:48:08,518| Leite Anfrage (vote) an den Linken Nachbarn '238_1' weiter (implizites Zustimmen)
GGT(234_1)@lab24.cpt.haw-hamburg.de 18.06 16:48:08,519| DISPATCHER: Leite Befehl {vote,'242_3'} an meinen Worker weiter...
GGT(234_1)@lab24.cpt.haw-hamburg.de 18.06 16:48:08,520| ### vote erhalten! Ich = '234_1'  Initiator = '242_3') ###
GGT(234_1)@lab24.cpt.haw-hamburg.de 18.06 16:48:08,520| Leite Anfrage (vote) an den Linken Nachbarn '238_1' weiter (implizites Zustimmen)
GGT(234_1)@lab24.cpt.haw-hamburg.de 18.06 16:48:08,520| DISPATCHER: Leite Befehl {vote,'246_3'} an meinen Worker weiter...
GGT(234_1)@lab24.cpt.haw-hamburg.de 18.06 16:48:08,522| ### vote erhalten! Ich = '234_1'  Initiator = '246_3') ###
GGT(234_1)@lab24.cpt.haw-hamburg.de 18.06 16:48:08,522| Leite Anfrage (vote) an den Linken Nachbarn '238_1' weiter (implizites Zustimmen)
GGT(234_1)@lab24.cpt.haw-hamburg.de 18.06 16:48:08,523| DISPATCHER: Leite Befehl {vote,'2110_2'} an meinen Worker weiter...
GGT(234_1)@lab24.cpt.haw-hamburg.de 18.06 16:48:08,523| ### vote erhalten! Ich = '234_1'  Initiator = '2110_2') ###
GGT(234_1)@lab24.cpt.haw-hamburg.de 18.06 16:48:08,523| Leite Anfrage (vote) an den Linken Nachbarn '238_1' weiter (implizites Zustimmen)
GGT(234_1)@lab24.cpt.haw-hamburg.de 18.06 16:48:08,523| DISPATCHER: Leite Befehl {vote,'249_1'} an meinen Worker weiter...
GGT(234_1)@lab24.cpt.haw-hamburg.de 18.06 16:48:08,524| ### vote erhalten! Ich = '234_1'  Initiator = '249_1') ###
GGT(234_1)@lab24.cpt.haw-hamburg.de 18.06 16:48:08,524| Leite Anfrage (vote) an den Linken Nachbarn '238_1' weiter (implizites Zustimmen)
GGT(234_1)@lab24.cpt.haw-hamburg.de 18.06 16:48:08,526| DISPATCHER: Leite Befehl {vote,'246_3'} an meinen Worker weiter...
GGT(234_1)@lab24.cpt.haw-hamburg.de 18.06 16:48:08,527| ### vote erhalten! Ich = '234_1'  Initiator = '246_3') ###
GGT(234_1)@lab24.cpt.haw-hamburg.de 18.06 16:48:08,527| Leite Anfrage (vote) an den Linken Nachbarn '238_1' weiter (implizites Zustimmen)
GGT(234_1)@lab24.cpt.haw-hamburg.de 18.06 16:48:08,528| DISPATCHER: Leite Befehl {vote,'246_3'} an meinen Worker weiter...
GGT(234_1)@lab24.cpt.haw-hamburg.de 18.06 16:48:08,529| ### vote erhalten! Ich = '234_1'  Initiator = '246_3') ###
GGT(234_1)@lab24.cpt.haw-hamburg.de 18.06 16:48:08,530| Leite Anfrage (vote) an den Linken Nachbarn '238_1' weiter (implizites Zustimmen)
GGT(234_1)@lab24.cpt.haw-hamburg.de 18.06 16:48:08,530| DISPATCHER: Leite Befehl {vote,'246_3'} an meinen Worker weiter...
GGT(234_1)@lab24.cpt.haw-hamburg.de 18.06 16:48:08,531| ### vote erhalten! Ich = '234_1'  Initiator = '246_3') ###
GGT(234_1)@lab24.cpt.haw-hamburg.de 18.06 16:48:08,531| Leite Anfrage (vote) an den Linken Nachbarn '238_1' weiter (implizites Zustimmen)
GGT(234_1)@lab24.cpt.haw-hamburg.de 18.06 16:48:11,508| DISPATCHER: Leite Befehl {vote,'242_3'} an meinen Worker weiter...
GGT(234_1)@lab24.cpt.haw-hamburg.de 18.06 16:48:11,510| ### vote erhalten! Ich = '234_1'  Initiator = '242_3') ###
GGT(234_1)@lab24.cpt.haw-hamburg.de 18.06 16:48:11,510| Leite Anfrage (vote) an den Linken Nachbarn '238_1' weiter (implizites Zustimmen)
GGT(234_1)@lab24.cpt.haw-hamburg.de 18.06 16:48:11,511| DISPATCHER: Leite Befehl {vote,'2110_2'} an meinen Worker weiter...
GGT(234_1)@lab24.cpt.haw-hamburg.de 18.06 16:48:11,512| ### vote erhalten! Ich = '234_1'  Initiator = '2110_2') ###
GGT(234_1)@lab24.cpt.haw-hamburg.de 18.06 16:48:11,512| Leite Anfrage (vote) an den Linken Nachbarn '238_1' weiter (implizites Zustimmen)
GGT(234_1)@lab24.cpt.haw-hamburg.de 18.06 16:48:11,512| DISPATCHER: Leite Befehl {vote,'246_3'} an meinen Worker weiter...
GGT(234_1)@lab24.cpt.haw-hamburg.de 18.06 16:48:11,514| ### vote erhalten! Ich = '234_1'  Initiator = '246_3') ###
GGT(234_1)@lab24.cpt.haw-hamburg.de 18.06 16:48:11,514| Leite Anfrage (vote) an den Linken Nachbarn '238_1' weiter (implizites Zustimmen)
GGT(234_1)@lab24.cpt.haw-hamburg.de 18.06 16:48:11,514| DISPATCHER: Leite Befehl {vote,'249_1'} an meinen Worker weiter...
GGT(234_1)@lab24.cpt.haw-hamburg.de 18.06 16:48:11,516| ### vote erhalten! Ich = '234_1'  Initiator = '249_1') ###
GGT(234_1)@lab24.cpt.haw-hamburg.de 18.06 16:48:11,516| Leite Anfrage (vote) an den Linken Nachbarn '238_1' weiter (implizites Zustimmen)
GGT(234_1)@lab24.cpt.haw-hamburg.de 18.06 16:48:11,518| DISPATCHER: Leite Befehl {vote,'2410_4'} an meinen Worker weiter...
GGT(234_1)@lab24.cpt.haw-hamburg.de 18.06 16:48:11,519| ### vote erhalten! Ich = '234_1'  Initiator = '2410_4') ###
GGT(234_1)@lab24.cpt.haw-hamburg.de 18.06 16:48:11,519| Leite Anfrage (vote) an den Linken Nachbarn '238_1' weiter (implizites Zustimmen)
GGT(234_1)@lab24.cpt.haw-hamburg.de 18.06 16:48:11,519| DISPATCHER: Leite Befehl {vote,'216_2'} an meinen Worker weiter...
GGT(234_1)@lab24.cpt.haw-hamburg.de 18.06 16:48:11,521| ### vote erhalten! Ich = '234_1'  Initiator = '216_2') ###
GGT(234_1)@lab24.cpt.haw-hamburg.de 18.06 16:48:11,521| Leite Anfrage (vote) an den Linken Nachbarn '238_1' weiter (implizites Zustimmen)
GGT(234_1)@lab24.cpt.haw-hamburg.de 18.06 16:48:11,521| DISPATCHER: Leite Befehl {vote,'212_2'} an meinen Worker weiter...
GGT(234_1)@lab24.cpt.haw-hamburg.de 18.06 16:48:11,524| ### vote erhalten! Ich = '234_1'  Initiator = '212_2') ###
GGT(234_1)@lab24.cpt.haw-hamburg.de 18.06 16:48:11,524| Leite Anfrage (vote) an den Linken Nachbarn '238_1' weiter (implizites Zustimmen)
GGT(234_1)@lab24.cpt.haw-hamburg.de 18.06 16:48:11,524| DISPATCHER: Leite Befehl {vote,'2410_4'} an meinen Worker weiter...
GGT(234_1)@lab24.cpt.haw-hamburg.de 18.06 16:48:11,525| ### vote erhalten! Ich = '234_1'  Initiator = '2410_4') ###
GGT(234_1)@lab24.cpt.haw-hamburg.de 18.06 16:48:11,525| Leite Anfrage (vote) an den Linken Nachbarn '238_1' weiter (implizites Zustimmen)
GGT(234_1)@lab24.cpt.haw-hamburg.de 18.06 16:48:11,526| DISPATCHER: Leite Befehl {vote,'249_1'} an meinen Worker weiter...
GGT(234_1)@lab24.cpt.haw-hamburg.de 18.06 16:48:11,528| ### vote erhalten! Ich = '234_1'  Initiator = '249_1') ###
GGT(234_1)@lab24.cpt.haw-hamburg.de 18.06 16:48:11,528| Leite Anfrage (vote) an den Linken Nachbarn '238_1' weiter (implizites Zustimmen)
GGT(234_1)@lab24.cpt.haw-hamburg.de 18.06 16:48:11,529| DISPATCHER: Leite Befehl {vote,'242_4'} an meinen Worker weiter...
GGT(234_1)@lab24.cpt.haw-hamburg.de 18.06 16:48:11,531| ### vote erhalten! Ich = '234_1'  Initiator = '242_4') ###
GGT(234_1)@lab24.cpt.haw-hamburg.de 18.06 16:48:11,531| Leite Anfrage (vote) an den Linken Nachbarn '238_1' weiter (implizites Zustimmen)
GGT(234_1)@lab24.cpt.haw-hamburg.de 18.06 16:48:11,532| DISPATCHER: Leite Befehl {vote,'241_3'} an meinen Worker weiter...
GGT(234_1)@lab24.cpt.haw-hamburg.de 18.06 16:48:11,533| ### vote erhalten! Ich = '234_1'  Initiator = '241_3') ###
GGT(234_1)@lab24.cpt.haw-hamburg.de 18.06 16:48:11,533| Leite Anfrage (vote) an den Linken Nachbarn '238_1' weiter (implizites Zustimmen)
GGT(234_1)@lab24.cpt.haw-hamburg.de 18.06 16:48:11,536| DISPATCHER: Leite Befehl {vote,'219_1'} an meinen Worker weiter...
GGT(234_1)@lab24.cpt.haw-hamburg.de 18.06 16:48:11,538| ### vote erhalten! Ich = '234_1'  Initiator = '219_1') ###
GGT(234_1)@lab24.cpt.haw-hamburg.de 18.06 16:48:11,538| Leite Anfrage (vote) an den Linken Nachbarn '238_1' weiter (implizites Zustimmen)
GGT(234_1)@lab24.cpt.haw-hamburg.de 18.06 16:48:11,538| DISPATCHER: Leite Befehl {vote,'242_4'} an meinen Worker weiter...
GGT(234_1)@lab24.cpt.haw-hamburg.de 18.06 16:48:11,539| ### vote erhalten! Ich = '234_1'  Initiator = '242_4') ###
GGT(234_1)@lab24.cpt.haw-hamburg.de 18.06 16:48:11,539| Leite Anfrage (vote) an den Linken Nachbarn '238_1' weiter (implizites Zustimmen)
GGT(234_1)@lab24.cpt.haw-hamburg.de 18.06 16:48:11,542| DISPATCHER: Leite Befehl {vote,'212_3'} an meinen Worker weiter...
GGT(234_1)@lab24.cpt.haw-hamburg.de 18.06 16:48:11,543| ### vote erhalten! Ich = '234_1'  Initiator = '212_3') ###
GGT(234_1)@lab24.cpt.haw-hamburg.de 18.06 16:48:11,543| Leite Anfrage (vote) an den Linken Nachbarn '238_1' weiter (implizites Zustimmen)
GGT(234_1)@lab24.cpt.haw-hamburg.de 18.06 16:48:11,544| DISPATCHER: Leite Befehl {vote,'245_2'} an meinen Worker weiter...
GGT(234_1)@lab24.cpt.haw-hamburg.de 18.06 16:48:11,547| ### vote erhalten! Ich = '234_1'  Initiator = '245_2') ###
GGT(234_1)@lab24.cpt.haw-hamburg.de 18.06 16:48:11,547| Leite Anfrage (vote) an den Linken Nachbarn '238_1' weiter (implizites Zustimmen)
GGT(234_1)@lab24.cpt.haw-hamburg.de 18.06 16:48:11,547| DISPATCHER: Leite Befehl {vote,'2410_4'} an meinen Worker weiter...
GGT(234_1)@lab24.cpt.haw-hamburg.de 18.06 16:48:11,549| ### vote erhalten! Ich = '234_1'  Initiator = '2410_4') ###
GGT(234_1)@lab24.cpt.haw-hamburg.de 18.06 16:48:11,549| Leite Anfrage (vote) an den Linken Nachbarn '238_1' weiter (implizites Zustimmen)
GGT(234_1)@lab24.cpt.haw-hamburg.de 18.06 16:48:11,550| DISPATCHER: Leite Befehl {vote,'241_3'} an meinen Worker weiter...
GGT(234_1)@lab24.cpt.haw-hamburg.de 18.06 16:48:11,551| ### vote erhalten! Ich = '234_1'  Initiator = '241_3') ###
GGT(234_1)@lab24.cpt.haw-hamburg.de 18.06 16:48:11,551| Leite Anfrage (vote) an den Linken Nachbarn '238_1' weiter (implizites Zustimmen)
GGT(234_1)@lab24.cpt.haw-hamburg.de 18.06 16:48:11,554| DISPATCHER: Leite Befehl {vote,'241_3'} an meinen Worker weiter...
GGT(234_1)@lab24.cpt.haw-hamburg.de 18.06 16:48:11,555| ### vote erhalten! Ich = '234_1'  Initiator = '241_3') ###
GGT(234_1)@lab24.cpt.haw-hamburg.de 18.06 16:48:11,555| Leite Anfrage (vote) an den Linken Nachbarn '238_1' weiter (implizites Zustimmen)
GGT(234_1)@lab24.cpt.haw-hamburg.de 18.06 16:48:11,556| DISPATCHER: Leite Befehl {vote,'219_1'} an meinen Worker weiter...
GGT(234_1)@lab24.cpt.haw-hamburg.de 18.06 16:48:11,557| ### vote erhalten! Ich = '234_1'  Initiator = '219_1') ###
GGT(234_1)@lab24.cpt.haw-hamburg.de 18.06 16:48:11,558| Leite Anfrage (vote) an den Linken Nachbarn '238_1' weiter (implizites Zustimmen)
GGT(234_1)@lab24.cpt.haw-hamburg.de 18.06 16:48:11,558| DISPATCHER: Leite Befehl {vote,'247_3'} an meinen Worker weiter...
GGT(234_1)@lab24.cpt.haw-hamburg.de 18.06 16:48:11,560| DISPATCHER: Leite Befehl {vote,'245_1'} an meinen Worker weiter...
GGT(234_1)@lab24.cpt.haw-hamburg.de 18.06 16:48:11,560| ### vote erhalten! Ich = '234_1'  Initiator = '247_3') ###
GGT(234_1)@lab24.cpt.haw-hamburg.de 18.06 16:48:11,560| Leite Anfrage (vote) an den Linken Nachbarn '238_1' weiter (implizites Zustimmen)
GGT(234_1)@lab24.cpt.haw-hamburg.de 18.06 16:48:11,562| ### vote erhalten! Ich = '234_1'  Initiator = '245_1') ###
GGT(234_1)@lab24.cpt.haw-hamburg.de 18.06 16:48:11,562| Leite Anfrage (vote) an den Linken Nachbarn '238_1' weiter (implizites Zustimmen)
GGT(234_1)@lab24.cpt.haw-hamburg.de 18.06 16:48:11,562| DISPATCHER: Leite Befehl {vote,'241_3'} an meinen Worker weiter...
GGT(234_1)@lab24.cpt.haw-hamburg.de 18.06 16:48:11,565| ### vote erhalten! Ich = '234_1'  Initiator = '241_3') ###
GGT(234_1)@lab24.cpt.haw-hamburg.de 18.06 16:48:11,565| Leite Anfrage (vote) an den Linken Nachbarn '238_1' weiter (implizites Zustimmen)
GGT(234_1)@lab24.cpt.haw-hamburg.de 18.06 16:48:11,565| DISPATCHER: Leite Befehl {vote,'245_1'} an meinen Worker weiter...
GGT(234_1)@lab24.cpt.haw-hamburg.de 18.06 16:48:11,566| ### vote erhalten! Ich = '234_1'  Initiator = '245_1') ###
GGT(234_1)@lab24.cpt.haw-hamburg.de 18.06 16:48:11,567| Leite Anfrage (vote) an den Linken Nachbarn '238_1' weiter (implizites Zustimmen)
GGT(234_1)@lab24.cpt.haw-hamburg.de 18.06 16:48:11,569| DISPATCHER: Leite Befehl {vote,'247_3'} an meinen Worker weiter...
GGT(234_1)@lab24.cpt.haw-hamburg.de 18.06 16:48:11,570| ### vote erhalten! Ich = '234_1'  Initiator = '247_3') ###
GGT(234_1)@lab24.cpt.haw-hamburg.de 18.06 16:48:11,570| Leite Anfrage (vote) an den Linken Nachbarn '238_1' weiter (implizites Zustimmen)
GGT(234_1)@lab24.cpt.haw-hamburg.de 18.06 16:48:11,572| DISPATCHER: Leite Befehl {vote,'243_4'} an meinen Worker weiter...
GGT(234_1)@lab24.cpt.haw-hamburg.de 18.06 16:48:11,572| ### vote erhalten! Ich = '234_1'  Initiator = '243_4') ###
GGT(234_1)@lab24.cpt.haw-hamburg.de 18.06 16:48:11,572| Leite Anfrage (vote) an den Linken Nachbarn '238_1' weiter (implizites Zustimmen)
GGT(234_1)@lab24.cpt.haw-hamburg.de 18.06 16:48:11,574| DISPATCHER: Leite Befehl {vote,'219_4'} an meinen Worker weiter...
GGT(234_1)@lab24.cpt.haw-hamburg.de 18.06 16:48:11,575| ### vote erhalten! Ich = '234_1'  Initiator = '219_4') ###
GGT(234_1)@lab24.cpt.haw-hamburg.de 18.06 16:48:11,575| Leite Anfrage (vote) an den Linken Nachbarn '238_1' weiter (implizites Zustimmen)
GGT(234_1)@lab24.cpt.haw-hamburg.de 18.06 16:48:11,575| DISPATCHER: Leite Befehl {vote,'243_4'} an meinen Worker weiter...
GGT(234_1)@lab24.cpt.haw-hamburg.de 18.06 16:48:11,576| ### vote erhalten! Ich = '234_1'  Initiator = '243_4') ###
GGT(234_1)@lab24.cpt.haw-hamburg.de 18.06 16:48:11,576| Leite Anfrage (vote) an den Linken Nachbarn '238_1' weiter (implizites Zustimmen)
GGT(234_1)@lab24.cpt.haw-hamburg.de 18.06 16:48:11,578| DISPATCHER: Leite Befehl {vote,'247_3'} an meinen Worker weiter...
GGT(234_1)@lab24.cpt.haw-hamburg.de 18.06 16:48:11,579| ### vote erhalten! Ich = '234_1'  Initiator = '247_3') ###
GGT(234_1)@lab24.cpt.haw-hamburg.de 18.06 16:48:11,579| Leite Anfrage (vote) an den Linken Nachbarn '238_1' weiter (implizites Zustimmen)
GGT(234_1)@lab24.cpt.haw-hamburg.de 18.06 16:48:11,580| DISPATCHER: Leite Befehl {vote,'241_3'} an meinen Worker weiter...
GGT(234_1)@lab24.cpt.haw-hamburg.de 18.06 16:48:11,582| ### vote erhalten! Ich = '234_1'  Initiator = '241_3') ###
GGT(234_1)@lab24.cpt.haw-hamburg.de 18.06 16:48:11,582| Leite Anfrage (vote) an den Linken Nachbarn '238_1' weiter (implizites Zustimmen)
GGT(234_1)@lab24.cpt.haw-hamburg.de 18.06 16:48:11,584| DISPATCHER: Leite Befehl {vote,'242_4'} an meinen Worker weiter...
GGT(234_1)@lab24.cpt.haw-hamburg.de 18.06 16:48:11,585| ### vote erhalten! Ich = '234_1'  Initiator = '242_4') ###
GGT(234_1)@lab24.cpt.haw-hamburg.de 18.06 16:48:11,585| Leite Anfrage (vote) an den Linken Nachbarn '238_1' weiter (implizites Zustimmen)
GGT(234_1)@lab24.cpt.haw-hamburg.de 18.06 16:48:11,585| DISPATCHER: Leite Befehl {vote,'241_4'} an meinen Worker weiter...
GGT(234_1)@lab24.cpt.haw-hamburg.de 18.06 16:48:11,587| ### vote erhalten! Ich = '234_1'  Initiator = '241_4') ###
GGT(234_1)@lab24.cpt.haw-hamburg.de 18.06 16:48:11,587| Leite Anfrage (vote) an den Linken Nachbarn '238_1' weiter (implizites Zustimmen)
GGT(234_1)@lab24.cpt.haw-hamburg.de 18.06 16:48:11,587| DISPATCHER: Leite Befehl {vote,'241_4'} an meinen Worker weiter...
GGT(234_1)@lab24.cpt.haw-hamburg.de 18.06 16:48:11,589| ### vote erhalten! Ich = '234_1'  Initiator = '241_4') ###
GGT(234_1)@lab24.cpt.haw-hamburg.de 18.06 16:48:11,589| Leite Anfrage (vote) an den Linken Nachbarn '238_1' weiter (implizites Zustimmen)
GGT(234_1)@lab24.cpt.haw-hamburg.de 18.06 16:48:11,590| DISPATCHER: Leite Befehl {vote,'242_4'} an meinen Worker weiter...
GGT(234_1)@lab24.cpt.haw-hamburg.de 18.06 16:48:11,590| ### vote erhalten! Ich = '234_1'  Initiator = '242_4') ###
GGT(234_1)@lab24.cpt.haw-hamburg.de 18.06 16:48:11,591| Leite Anfrage (vote) an den Linken Nachbarn '238_1' weiter (implizites Zustimmen)
GGT(234_1)@lab24.cpt.haw-hamburg.de 18.06 16:48:11,594| DISPATCHER: Leite Befehl {vote,'247_1'} an meinen Worker weiter...
GGT(234_1)@lab24.cpt.haw-hamburg.de 18.06 16:48:11,596| ### vote erhalten! Ich = '234_1'  Initiator = '247_1') ###
GGT(234_1)@lab24.cpt.haw-hamburg.de 18.06 16:48:11,596| Leite Anfrage (vote) an den Linken Nachbarn '238_1' weiter (implizites Zustimmen)
GGT(234_1)@lab24.cpt.haw-hamburg.de 18.06 16:48:11,597| DISPATCHER: Leite Befehl {vote,'247_3'} an meinen Worker weiter...
GGT(234_1)@lab24.cpt.haw-hamburg.de 18.06 16:48:11,597| ### vote erhalten! Ich = '234_1'  Initiator = '247_3') ###
GGT(234_1)@lab24.cpt.haw-hamburg.de 18.06 16:48:11,597| Leite Anfrage (vote) an den Linken Nachbarn '238_1' weiter (implizites Zustimmen)
GGT(234_1)@lab24.cpt.haw-hamburg.de 18.06 16:48:11,601| DISPATCHER: Leite Befehl {vote,'241_3'} an meinen Worker weiter...
GGT(234_1)@lab24.cpt.haw-hamburg.de 18.06 16:48:11,601| ### vote erhalten! Ich = '234_1'  Initiator = '241_3') ###
GGT(234_1)@lab24.cpt.haw-hamburg.de 18.06 16:48:11,601| Leite Anfrage (vote) an den Linken Nachbarn '238_1' weiter (implizites Zustimmen)
GGT(234_1)@lab24.cpt.haw-hamburg.de 18.06 16:48:11,602| DISPATCHER: Leite Befehl {vote,'242_4'} an meinen Worker weiter...
GGT(234_1)@lab24.cpt.haw-hamburg.de 18.06 16:48:11,602| ### vote erhalten! Ich = '234_1'  Initiator = '242_4') ###
GGT(234_1)@lab24.cpt.haw-hamburg.de 18.06 16:48:11,603| Leite Anfrage (vote) an den Linken Nachbarn '238_1' weiter (implizites Zustimmen)
GGT(234_1)@lab24.cpt.haw-hamburg.de 18.06 16:48:11,605| DISPATCHER: Leite Befehl {vote,'243_4'} an meinen Worker weiter...
GGT(234_1)@lab24.cpt.haw-hamburg.de 18.06 16:48:11,606| DISPATCHER: Leite Befehl {vote,'243_4'} an meinen Worker weiter...
GGT(234_1)@lab24.cpt.haw-hamburg.de 18.06 16:48:11,606| ### vote erhalten! Ich = '234_1'  Initiator = '243_4') ###
GGT(234_1)@lab24.cpt.haw-hamburg.de 18.06 16:48:11,606| Leite Anfrage (vote) an den Linken Nachbarn '238_1' weiter (implizites Zustimmen)
GGT(234_1)@lab24.cpt.haw-hamburg.de 18.06 16:48:11,608| DISPATCHER: Leite Befehl {vote,'241_3'} an meinen Worker weiter...
GGT(234_1)@lab24.cpt.haw-hamburg.de 18.06 16:48:11,608| ### vote erhalten! Ich = '234_1'  Initiator = '243_4') ###
GGT(234_1)@lab24.cpt.haw-hamburg.de 18.06 16:48:11,608| Leite Anfrage (vote) an den Linken Nachbarn '238_1' weiter (implizites Zustimmen)
GGT(234_1)@lab24.cpt.haw-hamburg.de 18.06 16:48:11,610| ### vote erhalten! Ich = '234_1'  Initiator = '241_3') ###
GGT(234_1)@lab24.cpt.haw-hamburg.de 18.06 16:48:11,610| Leite Anfrage (vote) an den Linken Nachbarn '238_1' weiter (implizites Zustimmen)
GGT(234_1)@lab24.cpt.haw-hamburg.de 18.06 16:48:11,613| DISPATCHER: Leite Befehl {vote,'242_4'} an meinen Worker weiter...
GGT(234_1)@lab24.cpt.haw-hamburg.de 18.06 16:48:11,614| ### vote erhalten! Ich = '234_1'  Initiator = '242_4') ###
GGT(234_1)@lab24.cpt.haw-hamburg.de 18.06 16:48:11,614| Leite Anfrage (vote) an den Linken Nachbarn '238_1' weiter (implizites Zustimmen)
GGT(234_1)@lab24.cpt.haw-hamburg.de 18.06 16:48:11,614| DISPATCHER: Leite Befehl {vote,'247_1'} an meinen Worker weiter...
GGT(234_1)@lab24.cpt.haw-hamburg.de 18.06 16:48:11,615| ### vote erhalten! Ich = '234_1'  Initiator = '247_1') ###
GGT(234_1)@lab24.cpt.haw-hamburg.de 18.06 16:48:11,615| Leite Anfrage (vote) an den Linken Nachbarn '238_1' weiter (implizites Zustimmen)
GGT(234_1)@lab24.cpt.haw-hamburg.de 18.06 16:48:11,617| DISPATCHER: Leite Befehl {vote,'243_4'} an meinen Worker weiter...
GGT(234_1)@lab24.cpt.haw-hamburg.de 18.06 16:48:11,618| ### vote erhalten! Ich = '234_1'  Initiator = '243_4') ###
GGT(234_1)@lab24.cpt.haw-hamburg.de 18.06 16:48:11,618| Leite Anfrage (vote) an den Linken Nachbarn '238_1' weiter (implizites Zustimmen)
GGT(234_1)@lab24.cpt.haw-hamburg.de 18.06 16:48:11,618| DISPATCHER: Leite Befehl {vote,'243_4'} an meinen Worker weiter...
GGT(234_1)@lab24.cpt.haw-hamburg.de 18.06 16:48:11,620| ### vote erhalten! Ich = '234_1'  Initiator = '243_4') ###
GGT(234_1)@lab24.cpt.haw-hamburg.de 18.06 16:48:11,620| Leite Anfrage (vote) an den Linken Nachbarn '238_1' weiter (implizites Zustimmen)
GGT(234_1)@lab24.cpt.haw-hamburg.de 18.06 16:48:11,620| DISPATCHER: Leite Befehl {vote,'242_2'} an meinen Worker weiter...
GGT(234_1)@lab24.cpt.haw-hamburg.de 18.06 16:48:11,621| ### vote erhalten! Ich = '234_1'  Initiator = '242_2') ###
GGT(234_1)@lab24.cpt.haw-hamburg.de 18.06 16:48:11,621| Leite Anfrage (vote) an den Linken Nachbarn '238_1' weiter (implizites Zustimmen)
GGT(234_1)@lab24.cpt.haw-hamburg.de 18.06 16:48:11,622| DISPATCHER: Leite Befehl {vote,'242_2'} an meinen Worker weiter...
GGT(234_1)@lab24.cpt.haw-hamburg.de 18.06 16:48:11,623| DISPATCHER: Leite Befehl {vote,'242_2'} an meinen Worker weiter...
GGT(234_1)@lab24.cpt.haw-hamburg.de 18.06 16:48:11,623| ### vote erhalten! Ich = '234_1'  Initiator = '242_2') ###
GGT(234_1)@lab24.cpt.haw-hamburg.de 18.06 16:48:11,623| Leite Anfrage (vote) an den Linken Nachbarn '238_1' weiter (implizites Zustimmen)
GGT(234_1)@lab24.cpt.haw-hamburg.de 18.06 16:48:11,625| DISPATCHER: Leite Befehl {vote,'241_1'} an meinen Worker weiter...
GGT(234_1)@lab24.cpt.haw-hamburg.de 18.06 16:48:11,625| ### vote erhalten! Ich = '234_1'  Initiator = '242_2') ###
GGT(234_1)@lab24.cpt.haw-hamburg.de 18.06 16:48:11,625| Leite Anfrage (vote) an den Linken Nachbarn '238_1' weiter (implizites Zustimmen)
GGT(234_1)@lab24.cpt.haw-hamburg.de 18.06 16:48:11,626| DISPATCHER: Leite Befehl {vote,'219_4'} an meinen Worker weiter...
GGT(234_1)@lab24.cpt.haw-hamburg.de 18.06 16:48:11,626| ### vote erhalten! Ich = '234_1'  Initiator = '241_1') ###
GGT(234_1)@lab24.cpt.haw-hamburg.de 18.06 16:48:11,626| Leite Anfrage (vote) an den Linken Nachbarn '238_1' weiter (implizites Zustimmen)
GGT(234_1)@lab24.cpt.haw-hamburg.de 18.06 16:48:11,628| DISPATCHER: Leite Befehl {vote,'241_1'} an meinen Worker weiter...
GGT(234_1)@lab24.cpt.haw-hamburg.de 18.06 16:48:11,629| ### vote erhalten! Ich = '234_1'  Initiator = '219_4') ###
GGT(234_1)@lab24.cpt.haw-hamburg.de 18.06 16:48:11,629| Leite Anfrage (vote) an den Linken Nachbarn '238_1' weiter (implizites Zustimmen)
GGT(234_1)@lab24.cpt.haw-hamburg.de 18.06 16:48:11,631| ### vote erhalten! Ich = '234_1'  Initiator = '241_1') ###
GGT(234_1)@lab24.cpt.haw-hamburg.de 18.06 16:48:11,631| DISPATCHER: Leite Befehl {vote,'249_3'} an meinen Worker weiter...
GGT(234_1)@lab24.cpt.haw-hamburg.de 18.06 16:48:11,631| Leite Anfrage (vote) an den Linken Nachbarn '238_1' weiter (implizites Zustimmen)
GGT(234_1)@lab24.cpt.haw-hamburg.de 18.06 16:48:11,632| DISPATCHER: Leite Befehl {vote,'241_1'} an meinen Worker weiter...
GGT(234_1)@lab24.cpt.haw-hamburg.de 18.06 16:48:11,632| ### vote erhalten! Ich = '234_1'  Initiator = '249_3') ###
GGT(234_1)@lab24.cpt.haw-hamburg.de 18.06 16:48:11,632| Leite Anfrage (vote) an den Linken Nachbarn '238_1' weiter (implizites Zustimmen)
GGT(234_1)@lab24.cpt.haw-hamburg.de 18.06 16:48:11,633| DISPATCHER: Leite Befehl {vote,'247_1'} an meinen Worker weiter...
GGT(234_1)@lab24.cpt.haw-hamburg.de 18.06 16:48:11,633| ### vote erhalten! Ich = '234_1'  Initiator = '241_1') ###
GGT(234_1)@lab24.cpt.haw-hamburg.de 18.06 16:48:11,634| Leite Anfrage (vote) an den Linken Nachbarn '238_1' weiter (implizites Zustimmen)
GGT(234_1)@lab24.cpt.haw-hamburg.de 18.06 16:48:11,635| ### vote erhalten! Ich = '234_1'  Initiator = '247_1') ###
GGT(234_1)@lab24.cpt.haw-hamburg.de 18.06 16:48:11,635| Leite Anfrage (vote) an den Linken Nachbarn '238_1' weiter (implizites Zustimmen)
GGT(234_1)@lab24.cpt.haw-hamburg.de 18.06 16:48:11,636| DISPATCHER: Leite Befehl {vote,'241_1'} an meinen Worker weiter...
GGT(234_1)@lab24.cpt.haw-hamburg.de 18.06 16:48:11,637| ### vote erhalten! Ich = '234_1'  Initiator = '241_1') ###
GGT(234_1)@lab24.cpt.haw-hamburg.de 18.06 16:48:11,637| Leite Anfrage (vote) an den Linken Nachbarn '238_1' weiter (implizites Zustimmen)
GGT(234_1)@lab24.cpt.haw-hamburg.de 18.06 16:48:11,638| DISPATCHER: Leite Befehl {vote,'212_1'} an meinen Worker weiter...
GGT(234_1)@lab24.cpt.haw-hamburg.de 18.06 16:48:11,639| ### vote erhalten! Ich = '234_1'  Initiator = '212_1') ###
GGT(234_1)@lab24.cpt.haw-hamburg.de 18.06 16:48:11,640| Leite Anfrage (vote) an den Linken Nachbarn '238_1' weiter (implizites Zustimmen)
GGT(234_1)@lab24.cpt.haw-hamburg.de 18.06 16:48:11,640| DISPATCHER: Leite Befehl {vote,'249_3'} an meinen Worker weiter...
GGT(234_1)@lab24.cpt.haw-hamburg.de 18.06 16:48:11,641| ### vote erhalten! Ich = '234_1'  Initiator = '249_3') ###
GGT(234_1)@lab24.cpt.haw-hamburg.de 18.06 16:48:11,641| Leite Anfrage (vote) an den Linken Nachbarn '238_1' weiter (implizites Zustimmen)
GGT(234_1)@lab24.cpt.haw-hamburg.de 18.06 16:48:11,641| DISPATCHER: Leite Befehl {vote,'247_3'} an meinen Worker weiter...
GGT(234_1)@lab24.cpt.haw-hamburg.de 18.06 16:48:11,643| ### vote erhalten! Ich = '234_1'  Initiator = '247_3') ###
GGT(234_1)@lab24.cpt.haw-hamburg.de 18.06 16:48:11,643| Leite Anfrage (vote) an den Linken Nachbarn '238_1' weiter (implizites Zustimmen)
GGT(234_1)@lab24.cpt.haw-hamburg.de 18.06 16:48:11,643| DISPATCHER: Leite Befehl {vote,'247_1'} an meinen Worker weiter...
GGT(234_1)@lab24.cpt.haw-hamburg.de 18.06 16:48:11,644| DISPATCHER: Leite Befehl {vote,'211_4'} an meinen Worker weiter...
GGT(234_1)@lab24.cpt.haw-hamburg.de 18.06 16:48:11,644| ### vote erhalten! Ich = '234_1'  Initiator = '247_1') ###
GGT(234_1)@lab24.cpt.haw-hamburg.de 18.06 16:48:11,644| Leite Anfrage (vote) an den Linken Nachbarn '238_1' weiter (implizites Zustimmen)
GGT(234_1)@lab24.cpt.haw-hamburg.de 18.06 16:48:11,645| DISPATCHER: Leite Befehl {vote,'212_1'} an meinen Worker weiter...
GGT(234_1)@lab24.cpt.haw-hamburg.de 18.06 16:48:11,646| ### vote erhalten! Ich = '234_1'  Initiator = '211_4') ###
GGT(234_1)@lab24.cpt.haw-hamburg.de 18.06 16:48:11,646| Leite Anfrage (vote) an den Linken Nachbarn '238_1' weiter (implizites Zustimmen)
GGT(234_1)@lab24.cpt.haw-hamburg.de 18.06 16:48:11,647| DISPATCHER: Leite Befehl {vote,'249_3'} an meinen Worker weiter...
GGT(234_1)@lab24.cpt.haw-hamburg.de 18.06 16:48:11,647| ### vote erhalten! Ich = '234_1'  Initiator = '212_1') ###
GGT(234_1)@lab24.cpt.haw-hamburg.de 18.06 16:48:11,647| Leite Anfrage (vote) an den Linken Nachbarn '238_1' weiter (implizites Zustimmen)
GGT(234_1)@lab24.cpt.haw-hamburg.de 18.06 16:48:11,649| DISPATCHER: Leite Befehl {vote,'211_1'} an meinen Worker weiter...
GGT(234_1)@lab24.cpt.haw-hamburg.de 18.06 16:48:11,649| ### vote erhalten! Ich = '234_1'  Initiator = '249_3') ###
GGT(234_1)@lab24.cpt.haw-hamburg.de 18.06 16:48:11,649| Leite Anfrage (vote) an den Linken Nachbarn '238_1' weiter (implizites Zustimmen)
GGT(234_1)@lab24.cpt.haw-hamburg.de 18.06 16:48:11,650| DISPATCHER: Leite Befehl {vote,'211_4'} an meinen Worker weiter...
GGT(234_1)@lab24.cpt.haw-hamburg.de 18.06 16:48:11,650| ### vote erhalten! Ich = '234_1'  Initiator = '211_1') ###
GGT(234_1)@lab24.cpt.haw-hamburg.de 18.06 16:48:11,650| Leite Anfrage (vote) an den Linken Nachbarn '238_1' weiter (implizites Zustimmen)
GGT(234_1)@lab24.cpt.haw-hamburg.de 18.06 16:48:11,651| DISPATCHER: Leite Befehl {vote,'249_3'} an meinen Worker weiter...
GGT(234_1)@lab24.cpt.haw-hamburg.de 18.06 16:48:11,652| ### vote erhalten! Ich = '234_1'  Initiator = '211_4') ###
GGT(234_1)@lab24.cpt.haw-hamburg.de 18.06 16:48:11,652| Leite Anfrage (vote) an den Linken Nachbarn '238_1' weiter (implizites Zustimmen)
GGT(234_1)@lab24.cpt.haw-hamburg.de 18.06 16:48:11,652| DISPATCHER: Leite Befehl {vote,'242_2'} an meinen Worker weiter...
GGT(234_1)@lab24.cpt.haw-hamburg.de 18.06 16:48:11,654| ### vote erhalten! Ich = '234_1'  Initiator = '249_3') ###
GGT(234_1)@lab24.cpt.haw-hamburg.de 18.06 16:48:11,654| Leite Anfrage (vote) an den Linken Nachbarn '238_1' weiter (implizites Zustimmen)
GGT(234_1)@lab24.cpt.haw-hamburg.de 18.06 16:48:11,654| DISPATCHER: Leite Befehl {vote,'241_1'} an meinen Worker weiter...
GGT(234_1)@lab24.cpt.haw-hamburg.de 18.06 16:48:11,657| ### vote erhalten! Ich = '234_1'  Initiator = '242_2') ###
GGT(234_1)@lab24.cpt.haw-hamburg.de 18.06 16:48:11,657| Leite Anfrage (vote) an den Linken Nachbarn '238_1' weiter (implizites Zustimmen)
GGT(234_1)@lab24.cpt.haw-hamburg.de 18.06 16:48:11,657| DISPATCHER: Leite Befehl {vote,'249_3'} an meinen Worker weiter...
GGT(234_1)@lab24.cpt.haw-hamburg.de 18.06 16:48:11,660| ### vote erhalten! Ich = '234_1'  Initiator = '241_1') ###
GGT(234_1)@lab24.cpt.haw-hamburg.de 18.06 16:48:11,660| Leite Anfrage (vote) an den Linken Nachbarn '238_1' weiter (implizites Zustimmen)
GGT(234_1)@lab24.cpt.haw-hamburg.de 18.06 16:48:11,660| DISPATCHER: Leite Befehl {vote,'247_3'} an meinen Worker weiter...
GGT(234_1)@lab24.cpt.haw-hamburg.de 18.06 16:48:11,661| ### vote erhalten! Ich = '234_1'  Initiator = '249_3') ###
GGT(234_1)@lab24.cpt.haw-hamburg.de 18.06 16:48:11,661| Leite Anfrage (vote) an den Linken Nachbarn '238_1' weiter (implizites Zustimmen)
GGT(234_1)@lab24.cpt.haw-hamburg.de 18.06 16:48:11,661| DISPATCHER: Leite Befehl {vote,'211_1'} an meinen Worker weiter...
GGT(234_1)@lab24.cpt.haw-hamburg.de 18.06 16:48:11,662| ### vote erhalten! Ich = '234_1'  Initiator = '247_3') ###
GGT(234_1)@lab24.cpt.haw-hamburg.de 18.06 16:48:11,662| Leite Anfrage (vote) an den Linken Nachbarn '238_1' weiter (implizites Zustimmen)
GGT(234_1)@lab24.cpt.haw-hamburg.de 18.06 16:48:11,663| DISPATCHER: Leite Befehl {vote,'2110_3'} an meinen Worker weiter...
GGT(234_1)@lab24.cpt.haw-hamburg.de 18.06 16:48:11,664| ### vote erhalten! Ich = '234_1'  Initiator = '211_1') ###
GGT(234_1)@lab24.cpt.haw-hamburg.de 18.06 16:48:11,664| Leite Anfrage (vote) an den Linken Nachbarn '238_1' weiter (implizites Zustimmen)
GGT(234_1)@lab24.cpt.haw-hamburg.de 18.06 16:48:11,665| DISPATCHER: Leite Befehl {vote,'242_2'} an meinen Worker weiter...
GGT(234_1)@lab24.cpt.haw-hamburg.de 18.06 16:48:11,665| ### vote erhalten! Ich = '234_1'  Initiator = '2110_3') ###
GGT(234_1)@lab24.cpt.haw-hamburg.de 18.06 16:48:11,665| Leite Anfrage (vote) an den Linken Nachbarn '238_1' weiter (implizites Zustimmen)
GGT(234_1)@lab24.cpt.haw-hamburg.de 18.06 16:48:11,667| ### vote erhalten! Ich = '234_1'  Initiator = '242_2') ###
GGT(234_1)@lab24.cpt.haw-hamburg.de 18.06 16:48:11,667| DISPATCHER: Leite Befehl {vote,'247_3'} an meinen Worker weiter...
GGT(234_1)@lab24.cpt.haw-hamburg.de 18.06 16:48:11,668| Leite Anfrage (vote) an den Linken Nachbarn '238_1' weiter (implizites Zustimmen)
GGT(234_1)@lab24.cpt.haw-hamburg.de 18.06 16:48:11,669| DISPATCHER: Leite Befehl {vote,'243_4'} an meinen Worker weiter...
GGT(234_1)@lab24.cpt.haw-hamburg.de 18.06 16:48:11,669| ### vote erhalten! Ich = '234_1'  Initiator = '247_3') ###
GGT(234_1)@lab24.cpt.haw-hamburg.de 18.06 16:48:11,669| Leite Anfrage (vote) an den Linken Nachbarn '238_1' weiter (implizites Zustimmen)
GGT(234_1)@lab24.cpt.haw-hamburg.de 18.06 16:48:11,671| DISPATCHER: Leite Befehl {vote,'245_3'} an meinen Worker weiter...
GGT(234_1)@lab24.cpt.haw-hamburg.de 18.06 16:48:11,671| ### vote erhalten! Ich = '234_1'  Initiator = '243_4') ###
GGT(234_1)@lab24.cpt.haw-hamburg.de 18.06 16:48:11,671| Leite Anfrage (vote) an den Linken Nachbarn '238_1' weiter (implizites Zustimmen)
GGT(234_1)@lab24.cpt.haw-hamburg.de 18.06 16:48:11,672| DISPATCHER: Leite Befehl {vote,'245_3'} an meinen Worker weiter...
GGT(234_1)@lab24.cpt.haw-hamburg.de 18.06 16:48:11,672| ### vote erhalten! Ich = '234_1'  Initiator = '245_3') ###
GGT(234_1)@lab24.cpt.haw-hamburg.de 18.06 16:48:11,672| Leite Anfrage (vote) an den Linken Nachbarn '238_1' weiter (implizites Zustimmen)
GGT(234_1)@lab24.cpt.haw-hamburg.de 18.06 16:48:11,673| DISPATCHER: Leite Befehl {vote,'247_3'} an meinen Worker weiter...
GGT(234_1)@lab24.cpt.haw-hamburg.de 18.06 16:48:11,673| ### vote erhalten! Ich = '234_1'  Initiator = '245_3') ###
GGT(234_1)@lab24.cpt.haw-hamburg.de 18.06 16:48:11,673| Leite Anfrage (vote) an den Linken Nachbarn '238_1' weiter (implizites Zustimmen)
GGT(234_1)@lab24.cpt.haw-hamburg.de 18.06 16:48:11,674| DISPATCHER: Leite Befehl {vote,'2110_3'} an meinen Worker weiter...
GGT(234_1)@lab24.cpt.haw-hamburg.de 18.06 16:48:11,674| ### vote erhalten! Ich = '234_1'  Initiator = '247_3') ###
GGT(234_1)@lab24.cpt.haw-hamburg.de 18.06 16:48:11,674| Leite Anfrage (vote) an den Linken Nachbarn '238_1' weiter (implizites Zustimmen)
GGT(234_1)@lab24.cpt.haw-hamburg.de 18.06 16:48:11,675| ### vote erhalten! Ich = '234_1'  Initiator = '2110_3') ###
GGT(234_1)@lab24.cpt.haw-hamburg.de 18.06 16:48:11,675| Leite Anfrage (vote) an den Linken Nachbarn '238_1' weiter (implizites Zustimmen)
GGT(234_1)@lab24.cpt.haw-hamburg.de 18.06 16:48:11,681| DISPATCHER: Leite Befehl {vote,'243_4'} an meinen Worker weiter...
GGT(234_1)@lab24.cpt.haw-hamburg.de 18.06 16:48:11,682| ### vote erhalten! Ich = '234_1'  Initiator = '243_4') ###
GGT(234_1)@lab24.cpt.haw-hamburg.de 18.06 16:48:11,682| Leite Anfrage (vote) an den Linken Nachbarn '238_1' weiter (implizites Zustimmen)
GGT(234_1)@lab24.cpt.haw-hamburg.de 18.06 16:48:11,682| DISPATCHER: Leite Befehl {vote,'216_1'} an meinen Worker weiter...
GGT(234_1)@lab24.cpt.haw-hamburg.de 18.06 16:48:11,683| ### vote erhalten! Ich = '234_1'  Initiator = '216_1') ###
GGT(234_1)@lab24.cpt.haw-hamburg.de 18.06 16:48:11,683| Leite Anfrage (vote) an den Linken Nachbarn '238_1' weiter (implizites Zustimmen)
GGT(234_1)@lab24.cpt.haw-hamburg.de 18.06 16:48:11,684| DISPATCHER: Leite Befehl {vote,'243_4'} an meinen Worker weiter...
GGT(234_1)@lab24.cpt.haw-hamburg.de 18.06 16:48:11,684| ### vote erhalten! Ich = '234_1'  Initiator = '243_4') ###
GGT(234_1)@lab24.cpt.haw-hamburg.de 18.06 16:48:11,684| Leite Anfrage (vote) an den Linken Nachbarn '238_1' weiter (implizites Zustimmen)
GGT(234_1)@lab24.cpt.haw-hamburg.de 18.06 16:48:11,685| DISPATCHER: Leite Befehl {vote,'245_3'} an meinen Worker weiter...
GGT(234_1)@lab24.cpt.haw-hamburg.de 18.06 16:48:11,686| ### vote erhalten! Ich = '234_1'  Initiator = '245_3') ###
GGT(234_1)@lab24.cpt.haw-hamburg.de 18.06 16:48:11,686| Leite Anfrage (vote) an den Linken Nachbarn '238_1' weiter (implizites Zustimmen)
GGT(234_1)@lab24.cpt.haw-hamburg.de 18.06 16:48:11,686| DISPATCHER: Leite Befehl {vote,'218_1'} an meinen Worker weiter...
GGT(234_1)@lab24.cpt.haw-hamburg.de 18.06 16:48:11,687| ### vote erhalten! Ich = '234_1'  Initiator = '218_1') ###
GGT(234_1)@lab24.cpt.haw-hamburg.de 18.06 16:48:11,688| Leite Anfrage (vote) an den Linken Nachbarn '238_1' weiter (implizites Zustimmen)
GGT(234_1)@lab24.cpt.haw-hamburg.de 18.06 16:48:11,688| DISPATCHER: Leite Befehl {vote,'243_4'} an meinen Worker weiter...
GGT(234_1)@lab24.cpt.haw-hamburg.de 18.06 16:48:11,689| ### vote erhalten! Ich = '234_1'  Initiator = '243_4') ###
GGT(234_1)@lab24.cpt.haw-hamburg.de 18.06 16:48:11,689| Leite Anfrage (vote) an den Linken Nachbarn '238_1' weiter (implizites Zustimmen)
GGT(234_1)@lab24.cpt.haw-hamburg.de 18.06 16:48:11,689| DISPATCHER: Leite Befehl {vote,'246_1'} an meinen Worker weiter...
GGT(234_1)@lab24.cpt.haw-hamburg.de 18.06 16:48:11,690| ### vote erhalten! Ich = '234_1'  Initiator = '246_1') ###
GGT(234_1)@lab24.cpt.haw-hamburg.de 18.06 16:48:11,690| Leite Anfrage (vote) an den Linken Nachbarn '238_1' weiter (implizites Zustimmen)
GGT(234_1)@lab24.cpt.haw-hamburg.de 18.06 16:48:11,692| DISPATCHER: Leite Befehl {vote,'218_1'} an meinen Worker weiter...
GGT(234_1)@lab24.cpt.haw-hamburg.de 18.06 16:48:11,693| ### vote erhalten! Ich = '234_1'  Initiator = '218_1') ###
GGT(234_1)@lab24.cpt.haw-hamburg.de 18.06 16:48:11,693| Leite Anfrage (vote) an den Linken Nachbarn '238_1' weiter (implizites Zustimmen)
GGT(234_1)@lab24.cpt.haw-hamburg.de 18.06 16:48:11,693| DISPATCHER: Leite Befehl {vote,'246_1'} an meinen Worker weiter...
GGT(234_1)@lab24.cpt.haw-hamburg.de 18.06 16:48:11,694| ### vote erhalten! Ich = '234_1'  Initiator = '246_1') ###
GGT(234_1)@lab24.cpt.haw-hamburg.de 18.06 16:48:11,694| Leite Anfrage (vote) an den Linken Nachbarn '238_1' weiter (implizites Zustimmen)
GGT(234_1)@lab24.cpt.haw-hamburg.de 18.06 16:48:11,695| DISPATCHER: Leite Befehl {vote,'247_1'} an meinen Worker weiter...
GGT(234_1)@lab24.cpt.haw-hamburg.de 18.06 16:48:11,696| ### vote erhalten! Ich = '234_1'  Initiator = '247_1') ###
GGT(234_1)@lab24.cpt.haw-hamburg.de 18.06 16:48:11,696| Leite Anfrage (vote) an den Linken Nachbarn '238_1' weiter (implizites Zustimmen)
GGT(234_1)@lab24.cpt.haw-hamburg.de 18.06 16:48:11,697| DISPATCHER: Leite Befehl {vote,'247_3'} an meinen Worker weiter...
GGT(234_1)@lab24.cpt.haw-hamburg.de 18.06 16:48:11,699| ### vote erhalten! Ich = '234_1'  Initiator = '247_3') ###
GGT(234_1)@lab24.cpt.haw-hamburg.de 18.06 16:48:11,699| Leite Anfrage (vote) an den Linken Nachbarn '238_1' weiter (implizites Zustimmen)
GGT(234_1)@lab24.cpt.haw-hamburg.de 18.06 16:48:11,699| DISPATCHER: Leite Befehl {vote,'246_2'} an meinen Worker weiter...
GGT(234_1)@lab24.cpt.haw-hamburg.de 18.06 16:48:11,702| ### vote erhalten! Ich = '234_1'  Initiator = '246_2') ###
GGT(234_1)@lab24.cpt.haw-hamburg.de 18.06 16:48:11,702| DISPATCHER: Leite Befehl {vote,'247_1'} an meinen Worker weiter...
GGT(234_1)@lab24.cpt.haw-hamburg.de 18.06 16:48:11,702| Leite Anfrage (vote) an den Linken Nachbarn '238_1' weiter (implizites Zustimmen)
GGT(234_1)@lab24.cpt.haw-hamburg.de 18.06 16:48:11,704| ### vote erhalten! Ich = '234_1'  Initiator = '247_1') ###
GGT(234_1)@lab24.cpt.haw-hamburg.de 18.06 16:48:11,704| Leite Anfrage (vote) an den Linken Nachbarn '238_1' weiter (implizites Zustimmen)
GGT(234_1)@lab24.cpt.haw-hamburg.de 18.06 16:48:11,704| DISPATCHER: Leite Befehl {vote,'246_1'} an meinen Worker weiter...
GGT(234_1)@lab24.cpt.haw-hamburg.de 18.06 16:48:11,705| ### vote erhalten! Ich = '234_1'  Initiator = '246_1') ###
GGT(234_1)@lab24.cpt.haw-hamburg.de 18.06 16:48:11,705| Leite Anfrage (vote) an den Linken Nachbarn '238_1' weiter (implizites Zustimmen)
GGT(234_1)@lab24.cpt.haw-hamburg.de 18.06 16:48:11,705| DISPATCHER: Leite Befehl {vote,'247_3'} an meinen Worker weiter...
GGT(234_1)@lab24.cpt.haw-hamburg.de 18.06 16:48:11,706| ### vote erhalten! Ich = '234_1'  Initiator = '247_3') ###
GGT(234_1)@lab24.cpt.haw-hamburg.de 18.06 16:48:11,706| DISPATCHER: Leite Befehl {vote,'246_1'} an meinen Worker weiter...
GGT(234_1)@lab24.cpt.haw-hamburg.de 18.06 16:48:11,707| Leite Anfrage (vote) an den Linken Nachbarn '238_1' weiter (implizites Zustimmen)
GGT(234_1)@lab24.cpt.haw-hamburg.de 18.06 16:48:11,708| DISPATCHER: Leite Befehl {vote,'246_2'} an meinen Worker weiter...
GGT(234_1)@lab24.cpt.haw-hamburg.de 18.06 16:48:11,708| ### vote erhalten! Ich = '234_1'  Initiator = '246_1') ###
GGT(234_1)@lab24.cpt.haw-hamburg.de 18.06 16:48:11,708| Leite Anfrage (vote) an den Linken Nachbarn '238_1' weiter (implizites Zustimmen)
GGT(234_1)@lab24.cpt.haw-hamburg.de 18.06 16:48:11,710| DISPATCHER: Leite Befehl {vote,'246_2'} an meinen Worker weiter...
GGT(234_1)@lab24.cpt.haw-hamburg.de 18.06 16:48:11,710| ### vote erhalten! Ich = '234_1'  Initiator = '246_2') ###
GGT(234_1)@lab24.cpt.haw-hamburg.de 18.06 16:48:11,712| Leite Anfrage (vote) an den Linken Nachbarn '238_1' weiter (implizites Zustimmen)
GGT(234_1)@lab24.cpt.haw-hamburg.de 18.06 16:48:11,712| DISPATCHER: Leite Befehl {vote,'247_2'} an meinen Worker weiter...
GGT(234_1)@lab24.cpt.haw-hamburg.de 18.06 16:48:11,713| DISPATCHER: Leite Befehl {vote,'247_2'} an meinen Worker weiter...
GGT(234_1)@lab24.cpt.haw-hamburg.de 18.06 16:48:11,713| ### vote erhalten! Ich = '234_1'  Initiator = '246_2') ###
GGT(234_1)@lab24.cpt.haw-hamburg.de 18.06 16:48:11,713| Leite Anfrage (vote) an den Linken Nachbarn '238_1' weiter (implizites Zustimmen)
GGT(234_1)@lab24.cpt.haw-hamburg.de 18.06 16:48:11,715| DISPATCHER: Leite Befehl {vote,'247_3'} an meinen Worker weiter...
GGT(234_1)@lab24.cpt.haw-hamburg.de 18.06 16:48:11,715| ### vote erhalten! Ich = '234_1'  Initiator = '247_2') ###
GGT(234_1)@lab24.cpt.haw-hamburg.de 18.06 16:48:11,715| Leite Anfrage (vote) an den Linken Nachbarn '238_1' weiter (implizites Zustimmen)
GGT(234_1)@lab24.cpt.haw-hamburg.de 18.06 16:48:11,716| ### vote erhalten! Ich = '234_1'  Initiator = '247_2') ###
GGT(234_1)@lab24.cpt.haw-hamburg.de 18.06 16:48:11,716| Leite Anfrage (vote) an den Linken Nachbarn '238_1' weiter (implizites Zustimmen)
GGT(234_1)@lab24.cpt.haw-hamburg.de 18.06 16:48:11,716| DISPATCHER: Leite Befehl {vote,'2110_4'} an meinen Worker weiter...
GGT(234_1)@lab24.cpt.haw-hamburg.de 18.06 16:48:11,718| DISPATCHER: Leite Befehl {vote,'246_2'} an meinen Worker weiter...
GGT(234_1)@lab24.cpt.haw-hamburg.de 18.06 16:48:11,718| ### vote erhalten! Ich = '234_1'  Initiator = '247_3') ###
GGT(234_1)@lab24.cpt.haw-hamburg.de 18.06 16:48:11,718| Leite Anfrage (vote) an den Linken Nachbarn '238_1' weiter (implizites Zustimmen)
