

GGT(232_2)@workstation 18.06 22:44:16,533| ######################## 232_2 Status: SETUP ########################


GGT(232_2)@workstation 18.06 22:44:16,533| ######################## 232_2 Status: INITIAL ########################
GGT(232_2)@workstation 18.06 22:44:16,533| REBIND
GGT(232_2)@workstation 18.06 22:44:16,533| Mit NameService verbunden
GGT(232_2)@workstation 18.06 22:44:16,533| CHECK_IN
GGT(232_2)@workstation 18.06 22:44:38,689| Nachbarn wurden mitgeteilt {L: '231_2' | R: '233_3'}


GGT(232_2)@workstation 18.06 22:44:38,689| ######################## 232_2 Status: PRE_PROCESS ########################
GGT(232_2)@workstation 18.06 22:44:52,564| 같같같같 CATCHED set_pmi mit 12100 
GGT(232_2)@workstation 18.06 22:44:52,564| WORKER: Initial Mi wurde mitgeteilt. Mi:12100


GGT(232_2)@workstation 18.06 22:44:52,564| ######################## 232_2 Status: PROCESS ########################
GGT(232_2)@workstation 18.06 22:44:52,596| DISPATCHER: Leite Befehl {send,136900} an meinen Worker weiter...
GGT(232_2)@workstation 18.06 22:44:52,596| Send erhalten Y:136900
GGT(232_2)@workstation 18.06 22:44:52,596| ALGO: ((12100 -1) mod 136900) +1     --    (TTW: 2 Sekunden)
GGT(232_2)@workstation 18.06 22:44:54,611| Mi NICHT geaendert! (ist und bleibt: 12100)
GGT(232_2)@workstation 18.06 22:45:02,596| DISPATCHER: Leite Befehl {vote,'231_1'} an meinen Worker weiter...
GGT(232_2)@workstation 18.06 22:45:02,596| ### vote erhalten! Ich = '232_2'  Initiator = '231_1') ###
GGT(232_2)@workstation 18.06 22:45:02,596| Leite Anfrage (vote) an den Linken Nachbarn '231_2' weiter (implizites Zustimmen)
GGT(232_2)@workstation 18.06 22:45:02,611| DISPATCHER: Leite Befehl {vote,'231_3'} an meinen Worker weiter...
GGT(232_2)@workstation 18.06 22:45:02,611| ### vote erhalten! Ich = '232_2'  Initiator = '231_3') ###
GGT(232_2)@workstation 18.06 22:45:02,611| Leite Anfrage (vote) an den Linken Nachbarn '231_2' weiter (implizites Zustimmen)
GGT(232_2)@workstation 18.06 22:45:02,642| DISPATCHER: Leite Befehl {vote,'232_3'} an meinen Worker weiter...
GGT(232_2)@workstation 18.06 22:45:02,642| ### vote erhalten! Ich = '232_2'  Initiator = '232_3') ###
GGT(232_2)@workstation 18.06 22:45:02,642| Leite Anfrage (vote) an den Linken Nachbarn '231_2' weiter (implizites Zustimmen)
GGT(232_2)@workstation 18.06 22:45:06,721| DISPATCHER: Leite Befehl {send,1073000} an meinen Worker weiter...
GGT(232_2)@workstation 18.06 22:45:06,736| Send erhalten Y:1073000
GGT(232_2)@workstation 18.06 22:45:06,736| ALGO: ((12100 -1) mod 1073000) +1     --    (TTW: 2 Sekunden)
GGT(232_2)@workstation 18.06 22:45:08,767| Mi NICHT geaendert! (ist und bleibt: 12100)
GGT(232_2)@workstation 18.06 22:45:10,799| DISPATCHER: Leite Befehl {send,37000} an meinen Worker weiter...
GGT(232_2)@workstation 18.06 22:45:10,799| Send erhalten Y:37000
GGT(232_2)@workstation 18.06 22:45:10,799| ALGO: ((12100 -1) mod 37000) +1     --    (TTW: 2 Sekunden)
GGT(232_2)@workstation 18.06 22:45:12,814| Mi NICHT geaendert! (ist und bleibt: 12100)
GGT(232_2)@workstation 18.06 22:45:12,830| DISPATCHER: Leite Befehl {send,1300} an meinen Worker weiter...
GGT(232_2)@workstation 18.06 22:45:12,830| Send erhalten Y:1300
GGT(232_2)@workstation 18.06 22:45:12,830| ALGO: ((12100 -1) mod 1300) +1     --    (TTW: 2 Sekunden)
GGT(232_2)@workstation 18.06 22:45:14,846| informiere (brief_mi) Koordinator coordinator ueber neuen Mi:400
GGT(232_2)@workstation 18.06 22:45:14,846| Sende (send) Nachbarn '231_2' und '233_3' neuen Mi:400
GGT(232_2)@workstation 18.06 22:45:16,830| DISPATCHER: Leite Befehl {send,10600} an meinen Worker weiter...
GGT(232_2)@workstation 18.06 22:45:16,830| Send erhalten Y:10600
GGT(232_2)@workstation 18.06 22:45:16,830| ALGO: ((400 -1) mod 10600) +1     --    (TTW: 2 Sekunden)
GGT(232_2)@workstation 18.06 22:45:16,877| DISPATCHER: Leite Befehl {send,100} an meinen Worker weiter...
GGT(232_2)@workstation 18.06 22:45:18,846| Mi NICHT geaendert! (ist und bleibt: 400)
GGT(232_2)@workstation 18.06 22:45:18,846| Send erhalten Y:100
GGT(232_2)@workstation 18.06 22:45:18,846| ALGO: ((400 -1) mod 100) +1     --    (TTW: 2 Sekunden)
GGT(232_2)@workstation 18.06 22:45:18,846| DISPATCHER: Leite Befehl {send,200} an meinen Worker weiter...
GGT(232_2)@workstation 18.06 22:45:20,861| informiere (brief_mi) Koordinator coordinator ueber neuen Mi:100
GGT(232_2)@workstation 18.06 22:45:20,861| Sende (send) Nachbarn '231_2' und '233_3' neuen Mi:100
GGT(232_2)@workstation 18.06 22:45:20,861| Send erhalten Y:200
GGT(232_2)@workstation 18.06 22:45:20,861| ALGO: ((100 -1) mod 200) +1     --    (TTW: 2 Sekunden)
GGT(232_2)@workstation 18.06 22:45:22,877| Mi NICHT geaendert! (ist und bleibt: 100)
GGT(232_2)@workstation 18.06 22:45:22,892| DISPATCHER: Leite Befehl {send,100} an meinen Worker weiter...
GGT(232_2)@workstation 18.06 22:45:22,892| Send erhalten Y:100
GGT(232_2)@workstation 18.06 22:45:22,892| ALGO: ((100 -1) mod 100) +1     --    (TTW: 2 Sekunden)
GGT(232_2)@workstation 18.06 22:45:24,908| Mi NICHT geaendert! (ist und bleibt: 100)
GGT(232_2)@workstation 18.06 22:45:32,939| DISPATCHER: Leite Befehl {vote,'233_3'} an meinen Worker weiter...
GGT(232_2)@workstation 18.06 22:45:32,939| ### vote erhalten! Ich = '232_2'  Initiator = '233_3') ###
GGT(232_2)@workstation 18.06 22:45:32,939| Leite Anfrage (vote) an den Linken Nachbarn '231_2' weiter (implizites Zustimmen)
GGT(232_2)@workstation 18.06 22:45:32,939| DISPATCHER: Leite Befehl {vote,'233_1'} an meinen Worker weiter...
GGT(232_2)@workstation 18.06 22:45:32,939| ### vote erhalten! Ich = '232_2'  Initiator = '233_1') ###
GGT(232_2)@workstation 18.06 22:45:32,939| Leite Anfrage (vote) an den Linken Nachbarn '231_2' weiter (implizites Zustimmen)
GGT(232_2)@workstation 18.06 22:45:35,955| 같같같같 CATCHED set_pmi mit 782691525 
GGT(232_2)@workstation 18.06 22:45:35,955| WORKER: Neuer Mi wurde mitgeteilt (Neue berechnung). Mi:782691525
GGT(232_2)@workstation 18.06 22:45:35,971| DISPATCHER: Leite Befehl {send,108675} an meinen Worker weiter...
GGT(232_2)@workstation 18.06 22:45:35,971| Send erhalten Y:108675
GGT(232_2)@workstation 18.06 22:45:35,971| ALGO: ((782691525 -1) mod 108675) +1     --    (TTW: 2 Sekunden)
GGT(232_2)@workstation 18.06 22:45:37,986| informiere (brief_mi) Koordinator coordinator ueber neuen Mi:14175
GGT(232_2)@workstation 18.06 22:45:37,986| Sende (send) Nachbarn '231_2' und '233_3' neuen Mi:14175
GGT(232_2)@workstation 18.06 22:45:40,002| DISPATCHER: Leite Befehl {send,9450} an meinen Worker weiter...
GGT(232_2)@workstation 18.06 22:45:40,002| Send erhalten Y:9450
GGT(232_2)@workstation 18.06 22:45:40,002| ALGO: ((14175 -1) mod 9450) +1     --    (TTW: 2 Sekunden)
GGT(232_2)@workstation 18.06 22:45:40,017| DISPATCHER: Leite Befehl {send,4725} an meinen Worker weiter...
GGT(232_2)@workstation 18.06 22:45:42,017| informiere (brief_mi) Koordinator coordinator ueber neuen Mi:4725
GGT(232_2)@workstation 18.06 22:45:42,017| Sende (send) Nachbarn '231_2' und '233_3' neuen Mi:4725
GGT(232_2)@workstation 18.06 22:45:42,017| Send erhalten Y:4725
GGT(232_2)@workstation 18.06 22:45:42,017| ALGO: ((4725 -1) mod 4725) +1     --    (TTW: 2 Sekunden)
GGT(232_2)@workstation 18.06 22:45:44,033| Mi NICHT geaendert! (ist und bleibt: 4725)
GGT(232_2)@workstation 18.06 22:45:44,033| DISPATCHER: Leite Befehl {send,4725} an meinen Worker weiter...
GGT(232_2)@workstation 18.06 22:45:44,033| Send erhalten Y:4725
GGT(232_2)@workstation 18.06 22:45:44,033| ALGO: ((4725 -1) mod 4725) +1     --    (TTW: 2 Sekunden)
GGT(232_2)@workstation 18.06 22:45:46,049| Mi NICHT geaendert! (ist und bleibt: 4725)
GGT(232_2)@workstation 18.06 22:45:46,049| DISPATCHER: Leite Befehl {send,2016} an meinen Worker weiter...
GGT(232_2)@workstation 18.06 22:45:46,049| Send erhalten Y:2016
GGT(232_2)@workstation 18.06 22:45:46,049| ALGO: ((4725 -1) mod 2016) +1     --    (TTW: 2 Sekunden)
GGT(232_2)@workstation 18.06 22:45:46,080| DISPATCHER: Leite Befehl {send,945} an meinen Worker weiter...
GGT(232_2)@workstation 18.06 22:45:48,064| informiere (brief_mi) Koordinator coordinator ueber neuen Mi:693
GGT(232_2)@workstation 18.06 22:45:48,064| Sende (send) Nachbarn '231_2' und '233_3' neuen Mi:693
GGT(232_2)@workstation 18.06 22:45:48,064| Send erhalten Y:945
GGT(232_2)@workstation 18.06 22:45:48,064| ALGO: ((693 -1) mod 945) +1     --    (TTW: 2 Sekunden)
GGT(232_2)@workstation 18.06 22:45:48,189| DISPATCHER: Leite Befehl {send,21} an meinen Worker weiter...
GGT(232_2)@workstation 18.06 22:45:50,080| Mi NICHT geaendert! (ist und bleibt: 693)
GGT(232_2)@workstation 18.06 22:45:50,080| Send erhalten Y:21
GGT(232_2)@workstation 18.06 22:45:50,080| ALGO: ((693 -1) mod 21) +1     --    (TTW: 2 Sekunden)
GGT(232_2)@workstation 18.06 22:45:50,080| DISPATCHER: Leite Befehl {send,252} an meinen Worker weiter...
GGT(232_2)@workstation 18.06 22:45:52,096| informiere (brief_mi) Koordinator coordinator ueber neuen Mi:21
GGT(232_2)@workstation 18.06 22:45:52,096| Sende (send) Nachbarn '231_2' und '233_3' neuen Mi:21
GGT(232_2)@workstation 18.06 22:45:52,096| Send erhalten Y:252
GGT(232_2)@workstation 18.06 22:45:52,096| ALGO: ((21 -1) mod 252) +1     --    (TTW: 2 Sekunden)
GGT(232_2)@workstation 18.06 22:45:54,111| Mi NICHT geaendert! (ist und bleibt: 21)
GGT(232_2)@workstation 18.06 22:45:54,111| DISPATCHER: Leite Befehl {send,21} an meinen Worker weiter...
GGT(232_2)@workstation 18.06 22:45:54,111| Send erhalten Y:21
GGT(232_2)@workstation 18.06 22:45:54,111| ALGO: ((21 -1) mod 21) +1     --    (TTW: 2 Sekunden)
GGT(232_2)@workstation 18.06 22:45:56,127| Mi NICHT geaendert! (ist und bleibt: 21)
GGT(232_2)@workstation 18.06 22:46:00,205| DISPATCHER: Leite Befehl {vote,'233_2'} an meinen Worker weiter...
GGT(232_2)@workstation 18.06 22:46:00,205| ### vote erhalten! Ich = '232_2'  Initiator = '233_2') ###
GGT(232_2)@workstation 18.06 22:46:00,221| Leite Anfrage (vote) an den Linken Nachbarn '231_2' weiter (implizites Zustimmen)
GGT(232_2)@workstation 18.06 22:46:17,986| <11990.1242.0> erfragt aktuellen Status. Sende vote
GGT(232_2)@workstation 18.06 22:46:30,517| <11990.1242.0> erfragt aktuellen Mi. Sende Mi = 21
GGT(232_2)@workstation 18.06 22:49:14,377| 같같같같 CATCHED set_pmi mit 975975 
GGT(232_2)@workstation 18.06 22:49:14,377| WORKER: Neuer Mi wurde mitgeteilt (Neue berechnung). Mi:975975
GGT(232_2)@workstation 18.06 22:49:24,392| TTT Timer ist abgelaufen. Informiere meine linken Nachbarn ('231_2') ueber vote
GGT(232_2)@workstation 18.06 22:49:24,408| DISPATCHER: Leite Befehl {vote,'233_3'} an meinen Worker weiter...
GGT(232_2)@workstation 18.06 22:49:24,408| ### vote erhalten! Ich = '232_2'  Initiator = '233_3') ###
GGT(232_2)@workstation 18.06 22:49:24,408| Leite Anfrage (vote) an den Linken Nachbarn '231_2' weiter (implizites Zustimmen)
GGT(232_2)@workstation 18.06 22:49:24,424| DISPATCHER: Leite Befehl {vote,'232_1'} an meinen Worker weiter...
GGT(232_2)@workstation 18.06 22:49:24,424| ### vote erhalten! Ich = '232_2'  Initiator = '232_1') ###
GGT(232_2)@workstation 18.06 22:49:24,424| Leite Anfrage (vote) an den Linken Nachbarn '231_2' weiter (implizites Zustimmen)
GGT(232_2)@workstation 18.06 22:49:30,549| DISPATCHER: Leite Befehl {send,819} an meinen Worker weiter...
GGT(232_2)@workstation 18.06 22:49:30,549| Send erhalten Y:819
GGT(232_2)@workstation 18.06 22:49:30,549| ALGO: ((975975 -1) mod 819) +1     --    (TTW: 2 Sekunden)
GGT(232_2)@workstation 18.06 22:49:32,564| informiere (brief_mi) Koordinator coordinator ueber neuen Mi:546
GGT(232_2)@workstation 18.06 22:49:32,564| Sende (send) Nachbarn '231_2' und '233_3' neuen Mi:546
GGT(232_2)@workstation 18.06 22:49:32,642| DISPATCHER: Leite Befehl {send,385} an meinen Worker weiter...
GGT(232_2)@workstation 18.06 22:49:32,642| Send erhalten Y:385
GGT(232_2)@workstation 18.06 22:49:32,642| ALGO: ((546 -1) mod 385) +1     --    (TTW: 2 Sekunden)
GGT(232_2)@workstation 18.06 22:49:34,580| DISPATCHER: Leite Befehl {send,273} an meinen Worker weiter...
GGT(232_2)@workstation 18.06 22:49:34,658| informiere (brief_mi) Koordinator coordinator ueber neuen Mi:161
GGT(232_2)@workstation 18.06 22:49:34,658| Sende (send) Nachbarn '231_2' und '233_3' neuen Mi:161
GGT(232_2)@workstation 18.06 22:49:34,689| Send erhalten Y:273
GGT(232_2)@workstation 18.06 22:49:34,689| ALGO: ((161 -1) mod 273) +1     --    (TTW: 2 Sekunden)
GGT(232_2)@workstation 18.06 22:49:36,658| DISPATCHER: Leite Befehl {send,91} an meinen Worker weiter...
GGT(232_2)@workstation 18.06 22:49:36,705| DISPATCHER: Leite Befehl {send,77} an meinen Worker weiter...
GGT(232_2)@workstation 18.06 22:49:36,705| Mi NICHT geaendert! (ist und bleibt: 161)
GGT(232_2)@workstation 18.06 22:49:36,705| Send erhalten Y:91
GGT(232_2)@workstation 18.06 22:49:36,705| ALGO: ((161 -1) mod 91) +1     --    (TTW: 2 Sekunden)
GGT(232_2)@workstation 18.06 22:49:38,721| informiere (brief_mi) Koordinator coordinator ueber neuen Mi:70
GGT(232_2)@workstation 18.06 22:49:38,721| Sende (send) Nachbarn '231_2' und '233_3' neuen Mi:70
GGT(232_2)@workstation 18.06 22:49:38,736| Send erhalten Y:77
GGT(232_2)@workstation 18.06 22:49:38,752| ALGO: ((70 -1) mod 77) +1     --    (TTW: 2 Sekunden)
GGT(232_2)@workstation 18.06 22:49:40,658| DISPATCHER: Leite Befehl {send,7} an meinen Worker weiter...
GGT(232_2)@workstation 18.06 22:49:40,767| DISPATCHER: Leite Befehl {send,7} an meinen Worker weiter...
GGT(232_2)@workstation 18.06 22:49:40,767| Mi NICHT geaendert! (ist und bleibt: 70)
GGT(232_2)@workstation 18.06 22:49:40,767| Send erhalten Y:7
GGT(232_2)@workstation 18.06 22:49:40,767| ALGO: ((70 -1) mod 7) +1     --    (TTW: 2 Sekunden)
GGT(232_2)@workstation 18.06 22:49:42,783| informiere (brief_mi) Koordinator coordinator ueber neuen Mi:7
GGT(232_2)@workstation 18.06 22:49:42,783| Sende (send) Nachbarn '231_2' und '233_3' neuen Mi:7
GGT(232_2)@workstation 18.06 22:49:42,783| Send erhalten Y:7
GGT(232_2)@workstation 18.06 22:49:42,783| ALGO: ((7 -1) mod 7) +1     --    (TTW: 2 Sekunden)
GGT(232_2)@workstation 18.06 22:49:44,799| Mi NICHT geaendert! (ist und bleibt: 7)
GGT(232_2)@workstation 18.06 22:49:54,814| TTT Timer ist abgelaufen. Informiere meine linken Nachbarn ('231_2') ueber vote
GGT(232_2)@workstation 18.06 22:49:54,814| DISPATCHER: Leite Befehl {vote,'233_3'} an meinen Worker weiter...
GGT(232_2)@workstation 18.06 22:49:54,814| ### vote erhalten! Ich = '232_2'  Initiator = '233_3') ###
GGT(232_2)@workstation 18.06 22:49:54,814| Leite Anfrage (vote) an den Linken Nachbarn '231_2' weiter (implizites Zustimmen)
GGT(232_2)@workstation 18.06 22:49:54,924| DISPATCHER: Leite Befehl {vote,'233_2'} an meinen Worker weiter...
GGT(232_2)@workstation 18.06 22:49:54,939| DISPATCHER: Leite Befehl {vote,'232_2'} an meinen Worker weiter...
GGT(232_2)@workstation 18.06 22:49:54,939| ### vote erhalten! Ich = '232_2'  Initiator = '233_2') ###
GGT(232_2)@workstation 18.06 22:49:54,955| Leite Anfrage (vote) an den Linken Nachbarn '231_2' weiter (implizites Zustimmen)
GGT(232_2)@workstation 18.06 22:49:54,955| ### vote erhalten! Ich = '232_2'  Initiator = '232_2') ###
GGT(232_2)@workstation 18.06 22:49:54,971| Abstimmung erfolgreich! informiere (brief_term) Koordinator coordinator ueber errechneten GGT:7
GGT(232_2)@workstation 18.06 22:49:54,971| Abstimmung erfolgreich! Zaehle meine 'erfolgreich gemeldeten Terminierungsmeldungen hoch' Wert jetzt: 1
