

GGT(237_1)@lab24.cpt.haw-hamburg.de 18.06 16:45:26,683| ######################## 237_1 Status: SETUP ########################


GGT(237_1)@lab24.cpt.haw-hamburg.de 18.06 16:45:26,683| ######################## 237_1 Status: INITIAL ########################
GGT(237_1)@lab24.cpt.haw-hamburg.de 18.06 16:45:26,683| REBIND
GGT(237_1)@lab24.cpt.haw-hamburg.de 18.06 16:45:26,684| CHECK_IN
GGT(237_1)@lab24.cpt.haw-hamburg.de 18.06 16:46:35,794| Nachbarn wurden mitgeteilt {L: '214_2' | R: '244_2'}
GGT(237_1)@lab24.cpt.haw-hamburg.de 18.06 16:46:35,794| DISPATCHER: Leite Befehl {rebind_res,ok} an meinen Worker weiter...


GGT(237_1)@lab24.cpt.haw-hamburg.de 18.06 16:46:35,794| ######################## 237_1 Status: PRE_PROCESS ########################
GGT(237_1)@lab24.cpt.haw-hamburg.de 18.06 16:46:53,436| DISPATCHER: Leite Befehl {set_pmi,2242500} an meinen Worker weiter...
GGT(237_1)@lab24.cpt.haw-hamburg.de 18.06 16:46:53,436| Initial Mi wurde mitgeteilt. Mi:2242500


GGT(237_1)@lab24.cpt.haw-hamburg.de 18.06 16:46:53,437| ######################## 237_1 Status: PROCESS ########################
GGT(237_1)@lab24.cpt.haw-hamburg.de 18.06 16:46:53,450| DISPATCHER: Leite Befehl {send,2788500} an meinen Worker weiter...
GGT(237_1)@lab24.cpt.haw-hamburg.de 18.06 16:46:53,450| Send erhalten Y:2788500
GGT(237_1)@lab24.cpt.haw-hamburg.de 18.06 16:46:53,450| ALGO: ((2242500 -1) mod 2788500) +1     --    (TTW: 3 Sekunden)
GGT(237_1)@lab24.cpt.haw-hamburg.de 18.06 16:46:56,433| DISPATCHER: Leite Befehl {vote,'216_3'} an meinen Worker weiter...
GGT(237_1)@lab24.cpt.haw-hamburg.de 18.06 16:46:56,433| DISPATCHER: Leite Befehl {vote,'215_4'} an meinen Worker weiter...
GGT(237_1)@lab24.cpt.haw-hamburg.de 18.06 16:46:56,446| DISPATCHER: Leite Befehl {vote,'244_2'} an meinen Worker weiter...
GGT(237_1)@lab24.cpt.haw-hamburg.de 18.06 16:46:56,448| DISPATCHER: Leite Befehl {vote,'245_4'} an meinen Worker weiter...
GGT(237_1)@lab24.cpt.haw-hamburg.de 18.06 16:46:56,450| DISPATCHER: Leite Befehl {vote,'248_1'} an meinen Worker weiter...
GGT(237_1)@lab24.cpt.haw-hamburg.de 18.06 16:46:56,452| Mi NICHT geaendert! (ist und bleibt: 2242500)
GGT(237_1)@lab24.cpt.haw-hamburg.de 18.06 16:46:56,454| DISPATCHER: Leite Befehl {vote,'249_2'} an meinen Worker weiter...
GGT(237_1)@lab24.cpt.haw-hamburg.de 18.06 16:46:56,454| ### vote erhalten! Ich = '237_1'  Initiator = '216_3') ###
GGT(237_1)@lab24.cpt.haw-hamburg.de 18.06 16:46:56,454| Leite Anfrage (vote) an den Linken Nachbarn '214_2' weiter (implizites Zustimmen)
GGT(237_1)@lab24.cpt.haw-hamburg.de 18.06 16:46:56,457| ### vote erhalten! Ich = '237_1'  Initiator = '215_4') ###
GGT(237_1)@lab24.cpt.haw-hamburg.de 18.06 16:46:56,457| Leite Anfrage (vote) an den Linken Nachbarn '214_2' weiter (implizites Zustimmen)
GGT(237_1)@lab24.cpt.haw-hamburg.de 18.06 16:46:56,459| TTT Timer ist abgelaufen. Informiere meine linken Nachbarn ('214_2') ueber vote
GGT(237_1)@lab24.cpt.haw-hamburg.de 18.06 16:46:56,460| ### vote erhalten! Ich = '237_1'  Initiator = '244_2') ###
GGT(237_1)@lab24.cpt.haw-hamburg.de 18.06 16:46:56,460| Leite Anfrage (vote) an den Linken Nachbarn '214_2' weiter (implizites Zustimmen)
GGT(237_1)@lab24.cpt.haw-hamburg.de 18.06 16:46:56,461| ### vote erhalten! Ich = '237_1'  Initiator = '245_4') ###
GGT(237_1)@lab24.cpt.haw-hamburg.de 18.06 16:46:56,461| Leite Anfrage (vote) an den Linken Nachbarn '214_2' weiter (implizites Zustimmen)
GGT(237_1)@lab24.cpt.haw-hamburg.de 18.06 16:46:56,462| ### vote erhalten! Ich = '237_1'  Initiator = '248_1') ###
GGT(237_1)@lab24.cpt.haw-hamburg.de 18.06 16:46:56,462| Leite Anfrage (vote) an den Linken Nachbarn '214_2' weiter (implizites Zustimmen)
GGT(237_1)@lab24.cpt.haw-hamburg.de 18.06 16:46:56,463| ### vote erhalten! Ich = '237_1'  Initiator = '249_2') ###
GGT(237_1)@lab24.cpt.haw-hamburg.de 18.06 16:46:56,463| Leite Anfrage (vote) an den Linken Nachbarn '214_2' weiter (implizites Zustimmen)
GGT(237_1)@lab24.cpt.haw-hamburg.de 18.06 16:46:59,454| DISPATCHER: Leite Befehl {vote,'215_3'} an meinen Worker weiter...
GGT(237_1)@lab24.cpt.haw-hamburg.de 18.06 16:46:59,454| DISPATCHER: Leite Befehl {vote,'211_3'} an meinen Worker weiter...
GGT(237_1)@lab24.cpt.haw-hamburg.de 18.06 16:46:59,454| ### vote erhalten! Ich = '237_1'  Initiator = '215_3') ###
GGT(237_1)@lab24.cpt.haw-hamburg.de 18.06 16:46:59,454| Leite Anfrage (vote) an den Linken Nachbarn '214_2' weiter (implizites Zustimmen)
GGT(237_1)@lab24.cpt.haw-hamburg.de 18.06 16:46:59,454| DISPATCHER: Leite Befehl {vote,'2110_2'} an meinen Worker weiter...
GGT(237_1)@lab24.cpt.haw-hamburg.de 18.06 16:46:59,455| ### vote erhalten! Ich = '237_1'  Initiator = '211_3') ###
GGT(237_1)@lab24.cpt.haw-hamburg.de 18.06 16:46:59,455| Leite Anfrage (vote) an den Linken Nachbarn '214_2' weiter (implizites Zustimmen)
GGT(237_1)@lab24.cpt.haw-hamburg.de 18.06 16:46:59,455| DISPATCHER: Leite Befehl {vote,'218_3'} an meinen Worker weiter...
GGT(237_1)@lab24.cpt.haw-hamburg.de 18.06 16:46:59,456| DISPATCHER: Leite Befehl {vote,'212_2'} an meinen Worker weiter...
GGT(237_1)@lab24.cpt.haw-hamburg.de 18.06 16:46:59,456| ### vote erhalten! Ich = '237_1'  Initiator = '2110_2') ###
GGT(237_1)@lab24.cpt.haw-hamburg.de 18.06 16:46:59,456| Leite Anfrage (vote) an den Linken Nachbarn '214_2' weiter (implizites Zustimmen)
GGT(237_1)@lab24.cpt.haw-hamburg.de 18.06 16:46:59,456| DISPATCHER: Leite Befehl {vote,'239_1'} an meinen Worker weiter...
GGT(237_1)@lab24.cpt.haw-hamburg.de 18.06 16:46:59,457| DISPATCHER: Leite Befehl {vote,'212_3'} an meinen Worker weiter...
GGT(237_1)@lab24.cpt.haw-hamburg.de 18.06 16:46:59,457| ### vote erhalten! Ich = '237_1'  Initiator = '218_3') ###
GGT(237_1)@lab24.cpt.haw-hamburg.de 18.06 16:46:59,457| Leite Anfrage (vote) an den Linken Nachbarn '214_2' weiter (implizites Zustimmen)
GGT(237_1)@lab24.cpt.haw-hamburg.de 18.06 16:46:59,457| DISPATCHER: Leite Befehl {vote,'219_1'} an meinen Worker weiter...
GGT(237_1)@lab24.cpt.haw-hamburg.de 18.06 16:46:59,458| DISPATCHER: Leite Befehl {vote,'217_2'} an meinen Worker weiter...
GGT(237_1)@lab24.cpt.haw-hamburg.de 18.06 16:46:59,458| ### vote erhalten! Ich = '237_1'  Initiator = '212_2') ###
GGT(237_1)@lab24.cpt.haw-hamburg.de 18.06 16:46:59,458| Leite Anfrage (vote) an den Linken Nachbarn '214_2' weiter (implizites Zustimmen)
GGT(237_1)@lab24.cpt.haw-hamburg.de 18.06 16:46:59,458| DISPATCHER: Leite Befehl {vote,'219_3'} an meinen Worker weiter...
GGT(237_1)@lab24.cpt.haw-hamburg.de 18.06 16:46:59,461| ### vote erhalten! Ich = '237_1'  Initiator = '239_1') ###
GGT(237_1)@lab24.cpt.haw-hamburg.de 18.06 16:46:59,461| Leite Anfrage (vote) an den Linken Nachbarn '214_2' weiter (implizites Zustimmen)
GGT(237_1)@lab24.cpt.haw-hamburg.de 18.06 16:46:59,462| DISPATCHER: Leite Befehl {vote,'242_3'} an meinen Worker weiter...
GGT(237_1)@lab24.cpt.haw-hamburg.de 18.06 16:46:59,462| DISPATCHER: Leite Befehl {vote,'2410_4'} an meinen Worker weiter...
GGT(237_1)@lab24.cpt.haw-hamburg.de 18.06 16:46:59,462| DISPATCHER: Leite Befehl {vote,'241_3'} an meinen Worker weiter...
GGT(237_1)@lab24.cpt.haw-hamburg.de 18.06 16:46:59,462| DISPATCHER: Leite Befehl {vote,'241_4'} an meinen Worker weiter...
GGT(237_1)@lab24.cpt.haw-hamburg.de 18.06 16:46:59,462| DISPATCHER: Leite Befehl {vote,'242_4'} an meinen Worker weiter...
GGT(237_1)@lab24.cpt.haw-hamburg.de 18.06 16:46:59,462| DISPATCHER: Leite Befehl {vote,'246_3'} an meinen Worker weiter...
GGT(237_1)@lab24.cpt.haw-hamburg.de 18.06 16:46:59,462| DISPATCHER: Leite Befehl {vote,'249_1'} an meinen Worker weiter...
GGT(237_1)@lab24.cpt.haw-hamburg.de 18.06 16:46:59,463| DISPATCHER: Leite Befehl {vote,'245_2'} an meinen Worker weiter...
GGT(237_1)@lab24.cpt.haw-hamburg.de 18.06 16:46:59,463| DISPATCHER: Leite Befehl {vote,'244_1'} an meinen Worker weiter...
GGT(237_1)@lab24.cpt.haw-hamburg.de 18.06 16:46:59,463| DISPATCHER: Leite Befehl {vote,'216_2'} an meinen Worker weiter...
GGT(237_1)@lab24.cpt.haw-hamburg.de 18.06 16:46:59,463| DISPATCHER: Leite Befehl {vote,'239_2'} an meinen Worker weiter...
GGT(237_1)@lab24.cpt.haw-hamburg.de 18.06 16:46:59,463| ### vote erhalten! Ich = '237_1'  Initiator = '212_3') ###
GGT(237_1)@lab24.cpt.haw-hamburg.de 18.06 16:46:59,463| Leite Anfrage (vote) an den Linken Nachbarn '214_2' weiter (implizites Zustimmen)
GGT(237_1)@lab24.cpt.haw-hamburg.de 18.06 16:46:59,463| DISPATCHER: Leite Befehl {vote,'245_1'} an meinen Worker weiter...
GGT(237_1)@lab24.cpt.haw-hamburg.de 18.06 16:46:59,464| ### vote erhalten! Ich = '237_1'  Initiator = '219_1') ###
GGT(237_1)@lab24.cpt.haw-hamburg.de 18.06 16:46:59,464| Leite Anfrage (vote) an den Linken Nachbarn '214_2' weiter (implizites Zustimmen)
GGT(237_1)@lab24.cpt.haw-hamburg.de 18.06 16:46:59,466| ### vote erhalten! Ich = '237_1'  Initiator = '217_2') ###
GGT(237_1)@lab24.cpt.haw-hamburg.de 18.06 16:46:59,466| Leite Anfrage (vote) an den Linken Nachbarn '214_2' weiter (implizites Zustimmen)
GGT(237_1)@lab24.cpt.haw-hamburg.de 18.06 16:46:59,466| ### vote erhalten! Ich = '237_1'  Initiator = '219_3') ###
GGT(237_1)@lab24.cpt.haw-hamburg.de 18.06 16:46:59,467| Leite Anfrage (vote) an den Linken Nachbarn '214_2' weiter (implizites Zustimmen)
GGT(237_1)@lab24.cpt.haw-hamburg.de 18.06 16:46:59,467| ### vote erhalten! Ich = '237_1'  Initiator = '242_3') ###
GGT(237_1)@lab24.cpt.haw-hamburg.de 18.06 16:46:59,467| Leite Anfrage (vote) an den Linken Nachbarn '214_2' weiter (implizites Zustimmen)
GGT(237_1)@lab24.cpt.haw-hamburg.de 18.06 16:46:59,468| ### vote erhalten! Ich = '237_1'  Initiator = '2410_4') ###
GGT(237_1)@lab24.cpt.haw-hamburg.de 18.06 16:46:59,468| Leite Anfrage (vote) an den Linken Nachbarn '214_2' weiter (implizites Zustimmen)
GGT(237_1)@lab24.cpt.haw-hamburg.de 18.06 16:46:59,469| ### vote erhalten! Ich = '237_1'  Initiator = '241_3') ###
GGT(237_1)@lab24.cpt.haw-hamburg.de 18.06 16:46:59,469| Leite Anfrage (vote) an den Linken Nachbarn '214_2' weiter (implizites Zustimmen)
GGT(237_1)@lab24.cpt.haw-hamburg.de 18.06 16:46:59,470| ### vote erhalten! Ich = '237_1'  Initiator = '241_4') ###
GGT(237_1)@lab24.cpt.haw-hamburg.de 18.06 16:46:59,470| Leite Anfrage (vote) an den Linken Nachbarn '214_2' weiter (implizites Zustimmen)
GGT(237_1)@lab24.cpt.haw-hamburg.de 18.06 16:46:59,471| ### vote erhalten! Ich = '237_1'  Initiator = '242_4') ###
GGT(237_1)@lab24.cpt.haw-hamburg.de 18.06 16:46:59,471| Leite Anfrage (vote) an den Linken Nachbarn '214_2' weiter (implizites Zustimmen)
GGT(237_1)@lab24.cpt.haw-hamburg.de 18.06 16:46:59,473| ### vote erhalten! Ich = '237_1'  Initiator = '246_3') ###
GGT(237_1)@lab24.cpt.haw-hamburg.de 18.06 16:46:59,473| Leite Anfrage (vote) an den Linken Nachbarn '214_2' weiter (implizites Zustimmen)
GGT(237_1)@lab24.cpt.haw-hamburg.de 18.06 16:46:59,474| ### vote erhalten! Ich = '237_1'  Initiator = '249_1') ###
GGT(237_1)@lab24.cpt.haw-hamburg.de 18.06 16:46:59,474| Leite Anfrage (vote) an den Linken Nachbarn '214_2' weiter (implizites Zustimmen)
GGT(237_1)@lab24.cpt.haw-hamburg.de 18.06 16:46:59,474| ### vote erhalten! Ich = '237_1'  Initiator = '245_2') ###
GGT(237_1)@lab24.cpt.haw-hamburg.de 18.06 16:46:59,474| Leite Anfrage (vote) an den Linken Nachbarn '214_2' weiter (implizites Zustimmen)
GGT(237_1)@lab24.cpt.haw-hamburg.de 18.06 16:46:59,475| ### vote erhalten! Ich = '237_1'  Initiator = '244_1') ###
GGT(237_1)@lab24.cpt.haw-hamburg.de 18.06 16:46:59,475| Leite Anfrage (vote) an den Linken Nachbarn '214_2' weiter (implizites Zustimmen)
GGT(237_1)@lab24.cpt.haw-hamburg.de 18.06 16:46:59,478| ### vote erhalten! Ich = '237_1'  Initiator = '216_2') ###
GGT(237_1)@lab24.cpt.haw-hamburg.de 18.06 16:46:59,478| Leite Anfrage (vote) an den Linken Nachbarn '214_2' weiter (implizites Zustimmen)
GGT(237_1)@lab24.cpt.haw-hamburg.de 18.06 16:46:59,478| ### vote erhalten! Ich = '237_1'  Initiator = '239_2') ###
GGT(237_1)@lab24.cpt.haw-hamburg.de 18.06 16:46:59,478| Leite Anfrage (vote) an den Linken Nachbarn '214_2' weiter (implizites Zustimmen)
GGT(237_1)@lab24.cpt.haw-hamburg.de 18.06 16:46:59,479| ### vote erhalten! Ich = '237_1'  Initiator = '245_1') ###
GGT(237_1)@lab24.cpt.haw-hamburg.de 18.06 16:46:59,479| Leite Anfrage (vote) an den Linken Nachbarn '214_2' weiter (implizites Zustimmen)
GGT(237_1)@lab24.cpt.haw-hamburg.de 18.06 16:47:02,454| DISPATCHER: Leite Befehl {vote,'249_2'} an meinen Worker weiter...
GGT(237_1)@lab24.cpt.haw-hamburg.de 18.06 16:47:02,455| DISPATCHER: Leite Befehl {vote,'248_3'} an meinen Worker weiter...
GGT(237_1)@lab24.cpt.haw-hamburg.de 18.06 16:47:02,457| ### vote erhalten! Ich = '237_1'  Initiator = '249_2') ###
GGT(237_1)@lab24.cpt.haw-hamburg.de 18.06 16:47:02,457| Leite Anfrage (vote) an den Linken Nachbarn '214_2' weiter (implizites Zustimmen)
GGT(237_1)@lab24.cpt.haw-hamburg.de 18.06 16:47:02,458| ### vote erhalten! Ich = '237_1'  Initiator = '248_3') ###
GGT(237_1)@lab24.cpt.haw-hamburg.de 18.06 16:47:02,458| Leite Anfrage (vote) an den Linken Nachbarn '214_2' weiter (implizites Zustimmen)
GGT(237_1)@lab24.cpt.haw-hamburg.de 18.06 16:47:05,476| DISPATCHER: Leite Befehl {vote,'217_2'} an meinen Worker weiter...
GGT(237_1)@lab24.cpt.haw-hamburg.de 18.06 16:47:05,477| ### vote erhalten! Ich = '237_1'  Initiator = '217_2') ###
GGT(237_1)@lab24.cpt.haw-hamburg.de 18.06 16:47:05,477| Leite Anfrage (vote) an den Linken Nachbarn '214_2' weiter (implizites Zustimmen)
GGT(237_1)@lab24.cpt.haw-hamburg.de 18.06 16:47:05,480| DISPATCHER: Leite Befehl {vote,'245_1'} an meinen Worker weiter...
GGT(237_1)@lab24.cpt.haw-hamburg.de 18.06 16:47:05,481| ### vote erhalten! Ich = '237_1'  Initiator = '245_1') ###
GGT(237_1)@lab24.cpt.haw-hamburg.de 18.06 16:47:05,481| Leite Anfrage (vote) an den Linken Nachbarn '214_2' weiter (implizites Zustimmen)
GGT(237_1)@lab24.cpt.haw-hamburg.de 18.06 16:47:05,481| DISPATCHER: Leite Befehl {vote,'239_2'} an meinen Worker weiter...
GGT(237_1)@lab24.cpt.haw-hamburg.de 18.06 16:47:05,482| ### vote erhalten! Ich = '237_1'  Initiator = '239_2') ###
GGT(237_1)@lab24.cpt.haw-hamburg.de 18.06 16:47:05,482| Leite Anfrage (vote) an den Linken Nachbarn '214_2' weiter (implizites Zustimmen)
GGT(237_1)@lab24.cpt.haw-hamburg.de 18.06 16:47:32,476| DISPATCHER: Leite Befehl {send,100} an meinen Worker weiter...
GGT(237_1)@lab24.cpt.haw-hamburg.de 18.06 16:47:32,476| Send erhalten Y:100
GGT(237_1)@lab24.cpt.haw-hamburg.de 18.06 16:47:32,476| ALGO: ((2242500 -1) mod 100) +1     --    (TTW: 3 Sekunden)
GGT(237_1)@lab24.cpt.haw-hamburg.de 18.06 16:47:35,478| informiere (brief_mi) Koordinator coordinator ueber neuen Mi:100
GGT(237_1)@lab24.cpt.haw-hamburg.de 18.06 16:47:35,478| Sende (send) Nachbarn '214_2' und '244_2' neuen Mi:100
GGT(237_1)@lab24.cpt.haw-hamburg.de 18.06 16:47:38,479| TTT Timer ist abgelaufen. Informiere meine linken Nachbarn ('214_2') ueber vote
GGT(237_1)@lab24.cpt.haw-hamburg.de 18.06 16:47:38,481| DISPATCHER: Leite Befehl {send,100} an meinen Worker weiter...
GGT(237_1)@lab24.cpt.haw-hamburg.de 18.06 16:47:38,481| Send erhalten Y:100
GGT(237_1)@lab24.cpt.haw-hamburg.de 18.06 16:47:38,482| ALGO: ((100 -1) mod 100) +1     --    (TTW: 3 Sekunden)
GGT(237_1)@lab24.cpt.haw-hamburg.de 18.06 16:47:38,483| DISPATCHER: Leite Befehl {send,100} an meinen Worker weiter...
GGT(237_1)@lab24.cpt.haw-hamburg.de 18.06 16:47:41,482| DISPATCHER: Leite Befehl {vote,'244_2'} an meinen Worker weiter...
GGT(237_1)@lab24.cpt.haw-hamburg.de 18.06 16:47:41,483| DISPATCHER: Leite Befehl {vote,'244_2'} an meinen Worker weiter...
GGT(237_1)@lab24.cpt.haw-hamburg.de 18.06 16:47:41,483| Mi NICHT geaendert! (ist und bleibt: 100)
GGT(237_1)@lab24.cpt.haw-hamburg.de 18.06 16:47:41,483| Send erhalten Y:100
GGT(237_1)@lab24.cpt.haw-hamburg.de 18.06 16:47:41,483| ALGO: ((100 -1) mod 100) +1     --    (TTW: 3 Sekunden)
GGT(237_1)@lab24.cpt.haw-hamburg.de 18.06 16:47:44,484| Mi NICHT geaendert! (ist und bleibt: 100)
GGT(237_1)@lab24.cpt.haw-hamburg.de 18.06 16:47:44,485| ### vote erhalten! Ich = '237_1'  Initiator = '244_2') ###
GGT(237_1)@lab24.cpt.haw-hamburg.de 18.06 16:47:44,485| implizit abgelehnt
GGT(237_1)@lab24.cpt.haw-hamburg.de 18.06 16:47:44,488| ### vote erhalten! Ich = '237_1'  Initiator = '244_2') ###
GGT(237_1)@lab24.cpt.haw-hamburg.de 18.06 16:47:44,488| Leite Anfrage (vote) an den Linken Nachbarn '214_2' weiter (implizites Zustimmen)
GGT(237_1)@lab24.cpt.haw-hamburg.de 18.06 16:47:47,485| DISPATCHER: Leite Befehl {vote,'244_2'} an meinen Worker weiter...
GGT(237_1)@lab24.cpt.haw-hamburg.de 18.06 16:47:47,486| ### vote erhalten! Ich = '237_1'  Initiator = '244_2') ###
GGT(237_1)@lab24.cpt.haw-hamburg.de 18.06 16:47:47,486| Leite Anfrage (vote) an den Linken Nachbarn '214_2' weiter (implizites Zustimmen)
GGT(237_1)@lab24.cpt.haw-hamburg.de 18.06 16:47:47,486| DISPATCHER: Leite Befehl {vote,'216_3'} an meinen Worker weiter...
GGT(237_1)@lab24.cpt.haw-hamburg.de 18.06 16:47:47,486| DISPATCHER: Leite Befehl {vote,'215_4'} an meinen Worker weiter...
GGT(237_1)@lab24.cpt.haw-hamburg.de 18.06 16:47:47,487| ### vote erhalten! Ich = '237_1'  Initiator = '216_3') ###
GGT(237_1)@lab24.cpt.haw-hamburg.de 18.06 16:47:47,487| Leite Anfrage (vote) an den Linken Nachbarn '214_2' weiter (implizites Zustimmen)
GGT(237_1)@lab24.cpt.haw-hamburg.de 18.06 16:47:47,488| ### vote erhalten! Ich = '237_1'  Initiator = '215_4') ###
GGT(237_1)@lab24.cpt.haw-hamburg.de 18.06 16:47:47,488| Leite Anfrage (vote) an den Linken Nachbarn '214_2' weiter (implizites Zustimmen)
GGT(237_1)@lab24.cpt.haw-hamburg.de 18.06 16:47:50,489| DISPATCHER: Leite Befehl {vote,'245_4'} an meinen Worker weiter...
GGT(237_1)@lab24.cpt.haw-hamburg.de 18.06 16:47:50,489| DISPATCHER: Leite Befehl {vote,'215_4'} an meinen Worker weiter...
GGT(237_1)@lab24.cpt.haw-hamburg.de 18.06 16:47:50,489| ### vote erhalten! Ich = '237_1'  Initiator = '245_4') ###
GGT(237_1)@lab24.cpt.haw-hamburg.de 18.06 16:47:50,489| Leite Anfrage (vote) an den Linken Nachbarn '214_2' weiter (implizites Zustimmen)
GGT(237_1)@lab24.cpt.haw-hamburg.de 18.06 16:47:50,490| DISPATCHER: Leite Befehl {vote,'245_4'} an meinen Worker weiter...
GGT(237_1)@lab24.cpt.haw-hamburg.de 18.06 16:47:50,490| ### vote erhalten! Ich = '237_1'  Initiator = '215_4') ###
GGT(237_1)@lab24.cpt.haw-hamburg.de 18.06 16:47:50,490| Leite Anfrage (vote) an den Linken Nachbarn '214_2' weiter (implizites Zustimmen)
GGT(237_1)@lab24.cpt.haw-hamburg.de 18.06 16:47:50,491| ### vote erhalten! Ich = '237_1'  Initiator = '245_4') ###
GGT(237_1)@lab24.cpt.haw-hamburg.de 18.06 16:47:50,491| Leite Anfrage (vote) an den Linken Nachbarn '214_2' weiter (implizites Zustimmen)
GGT(237_1)@lab24.cpt.haw-hamburg.de 18.06 16:47:56,491| DISPATCHER: Leite Befehl {vote,'248_1'} an meinen Worker weiter...
GGT(237_1)@lab24.cpt.haw-hamburg.de 18.06 16:47:56,494| DISPATCHER: Leite Befehl {vote,'245_4'} an meinen Worker weiter...
GGT(237_1)@lab24.cpt.haw-hamburg.de 18.06 16:47:56,494| ### vote erhalten! Ich = '237_1'  Initiator = '248_1') ###
GGT(237_1)@lab24.cpt.haw-hamburg.de 18.06 16:47:56,494| Leite Anfrage (vote) an den Linken Nachbarn '214_2' weiter (implizites Zustimmen)
GGT(237_1)@lab24.cpt.haw-hamburg.de 18.06 16:47:56,495| ### vote erhalten! Ich = '237_1'  Initiator = '245_4') ###
GGT(237_1)@lab24.cpt.haw-hamburg.de 18.06 16:47:56,495| Leite Anfrage (vote) an den Linken Nachbarn '214_2' weiter (implizites Zustimmen)
GGT(237_1)@lab24.cpt.haw-hamburg.de 18.06 16:47:59,491| DISPATCHER: Leite Befehl {vote,'245_4'} an meinen Worker weiter...
GGT(237_1)@lab24.cpt.haw-hamburg.de 18.06 16:47:59,492| ### vote erhalten! Ich = '237_1'  Initiator = '245_4') ###
GGT(237_1)@lab24.cpt.haw-hamburg.de 18.06 16:47:59,492| Leite Anfrage (vote) an den Linken Nachbarn '214_2' weiter (implizites Zustimmen)
GGT(237_1)@lab24.cpt.haw-hamburg.de 18.06 16:47:59,497| DISPATCHER: Leite Befehl {vote,'248_1'} an meinen Worker weiter...
GGT(237_1)@lab24.cpt.haw-hamburg.de 18.06 16:47:59,497| DISPATCHER: Leite Befehl {vote,'248_1'} an meinen Worker weiter...
GGT(237_1)@lab24.cpt.haw-hamburg.de 18.06 16:47:59,497| ### vote erhalten! Ich = '237_1'  Initiator = '248_1') ###
GGT(237_1)@lab24.cpt.haw-hamburg.de 18.06 16:47:59,497| Leite Anfrage (vote) an den Linken Nachbarn '214_2' weiter (implizites Zustimmen)
GGT(237_1)@lab24.cpt.haw-hamburg.de 18.06 16:47:59,498| DISPATCHER: Leite Befehl {vote,'249_2'} an meinen Worker weiter...
GGT(237_1)@lab24.cpt.haw-hamburg.de 18.06 16:47:59,498| DISPATCHER: Leite Befehl {vote,'249_2'} an meinen Worker weiter...
GGT(237_1)@lab24.cpt.haw-hamburg.de 18.06 16:47:59,499| ### vote erhalten! Ich = '237_1'  Initiator = '248_1') ###
GGT(237_1)@lab24.cpt.haw-hamburg.de 18.06 16:47:59,499| Leite Anfrage (vote) an den Linken Nachbarn '214_2' weiter (implizites Zustimmen)
GGT(237_1)@lab24.cpt.haw-hamburg.de 18.06 16:47:59,500| ### vote erhalten! Ich = '237_1'  Initiator = '249_2') ###
GGT(237_1)@lab24.cpt.haw-hamburg.de 18.06 16:47:59,500| Leite Anfrage (vote) an den Linken Nachbarn '214_2' weiter (implizites Zustimmen)
GGT(237_1)@lab24.cpt.haw-hamburg.de 18.06 16:47:59,500| ### vote erhalten! Ich = '237_1'  Initiator = '249_2') ###
GGT(237_1)@lab24.cpt.haw-hamburg.de 18.06 16:47:59,500| Leite Anfrage (vote) an den Linken Nachbarn '214_2' weiter (implizites Zustimmen)
GGT(237_1)@lab24.cpt.haw-hamburg.de 18.06 16:48:02,497| DISPATCHER: Leite Befehl {vote,'248_1'} an meinen Worker weiter...
GGT(237_1)@lab24.cpt.haw-hamburg.de 18.06 16:48:02,498| ### vote erhalten! Ich = '237_1'  Initiator = '248_1') ###
GGT(237_1)@lab24.cpt.haw-hamburg.de 18.06 16:48:02,498| Leite Anfrage (vote) an den Linken Nachbarn '214_2' weiter (implizites Zustimmen)
GGT(237_1)@lab24.cpt.haw-hamburg.de 18.06 16:48:02,498| DISPATCHER: Leite Befehl {vote,'249_2'} an meinen Worker weiter...
GGT(237_1)@lab24.cpt.haw-hamburg.de 18.06 16:48:02,498| DISPATCHER: Leite Befehl {vote,'215_3'} an meinen Worker weiter...
GGT(237_1)@lab24.cpt.haw-hamburg.de 18.06 16:48:02,498| DISPATCHER: Leite Befehl {vote,'248_3'} an meinen Worker weiter...
GGT(237_1)@lab24.cpt.haw-hamburg.de 18.06 16:48:02,499| ### vote erhalten! Ich = '237_1'  Initiator = '249_2') ###
GGT(237_1)@lab24.cpt.haw-hamburg.de 18.06 16:48:02,499| Leite Anfrage (vote) an den Linken Nachbarn '214_2' weiter (implizites Zustimmen)
GGT(237_1)@lab24.cpt.haw-hamburg.de 18.06 16:48:02,499| DISPATCHER: Leite Befehl {vote,'248_3'} an meinen Worker weiter...
GGT(237_1)@lab24.cpt.haw-hamburg.de 18.06 16:48:02,499| ### vote erhalten! Ich = '237_1'  Initiator = '215_3') ###
GGT(237_1)@lab24.cpt.haw-hamburg.de 18.06 16:48:02,499| Leite Anfrage (vote) an den Linken Nachbarn '214_2' weiter (implizites Zustimmen)
GGT(237_1)@lab24.cpt.haw-hamburg.de 18.06 16:48:02,501| ### vote erhalten! Ich = '237_1'  Initiator = '248_3') ###
GGT(237_1)@lab24.cpt.haw-hamburg.de 18.06 16:48:02,501| Leite Anfrage (vote) an den Linken Nachbarn '214_2' weiter (implizites Zustimmen)
GGT(237_1)@lab24.cpt.haw-hamburg.de 18.06 16:48:02,502| ### vote erhalten! Ich = '237_1'  Initiator = '248_3') ###
GGT(237_1)@lab24.cpt.haw-hamburg.de 18.06 16:48:02,502| Leite Anfrage (vote) an den Linken Nachbarn '214_2' weiter (implizites Zustimmen)
GGT(237_1)@lab24.cpt.haw-hamburg.de 18.06 16:48:08,502| DISPATCHER: Leite Befehl {vote,'248_3'} an meinen Worker weiter...
GGT(237_1)@lab24.cpt.haw-hamburg.de 18.06 16:48:08,502| DISPATCHER: Leite Befehl {vote,'239_1'} an meinen Worker weiter...
GGT(237_1)@lab24.cpt.haw-hamburg.de 18.06 16:48:08,502| ### vote erhalten! Ich = '237_1'  Initiator = '248_3') ###
GGT(237_1)@lab24.cpt.haw-hamburg.de 18.06 16:48:08,502| Leite Anfrage (vote) an den Linken Nachbarn '214_2' weiter (implizites Zustimmen)
GGT(237_1)@lab24.cpt.haw-hamburg.de 18.06 16:48:08,503| ### vote erhalten! Ich = '237_1'  Initiator = '239_1') ###
GGT(237_1)@lab24.cpt.haw-hamburg.de 18.06 16:48:08,503| Leite Anfrage (vote) an den Linken Nachbarn '214_2' weiter (implizites Zustimmen)
GGT(237_1)@lab24.cpt.haw-hamburg.de 18.06 16:48:08,504| DISPATCHER: Leite Befehl {vote,'246_3'} an meinen Worker weiter...
GGT(237_1)@lab24.cpt.haw-hamburg.de 18.06 16:48:08,506| ### vote erhalten! Ich = '237_1'  Initiator = '246_3') ###
GGT(237_1)@lab24.cpt.haw-hamburg.de 18.06 16:48:08,506| Leite Anfrage (vote) an den Linken Nachbarn '214_2' weiter (implizites Zustimmen)
GGT(237_1)@lab24.cpt.haw-hamburg.de 18.06 16:48:08,506| DISPATCHER: Leite Befehl {vote,'242_3'} an meinen Worker weiter...
GGT(237_1)@lab24.cpt.haw-hamburg.de 18.06 16:48:08,506| DISPATCHER: Leite Befehl {vote,'242_3'} an meinen Worker weiter...
GGT(237_1)@lab24.cpt.haw-hamburg.de 18.06 16:48:08,506| ### vote erhalten! Ich = '237_1'  Initiator = '242_3') ###
GGT(237_1)@lab24.cpt.haw-hamburg.de 18.06 16:48:08,507| Leite Anfrage (vote) an den Linken Nachbarn '214_2' weiter (implizites Zustimmen)
GGT(237_1)@lab24.cpt.haw-hamburg.de 18.06 16:48:08,507| DISPATCHER: Leite Befehl {vote,'239_1'} an meinen Worker weiter...
GGT(237_1)@lab24.cpt.haw-hamburg.de 18.06 16:48:08,507| DISPATCHER: Leite Befehl {vote,'249_1'} an meinen Worker weiter...
GGT(237_1)@lab24.cpt.haw-hamburg.de 18.06 16:48:08,508| ### vote erhalten! Ich = '237_1'  Initiator = '242_3') ###
GGT(237_1)@lab24.cpt.haw-hamburg.de 18.06 16:48:08,508| Leite Anfrage (vote) an den Linken Nachbarn '214_2' weiter (implizites Zustimmen)
GGT(237_1)@lab24.cpt.haw-hamburg.de 18.06 16:48:08,508| DISPATCHER: Leite Befehl {vote,'242_3'} an meinen Worker weiter...
GGT(237_1)@lab24.cpt.haw-hamburg.de 18.06 16:48:08,509| ### vote erhalten! Ich = '237_1'  Initiator = '239_1') ###
GGT(237_1)@lab24.cpt.haw-hamburg.de 18.06 16:48:08,509| Leite Anfrage (vote) an den Linken Nachbarn '214_2' weiter (implizites Zustimmen)
GGT(237_1)@lab24.cpt.haw-hamburg.de 18.06 16:48:08,510| DISPATCHER: Leite Befehl {vote,'246_3'} an meinen Worker weiter...
GGT(237_1)@lab24.cpt.haw-hamburg.de 18.06 16:48:08,510| ### vote erhalten! Ich = '237_1'  Initiator = '249_1') ###
GGT(237_1)@lab24.cpt.haw-hamburg.de 18.06 16:48:08,510| Leite Anfrage (vote) an den Linken Nachbarn '214_2' weiter (implizites Zustimmen)
GGT(237_1)@lab24.cpt.haw-hamburg.de 18.06 16:48:08,511| DISPATCHER: Leite Befehl {vote,'2110_2'} an meinen Worker weiter...
GGT(237_1)@lab24.cpt.haw-hamburg.de 18.06 16:48:08,511| ### vote erhalten! Ich = '237_1'  Initiator = '242_3') ###
GGT(237_1)@lab24.cpt.haw-hamburg.de 18.06 16:48:08,512| Leite Anfrage (vote) an den Linken Nachbarn '214_2' weiter (implizites Zustimmen)
GGT(237_1)@lab24.cpt.haw-hamburg.de 18.06 16:48:08,512| DISPATCHER: Leite Befehl {vote,'249_1'} an meinen Worker weiter...
GGT(237_1)@lab24.cpt.haw-hamburg.de 18.06 16:48:08,512| ### vote erhalten! Ich = '237_1'  Initiator = '246_3') ###
GGT(237_1)@lab24.cpt.haw-hamburg.de 18.06 16:48:08,513| Leite Anfrage (vote) an den Linken Nachbarn '214_2' weiter (implizites Zustimmen)
GGT(237_1)@lab24.cpt.haw-hamburg.de 18.06 16:48:08,513| DISPATCHER: Leite Befehl {vote,'246_3'} an meinen Worker weiter...
GGT(237_1)@lab24.cpt.haw-hamburg.de 18.06 16:48:08,514| ### vote erhalten! Ich = '237_1'  Initiator = '2110_2') ###
GGT(237_1)@lab24.cpt.haw-hamburg.de 18.06 16:48:08,514| Leite Anfrage (vote) an den Linken Nachbarn '214_2' weiter (implizites Zustimmen)
GGT(237_1)@lab24.cpt.haw-hamburg.de 18.06 16:48:08,515| ### vote erhalten! Ich = '237_1'  Initiator = '249_1') ###
GGT(237_1)@lab24.cpt.haw-hamburg.de 18.06 16:48:08,515| Leite Anfrage (vote) an den Linken Nachbarn '214_2' weiter (implizites Zustimmen)
GGT(237_1)@lab24.cpt.haw-hamburg.de 18.06 16:48:08,515| DISPATCHER: Leite Befehl {vote,'246_3'} an meinen Worker weiter...
GGT(237_1)@lab24.cpt.haw-hamburg.de 18.06 16:48:08,516| ### vote erhalten! Ich = '237_1'  Initiator = '246_3') ###
GGT(237_1)@lab24.cpt.haw-hamburg.de 18.06 16:48:08,516| Leite Anfrage (vote) an den Linken Nachbarn '214_2' weiter (implizites Zustimmen)
GGT(237_1)@lab24.cpt.haw-hamburg.de 18.06 16:48:08,518| ### vote erhalten! Ich = '237_1'  Initiator = '246_3') ###
GGT(237_1)@lab24.cpt.haw-hamburg.de 18.06 16:48:08,518| Leite Anfrage (vote) an den Linken Nachbarn '214_2' weiter (implizites Zustimmen)
GGT(237_1)@lab24.cpt.haw-hamburg.de 18.06 16:48:08,518| DISPATCHER: Leite Befehl {vote,'246_3'} an meinen Worker weiter...
GGT(237_1)@lab24.cpt.haw-hamburg.de 18.06 16:48:08,519| ### vote erhalten! Ich = '237_1'  Initiator = '246_3') ###
GGT(237_1)@lab24.cpt.haw-hamburg.de 18.06 16:48:08,519| Leite Anfrage (vote) an den Linken Nachbarn '214_2' weiter (implizites Zustimmen)
GGT(237_1)@lab24.cpt.haw-hamburg.de 18.06 16:48:11,502| DISPATCHER: Leite Befehl {vote,'242_3'} an meinen Worker weiter...
GGT(237_1)@lab24.cpt.haw-hamburg.de 18.06 16:48:11,502| ### vote erhalten! Ich = '237_1'  Initiator = '242_3') ###
GGT(237_1)@lab24.cpt.haw-hamburg.de 18.06 16:48:11,503| Leite Anfrage (vote) an den Linken Nachbarn '214_2' weiter (implizites Zustimmen)
GGT(237_1)@lab24.cpt.haw-hamburg.de 18.06 16:48:11,503| DISPATCHER: Leite Befehl {vote,'2110_2'} an meinen Worker weiter...
GGT(237_1)@lab24.cpt.haw-hamburg.de 18.06 16:48:11,504| ### vote erhalten! Ich = '237_1'  Initiator = '2110_2') ###
GGT(237_1)@lab24.cpt.haw-hamburg.de 18.06 16:48:11,504| DISPATCHER: Leite Befehl {vote,'246_3'} an meinen Worker weiter...
GGT(237_1)@lab24.cpt.haw-hamburg.de 18.06 16:48:11,504| Leite Anfrage (vote) an den Linken Nachbarn '214_2' weiter (implizites Zustimmen)
GGT(237_1)@lab24.cpt.haw-hamburg.de 18.06 16:48:11,505| DISPATCHER: Leite Befehl {vote,'249_1'} an meinen Worker weiter...
GGT(237_1)@lab24.cpt.haw-hamburg.de 18.06 16:48:11,505| ### vote erhalten! Ich = '237_1'  Initiator = '246_3') ###
GGT(237_1)@lab24.cpt.haw-hamburg.de 18.06 16:48:11,505| Leite Anfrage (vote) an den Linken Nachbarn '214_2' weiter (implizites Zustimmen)
GGT(237_1)@lab24.cpt.haw-hamburg.de 18.06 16:48:11,507| DISPATCHER: Leite Befehl {vote,'2410_4'} an meinen Worker weiter...
GGT(237_1)@lab24.cpt.haw-hamburg.de 18.06 16:48:11,507| ### vote erhalten! Ich = '237_1'  Initiator = '249_1') ###
GGT(237_1)@lab24.cpt.haw-hamburg.de 18.06 16:48:11,507| Leite Anfrage (vote) an den Linken Nachbarn '214_2' weiter (implizites Zustimmen)
GGT(237_1)@lab24.cpt.haw-hamburg.de 18.06 16:48:11,510| DISPATCHER: Leite Befehl {vote,'216_2'} an meinen Worker weiter...
GGT(237_1)@lab24.cpt.haw-hamburg.de 18.06 16:48:11,510| ### vote erhalten! Ich = '237_1'  Initiator = '2410_4') ###
GGT(237_1)@lab24.cpt.haw-hamburg.de 18.06 16:48:11,510| Leite Anfrage (vote) an den Linken Nachbarn '214_2' weiter (implizites Zustimmen)
GGT(237_1)@lab24.cpt.haw-hamburg.de 18.06 16:48:11,510| DISPATCHER: Leite Befehl {vote,'212_2'} an meinen Worker weiter...
GGT(237_1)@lab24.cpt.haw-hamburg.de 18.06 16:48:11,511| DISPATCHER: Leite Befehl {vote,'2410_4'} an meinen Worker weiter...
GGT(237_1)@lab24.cpt.haw-hamburg.de 18.06 16:48:11,512| ### vote erhalten! Ich = '237_1'  Initiator = '216_2') ###
GGT(237_1)@lab24.cpt.haw-hamburg.de 18.06 16:48:11,512| Leite Anfrage (vote) an den Linken Nachbarn '214_2' weiter (implizites Zustimmen)
GGT(237_1)@lab24.cpt.haw-hamburg.de 18.06 16:48:11,514| ### vote erhalten! Ich = '237_1'  Initiator = '212_2') ###
GGT(237_1)@lab24.cpt.haw-hamburg.de 18.06 16:48:11,514| Leite Anfrage (vote) an den Linken Nachbarn '214_2' weiter (implizites Zustimmen)
GGT(237_1)@lab24.cpt.haw-hamburg.de 18.06 16:48:11,516| DISPATCHER: Leite Befehl {vote,'249_1'} an meinen Worker weiter...
GGT(237_1)@lab24.cpt.haw-hamburg.de 18.06 16:48:11,517| ### vote erhalten! Ich = '237_1'  Initiator = '2410_4') ###
GGT(237_1)@lab24.cpt.haw-hamburg.de 18.06 16:48:11,517| Leite Anfrage (vote) an den Linken Nachbarn '214_2' weiter (implizites Zustimmen)
GGT(237_1)@lab24.cpt.haw-hamburg.de 18.06 16:48:11,517| DISPATCHER: Leite Befehl {vote,'242_4'} an meinen Worker weiter...
GGT(237_1)@lab24.cpt.haw-hamburg.de 18.06 16:48:11,519| ### vote erhalten! Ich = '237_1'  Initiator = '249_1') ###
GGT(237_1)@lab24.cpt.haw-hamburg.de 18.06 16:48:11,519| Leite Anfrage (vote) an den Linken Nachbarn '214_2' weiter (implizites Zustimmen)
GGT(237_1)@lab24.cpt.haw-hamburg.de 18.06 16:48:11,520| DISPATCHER: Leite Befehl {vote,'241_3'} an meinen Worker weiter...
GGT(237_1)@lab24.cpt.haw-hamburg.de 18.06 16:48:11,521| ### vote erhalten! Ich = '237_1'  Initiator = '242_4') ###
GGT(237_1)@lab24.cpt.haw-hamburg.de 18.06 16:48:11,521| Leite Anfrage (vote) an den Linken Nachbarn '214_2' weiter (implizites Zustimmen)
GGT(237_1)@lab24.cpt.haw-hamburg.de 18.06 16:48:11,523| ### vote erhalten! Ich = '237_1'  Initiator = '241_3') ###
GGT(237_1)@lab24.cpt.haw-hamburg.de 18.06 16:48:11,523| Leite Anfrage (vote) an den Linken Nachbarn '214_2' weiter (implizites Zustimmen)
GGT(237_1)@lab24.cpt.haw-hamburg.de 18.06 16:48:11,524| DISPATCHER: Leite Befehl {vote,'219_1'} an meinen Worker weiter...
GGT(237_1)@lab24.cpt.haw-hamburg.de 18.06 16:48:11,525| ### vote erhalten! Ich = '237_1'  Initiator = '219_1') ###
GGT(237_1)@lab24.cpt.haw-hamburg.de 18.06 16:48:11,525| Leite Anfrage (vote) an den Linken Nachbarn '214_2' weiter (implizites Zustimmen)
GGT(237_1)@lab24.cpt.haw-hamburg.de 18.06 16:48:11,528| DISPATCHER: Leite Befehl {vote,'242_4'} an meinen Worker weiter...
GGT(237_1)@lab24.cpt.haw-hamburg.de 18.06 16:48:11,529| ### vote erhalten! Ich = '237_1'  Initiator = '242_4') ###
GGT(237_1)@lab24.cpt.haw-hamburg.de 18.06 16:48:11,529| Leite Anfrage (vote) an den Linken Nachbarn '214_2' weiter (implizites Zustimmen)
GGT(237_1)@lab24.cpt.haw-hamburg.de 18.06 16:48:11,531| DISPATCHER: Leite Befehl {vote,'212_3'} an meinen Worker weiter...
GGT(237_1)@lab24.cpt.haw-hamburg.de 18.06 16:48:11,532| DISPATCHER: Leite Befehl {vote,'245_2'} an meinen Worker weiter...
GGT(237_1)@lab24.cpt.haw-hamburg.de 18.06 16:48:11,532| ### vote erhalten! Ich = '237_1'  Initiator = '212_3') ###
GGT(237_1)@lab24.cpt.haw-hamburg.de 18.06 16:48:11,533| Leite Anfrage (vote) an den Linken Nachbarn '214_2' weiter (implizites Zustimmen)
GGT(237_1)@lab24.cpt.haw-hamburg.de 18.06 16:48:11,533| DISPATCHER: Leite Befehl {vote,'2410_4'} an meinen Worker weiter...
GGT(237_1)@lab24.cpt.haw-hamburg.de 18.06 16:48:11,536| DISPATCHER: Leite Befehl {vote,'241_3'} an meinen Worker weiter...
GGT(237_1)@lab24.cpt.haw-hamburg.de 18.06 16:48:11,536| DISPATCHER: Leite Befehl {vote,'241_3'} an meinen Worker weiter...
GGT(237_1)@lab24.cpt.haw-hamburg.de 18.06 16:48:11,536| ### vote erhalten! Ich = '237_1'  Initiator = '245_2') ###
GGT(237_1)@lab24.cpt.haw-hamburg.de 18.06 16:48:11,536| DISPATCHER: Leite Befehl {vote,'219_1'} an meinen Worker weiter...
GGT(237_1)@lab24.cpt.haw-hamburg.de 18.06 16:48:11,536| Leite Anfrage (vote) an den Linken Nachbarn '214_2' weiter (implizites Zustimmen)
GGT(237_1)@lab24.cpt.haw-hamburg.de 18.06 16:48:11,539| ### vote erhalten! Ich = '237_1'  Initiator = '2410_4') ###
GGT(237_1)@lab24.cpt.haw-hamburg.de 18.06 16:48:11,539| Leite Anfrage (vote) an den Linken Nachbarn '214_2' weiter (implizites Zustimmen)
GGT(237_1)@lab24.cpt.haw-hamburg.de 18.06 16:48:11,541| ### vote erhalten! Ich = '237_1'  Initiator = '241_3') ###
GGT(237_1)@lab24.cpt.haw-hamburg.de 18.06 16:48:11,541| Leite Anfrage (vote) an den Linken Nachbarn '214_2' weiter (implizites Zustimmen)
GGT(237_1)@lab24.cpt.haw-hamburg.de 18.06 16:48:11,543| ### vote erhalten! Ich = '237_1'  Initiator = '241_3') ###
GGT(237_1)@lab24.cpt.haw-hamburg.de 18.06 16:48:11,543| Leite Anfrage (vote) an den Linken Nachbarn '214_2' weiter (implizites Zustimmen)
GGT(237_1)@lab24.cpt.haw-hamburg.de 18.06 16:48:11,544| DISPATCHER: Leite Befehl {vote,'247_3'} an meinen Worker weiter...
GGT(237_1)@lab24.cpt.haw-hamburg.de 18.06 16:48:11,547| ### vote erhalten! Ich = '237_1'  Initiator = '219_1') ###
GGT(237_1)@lab24.cpt.haw-hamburg.de 18.06 16:48:11,547| Leite Anfrage (vote) an den Linken Nachbarn '214_2' weiter (implizites Zustimmen)
GGT(237_1)@lab24.cpt.haw-hamburg.de 18.06 16:48:11,549| ### vote erhalten! Ich = '237_1'  Initiator = '247_3') ###
GGT(237_1)@lab24.cpt.haw-hamburg.de 18.06 16:48:11,549| Leite Anfrage (vote) an den Linken Nachbarn '214_2' weiter (implizites Zustimmen)
GGT(237_1)@lab24.cpt.haw-hamburg.de 18.06 16:48:11,550| DISPATCHER: Leite Befehl {vote,'245_1'} an meinen Worker weiter...
GGT(237_1)@lab24.cpt.haw-hamburg.de 18.06 16:48:11,551| ### vote erhalten! Ich = '237_1'  Initiator = '245_1') ###
GGT(237_1)@lab24.cpt.haw-hamburg.de 18.06 16:48:11,551| Leite Anfrage (vote) an den Linken Nachbarn '214_2' weiter (implizites Zustimmen)
GGT(237_1)@lab24.cpt.haw-hamburg.de 18.06 16:48:11,554| DISPATCHER: Leite Befehl {vote,'241_3'} an meinen Worker weiter...
GGT(237_1)@lab24.cpt.haw-hamburg.de 18.06 16:48:11,554| DISPATCHER: Leite Befehl {vote,'245_1'} an meinen Worker weiter...
GGT(237_1)@lab24.cpt.haw-hamburg.de 18.06 16:48:11,555| ### vote erhalten! Ich = '237_1'  Initiator = '241_3') ###
GGT(237_1)@lab24.cpt.haw-hamburg.de 18.06 16:48:11,555| Leite Anfrage (vote) an den Linken Nachbarn '214_2' weiter (implizites Zustimmen)
GGT(237_1)@lab24.cpt.haw-hamburg.de 18.06 16:48:11,556| DISPATCHER: Leite Befehl {vote,'247_3'} an meinen Worker weiter...
GGT(237_1)@lab24.cpt.haw-hamburg.de 18.06 16:48:11,557| ### vote erhalten! Ich = '237_1'  Initiator = '245_1') ###
GGT(237_1)@lab24.cpt.haw-hamburg.de 18.06 16:48:11,558| Leite Anfrage (vote) an den Linken Nachbarn '214_2' weiter (implizites Zustimmen)
GGT(237_1)@lab24.cpt.haw-hamburg.de 18.06 16:48:11,558| DISPATCHER: Leite Befehl {vote,'243_4'} an meinen Worker weiter...
GGT(237_1)@lab24.cpt.haw-hamburg.de 18.06 16:48:11,559| DISPATCHER: Leite Befehl {vote,'219_4'} an meinen Worker weiter...
GGT(237_1)@lab24.cpt.haw-hamburg.de 18.06 16:48:11,560| ### vote erhalten! Ich = '237_1'  Initiator = '247_3') ###
GGT(237_1)@lab24.cpt.haw-hamburg.de 18.06 16:48:11,560| Leite Anfrage (vote) an den Linken Nachbarn '214_2' weiter (implizites Zustimmen)
GGT(237_1)@lab24.cpt.haw-hamburg.de 18.06 16:48:11,562| ### vote erhalten! Ich = '237_1'  Initiator = '243_4') ###
GGT(237_1)@lab24.cpt.haw-hamburg.de 18.06 16:48:11,562| Leite Anfrage (vote) an den Linken Nachbarn '214_2' weiter (implizites Zustimmen)
GGT(237_1)@lab24.cpt.haw-hamburg.de 18.06 16:48:11,562| DISPATCHER: Leite Befehl {vote,'243_4'} an meinen Worker weiter...
GGT(237_1)@lab24.cpt.haw-hamburg.de 18.06 16:48:11,565| ### vote erhalten! Ich = '237_1'  Initiator = '219_4') ###
GGT(237_1)@lab24.cpt.haw-hamburg.de 18.06 16:48:11,565| Leite Anfrage (vote) an den Linken Nachbarn '214_2' weiter (implizites Zustimmen)
GGT(237_1)@lab24.cpt.haw-hamburg.de 18.06 16:48:11,565| DISPATCHER: Leite Befehl {vote,'247_3'} an meinen Worker weiter...
GGT(237_1)@lab24.cpt.haw-hamburg.de 18.06 16:48:11,567| ### vote erhalten! Ich = '237_1'  Initiator = '243_4') ###
GGT(237_1)@lab24.cpt.haw-hamburg.de 18.06 16:48:11,567| Leite Anfrage (vote) an den Linken Nachbarn '214_2' weiter (implizites Zustimmen)
GGT(237_1)@lab24.cpt.haw-hamburg.de 18.06 16:48:11,568| DISPATCHER: Leite Befehl {vote,'241_3'} an meinen Worker weiter...
GGT(237_1)@lab24.cpt.haw-hamburg.de 18.06 16:48:11,569| ### vote erhalten! Ich = '237_1'  Initiator = '247_3') ###
GGT(237_1)@lab24.cpt.haw-hamburg.de 18.06 16:48:11,569| Leite Anfrage (vote) an den Linken Nachbarn '214_2' weiter (implizites Zustimmen)
GGT(237_1)@lab24.cpt.haw-hamburg.de 18.06 16:48:11,570| DISPATCHER: Leite Befehl {vote,'242_4'} an meinen Worker weiter...
GGT(237_1)@lab24.cpt.haw-hamburg.de 18.06 16:48:11,572| ### vote erhalten! Ich = '237_1'  Initiator = '241_3') ###
GGT(237_1)@lab24.cpt.haw-hamburg.de 18.06 16:48:11,572| Leite Anfrage (vote) an den Linken Nachbarn '214_2' weiter (implizites Zustimmen)
GGT(237_1)@lab24.cpt.haw-hamburg.de 18.06 16:48:11,573| DISPATCHER: Leite Befehl {vote,'241_4'} an meinen Worker weiter...
GGT(237_1)@lab24.cpt.haw-hamburg.de 18.06 16:48:11,574| DISPATCHER: Leite Befehl {vote,'241_4'} an meinen Worker weiter...
GGT(237_1)@lab24.cpt.haw-hamburg.de 18.06 16:48:11,574| ### vote erhalten! Ich = '237_1'  Initiator = '242_4') ###
GGT(237_1)@lab24.cpt.haw-hamburg.de 18.06 16:48:11,574| Leite Anfrage (vote) an den Linken Nachbarn '214_2' weiter (implizites Zustimmen)
GGT(237_1)@lab24.cpt.haw-hamburg.de 18.06 16:48:11,576| ### vote erhalten! Ich = '237_1'  Initiator = '241_4') ###
GGT(237_1)@lab24.cpt.haw-hamburg.de 18.06 16:48:11,576| Leite Anfrage (vote) an den Linken Nachbarn '214_2' weiter (implizites Zustimmen)
GGT(237_1)@lab24.cpt.haw-hamburg.de 18.06 16:48:11,578| DISPATCHER: Leite Befehl {vote,'242_4'} an meinen Worker weiter...
GGT(237_1)@lab24.cpt.haw-hamburg.de 18.06 16:48:11,578| ### vote erhalten! Ich = '237_1'  Initiator = '241_4') ###
GGT(237_1)@lab24.cpt.haw-hamburg.de 18.06 16:48:11,579| Leite Anfrage (vote) an den Linken Nachbarn '214_2' weiter (implizites Zustimmen)
GGT(237_1)@lab24.cpt.haw-hamburg.de 18.06 16:48:11,579| DISPATCHER: Leite Befehl {vote,'247_1'} an meinen Worker weiter...
GGT(237_1)@lab24.cpt.haw-hamburg.de 18.06 16:48:11,582| ### vote erhalten! Ich = '237_1'  Initiator = '242_4') ###
GGT(237_1)@lab24.cpt.haw-hamburg.de 18.06 16:48:11,582| Leite Anfrage (vote) an den Linken Nachbarn '214_2' weiter (implizites Zustimmen)
GGT(237_1)@lab24.cpt.haw-hamburg.de 18.06 16:48:11,583| DISPATCHER: Leite Befehl {vote,'247_3'} an meinen Worker weiter...
GGT(237_1)@lab24.cpt.haw-hamburg.de 18.06 16:48:11,583| DISPATCHER: Leite Befehl {vote,'241_3'} an meinen Worker weiter...
GGT(237_1)@lab24.cpt.haw-hamburg.de 18.06 16:48:11,584| DISPATCHER: Leite Befehl {vote,'242_4'} an meinen Worker weiter...
GGT(237_1)@lab24.cpt.haw-hamburg.de 18.06 16:48:11,584| ### vote erhalten! Ich = '237_1'  Initiator = '247_1') ###
GGT(237_1)@lab24.cpt.haw-hamburg.de 18.06 16:48:11,585| Leite Anfrage (vote) an den Linken Nachbarn '214_2' weiter (implizites Zustimmen)
GGT(237_1)@lab24.cpt.haw-hamburg.de 18.06 16:48:11,586| ### vote erhalten! Ich = '237_1'  Initiator = '247_3') ###
GGT(237_1)@lab24.cpt.haw-hamburg.de 18.06 16:48:11,586| Leite Anfrage (vote) an den Linken Nachbarn '214_2' weiter (implizites Zustimmen)
GGT(237_1)@lab24.cpt.haw-hamburg.de 18.06 16:48:11,588| DISPATCHER: Leite Befehl {vote,'243_4'} an meinen Worker weiter...
GGT(237_1)@lab24.cpt.haw-hamburg.de 18.06 16:48:11,588| ### vote erhalten! Ich = '237_1'  Initiator = '241_3') ###
GGT(237_1)@lab24.cpt.haw-hamburg.de 18.06 16:48:11,589| Leite Anfrage (vote) an den Linken Nachbarn '214_2' weiter (implizites Zustimmen)
GGT(237_1)@lab24.cpt.haw-hamburg.de 18.06 16:48:11,590| ### vote erhalten! Ich = '237_1'  Initiator = '242_4') ###
GGT(237_1)@lab24.cpt.haw-hamburg.de 18.06 16:48:11,590| Leite Anfrage (vote) an den Linken Nachbarn '214_2' weiter (implizites Zustimmen)
GGT(237_1)@lab24.cpt.haw-hamburg.de 18.06 16:48:11,591| ### vote erhalten! Ich = '237_1'  Initiator = '243_4') ###
GGT(237_1)@lab24.cpt.haw-hamburg.de 18.06 16:48:11,591| Leite Anfrage (vote) an den Linken Nachbarn '214_2' weiter (implizites Zustimmen)
GGT(237_1)@lab24.cpt.haw-hamburg.de 18.06 16:48:11,594| DISPATCHER: Leite Befehl {vote,'243_4'} an meinen Worker weiter...
GGT(237_1)@lab24.cpt.haw-hamburg.de 18.06 16:48:11,595| ### vote erhalten! Ich = '237_1'  Initiator = '243_4') ###
GGT(237_1)@lab24.cpt.haw-hamburg.de 18.06 16:48:11,596| Leite Anfrage (vote) an den Linken Nachbarn '214_2' weiter (implizites Zustimmen)
GGT(237_1)@lab24.cpt.haw-hamburg.de 18.06 16:48:11,597| DISPATCHER: Leite Befehl {vote,'241_3'} an meinen Worker weiter...
GGT(237_1)@lab24.cpt.haw-hamburg.de 18.06 16:48:11,598| ### vote erhalten! Ich = '237_1'  Initiator = '241_3') ###
GGT(237_1)@lab24.cpt.haw-hamburg.de 18.06 16:48:11,598| Leite Anfrage (vote) an den Linken Nachbarn '214_2' weiter (implizites Zustimmen)
GGT(237_1)@lab24.cpt.haw-hamburg.de 18.06 16:48:11,602| DISPATCHER: Leite Befehl {vote,'242_4'} an meinen Worker weiter...
GGT(237_1)@lab24.cpt.haw-hamburg.de 18.06 16:48:11,603| ### vote erhalten! Ich = '237_1'  Initiator = '242_4') ###
GGT(237_1)@lab24.cpt.haw-hamburg.de 18.06 16:48:11,603| Leite Anfrage (vote) an den Linken Nachbarn '214_2' weiter (implizites Zustimmen)
GGT(237_1)@lab24.cpt.haw-hamburg.de 18.06 16:48:11,603| DISPATCHER: Leite Befehl {vote,'247_1'} an meinen Worker weiter...
GGT(237_1)@lab24.cpt.haw-hamburg.de 18.06 16:48:11,605| DISPATCHER: Leite Befehl {vote,'243_4'} an meinen Worker weiter...
GGT(237_1)@lab24.cpt.haw-hamburg.de 18.06 16:48:11,606| ### vote erhalten! Ich = '237_1'  Initiator = '247_1') ###
GGT(237_1)@lab24.cpt.haw-hamburg.de 18.06 16:48:11,606| Leite Anfrage (vote) an den Linken Nachbarn '214_2' weiter (implizites Zustimmen)
GGT(237_1)@lab24.cpt.haw-hamburg.de 18.06 16:48:11,606| DISPATCHER: Leite Befehl {vote,'243_4'} an meinen Worker weiter...
GGT(237_1)@lab24.cpt.haw-hamburg.de 18.06 16:48:11,607| ### vote erhalten! Ich = '237_1'  Initiator = '243_4') ###
GGT(237_1)@lab24.cpt.haw-hamburg.de 18.06 16:48:11,607| Leite Anfrage (vote) an den Linken Nachbarn '214_2' weiter (implizites Zustimmen)
GGT(237_1)@lab24.cpt.haw-hamburg.de 18.06 16:48:11,608| DISPATCHER: Leite Befehl {vote,'242_2'} an meinen Worker weiter...
GGT(237_1)@lab24.cpt.haw-hamburg.de 18.06 16:48:11,609| ### vote erhalten! Ich = '237_1'  Initiator = '243_4') ###
GGT(237_1)@lab24.cpt.haw-hamburg.de 18.06 16:48:11,609| Leite Anfrage (vote) an den Linken Nachbarn '214_2' weiter (implizites Zustimmen)
GGT(237_1)@lab24.cpt.haw-hamburg.de 18.06 16:48:11,609| DISPATCHER: Leite Befehl {vote,'242_2'} an meinen Worker weiter...
GGT(237_1)@lab24.cpt.haw-hamburg.de 18.06 16:48:11,611| DISPATCHER: Leite Befehl {vote,'242_2'} an meinen Worker weiter...
GGT(237_1)@lab24.cpt.haw-hamburg.de 18.06 16:48:11,611| ### vote erhalten! Ich = '237_1'  Initiator = '242_2') ###
GGT(237_1)@lab24.cpt.haw-hamburg.de 18.06 16:48:11,611| Leite Anfrage (vote) an den Linken Nachbarn '214_2' weiter (implizites Zustimmen)
GGT(237_1)@lab24.cpt.haw-hamburg.de 18.06 16:48:11,613| DISPATCHER: Leite Befehl {vote,'241_1'} an meinen Worker weiter...
GGT(237_1)@lab24.cpt.haw-hamburg.de 18.06 16:48:11,613| ### vote erhalten! Ich = '237_1'  Initiator = '242_2') ###
GGT(237_1)@lab24.cpt.haw-hamburg.de 18.06 16:48:11,613| Leite Anfrage (vote) an den Linken Nachbarn '214_2' weiter (implizites Zustimmen)
GGT(237_1)@lab24.cpt.haw-hamburg.de 18.06 16:48:11,614| ### vote erhalten! Ich = '237_1'  Initiator = '242_2') ###
GGT(237_1)@lab24.cpt.haw-hamburg.de 18.06 16:48:11,614| Leite Anfrage (vote) an den Linken Nachbarn '214_2' weiter (implizites Zustimmen)
GGT(237_1)@lab24.cpt.haw-hamburg.de 18.06 16:48:11,614| DISPATCHER: Leite Befehl {vote,'219_4'} an meinen Worker weiter...
GGT(237_1)@lab24.cpt.haw-hamburg.de 18.06 16:48:11,617| DISPATCHER: Leite Befehl {vote,'241_1'} an meinen Worker weiter...
GGT(237_1)@lab24.cpt.haw-hamburg.de 18.06 16:48:11,617| DISPATCHER: Leite Befehl {vote,'249_3'} an meinen Worker weiter...
GGT(237_1)@lab24.cpt.haw-hamburg.de 18.06 16:48:11,617| DISPATCHER: Leite Befehl {vote,'241_1'} an meinen Worker weiter...
GGT(237_1)@lab24.cpt.haw-hamburg.de 18.06 16:48:11,617| ### vote erhalten! Ich = '237_1'  Initiator = '241_1') ###
GGT(237_1)@lab24.cpt.haw-hamburg.de 18.06 16:48:11,617| Leite Anfrage (vote) an den Linken Nachbarn '214_2' weiter (implizites Zustimmen)
GGT(237_1)@lab24.cpt.haw-hamburg.de 18.06 16:48:11,618| DISPATCHER: Leite Befehl {vote,'247_1'} an meinen Worker weiter...
GGT(237_1)@lab24.cpt.haw-hamburg.de 18.06 16:48:11,619| DISPATCHER: Leite Befehl {vote,'241_1'} an meinen Worker weiter...
GGT(237_1)@lab24.cpt.haw-hamburg.de 18.06 16:48:11,619| ### vote erhalten! Ich = '237_1'  Initiator = '219_4') ###
GGT(237_1)@lab24.cpt.haw-hamburg.de 18.06 16:48:11,619| Leite Anfrage (vote) an den Linken Nachbarn '214_2' weiter (implizites Zustimmen)
GGT(237_1)@lab24.cpt.haw-hamburg.de 18.06 16:48:11,619| DISPATCHER: Leite Befehl {vote,'212_1'} an meinen Worker weiter...
GGT(237_1)@lab24.cpt.haw-hamburg.de 18.06 16:48:11,621| ### vote erhalten! Ich = '237_1'  Initiator = '241_1') ###
GGT(237_1)@lab24.cpt.haw-hamburg.de 18.06 16:48:11,621| Leite Anfrage (vote) an den Linken Nachbarn '214_2' weiter (implizites Zustimmen)
GGT(237_1)@lab24.cpt.haw-hamburg.de 18.06 16:48:11,622| ### vote erhalten! Ich = '237_1'  Initiator = '249_3') ###
GGT(237_1)@lab24.cpt.haw-hamburg.de 18.06 16:48:11,623| Leite Anfrage (vote) an den Linken Nachbarn '214_2' weiter (implizites Zustimmen)
GGT(237_1)@lab24.cpt.haw-hamburg.de 18.06 16:48:11,623| DISPATCHER: Leite Befehl {vote,'249_3'} an meinen Worker weiter...
GGT(237_1)@lab24.cpt.haw-hamburg.de 18.06 16:48:11,623| DISPATCHER: Leite Befehl {vote,'247_3'} an meinen Worker weiter...
GGT(237_1)@lab24.cpt.haw-hamburg.de 18.06 16:48:11,624| ### vote erhalten! Ich = '237_1'  Initiator = '241_1') ###
GGT(237_1)@lab24.cpt.haw-hamburg.de 18.06 16:48:11,624| Leite Anfrage (vote) an den Linken Nachbarn '214_2' weiter (implizites Zustimmen)
GGT(237_1)@lab24.cpt.haw-hamburg.de 18.06 16:48:11,626| ### vote erhalten! Ich = '237_1'  Initiator = '247_1') ###
GGT(237_1)@lab24.cpt.haw-hamburg.de 18.06 16:48:11,626| Leite Anfrage (vote) an den Linken Nachbarn '214_2' weiter (implizites Zustimmen)
GGT(237_1)@lab24.cpt.haw-hamburg.de 18.06 16:48:11,627| DISPATCHER: Leite Befehl {vote,'247_1'} an meinen Worker weiter...
GGT(237_1)@lab24.cpt.haw-hamburg.de 18.06 16:48:11,629| ### vote erhalten! Ich = '237_1'  Initiator = '241_1') ###
GGT(237_1)@lab24.cpt.haw-hamburg.de 18.06 16:48:11,629| Leite Anfrage (vote) an den Linken Nachbarn '214_2' weiter (implizites Zustimmen)
GGT(237_1)@lab24.cpt.haw-hamburg.de 18.06 16:48:11,629| DISPATCHER: Leite Befehl {vote,'211_4'} an meinen Worker weiter...
GGT(237_1)@lab24.cpt.haw-hamburg.de 18.06 16:48:11,629| DISPATCHER: Leite Befehl {vote,'212_1'} an meinen Worker weiter...
GGT(237_1)@lab24.cpt.haw-hamburg.de 18.06 16:48:11,630| ### vote erhalten! Ich = '237_1'  Initiator = '212_1') ###
GGT(237_1)@lab24.cpt.haw-hamburg.de 18.06 16:48:11,630| Leite Anfrage (vote) an den Linken Nachbarn '214_2' weiter (implizites Zustimmen)
GGT(237_1)@lab24.cpt.haw-hamburg.de 18.06 16:48:11,630| DISPATCHER: Leite Befehl {vote,'249_3'} an meinen Worker weiter...
GGT(237_1)@lab24.cpt.haw-hamburg.de 18.06 16:48:11,631| ### vote erhalten! Ich = '237_1'  Initiator = '249_3') ###
GGT(237_1)@lab24.cpt.haw-hamburg.de 18.06 16:48:11,631| Leite Anfrage (vote) an den Linken Nachbarn '214_2' weiter (implizites Zustimmen)
GGT(237_1)@lab24.cpt.haw-hamburg.de 18.06 16:48:11,632| ### vote erhalten! Ich = '237_1'  Initiator = '247_3') ###
GGT(237_1)@lab24.cpt.haw-hamburg.de 18.06 16:48:11,632| Leite Anfrage (vote) an den Linken Nachbarn '214_2' weiter (implizites Zustimmen)
GGT(237_1)@lab24.cpt.haw-hamburg.de 18.06 16:48:11,633| DISPATCHER: Leite Befehl {vote,'211_1'} an meinen Worker weiter...
GGT(237_1)@lab24.cpt.haw-hamburg.de 18.06 16:48:11,634| ### vote erhalten! Ich = '237_1'  Initiator = '247_1') ###
GGT(237_1)@lab24.cpt.haw-hamburg.de 18.06 16:48:11,634| Leite Anfrage (vote) an den Linken Nachbarn '214_2' weiter (implizites Zustimmen)
GGT(237_1)@lab24.cpt.haw-hamburg.de 18.06 16:48:11,634| DISPATCHER: Leite Befehl {vote,'211_4'} an meinen Worker weiter...
GGT(237_1)@lab24.cpt.haw-hamburg.de 18.06 16:48:11,635| ### vote erhalten! Ich = '237_1'  Initiator = '211_4') ###
GGT(237_1)@lab24.cpt.haw-hamburg.de 18.06 16:48:11,636| Leite Anfrage (vote) an den Linken Nachbarn '214_2' weiter (implizites Zustimmen)
GGT(237_1)@lab24.cpt.haw-hamburg.de 18.06 16:48:11,637| DISPATCHER: Leite Befehl {vote,'249_3'} an meinen Worker weiter...
GGT(237_1)@lab24.cpt.haw-hamburg.de 18.06 16:48:11,637| ### vote erhalten! Ich = '237_1'  Initiator = '212_1') ###
GGT(237_1)@lab24.cpt.haw-hamburg.de 18.06 16:48:11,637| Leite Anfrage (vote) an den Linken Nachbarn '214_2' weiter (implizites Zustimmen)
GGT(237_1)@lab24.cpt.haw-hamburg.de 18.06 16:48:11,638| DISPATCHER: Leite Befehl {vote,'242_2'} an meinen Worker weiter...
GGT(237_1)@lab24.cpt.haw-hamburg.de 18.06 16:48:11,640| ### vote erhalten! Ich = '237_1'  Initiator = '249_3') ###
GGT(237_1)@lab24.cpt.haw-hamburg.de 18.06 16:48:11,640| Leite Anfrage (vote) an den Linken Nachbarn '214_2' weiter (implizites Zustimmen)
GGT(237_1)@lab24.cpt.haw-hamburg.de 18.06 16:48:11,641| ### vote erhalten! Ich = '237_1'  Initiator = '211_1') ###
GGT(237_1)@lab24.cpt.haw-hamburg.de 18.06 16:48:11,641| Leite Anfrage (vote) an den Linken Nachbarn '214_2' weiter (implizites Zustimmen)
GGT(237_1)@lab24.cpt.haw-hamburg.de 18.06 16:48:11,642| DISPATCHER: Leite Befehl {vote,'241_1'} an meinen Worker weiter...
GGT(237_1)@lab24.cpt.haw-hamburg.de 18.06 16:48:11,642| DISPATCHER: Leite Befehl {vote,'249_3'} an meinen Worker weiter...
GGT(237_1)@lab24.cpt.haw-hamburg.de 18.06 16:48:11,642| DISPATCHER: Leite Befehl {vote,'247_3'} an meinen Worker weiter...
GGT(237_1)@lab24.cpt.haw-hamburg.de 18.06 16:48:11,643| ### vote erhalten! Ich = '237_1'  Initiator = '211_4') ###
GGT(237_1)@lab24.cpt.haw-hamburg.de 18.06 16:48:11,643| DISPATCHER: Leite Befehl {vote,'211_1'} an meinen Worker weiter...
GGT(237_1)@lab24.cpt.haw-hamburg.de 18.06 16:48:11,643| Leite Anfrage (vote) an den Linken Nachbarn '214_2' weiter (implizites Zustimmen)
GGT(237_1)@lab24.cpt.haw-hamburg.de 18.06 16:48:11,644| ### vote erhalten! Ich = '237_1'  Initiator = '249_3') ###
GGT(237_1)@lab24.cpt.haw-hamburg.de 18.06 16:48:11,644| Leite Anfrage (vote) an den Linken Nachbarn '214_2' weiter (implizites Zustimmen)
GGT(237_1)@lab24.cpt.haw-hamburg.de 18.06 16:48:11,645| DISPATCHER: Leite Befehl {vote,'2110_3'} an meinen Worker weiter...
GGT(237_1)@lab24.cpt.haw-hamburg.de 18.06 16:48:11,645| ### vote erhalten! Ich = '237_1'  Initiator = '242_2') ###
GGT(237_1)@lab24.cpt.haw-hamburg.de 18.06 16:48:11,645| Leite Anfrage (vote) an den Linken Nachbarn '214_2' weiter (implizites Zustimmen)
GGT(237_1)@lab24.cpt.haw-hamburg.de 18.06 16:48:11,647| ### vote erhalten! Ich = '237_1'  Initiator = '241_1') ###
GGT(237_1)@lab24.cpt.haw-hamburg.de 18.06 16:48:11,647| Leite Anfrage (vote) an den Linken Nachbarn '214_2' weiter (implizites Zustimmen)
GGT(237_1)@lab24.cpt.haw-hamburg.de 18.06 16:48:11,647| DISPATCHER: Leite Befehl {vote,'242_2'} an meinen Worker weiter...
GGT(237_1)@lab24.cpt.haw-hamburg.de 18.06 16:48:11,648| ### vote erhalten! Ich = '237_1'  Initiator = '249_3') ###
GGT(237_1)@lab24.cpt.haw-hamburg.de 18.06 16:48:11,648| Leite Anfrage (vote) an den Linken Nachbarn '214_2' weiter (implizites Zustimmen)
GGT(237_1)@lab24.cpt.haw-hamburg.de 18.06 16:48:11,649| ### vote erhalten! Ich = '237_1'  Initiator = '247_3') ###
GGT(237_1)@lab24.cpt.haw-hamburg.de 18.06 16:48:11,649| Leite Anfrage (vote) an den Linken Nachbarn '214_2' weiter (implizites Zustimmen)
GGT(237_1)@lab24.cpt.haw-hamburg.de 18.06 16:48:11,651| ### vote erhalten! Ich = '237_1'  Initiator = '211_1') ###
GGT(237_1)@lab24.cpt.haw-hamburg.de 18.06 16:48:11,651| DISPATCHER: Leite Befehl {vote,'247_3'} an meinen Worker weiter...
GGT(237_1)@lab24.cpt.haw-hamburg.de 18.06 16:48:11,651| Leite Anfrage (vote) an den Linken Nachbarn '214_2' weiter (implizites Zustimmen)
GGT(237_1)@lab24.cpt.haw-hamburg.de 18.06 16:48:11,652| DISPATCHER: Leite Befehl {vote,'243_4'} an meinen Worker weiter...
GGT(237_1)@lab24.cpt.haw-hamburg.de 18.06 16:48:11,653| ### vote erhalten! Ich = '237_1'  Initiator = '2110_3') ###
GGT(237_1)@lab24.cpt.haw-hamburg.de 18.06 16:48:11,653| Leite Anfrage (vote) an den Linken Nachbarn '214_2' weiter (implizites Zustimmen)
GGT(237_1)@lab24.cpt.haw-hamburg.de 18.06 16:48:11,654| DISPATCHER: Leite Befehl {vote,'245_3'} an meinen Worker weiter...
GGT(237_1)@lab24.cpt.haw-hamburg.de 18.06 16:48:11,654| DISPATCHER: Leite Befehl {vote,'245_3'} an meinen Worker weiter...
GGT(237_1)@lab24.cpt.haw-hamburg.de 18.06 16:48:11,655| ### vote erhalten! Ich = '237_1'  Initiator = '242_2') ###
GGT(237_1)@lab24.cpt.haw-hamburg.de 18.06 16:48:11,655| Leite Anfrage (vote) an den Linken Nachbarn '214_2' weiter (implizites Zustimmen)
GGT(237_1)@lab24.cpt.haw-hamburg.de 18.06 16:48:11,658| DISPATCHER: Leite Befehl {vote,'247_3'} an meinen Worker weiter...
GGT(237_1)@lab24.cpt.haw-hamburg.de 18.06 16:48:11,658| DISPATCHER: Leite Befehl {vote,'2110_3'} an meinen Worker weiter...
GGT(237_1)@lab24.cpt.haw-hamburg.de 18.06 16:48:11,658| DISPATCHER: Leite Befehl {vote,'243_4'} an meinen Worker weiter...
GGT(237_1)@lab24.cpt.haw-hamburg.de 18.06 16:48:11,658| ### vote erhalten! Ich = '237_1'  Initiator = '247_3') ###
GGT(237_1)@lab24.cpt.haw-hamburg.de 18.06 16:48:11,658| Leite Anfrage (vote) an den Linken Nachbarn '214_2' weiter (implizites Zustimmen)
GGT(237_1)@lab24.cpt.haw-hamburg.de 18.06 16:48:11,660| ### vote erhalten! Ich = '237_1'  Initiator = '243_4') ###
GGT(237_1)@lab24.cpt.haw-hamburg.de 18.06 16:48:11,660| DISPATCHER: Leite Befehl {vote,'216_1'} an meinen Worker weiter...
GGT(237_1)@lab24.cpt.haw-hamburg.de 18.06 16:48:11,660| Leite Anfrage (vote) an den Linken Nachbarn '214_2' weiter (implizites Zustimmen)
GGT(237_1)@lab24.cpt.haw-hamburg.de 18.06 16:48:11,661| ### vote erhalten! Ich = '237_1'  Initiator = '245_3') ###
GGT(237_1)@lab24.cpt.haw-hamburg.de 18.06 16:48:11,661| Leite Anfrage (vote) an den Linken Nachbarn '214_2' weiter (implizites Zustimmen)
GGT(237_1)@lab24.cpt.haw-hamburg.de 18.06 16:48:11,663| ### vote erhalten! Ich = '237_1'  Initiator = '245_3') ###
GGT(237_1)@lab24.cpt.haw-hamburg.de 18.06 16:48:11,663| Leite Anfrage (vote) an den Linken Nachbarn '214_2' weiter (implizites Zustimmen)
GGT(237_1)@lab24.cpt.haw-hamburg.de 18.06 16:48:11,664| DISPATCHER: Leite Befehl {vote,'243_4'} an meinen Worker weiter...
GGT(237_1)@lab24.cpt.haw-hamburg.de 18.06 16:48:11,664| ### vote erhalten! Ich = '237_1'  Initiator = '247_3') ###
GGT(237_1)@lab24.cpt.haw-hamburg.de 18.06 16:48:11,665| Leite Anfrage (vote) an den Linken Nachbarn '214_2' weiter (implizites Zustimmen)
GGT(237_1)@lab24.cpt.haw-hamburg.de 18.06 16:48:11,667| ### vote erhalten! Ich = '237_1'  Initiator = '2110_3') ###
GGT(237_1)@lab24.cpt.haw-hamburg.de 18.06 16:48:11,667| Leite Anfrage (vote) an den Linken Nachbarn '214_2' weiter (implizites Zustimmen)
GGT(237_1)@lab24.cpt.haw-hamburg.de 18.06 16:48:11,667| DISPATCHER: Leite Befehl {vote,'245_3'} an meinen Worker weiter...
GGT(237_1)@lab24.cpt.haw-hamburg.de 18.06 16:48:11,669| ### vote erhalten! Ich = '237_1'  Initiator = '243_4') ###
GGT(237_1)@lab24.cpt.haw-hamburg.de 18.06 16:48:11,669| Leite Anfrage (vote) an den Linken Nachbarn '214_2' weiter (implizites Zustimmen)
GGT(237_1)@lab24.cpt.haw-hamburg.de 18.06 16:48:11,669| DISPATCHER: Leite Befehl {vote,'218_1'} an meinen Worker weiter...
GGT(237_1)@lab24.cpt.haw-hamburg.de 18.06 16:48:11,670| DISPATCHER: Leite Befehl {vote,'243_4'} an meinen Worker weiter...
GGT(237_1)@lab24.cpt.haw-hamburg.de 18.06 16:48:11,671| ### vote erhalten! Ich = '237_1'  Initiator = '216_1') ###
GGT(237_1)@lab24.cpt.haw-hamburg.de 18.06 16:48:11,671| Leite Anfrage (vote) an den Linken Nachbarn '214_2' weiter (implizites Zustimmen)
GGT(237_1)@lab24.cpt.haw-hamburg.de 18.06 16:48:11,672| ### vote erhalten! Ich = '237_1'  Initiator = '243_4') ###
GGT(237_1)@lab24.cpt.haw-hamburg.de 18.06 16:48:11,672| Leite Anfrage (vote) an den Linken Nachbarn '214_2' weiter (implizites Zustimmen)
GGT(237_1)@lab24.cpt.haw-hamburg.de 18.06 16:48:11,673| ### vote erhalten! Ich = '237_1'  Initiator = '245_3') ###
GGT(237_1)@lab24.cpt.haw-hamburg.de 18.06 16:48:11,673| Leite Anfrage (vote) an den Linken Nachbarn '214_2' weiter (implizites Zustimmen)
GGT(237_1)@lab24.cpt.haw-hamburg.de 18.06 16:48:11,674| ### vote erhalten! Ich = '237_1'  Initiator = '218_1') ###
GGT(237_1)@lab24.cpt.haw-hamburg.de 18.06 16:48:11,674| Leite Anfrage (vote) an den Linken Nachbarn '214_2' weiter (implizites Zustimmen)
GGT(237_1)@lab24.cpt.haw-hamburg.de 18.06 16:48:11,675| ### vote erhalten! Ich = '237_1'  Initiator = '243_4') ###
GGT(237_1)@lab24.cpt.haw-hamburg.de 18.06 16:48:11,675| Leite Anfrage (vote) an den Linken Nachbarn '214_2' weiter (implizites Zustimmen)
GGT(237_1)@lab24.cpt.haw-hamburg.de 18.06 16:48:11,678| DISPATCHER: Leite Befehl {vote,'246_1'} an meinen Worker weiter...
GGT(237_1)@lab24.cpt.haw-hamburg.de 18.06 16:48:11,678| DISPATCHER: Leite Befehl {vote,'218_1'} an meinen Worker weiter...
GGT(237_1)@lab24.cpt.haw-hamburg.de 18.06 16:48:11,679| ### vote erhalten! Ich = '237_1'  Initiator = '246_1') ###
GGT(237_1)@lab24.cpt.haw-hamburg.de 18.06 16:48:11,679| Leite Anfrage (vote) an den Linken Nachbarn '214_2' weiter (implizites Zustimmen)
GGT(237_1)@lab24.cpt.haw-hamburg.de 18.06 16:48:11,679| DISPATCHER: Leite Befehl {vote,'246_1'} an meinen Worker weiter...
GGT(237_1)@lab24.cpt.haw-hamburg.de 18.06 16:48:11,680| DISPATCHER: Leite Befehl {vote,'247_1'} an meinen Worker weiter...
GGT(237_1)@lab24.cpt.haw-hamburg.de 18.06 16:48:11,680| ### vote erhalten! Ich = '237_1'  Initiator = '218_1') ###
GGT(237_1)@lab24.cpt.haw-hamburg.de 18.06 16:48:11,680| Leite Anfrage (vote) an den Linken Nachbarn '214_2' weiter (implizites Zustimmen)
GGT(237_1)@lab24.cpt.haw-hamburg.de 18.06 16:48:11,681| DISPATCHER: Leite Befehl {vote,'247_3'} an meinen Worker weiter...
GGT(237_1)@lab24.cpt.haw-hamburg.de 18.06 16:48:11,682| DISPATCHER: Leite Befehl {vote,'246_2'} an meinen Worker weiter...
GGT(237_1)@lab24.cpt.haw-hamburg.de 18.06 16:48:11,682| ### vote erhalten! Ich = '237_1'  Initiator = '246_1') ###
GGT(237_1)@lab24.cpt.haw-hamburg.de 18.06 16:48:11,682| Leite Anfrage (vote) an den Linken Nachbarn '214_2' weiter (implizites Zustimmen)
GGT(237_1)@lab24.cpt.haw-hamburg.de 18.06 16:48:11,683| ### vote erhalten! Ich = '237_1'  Initiator = '247_1') ###
GGT(237_1)@lab24.cpt.haw-hamburg.de 18.06 16:48:11,683| Leite Anfrage (vote) an den Linken Nachbarn '214_2' weiter (implizites Zustimmen)
GGT(237_1)@lab24.cpt.haw-hamburg.de 18.06 16:48:11,683| DISPATCHER: Leite Befehl {vote,'247_1'} an meinen Worker weiter...
GGT(237_1)@lab24.cpt.haw-hamburg.de 18.06 16:48:11,684| ### vote erhalten! Ich = '237_1'  Initiator = '247_3') ###
GGT(237_1)@lab24.cpt.haw-hamburg.de 18.06 16:48:11,684| Leite Anfrage (vote) an den Linken Nachbarn '214_2' weiter (implizites Zustimmen)
GGT(237_1)@lab24.cpt.haw-hamburg.de 18.06 16:48:11,685| DISPATCHER: Leite Befehl {vote,'246_1'} an meinen Worker weiter...
GGT(237_1)@lab24.cpt.haw-hamburg.de 18.06 16:48:11,686| ### vote erhalten! Ich = '237_1'  Initiator = '246_2') ###
GGT(237_1)@lab24.cpt.haw-hamburg.de 18.06 16:48:11,686| Leite Anfrage (vote) an den Linken Nachbarn '214_2' weiter (implizites Zustimmen)
GGT(237_1)@lab24.cpt.haw-hamburg.de 18.06 16:48:11,687| ### vote erhalten! Ich = '237_1'  Initiator = '247_1') ###
GGT(237_1)@lab24.cpt.haw-hamburg.de 18.06 16:48:11,687| Leite Anfrage (vote) an den Linken Nachbarn '214_2' weiter (implizites Zustimmen)
GGT(237_1)@lab24.cpt.haw-hamburg.de 18.06 16:48:11,688| ### vote erhalten! Ich = '237_1'  Initiator = '246_1') ###
GGT(237_1)@lab24.cpt.haw-hamburg.de 18.06 16:48:11,689| Leite Anfrage (vote) an den Linken Nachbarn '214_2' weiter (implizites Zustimmen)
GGT(237_1)@lab24.cpt.haw-hamburg.de 18.06 16:48:11,689| DISPATCHER: Leite Befehl {vote,'247_3'} an meinen Worker weiter...
GGT(237_1)@lab24.cpt.haw-hamburg.de 18.06 16:48:11,690| ### vote erhalten! Ich = '237_1'  Initiator = '247_3') ###
GGT(237_1)@lab24.cpt.haw-hamburg.de 18.06 16:48:11,690| Leite Anfrage (vote) an den Linken Nachbarn '214_2' weiter (implizites Zustimmen)
GGT(237_1)@lab24.cpt.haw-hamburg.de 18.06 16:48:11,692| DISPATCHER: Leite Befehl {vote,'246_1'} an meinen Worker weiter...
GGT(237_1)@lab24.cpt.haw-hamburg.de 18.06 16:48:11,693| DISPATCHER: Leite Befehl {vote,'246_2'} an meinen Worker weiter...
GGT(237_1)@lab24.cpt.haw-hamburg.de 18.06 16:48:11,693| ### vote erhalten! Ich = '237_1'  Initiator = '246_1') ###
GGT(237_1)@lab24.cpt.haw-hamburg.de 18.06 16:48:11,693| Leite Anfrage (vote) an den Linken Nachbarn '214_2' weiter (implizites Zustimmen)
GGT(237_1)@lab24.cpt.haw-hamburg.de 18.06 16:48:11,694| DISPATCHER: Leite Befehl {vote,'246_2'} an meinen Worker weiter...
GGT(237_1)@lab24.cpt.haw-hamburg.de 18.06 16:48:11,695| DISPATCHER: Leite Befehl {vote,'247_2'} an meinen Worker weiter...
GGT(237_1)@lab24.cpt.haw-hamburg.de 18.06 16:48:11,695| ### vote erhalten! Ich = '237_1'  Initiator = '246_2') ###
GGT(237_1)@lab24.cpt.haw-hamburg.de 18.06 16:48:11,695| Leite Anfrage (vote) an den Linken Nachbarn '214_2' weiter (implizites Zustimmen)
GGT(237_1)@lab24.cpt.haw-hamburg.de 18.06 16:48:11,696| DISPATCHER: Leite Befehl {vote,'247_2'} an meinen Worker weiter...
GGT(237_1)@lab24.cpt.haw-hamburg.de 18.06 16:48:11,697| DISPATCHER: Leite Befehl {vote,'247_3'} an meinen Worker weiter...
GGT(237_1)@lab24.cpt.haw-hamburg.de 18.06 16:48:11,698| DISPATCHER: Leite Befehl {vote,'2110_4'} an meinen Worker weiter...
GGT(237_1)@lab24.cpt.haw-hamburg.de 18.06 16:48:11,698| ### vote erhalten! Ich = '237_1'  Initiator = '246_2') ###
GGT(237_1)@lab24.cpt.haw-hamburg.de 18.06 16:48:11,698| Leite Anfrage (vote) an den Linken Nachbarn '214_2' weiter (implizites Zustimmen)
GGT(237_1)@lab24.cpt.haw-hamburg.de 18.06 16:48:11,699| DISPATCHER: Leite Befehl {vote,'246_2'} an meinen Worker weiter...
GGT(237_1)@lab24.cpt.haw-hamburg.de 18.06 16:48:11,699| ### vote erhalten! Ich = '237_1'  Initiator = '247_2') ###
GGT(237_1)@lab24.cpt.haw-hamburg.de 18.06 16:48:11,700| Leite Anfrage (vote) an den Linken Nachbarn '214_2' weiter (implizites Zustimmen)
GGT(237_1)@lab24.cpt.haw-hamburg.de 18.06 16:48:11,702| DISPATCHER: Leite Befehl {vote,'247_2'} an meinen Worker weiter...
GGT(237_1)@lab24.cpt.haw-hamburg.de 18.06 16:48:11,702| ### vote erhalten! Ich = '237_1'  Initiator = '247_2') ###
GGT(237_1)@lab24.cpt.haw-hamburg.de 18.06 16:48:11,703| Leite Anfrage (vote) an den Linken Nachbarn '214_2' weiter (implizites Zustimmen)
GGT(237_1)@lab24.cpt.haw-hamburg.de 18.06 16:48:11,704| ### vote erhalten! Ich = '237_1'  Initiator = '247_3') ###
GGT(237_1)@lab24.cpt.haw-hamburg.de 18.06 16:48:11,704| Leite Anfrage (vote) an den Linken Nachbarn '214_2' weiter (implizites Zustimmen)
GGT(237_1)@lab24.cpt.haw-hamburg.de 18.06 16:48:11,705| ### vote erhalten! Ich = '237_1'  Initiator = '2110_4') ###
GGT(237_1)@lab24.cpt.haw-hamburg.de 18.06 16:48:11,705| Leite Anfrage (vote) an den Linken Nachbarn '214_2' weiter (implizites Zustimmen)
GGT(237_1)@lab24.cpt.haw-hamburg.de 18.06 16:48:11,706| ### vote erhalten! Ich = '237_1'  Initiator = '246_2') ###
GGT(237_1)@lab24.cpt.haw-hamburg.de 18.06 16:48:11,706| Leite Anfrage (vote) an den Linken Nachbarn '214_2' weiter (implizites Zustimmen)
GGT(237_1)@lab24.cpt.haw-hamburg.de 18.06 16:48:11,707| ### vote erhalten! Ich = '237_1'  Initiator = '247_2') ###
GGT(237_1)@lab24.cpt.haw-hamburg.de 18.06 16:48:11,707| Leite Anfrage (vote) an den Linken Nachbarn '214_2' weiter (implizites Zustimmen)
GGT(237_1)@lab24.cpt.haw-hamburg.de 18.06 16:48:11,708| DISPATCHER: Leite Befehl {vote,'247_3'} an meinen Worker weiter...
GGT(237_1)@lab24.cpt.haw-hamburg.de 18.06 16:48:11,708| DISPATCHER: Leite Befehl {vote,'215_1'} an meinen Worker weiter...
GGT(237_1)@lab24.cpt.haw-hamburg.de 18.06 16:48:11,709| ### vote erhalten! Ich = '237_1'  Initiator = '247_3') ###
GGT(237_1)@lab24.cpt.haw-hamburg.de 18.06 16:48:11,709| Leite Anfrage (vote) an den Linken Nachbarn '214_2' weiter (implizites Zustimmen)
GGT(237_1)@lab24.cpt.haw-hamburg.de 18.06 16:48:11,711| DISPATCHER: Leite Befehl {vote,'214_1'} an meinen Worker weiter...
GGT(237_1)@lab24.cpt.haw-hamburg.de 18.06 16:48:11,711| ### vote erhalten! Ich = '237_1'  Initiator = '215_1') ###
GGT(237_1)@lab24.cpt.haw-hamburg.de 18.06 16:48:11,711| DISPATCHER: Leite Befehl {vote,'214_1'} an meinen Worker weiter...
GGT(237_1)@lab24.cpt.haw-hamburg.de 18.06 16:48:11,711| Leite Anfrage (vote) an den Linken Nachbarn '214_2' weiter (implizites Zustimmen)
GGT(237_1)@lab24.cpt.haw-hamburg.de 18.06 16:48:11,712| DISPATCHER: Leite Befehl {vote,'247_3'} an meinen Worker weiter...
GGT(237_1)@lab24.cpt.haw-hamburg.de 18.06 16:48:11,713| ### vote erhalten! Ich = '237_1'  Initiator = '214_1') ###
GGT(237_1)@lab24.cpt.haw-hamburg.de 18.06 16:48:11,713| Leite Anfrage (vote) an den Linken Nachbarn '214_2' weiter (implizites Zustimmen)
GGT(237_1)@lab24.cpt.haw-hamburg.de 18.06 16:48:11,715| ### vote erhalten! Ich = '237_1'  Initiator = '214_1') ###
GGT(237_1)@lab24.cpt.haw-hamburg.de 18.06 16:48:11,715| Leite Anfrage (vote) an den Linken Nachbarn '214_2' weiter (implizites Zustimmen)
GGT(237_1)@lab24.cpt.haw-hamburg.de 18.06 16:48:11,716| ### vote erhalten! Ich = '237_1'  Initiator = '247_3') ###
GGT(237_1)@lab24.cpt.haw-hamburg.de 18.06 16:48:11,716| Leite Anfrage (vote) an den Linken Nachbarn '214_2' weiter (implizites Zustimmen)
GGT(237_1)@lab24.cpt.haw-hamburg.de 18.06 16:48:11,718| DISPATCHER: Leite Befehl {vote,'241_4'} an meinen Worker weiter...
