GGT(232_5)@lab24.cpt.haw-hamburg.de 18.06 16:38:08,895| DISPATCHER: Leite Befehl {set_pmi,1763331570} an meinen Worker weiter...
GGT(232_5)@lab24.cpt.haw-hamburg.de 18.06 16:38:12,896| DISPATCHER: Leite Befehl {vote,'213_3'} an meinen Worker weiter...
GGT(232_5)@lab24.cpt.haw-hamburg.de 18.06 16:38:12,897| DISPATCHER: Leite Befehl {vote,'212_1'} an meinen Worker weiter...
GGT(232_5)@lab24.cpt.haw-hamburg.de 18.06 16:38:12,897| DISPATCHER: Leite Befehl {vote,'211_2'} an meinen Worker weiter...
GGT(232_5)@lab24.cpt.haw-hamburg.de 18.06 16:38:12,897| ### vote erhalten! Ich = '232_5'  Initiator = '213_3') ###
GGT(232_5)@lab24.cpt.haw-hamburg.de 18.06 16:38:12,897| Leite Anfrage (vote) an den Linken Nachbarn '233_1' weiter (implizites Zustimmen)
GGT(232_5)@lab24.cpt.haw-hamburg.de 18.06 16:38:12,898| ### vote erhalten! Ich = '232_5'  Initiator = '212_1') ###
GGT(232_5)@lab24.cpt.haw-hamburg.de 18.06 16:38:12,898| Leite Anfrage (vote) an den Linken Nachbarn '233_1' weiter (implizites Zustimmen)
GGT(232_5)@lab24.cpt.haw-hamburg.de 18.06 16:38:12,899| DISPATCHER: Leite Befehl {vote,'212_2'} an meinen Worker weiter...
GGT(232_5)@lab24.cpt.haw-hamburg.de 18.06 16:38:12,900| ### vote erhalten! Ich = '232_5'  Initiator = '211_2') ###
GGT(232_5)@lab24.cpt.haw-hamburg.de 18.06 16:38:12,900| Leite Anfrage (vote) an den Linken Nachbarn '233_1' weiter (implizites Zustimmen)
GGT(232_5)@lab24.cpt.haw-hamburg.de 18.06 16:38:12,900| ### vote erhalten! Ich = '232_5'  Initiator = '212_2') ###
GGT(232_5)@lab24.cpt.haw-hamburg.de 18.06 16:38:12,901| Leite Anfrage (vote) an den Linken Nachbarn '233_1' weiter (implizites Zustimmen)
GGT(232_5)@lab24.cpt.haw-hamburg.de 18.06 16:38:13,902| DISPATCHER: Leite Befehl {vote,'232_3'} an meinen Worker weiter...
GGT(232_5)@lab24.cpt.haw-hamburg.de 18.06 16:38:13,903| ### vote erhalten! Ich = '232_5'  Initiator = '232_3') ###
GGT(232_5)@lab24.cpt.haw-hamburg.de 18.06 16:38:13,903| Leite Anfrage (vote) an den Linken Nachbarn '233_1' weiter (implizites Zustimmen)
GGT(232_5)@lab24.cpt.haw-hamburg.de 18.06 16:38:13,905| DISPATCHER: Leite Befehl {vote,'231_2'} an meinen Worker weiter...
GGT(232_5)@lab24.cpt.haw-hamburg.de 18.06 16:38:13,906| ### vote erhalten! Ich = '232_5'  Initiator = '231_2') ###
GGT(232_5)@lab24.cpt.haw-hamburg.de 18.06 16:38:13,906| Leite Anfrage (vote) an den Linken Nachbarn '233_1' weiter (implizites Zustimmen)
GGT(232_5)@lab24.cpt.haw-hamburg.de 18.06 16:38:21,915| DISPATCHER: Leite Befehl {vote,'231_5'} an meinen Worker weiter...
GGT(232_5)@lab24.cpt.haw-hamburg.de 18.06 16:38:21,915| ### vote erhalten! Ich = '232_5'  Initiator = '231_5') ###
GGT(232_5)@lab24.cpt.haw-hamburg.de 18.06 16:38:21,915| Leite Anfrage (vote) an den Linken Nachbarn '233_1' weiter (implizites Zustimmen)
GGT(232_5)@lab24.cpt.haw-hamburg.de 18.06 16:38:21,917| DISPATCHER: Leite Befehl {vote,'213_2'} an meinen Worker weiter...
GGT(232_5)@lab24.cpt.haw-hamburg.de 18.06 16:38:21,917| ### vote erhalten! Ich = '232_5'  Initiator = '213_2') ###
GGT(232_5)@lab24.cpt.haw-hamburg.de 18.06 16:38:21,917| Leite Anfrage (vote) an den Linken Nachbarn '233_1' weiter (implizites Zustimmen)
GGT(232_5)@lab24.cpt.haw-hamburg.de 18.06 16:38:22,917| DISPATCHER: Leite Befehl {vote,'212_3'} an meinen Worker weiter...
GGT(232_5)@lab24.cpt.haw-hamburg.de 18.06 16:38:22,917| ### vote erhalten! Ich = '232_5'  Initiator = '212_3') ###
GGT(232_5)@lab24.cpt.haw-hamburg.de 18.06 16:38:22,917| Leite Anfrage (vote) an den Linken Nachbarn '233_1' weiter (implizites Zustimmen)
GGT(232_5)@lab24.cpt.haw-hamburg.de 18.06 16:38:22,918| DISPATCHER: Leite Befehl {vote,'211_1'} an meinen Worker weiter...
GGT(232_5)@lab24.cpt.haw-hamburg.de 18.06 16:38:22,918| ### vote erhalten! Ich = '232_5'  Initiator = '211_1') ###
GGT(232_5)@lab24.cpt.haw-hamburg.de 18.06 16:38:22,919| Leite Anfrage (vote) an den Linken Nachbarn '233_1' weiter (implizites Zustimmen)
GGT(232_5)@lab24.cpt.haw-hamburg.de 18.06 16:38:54,759| DISPATCHER: Leite Befehl {set_pmi,194810} an meinen Worker weiter...
GGT(232_5)@lab24.cpt.haw-hamburg.de 18.06 16:38:55,759| DISPATCHER: Leite Befehl {send,2382800} an meinen Worker weiter...
GGT(232_5)@lab24.cpt.haw-hamburg.de 18.06 16:38:55,759| Send erhalten Y:2382800
GGT(232_5)@lab24.cpt.haw-hamburg.de 18.06 16:38:55,760| ALGO: ((14 -1) mod 2382800) +1     --    (TTW: 1 Sekunden)
GGT(232_5)@lab24.cpt.haw-hamburg.de 18.06 16:38:56,761| Mi NICHT geaendert! (ist und bleibt: 14)
GGT(232_5)@lab24.cpt.haw-hamburg.de 18.06 16:38:59,760| DISPATCHER: Leite Befehl {vote,'213_3'} an meinen Worker weiter...
GGT(232_5)@lab24.cpt.haw-hamburg.de 18.06 16:38:59,761| ### vote erhalten! Ich = '232_5'  Initiator = '213_3') ###
GGT(232_5)@lab24.cpt.haw-hamburg.de 18.06 16:38:59,761| Leite Anfrage (vote) an den Linken Nachbarn '233_1' weiter (implizites Zustimmen)
GGT(232_5)@lab24.cpt.haw-hamburg.de 18.06 16:39:05,769| DISPATCHER: Leite Befehl {vote,'212_1'} an meinen Worker weiter...
GGT(232_5)@lab24.cpt.haw-hamburg.de 18.06 16:39:05,770| ### vote erhalten! Ich = '232_5'  Initiator = '212_1') ###
GGT(232_5)@lab24.cpt.haw-hamburg.de 18.06 16:39:05,770| Leite Anfrage (vote) an den Linken Nachbarn '233_1' weiter (implizites Zustimmen)
GGT(232_5)@lab24.cpt.haw-hamburg.de 18.06 16:39:05,771| DISPATCHER: Leite Befehl {vote,'211_2'} an meinen Worker weiter...
GGT(232_5)@lab24.cpt.haw-hamburg.de 18.06 16:39:05,771| ### vote erhalten! Ich = '232_5'  Initiator = '211_2') ###
GGT(232_5)@lab24.cpt.haw-hamburg.de 18.06 16:39:05,771| Leite Anfrage (vote) an den Linken Nachbarn '233_1' weiter (implizites Zustimmen)
GGT(232_5)@lab24.cpt.haw-hamburg.de 18.06 16:39:05,772| DISPATCHER: Leite Befehl {vote,'212_2'} an meinen Worker weiter...
GGT(232_5)@lab24.cpt.haw-hamburg.de 18.06 16:39:05,772| ### vote erhalten! Ich = '232_5'  Initiator = '212_2') ###
GGT(232_5)@lab24.cpt.haw-hamburg.de 18.06 16:39:05,772| Leite Anfrage (vote) an den Linken Nachbarn '233_1' weiter (implizites Zustimmen)
GGT(232_5)@lab24.cpt.haw-hamburg.de 18.06 16:39:26,558| <7023.39.0> erfragt aktuellen Mi. Sende Mi = 14
