

GGT(236_2)@FloUB 17.06 21:26:29,752| ######################## 236_2 Status: SETUP ########################


GGT(236_2)@FloUB 17.06 21:26:29,752| ######################## 236_2 Status: INITIAL ########################
GGT(236_2)@FloUB 17.06 21:26:29,752| REBIND
GGT(236_2)@FloUB 17.06 21:26:29,752| CHECK_IN
GGT(236_2)@FloUB 17.06 21:26:58,908| Nachbarn wurden mitgeteilt {L: '232_2' | R: '231_2'}
GGT(236_2)@FloUB 17.06 21:26:58,908| DISPATCHER: Leite Befehl {rebind_res,ok} an meinen Worker weiter...


GGT(236_2)@FloUB 17.06 21:26:58,908| ######################## 236_2 Status: PRE_PROCESS ########################
GGT(236_2)@FloUB 17.06 21:27:03,892| DISPATCHER: Leite Befehl {set_pmi,322954500} an meinen Worker weiter...
GGT(236_2)@FloUB 17.06 21:27:03,892| Initial Mi wurde mitgeteilt. Mi:322954500


GGT(236_2)@FloUB 17.06 21:27:03,892| ######################## 236_2 Status: PROCESS ########################
GGT(236_2)@FloUB 17.06 21:27:18,861| DISPATCHER: Leite Befehl {vote,'231_2'} an meinen Worker weiter...
GGT(236_2)@FloUB 17.06 21:27:18,861| ### vote erhalten! Ich = '236_2'  Initiator = '231_2') ###
GGT(236_2)@FloUB 17.06 21:27:18,861| Leite Anfrage (vote) an den Linken Nachbarn '232_2' weiter (implizites Zustimmen)
GGT(236_2)@FloUB 17.06 21:27:18,877| DISPATCHER: Leite Befehl {vote,'231_1'} an meinen Worker weiter...
GGT(236_2)@FloUB 17.06 21:27:18,877| ### vote erhalten! Ich = '236_2'  Initiator = '231_1') ###
GGT(236_2)@FloUB 17.06 21:27:18,877| Leite Anfrage (vote) an den Linken Nachbarn '232_2' weiter (implizites Zustimmen)
GGT(236_2)@FloUB 17.06 21:27:18,892| DISPATCHER: Leite Befehl {vote,'2310_2'} an meinen Worker weiter...
GGT(236_2)@FloUB 17.06 21:27:18,892| ### vote erhalten! Ich = '236_2'  Initiator = '2310_2') ###
GGT(236_2)@FloUB 17.06 21:27:18,892| Leite Anfrage (vote) an den Linken Nachbarn '232_2' weiter (implizites Zustimmen)
GGT(236_2)@FloUB 17.06 21:27:18,955| DISPATCHER: Leite Befehl {vote,'235_1'} an meinen Worker weiter...
GGT(236_2)@FloUB 17.06 21:27:18,955| ### vote erhalten! Ich = '236_2'  Initiator = '235_1') ###
GGT(236_2)@FloUB 17.06 21:27:18,955| Leite Anfrage (vote) an den Linken Nachbarn '232_2' weiter (implizites Zustimmen)
GGT(236_2)@FloUB 17.06 21:27:18,002| DISPATCHER: Leite Befehl {vote,'232_1'} an meinen Worker weiter...
GGT(236_2)@FloUB 17.06 21:27:19,002| ### vote erhalten! Ich = '236_2'  Initiator = '232_1') ###
GGT(236_2)@FloUB 17.06 21:27:19,002| Leite Anfrage (vote) an den Linken Nachbarn '232_2' weiter (implizites Zustimmen)
GGT(236_2)@FloUB 17.06 21:27:19,017| DISPATCHER: Leite Befehl {vote,'236_1'} an meinen Worker weiter...
GGT(236_2)@FloUB 17.06 21:27:19,017| ### vote erhalten! Ich = '236_2'  Initiator = '236_1') ###
GGT(236_2)@FloUB 17.06 21:27:19,017| Leite Anfrage (vote) an den Linken Nachbarn '232_2' weiter (implizites Zustimmen)
GGT(236_2)@FloUB 17.06 21:27:24,064| DISPATCHER: Leite Befehl {vote,'234_2'} an meinen Worker weiter...
GGT(236_2)@FloUB 17.06 21:27:24,064| ### vote erhalten! Ich = '236_2'  Initiator = '234_2') ###
GGT(236_2)@FloUB 17.06 21:27:24,064| Leite Anfrage (vote) an den Linken Nachbarn '232_2' weiter (implizites Zustimmen)
GGT(236_2)@FloUB 17.06 21:27:49,205| DISPATCHER: Leite Befehl {send,16146000} an meinen Worker weiter...
GGT(236_2)@FloUB 17.06 21:27:49,205| Send erhalten Y:16146000
GGT(236_2)@FloUB 17.06 21:27:49,205| ALGO: ((322954500 -1) mod 16146000) +1     --    (TTW: 5 Sekunden)
GGT(236_2)@FloUB 17.06 21:27:54,221| informiere (brief_mi) Koordinator coordinatorFM ueber neuen Mi:34500
GGT(236_2)@FloUB 17.06 21:27:54,221| Sende (send) Nachbarn '232_2' und '231_2' neuen Mi:34500
GGT(236_2)@FloUB 17.06 21:27:59,267| DISPATCHER: Leite Befehl {send,103500} an meinen Worker weiter...
GGT(236_2)@FloUB 17.06 21:27:59,267| Send erhalten Y:103500
GGT(236_2)@FloUB 17.06 21:27:59,267| ALGO: ((34500 -1) mod 103500) +1     --    (TTW: 5 Sekunden)
GGT(236_2)@FloUB 17.06 21:27:59,282| DISPATCHER: Leite Befehl {send,6900} an meinen Worker weiter...
GGT(236_2)@FloUB 17.06 21:28:04,283| Mi NICHT geaendert! (ist und bleibt: 34500)
GGT(236_2)@FloUB 17.06 21:28:04,283| Send erhalten Y:6900
GGT(236_2)@FloUB 17.06 21:28:04,283| ALGO: ((34500 -1) mod 6900) +1     --    (TTW: 5 Sekunden)
GGT(236_2)@FloUB 17.06 21:28:04,299| DISPATCHER: Leite Befehl {send,34500} an meinen Worker weiter...
GGT(236_2)@FloUB 17.06 21:28:09,299| informiere (brief_mi) Koordinator coordinatorFM ueber neuen Mi:6900
GGT(236_2)@FloUB 17.06 21:28:09,314| Sende (send) Nachbarn '232_2' und '231_2' neuen Mi:6900
GGT(236_2)@FloUB 17.06 21:28:09,314| Send erhalten Y:34500
GGT(236_2)@FloUB 17.06 21:28:09,314| ALGO: ((6900 -1) mod 34500) +1     --    (TTW: 5 Sekunden)
GGT(236_2)@FloUB 17.06 21:28:14,330| Mi NICHT geaendert! (ist und bleibt: 6900)
GGT(236_2)@FloUB 17.06 21:28:14,346| DISPATCHER: Leite Befehl {send,6900} an meinen Worker weiter...
GGT(236_2)@FloUB 17.06 21:28:14,346| Send erhalten Y:6900
GGT(236_2)@FloUB 17.06 21:28:14,346| ALGO: ((6900 -1) mod 6900) +1     --    (TTW: 5 Sekunden)
GGT(236_2)@FloUB 17.06 21:28:19,361| Mi NICHT geaendert! (ist und bleibt: 6900)
GGT(236_2)@FloUB 17.06 21:28:19,392| DISPATCHER: Leite Befehl {send,300} an meinen Worker weiter...
GGT(236_2)@FloUB 17.06 21:28:19,392| Send erhalten Y:300
GGT(236_2)@FloUB 17.06 21:28:19,392| ALGO: ((6900 -1) mod 300) +1     --    (TTW: 5 Sekunden)
GGT(236_2)@FloUB 17.06 21:28:24,408| informiere (brief_mi) Koordinator coordinatorFM ueber neuen Mi:300
GGT(236_2)@FloUB 17.06 21:28:24,408| Sende (send) Nachbarn '232_2' und '231_2' neuen Mi:300
GGT(236_2)@FloUB 17.06 21:28:34,361| DISPATCHER: Leite Befehl {send,300} an meinen Worker weiter...
GGT(236_2)@FloUB 17.06 21:28:34,361| Send erhalten Y:300
GGT(236_2)@FloUB 17.06 21:28:34,361| ALGO: ((300 -1) mod 300) +1     --    (TTW: 5 Sekunden)
GGT(236_2)@FloUB 17.06 21:28:39,377| Mi NICHT geaendert! (ist und bleibt: 300)
GGT(236_2)@FloUB 17.06 21:28:44,471| DISPATCHER: Leite Befehl {vote,'235_1'} an meinen Worker weiter...
GGT(236_2)@FloUB 17.06 21:28:44,471| ### vote erhalten! Ich = '236_2'  Initiator = '235_1') ###
GGT(236_2)@FloUB 17.06 21:28:44,471| Leite Anfrage (vote) an den Linken Nachbarn '232_2' weiter (implizites Zustimmen)
GGT(236_2)@FloUB 17.06 21:28:54,517| DISPATCHER: Leite Befehl {vote,'233_1'} an meinen Worker weiter...
GGT(236_2)@FloUB 17.06 21:28:54,517| ### vote erhalten! Ich = '236_2'  Initiator = '233_1') ###
GGT(236_2)@FloUB 17.06 21:28:54,517| Leite Anfrage (vote) an den Linken Nachbarn '232_2' weiter (implizites Zustimmen)
GGT(236_2)@FloUB 17.06 21:28:54,517| DISPATCHER: Leite Befehl {vote,'236_1'} an meinen Worker weiter...
GGT(236_2)@FloUB 17.06 21:28:54,533| ### vote erhalten! Ich = '236_2'  Initiator = '236_1') ###
GGT(236_2)@FloUB 17.06 21:28:54,533| Leite Anfrage (vote) an den Linken Nachbarn '232_2' weiter (implizites Zustimmen)


GGT(236_2)@FloUB 17.06 21:31:45,096| ######################## 236_2 Status: KILLED :( ########################
