

GGT(233_2)@workstation 18.06 22:44:16,642| ######################## 233_2 Status: SETUP ########################


GGT(233_2)@workstation 18.06 22:44:16,642| ######################## 233_2 Status: INITIAL ########################
GGT(233_2)@workstation 18.06 22:44:16,642| REBIND
GGT(233_2)@workstation 18.06 22:44:16,642| Mit NameService verbunden
GGT(233_2)@workstation 18.06 22:44:16,642| CHECK_IN
GGT(233_2)@workstation 18.06 22:44:38,705| Nachbarn wurden mitgeteilt {L: '231_3' | R: '232_3'}


GGT(233_2)@workstation 18.06 22:44:38,705| ######################## 233_2 Status: PRE_PROCESS ########################
GGT(233_2)@workstation 18.06 22:44:52,580| 같같같같 CATCHED set_pmi mit 3069982500 
GGT(233_2)@workstation 18.06 22:44:52,580| WORKER: Initial Mi wurde mitgeteilt. Mi:3069982500


GGT(233_2)@workstation 18.06 22:44:52,580| ######################## 233_2 Status: PROCESS ########################
GGT(233_2)@workstation 18.06 22:45:02,580| DISPATCHER: Leite Befehl {vote,'232_3'} an meinen Worker weiter...
GGT(233_2)@workstation 18.06 22:45:02,596| ### vote erhalten! Ich = '233_2'  Initiator = '232_3') ###
GGT(233_2)@workstation 18.06 22:45:02,596| Leite Anfrage (vote) an den Linken Nachbarn '231_3' weiter (implizites Zustimmen)
GGT(233_2)@workstation 18.06 22:45:02,627| DISPATCHER: Leite Befehl {vote,'231_1'} an meinen Worker weiter...
GGT(233_2)@workstation 18.06 22:45:02,627| ### vote erhalten! Ich = '233_2'  Initiator = '231_1') ###
GGT(233_2)@workstation 18.06 22:45:02,627| Leite Anfrage (vote) an den Linken Nachbarn '231_3' weiter (implizites Zustimmen)
GGT(233_2)@workstation 18.06 22:45:02,642| DISPATCHER: Leite Befehl {vote,'231_3'} an meinen Worker weiter...
GGT(233_2)@workstation 18.06 22:45:02,642| ### vote erhalten! Ich = '233_2'  Initiator = '231_3') ###
GGT(233_2)@workstation 18.06 22:45:02,642| Leite Anfrage (vote) an den Linken Nachbarn '231_3' weiter (implizites Zustimmen)
GGT(233_2)@workstation 18.06 22:45:04,705| DISPATCHER: Leite Befehl {send,1202500} an meinen Worker weiter...
GGT(233_2)@workstation 18.06 22:45:04,705| Send erhalten Y:1202500
GGT(233_2)@workstation 18.06 22:45:04,705| ALGO: ((3069982500 -1) mod 1202500) +1     --    (TTW: 2 Sekunden)
GGT(233_2)@workstation 18.06 22:45:04,705| DISPATCHER: Leite Befehl {send,187200} an meinen Worker weiter...
GGT(233_2)@workstation 18.06 22:45:06,721| informiere (brief_mi) Koordinator coordinator ueber neuen Mi:1202500
GGT(233_2)@workstation 18.06 22:45:06,721| Sende (send) Nachbarn '231_3' und '232_3' neuen Mi:1202500
GGT(233_2)@workstation 18.06 22:45:06,752| Send erhalten Y:187200
GGT(233_2)@workstation 18.06 22:45:06,752| ALGO: ((1202500 -1) mod 187200) +1     --    (TTW: 2 Sekunden)
GGT(233_2)@workstation 18.06 22:45:08,736| DISPATCHER: Leite Befehl {send,129500} an meinen Worker weiter...
GGT(233_2)@workstation 18.06 22:45:08,767| informiere (brief_mi) Koordinator coordinator ueber neuen Mi:79300
GGT(233_2)@workstation 18.06 22:45:08,767| Sende (send) Nachbarn '231_3' und '232_3' neuen Mi:79300
GGT(233_2)@workstation 18.06 22:45:08,767| Send erhalten Y:129500
GGT(233_2)@workstation 18.06 22:45:08,783| ALGO: ((79300 -1) mod 129500) +1     --    (TTW: 2 Sekunden)
GGT(233_2)@workstation 18.06 22:45:10,799| Mi NICHT geaendert! (ist und bleibt: 79300)
GGT(233_2)@workstation 18.06 22:45:10,799| DISPATCHER: Leite Befehl {send,3900} an meinen Worker weiter...
GGT(233_2)@workstation 18.06 22:45:10,799| Send erhalten Y:3900
GGT(233_2)@workstation 18.06 22:45:10,799| ALGO: ((79300 -1) mod 3900) +1     --    (TTW: 2 Sekunden)
GGT(233_2)@workstation 18.06 22:45:12,799| DISPATCHER: Leite Befehl {send,50200} an meinen Worker weiter...
GGT(233_2)@workstation 18.06 22:45:12,814| informiere (brief_mi) Koordinator coordinator ueber neuen Mi:1300
GGT(233_2)@workstation 18.06 22:45:12,830| Sende (send) Nachbarn '231_3' und '232_3' neuen Mi:1300
GGT(233_2)@workstation 18.06 22:45:12,830| Send erhalten Y:50200
GGT(233_2)@workstation 18.06 22:45:12,830| ALGO: ((1300 -1) mod 50200) +1     --    (TTW: 2 Sekunden)
GGT(233_2)@workstation 18.06 22:45:14,814| DISPATCHER: Leite Befehl {send,13200} an meinen Worker weiter...
GGT(233_2)@workstation 18.06 22:45:14,846| DISPATCHER: Leite Befehl {send,1300} an meinen Worker weiter...
GGT(233_2)@workstation 18.06 22:45:14,846| Mi NICHT geaendert! (ist und bleibt: 1300)
GGT(233_2)@workstation 18.06 22:45:14,846| Send erhalten Y:13200
GGT(233_2)@workstation 18.06 22:45:14,846| ALGO: ((1300 -1) mod 13200) +1     --    (TTW: 2 Sekunden)
GGT(233_2)@workstation 18.06 22:45:16,830| DISPATCHER: Leite Befehl {send,200} an meinen Worker weiter...
GGT(233_2)@workstation 18.06 22:45:16,861| Mi NICHT geaendert! (ist und bleibt: 1300)
GGT(233_2)@workstation 18.06 22:45:16,861| Send erhalten Y:1300
GGT(233_2)@workstation 18.06 22:45:16,861| ALGO: ((1300 -1) mod 1300) +1     --    (TTW: 2 Sekunden)
GGT(233_2)@workstation 18.06 22:45:18,877| Mi NICHT geaendert! (ist und bleibt: 1300)
GGT(233_2)@workstation 18.06 22:45:18,877| Send erhalten Y:200
GGT(233_2)@workstation 18.06 22:45:18,877| ALGO: ((1300 -1) mod 200) +1     --    (TTW: 2 Sekunden)
GGT(233_2)@workstation 18.06 22:45:20,892| informiere (brief_mi) Koordinator coordinator ueber neuen Mi:100
GGT(233_2)@workstation 18.06 22:45:20,892| Sende (send) Nachbarn '231_3' und '232_3' neuen Mi:100
GGT(233_2)@workstation 18.06 22:45:22,908| DISPATCHER: Leite Befehl {send,100} an meinen Worker weiter...
GGT(233_2)@workstation 18.06 22:45:22,908| Send erhalten Y:100
GGT(233_2)@workstation 18.06 22:45:22,924| ALGO: ((100 -1) mod 100) +1     --    (TTW: 2 Sekunden)
GGT(233_2)@workstation 18.06 22:45:22,924| DISPATCHER: Leite Befehl {send,100} an meinen Worker weiter...
GGT(233_2)@workstation 18.06 22:45:24,939| Mi NICHT geaendert! (ist und bleibt: 100)
GGT(233_2)@workstation 18.06 22:45:24,939| Send erhalten Y:100
GGT(233_2)@workstation 18.06 22:45:24,939| ALGO: ((100 -1) mod 100) +1     --    (TTW: 2 Sekunden)
GGT(233_2)@workstation 18.06 22:45:26,955| Mi NICHT geaendert! (ist und bleibt: 100)
GGT(233_2)@workstation 18.06 22:45:32,971| DISPATCHER: Leite Befehl {vote,'233_3'} an meinen Worker weiter...
GGT(233_2)@workstation 18.06 22:45:32,971| ### vote erhalten! Ich = '233_2'  Initiator = '233_3') ###
GGT(233_2)@workstation 18.06 22:45:32,971| Leite Anfrage (vote) an den Linken Nachbarn '231_3' weiter (implizites Zustimmen)
GGT(233_2)@workstation 18.06 22:45:32,971| DISPATCHER: Leite Befehl {vote,'233_1'} an meinen Worker weiter...
GGT(233_2)@workstation 18.06 22:45:32,971| ### vote erhalten! Ich = '233_2'  Initiator = '233_1') ###
GGT(233_2)@workstation 18.06 22:45:32,986| Leite Anfrage (vote) an den Linken Nachbarn '231_3' weiter (implizites Zustimmen)
GGT(233_2)@workstation 18.06 22:45:35,955| 같같같같 CATCHED set_pmi mit 9343425 
GGT(233_2)@workstation 18.06 22:45:35,955| WORKER: Neuer Mi wurde mitgeteilt (Neue berechnung). Mi:9343425
GGT(233_2)@workstation 18.06 22:45:42,049| DISPATCHER: Leite Befehl {send,2709} an meinen Worker weiter...
GGT(233_2)@workstation 18.06 22:45:42,064| Send erhalten Y:2709
GGT(233_2)@workstation 18.06 22:45:42,064| ALGO: ((9343425 -1) mod 2709) +1     --    (TTW: 2 Sekunden)
GGT(233_2)@workstation 18.06 22:45:44,080| informiere (brief_mi) Koordinator coordinator ueber neuen Mi:84
GGT(233_2)@workstation 18.06 22:45:44,080| Sende (send) Nachbarn '231_3' und '232_3' neuen Mi:84
GGT(233_2)@workstation 18.06 22:45:46,142| DISPATCHER: Leite Befehl {send,21} an meinen Worker weiter...
GGT(233_2)@workstation 18.06 22:45:46,142| Send erhalten Y:21
GGT(233_2)@workstation 18.06 22:45:46,142| ALGO: ((84 -1) mod 21) +1     --    (TTW: 2 Sekunden)
GGT(233_2)@workstation 18.06 22:45:46,142| DISPATCHER: Leite Befehl {send,21} an meinen Worker weiter...
GGT(233_2)@workstation 18.06 22:45:48,158| informiere (brief_mi) Koordinator coordinator ueber neuen Mi:21
GGT(233_2)@workstation 18.06 22:45:48,158| Sende (send) Nachbarn '231_3' und '232_3' neuen Mi:21
GGT(233_2)@workstation 18.06 22:45:48,158| Send erhalten Y:21
GGT(233_2)@workstation 18.06 22:45:48,158| ALGO: ((21 -1) mod 21) +1     --    (TTW: 2 Sekunden)
GGT(233_2)@workstation 18.06 22:45:50,174| Mi NICHT geaendert! (ist und bleibt: 21)
GGT(233_2)@workstation 18.06 22:46:00,189| TTT Timer ist abgelaufen. Informiere meine linken Nachbarn ('231_3') ueber vote
GGT(233_2)@workstation 18.06 22:46:00,252| DISPATCHER: Leite Befehl {vote,'233_2'} an meinen Worker weiter...
GGT(233_2)@workstation 18.06 22:46:00,252| ### vote erhalten! Ich = '233_2'  Initiator = '233_2') ###
GGT(233_2)@workstation 18.06 22:46:00,252| Abstimmung erfolgreich! informiere (brief_term) Koordinator coordinator ueber errechneten GGT:21
GGT(233_2)@workstation 18.06 22:46:00,252| Abstimmung erfolgreich! Zaehle meine 'erfolgreich gemeldeten Terminierungsmeldungen hoch' Wert jetzt: 1
GGT(233_2)@workstation 18.06 22:46:18,002| <11990.1242.0> erfragt aktuellen Status. Sende voted
GGT(233_2)@workstation 18.06 22:46:30,517| <11990.1242.0> erfragt aktuellen Mi. Sende Mi = 21
GGT(233_2)@workstation 18.06 22:49:14,377| 같같같같 CATCHED set_pmi mit 2048701655 
GGT(233_2)@workstation 18.06 22:49:14,377| WORKER: Neuer Mi wurde mitgeteilt (Neue berechnung). Mi:2048701655
GGT(233_2)@workstation 18.06 22:49:14,392| DISPATCHER: Leite Befehl {send,60612475} an meinen Worker weiter...
GGT(233_2)@workstation 18.06 22:49:14,392| Send erhalten Y:60612475
GGT(233_2)@workstation 18.06 22:49:14,392| ALGO: ((2048701655 -1) mod 60612475) +1     --    (TTW: 2 Sekunden)
GGT(233_2)@workstation 18.06 22:49:16,408| informiere (brief_mi) Koordinator coordinator ueber neuen Mi:48489980
GGT(233_2)@workstation 18.06 22:49:16,408| Sende (send) Nachbarn '231_3' und '232_3' neuen Mi:48489980
GGT(233_2)@workstation 18.06 22:49:18,424| DISPATCHER: Leite Befehl {send,3933391} an meinen Worker weiter...
GGT(233_2)@workstation 18.06 22:49:18,424| Send erhalten Y:3933391
GGT(233_2)@workstation 18.06 22:49:18,424| ALGO: ((48489980 -1) mod 3933391) +1     --    (TTW: 2 Sekunden)
GGT(233_2)@workstation 18.06 22:49:20,439| informiere (brief_mi) Koordinator coordinator ueber neuen Mi:1289288
GGT(233_2)@workstation 18.06 22:49:20,439| Sende (send) Nachbarn '231_3' und '232_3' neuen Mi:1289288
GGT(233_2)@workstation 18.06 22:49:22,455| DISPATCHER: Leite Befehl {send,65527} an meinen Worker weiter...
GGT(233_2)@workstation 18.06 22:49:22,455| Send erhalten Y:65527
GGT(233_2)@workstation 18.06 22:49:22,455| ALGO: ((1289288 -1) mod 65527) +1     --    (TTW: 2 Sekunden)
GGT(233_2)@workstation 18.06 22:49:24,408| DISPATCHER: Leite Befehl {vote,'231_2'} an meinen Worker weiter...
GGT(233_2)@workstation 18.06 22:49:24,408| DISPATCHER: Leite Befehl {vote,'232_2'} an meinen Worker weiter...
GGT(233_2)@workstation 18.06 22:49:24,439| DISPATCHER: Leite Befehl {vote,'233_3'} an meinen Worker weiter...
GGT(233_2)@workstation 18.06 22:49:24,455| DISPATCHER: Leite Befehl {vote,'232_1'} an meinen Worker weiter...
GGT(233_2)@workstation 18.06 22:49:24,471| informiere (brief_mi) Koordinator coordinator ueber neuen Mi:44275
GGT(233_2)@workstation 18.06 22:49:24,486| Sende (send) Nachbarn '231_3' und '232_3' neuen Mi:44275
GGT(233_2)@workstation 18.06 22:49:24,517| ### vote erhalten! Ich = '233_2'  Initiator = '231_2') ###
GGT(233_2)@workstation 18.06 22:49:24,517| Leite Anfrage (vote) an den Linken Nachbarn '231_3' weiter (implizites Zustimmen)
GGT(233_2)@workstation 18.06 22:49:24,533| ### vote erhalten! Ich = '233_2'  Initiator = '232_2') ###
GGT(233_2)@workstation 18.06 22:49:24,533| Leite Anfrage (vote) an den Linken Nachbarn '231_3' weiter (implizites Zustimmen)
GGT(233_2)@workstation 18.06 22:49:24,533| ### vote erhalten! Ich = '233_2'  Initiator = '233_3') ###
GGT(233_2)@workstation 18.06 22:49:24,549| Leite Anfrage (vote) an den Linken Nachbarn '231_3' weiter (implizites Zustimmen)
GGT(233_2)@workstation 18.06 22:49:24,549| ### vote erhalten! Ich = '233_2'  Initiator = '232_1') ###
GGT(233_2)@workstation 18.06 22:49:24,549| Leite Anfrage (vote) an den Linken Nachbarn '231_3' weiter (implizites Zustimmen)
GGT(233_2)@workstation 18.06 22:49:26,533| DISPATCHER: Leite Befehl {send,21252} an meinen Worker weiter...
GGT(233_2)@workstation 18.06 22:49:26,533| Send erhalten Y:21252
GGT(233_2)@workstation 18.06 22:49:26,533| ALGO: ((44275 -1) mod 21252) +1     --    (TTW: 2 Sekunden)
GGT(233_2)@workstation 18.06 22:49:28,549| informiere (brief_mi) Koordinator coordinator ueber neuen Mi:1771
GGT(233_2)@workstation 18.06 22:49:28,564| Sende (send) Nachbarn '231_3' und '232_3' neuen Mi:1771
GGT(233_2)@workstation 18.06 22:49:30,596| DISPATCHER: Leite Befehl {send,462} an meinen Worker weiter...
GGT(233_2)@workstation 18.06 22:49:30,596| Send erhalten Y:462
GGT(233_2)@workstation 18.06 22:49:30,596| ALGO: ((1771 -1) mod 462) +1     --    (TTW: 2 Sekunden)
GGT(233_2)@workstation 18.06 22:49:30,627| DISPATCHER: Leite Befehl {send,1771} an meinen Worker weiter...
GGT(233_2)@workstation 18.06 22:49:32,611| informiere (brief_mi) Koordinator coordinator ueber neuen Mi:385
GGT(233_2)@workstation 18.06 22:49:32,611| Sende (send) Nachbarn '231_3' und '232_3' neuen Mi:385
GGT(233_2)@workstation 18.06 22:49:32,611| Send erhalten Y:1771
GGT(233_2)@workstation 18.06 22:49:32,611| ALGO: ((385 -1) mod 1771) +1     --    (TTW: 2 Sekunden)
GGT(233_2)@workstation 18.06 22:49:34,627| Mi NICHT geaendert! (ist und bleibt: 385)
GGT(233_2)@workstation 18.06 22:49:34,627| DISPATCHER: Leite Befehl {send,77} an meinen Worker weiter...
GGT(233_2)@workstation 18.06 22:49:34,627| Send erhalten Y:77
GGT(233_2)@workstation 18.06 22:49:34,627| ALGO: ((385 -1) mod 77) +1     --    (TTW: 2 Sekunden)
GGT(233_2)@workstation 18.06 22:49:34,689| DISPATCHER: Leite Befehl {send,231} an meinen Worker weiter...
GGT(233_2)@workstation 18.06 22:49:36,689| informiere (brief_mi) Koordinator coordinator ueber neuen Mi:77
GGT(233_2)@workstation 18.06 22:49:36,689| Sende (send) Nachbarn '231_3' und '232_3' neuen Mi:77
GGT(233_2)@workstation 18.06 22:49:36,689| Send erhalten Y:231
GGT(233_2)@workstation 18.06 22:49:36,689| ALGO: ((77 -1) mod 231) +1     --    (TTW: 2 Sekunden)
GGT(233_2)@workstation 18.06 22:49:38,705| Mi NICHT geaendert! (ist und bleibt: 77)
GGT(233_2)@workstation 18.06 22:49:38,752| DISPATCHER: Leite Befehl {send,77} an meinen Worker weiter...
GGT(233_2)@workstation 18.06 22:49:38,752| Send erhalten Y:77
GGT(233_2)@workstation 18.06 22:49:38,752| ALGO: ((77 -1) mod 77) +1     --    (TTW: 2 Sekunden)
GGT(233_2)@workstation 18.06 22:49:40,767| Mi NICHT geaendert! (ist und bleibt: 77)
GGT(233_2)@workstation 18.06 22:49:40,783| DISPATCHER: Leite Befehl {send,7} an meinen Worker weiter...
GGT(233_2)@workstation 18.06 22:49:40,783| Send erhalten Y:7
GGT(233_2)@workstation 18.06 22:49:40,783| ALGO: ((77 -1) mod 7) +1     --    (TTW: 2 Sekunden)
GGT(233_2)@workstation 18.06 22:49:42,783| DISPATCHER: Leite Befehl {send,7} an meinen Worker weiter...
GGT(233_2)@workstation 18.06 22:49:42,814| informiere (brief_mi) Koordinator coordinator ueber neuen Mi:7
GGT(233_2)@workstation 18.06 22:49:42,814| Sende (send) Nachbarn '231_3' und '232_3' neuen Mi:7
GGT(233_2)@workstation 18.06 22:49:42,814| Send erhalten Y:7
GGT(233_2)@workstation 18.06 22:49:42,814| ALGO: ((7 -1) mod 7) +1     --    (TTW: 2 Sekunden)
GGT(233_2)@workstation 18.06 22:49:44,830| Mi NICHT geaendert! (ist und bleibt: 7)
GGT(233_2)@workstation 18.06 22:49:54,830| TTT Timer ist abgelaufen. Informiere meine linken Nachbarn ('231_3') ueber vote
GGT(233_2)@workstation 18.06 22:49:54,830| DISPATCHER: Leite Befehl {vote,'232_2'} an meinen Worker weiter...
GGT(233_2)@workstation 18.06 22:49:54,846| ### vote erhalten! Ich = '233_2'  Initiator = '232_2') ###
GGT(233_2)@workstation 18.06 22:49:54,846| Leite Anfrage (vote) an den Linken Nachbarn '231_3' weiter (implizites Zustimmen)
GGT(233_2)@workstation 18.06 22:49:54,846| DISPATCHER: Leite Befehl {vote,'233_3'} an meinen Worker weiter...
GGT(233_2)@workstation 18.06 22:49:54,861| ### vote erhalten! Ich = '233_2'  Initiator = '233_3') ###
GGT(233_2)@workstation 18.06 22:49:54,861| Leite Anfrage (vote) an den Linken Nachbarn '231_3' weiter (implizites Zustimmen)
GGT(233_2)@workstation 18.06 22:49:54,971| DISPATCHER: Leite Befehl {vote,'233_2'} an meinen Worker weiter...
GGT(233_2)@workstation 18.06 22:49:54,986| ### vote erhalten! Ich = '233_2'  Initiator = '233_2') ###
GGT(233_2)@workstation 18.06 22:49:54,986| Abstimmung erfolgreich! informiere (brief_term) Koordinator coordinator ueber errechneten GGT:7
GGT(233_2)@workstation 18.06 22:49:54,986| Abstimmung erfolgreich! Zaehle meine 'erfolgreich gemeldeten Terminierungsmeldungen hoch' Wert jetzt: 2
