

GGT(237_1)@FloUB 17.06 21:26:21,705| ######################## 237_1 Status: SETUP ########################


GGT(237_1)@FloUB 17.06 21:26:21,705| ######################## 237_1 Status: INITIAL ########################
GGT(237_1)@FloUB 17.06 21:26:21,705| REBIND
GGT(237_1)@FloUB 17.06 21:26:21,705| CHECK_IN
GGT(237_1)@FloUB 17.06 21:26:58,923| Nachbarn wurden mitgeteilt {L: '239_2' | R: '234_1'}
GGT(237_1)@FloUB 17.06 21:26:58,924| DISPATCHER: Leite Befehl {rebind_res,ok} an meinen Worker weiter...


GGT(237_1)@FloUB 17.06 21:26:58,924| ######################## 237_1 Status: PRE_PROCESS ########################
GGT(237_1)@FloUB 17.06 21:27:03,892| DISPATCHER: Leite Befehl {set_pmi,66641338120500} an meinen Worker weiter...
GGT(237_1)@FloUB 17.06 21:27:03,907| Initial Mi wurde mitgeteilt. Mi:66641338120500


GGT(237_1)@FloUB 17.06 21:27:03,908| ######################## 237_1 Status: PROCESS ########################
GGT(237_1)@FloUB 17.06 21:27:03,955| DISPATCHER: Leite Befehl {send,1558606500} an meinen Worker weiter...
GGT(237_1)@FloUB 17.06 21:27:03,955| Send erhalten Y:1558606500
GGT(237_1)@FloUB 17.06 21:27:03,955| ALGO: ((66641338120500 -1) mod 1558606500) +1     --    (TTW: 5 Sekunden)
GGT(237_1)@FloUB 17.06 21:27:08,971| informiere (brief_mi) Koordinator coordinatorFM ueber neuen Mi:1558606500
GGT(237_1)@FloUB 17.06 21:27:08,971| Sende (send) Nachbarn '239_2' und '234_1' neuen Mi:1558606500
GGT(237_1)@FloUB 17.06 21:27:13,986| DISPATCHER: Leite Befehl {send,1275223500} an meinen Worker weiter...
GGT(237_1)@FloUB 17.06 21:27:13,002| Send erhalten Y:1275223500
GGT(237_1)@FloUB 17.06 21:27:13,002| ALGO: ((1558606500 -1) mod 1275223500) +1     --    (TTW: 5 Sekunden)
GGT(237_1)@FloUB 17.06 21:27:19,017| informiere (brief_mi) Koordinator coordinatorFM ueber neuen Mi:283383000
GGT(237_1)@FloUB 17.06 21:27:19,017| Sende (send) Nachbarn '239_2' und '234_1' neuen Mi:283383000
GGT(237_1)@FloUB 17.06 21:27:24,049| DISPATCHER: Leite Befehl {send,47230500} an meinen Worker weiter...
GGT(237_1)@FloUB 17.06 21:27:24,049| Send erhalten Y:47230500
GGT(237_1)@FloUB 17.06 21:27:24,049| ALGO: ((283383000 -1) mod 47230500) +1     --    (TTW: 5 Sekunden)
GGT(237_1)@FloUB 17.06 21:27:29,064| informiere (brief_mi) Koordinator coordinatorFM ueber neuen Mi:47230500
GGT(237_1)@FloUB 17.06 21:27:29,064| Sende (send) Nachbarn '239_2' und '234_1' neuen Mi:47230500
GGT(237_1)@FloUB 17.06 21:27:29,111| DISPATCHER: Leite Befehl {vote,'239_1'} an meinen Worker weiter...
GGT(237_1)@FloUB 17.06 21:27:29,111| ### vote erhalten! Ich = '237_1'  Initiator = '239_1') ###
GGT(237_1)@FloUB 17.06 21:27:29,111| Leite Anfrage (vote) an den Linken Nachbarn '239_2' weiter (implizites Zustimmen)
GGT(237_1)@FloUB 17.06 21:27:29,111| DISPATCHER: Leite Befehl {vote,'232_2'} an meinen Worker weiter...
GGT(237_1)@FloUB 17.06 21:27:29,111| ### vote erhalten! Ich = '237_1'  Initiator = '232_2') ###
GGT(237_1)@FloUB 17.06 21:27:29,111| Leite Anfrage (vote) an den Linken Nachbarn '239_2' weiter (implizites Zustimmen)
GGT(237_1)@FloUB 17.06 21:27:29,111| DISPATCHER: Leite Befehl {vote,'231_2'} an meinen Worker weiter...
GGT(237_1)@FloUB 17.06 21:27:29,111| ### vote erhalten! Ich = '237_1'  Initiator = '231_2') ###
GGT(237_1)@FloUB 17.06 21:27:29,111| DISPATCHER: Leite Befehl {vote,'231_1'} an meinen Worker weiter...
GGT(237_1)@FloUB 17.06 21:27:29,111| Leite Anfrage (vote) an den Linken Nachbarn '239_2' weiter (implizites Zustimmen)
GGT(237_1)@FloUB 17.06 21:27:29,111| DISPATCHER: Leite Befehl {vote,'2310_2'} an meinen Worker weiter...
GGT(237_1)@FloUB 17.06 21:27:29,111| ### vote erhalten! Ich = '237_1'  Initiator = '231_1') ###
GGT(237_1)@FloUB 17.06 21:27:29,111| Leite Anfrage (vote) an den Linken Nachbarn '239_2' weiter (implizites Zustimmen)
GGT(237_1)@FloUB 17.06 21:27:29,127| DISPATCHER: Leite Befehl {vote,'235_1'} an meinen Worker weiter...
GGT(237_1)@FloUB 17.06 21:27:29,127| ### vote erhalten! Ich = '237_1'  Initiator = '2310_2') ###
GGT(237_1)@FloUB 17.06 21:27:29,127| Leite Anfrage (vote) an den Linken Nachbarn '239_2' weiter (implizites Zustimmen)
GGT(237_1)@FloUB 17.06 21:27:29,127| ### vote erhalten! Ich = '237_1'  Initiator = '235_1') ###
GGT(237_1)@FloUB 17.06 21:27:29,127| Leite Anfrage (vote) an den Linken Nachbarn '239_2' weiter (implizites Zustimmen)
GGT(237_1)@FloUB 17.06 21:27:39,174| DISPATCHER: Leite Befehl {vote,'234_2'} an meinen Worker weiter...
GGT(237_1)@FloUB 17.06 21:27:39,174| ### vote erhalten! Ich = '237_1'  Initiator = '234_2') ###
GGT(237_1)@FloUB 17.06 21:27:39,174| Leite Anfrage (vote) an den Linken Nachbarn '239_2' weiter (implizites Zustimmen)
GGT(237_1)@FloUB 17.06 21:27:54,221| DISPATCHER: Leite Befehl {send,1276500} an meinen Worker weiter...
GGT(237_1)@FloUB 17.06 21:27:54,221| Send erhalten Y:1276500
GGT(237_1)@FloUB 17.06 21:27:54,221| ALGO: ((47230500 -1) mod 1276500) +1     --    (TTW: 5 Sekunden)
GGT(237_1)@FloUB 17.06 21:27:59,236| informiere (brief_mi) Koordinator coordinatorFM ueber neuen Mi:1276500
GGT(237_1)@FloUB 17.06 21:27:59,252| Sende (send) Nachbarn '239_2' und '234_1' neuen Mi:1276500
GGT(237_1)@FloUB 17.06 21:28:04,252| DISPATCHER: Leite Befehl {send,34500} an meinen Worker weiter...
GGT(237_1)@FloUB 17.06 21:28:04,252| Send erhalten Y:34500
GGT(237_1)@FloUB 17.06 21:28:04,252| ALGO: ((1276500 -1) mod 34500) +1     --    (TTW: 5 Sekunden)
GGT(237_1)@FloUB 17.06 21:28:04,298| DISPATCHER: Leite Befehl {send,469200} an meinen Worker weiter...
GGT(237_1)@FloUB 17.06 21:28:09,267| informiere (brief_mi) Koordinator coordinatorFM ueber neuen Mi:34500
GGT(237_1)@FloUB 17.06 21:28:09,267| Sende (send) Nachbarn '239_2' und '234_1' neuen Mi:34500
GGT(237_1)@FloUB 17.06 21:28:09,282| Send erhalten Y:469200
GGT(237_1)@FloUB 17.06 21:28:09,283| ALGO: ((34500 -1) mod 469200) +1     --    (TTW: 5 Sekunden)
GGT(237_1)@FloUB 17.06 21:28:14,283| DISPATCHER: Leite Befehl {send,20700} an meinen Worker weiter...
GGT(237_1)@FloUB 17.06 21:28:14,299| Mi NICHT geaendert! (ist und bleibt: 34500)
GGT(237_1)@FloUB 17.06 21:28:14,299| Send erhalten Y:20700
GGT(237_1)@FloUB 17.06 21:28:14,299| ALGO: ((34500 -1) mod 20700) +1     --    (TTW: 5 Sekunden)
GGT(237_1)@FloUB 17.06 21:28:19,299| DISPATCHER: Leite Befehl {send,1800} an meinen Worker weiter...
GGT(237_1)@FloUB 17.06 21:28:19,314| informiere (brief_mi) Koordinator coordinatorFM ueber neuen Mi:13800
GGT(237_1)@FloUB 17.06 21:28:19,330| Sende (send) Nachbarn '239_2' und '234_1' neuen Mi:13800
GGT(237_1)@FloUB 17.06 21:28:19,330| Send erhalten Y:1800
GGT(237_1)@FloUB 17.06 21:28:19,330| ALGO: ((13800 -1) mod 1800) +1     --    (TTW: 5 Sekunden)
GGT(237_1)@FloUB 17.06 21:28:24,346| informiere (brief_mi) Koordinator coordinatorFM ueber neuen Mi:1200
GGT(237_1)@FloUB 17.06 21:28:24,346| Sende (send) Nachbarn '239_2' und '234_1' neuen Mi:1200
GGT(237_1)@FloUB 17.06 21:28:24,346| DISPATCHER: Leite Befehl {send,6900} an meinen Worker weiter...
GGT(237_1)@FloUB 17.06 21:28:24,361| Send erhalten Y:6900
GGT(237_1)@FloUB 17.06 21:28:24,361| ALGO: ((1200 -1) mod 6900) +1     --    (TTW: 5 Sekunden)
GGT(237_1)@FloUB 17.06 21:28:29,377| Mi NICHT geaendert! (ist und bleibt: 1200)
GGT(237_1)@FloUB 17.06 21:28:29,377| DISPATCHER: Leite Befehl {send,600} an meinen Worker weiter...
GGT(237_1)@FloUB 17.06 21:28:29,377| Send erhalten Y:600
GGT(237_1)@FloUB 17.06 21:28:29,377| ALGO: ((1200 -1) mod 600) +1     --    (TTW: 5 Sekunden)
GGT(237_1)@FloUB 17.06 21:28:29,392| DISPATCHER: Leite Befehl {send,900} an meinen Worker weiter...
GGT(237_1)@FloUB 17.06 21:28:34,392| informiere (brief_mi) Koordinator coordinatorFM ueber neuen Mi:600
GGT(237_1)@FloUB 17.06 21:28:34,407| Sende (send) Nachbarn '239_2' und '234_1' neuen Mi:600
GGT(237_1)@FloUB 17.06 21:28:34,408| Send erhalten Y:900
GGT(237_1)@FloUB 17.06 21:28:34,408| ALGO: ((600 -1) mod 900) +1     --    (TTW: 5 Sekunden)
GGT(237_1)@FloUB 17.06 21:28:39,424| Mi NICHT geaendert! (ist und bleibt: 600)
GGT(237_1)@FloUB 17.06 21:28:39,439| DISPATCHER: Leite Befehl {send,300} an meinen Worker weiter...
GGT(237_1)@FloUB 17.06 21:28:39,439| Send erhalten Y:300
GGT(237_1)@FloUB 17.06 21:28:39,439| ALGO: ((600 -1) mod 300) +1     --    (TTW: 5 Sekunden)
GGT(237_1)@FloUB 17.06 21:28:44,455| DISPATCHER: Leite Befehl {send,300} an meinen Worker weiter...
GGT(237_1)@FloUB 17.06 21:28:44,455| informiere (brief_mi) Koordinator coordinatorFM ueber neuen Mi:300
GGT(237_1)@FloUB 17.06 21:28:44,455| Sende (send) Nachbarn '239_2' und '234_1' neuen Mi:300
GGT(237_1)@FloUB 17.06 21:28:44,471| Send erhalten Y:300
GGT(237_1)@FloUB 17.06 21:28:44,471| ALGO: ((300 -1) mod 300) +1     --    (TTW: 5 Sekunden)
GGT(237_1)@FloUB 17.06 21:28:49,486| Mi NICHT geaendert! (ist und bleibt: 300)
GGT(237_1)@FloUB 17.06 21:28:54,564| DISPATCHER: Leite Befehl {vote,'233_1'} an meinen Worker weiter...
GGT(237_1)@FloUB 17.06 21:28:54,564| ### vote erhalten! Ich = '237_1'  Initiator = '233_1') ###
GGT(237_1)@FloUB 17.06 21:28:54,564| Leite Anfrage (vote) an den Linken Nachbarn '239_2' weiter (implizites Zustimmen)
GGT(237_1)@FloUB 17.06 21:28:54,564| DISPATCHER: Leite Befehl {vote,'236_1'} an meinen Worker weiter...
GGT(237_1)@FloUB 17.06 21:28:54,564| ### vote erhalten! Ich = '237_1'  Initiator = '236_1') ###
GGT(237_1)@FloUB 17.06 21:28:54,564| Leite Anfrage (vote) an den Linken Nachbarn '239_2' weiter (implizites Zustimmen)


GGT(237_1)@FloUB 17.06 21:31:45,111| ######################## 237_1 Status: KILLED :( ########################
