

GGT(235_1)@FloUB 17.06 21:26:21,486| ######################## 235_1 Status: SETUP ########################


GGT(235_1)@FloUB 17.06 21:26:21,486| ######################## 235_1 Status: INITIAL ########################
GGT(235_1)@FloUB 17.06 21:26:21,486| REBIND
GGT(235_1)@FloUB 17.06 21:26:21,486| CHECK_IN
GGT(235_1)@FloUB 17.06 21:26:58,892| Nachbarn wurden mitgeteilt {L: '2310_2' | R: '233_1'}
GGT(235_1)@FloUB 17.06 21:26:58,892| DISPATCHER: Leite Befehl {rebind_res,ok} an meinen Worker weiter...


GGT(235_1)@FloUB 17.06 21:26:58,892| ######################## 235_1 Status: PRE_PROCESS ########################
GGT(235_1)@FloUB 17.06 21:27:03,892| DISPATCHER: Leite Befehl {set_pmi,992351100} an meinen Worker weiter...
GGT(235_1)@FloUB 17.06 21:27:03,892| Initial Mi wurde mitgeteilt. Mi:992351100


GGT(235_1)@FloUB 17.06 21:27:03,892| ######################## 235_1 Status: PROCESS ########################
GGT(235_1)@FloUB 17.06 21:27:18,892| TTT Timer ist abgelaufen. Informiere meine linken Nachbarn ('2310_2') ueber vote
GGT(235_1)@FloUB 17.06 21:27:18,924| DISPATCHER: Leite Befehl {vote,'232_1'} an meinen Worker weiter...
GGT(235_1)@FloUB 17.06 21:27:18,939| ### vote erhalten! Ich = '235_1'  Initiator = '232_1') ###
GGT(235_1)@FloUB 17.06 21:27:18,939| Leite Anfrage (vote) an den Linken Nachbarn '2310_2' weiter (implizites Zustimmen)
GGT(235_1)@FloUB 17.06 21:27:18,939| DISPATCHER: Leite Befehl {vote,'236_1'} an meinen Worker weiter...
GGT(235_1)@FloUB 17.06 21:27:18,939| ### vote erhalten! Ich = '235_1'  Initiator = '236_1') ###
GGT(235_1)@FloUB 17.06 21:27:18,939| Leite Anfrage (vote) an den Linken Nachbarn '2310_2' weiter (implizites Zustimmen)
GGT(235_1)@FloUB 17.06 21:27:24,017| DISPATCHER: Leite Befehl {vote,'234_2'} an meinen Worker weiter...
GGT(235_1)@FloUB 17.06 21:27:24,017| ### vote erhalten! Ich = '235_1'  Initiator = '234_2') ###
GGT(235_1)@FloUB 17.06 21:27:24,017| Leite Anfrage (vote) an den Linken Nachbarn '2310_2' weiter (implizites Zustimmen)
GGT(235_1)@FloUB 17.06 21:27:34,158| DISPATCHER: Leite Befehl {vote,'235_1'} an meinen Worker weiter...
GGT(235_1)@FloUB 17.06 21:27:34,158| ### vote erhalten! Ich = '235_1'  Initiator = '235_1') ###
GGT(235_1)@FloUB 17.06 21:27:34,173| Abstimmung erfolgreich! informiere (brief_term) Koordinator coordinatorFM ueber errechneten GGT:992351100
GGT(235_1)@FloUB 17.06 21:27:34,174| Abstimmung erfolgreich! Zaehle meine 'erfolgreich gemeldeten Terminierungsmeldungen hoch' Wert jetzt: 1
GGT(235_1)@FloUB 17.06 21:28:14,361| DISPATCHER: Leite Befehl {send,300} an meinen Worker weiter...
GGT(235_1)@FloUB 17.06 21:28:14,361| Send erhalten Y:300
GGT(235_1)@FloUB 17.06 21:28:14,361| ALGO: ((992351100 -1) mod 300) +1     --    (TTW: 5 Sekunden)
GGT(235_1)@FloUB 17.06 21:28:19,377| informiere (brief_mi) Koordinator coordinatorFM ueber neuen Mi:300
GGT(235_1)@FloUB 17.06 21:28:19,377| Sende (send) Nachbarn '2310_2' und '233_1' neuen Mi:300
GGT(235_1)@FloUB 17.06 21:28:24,408| DISPATCHER: Leite Befehl {send,300} an meinen Worker weiter...
GGT(235_1)@FloUB 17.06 21:28:24,408| Send erhalten Y:300
GGT(235_1)@FloUB 17.06 21:28:24,408| ALGO: ((300 -1) mod 300) +1     --    (TTW: 5 Sekunden)
GGT(235_1)@FloUB 17.06 21:28:29,424| Mi NICHT geaendert! (ist und bleibt: 300)
GGT(235_1)@FloUB 17.06 21:28:44,424| TTT Timer ist abgelaufen. Informiere meine linken Nachbarn ('2310_2') ueber vote
GGT(235_1)@FloUB 17.06 21:28:54,502| DISPATCHER: Leite Befehl {vote,'233_1'} an meinen Worker weiter...
GGT(235_1)@FloUB 17.06 21:28:54,502| ### vote erhalten! Ich = '235_1'  Initiator = '233_1') ###
GGT(235_1)@FloUB 17.06 21:28:54,502| Leite Anfrage (vote) an den Linken Nachbarn '2310_2' weiter (implizites Zustimmen)
GGT(235_1)@FloUB 17.06 21:28:54,502| DISPATCHER: Leite Befehl {vote,'236_1'} an meinen Worker weiter...
GGT(235_1)@FloUB 17.06 21:28:54,502| ### vote erhalten! Ich = '235_1'  Initiator = '236_1') ###
GGT(235_1)@FloUB 17.06 21:28:54,502| Leite Anfrage (vote) an den Linken Nachbarn '2310_2' weiter (implizites Zustimmen)


GGT(235_1)@FloUB 17.06 21:31:45,096| ######################## 235_1 Status: KILLED :( ########################
