

GGT(236_2)@lab24.cpt.haw-hamburg.de 18.06 16:45:30,013| ######################## 236_2 Status: SETUP ########################


GGT(236_2)@lab24.cpt.haw-hamburg.de 18.06 16:45:30,013| ######################## 236_2 Status: INITIAL ########################
GGT(236_2)@lab24.cpt.haw-hamburg.de 18.06 16:45:30,013| REBIND
GGT(236_2)@lab24.cpt.haw-hamburg.de 18.06 16:45:30,013| CHECK_IN
GGT(236_2)@lab24.cpt.haw-hamburg.de 18.06 16:46:35,794| Nachbarn wurden mitgeteilt {L: '234_1' | R: '244_3'}
GGT(236_2)@lab24.cpt.haw-hamburg.de 18.06 16:46:35,794| DISPATCHER: Leite Befehl {rebind_res,ok} an meinen Worker weiter...


GGT(236_2)@lab24.cpt.haw-hamburg.de 18.06 16:46:35,794| ######################## 236_2 Status: PRE_PROCESS ########################
GGT(236_2)@lab24.cpt.haw-hamburg.de 18.06 16:46:53,436| DISPATCHER: Leite Befehl {set_pmi,378306500} an meinen Worker weiter...
GGT(236_2)@lab24.cpt.haw-hamburg.de 18.06 16:46:53,436| Initial Mi wurde mitgeteilt. Mi:378306500


GGT(236_2)@lab24.cpt.haw-hamburg.de 18.06 16:46:53,436| ######################## 236_2 Status: PROCESS ########################
GGT(236_2)@lab24.cpt.haw-hamburg.de 18.06 16:46:56,433| DISPATCHER: Leite Befehl {vote,'213_4'} an meinen Worker weiter...
GGT(236_2)@lab24.cpt.haw-hamburg.de 18.06 16:46:56,433| DISPATCHER: Leite Befehl {vote,'213_3'} an meinen Worker weiter...
GGT(236_2)@lab24.cpt.haw-hamburg.de 18.06 16:46:56,433| ### vote erhalten! Ich = '236_2'  Initiator = '213_4') ###
GGT(236_2)@lab24.cpt.haw-hamburg.de 18.06 16:46:56,433| Leite Anfrage (vote) an den Linken Nachbarn '234_1' weiter (implizites Zustimmen)
GGT(236_2)@lab24.cpt.haw-hamburg.de 18.06 16:46:56,434| DISPATCHER: Leite Befehl {vote,'214_2'} an meinen Worker weiter...
GGT(236_2)@lab24.cpt.haw-hamburg.de 18.06 16:46:56,435| ### vote erhalten! Ich = '236_2'  Initiator = '213_3') ###
GGT(236_2)@lab24.cpt.haw-hamburg.de 18.06 16:46:56,435| Leite Anfrage (vote) an den Linken Nachbarn '234_1' weiter (implizites Zustimmen)
GGT(236_2)@lab24.cpt.haw-hamburg.de 18.06 16:46:56,435| DISPATCHER: Leite Befehl {vote,'218_2'} an meinen Worker weiter...
GGT(236_2)@lab24.cpt.haw-hamburg.de 18.06 16:46:56,436| DISPATCHER: Leite Befehl {vote,'217_4'} an meinen Worker weiter...
GGT(236_2)@lab24.cpt.haw-hamburg.de 18.06 16:46:56,438| ### vote erhalten! Ich = '236_2'  Initiator = '214_2') ###
GGT(236_2)@lab24.cpt.haw-hamburg.de 18.06 16:46:56,438| Leite Anfrage (vote) an den Linken Nachbarn '234_1' weiter (implizites Zustimmen)
GGT(236_2)@lab24.cpt.haw-hamburg.de 18.06 16:46:56,439| ### vote erhalten! Ich = '236_2'  Initiator = '218_2') ###
GGT(236_2)@lab24.cpt.haw-hamburg.de 18.06 16:46:56,439| Leite Anfrage (vote) an den Linken Nachbarn '234_1' weiter (implizites Zustimmen)
GGT(236_2)@lab24.cpt.haw-hamburg.de 18.06 16:46:56,440| ### vote erhalten! Ich = '236_2'  Initiator = '217_4') ###
GGT(236_2)@lab24.cpt.haw-hamburg.de 18.06 16:46:56,440| Leite Anfrage (vote) an den Linken Nachbarn '234_1' weiter (implizites Zustimmen)
GGT(236_2)@lab24.cpt.haw-hamburg.de 18.06 16:46:56,446| DISPATCHER: Leite Befehl {vote,'244_3'} an meinen Worker weiter...
GGT(236_2)@lab24.cpt.haw-hamburg.de 18.06 16:46:56,448| ### vote erhalten! Ich = '236_2'  Initiator = '244_3') ###
GGT(236_2)@lab24.cpt.haw-hamburg.de 18.06 16:46:56,448| Leite Anfrage (vote) an den Linken Nachbarn '234_1' weiter (implizites Zustimmen)
GGT(236_2)@lab24.cpt.haw-hamburg.de 18.06 16:46:56,451| DISPATCHER: Leite Befehl {vote,'248_2'} an meinen Worker weiter...
GGT(236_2)@lab24.cpt.haw-hamburg.de 18.06 16:46:56,452| ### vote erhalten! Ich = '236_2'  Initiator = '248_2') ###
GGT(236_2)@lab24.cpt.haw-hamburg.de 18.06 16:46:56,452| Leite Anfrage (vote) an den Linken Nachbarn '234_1' weiter (implizites Zustimmen)
GGT(236_2)@lab24.cpt.haw-hamburg.de 18.06 16:46:56,460| DISPATCHER: Leite Befehl {vote,'216_3'} an meinen Worker weiter...
GGT(236_2)@lab24.cpt.haw-hamburg.de 18.06 16:46:56,461| ### vote erhalten! Ich = '236_2'  Initiator = '216_3') ###
GGT(236_2)@lab24.cpt.haw-hamburg.de 18.06 16:46:56,461| Leite Anfrage (vote) an den Linken Nachbarn '234_1' weiter (implizites Zustimmen)
GGT(236_2)@lab24.cpt.haw-hamburg.de 18.06 16:46:56,468| DISPATCHER: Leite Befehl {vote,'215_4'} an meinen Worker weiter...
GGT(236_2)@lab24.cpt.haw-hamburg.de 18.06 16:46:56,468| DISPATCHER: Leite Befehl {vote,'237_1'} an meinen Worker weiter...
GGT(236_2)@lab24.cpt.haw-hamburg.de 18.06 16:46:56,469| ### vote erhalten! Ich = '236_2'  Initiator = '215_4') ###
GGT(236_2)@lab24.cpt.haw-hamburg.de 18.06 16:46:56,469| DISPATCHER: Leite Befehl {vote,'244_2'} an meinen Worker weiter...
GGT(236_2)@lab24.cpt.haw-hamburg.de 18.06 16:46:56,469| Leite Anfrage (vote) an den Linken Nachbarn '234_1' weiter (implizites Zustimmen)
GGT(236_2)@lab24.cpt.haw-hamburg.de 18.06 16:46:56,470| DISPATCHER: Leite Befehl {vote,'245_4'} an meinen Worker weiter...
GGT(236_2)@lab24.cpt.haw-hamburg.de 18.06 16:46:56,470| DISPATCHER: Leite Befehl {vote,'248_1'} an meinen Worker weiter...
GGT(236_2)@lab24.cpt.haw-hamburg.de 18.06 16:46:56,471| ### vote erhalten! Ich = '236_2'  Initiator = '237_1') ###
GGT(236_2)@lab24.cpt.haw-hamburg.de 18.06 16:46:56,471| Leite Anfrage (vote) an den Linken Nachbarn '234_1' weiter (implizites Zustimmen)
GGT(236_2)@lab24.cpt.haw-hamburg.de 18.06 16:46:56,471| DISPATCHER: Leite Befehl {vote,'249_2'} an meinen Worker weiter...
GGT(236_2)@lab24.cpt.haw-hamburg.de 18.06 16:46:56,473| ### vote erhalten! Ich = '236_2'  Initiator = '244_2') ###
GGT(236_2)@lab24.cpt.haw-hamburg.de 18.06 16:46:56,473| Leite Anfrage (vote) an den Linken Nachbarn '234_1' weiter (implizites Zustimmen)
GGT(236_2)@lab24.cpt.haw-hamburg.de 18.06 16:46:56,474| ### vote erhalten! Ich = '236_2'  Initiator = '245_4') ###
GGT(236_2)@lab24.cpt.haw-hamburg.de 18.06 16:46:56,474| Leite Anfrage (vote) an den Linken Nachbarn '234_1' weiter (implizites Zustimmen)
GGT(236_2)@lab24.cpt.haw-hamburg.de 18.06 16:46:56,476| ### vote erhalten! Ich = '236_2'  Initiator = '248_1') ###
GGT(236_2)@lab24.cpt.haw-hamburg.de 18.06 16:46:56,476| Leite Anfrage (vote) an den Linken Nachbarn '234_1' weiter (implizites Zustimmen)
GGT(236_2)@lab24.cpt.haw-hamburg.de 18.06 16:46:56,478| ### vote erhalten! Ich = '236_2'  Initiator = '249_2') ###
GGT(236_2)@lab24.cpt.haw-hamburg.de 18.06 16:46:56,478| Leite Anfrage (vote) an den Linken Nachbarn '234_1' weiter (implizites Zustimmen)
GGT(236_2)@lab24.cpt.haw-hamburg.de 18.06 16:46:59,457| DISPATCHER: Leite Befehl {vote,'215_3'} an meinen Worker weiter...
GGT(236_2)@lab24.cpt.haw-hamburg.de 18.06 16:46:59,457| ### vote erhalten! Ich = '236_2'  Initiator = '215_3') ###
GGT(236_2)@lab24.cpt.haw-hamburg.de 18.06 16:46:59,457| Leite Anfrage (vote) an den Linken Nachbarn '234_1' weiter (implizites Zustimmen)
GGT(236_2)@lab24.cpt.haw-hamburg.de 18.06 16:46:59,458| DISPATCHER: Leite Befehl {vote,'211_3'} an meinen Worker weiter...
GGT(236_2)@lab24.cpt.haw-hamburg.de 18.06 16:46:59,459| ### vote erhalten! Ich = '236_2'  Initiator = '211_3') ###
GGT(236_2)@lab24.cpt.haw-hamburg.de 18.06 16:46:59,459| Leite Anfrage (vote) an den Linken Nachbarn '234_1' weiter (implizites Zustimmen)
GGT(236_2)@lab24.cpt.haw-hamburg.de 18.06 16:46:59,462| DISPATCHER: Leite Befehl {vote,'2110_2'} an meinen Worker weiter...
GGT(236_2)@lab24.cpt.haw-hamburg.de 18.06 16:46:59,462| DISPATCHER: Leite Befehl {vote,'218_3'} an meinen Worker weiter...
GGT(236_2)@lab24.cpt.haw-hamburg.de 18.06 16:46:59,462| DISPATCHER: Leite Befehl {vote,'212_2'} an meinen Worker weiter...
GGT(236_2)@lab24.cpt.haw-hamburg.de 18.06 16:46:59,463| ### vote erhalten! Ich = '236_2'  Initiator = '2110_2') ###
GGT(236_2)@lab24.cpt.haw-hamburg.de 18.06 16:46:59,463| Leite Anfrage (vote) an den Linken Nachbarn '234_1' weiter (implizites Zustimmen)
GGT(236_2)@lab24.cpt.haw-hamburg.de 18.06 16:46:59,464| ### vote erhalten! Ich = '236_2'  Initiator = '218_3') ###
GGT(236_2)@lab24.cpt.haw-hamburg.de 18.06 16:46:59,464| Leite Anfrage (vote) an den Linken Nachbarn '234_1' weiter (implizites Zustimmen)
GGT(236_2)@lab24.cpt.haw-hamburg.de 18.06 16:46:59,466| ### vote erhalten! Ich = '236_2'  Initiator = '212_2') ###
GGT(236_2)@lab24.cpt.haw-hamburg.de 18.06 16:46:59,466| Leite Anfrage (vote) an den Linken Nachbarn '234_1' weiter (implizites Zustimmen)
GGT(236_2)@lab24.cpt.haw-hamburg.de 18.06 16:46:59,466| DISPATCHER: Leite Befehl {vote,'239_1'} an meinen Worker weiter...
GGT(236_2)@lab24.cpt.haw-hamburg.de 18.06 16:46:59,466| DISPATCHER: Leite Befehl {vote,'212_3'} an meinen Worker weiter...
GGT(236_2)@lab24.cpt.haw-hamburg.de 18.06 16:46:59,466| DISPATCHER: Leite Befehl {vote,'219_1'} an meinen Worker weiter...
GGT(236_2)@lab24.cpt.haw-hamburg.de 18.06 16:46:59,466| ### vote erhalten! Ich = '236_2'  Initiator = '239_1') ###
GGT(236_2)@lab24.cpt.haw-hamburg.de 18.06 16:46:59,467| Leite Anfrage (vote) an den Linken Nachbarn '234_1' weiter (implizites Zustimmen)
GGT(236_2)@lab24.cpt.haw-hamburg.de 18.06 16:46:59,467| ### vote erhalten! Ich = '236_2'  Initiator = '212_3') ###
GGT(236_2)@lab24.cpt.haw-hamburg.de 18.06 16:46:59,467| Leite Anfrage (vote) an den Linken Nachbarn '234_1' weiter (implizites Zustimmen)
GGT(236_2)@lab24.cpt.haw-hamburg.de 18.06 16:46:59,468| DISPATCHER: Leite Befehl {vote,'217_2'} an meinen Worker weiter...
GGT(236_2)@lab24.cpt.haw-hamburg.de 18.06 16:46:59,468| ### vote erhalten! Ich = '236_2'  Initiator = '219_1') ###
GGT(236_2)@lab24.cpt.haw-hamburg.de 18.06 16:46:59,468| Leite Anfrage (vote) an den Linken Nachbarn '234_1' weiter (implizites Zustimmen)
GGT(236_2)@lab24.cpt.haw-hamburg.de 18.06 16:46:59,469| DISPATCHER: Leite Befehl {vote,'219_3'} an meinen Worker weiter...
GGT(236_2)@lab24.cpt.haw-hamburg.de 18.06 16:46:59,469| ### vote erhalten! Ich = '236_2'  Initiator = '217_2') ###
GGT(236_2)@lab24.cpt.haw-hamburg.de 18.06 16:46:59,469| Leite Anfrage (vote) an den Linken Nachbarn '234_1' weiter (implizites Zustimmen)
GGT(236_2)@lab24.cpt.haw-hamburg.de 18.06 16:46:59,470| DISPATCHER: Leite Befehl {vote,'242_3'} an meinen Worker weiter...
GGT(236_2)@lab24.cpt.haw-hamburg.de 18.06 16:46:59,470| ### vote erhalten! Ich = '236_2'  Initiator = '219_3') ###
GGT(236_2)@lab24.cpt.haw-hamburg.de 18.06 16:46:59,470| Leite Anfrage (vote) an den Linken Nachbarn '234_1' weiter (implizites Zustimmen)
GGT(236_2)@lab24.cpt.haw-hamburg.de 18.06 16:46:59,470| ### vote erhalten! Ich = '236_2'  Initiator = '242_3') ###
GGT(236_2)@lab24.cpt.haw-hamburg.de 18.06 16:46:59,470| Leite Anfrage (vote) an den Linken Nachbarn '234_1' weiter (implizites Zustimmen)
GGT(236_2)@lab24.cpt.haw-hamburg.de 18.06 16:46:59,471| DISPATCHER: Leite Befehl {vote,'2410_4'} an meinen Worker weiter...
GGT(236_2)@lab24.cpt.haw-hamburg.de 18.06 16:46:59,473| DISPATCHER: Leite Befehl {vote,'241_3'} an meinen Worker weiter...
GGT(236_2)@lab24.cpt.haw-hamburg.de 18.06 16:46:59,473| ### vote erhalten! Ich = '236_2'  Initiator = '2410_4') ###
GGT(236_2)@lab24.cpt.haw-hamburg.de 18.06 16:46:59,473| DISPATCHER: Leite Befehl {vote,'241_4'} an meinen Worker weiter...
GGT(236_2)@lab24.cpt.haw-hamburg.de 18.06 16:46:59,473| DISPATCHER: Leite Befehl {vote,'242_4'} an meinen Worker weiter...
GGT(236_2)@lab24.cpt.haw-hamburg.de 18.06 16:46:59,473| Leite Anfrage (vote) an den Linken Nachbarn '234_1' weiter (implizites Zustimmen)
GGT(236_2)@lab24.cpt.haw-hamburg.de 18.06 16:46:59,473| ### vote erhalten! Ich = '236_2'  Initiator = '241_3') ###
GGT(236_2)@lab24.cpt.haw-hamburg.de 18.06 16:46:59,473| Leite Anfrage (vote) an den Linken Nachbarn '234_1' weiter (implizites Zustimmen)
GGT(236_2)@lab24.cpt.haw-hamburg.de 18.06 16:46:59,474| ### vote erhalten! Ich = '236_2'  Initiator = '241_4') ###
GGT(236_2)@lab24.cpt.haw-hamburg.de 18.06 16:46:59,474| Leite Anfrage (vote) an den Linken Nachbarn '234_1' weiter (implizites Zustimmen)
GGT(236_2)@lab24.cpt.haw-hamburg.de 18.06 16:46:59,475| DISPATCHER: Leite Befehl {vote,'246_3'} an meinen Worker weiter...
GGT(236_2)@lab24.cpt.haw-hamburg.de 18.06 16:46:59,475| ### vote erhalten! Ich = '236_2'  Initiator = '242_4') ###
GGT(236_2)@lab24.cpt.haw-hamburg.de 18.06 16:46:59,475| Leite Anfrage (vote) an den Linken Nachbarn '234_1' weiter (implizites Zustimmen)
GGT(236_2)@lab24.cpt.haw-hamburg.de 18.06 16:46:59,477| DISPATCHER: Leite Befehl {vote,'249_1'} an meinen Worker weiter...
GGT(236_2)@lab24.cpt.haw-hamburg.de 18.06 16:46:59,477| DISPATCHER: Leite Befehl {vote,'245_2'} an meinen Worker weiter...
GGT(236_2)@lab24.cpt.haw-hamburg.de 18.06 16:46:59,477| ### vote erhalten! Ich = '236_2'  Initiator = '246_3') ###
GGT(236_2)@lab24.cpt.haw-hamburg.de 18.06 16:46:59,477| Leite Anfrage (vote) an den Linken Nachbarn '234_1' weiter (implizites Zustimmen)
GGT(236_2)@lab24.cpt.haw-hamburg.de 18.06 16:46:59,478| ### vote erhalten! Ich = '236_2'  Initiator = '249_1') ###
GGT(236_2)@lab24.cpt.haw-hamburg.de 18.06 16:46:59,478| Leite Anfrage (vote) an den Linken Nachbarn '234_1' weiter (implizites Zustimmen)
GGT(236_2)@lab24.cpt.haw-hamburg.de 18.06 16:46:59,479| DISPATCHER: Leite Befehl {vote,'244_1'} an meinen Worker weiter...
GGT(236_2)@lab24.cpt.haw-hamburg.de 18.06 16:46:59,479| ### vote erhalten! Ich = '236_2'  Initiator = '245_2') ###
GGT(236_2)@lab24.cpt.haw-hamburg.de 18.06 16:46:59,479| Leite Anfrage (vote) an den Linken Nachbarn '234_1' weiter (implizites Zustimmen)
GGT(236_2)@lab24.cpt.haw-hamburg.de 18.06 16:46:59,480| DISPATCHER: Leite Befehl {vote,'216_2'} an meinen Worker weiter...
GGT(236_2)@lab24.cpt.haw-hamburg.de 18.06 16:46:59,480| ### vote erhalten! Ich = '236_2'  Initiator = '244_1') ###
GGT(236_2)@lab24.cpt.haw-hamburg.de 18.06 16:46:59,480| Leite Anfrage (vote) an den Linken Nachbarn '234_1' weiter (implizites Zustimmen)
GGT(236_2)@lab24.cpt.haw-hamburg.de 18.06 16:46:59,480| DISPATCHER: Leite Befehl {vote,'239_2'} an meinen Worker weiter...
GGT(236_2)@lab24.cpt.haw-hamburg.de 18.06 16:46:59,480| ### vote erhalten! Ich = '236_2'  Initiator = '216_2') ###
GGT(236_2)@lab24.cpt.haw-hamburg.de 18.06 16:46:59,481| Leite Anfrage (vote) an den Linken Nachbarn '234_1' weiter (implizites Zustimmen)
GGT(236_2)@lab24.cpt.haw-hamburg.de 18.06 16:46:59,481| DISPATCHER: Leite Befehl {vote,'245_1'} an meinen Worker weiter...
GGT(236_2)@lab24.cpt.haw-hamburg.de 18.06 16:46:59,481| ### vote erhalten! Ich = '236_2'  Initiator = '239_2') ###
GGT(236_2)@lab24.cpt.haw-hamburg.de 18.06 16:46:59,481| Leite Anfrage (vote) an den Linken Nachbarn '234_1' weiter (implizites Zustimmen)
GGT(236_2)@lab24.cpt.haw-hamburg.de 18.06 16:46:59,482| ### vote erhalten! Ich = '236_2'  Initiator = '245_1') ###
GGT(236_2)@lab24.cpt.haw-hamburg.de 18.06 16:46:59,482| Leite Anfrage (vote) an den Linken Nachbarn '234_1' weiter (implizites Zustimmen)
GGT(236_2)@lab24.cpt.haw-hamburg.de 18.06 16:47:02,459| DISPATCHER: Leite Befehl {send,4677700} an meinen Worker weiter...
GGT(236_2)@lab24.cpt.haw-hamburg.de 18.06 16:47:02,459| Send erhalten Y:4677700
GGT(236_2)@lab24.cpt.haw-hamburg.de 18.06 16:47:02,460| ALGO: ((378306500 -1) mod 4677700) +1     --    (TTW: 3 Sekunden)
GGT(236_2)@lab24.cpt.haw-hamburg.de 18.06 16:47:02,461| DISPATCHER: Leite Befehl {vote,'249_2'} an meinen Worker weiter...
GGT(236_2)@lab24.cpt.haw-hamburg.de 18.06 16:47:02,461| DISPATCHER: Leite Befehl {vote,'248_3'} an meinen Worker weiter...
GGT(236_2)@lab24.cpt.haw-hamburg.de 18.06 16:47:05,462| informiere (brief_mi) Koordinator coordinator ueber neuen Mi:4090500
GGT(236_2)@lab24.cpt.haw-hamburg.de 18.06 16:47:05,462| Sende (send) Nachbarn '234_1' und '244_3' neuen Mi:4090500
GGT(236_2)@lab24.cpt.haw-hamburg.de 18.06 16:47:05,464| ### vote erhalten! Ich = '236_2'  Initiator = '249_2') ###
GGT(236_2)@lab24.cpt.haw-hamburg.de 18.06 16:47:05,464| Leite Anfrage (vote) an den Linken Nachbarn '234_1' weiter (implizites Zustimmen)
GGT(236_2)@lab24.cpt.haw-hamburg.de 18.06 16:47:05,465| ### vote erhalten! Ich = '236_2'  Initiator = '248_3') ###
GGT(236_2)@lab24.cpt.haw-hamburg.de 18.06 16:47:05,465| Leite Anfrage (vote) an den Linken Nachbarn '234_1' weiter (implizites Zustimmen)
GGT(236_2)@lab24.cpt.haw-hamburg.de 18.06 16:47:08,464| DISPATCHER: Leite Befehl {send,69700} an meinen Worker weiter...
GGT(236_2)@lab24.cpt.haw-hamburg.de 18.06 16:47:08,464| Send erhalten Y:69700
GGT(236_2)@lab24.cpt.haw-hamburg.de 18.06 16:47:08,464| ALGO: ((4090500 -1) mod 69700) +1     --    (TTW: 3 Sekunden)
GGT(236_2)@lab24.cpt.haw-hamburg.de 18.06 16:47:08,466| DISPATCHER: Leite Befehl {send,456500} an meinen Worker weiter...
GGT(236_2)@lab24.cpt.haw-hamburg.de 18.06 16:47:08,466| DISPATCHER: Leite Befehl {send,456500} an meinen Worker weiter...
GGT(236_2)@lab24.cpt.haw-hamburg.de 18.06 16:47:11,465| informiere (brief_mi) Koordinator coordinator ueber neuen Mi:47900
GGT(236_2)@lab24.cpt.haw-hamburg.de 18.06 16:47:11,466| Sende (send) Nachbarn '234_1' und '244_3' neuen Mi:47900
GGT(236_2)@lab24.cpt.haw-hamburg.de 18.06 16:47:11,467| Send erhalten Y:456500
GGT(236_2)@lab24.cpt.haw-hamburg.de 18.06 16:47:11,467| ALGO: ((47900 -1) mod 456500) +1     --    (TTW: 3 Sekunden)
GGT(236_2)@lab24.cpt.haw-hamburg.de 18.06 16:47:11,467| DISPATCHER: Leite Befehl {vote,'244_3'} an meinen Worker weiter...
GGT(236_2)@lab24.cpt.haw-hamburg.de 18.06 16:47:11,468| DISPATCHER: Leite Befehl {vote,'244_3'} an meinen Worker weiter...
GGT(236_2)@lab24.cpt.haw-hamburg.de 18.06 16:47:14,468| Mi NICHT geaendert! (ist und bleibt: 47900)
GGT(236_2)@lab24.cpt.haw-hamburg.de 18.06 16:47:14,468| Send erhalten Y:456500
GGT(236_2)@lab24.cpt.haw-hamburg.de 18.06 16:47:14,468| ALGO: ((47900 -1) mod 456500) +1     --    (TTW: 3 Sekunden)
GGT(236_2)@lab24.cpt.haw-hamburg.de 18.06 16:47:14,470| DISPATCHER: Leite Befehl {send,25400} an meinen Worker weiter...
GGT(236_2)@lab24.cpt.haw-hamburg.de 18.06 16:47:14,470| DISPATCHER: Leite Befehl {send,21800} an meinen Worker weiter...
GGT(236_2)@lab24.cpt.haw-hamburg.de 18.06 16:47:14,471| DISPATCHER: Leite Befehl {send,25400} an meinen Worker weiter...
GGT(236_2)@lab24.cpt.haw-hamburg.de 18.06 16:47:17,469| Mi NICHT geaendert! (ist und bleibt: 47900)
GGT(236_2)@lab24.cpt.haw-hamburg.de 18.06 16:47:17,470| ### vote erhalten! Ich = '236_2'  Initiator = '244_3') ###
GGT(236_2)@lab24.cpt.haw-hamburg.de 18.06 16:47:17,470| implizit abgelehnt
GGT(236_2)@lab24.cpt.haw-hamburg.de 18.06 16:47:17,470| ### vote erhalten! Ich = '236_2'  Initiator = '244_3') ###
GGT(236_2)@lab24.cpt.haw-hamburg.de 18.06 16:47:17,470| implizit abgelehnt
GGT(236_2)@lab24.cpt.haw-hamburg.de 18.06 16:47:17,470| TTT Timer ist abgelaufen. Informiere meine linken Nachbarn ('234_1') ueber vote
GGT(236_2)@lab24.cpt.haw-hamburg.de 18.06 16:47:17,471| Send erhalten Y:25400
GGT(236_2)@lab24.cpt.haw-hamburg.de 18.06 16:47:17,471| ALGO: ((47900 -1) mod 25400) +1     --    (TTW: 3 Sekunden)
GGT(236_2)@lab24.cpt.haw-hamburg.de 18.06 16:47:17,476| DISPATCHER: Leite Befehl {send,2300} an meinen Worker weiter...
GGT(236_2)@lab24.cpt.haw-hamburg.de 18.06 16:47:20,472| informiere (brief_mi) Koordinator coordinator ueber neuen Mi:22500
GGT(236_2)@lab24.cpt.haw-hamburg.de 18.06 16:47:20,472| DISPATCHER: Leite Befehl {send,200} an meinen Worker weiter...
GGT(236_2)@lab24.cpt.haw-hamburg.de 18.06 16:47:20,474| DISPATCHER: Leite Befehl {send,200} an meinen Worker weiter...
GGT(236_2)@lab24.cpt.haw-hamburg.de 18.06 16:47:20,474| Sende (send) Nachbarn '234_1' und '244_3' neuen Mi:22500
GGT(236_2)@lab24.cpt.haw-hamburg.de 18.06 16:47:20,474| DISPATCHER: Leite Befehl {vote,'244_3'} an meinen Worker weiter...
GGT(236_2)@lab24.cpt.haw-hamburg.de 18.06 16:47:20,475| Send erhalten Y:21800
GGT(236_2)@lab24.cpt.haw-hamburg.de 18.06 16:47:20,475| ALGO: ((22500 -1) mod 21800) +1     --    (TTW: 3 Sekunden)
GGT(236_2)@lab24.cpt.haw-hamburg.de 18.06 16:47:23,475| DISPATCHER: Leite Befehl {vote,'248_2'} an meinen Worker weiter...
GGT(236_2)@lab24.cpt.haw-hamburg.de 18.06 16:47:23,476| informiere (brief_mi) Koordinator coordinator ueber neuen Mi:700
GGT(236_2)@lab24.cpt.haw-hamburg.de 18.06 16:47:23,476| Sende (send) Nachbarn '234_1' und '244_3' neuen Mi:700
GGT(236_2)@lab24.cpt.haw-hamburg.de 18.06 16:47:23,477| Send erhalten Y:25400
GGT(236_2)@lab24.cpt.haw-hamburg.de 18.06 16:47:23,477| ALGO: ((700 -1) mod 25400) +1     --    (TTW: 3 Sekunden)
GGT(236_2)@lab24.cpt.haw-hamburg.de 18.06 16:47:26,476| DISPATCHER: Leite Befehl {vote,'244_3'} an meinen Worker weiter...
GGT(236_2)@lab24.cpt.haw-hamburg.de 18.06 16:47:26,479| Mi NICHT geaendert! (ist und bleibt: 700)
GGT(236_2)@lab24.cpt.haw-hamburg.de 18.06 16:47:26,479| Send erhalten Y:2300
GGT(236_2)@lab24.cpt.haw-hamburg.de 18.06 16:47:26,479| ALGO: ((700 -1) mod 2300) +1     --    (TTW: 3 Sekunden)
GGT(236_2)@lab24.cpt.haw-hamburg.de 18.06 16:47:26,495| DISPATCHER: Leite Befehl {send,200} an meinen Worker weiter...
GGT(236_2)@lab24.cpt.haw-hamburg.de 18.06 16:47:29,480| Mi NICHT geaendert! (ist und bleibt: 700)
GGT(236_2)@lab24.cpt.haw-hamburg.de 18.06 16:47:29,480| Send erhalten Y:200
GGT(236_2)@lab24.cpt.haw-hamburg.de 18.06 16:47:29,480| ALGO: ((700 -1) mod 200) +1     --    (TTW: 3 Sekunden)
GGT(236_2)@lab24.cpt.haw-hamburg.de 18.06 16:47:32,479| DISPATCHER: Leite Befehl {vote,'248_2'} an meinen Worker weiter...
GGT(236_2)@lab24.cpt.haw-hamburg.de 18.06 16:47:32,482| informiere (brief_mi) Koordinator coordinator ueber neuen Mi:100
GGT(236_2)@lab24.cpt.haw-hamburg.de 18.06 16:47:32,483| Sende (send) Nachbarn '234_1' und '244_3' neuen Mi:100
GGT(236_2)@lab24.cpt.haw-hamburg.de 18.06 16:47:32,485| Send erhalten Y:200
GGT(236_2)@lab24.cpt.haw-hamburg.de 18.06 16:47:32,485| ALGO: ((100 -1) mod 200) +1     --    (TTW: 3 Sekunden)
GGT(236_2)@lab24.cpt.haw-hamburg.de 18.06 16:47:32,500| DISPATCHER: Leite Befehl {send,100} an meinen Worker weiter...
GGT(236_2)@lab24.cpt.haw-hamburg.de 18.06 16:47:35,486| Mi NICHT geaendert! (ist und bleibt: 100)
GGT(236_2)@lab24.cpt.haw-hamburg.de 18.06 16:47:35,486| ### vote erhalten! Ich = '236_2'  Initiator = '244_3') ###
GGT(236_2)@lab24.cpt.haw-hamburg.de 18.06 16:47:35,487| implizit abgelehnt
GGT(236_2)@lab24.cpt.haw-hamburg.de 18.06 16:47:35,487| TTT Timer ist abgelaufen. Informiere meine linken Nachbarn ('234_1') ueber vote
GGT(236_2)@lab24.cpt.haw-hamburg.de 18.06 16:47:35,487| ### vote erhalten! Ich = '236_2'  Initiator = '248_2') ###
GGT(236_2)@lab24.cpt.haw-hamburg.de 18.06 16:47:35,487| implizit abgelehnt
GGT(236_2)@lab24.cpt.haw-hamburg.de 18.06 16:47:35,488| DISPATCHER: Leite Befehl {vote,'244_3'} an meinen Worker weiter...
GGT(236_2)@lab24.cpt.haw-hamburg.de 18.06 16:47:35,488| ### vote erhalten! Ich = '236_2'  Initiator = '244_3') ###
GGT(236_2)@lab24.cpt.haw-hamburg.de 18.06 16:47:35,488| Leite Anfrage (vote) an den Linken Nachbarn '234_1' weiter (implizites Zustimmen)
GGT(236_2)@lab24.cpt.haw-hamburg.de 18.06 16:47:35,489| TTT Timer ist abgelaufen. Informiere meine linken Nachbarn ('234_1') ueber vote
GGT(236_2)@lab24.cpt.haw-hamburg.de 18.06 16:47:35,490| Send erhalten Y:200
GGT(236_2)@lab24.cpt.haw-hamburg.de 18.06 16:47:35,490| ALGO: ((100 -1) mod 200) +1     --    (TTW: 3 Sekunden)
GGT(236_2)@lab24.cpt.haw-hamburg.de 18.06 16:47:38,491| Mi NICHT geaendert! (ist und bleibt: 100)
GGT(236_2)@lab24.cpt.haw-hamburg.de 18.06 16:47:38,491| TTT Timer ist abgelaufen. Informiere meine linken Nachbarn ('234_1') ueber vote
GGT(236_2)@lab24.cpt.haw-hamburg.de 18.06 16:47:38,492| ### vote erhalten! Ich = '236_2'  Initiator = '248_2') ###
GGT(236_2)@lab24.cpt.haw-hamburg.de 18.06 16:47:38,492| implizit abgelehnt
GGT(236_2)@lab24.cpt.haw-hamburg.de 18.06 16:47:38,492| TTT Timer ist abgelaufen. Informiere meine linken Nachbarn ('234_1') ueber vote
GGT(236_2)@lab24.cpt.haw-hamburg.de 18.06 16:47:38,493| Send erhalten Y:100
GGT(236_2)@lab24.cpt.haw-hamburg.de 18.06 16:47:38,494| ALGO: ((100 -1) mod 100) +1     --    (TTW: 3 Sekunden)
GGT(236_2)@lab24.cpt.haw-hamburg.de 18.06 16:47:41,490| DISPATCHER: Leite Befehl {vote,'244_3'} an meinen Worker weiter...
GGT(236_2)@lab24.cpt.haw-hamburg.de 18.06 16:47:41,491| DISPATCHER: Leite Befehl {vote,'218_2'} an meinen Worker weiter...
GGT(236_2)@lab24.cpt.haw-hamburg.de 18.06 16:47:41,491| DISPATCHER: Leite Befehl {vote,'248_2'} an meinen Worker weiter...
GGT(236_2)@lab24.cpt.haw-hamburg.de 18.06 16:47:41,492| DISPATCHER: Leite Befehl {vote,'244_3'} an meinen Worker weiter...
GGT(236_2)@lab24.cpt.haw-hamburg.de 18.06 16:47:41,495| Mi NICHT geaendert! (ist und bleibt: 100)
GGT(236_2)@lab24.cpt.haw-hamburg.de 18.06 16:47:41,495| TTT Timer ist abgelaufen. Informiere meine linken Nachbarn ('234_1') ueber vote
GGT(236_2)@lab24.cpt.haw-hamburg.de 18.06 16:47:41,496| ### vote erhalten! Ich = '236_2'  Initiator = '244_3') ###
GGT(236_2)@lab24.cpt.haw-hamburg.de 18.06 16:47:41,496| implizit abgelehnt
GGT(236_2)@lab24.cpt.haw-hamburg.de 18.06 16:47:41,497| ### vote erhalten! Ich = '236_2'  Initiator = '244_3') ###
GGT(236_2)@lab24.cpt.haw-hamburg.de 18.06 16:47:41,497| Leite Anfrage (vote) an den Linken Nachbarn '234_1' weiter (implizites Zustimmen)
GGT(236_2)@lab24.cpt.haw-hamburg.de 18.06 16:47:41,498| ### vote erhalten! Ich = '236_2'  Initiator = '218_2') ###
GGT(236_2)@lab24.cpt.haw-hamburg.de 18.06 16:47:41,498| Leite Anfrage (vote) an den Linken Nachbarn '234_1' weiter (implizites Zustimmen)
GGT(236_2)@lab24.cpt.haw-hamburg.de 18.06 16:47:41,499| ### vote erhalten! Ich = '236_2'  Initiator = '248_2') ###
GGT(236_2)@lab24.cpt.haw-hamburg.de 18.06 16:47:41,499| Leite Anfrage (vote) an den Linken Nachbarn '234_1' weiter (implizites Zustimmen)
GGT(236_2)@lab24.cpt.haw-hamburg.de 18.06 16:47:41,500| ### vote erhalten! Ich = '236_2'  Initiator = '244_3') ###
GGT(236_2)@lab24.cpt.haw-hamburg.de 18.06 16:47:41,500| Leite Anfrage (vote) an den Linken Nachbarn '234_1' weiter (implizites Zustimmen)
GGT(236_2)@lab24.cpt.haw-hamburg.de 18.06 16:47:44,493| DISPATCHER: Leite Befehl {send,100} an meinen Worker weiter...
GGT(236_2)@lab24.cpt.haw-hamburg.de 18.06 16:47:44,493| Send erhalten Y:100
GGT(236_2)@lab24.cpt.haw-hamburg.de 18.06 16:47:44,493| ALGO: ((100 -1) mod 100) +1     --    (TTW: 3 Sekunden)
GGT(236_2)@lab24.cpt.haw-hamburg.de 18.06 16:47:44,495| DISPATCHER: Leite Befehl {send,100} an meinen Worker weiter...
GGT(236_2)@lab24.cpt.haw-hamburg.de 18.06 16:47:47,494| Mi NICHT geaendert! (ist und bleibt: 100)
GGT(236_2)@lab24.cpt.haw-hamburg.de 18.06 16:47:47,494| Send erhalten Y:100
GGT(236_2)@lab24.cpt.haw-hamburg.de 18.06 16:47:47,494| ALGO: ((100 -1) mod 100) +1     --    (TTW: 3 Sekunden)
GGT(236_2)@lab24.cpt.haw-hamburg.de 18.06 16:47:50,495| Mi NICHT geaendert! (ist und bleibt: 100)
GGT(236_2)@lab24.cpt.haw-hamburg.de 18.06 16:47:50,495| TTT Timer ist abgelaufen. Informiere meine linken Nachbarn ('234_1') ueber vote
GGT(236_2)@lab24.cpt.haw-hamburg.de 18.06 16:47:50,498| DISPATCHER: Leite Befehl {vote,'248_2'} an meinen Worker weiter...
GGT(236_2)@lab24.cpt.haw-hamburg.de 18.06 16:47:50,499| DISPATCHER: Leite Befehl {vote,'248_2'} an meinen Worker weiter...
GGT(236_2)@lab24.cpt.haw-hamburg.de 18.06 16:47:50,499| ### vote erhalten! Ich = '236_2'  Initiator = '248_2') ###
GGT(236_2)@lab24.cpt.haw-hamburg.de 18.06 16:47:50,499| Leite Anfrage (vote) an den Linken Nachbarn '234_1' weiter (implizites Zustimmen)
GGT(236_2)@lab24.cpt.haw-hamburg.de 18.06 16:47:50,499| DISPATCHER: Leite Befehl {vote,'248_2'} an meinen Worker weiter...
GGT(236_2)@lab24.cpt.haw-hamburg.de 18.06 16:47:50,500| DISPATCHER: Leite Befehl {vote,'213_3'} an meinen Worker weiter...
GGT(236_2)@lab24.cpt.haw-hamburg.de 18.06 16:47:50,500| ### vote erhalten! Ich = '236_2'  Initiator = '248_2') ###
GGT(236_2)@lab24.cpt.haw-hamburg.de 18.06 16:47:50,500| Leite Anfrage (vote) an den Linken Nachbarn '234_1' weiter (implizites Zustimmen)
GGT(236_2)@lab24.cpt.haw-hamburg.de 18.06 16:47:50,500| DISPATCHER: Leite Befehl {vote,'244_3'} an meinen Worker weiter...
GGT(236_2)@lab24.cpt.haw-hamburg.de 18.06 16:47:50,501| DISPATCHER: Leite Befehl {vote,'214_2'} an meinen Worker weiter...
GGT(236_2)@lab24.cpt.haw-hamburg.de 18.06 16:47:50,501| DISPATCHER: Leite Befehl {vote,'248_2'} an meinen Worker weiter...
GGT(236_2)@lab24.cpt.haw-hamburg.de 18.06 16:47:50,501| ### vote erhalten! Ich = '236_2'  Initiator = '248_2') ###
GGT(236_2)@lab24.cpt.haw-hamburg.de 18.06 16:47:50,502| Leite Anfrage (vote) an den Linken Nachbarn '234_1' weiter (implizites Zustimmen)
GGT(236_2)@lab24.cpt.haw-hamburg.de 18.06 16:47:50,502| DISPATCHER: Leite Befehl {vote,'248_2'} an meinen Worker weiter...
GGT(236_2)@lab24.cpt.haw-hamburg.de 18.06 16:47:50,502| DISPATCHER: Leite Befehl {vote,'218_2'} an meinen Worker weiter...
GGT(236_2)@lab24.cpt.haw-hamburg.de 18.06 16:47:50,502| DISPATCHER: Leite Befehl {vote,'244_3'} an meinen Worker weiter...
GGT(236_2)@lab24.cpt.haw-hamburg.de 18.06 16:47:50,503| ### vote erhalten! Ich = '236_2'  Initiator = '213_3') ###
GGT(236_2)@lab24.cpt.haw-hamburg.de 18.06 16:47:50,503| Leite Anfrage (vote) an den Linken Nachbarn '234_1' weiter (implizites Zustimmen)
GGT(236_2)@lab24.cpt.haw-hamburg.de 18.06 16:47:50,503| DISPATCHER: Leite Befehl {vote,'214_2'} an meinen Worker weiter...
GGT(236_2)@lab24.cpt.haw-hamburg.de 18.06 16:47:50,504| ### vote erhalten! Ich = '236_2'  Initiator = '244_3') ###
GGT(236_2)@lab24.cpt.haw-hamburg.de 18.06 16:47:50,504| Leite Anfrage (vote) an den Linken Nachbarn '234_1' weiter (implizites Zustimmen)
GGT(236_2)@lab24.cpt.haw-hamburg.de 18.06 16:47:50,504| DISPATCHER: Leite Befehl {vote,'237_1'} an meinen Worker weiter...
GGT(236_2)@lab24.cpt.haw-hamburg.de 18.06 16:47:50,504| DISPATCHER: Leite Befehl {vote,'244_3'} an meinen Worker weiter...
GGT(236_2)@lab24.cpt.haw-hamburg.de 18.06 16:47:50,505| ### vote erhalten! Ich = '236_2'  Initiator = '214_2') ###
GGT(236_2)@lab24.cpt.haw-hamburg.de 18.06 16:47:50,505| Leite Anfrage (vote) an den Linken Nachbarn '234_1' weiter (implizites Zustimmen)
GGT(236_2)@lab24.cpt.haw-hamburg.de 18.06 16:47:50,505| DISPATCHER: Leite Befehl {vote,'244_2'} an meinen Worker weiter...
GGT(236_2)@lab24.cpt.haw-hamburg.de 18.06 16:47:50,506| DISPATCHER: Leite Befehl {vote,'244_3'} an meinen Worker weiter...
GGT(236_2)@lab24.cpt.haw-hamburg.de 18.06 16:47:50,506| ### vote erhalten! Ich = '236_2'  Initiator = '248_2') ###
GGT(236_2)@lab24.cpt.haw-hamburg.de 18.06 16:47:50,506| Leite Anfrage (vote) an den Linken Nachbarn '234_1' weiter (implizites Zustimmen)
GGT(236_2)@lab24.cpt.haw-hamburg.de 18.06 16:47:50,506| DISPATCHER: Leite Befehl {vote,'244_3'} an meinen Worker weiter...
GGT(236_2)@lab24.cpt.haw-hamburg.de 18.06 16:47:50,506| DISPATCHER: Leite Befehl {vote,'244_2'} an meinen Worker weiter...
GGT(236_2)@lab24.cpt.haw-hamburg.de 18.06 16:47:50,507| ### vote erhalten! Ich = '236_2'  Initiator = '248_2') ###
GGT(236_2)@lab24.cpt.haw-hamburg.de 18.06 16:47:50,507| Leite Anfrage (vote) an den Linken Nachbarn '234_1' weiter (implizites Zustimmen)
GGT(236_2)@lab24.cpt.haw-hamburg.de 18.06 16:47:50,507| DISPATCHER: Leite Befehl {vote,'216_3'} an meinen Worker weiter...
GGT(236_2)@lab24.cpt.haw-hamburg.de 18.06 16:47:50,508| DISPATCHER: Leite Befehl {vote,'215_4'} an meinen Worker weiter...
GGT(236_2)@lab24.cpt.haw-hamburg.de 18.06 16:47:50,508| ### vote erhalten! Ich = '236_2'  Initiator = '218_2') ###
GGT(236_2)@lab24.cpt.haw-hamburg.de 18.06 16:47:50,508| Leite Anfrage (vote) an den Linken Nachbarn '234_1' weiter (implizites Zustimmen)
GGT(236_2)@lab24.cpt.haw-hamburg.de 18.06 16:47:50,509| DISPATCHER: Leite Befehl {vote,'245_4'} an meinen Worker weiter...
GGT(236_2)@lab24.cpt.haw-hamburg.de 18.06 16:47:50,509| DISPATCHER: Leite Befehl {vote,'215_4'} an meinen Worker weiter...
GGT(236_2)@lab24.cpt.haw-hamburg.de 18.06 16:47:50,509| ### vote erhalten! Ich = '236_2'  Initiator = '244_3') ###
GGT(236_2)@lab24.cpt.haw-hamburg.de 18.06 16:47:50,509| Leite Anfrage (vote) an den Linken Nachbarn '234_1' weiter (implizites Zustimmen)
GGT(236_2)@lab24.cpt.haw-hamburg.de 18.06 16:47:50,510| DISPATCHER: Leite Befehl {vote,'245_4'} an meinen Worker weiter...
GGT(236_2)@lab24.cpt.haw-hamburg.de 18.06 16:47:50,510| DISPATCHER: Leite Befehl {vote,'244_3'} an meinen Worker weiter...
GGT(236_2)@lab24.cpt.haw-hamburg.de 18.06 16:47:50,511| ### vote erhalten! Ich = '236_2'  Initiator = '214_2') ###
GGT(236_2)@lab24.cpt.haw-hamburg.de 18.06 16:47:50,511| Leite Anfrage (vote) an den Linken Nachbarn '234_1' weiter (implizites Zustimmen)
GGT(236_2)@lab24.cpt.haw-hamburg.de 18.06 16:47:50,511| DISPATCHER: Leite Befehl {vote,'248_2'} an meinen Worker weiter...
GGT(236_2)@lab24.cpt.haw-hamburg.de 18.06 16:47:50,512| ### vote erhalten! Ich = '236_2'  Initiator = '237_1') ###
GGT(236_2)@lab24.cpt.haw-hamburg.de 18.06 16:47:50,512| Leite Anfrage (vote) an den Linken Nachbarn '234_1' weiter (implizites Zustimmen)
GGT(236_2)@lab24.cpt.haw-hamburg.de 18.06 16:47:50,513| ### vote erhalten! Ich = '236_2'  Initiator = '244_3') ###
GGT(236_2)@lab24.cpt.haw-hamburg.de 18.06 16:47:50,513| Leite Anfrage (vote) an den Linken Nachbarn '234_1' weiter (implizites Zustimmen)
GGT(236_2)@lab24.cpt.haw-hamburg.de 18.06 16:47:50,514| ### vote erhalten! Ich = '236_2'  Initiator = '244_2') ###
GGT(236_2)@lab24.cpt.haw-hamburg.de 18.06 16:47:50,514| Leite Anfrage (vote) an den Linken Nachbarn '234_1' weiter (implizites Zustimmen)
GGT(236_2)@lab24.cpt.haw-hamburg.de 18.06 16:47:50,515| ### vote erhalten! Ich = '236_2'  Initiator = '244_3') ###
GGT(236_2)@lab24.cpt.haw-hamburg.de 18.06 16:47:50,515| Leite Anfrage (vote) an den Linken Nachbarn '234_1' weiter (implizites Zustimmen)
GGT(236_2)@lab24.cpt.haw-hamburg.de 18.06 16:47:50,516| ### vote erhalten! Ich = '236_2'  Initiator = '244_3') ###
GGT(236_2)@lab24.cpt.haw-hamburg.de 18.06 16:47:50,516| Leite Anfrage (vote) an den Linken Nachbarn '234_1' weiter (implizites Zustimmen)
GGT(236_2)@lab24.cpt.haw-hamburg.de 18.06 16:47:50,518| ### vote erhalten! Ich = '236_2'  Initiator = '244_2') ###
GGT(236_2)@lab24.cpt.haw-hamburg.de 18.06 16:47:50,518| Leite Anfrage (vote) an den Linken Nachbarn '234_1' weiter (implizites Zustimmen)
GGT(236_2)@lab24.cpt.haw-hamburg.de 18.06 16:47:50,519| ### vote erhalten! Ich = '236_2'  Initiator = '216_3') ###
GGT(236_2)@lab24.cpt.haw-hamburg.de 18.06 16:47:50,520| Leite Anfrage (vote) an den Linken Nachbarn '234_1' weiter (implizites Zustimmen)
GGT(236_2)@lab24.cpt.haw-hamburg.de 18.06 16:47:50,522| ### vote erhalten! Ich = '236_2'  Initiator = '215_4') ###
GGT(236_2)@lab24.cpt.haw-hamburg.de 18.06 16:47:50,522| Leite Anfrage (vote) an den Linken Nachbarn '234_1' weiter (implizites Zustimmen)
GGT(236_2)@lab24.cpt.haw-hamburg.de 18.06 16:47:50,523| ### vote erhalten! Ich = '236_2'  Initiator = '245_4') ###
GGT(236_2)@lab24.cpt.haw-hamburg.de 18.06 16:47:50,523| Leite Anfrage (vote) an den Linken Nachbarn '234_1' weiter (implizites Zustimmen)
GGT(236_2)@lab24.cpt.haw-hamburg.de 18.06 16:47:50,524| ### vote erhalten! Ich = '236_2'  Initiator = '215_4') ###
GGT(236_2)@lab24.cpt.haw-hamburg.de 18.06 16:47:50,524| Leite Anfrage (vote) an den Linken Nachbarn '234_1' weiter (implizites Zustimmen)
GGT(236_2)@lab24.cpt.haw-hamburg.de 18.06 16:47:50,525| ### vote erhalten! Ich = '236_2'  Initiator = '245_4') ###
GGT(236_2)@lab24.cpt.haw-hamburg.de 18.06 16:47:50,525| Leite Anfrage (vote) an den Linken Nachbarn '234_1' weiter (implizites Zustimmen)
GGT(236_2)@lab24.cpt.haw-hamburg.de 18.06 16:47:50,526| ### vote erhalten! Ich = '236_2'  Initiator = '244_3') ###
GGT(236_2)@lab24.cpt.haw-hamburg.de 18.06 16:47:50,526| Leite Anfrage (vote) an den Linken Nachbarn '234_1' weiter (implizites Zustimmen)
GGT(236_2)@lab24.cpt.haw-hamburg.de 18.06 16:47:50,528| ### vote erhalten! Ich = '236_2'  Initiator = '248_2') ###
GGT(236_2)@lab24.cpt.haw-hamburg.de 18.06 16:47:50,528| Leite Anfrage (vote) an den Linken Nachbarn '234_1' weiter (implizites Zustimmen)
GGT(236_2)@lab24.cpt.haw-hamburg.de 18.06 16:47:53,496| DISPATCHER: Leite Befehl {vote,'248_2'} an meinen Worker weiter...
GGT(236_2)@lab24.cpt.haw-hamburg.de 18.06 16:47:53,496| ### vote erhalten! Ich = '236_2'  Initiator = '248_2') ###
GGT(236_2)@lab24.cpt.haw-hamburg.de 18.06 16:47:53,496| Leite Anfrage (vote) an den Linken Nachbarn '234_1' weiter (implizites Zustimmen)
GGT(236_2)@lab24.cpt.haw-hamburg.de 18.06 16:47:53,499| DISPATCHER: Leite Befehl {vote,'244_3'} an meinen Worker weiter...
GGT(236_2)@lab24.cpt.haw-hamburg.de 18.06 16:47:53,499| ### vote erhalten! Ich = '236_2'  Initiator = '244_3') ###
GGT(236_2)@lab24.cpt.haw-hamburg.de 18.06 16:47:53,499| Leite Anfrage (vote) an den Linken Nachbarn '234_1' weiter (implizites Zustimmen)
GGT(236_2)@lab24.cpt.haw-hamburg.de 18.06 16:47:56,496| DISPATCHER: Leite Befehl {vote,'248_1'} an meinen Worker weiter...
GGT(236_2)@lab24.cpt.haw-hamburg.de 18.06 16:47:56,496| ### vote erhalten! Ich = '236_2'  Initiator = '248_1') ###
GGT(236_2)@lab24.cpt.haw-hamburg.de 18.06 16:47:56,496| Leite Anfrage (vote) an den Linken Nachbarn '234_1' weiter (implizites Zustimmen)
GGT(236_2)@lab24.cpt.haw-hamburg.de 18.06 16:47:56,497| DISPATCHER: Leite Befehl {vote,'245_4'} an meinen Worker weiter...
GGT(236_2)@lab24.cpt.haw-hamburg.de 18.06 16:47:56,497| ### vote erhalten! Ich = '236_2'  Initiator = '245_4') ###
GGT(236_2)@lab24.cpt.haw-hamburg.de 18.06 16:47:56,497| Leite Anfrage (vote) an den Linken Nachbarn '234_1' weiter (implizites Zustimmen)
GGT(236_2)@lab24.cpt.haw-hamburg.de 18.06 16:47:59,495| DISPATCHER: Leite Befehl {vote,'245_4'} an meinen Worker weiter...
GGT(236_2)@lab24.cpt.haw-hamburg.de 18.06 16:47:59,496| ### vote erhalten! Ich = '236_2'  Initiator = '245_4') ###
GGT(236_2)@lab24.cpt.haw-hamburg.de 18.06 16:47:59,496| Leite Anfrage (vote) an den Linken Nachbarn '234_1' weiter (implizites Zustimmen)
GGT(236_2)@lab24.cpt.haw-hamburg.de 18.06 16:47:59,501| DISPATCHER: Leite Befehl {vote,'248_1'} an meinen Worker weiter...
GGT(236_2)@lab24.cpt.haw-hamburg.de 18.06 16:47:59,502| ### vote erhalten! Ich = '236_2'  Initiator = '248_1') ###
GGT(236_2)@lab24.cpt.haw-hamburg.de 18.06 16:47:59,502| Leite Anfrage (vote) an den Linken Nachbarn '234_1' weiter (implizites Zustimmen)
GGT(236_2)@lab24.cpt.haw-hamburg.de 18.06 16:47:59,502| DISPATCHER: Leite Befehl {vote,'248_1'} an meinen Worker weiter...
GGT(236_2)@lab24.cpt.haw-hamburg.de 18.06 16:47:59,503| ### vote erhalten! Ich = '236_2'  Initiator = '248_1') ###
GGT(236_2)@lab24.cpt.haw-hamburg.de 18.06 16:47:59,503| Leite Anfrage (vote) an den Linken Nachbarn '234_1' weiter (implizites Zustimmen)
GGT(236_2)@lab24.cpt.haw-hamburg.de 18.06 16:47:59,503| DISPATCHER: Leite Befehl {vote,'249_2'} an meinen Worker weiter...
GGT(236_2)@lab24.cpt.haw-hamburg.de 18.06 16:47:59,503| DISPATCHER: Leite Befehl {vote,'249_2'} an meinen Worker weiter...
GGT(236_2)@lab24.cpt.haw-hamburg.de 18.06 16:47:59,504| ### vote erhalten! Ich = '236_2'  Initiator = '249_2') ###
GGT(236_2)@lab24.cpt.haw-hamburg.de 18.06 16:47:59,504| Leite Anfrage (vote) an den Linken Nachbarn '234_1' weiter (implizites Zustimmen)
GGT(236_2)@lab24.cpt.haw-hamburg.de 18.06 16:47:59,505| ### vote erhalten! Ich = '236_2'  Initiator = '249_2') ###
GGT(236_2)@lab24.cpt.haw-hamburg.de 18.06 16:47:59,505| Leite Anfrage (vote) an den Linken Nachbarn '234_1' weiter (implizites Zustimmen)
GGT(236_2)@lab24.cpt.haw-hamburg.de 18.06 16:48:02,500| DISPATCHER: Leite Befehl {vote,'248_1'} an meinen Worker weiter...
GGT(236_2)@lab24.cpt.haw-hamburg.de 18.06 16:48:02,500| ### vote erhalten! Ich = '236_2'  Initiator = '248_1') ###
GGT(236_2)@lab24.cpt.haw-hamburg.de 18.06 16:48:02,501| Leite Anfrage (vote) an den Linken Nachbarn '234_1' weiter (implizites Zustimmen)
GGT(236_2)@lab24.cpt.haw-hamburg.de 18.06 16:48:02,501| DISPATCHER: Leite Befehl {vote,'249_2'} an meinen Worker weiter...
GGT(236_2)@lab24.cpt.haw-hamburg.de 18.06 16:48:02,501| ### vote erhalten! Ich = '236_2'  Initiator = '249_2') ###
GGT(236_2)@lab24.cpt.haw-hamburg.de 18.06 16:48:02,501| Leite Anfrage (vote) an den Linken Nachbarn '234_1' weiter (implizites Zustimmen)
GGT(236_2)@lab24.cpt.haw-hamburg.de 18.06 16:48:02,501| DISPATCHER: Leite Befehl {vote,'215_3'} an meinen Worker weiter...
GGT(236_2)@lab24.cpt.haw-hamburg.de 18.06 16:48:02,502| ### vote erhalten! Ich = '236_2'  Initiator = '215_3') ###
GGT(236_2)@lab24.cpt.haw-hamburg.de 18.06 16:48:02,502| Leite Anfrage (vote) an den Linken Nachbarn '234_1' weiter (implizites Zustimmen)
GGT(236_2)@lab24.cpt.haw-hamburg.de 18.06 16:48:02,504| DISPATCHER: Leite Befehl {vote,'248_3'} an meinen Worker weiter...
GGT(236_2)@lab24.cpt.haw-hamburg.de 18.06 16:48:02,504| DISPATCHER: Leite Befehl {vote,'248_3'} an meinen Worker weiter...
GGT(236_2)@lab24.cpt.haw-hamburg.de 18.06 16:48:02,504| ### vote erhalten! Ich = '236_2'  Initiator = '248_3') ###
GGT(236_2)@lab24.cpt.haw-hamburg.de 18.06 16:48:02,504| Leite Anfrage (vote) an den Linken Nachbarn '234_1' weiter (implizites Zustimmen)
GGT(236_2)@lab24.cpt.haw-hamburg.de 18.06 16:48:02,505| ### vote erhalten! Ich = '236_2'  Initiator = '248_3') ###
GGT(236_2)@lab24.cpt.haw-hamburg.de 18.06 16:48:02,505| Leite Anfrage (vote) an den Linken Nachbarn '234_1' weiter (implizites Zustimmen)
GGT(236_2)@lab24.cpt.haw-hamburg.de 18.06 16:48:08,506| DISPATCHER: Leite Befehl {vote,'248_3'} an meinen Worker weiter...
GGT(236_2)@lab24.cpt.haw-hamburg.de 18.06 16:48:08,506| ### vote erhalten! Ich = '236_2'  Initiator = '248_3') ###
GGT(236_2)@lab24.cpt.haw-hamburg.de 18.06 16:48:08,506| Leite Anfrage (vote) an den Linken Nachbarn '234_1' weiter (implizites Zustimmen)
GGT(236_2)@lab24.cpt.haw-hamburg.de 18.06 16:48:08,506| DISPATCHER: Leite Befehl {vote,'239_1'} an meinen Worker weiter...
GGT(236_2)@lab24.cpt.haw-hamburg.de 18.06 16:48:08,507| ### vote erhalten! Ich = '236_2'  Initiator = '239_1') ###
GGT(236_2)@lab24.cpt.haw-hamburg.de 18.06 16:48:08,507| Leite Anfrage (vote) an den Linken Nachbarn '234_1' weiter (implizites Zustimmen)
GGT(236_2)@lab24.cpt.haw-hamburg.de 18.06 16:48:08,512| DISPATCHER: Leite Befehl {vote,'246_3'} an meinen Worker weiter...
GGT(236_2)@lab24.cpt.haw-hamburg.de 18.06 16:48:08,512| ### vote erhalten! Ich = '236_2'  Initiator = '246_3') ###
GGT(236_2)@lab24.cpt.haw-hamburg.de 18.06 16:48:08,512| Leite Anfrage (vote) an den Linken Nachbarn '234_1' weiter (implizites Zustimmen)
GGT(236_2)@lab24.cpt.haw-hamburg.de 18.06 16:48:08,513| DISPATCHER: Leite Befehl {vote,'242_3'} an meinen Worker weiter...
GGT(236_2)@lab24.cpt.haw-hamburg.de 18.06 16:48:08,513| ### vote erhalten! Ich = '236_2'  Initiator = '242_3') ###
GGT(236_2)@lab24.cpt.haw-hamburg.de 18.06 16:48:08,513| Leite Anfrage (vote) an den Linken Nachbarn '234_1' weiter (implizites Zustimmen)
GGT(236_2)@lab24.cpt.haw-hamburg.de 18.06 16:48:08,513| DISPATCHER: Leite Befehl {vote,'242_3'} an meinen Worker weiter...
GGT(236_2)@lab24.cpt.haw-hamburg.de 18.06 16:48:08,514| ### vote erhalten! Ich = '236_2'  Initiator = '242_3') ###
GGT(236_2)@lab24.cpt.haw-hamburg.de 18.06 16:48:08,514| Leite Anfrage (vote) an den Linken Nachbarn '234_1' weiter (implizites Zustimmen)
GGT(236_2)@lab24.cpt.haw-hamburg.de 18.06 16:48:08,515| DISPATCHER: Leite Befehl {vote,'239_1'} an meinen Worker weiter...
GGT(236_2)@lab24.cpt.haw-hamburg.de 18.06 16:48:08,515| DISPATCHER: Leite Befehl {vote,'249_1'} an meinen Worker weiter...
GGT(236_2)@lab24.cpt.haw-hamburg.de 18.06 16:48:08,516| ### vote erhalten! Ich = '236_2'  Initiator = '239_1') ###
GGT(236_2)@lab24.cpt.haw-hamburg.de 18.06 16:48:08,516| Leite Anfrage (vote) an den Linken Nachbarn '234_1' weiter (implizites Zustimmen)
GGT(236_2)@lab24.cpt.haw-hamburg.de 18.06 16:48:08,516| DISPATCHER: Leite Befehl {vote,'242_3'} an meinen Worker weiter...
GGT(236_2)@lab24.cpt.haw-hamburg.de 18.06 16:48:08,517| DISPATCHER: Leite Befehl {vote,'246_3'} an meinen Worker weiter...
GGT(236_2)@lab24.cpt.haw-hamburg.de 18.06 16:48:08,517| ### vote erhalten! Ich = '236_2'  Initiator = '249_1') ###
GGT(236_2)@lab24.cpt.haw-hamburg.de 18.06 16:48:08,517| DISPATCHER: Leite Befehl {vote,'2110_2'} an meinen Worker weiter...
GGT(236_2)@lab24.cpt.haw-hamburg.de 18.06 16:48:08,517| Leite Anfrage (vote) an den Linken Nachbarn '234_1' weiter (implizites Zustimmen)
GGT(236_2)@lab24.cpt.haw-hamburg.de 18.06 16:48:08,518| DISPATCHER: Leite Befehl {vote,'249_1'} an meinen Worker weiter...
GGT(236_2)@lab24.cpt.haw-hamburg.de 18.06 16:48:08,518| ### vote erhalten! Ich = '236_2'  Initiator = '242_3') ###
GGT(236_2)@lab24.cpt.haw-hamburg.de 18.06 16:48:08,518| Leite Anfrage (vote) an den Linken Nachbarn '234_1' weiter (implizites Zustimmen)
GGT(236_2)@lab24.cpt.haw-hamburg.de 18.06 16:48:08,519| DISPATCHER: Leite Befehl {vote,'246_3'} an meinen Worker weiter...
GGT(236_2)@lab24.cpt.haw-hamburg.de 18.06 16:48:08,520| ### vote erhalten! Ich = '236_2'  Initiator = '246_3') ###
GGT(236_2)@lab24.cpt.haw-hamburg.de 18.06 16:48:08,520| Leite Anfrage (vote) an den Linken Nachbarn '234_1' weiter (implizites Zustimmen)
GGT(236_2)@lab24.cpt.haw-hamburg.de 18.06 16:48:08,522| DISPATCHER: Leite Befehl {vote,'246_3'} an meinen Worker weiter...
GGT(236_2)@lab24.cpt.haw-hamburg.de 18.06 16:48:08,522| ### vote erhalten! Ich = '236_2'  Initiator = '2110_2') ###
GGT(236_2)@lab24.cpt.haw-hamburg.de 18.06 16:48:08,522| Leite Anfrage (vote) an den Linken Nachbarn '234_1' weiter (implizites Zustimmen)
GGT(236_2)@lab24.cpt.haw-hamburg.de 18.06 16:48:08,523| ### vote erhalten! Ich = '236_2'  Initiator = '249_1') ###
GGT(236_2)@lab24.cpt.haw-hamburg.de 18.06 16:48:08,523| Leite Anfrage (vote) an den Linken Nachbarn '234_1' weiter (implizites Zustimmen)
GGT(236_2)@lab24.cpt.haw-hamburg.de 18.06 16:48:08,524| ### vote erhalten! Ich = '236_2'  Initiator = '246_3') ###
GGT(236_2)@lab24.cpt.haw-hamburg.de 18.06 16:48:08,524| Leite Anfrage (vote) an den Linken Nachbarn '234_1' weiter (implizites Zustimmen)
GGT(236_2)@lab24.cpt.haw-hamburg.de 18.06 16:48:08,524| DISPATCHER: Leite Befehl {vote,'246_3'} an meinen Worker weiter...
GGT(236_2)@lab24.cpt.haw-hamburg.de 18.06 16:48:08,527| ### vote erhalten! Ich = '236_2'  Initiator = '246_3') ###
GGT(236_2)@lab24.cpt.haw-hamburg.de 18.06 16:48:08,527| Leite Anfrage (vote) an den Linken Nachbarn '234_1' weiter (implizites Zustimmen)
GGT(236_2)@lab24.cpt.haw-hamburg.de 18.06 16:48:08,529| ### vote erhalten! Ich = '236_2'  Initiator = '246_3') ###
GGT(236_2)@lab24.cpt.haw-hamburg.de 18.06 16:48:08,529| Leite Anfrage (vote) an den Linken Nachbarn '234_1' weiter (implizites Zustimmen)
GGT(236_2)@lab24.cpt.haw-hamburg.de 18.06 16:48:11,506| DISPATCHER: Leite Befehl {vote,'242_3'} an meinen Worker weiter...
GGT(236_2)@lab24.cpt.haw-hamburg.de 18.06 16:48:11,507| DISPATCHER: Leite Befehl {vote,'2110_2'} an meinen Worker weiter...
GGT(236_2)@lab24.cpt.haw-hamburg.de 18.06 16:48:11,507| ### vote erhalten! Ich = '236_2'  Initiator = '242_3') ###
GGT(236_2)@lab24.cpt.haw-hamburg.de 18.06 16:48:11,507| Leite Anfrage (vote) an den Linken Nachbarn '234_1' weiter (implizites Zustimmen)
GGT(236_2)@lab24.cpt.haw-hamburg.de 18.06 16:48:11,510| DISPATCHER: Leite Befehl {vote,'246_3'} an meinen Worker weiter...
GGT(236_2)@lab24.cpt.haw-hamburg.de 18.06 16:48:11,510| ### vote erhalten! Ich = '236_2'  Initiator = '2110_2') ###
GGT(236_2)@lab24.cpt.haw-hamburg.de 18.06 16:48:11,510| Leite Anfrage (vote) an den Linken Nachbarn '234_1' weiter (implizites Zustimmen)
GGT(236_2)@lab24.cpt.haw-hamburg.de 18.06 16:48:11,510| DISPATCHER: Leite Befehl {vote,'249_1'} an meinen Worker weiter...
GGT(236_2)@lab24.cpt.haw-hamburg.de 18.06 16:48:11,512| ### vote erhalten! Ich = '236_2'  Initiator = '246_3') ###
GGT(236_2)@lab24.cpt.haw-hamburg.de 18.06 16:48:11,512| Leite Anfrage (vote) an den Linken Nachbarn '234_1' weiter (implizites Zustimmen)
GGT(236_2)@lab24.cpt.haw-hamburg.de 18.06 16:48:11,513| ### vote erhalten! Ich = '236_2'  Initiator = '249_1') ###
GGT(236_2)@lab24.cpt.haw-hamburg.de 18.06 16:48:11,513| Leite Anfrage (vote) an den Linken Nachbarn '234_1' weiter (implizites Zustimmen)
GGT(236_2)@lab24.cpt.haw-hamburg.de 18.06 16:48:11,516| DISPATCHER: Leite Befehl {vote,'2410_4'} an meinen Worker weiter...
GGT(236_2)@lab24.cpt.haw-hamburg.de 18.06 16:48:11,516| ### vote erhalten! Ich = '236_2'  Initiator = '2410_4') ###
GGT(236_2)@lab24.cpt.haw-hamburg.de 18.06 16:48:11,516| DISPATCHER: Leite Befehl {vote,'216_2'} an meinen Worker weiter...
GGT(236_2)@lab24.cpt.haw-hamburg.de 18.06 16:48:11,516| Leite Anfrage (vote) an den Linken Nachbarn '234_1' weiter (implizites Zustimmen)
GGT(236_2)@lab24.cpt.haw-hamburg.de 18.06 16:48:11,518| ### vote erhalten! Ich = '236_2'  Initiator = '216_2') ###
GGT(236_2)@lab24.cpt.haw-hamburg.de 18.06 16:48:11,518| Leite Anfrage (vote) an den Linken Nachbarn '234_1' weiter (implizites Zustimmen)
GGT(236_2)@lab24.cpt.haw-hamburg.de 18.06 16:48:11,518| DISPATCHER: Leite Befehl {vote,'212_2'} an meinen Worker weiter...
GGT(236_2)@lab24.cpt.haw-hamburg.de 18.06 16:48:11,520| ### vote erhalten! Ich = '236_2'  Initiator = '212_2') ###
GGT(236_2)@lab24.cpt.haw-hamburg.de 18.06 16:48:11,520| Leite Anfrage (vote) an den Linken Nachbarn '234_1' weiter (implizites Zustimmen)
GGT(236_2)@lab24.cpt.haw-hamburg.de 18.06 16:48:11,520| DISPATCHER: Leite Befehl {vote,'2410_4'} an meinen Worker weiter...
GGT(236_2)@lab24.cpt.haw-hamburg.de 18.06 16:48:11,523| ### vote erhalten! Ich = '236_2'  Initiator = '2410_4') ###
GGT(236_2)@lab24.cpt.haw-hamburg.de 18.06 16:48:11,523| Leite Anfrage (vote) an den Linken Nachbarn '234_1' weiter (implizites Zustimmen)
GGT(236_2)@lab24.cpt.haw-hamburg.de 18.06 16:48:11,524| DISPATCHER: Leite Befehl {vote,'249_1'} an meinen Worker weiter...
GGT(236_2)@lab24.cpt.haw-hamburg.de 18.06 16:48:11,525| ### vote erhalten! Ich = '236_2'  Initiator = '249_1') ###
GGT(236_2)@lab24.cpt.haw-hamburg.de 18.06 16:48:11,525| Leite Anfrage (vote) an den Linken Nachbarn '234_1' weiter (implizites Zustimmen)
GGT(236_2)@lab24.cpt.haw-hamburg.de 18.06 16:48:11,528| DISPATCHER: Leite Befehl {vote,'242_4'} an meinen Worker weiter...
GGT(236_2)@lab24.cpt.haw-hamburg.de 18.06 16:48:11,528| ### vote erhalten! Ich = '236_2'  Initiator = '242_4') ###
GGT(236_2)@lab24.cpt.haw-hamburg.de 18.06 16:48:11,528| Leite Anfrage (vote) an den Linken Nachbarn '234_1' weiter (implizites Zustimmen)
GGT(236_2)@lab24.cpt.haw-hamburg.de 18.06 16:48:11,529| DISPATCHER: Leite Befehl {vote,'241_3'} an meinen Worker weiter...
GGT(236_2)@lab24.cpt.haw-hamburg.de 18.06 16:48:11,531| DISPATCHER: Leite Befehl {vote,'219_1'} an meinen Worker weiter...
GGT(236_2)@lab24.cpt.haw-hamburg.de 18.06 16:48:11,531| ### vote erhalten! Ich = '236_2'  Initiator = '241_3') ###
GGT(236_2)@lab24.cpt.haw-hamburg.de 18.06 16:48:11,531| Leite Anfrage (vote) an den Linken Nachbarn '234_1' weiter (implizites Zustimmen)
GGT(236_2)@lab24.cpt.haw-hamburg.de 18.06 16:48:11,532| DISPATCHER: Leite Befehl {vote,'242_4'} an meinen Worker weiter...
GGT(236_2)@lab24.cpt.haw-hamburg.de 18.06 16:48:11,533| ### vote erhalten! Ich = '236_2'  Initiator = '219_1') ###
GGT(236_2)@lab24.cpt.haw-hamburg.de 18.06 16:48:11,533| Leite Anfrage (vote) an den Linken Nachbarn '234_1' weiter (implizites Zustimmen)
GGT(236_2)@lab24.cpt.haw-hamburg.de 18.06 16:48:11,536| ### vote erhalten! Ich = '236_2'  Initiator = '242_4') ###
GGT(236_2)@lab24.cpt.haw-hamburg.de 18.06 16:48:11,536| Leite Anfrage (vote) an den Linken Nachbarn '234_1' weiter (implizites Zustimmen)
GGT(236_2)@lab24.cpt.haw-hamburg.de 18.06 16:48:11,540| DISPATCHER: Leite Befehl {vote,'212_3'} an meinen Worker weiter...
GGT(236_2)@lab24.cpt.haw-hamburg.de 18.06 16:48:11,541| ### vote erhalten! Ich = '236_2'  Initiator = '212_3') ###
GGT(236_2)@lab24.cpt.haw-hamburg.de 18.06 16:48:11,541| Leite Anfrage (vote) an den Linken Nachbarn '234_1' weiter (implizites Zustimmen)
GGT(236_2)@lab24.cpt.haw-hamburg.de 18.06 16:48:11,541| DISPATCHER: Leite Befehl {vote,'245_2'} an meinen Worker weiter...
GGT(236_2)@lab24.cpt.haw-hamburg.de 18.06 16:48:11,543| ### vote erhalten! Ich = '236_2'  Initiator = '245_2') ###
GGT(236_2)@lab24.cpt.haw-hamburg.de 18.06 16:48:11,543| Leite Anfrage (vote) an den Linken Nachbarn '234_1' weiter (implizites Zustimmen)
GGT(236_2)@lab24.cpt.haw-hamburg.de 18.06 16:48:11,544| DISPATCHER: Leite Befehl {vote,'2410_4'} an meinen Worker weiter...
GGT(236_2)@lab24.cpt.haw-hamburg.de 18.06 16:48:11,547| ### vote erhalten! Ich = '236_2'  Initiator = '2410_4') ###
GGT(236_2)@lab24.cpt.haw-hamburg.de 18.06 16:48:11,547| Leite Anfrage (vote) an den Linken Nachbarn '234_1' weiter (implizites Zustimmen)
GGT(236_2)@lab24.cpt.haw-hamburg.de 18.06 16:48:11,547| DISPATCHER: Leite Befehl {vote,'241_3'} an meinen Worker weiter...
GGT(236_2)@lab24.cpt.haw-hamburg.de 18.06 16:48:11,549| ### vote erhalten! Ich = '236_2'  Initiator = '241_3') ###
GGT(236_2)@lab24.cpt.haw-hamburg.de 18.06 16:48:11,549| Leite Anfrage (vote) an den Linken Nachbarn '234_1' weiter (implizites Zustimmen)
GGT(236_2)@lab24.cpt.haw-hamburg.de 18.06 16:48:11,550| DISPATCHER: Leite Befehl {vote,'241_3'} an meinen Worker weiter...
GGT(236_2)@lab24.cpt.haw-hamburg.de 18.06 16:48:11,551| DISPATCHER: Leite Befehl {vote,'219_1'} an meinen Worker weiter...
GGT(236_2)@lab24.cpt.haw-hamburg.de 18.06 16:48:11,552| ### vote erhalten! Ich = '236_2'  Initiator = '241_3') ###
GGT(236_2)@lab24.cpt.haw-hamburg.de 18.06 16:48:11,552| Leite Anfrage (vote) an den Linken Nachbarn '234_1' weiter (implizites Zustimmen)
GGT(236_2)@lab24.cpt.haw-hamburg.de 18.06 16:48:11,554| DISPATCHER: Leite Befehl {vote,'247_3'} an meinen Worker weiter...
GGT(236_2)@lab24.cpt.haw-hamburg.de 18.06 16:48:11,555| ### vote erhalten! Ich = '236_2'  Initiator = '219_1') ###
GGT(236_2)@lab24.cpt.haw-hamburg.de 18.06 16:48:11,555| Leite Anfrage (vote) an den Linken Nachbarn '234_1' weiter (implizites Zustimmen)
GGT(236_2)@lab24.cpt.haw-hamburg.de 18.06 16:48:11,555| DISPATCHER: Leite Befehl {vote,'245_1'} an meinen Worker weiter...
GGT(236_2)@lab24.cpt.haw-hamburg.de 18.06 16:48:11,557| ### vote erhalten! Ich = '236_2'  Initiator = '247_3') ###
GGT(236_2)@lab24.cpt.haw-hamburg.de 18.06 16:48:11,557| Leite Anfrage (vote) an den Linken Nachbarn '234_1' weiter (implizites Zustimmen)
GGT(236_2)@lab24.cpt.haw-hamburg.de 18.06 16:48:11,559| ### vote erhalten! Ich = '236_2'  Initiator = '245_1') ###
GGT(236_2)@lab24.cpt.haw-hamburg.de 18.06 16:48:11,559| Leite Anfrage (vote) an den Linken Nachbarn '234_1' weiter (implizites Zustimmen)
GGT(236_2)@lab24.cpt.haw-hamburg.de 18.06 16:48:11,559| DISPATCHER: Leite Befehl {vote,'241_3'} an meinen Worker weiter...
GGT(236_2)@lab24.cpt.haw-hamburg.de 18.06 16:48:11,562| ### vote erhalten! Ich = '236_2'  Initiator = '241_3') ###
GGT(236_2)@lab24.cpt.haw-hamburg.de 18.06 16:48:11,562| Leite Anfrage (vote) an den Linken Nachbarn '234_1' weiter (implizites Zustimmen)
GGT(236_2)@lab24.cpt.haw-hamburg.de 18.06 16:48:11,563| DISPATCHER: Leite Befehl {vote,'245_1'} an meinen Worker weiter...
GGT(236_2)@lab24.cpt.haw-hamburg.de 18.06 16:48:11,564| ### vote erhalten! Ich = '236_2'  Initiator = '245_1') ###
GGT(236_2)@lab24.cpt.haw-hamburg.de 18.06 16:48:11,564| Leite Anfrage (vote) an den Linken Nachbarn '234_1' weiter (implizites Zustimmen)
GGT(236_2)@lab24.cpt.haw-hamburg.de 18.06 16:48:11,566| DISPATCHER: Leite Befehl {vote,'247_3'} an meinen Worker weiter...
GGT(236_2)@lab24.cpt.haw-hamburg.de 18.06 16:48:11,567| ### vote erhalten! Ich = '236_2'  Initiator = '247_3') ###
GGT(236_2)@lab24.cpt.haw-hamburg.de 18.06 16:48:11,567| Leite Anfrage (vote) an den Linken Nachbarn '234_1' weiter (implizites Zustimmen)
GGT(236_2)@lab24.cpt.haw-hamburg.de 18.06 16:48:11,568| DISPATCHER: Leite Befehl {vote,'243_4'} an meinen Worker weiter...
GGT(236_2)@lab24.cpt.haw-hamburg.de 18.06 16:48:11,569| DISPATCHER: Leite Befehl {vote,'219_4'} an meinen Worker weiter...
GGT(236_2)@lab24.cpt.haw-hamburg.de 18.06 16:48:11,570| ### vote erhalten! Ich = '236_2'  Initiator = '243_4') ###
GGT(236_2)@lab24.cpt.haw-hamburg.de 18.06 16:48:11,570| Leite Anfrage (vote) an den Linken Nachbarn '234_1' weiter (implizites Zustimmen)
GGT(236_2)@lab24.cpt.haw-hamburg.de 18.06 16:48:11,572| DISPATCHER: Leite Befehl {vote,'243_4'} an meinen Worker weiter...
GGT(236_2)@lab24.cpt.haw-hamburg.de 18.06 16:48:11,572| ### vote erhalten! Ich = '236_2'  Initiator = '219_4') ###
GGT(236_2)@lab24.cpt.haw-hamburg.de 18.06 16:48:11,572| Leite Anfrage (vote) an den Linken Nachbarn '234_1' weiter (implizites Zustimmen)
GGT(236_2)@lab24.cpt.haw-hamburg.de 18.06 16:48:11,574| DISPATCHER: Leite Befehl {vote,'247_3'} an meinen Worker weiter...
GGT(236_2)@lab24.cpt.haw-hamburg.de 18.06 16:48:11,575| ### vote erhalten! Ich = '236_2'  Initiator = '243_4') ###
GGT(236_2)@lab24.cpt.haw-hamburg.de 18.06 16:48:11,575| Leite Anfrage (vote) an den Linken Nachbarn '234_1' weiter (implizites Zustimmen)
GGT(236_2)@lab24.cpt.haw-hamburg.de 18.06 16:48:11,576| ### vote erhalten! Ich = '236_2'  Initiator = '247_3') ###
GGT(236_2)@lab24.cpt.haw-hamburg.de 18.06 16:48:11,576| Leite Anfrage (vote) an den Linken Nachbarn '234_1' weiter (implizites Zustimmen)
GGT(236_2)@lab24.cpt.haw-hamburg.de 18.06 16:48:11,577| DISPATCHER: Leite Befehl {vote,'241_3'} an meinen Worker weiter...
GGT(236_2)@lab24.cpt.haw-hamburg.de 18.06 16:48:11,579| ### vote erhalten! Ich = '236_2'  Initiator = '241_3') ###
GGT(236_2)@lab24.cpt.haw-hamburg.de 18.06 16:48:11,579| Leite Anfrage (vote) an den Linken Nachbarn '234_1' weiter (implizites Zustimmen)
GGT(236_2)@lab24.cpt.haw-hamburg.de 18.06 16:48:11,579| DISPATCHER: Leite Befehl {vote,'242_4'} an meinen Worker weiter...
GGT(236_2)@lab24.cpt.haw-hamburg.de 18.06 16:48:11,581| DISPATCHER: Leite Befehl {vote,'241_4'} an meinen Worker weiter...
GGT(236_2)@lab24.cpt.haw-hamburg.de 18.06 16:48:11,582| ### vote erhalten! Ich = '236_2'  Initiator = '242_4') ###
GGT(236_2)@lab24.cpt.haw-hamburg.de 18.06 16:48:11,582| Leite Anfrage (vote) an den Linken Nachbarn '234_1' weiter (implizites Zustimmen)
GGT(236_2)@lab24.cpt.haw-hamburg.de 18.06 16:48:11,583| DISPATCHER: Leite Befehl {vote,'241_4'} an meinen Worker weiter...
GGT(236_2)@lab24.cpt.haw-hamburg.de 18.06 16:48:11,584| ### vote erhalten! Ich = '236_2'  Initiator = '241_4') ###
GGT(236_2)@lab24.cpt.haw-hamburg.de 18.06 16:48:11,584| Leite Anfrage (vote) an den Linken Nachbarn '234_1' weiter (implizites Zustimmen)
GGT(236_2)@lab24.cpt.haw-hamburg.de 18.06 16:48:11,586| ### vote erhalten! Ich = '236_2'  Initiator = '241_4') ###
GGT(236_2)@lab24.cpt.haw-hamburg.de 18.06 16:48:11,586| Leite Anfrage (vote) an den Linken Nachbarn '234_1' weiter (implizites Zustimmen)
GGT(236_2)@lab24.cpt.haw-hamburg.de 18.06 16:48:11,587| DISPATCHER: Leite Befehl {vote,'242_4'} an meinen Worker weiter...
GGT(236_2)@lab24.cpt.haw-hamburg.de 18.06 16:48:11,589| ### vote erhalten! Ich = '236_2'  Initiator = '242_4') ###
GGT(236_2)@lab24.cpt.haw-hamburg.de 18.06 16:48:11,589| Leite Anfrage (vote) an den Linken Nachbarn '234_1' weiter (implizites Zustimmen)
GGT(236_2)@lab24.cpt.haw-hamburg.de 18.06 16:48:11,593| DISPATCHER: Leite Befehl {vote,'247_1'} an meinen Worker weiter...
GGT(236_2)@lab24.cpt.haw-hamburg.de 18.06 16:48:11,593| ### vote erhalten! Ich = '236_2'  Initiator = '247_1') ###
GGT(236_2)@lab24.cpt.haw-hamburg.de 18.06 16:48:11,593| Leite Anfrage (vote) an den Linken Nachbarn '234_1' weiter (implizites Zustimmen)
GGT(236_2)@lab24.cpt.haw-hamburg.de 18.06 16:48:11,594| DISPATCHER: Leite Befehl {vote,'247_3'} an meinen Worker weiter...
GGT(236_2)@lab24.cpt.haw-hamburg.de 18.06 16:48:11,595| ### vote erhalten! Ich = '236_2'  Initiator = '247_3') ###
GGT(236_2)@lab24.cpt.haw-hamburg.de 18.06 16:48:11,595| Leite Anfrage (vote) an den Linken Nachbarn '234_1' weiter (implizites Zustimmen)
GGT(236_2)@lab24.cpt.haw-hamburg.de 18.06 16:48:11,597| DISPATCHER: Leite Befehl {vote,'241_3'} an meinen Worker weiter...
GGT(236_2)@lab24.cpt.haw-hamburg.de 18.06 16:48:11,598| DISPATCHER: Leite Befehl {vote,'242_4'} an meinen Worker weiter...
GGT(236_2)@lab24.cpt.haw-hamburg.de 18.06 16:48:11,598| ### vote erhalten! Ich = '236_2'  Initiator = '241_3') ###
GGT(236_2)@lab24.cpt.haw-hamburg.de 18.06 16:48:11,598| Leite Anfrage (vote) an den Linken Nachbarn '234_1' weiter (implizites Zustimmen)
GGT(236_2)@lab24.cpt.haw-hamburg.de 18.06 16:48:11,601| ### vote erhalten! Ich = '236_2'  Initiator = '242_4') ###
GGT(236_2)@lab24.cpt.haw-hamburg.de 18.06 16:48:11,601| Leite Anfrage (vote) an den Linken Nachbarn '234_1' weiter (implizites Zustimmen)
GGT(236_2)@lab24.cpt.haw-hamburg.de 18.06 16:48:11,602| DISPATCHER: Leite Befehl {vote,'243_4'} an meinen Worker weiter...
GGT(236_2)@lab24.cpt.haw-hamburg.de 18.06 16:48:11,602| DISPATCHER: Leite Befehl {vote,'243_4'} an meinen Worker weiter...
GGT(236_2)@lab24.cpt.haw-hamburg.de 18.06 16:48:11,603| ### vote erhalten! Ich = '236_2'  Initiator = '243_4') ###
GGT(236_2)@lab24.cpt.haw-hamburg.de 18.06 16:48:11,603| Leite Anfrage (vote) an den Linken Nachbarn '234_1' weiter (implizites Zustimmen)
GGT(236_2)@lab24.cpt.haw-hamburg.de 18.06 16:48:11,605| DISPATCHER: Leite Befehl {vote,'241_3'} an meinen Worker weiter...
GGT(236_2)@lab24.cpt.haw-hamburg.de 18.06 16:48:11,605| ### vote erhalten! Ich = '236_2'  Initiator = '243_4') ###
GGT(236_2)@lab24.cpt.haw-hamburg.de 18.06 16:48:11,605| Leite Anfrage (vote) an den Linken Nachbarn '234_1' weiter (implizites Zustimmen)
GGT(236_2)@lab24.cpt.haw-hamburg.de 18.06 16:48:11,607| ### vote erhalten! Ich = '236_2'  Initiator = '241_3') ###
GGT(236_2)@lab24.cpt.haw-hamburg.de 18.06 16:48:11,607| Leite Anfrage (vote) an den Linken Nachbarn '234_1' weiter (implizites Zustimmen)
GGT(236_2)@lab24.cpt.haw-hamburg.de 18.06 16:48:11,610| DISPATCHER: Leite Befehl {vote,'242_4'} an meinen Worker weiter...
GGT(236_2)@lab24.cpt.haw-hamburg.de 18.06 16:48:11,611| ### vote erhalten! Ich = '236_2'  Initiator = '242_4') ###
GGT(236_2)@lab24.cpt.haw-hamburg.de 18.06 16:48:11,611| Leite Anfrage (vote) an den Linken Nachbarn '234_1' weiter (implizites Zustimmen)
GGT(236_2)@lab24.cpt.haw-hamburg.de 18.06 16:48:11,613| DISPATCHER: Leite Befehl {vote,'247_1'} an meinen Worker weiter...
GGT(236_2)@lab24.cpt.haw-hamburg.de 18.06 16:48:11,613| ### vote erhalten! Ich = '236_2'  Initiator = '247_1') ###
GGT(236_2)@lab24.cpt.haw-hamburg.de 18.06 16:48:11,613| Leite Anfrage (vote) an den Linken Nachbarn '234_1' weiter (implizites Zustimmen)
GGT(236_2)@lab24.cpt.haw-hamburg.de 18.06 16:48:11,614| DISPATCHER: Leite Befehl {vote,'243_4'} an meinen Worker weiter...
GGT(236_2)@lab24.cpt.haw-hamburg.de 18.06 16:48:11,614| ### vote erhalten! Ich = '236_2'  Initiator = '243_4') ###
GGT(236_2)@lab24.cpt.haw-hamburg.de 18.06 16:48:11,615| Leite Anfrage (vote) an den Linken Nachbarn '234_1' weiter (implizites Zustimmen)
GGT(236_2)@lab24.cpt.haw-hamburg.de 18.06 16:48:11,615| DISPATCHER: Leite Befehl {vote,'243_4'} an meinen Worker weiter...
GGT(236_2)@lab24.cpt.haw-hamburg.de 18.06 16:48:11,617| DISPATCHER: Leite Befehl {vote,'242_2'} an meinen Worker weiter...
GGT(236_2)@lab24.cpt.haw-hamburg.de 18.06 16:48:11,617| DISPATCHER: Leite Befehl {vote,'242_2'} an meinen Worker weiter...
GGT(236_2)@lab24.cpt.haw-hamburg.de 18.06 16:48:11,617| ### vote erhalten! Ich = '236_2'  Initiator = '243_4') ###
GGT(236_2)@lab24.cpt.haw-hamburg.de 18.06 16:48:11,617| Leite Anfrage (vote) an den Linken Nachbarn '234_1' weiter (implizites Zustimmen)
GGT(236_2)@lab24.cpt.haw-hamburg.de 18.06 16:48:11,619| ### vote erhalten! Ich = '236_2'  Initiator = '242_2') ###
GGT(236_2)@lab24.cpt.haw-hamburg.de 18.06 16:48:11,619| Leite Anfrage (vote) an den Linken Nachbarn '234_1' weiter (implizites Zustimmen)
GGT(236_2)@lab24.cpt.haw-hamburg.de 18.06 16:48:11,619| DISPATCHER: Leite Befehl {vote,'242_2'} an meinen Worker weiter...
GGT(236_2)@lab24.cpt.haw-hamburg.de 18.06 16:48:11,620| DISPATCHER: Leite Befehl {vote,'241_1'} an meinen Worker weiter...
GGT(236_2)@lab24.cpt.haw-hamburg.de 18.06 16:48:11,621| ### vote erhalten! Ich = '236_2'  Initiator = '242_2') ###
GGT(236_2)@lab24.cpt.haw-hamburg.de 18.06 16:48:11,621| Leite Anfrage (vote) an den Linken Nachbarn '234_1' weiter (implizites Zustimmen)
GGT(236_2)@lab24.cpt.haw-hamburg.de 18.06 16:48:11,622| ### vote erhalten! Ich = '236_2'  Initiator = '242_2') ###
GGT(236_2)@lab24.cpt.haw-hamburg.de 18.06 16:48:11,622| Leite Anfrage (vote) an den Linken Nachbarn '234_1' weiter (implizites Zustimmen)
GGT(236_2)@lab24.cpt.haw-hamburg.de 18.06 16:48:11,622| DISPATCHER: Leite Befehl {vote,'219_4'} an meinen Worker weiter...
GGT(236_2)@lab24.cpt.haw-hamburg.de 18.06 16:48:11,624| ### vote erhalten! Ich = '236_2'  Initiator = '241_1') ###
GGT(236_2)@lab24.cpt.haw-hamburg.de 18.06 16:48:11,624| Leite Anfrage (vote) an den Linken Nachbarn '234_1' weiter (implizites Zustimmen)
GGT(236_2)@lab24.cpt.haw-hamburg.de 18.06 16:48:11,624| DISPATCHER: Leite Befehl {vote,'241_1'} an meinen Worker weiter...
GGT(236_2)@lab24.cpt.haw-hamburg.de 18.06 16:48:11,626| ### vote erhalten! Ich = '236_2'  Initiator = '219_4') ###
GGT(236_2)@lab24.cpt.haw-hamburg.de 18.06 16:48:11,626| Leite Anfrage (vote) an den Linken Nachbarn '234_1' weiter (implizites Zustimmen)
GGT(236_2)@lab24.cpt.haw-hamburg.de 18.06 16:48:11,627| ### vote erhalten! Ich = '236_2'  Initiator = '241_1') ###
GGT(236_2)@lab24.cpt.haw-hamburg.de 18.06 16:48:11,627| Leite Anfrage (vote) an den Linken Nachbarn '234_1' weiter (implizites Zustimmen)
GGT(236_2)@lab24.cpt.haw-hamburg.de 18.06 16:48:11,627| DISPATCHER: Leite Befehl {vote,'249_3'} an meinen Worker weiter...
GGT(236_2)@lab24.cpt.haw-hamburg.de 18.06 16:48:11,629| DISPATCHER: Leite Befehl {vote,'241_1'} an meinen Worker weiter...
GGT(236_2)@lab24.cpt.haw-hamburg.de 18.06 16:48:11,630| DISPATCHER: Leite Befehl {vote,'247_1'} an meinen Worker weiter...
GGT(236_2)@lab24.cpt.haw-hamburg.de 18.06 16:48:11,630| ### vote erhalten! Ich = '236_2'  Initiator = '249_3') ###
GGT(236_2)@lab24.cpt.haw-hamburg.de 18.06 16:48:11,630| Leite Anfrage (vote) an den Linken Nachbarn '234_1' weiter (implizites Zustimmen)
GGT(236_2)@lab24.cpt.haw-hamburg.de 18.06 16:48:11,631| ### vote erhalten! Ich = '236_2'  Initiator = '241_1') ###
GGT(236_2)@lab24.cpt.haw-hamburg.de 18.06 16:48:11,631| Leite Anfrage (vote) an den Linken Nachbarn '234_1' weiter (implizites Zustimmen)
GGT(236_2)@lab24.cpt.haw-hamburg.de 18.06 16:48:11,633| ### vote erhalten! Ich = '236_2'  Initiator = '247_1') ###
GGT(236_2)@lab24.cpt.haw-hamburg.de 18.06 16:48:11,633| Leite Anfrage (vote) an den Linken Nachbarn '234_1' weiter (implizites Zustimmen)
GGT(236_2)@lab24.cpt.haw-hamburg.de 18.06 16:48:11,634| DISPATCHER: Leite Befehl {vote,'241_1'} an meinen Worker weiter...
GGT(236_2)@lab24.cpt.haw-hamburg.de 18.06 16:48:11,635| DISPATCHER: Leite Befehl {vote,'212_1'} an meinen Worker weiter...
GGT(236_2)@lab24.cpt.haw-hamburg.de 18.06 16:48:11,635| ### vote erhalten! Ich = '236_2'  Initiator = '241_1') ###
GGT(236_2)@lab24.cpt.haw-hamburg.de 18.06 16:48:11,635| Leite Anfrage (vote) an den Linken Nachbarn '234_1' weiter (implizites Zustimmen)
GGT(236_2)@lab24.cpt.haw-hamburg.de 18.06 16:48:11,635| DISPATCHER: Leite Befehl {vote,'249_3'} an meinen Worker weiter...
GGT(236_2)@lab24.cpt.haw-hamburg.de 18.06 16:48:11,636| DISPATCHER: Leite Befehl {vote,'247_3'} an meinen Worker weiter...
GGT(236_2)@lab24.cpt.haw-hamburg.de 18.06 16:48:11,637| ### vote erhalten! Ich = '236_2'  Initiator = '212_1') ###
GGT(236_2)@lab24.cpt.haw-hamburg.de 18.06 16:48:11,637| Leite Anfrage (vote) an den Linken Nachbarn '234_1' weiter (implizites Zustimmen)
GGT(236_2)@lab24.cpt.haw-hamburg.de 18.06 16:48:11,637| DISPATCHER: Leite Befehl {vote,'247_1'} an meinen Worker weiter...
GGT(236_2)@lab24.cpt.haw-hamburg.de 18.06 16:48:11,639| ### vote erhalten! Ich = '236_2'  Initiator = '249_3') ###
GGT(236_2)@lab24.cpt.haw-hamburg.de 18.06 16:48:11,639| Leite Anfrage (vote) an den Linken Nachbarn '234_1' weiter (implizites Zustimmen)
GGT(236_2)@lab24.cpt.haw-hamburg.de 18.06 16:48:11,639| DISPATCHER: Leite Befehl {vote,'211_4'} an meinen Worker weiter...
GGT(236_2)@lab24.cpt.haw-hamburg.de 18.06 16:48:11,641| ### vote erhalten! Ich = '236_2'  Initiator = '247_3') ###
GGT(236_2)@lab24.cpt.haw-hamburg.de 18.06 16:48:11,641| Leite Anfrage (vote) an den Linken Nachbarn '234_1' weiter (implizites Zustimmen)
GGT(236_2)@lab24.cpt.haw-hamburg.de 18.06 16:48:11,641| DISPATCHER: Leite Befehl {vote,'212_1'} an meinen Worker weiter...
GGT(236_2)@lab24.cpt.haw-hamburg.de 18.06 16:48:11,642| ### vote erhalten! Ich = '236_2'  Initiator = '247_1') ###
GGT(236_2)@lab24.cpt.haw-hamburg.de 18.06 16:48:11,642| Leite Anfrage (vote) an den Linken Nachbarn '234_1' weiter (implizites Zustimmen)
GGT(236_2)@lab24.cpt.haw-hamburg.de 18.06 16:48:11,642| DISPATCHER: Leite Befehl {vote,'249_3'} an meinen Worker weiter...
GGT(236_2)@lab24.cpt.haw-hamburg.de 18.06 16:48:11,643| ### vote erhalten! Ich = '236_2'  Initiator = '211_4') ###
GGT(236_2)@lab24.cpt.haw-hamburg.de 18.06 16:48:11,643| Leite Anfrage (vote) an den Linken Nachbarn '234_1' weiter (implizites Zustimmen)
GGT(236_2)@lab24.cpt.haw-hamburg.de 18.06 16:48:11,644| DISPATCHER: Leite Befehl {vote,'211_1'} an meinen Worker weiter...
GGT(236_2)@lab24.cpt.haw-hamburg.de 18.06 16:48:11,645| ### vote erhalten! Ich = '236_2'  Initiator = '212_1') ###
GGT(236_2)@lab24.cpt.haw-hamburg.de 18.06 16:48:11,645| Leite Anfrage (vote) an den Linken Nachbarn '234_1' weiter (implizites Zustimmen)
GGT(236_2)@lab24.cpt.haw-hamburg.de 18.06 16:48:11,646| ### vote erhalten! Ich = '236_2'  Initiator = '249_3') ###
GGT(236_2)@lab24.cpt.haw-hamburg.de 18.06 16:48:11,646| Leite Anfrage (vote) an den Linken Nachbarn '234_1' weiter (implizites Zustimmen)
GGT(236_2)@lab24.cpt.haw-hamburg.de 18.06 16:48:11,646| DISPATCHER: Leite Befehl {vote,'211_4'} an meinen Worker weiter...
GGT(236_2)@lab24.cpt.haw-hamburg.de 18.06 16:48:11,648| DISPATCHER: Leite Befehl {vote,'249_3'} an meinen Worker weiter...
GGT(236_2)@lab24.cpt.haw-hamburg.de 18.06 16:48:11,648| ### vote erhalten! Ich = '236_2'  Initiator = '211_1') ###
GGT(236_2)@lab24.cpt.haw-hamburg.de 18.06 16:48:11,648| Leite Anfrage (vote) an den Linken Nachbarn '234_1' weiter (implizites Zustimmen)
GGT(236_2)@lab24.cpt.haw-hamburg.de 18.06 16:48:11,648| DISPATCHER: Leite Befehl {vote,'242_2'} an meinen Worker weiter...
GGT(236_2)@lab24.cpt.haw-hamburg.de 18.06 16:48:11,649| ### vote erhalten! Ich = '236_2'  Initiator = '211_4') ###
GGT(236_2)@lab24.cpt.haw-hamburg.de 18.06 16:48:11,649| Leite Anfrage (vote) an den Linken Nachbarn '234_1' weiter (implizites Zustimmen)
GGT(236_2)@lab24.cpt.haw-hamburg.de 18.06 16:48:11,650| ### vote erhalten! Ich = '236_2'  Initiator = '249_3') ###
GGT(236_2)@lab24.cpt.haw-hamburg.de 18.06 16:48:11,650| Leite Anfrage (vote) an den Linken Nachbarn '234_1' weiter (implizites Zustimmen)
GGT(236_2)@lab24.cpt.haw-hamburg.de 18.06 16:48:11,651| DISPATCHER: Leite Befehl {vote,'241_1'} an meinen Worker weiter...
GGT(236_2)@lab24.cpt.haw-hamburg.de 18.06 16:48:11,651| ### vote erhalten! Ich = '236_2'  Initiator = '242_2') ###
GGT(236_2)@lab24.cpt.haw-hamburg.de 18.06 16:48:11,652| Leite Anfrage (vote) an den Linken Nachbarn '234_1' weiter (implizites Zustimmen)
GGT(236_2)@lab24.cpt.haw-hamburg.de 18.06 16:48:11,652| DISPATCHER: Leite Befehl {vote,'249_3'} an meinen Worker weiter...
GGT(236_2)@lab24.cpt.haw-hamburg.de 18.06 16:48:11,653| DISPATCHER: Leite Befehl {vote,'247_3'} an meinen Worker weiter...
GGT(236_2)@lab24.cpt.haw-hamburg.de 18.06 16:48:11,653| ### vote erhalten! Ich = '236_2'  Initiator = '241_1') ###
GGT(236_2)@lab24.cpt.haw-hamburg.de 18.06 16:48:11,654| Leite Anfrage (vote) an den Linken Nachbarn '234_1' weiter (implizites Zustimmen)
GGT(236_2)@lab24.cpt.haw-hamburg.de 18.06 16:48:11,654| DISPATCHER: Leite Befehl {vote,'211_1'} an meinen Worker weiter...
GGT(236_2)@lab24.cpt.haw-hamburg.de 18.06 16:48:11,655| ### vote erhalten! Ich = '236_2'  Initiator = '249_3') ###
GGT(236_2)@lab24.cpt.haw-hamburg.de 18.06 16:48:11,655| Leite Anfrage (vote) an den Linken Nachbarn '234_1' weiter (implizites Zustimmen)
GGT(236_2)@lab24.cpt.haw-hamburg.de 18.06 16:48:11,658| DISPATCHER: Leite Befehl {vote,'2110_3'} an meinen Worker weiter...
GGT(236_2)@lab24.cpt.haw-hamburg.de 18.06 16:48:11,658| ### vote erhalten! Ich = '236_2'  Initiator = '247_3') ###
GGT(236_2)@lab24.cpt.haw-hamburg.de 18.06 16:48:11,658| Leite Anfrage (vote) an den Linken Nachbarn '234_1' weiter (implizites Zustimmen)
GGT(236_2)@lab24.cpt.haw-hamburg.de 18.06 16:48:11,660| DISPATCHER: Leite Befehl {vote,'242_2'} an meinen Worker weiter...
GGT(236_2)@lab24.cpt.haw-hamburg.de 18.06 16:48:11,660| ### vote erhalten! Ich = '236_2'  Initiator = '211_1') ###
GGT(236_2)@lab24.cpt.haw-hamburg.de 18.06 16:48:11,661| Leite Anfrage (vote) an den Linken Nachbarn '234_1' weiter (implizites Zustimmen)
GGT(236_2)@lab24.cpt.haw-hamburg.de 18.06 16:48:11,662| ### vote erhalten! Ich = '236_2'  Initiator = '2110_3') ###
GGT(236_2)@lab24.cpt.haw-hamburg.de 18.06 16:48:11,662| Leite Anfrage (vote) an den Linken Nachbarn '234_1' weiter (implizites Zustimmen)
GGT(236_2)@lab24.cpt.haw-hamburg.de 18.06 16:48:11,662| DISPATCHER: Leite Befehl {vote,'247_3'} an meinen Worker weiter...
GGT(236_2)@lab24.cpt.haw-hamburg.de 18.06 16:48:11,664| DISPATCHER: Leite Befehl {vote,'243_4'} an meinen Worker weiter...
GGT(236_2)@lab24.cpt.haw-hamburg.de 18.06 16:48:11,664| ### vote erhalten! Ich = '236_2'  Initiator = '242_2') ###
GGT(236_2)@lab24.cpt.haw-hamburg.de 18.06 16:48:11,664| Leite Anfrage (vote) an den Linken Nachbarn '234_1' weiter (implizites Zustimmen)
GGT(236_2)@lab24.cpt.haw-hamburg.de 18.06 16:48:11,665| DISPATCHER: Leite Befehl {vote,'245_3'} an meinen Worker weiter...
GGT(236_2)@lab24.cpt.haw-hamburg.de 18.06 16:48:11,667| ### vote erhalten! Ich = '236_2'  Initiator = '247_3') ###
GGT(236_2)@lab24.cpt.haw-hamburg.de 18.06 16:48:11,667| Leite Anfrage (vote) an den Linken Nachbarn '234_1' weiter (implizites Zustimmen)
GGT(236_2)@lab24.cpt.haw-hamburg.de 18.06 16:48:11,668| DISPATCHER: Leite Befehl {vote,'245_3'} an meinen Worker weiter...
GGT(236_2)@lab24.cpt.haw-hamburg.de 18.06 16:48:11,668| ### vote erhalten! Ich = '236_2'  Initiator = '243_4') ###
GGT(236_2)@lab24.cpt.haw-hamburg.de 18.06 16:48:11,668| Leite Anfrage (vote) an den Linken Nachbarn '234_1' weiter (implizites Zustimmen)
GGT(236_2)@lab24.cpt.haw-hamburg.de 18.06 16:48:11,670| ### vote erhalten! Ich = '236_2'  Initiator = '245_3') ###
GGT(236_2)@lab24.cpt.haw-hamburg.de 18.06 16:48:11,670| Leite Anfrage (vote) an den Linken Nachbarn '234_1' weiter (implizites Zustimmen)
GGT(236_2)@lab24.cpt.haw-hamburg.de 18.06 16:48:11,670| DISPATCHER: Leite Befehl {vote,'247_3'} an meinen Worker weiter...
GGT(236_2)@lab24.cpt.haw-hamburg.de 18.06 16:48:11,671| DISPATCHER: Leite Befehl {vote,'2110_3'} an meinen Worker weiter...
GGT(236_2)@lab24.cpt.haw-hamburg.de 18.06 16:48:11,671| ### vote erhalten! Ich = '236_2'  Initiator = '245_3') ###
GGT(236_2)@lab24.cpt.haw-hamburg.de 18.06 16:48:11,671| Leite Anfrage (vote) an den Linken Nachbarn '234_1' weiter (implizites Zustimmen)
GGT(236_2)@lab24.cpt.haw-hamburg.de 18.06 16:48:11,672| ### vote erhalten! Ich = '236_2'  Initiator = '247_3') ###
GGT(236_2)@lab24.cpt.haw-hamburg.de 18.06 16:48:11,672| Leite Anfrage (vote) an den Linken Nachbarn '234_1' weiter (implizites Zustimmen)
GGT(236_2)@lab24.cpt.haw-hamburg.de 18.06 16:48:11,673| ### vote erhalten! Ich = '236_2'  Initiator = '2110_3') ###
GGT(236_2)@lab24.cpt.haw-hamburg.de 18.06 16:48:11,673| Leite Anfrage (vote) an den Linken Nachbarn '234_1' weiter (implizites Zustimmen)
GGT(236_2)@lab24.cpt.haw-hamburg.de 18.06 16:48:11,679| DISPATCHER: Leite Befehl {vote,'243_4'} an meinen Worker weiter...
GGT(236_2)@lab24.cpt.haw-hamburg.de 18.06 16:48:11,680| DISPATCHER: Leite Befehl {vote,'216_1'} an meinen Worker weiter...
GGT(236_2)@lab24.cpt.haw-hamburg.de 18.06 16:48:11,680| ### vote erhalten! Ich = '236_2'  Initiator = '243_4') ###
GGT(236_2)@lab24.cpt.haw-hamburg.de 18.06 16:48:11,680| Leite Anfrage (vote) an den Linken Nachbarn '234_1' weiter (implizites Zustimmen)
GGT(236_2)@lab24.cpt.haw-hamburg.de 18.06 16:48:11,680| DISPATCHER: Leite Befehl {vote,'243_4'} an meinen Worker weiter...
GGT(236_2)@lab24.cpt.haw-hamburg.de 18.06 16:48:11,681| DISPATCHER: Leite Befehl {vote,'245_3'} an meinen Worker weiter...
GGT(236_2)@lab24.cpt.haw-hamburg.de 18.06 16:48:11,681| ### vote erhalten! Ich = '236_2'  Initiator = '216_1') ###
GGT(236_2)@lab24.cpt.haw-hamburg.de 18.06 16:48:11,682| Leite Anfrage (vote) an den Linken Nachbarn '234_1' weiter (implizites Zustimmen)
GGT(236_2)@lab24.cpt.haw-hamburg.de 18.06 16:48:11,682| DISPATCHER: Leite Befehl {vote,'218_1'} an meinen Worker weiter...
GGT(236_2)@lab24.cpt.haw-hamburg.de 18.06 16:48:11,682| DISPATCHER: Leite Befehl {vote,'243_4'} an meinen Worker weiter...
GGT(236_2)@lab24.cpt.haw-hamburg.de 18.06 16:48:11,683| ### vote erhalten! Ich = '236_2'  Initiator = '243_4') ###
GGT(236_2)@lab24.cpt.haw-hamburg.de 18.06 16:48:11,683| Leite Anfrage (vote) an den Linken Nachbarn '234_1' weiter (implizites Zustimmen)
GGT(236_2)@lab24.cpt.haw-hamburg.de 18.06 16:48:11,683| DISPATCHER: Leite Befehl {vote,'246_1'} an meinen Worker weiter...
GGT(236_2)@lab24.cpt.haw-hamburg.de 18.06 16:48:11,683| DISPATCHER: Leite Befehl {vote,'218_1'} an meinen Worker weiter...
GGT(236_2)@lab24.cpt.haw-hamburg.de 18.06 16:48:11,684| ### vote erhalten! Ich = '236_2'  Initiator = '245_3') ###
GGT(236_2)@lab24.cpt.haw-hamburg.de 18.06 16:48:11,684| Leite Anfrage (vote) an den Linken Nachbarn '234_1' weiter (implizites Zustimmen)
GGT(236_2)@lab24.cpt.haw-hamburg.de 18.06 16:48:11,685| DISPATCHER: Leite Befehl {vote,'246_1'} an meinen Worker weiter...
GGT(236_2)@lab24.cpt.haw-hamburg.de 18.06 16:48:11,686| ### vote erhalten! Ich = '236_2'  Initiator = '218_1') ###
GGT(236_2)@lab24.cpt.haw-hamburg.de 18.06 16:48:11,686| Leite Anfrage (vote) an den Linken Nachbarn '234_1' weiter (implizites Zustimmen)
GGT(236_2)@lab24.cpt.haw-hamburg.de 18.06 16:48:11,687| ### vote erhalten! Ich = '236_2'  Initiator = '243_4') ###
GGT(236_2)@lab24.cpt.haw-hamburg.de 18.06 16:48:11,687| Leite Anfrage (vote) an den Linken Nachbarn '234_1' weiter (implizites Zustimmen)
GGT(236_2)@lab24.cpt.haw-hamburg.de 18.06 16:48:11,688| ### vote erhalten! Ich = '236_2'  Initiator = '246_1') ###
GGT(236_2)@lab24.cpt.haw-hamburg.de 18.06 16:48:11,689| Leite Anfrage (vote) an den Linken Nachbarn '234_1' weiter (implizites Zustimmen)
GGT(236_2)@lab24.cpt.haw-hamburg.de 18.06 16:48:11,690| DISPATCHER: Leite Befehl {vote,'247_1'} an meinen Worker weiter...
GGT(236_2)@lab24.cpt.haw-hamburg.de 18.06 16:48:11,690| ### vote erhalten! Ich = '236_2'  Initiator = '218_1') ###
GGT(236_2)@lab24.cpt.haw-hamburg.de 18.06 16:48:11,690| Leite Anfrage (vote) an den Linken Nachbarn '234_1' weiter (implizites Zustimmen)
GGT(236_2)@lab24.cpt.haw-hamburg.de 18.06 16:48:11,692| DISPATCHER: Leite Befehl {vote,'247_3'} an meinen Worker weiter...
GGT(236_2)@lab24.cpt.haw-hamburg.de 18.06 16:48:11,692| DISPATCHER: Leite Befehl {vote,'246_2'} an meinen Worker weiter...
GGT(236_2)@lab24.cpt.haw-hamburg.de 18.06 16:48:11,692| DISPATCHER: Leite Befehl {vote,'247_1'} an meinen Worker weiter...
GGT(236_2)@lab24.cpt.haw-hamburg.de 18.06 16:48:11,692| ### vote erhalten! Ich = '236_2'  Initiator = '246_1') ###
GGT(236_2)@lab24.cpt.haw-hamburg.de 18.06 16:48:11,692| Leite Anfrage (vote) an den Linken Nachbarn '234_1' weiter (implizites Zustimmen)
GGT(236_2)@lab24.cpt.haw-hamburg.de 18.06 16:48:11,693| DISPATCHER: Leite Befehl {vote,'246_1'} an meinen Worker weiter...
GGT(236_2)@lab24.cpt.haw-hamburg.de 18.06 16:48:11,694| DISPATCHER: Leite Befehl {vote,'247_3'} an meinen Worker weiter...
GGT(236_2)@lab24.cpt.haw-hamburg.de 18.06 16:48:11,694| ### vote erhalten! Ich = '236_2'  Initiator = '247_1') ###
GGT(236_2)@lab24.cpt.haw-hamburg.de 18.06 16:48:11,694| Leite Anfrage (vote) an den Linken Nachbarn '234_1' weiter (implizites Zustimmen)
GGT(236_2)@lab24.cpt.haw-hamburg.de 18.06 16:48:11,696| ### vote erhalten! Ich = '236_2'  Initiator = '247_3') ###
GGT(236_2)@lab24.cpt.haw-hamburg.de 18.06 16:48:11,696| Leite Anfrage (vote) an den Linken Nachbarn '234_1' weiter (implizites Zustimmen)
GGT(236_2)@lab24.cpt.haw-hamburg.de 18.06 16:48:11,698| DISPATCHER: Leite Befehl {vote,'246_1'} an meinen Worker weiter...
GGT(236_2)@lab24.cpt.haw-hamburg.de 18.06 16:48:11,699| ### vote erhalten! Ich = '236_2'  Initiator = '246_2') ###
GGT(236_2)@lab24.cpt.haw-hamburg.de 18.06 16:48:11,699| Leite Anfrage (vote) an den Linken Nachbarn '234_1' weiter (implizites Zustimmen)
GGT(236_2)@lab24.cpt.haw-hamburg.de 18.06 16:48:11,699| DISPATCHER: Leite Befehl {vote,'246_2'} an meinen Worker weiter...
GGT(236_2)@lab24.cpt.haw-hamburg.de 18.06 16:48:11,701| ### vote erhalten! Ich = '236_2'  Initiator = '247_1') ###
GGT(236_2)@lab24.cpt.haw-hamburg.de 18.06 16:48:11,701| Leite Anfrage (vote) an den Linken Nachbarn '234_1' weiter (implizites Zustimmen)
GGT(236_2)@lab24.cpt.haw-hamburg.de 18.06 16:48:11,702| DISPATCHER: Leite Befehl {vote,'246_2'} an meinen Worker weiter...
GGT(236_2)@lab24.cpt.haw-hamburg.de 18.06 16:48:11,703| ### vote erhalten! Ich = '236_2'  Initiator = '246_1') ###
GGT(236_2)@lab24.cpt.haw-hamburg.de 18.06 16:48:11,703| Leite Anfrage (vote) an den Linken Nachbarn '234_1' weiter (implizites Zustimmen)
GGT(236_2)@lab24.cpt.haw-hamburg.de 18.06 16:48:11,703| DISPATCHER: Leite Befehl {vote,'247_2'} an meinen Worker weiter...
GGT(236_2)@lab24.cpt.haw-hamburg.de 18.06 16:48:11,705| ### vote erhalten! Ich = '236_2'  Initiator = '247_3') ###
GGT(236_2)@lab24.cpt.haw-hamburg.de 18.06 16:48:11,705| Leite Anfrage (vote) an den Linken Nachbarn '234_1' weiter (implizites Zustimmen)
GGT(236_2)@lab24.cpt.haw-hamburg.de 18.06 16:48:11,706| ### vote erhalten! Ich = '236_2'  Initiator = '246_1') ###
GGT(236_2)@lab24.cpt.haw-hamburg.de 18.06 16:48:11,706| Leite Anfrage (vote) an den Linken Nachbarn '234_1' weiter (implizites Zustimmen)
GGT(236_2)@lab24.cpt.haw-hamburg.de 18.06 16:48:11,707| ### vote erhalten! Ich = '236_2'  Initiator = '246_2') ###
GGT(236_2)@lab24.cpt.haw-hamburg.de 18.06 16:48:11,707| Leite Anfrage (vote) an den Linken Nachbarn '234_1' weiter (implizites Zustimmen)
GGT(236_2)@lab24.cpt.haw-hamburg.de 18.06 16:48:11,708| DISPATCHER: Leite Befehl {vote,'247_2'} an meinen Worker weiter...
GGT(236_2)@lab24.cpt.haw-hamburg.de 18.06 16:48:11,708| ### vote erhalten! Ich = '236_2'  Initiator = '246_2') ###
GGT(236_2)@lab24.cpt.haw-hamburg.de 18.06 16:48:11,709| Leite Anfrage (vote) an den Linken Nachbarn '234_1' weiter (implizites Zustimmen)
GGT(236_2)@lab24.cpt.haw-hamburg.de 18.06 16:48:11,709| DISPATCHER: Leite Befehl {vote,'247_3'} an meinen Worker weiter...
GGT(236_2)@lab24.cpt.haw-hamburg.de 18.06 16:48:11,709| DISPATCHER: Leite Befehl {vote,'2110_4'} an meinen Worker weiter...
GGT(236_2)@lab24.cpt.haw-hamburg.de 18.06 16:48:11,710| DISPATCHER: Leite Befehl {vote,'246_2'} an meinen Worker weiter...
GGT(236_2)@lab24.cpt.haw-hamburg.de 18.06 16:48:11,710| ### vote erhalten! Ich = '236_2'  Initiator = '247_2') ###
GGT(236_2)@lab24.cpt.haw-hamburg.de 18.06 16:48:11,710| Leite Anfrage (vote) an den Linken Nachbarn '234_1' weiter (implizites Zustimmen)
GGT(236_2)@lab24.cpt.haw-hamburg.de 18.06 16:48:11,711| DISPATCHER: Leite Befehl {vote,'247_2'} an meinen Worker weiter...
GGT(236_2)@lab24.cpt.haw-hamburg.de 18.06 16:48:11,712| ### vote erhalten! Ich = '236_2'  Initiator = '247_2') ###
GGT(236_2)@lab24.cpt.haw-hamburg.de 18.06 16:48:11,712| Leite Anfrage (vote) an den Linken Nachbarn '234_1' weiter (implizites Zustimmen)
GGT(236_2)@lab24.cpt.haw-hamburg.de 18.06 16:48:11,713| DISPATCHER: Leite Befehl {vote,'247_3'} an meinen Worker weiter...
GGT(236_2)@lab24.cpt.haw-hamburg.de 18.06 16:48:11,714| ### vote erhalten! Ich = '236_2'  Initiator = '247_3') ###
GGT(236_2)@lab24.cpt.haw-hamburg.de 18.06 16:48:11,714| Leite Anfrage (vote) an den Linken Nachbarn '234_1' weiter (implizites Zustimmen)
GGT(236_2)@lab24.cpt.haw-hamburg.de 18.06 16:48:11,715| ### vote erhalten! Ich = '236_2'  Initiator = '2110_4') ###
GGT(236_2)@lab24.cpt.haw-hamburg.de 18.06 16:48:11,715| Leite Anfrage (vote) an den Linken Nachbarn '234_1' weiter (implizites Zustimmen)
GGT(236_2)@lab24.cpt.haw-hamburg.de 18.06 16:48:11,716| DISPATCHER: Leite Befehl {vote,'215_1'} an meinen Worker weiter...
GGT(236_2)@lab24.cpt.haw-hamburg.de 18.06 16:48:11,717| ### vote erhalten! Ich = '236_2'  Initiator = '246_2') ###
GGT(236_2)@lab24.cpt.haw-hamburg.de 18.06 16:48:11,717| Leite Anfrage (vote) an den Linken Nachbarn '234_1' weiter (implizites Zustimmen)
GGT(236_2)@lab24.cpt.haw-hamburg.de 18.06 16:48:11,717| DISPATCHER: Leite Befehl {vote,'214_1'} an meinen Worker weiter...
GGT(236_2)@lab24.cpt.haw-hamburg.de 18.06 16:48:11,719| DISPATCHER: Leite Befehl {vote,'214_1'} an meinen Worker weiter...
GGT(236_2)@lab24.cpt.haw-hamburg.de 18.06 16:48:11,719| ### vote erhalten! Ich = '236_2'  Initiator = '247_2') ###
