GGT(231_5)@lab24.cpt.haw-hamburg.de 18.06 16:38:08,895| DISPATCHER: Leite Befehl {set_pmi,156016510650} an meinen Worker weiter...
GGT(231_5)@lab24.cpt.haw-hamburg.de 18.06 16:38:09,895| DISPATCHER: Leite Befehl {send,38962} an meinen Worker weiter...
GGT(231_5)@lab24.cpt.haw-hamburg.de 18.06 16:38:09,895| Send erhalten Y:38962
GGT(231_5)@lab24.cpt.haw-hamburg.de 18.06 16:38:09,895| ALGO: ((14 -1) mod 38962) +1     --    (TTW: 1 Sekunden)
GGT(231_5)@lab24.cpt.haw-hamburg.de 18.06 16:38:10,896| Mi NICHT geaendert! (ist und bleibt: 14)
GGT(231_5)@lab24.cpt.haw-hamburg.de 18.06 16:38:11,897| DISPATCHER: Leite Befehl {send,1694} an meinen Worker weiter...
GGT(231_5)@lab24.cpt.haw-hamburg.de 18.06 16:38:11,897| Send erhalten Y:1694
GGT(231_5)@lab24.cpt.haw-hamburg.de 18.06 16:38:11,897| ALGO: ((14 -1) mod 1694) +1     --    (TTW: 1 Sekunden)
GGT(231_5)@lab24.cpt.haw-hamburg.de 18.06 16:38:12,899| Mi NICHT geaendert! (ist und bleibt: 14)
GGT(231_5)@lab24.cpt.haw-hamburg.de 18.06 16:38:14,900| DISPATCHER: Leite Befehl {send,462} an meinen Worker weiter...
GGT(231_5)@lab24.cpt.haw-hamburg.de 18.06 16:38:14,900| Send erhalten Y:462
GGT(231_5)@lab24.cpt.haw-hamburg.de 18.06 16:38:14,900| ALGO: ((14 -1) mod 462) +1     --    (TTW: 1 Sekunden)
GGT(231_5)@lab24.cpt.haw-hamburg.de 18.06 16:38:15,902| Mi NICHT geaendert! (ist und bleibt: 14)
GGT(231_5)@lab24.cpt.haw-hamburg.de 18.06 16:38:16,902| DISPATCHER: Leite Befehl {send,154} an meinen Worker weiter...
GGT(231_5)@lab24.cpt.haw-hamburg.de 18.06 16:38:16,902| Send erhalten Y:154
GGT(231_5)@lab24.cpt.haw-hamburg.de 18.06 16:38:16,902| ALGO: ((14 -1) mod 154) +1     --    (TTW: 1 Sekunden)
GGT(231_5)@lab24.cpt.haw-hamburg.de 18.06 16:38:17,904| Mi NICHT geaendert! (ist und bleibt: 14)
GGT(231_5)@lab24.cpt.haw-hamburg.de 18.06 16:38:21,905| TTT Timer ist abgelaufen. Informiere meine linken Nachbarn ('233_2') ueber vote
GGT(231_5)@lab24.cpt.haw-hamburg.de 18.06 16:38:21,906| DISPATCHER: Leite Befehl {vote,'213_2'} an meinen Worker weiter...
GGT(231_5)@lab24.cpt.haw-hamburg.de 18.06 16:38:21,908| ### vote erhalten! Ich = '231_5'  Initiator = '213_2') ###
GGT(231_5)@lab24.cpt.haw-hamburg.de 18.06 16:38:21,908| Leite Anfrage (vote) an den Linken Nachbarn '233_2' weiter (implizites Zustimmen)
GGT(231_5)@lab24.cpt.haw-hamburg.de 18.06 16:38:21,922| DISPATCHER: Leite Befehl {vote,'231_5'} an meinen Worker weiter...
GGT(231_5)@lab24.cpt.haw-hamburg.de 18.06 16:38:21,923| ### vote erhalten! Ich = '231_5'  Initiator = '231_5') ###
GGT(231_5)@lab24.cpt.haw-hamburg.de 18.06 16:38:21,923| Abstimmung erfolgreich! informiere (brief_term) Koordinator coordinator ueber errechneten GGT:14
GGT(231_5)@lab24.cpt.haw-hamburg.de 18.06 16:38:21,924| Abstimmung erfolgreich! Zaehle meine 'erfolgreich gemeldeten Terminierungsmeldungen hoch' Wert jetzt: 1
GGT(231_5)@lab24.cpt.haw-hamburg.de 18.06 16:38:22,906| DISPATCHER: Leite Befehl {vote,'212_3'} an meinen Worker weiter...
GGT(231_5)@lab24.cpt.haw-hamburg.de 18.06 16:38:22,906| DISPATCHER: Leite Befehl {vote,'211_1'} an meinen Worker weiter...
GGT(231_5)@lab24.cpt.haw-hamburg.de 18.06 16:38:22,906| ### vote erhalten! Ich = '231_5'  Initiator = '212_3') ###
GGT(231_5)@lab24.cpt.haw-hamburg.de 18.06 16:38:22,907| Leite Anfrage (vote) an den Linken Nachbarn '233_2' weiter (implizites Zustimmen)
GGT(231_5)@lab24.cpt.haw-hamburg.de 18.06 16:38:22,907| ### vote erhalten! Ich = '231_5'  Initiator = '211_1') ###
GGT(231_5)@lab24.cpt.haw-hamburg.de 18.06 16:38:22,907| Leite Anfrage (vote) an den Linken Nachbarn '233_2' weiter (implizites Zustimmen)
GGT(231_5)@lab24.cpt.haw-hamburg.de 18.06 16:38:54,759| DISPATCHER: Leite Befehl {set_pmi,47435850} an meinen Worker weiter...
GGT(231_5)@lab24.cpt.haw-hamburg.de 18.06 16:38:58,760| DISPATCHER: Leite Befehl {vote,'213_2'} an meinen Worker weiter...
GGT(231_5)@lab24.cpt.haw-hamburg.de 18.06 16:38:58,760| DISPATCHER: Leite Befehl {vote,'212_3'} an meinen Worker weiter...
GGT(231_5)@lab24.cpt.haw-hamburg.de 18.06 16:38:58,760| DISPATCHER: Leite Befehl {vote,'211_1'} an meinen Worker weiter...
GGT(231_5)@lab24.cpt.haw-hamburg.de 18.06 16:38:58,761| ### vote erhalten! Ich = '231_5'  Initiator = '213_2') ###
GGT(231_5)@lab24.cpt.haw-hamburg.de 18.06 16:38:58,761| Leite Anfrage (vote) an den Linken Nachbarn '233_2' weiter (implizites Zustimmen)
GGT(231_5)@lab24.cpt.haw-hamburg.de 18.06 16:38:58,762| ### vote erhalten! Ich = '231_5'  Initiator = '212_3') ###
GGT(231_5)@lab24.cpt.haw-hamburg.de 18.06 16:38:58,762| Leite Anfrage (vote) an den Linken Nachbarn '233_2' weiter (implizites Zustimmen)
GGT(231_5)@lab24.cpt.haw-hamburg.de 18.06 16:38:58,763| DISPATCHER: Leite Befehl {vote,'213_1'} an meinen Worker weiter...
GGT(231_5)@lab24.cpt.haw-hamburg.de 18.06 16:38:58,763| ### vote erhalten! Ich = '231_5'  Initiator = '211_1') ###
GGT(231_5)@lab24.cpt.haw-hamburg.de 18.06 16:38:58,763| Leite Anfrage (vote) an den Linken Nachbarn '233_2' weiter (implizites Zustimmen)
GGT(231_5)@lab24.cpt.haw-hamburg.de 18.06 16:38:58,764| ### vote erhalten! Ich = '231_5'  Initiator = '213_1') ###
GGT(231_5)@lab24.cpt.haw-hamburg.de 18.06 16:38:58,764| Leite Anfrage (vote) an den Linken Nachbarn '233_2' weiter (implizites Zustimmen)
GGT(231_5)@lab24.cpt.haw-hamburg.de 18.06 16:38:58,766| DISPATCHER: Leite Befehl {vote,'211_3'} an meinen Worker weiter...
GGT(231_5)@lab24.cpt.haw-hamburg.de 18.06 16:38:58,767| ### vote erhalten! Ich = '231_5'  Initiator = '211_3') ###
GGT(231_5)@lab24.cpt.haw-hamburg.de 18.06 16:38:58,767| Leite Anfrage (vote) an den Linken Nachbarn '233_2' weiter (implizites Zustimmen)
GGT(231_5)@lab24.cpt.haw-hamburg.de 18.06 16:38:59,768| DISPATCHER: Leite Befehl {vote,'213_3'} an meinen Worker weiter...
GGT(231_5)@lab24.cpt.haw-hamburg.de 18.06 16:38:59,768| ### vote erhalten! Ich = '231_5'  Initiator = '213_3') ###
GGT(231_5)@lab24.cpt.haw-hamburg.de 18.06 16:38:59,768| Leite Anfrage (vote) an den Linken Nachbarn '233_2' weiter (implizites Zustimmen)
GGT(231_5)@lab24.cpt.haw-hamburg.de 18.06 16:39:05,778| DISPATCHER: Leite Befehl {vote,'212_1'} an meinen Worker weiter...
GGT(231_5)@lab24.cpt.haw-hamburg.de 18.06 16:39:05,779| ### vote erhalten! Ich = '231_5'  Initiator = '212_1') ###
GGT(231_5)@lab24.cpt.haw-hamburg.de 18.06 16:39:05,779| Leite Anfrage (vote) an den Linken Nachbarn '233_2' weiter (implizites Zustimmen)
GGT(231_5)@lab24.cpt.haw-hamburg.de 18.06 16:39:05,779| DISPATCHER: Leite Befehl {vote,'211_2'} an meinen Worker weiter...
GGT(231_5)@lab24.cpt.haw-hamburg.de 18.06 16:39:05,780| ### vote erhalten! Ich = '231_5'  Initiator = '211_2') ###
GGT(231_5)@lab24.cpt.haw-hamburg.de 18.06 16:39:05,780| Leite Anfrage (vote) an den Linken Nachbarn '233_2' weiter (implizites Zustimmen)
GGT(231_5)@lab24.cpt.haw-hamburg.de 18.06 16:39:05,781| DISPATCHER: Leite Befehl {vote,'212_2'} an meinen Worker weiter...
GGT(231_5)@lab24.cpt.haw-hamburg.de 18.06 16:39:05,782| ### vote erhalten! Ich = '231_5'  Initiator = '212_2') ###
GGT(231_5)@lab24.cpt.haw-hamburg.de 18.06 16:39:05,782| Leite Anfrage (vote) an den Linken Nachbarn '233_2' weiter (implizites Zustimmen)
GGT(231_5)@lab24.cpt.haw-hamburg.de 18.06 16:39:26,558| <7023.39.0> erfragt aktuellen Mi. Sende Mi = 14
