

GGT(234_2)@FloUB 17.06 21:26:29,532| ######################## 234_2 Status: SETUP ########################


GGT(234_2)@FloUB 17.06 21:26:29,533| ######################## 234_2 Status: INITIAL ########################
GGT(234_2)@FloUB 17.06 21:26:29,533| REBIND
GGT(234_2)@FloUB 17.06 21:26:29,533| CHECK_IN
GGT(234_2)@FloUB 17.06 21:26:58,877| Nachbarn wurden mitgeteilt {L: '232_1' | R: '239_2'}
GGT(234_2)@FloUB 17.06 21:26:58,877| DISPATCHER: Leite Befehl {rebind_res,ok} an meinen Worker weiter...


GGT(234_2)@FloUB 17.06 21:26:58,891| ######################## 234_2 Status: PRE_PROCESS ########################
GGT(234_2)@FloUB 17.06 21:27:03,877| DISPATCHER: Leite Befehl {set_pmi,471900} an meinen Worker weiter...
GGT(234_2)@FloUB 17.06 21:27:03,891| Initial Mi wurde mitgeteilt. Mi:471900


GGT(234_2)@FloUB 17.06 21:27:03,892| ######################## 234_2 Status: PROCESS ########################
GGT(234_2)@FloUB 17.06 21:27:03,955| DISPATCHER: Leite Befehl {send,1745700} an meinen Worker weiter...
GGT(234_2)@FloUB 17.06 21:27:03,955| Send erhalten Y:1745700
GGT(234_2)@FloUB 17.06 21:27:03,955| ALGO: ((471900 -1) mod 1745700) +1     --    (TTW: 5 Sekunden)
GGT(234_2)@FloUB 17.06 21:27:08,971| Mi NICHT geaendert! (ist und bleibt: 471900)
GGT(234_2)@FloUB 17.06 21:27:23,986| TTT Timer ist abgelaufen. Informiere meine linken Nachbarn ('232_1') ueber vote
GGT(234_2)@FloUB 17.06 21:27:34,096| DISPATCHER: Leite Befehl {vote,'235_1'} an meinen Worker weiter...
GGT(234_2)@FloUB 17.06 21:27:34,096| ### vote erhalten! Ich = '234_2'  Initiator = '235_1') ###
GGT(234_2)@FloUB 17.06 21:27:34,096| Leite Anfrage (vote) an den Linken Nachbarn '232_1' weiter (implizites Zustimmen)
GGT(234_2)@FloUB 17.06 21:27:39,189| DISPATCHER: Leite Befehl {vote,'234_2'} an meinen Worker weiter...
GGT(234_2)@FloUB 17.06 21:27:39,189| ### vote erhalten! Ich = '234_2'  Initiator = '234_2') ###
GGT(234_2)@FloUB 17.06 21:27:39,189| Abstimmung erfolgreich! informiere (brief_term) Koordinator coordinatorFM ueber errechneten GGT:471900
GGT(234_2)@FloUB 17.06 21:27:39,205| Abstimmung erfolgreich! Zaehle meine 'erfolgreich gemeldeten Terminierungsmeldungen hoch' Wert jetzt: 1
GGT(234_2)@FloUB 17.06 21:28:04,283| DISPATCHER: Leite Befehl {send,469200} an meinen Worker weiter...
GGT(234_2)@FloUB 17.06 21:28:04,283| Send erhalten Y:469200
GGT(234_2)@FloUB 17.06 21:28:04,283| ALGO: ((471900 -1) mod 469200) +1     --    (TTW: 5 Sekunden)
GGT(234_2)@FloUB 17.06 21:28:09,299| informiere (brief_mi) Koordinator coordinatorFM ueber neuen Mi:2700
GGT(234_2)@FloUB 17.06 21:28:09,314| Sende (send) Nachbarn '232_1' und '239_2' neuen Mi:2700
GGT(234_2)@FloUB 17.06 21:28:14,283| DISPATCHER: Leite Befehl {send,20700} an meinen Worker weiter...
GGT(234_2)@FloUB 17.06 21:28:14,298| Send erhalten Y:20700
GGT(234_2)@FloUB 17.06 21:28:14,299| ALGO: ((2700 -1) mod 20700) +1     --    (TTW: 5 Sekunden)
GGT(234_2)@FloUB 17.06 21:28:14,361| DISPATCHER: Leite Befehl {send,2700} an meinen Worker weiter...
GGT(234_2)@FloUB 17.06 21:28:19,299| DISPATCHER: Leite Befehl {send,1800} an meinen Worker weiter...
GGT(234_2)@FloUB 17.06 21:28:19,314| Mi NICHT geaendert! (ist und bleibt: 2700)
GGT(234_2)@FloUB 17.06 21:28:19,314| Send erhalten Y:2700
GGT(234_2)@FloUB 17.06 21:28:19,314| ALGO: ((2700 -1) mod 2700) +1     --    (TTW: 5 Sekunden)
GGT(234_2)@FloUB 17.06 21:28:24,330| Mi NICHT geaendert! (ist und bleibt: 2700)
GGT(234_2)@FloUB 17.06 21:28:24,330| Send erhalten Y:1800
GGT(234_2)@FloUB 17.06 21:28:24,330| ALGO: ((2700 -1) mod 1800) +1     --    (TTW: 5 Sekunden)
GGT(234_2)@FloUB 17.06 21:28:24,424| DISPATCHER: Leite Befehl {send,1200} an meinen Worker weiter...
GGT(234_2)@FloUB 17.06 21:28:29,346| informiere (brief_mi) Koordinator coordinatorFM ueber neuen Mi:900
GGT(234_2)@FloUB 17.06 21:28:29,346| Sende (send) Nachbarn '232_1' und '239_2' neuen Mi:900
GGT(234_2)@FloUB 17.06 21:28:29,346| Send erhalten Y:1200
GGT(234_2)@FloUB 17.06 21:28:29,346| ALGO: ((900 -1) mod 1200) +1     --    (TTW: 5 Sekunden)
GGT(234_2)@FloUB 17.06 21:28:29,377| DISPATCHER: Leite Befehl {send,600} an meinen Worker weiter...
GGT(234_2)@FloUB 17.06 21:28:34,361| Mi NICHT geaendert! (ist und bleibt: 900)
GGT(234_2)@FloUB 17.06 21:28:34,361| Send erhalten Y:600
GGT(234_2)@FloUB 17.06 21:28:34,361| ALGO: ((900 -1) mod 600) +1     --    (TTW: 5 Sekunden)
GGT(234_2)@FloUB 17.06 21:28:34,392| DISPATCHER: Leite Befehl {send,300} an meinen Worker weiter...
GGT(234_2)@FloUB 17.06 21:28:39,377| informiere (brief_mi) Koordinator coordinatorFM ueber neuen Mi:300
GGT(234_2)@FloUB 17.06 21:28:39,377| Sende (send) Nachbarn '232_1' und '239_2' neuen Mi:300
GGT(234_2)@FloUB 17.06 21:28:39,377| Send erhalten Y:300
GGT(234_2)@FloUB 17.06 21:28:39,377| ALGO: ((300 -1) mod 300) +1     --    (TTW: 5 Sekunden)
GGT(234_2)@FloUB 17.06 21:28:44,392| Mi NICHT geaendert! (ist und bleibt: 300)
GGT(234_2)@FloUB 17.06 21:28:44,455| DISPATCHER: Leite Befehl {send,300} an meinen Worker weiter...
GGT(234_2)@FloUB 17.06 21:28:44,455| Send erhalten Y:300
GGT(234_2)@FloUB 17.06 21:28:44,455| ALGO: ((300 -1) mod 300) +1     --    (TTW: 5 Sekunden)
GGT(234_2)@FloUB 17.06 21:28:49,471| Mi NICHT geaendert! (ist und bleibt: 300)
GGT(234_2)@FloUB 17.06 21:28:54,580| DISPATCHER: Leite Befehl {vote,'233_1'} an meinen Worker weiter...
GGT(234_2)@FloUB 17.06 21:28:54,580| ### vote erhalten! Ich = '234_2'  Initiator = '233_1') ###
GGT(234_2)@FloUB 17.06 21:28:54,580| Leite Anfrage (vote) an den Linken Nachbarn '232_1' weiter (implizites Zustimmen)
GGT(234_2)@FloUB 17.06 21:28:54,580| DISPATCHER: Leite Befehl {vote,'236_1'} an meinen Worker weiter...
GGT(234_2)@FloUB 17.06 21:28:54,580| ### vote erhalten! Ich = '234_2'  Initiator = '236_1') ###
GGT(234_2)@FloUB 17.06 21:28:54,580| Leite Anfrage (vote) an den Linken Nachbarn '232_1' weiter (implizites Zustimmen)


GGT(234_2)@FloUB 17.06 21:31:45,080| ######################## 234_2 Status: KILLED :( ########################
