

GGT(238_2)@lab24.cpt.haw-hamburg.de 18.06 16:45:30,215| ######################## 238_2 Status: SETUP ########################


GGT(238_2)@lab24.cpt.haw-hamburg.de 18.06 16:45:30,215| ######################## 238_2 Status: INITIAL ########################
GGT(238_2)@lab24.cpt.haw-hamburg.de 18.06 16:45:30,215| REBIND
GGT(238_2)@lab24.cpt.haw-hamburg.de 18.06 16:45:30,216| CHECK_IN
GGT(238_2)@lab24.cpt.haw-hamburg.de 18.06 16:46:35,795| Nachbarn wurden mitgeteilt {L: '214_4' | R: '213_2'}
GGT(238_2)@lab24.cpt.haw-hamburg.de 18.06 16:46:35,795| DISPATCHER: Leite Befehl {rebind_res,ok} an meinen Worker weiter...


GGT(238_2)@lab24.cpt.haw-hamburg.de 18.06 16:46:35,795| ######################## 238_2 Status: PRE_PROCESS ########################
GGT(238_2)@lab24.cpt.haw-hamburg.de 18.06 16:46:53,437| DISPATCHER: Leite Befehl {set_pmi,16900} an meinen Worker weiter...
GGT(238_2)@lab24.cpt.haw-hamburg.de 18.06 16:46:53,438| Initial Mi wurde mitgeteilt. Mi:16900


GGT(238_2)@lab24.cpt.haw-hamburg.de 18.06 16:46:53,438| ######################## 238_2 Status: PROCESS ########################
GGT(238_2)@lab24.cpt.haw-hamburg.de 18.06 16:46:53,448| DISPATCHER: Leite Befehl {send,708457500} an meinen Worker weiter...
GGT(238_2)@lab24.cpt.haw-hamburg.de 18.06 16:46:53,449| Send erhalten Y:708457500
GGT(238_2)@lab24.cpt.haw-hamburg.de 18.06 16:46:53,449| ALGO: ((16900 -1) mod 708457500) +1     --    (TTW: 3 Sekunden)
GGT(238_2)@lab24.cpt.haw-hamburg.de 18.06 16:46:56,429| DISPATCHER: Leite Befehl {vote,'213_2'} an meinen Worker weiter...
GGT(238_2)@lab24.cpt.haw-hamburg.de 18.06 16:46:56,430| DISPATCHER: Leite Befehl {vote,'212_4'} an meinen Worker weiter...
GGT(238_2)@lab24.cpt.haw-hamburg.de 18.06 16:46:56,430| DISPATCHER: Leite Befehl {vote,'214_3'} an meinen Worker weiter...
GGT(238_2)@lab24.cpt.haw-hamburg.de 18.06 16:46:56,438| DISPATCHER: Leite Befehl {vote,'234_2'} an meinen Worker weiter...
GGT(238_2)@lab24.cpt.haw-hamburg.de 18.06 16:46:56,442| DISPATCHER: Leite Befehl {vote,'2410_1'} an meinen Worker weiter...
GGT(238_2)@lab24.cpt.haw-hamburg.de 18.06 16:46:56,443| DISPATCHER: Leite Befehl {vote,'243_1'} an meinen Worker weiter...
GGT(238_2)@lab24.cpt.haw-hamburg.de 18.06 16:46:56,448| DISPATCHER: Leite Befehl {vote,'242_1'} an meinen Worker weiter...
GGT(238_2)@lab24.cpt.haw-hamburg.de 18.06 16:46:56,450| Mi NICHT geaendert! (ist und bleibt: 16900)
GGT(238_2)@lab24.cpt.haw-hamburg.de 18.06 16:46:56,451| ### vote erhalten! Ich = '238_2'  Initiator = '213_2') ###
GGT(238_2)@lab24.cpt.haw-hamburg.de 18.06 16:46:56,452| implizit abgelehnt
GGT(238_2)@lab24.cpt.haw-hamburg.de 18.06 16:46:56,454| ### vote erhalten! Ich = '238_2'  Initiator = '212_4') ###
GGT(238_2)@lab24.cpt.haw-hamburg.de 18.06 16:46:56,454| Leite Anfrage (vote) an den Linken Nachbarn '214_4' weiter (implizites Zustimmen)
GGT(238_2)@lab24.cpt.haw-hamburg.de 18.06 16:46:56,456| ### vote erhalten! Ich = '238_2'  Initiator = '214_3') ###
GGT(238_2)@lab24.cpt.haw-hamburg.de 18.06 16:46:56,457| Leite Anfrage (vote) an den Linken Nachbarn '214_4' weiter (implizites Zustimmen)
GGT(238_2)@lab24.cpt.haw-hamburg.de 18.06 16:46:56,459| TTT Timer ist abgelaufen. Informiere meine linken Nachbarn ('214_4') ueber vote
GGT(238_2)@lab24.cpt.haw-hamburg.de 18.06 16:46:56,460| ### vote erhalten! Ich = '238_2'  Initiator = '234_2') ###
GGT(238_2)@lab24.cpt.haw-hamburg.de 18.06 16:46:56,460| Leite Anfrage (vote) an den Linken Nachbarn '214_4' weiter (implizites Zustimmen)
GGT(238_2)@lab24.cpt.haw-hamburg.de 18.06 16:46:56,461| DISPATCHER: Leite Befehl {vote,'217_1'} an meinen Worker weiter...
GGT(238_2)@lab24.cpt.haw-hamburg.de 18.06 16:46:56,461| ### vote erhalten! Ich = '238_2'  Initiator = '2410_1') ###
GGT(238_2)@lab24.cpt.haw-hamburg.de 18.06 16:46:56,461| Leite Anfrage (vote) an den Linken Nachbarn '214_4' weiter (implizites Zustimmen)
GGT(238_2)@lab24.cpt.haw-hamburg.de 18.06 16:46:56,462| ### vote erhalten! Ich = '238_2'  Initiator = '243_1') ###
GGT(238_2)@lab24.cpt.haw-hamburg.de 18.06 16:46:56,462| Leite Anfrage (vote) an den Linken Nachbarn '214_4' weiter (implizites Zustimmen)
GGT(238_2)@lab24.cpt.haw-hamburg.de 18.06 16:46:56,465| ### vote erhalten! Ich = '238_2'  Initiator = '242_1') ###
GGT(238_2)@lab24.cpt.haw-hamburg.de 18.06 16:46:56,465| Leite Anfrage (vote) an den Linken Nachbarn '214_4' weiter (implizites Zustimmen)
GGT(238_2)@lab24.cpt.haw-hamburg.de 18.06 16:46:56,468| DISPATCHER: Leite Befehl {vote,'236_1'} an meinen Worker weiter...
GGT(238_2)@lab24.cpt.haw-hamburg.de 18.06 16:46:56,468| DISPATCHER: Leite Befehl {vote,'2410_3'} an meinen Worker weiter...
GGT(238_2)@lab24.cpt.haw-hamburg.de 18.06 16:46:56,468| ### vote erhalten! Ich = '238_2'  Initiator = '217_1') ###
GGT(238_2)@lab24.cpt.haw-hamburg.de 18.06 16:46:56,469| Leite Anfrage (vote) an den Linken Nachbarn '214_4' weiter (implizites Zustimmen)
GGT(238_2)@lab24.cpt.haw-hamburg.de 18.06 16:46:56,469| DISPATCHER: Leite Befehl {vote,'215_2'} an meinen Worker weiter...
GGT(238_2)@lab24.cpt.haw-hamburg.de 18.06 16:46:56,470| DISPATCHER: Leite Befehl {vote,'243_3'} an meinen Worker weiter...
GGT(238_2)@lab24.cpt.haw-hamburg.de 18.06 16:46:56,470| ### vote erhalten! Ich = '238_2'  Initiator = '236_1') ###
GGT(238_2)@lab24.cpt.haw-hamburg.de 18.06 16:46:56,471| Leite Anfrage (vote) an den Linken Nachbarn '214_4' weiter (implizites Zustimmen)
GGT(238_2)@lab24.cpt.haw-hamburg.de 18.06 16:46:56,473| ### vote erhalten! Ich = '238_2'  Initiator = '2410_3') ###
GGT(238_2)@lab24.cpt.haw-hamburg.de 18.06 16:46:56,473| Leite Anfrage (vote) an den Linken Nachbarn '214_4' weiter (implizites Zustimmen)
GGT(238_2)@lab24.cpt.haw-hamburg.de 18.06 16:46:56,474| ### vote erhalten! Ich = '238_2'  Initiator = '215_2') ###
GGT(238_2)@lab24.cpt.haw-hamburg.de 18.06 16:46:56,474| Leite Anfrage (vote) an den Linken Nachbarn '214_4' weiter (implizites Zustimmen)
GGT(238_2)@lab24.cpt.haw-hamburg.de 18.06 16:46:56,475| ### vote erhalten! Ich = '238_2'  Initiator = '243_3') ###
GGT(238_2)@lab24.cpt.haw-hamburg.de 18.06 16:46:56,475| Leite Anfrage (vote) an den Linken Nachbarn '214_4' weiter (implizites Zustimmen)
GGT(238_2)@lab24.cpt.haw-hamburg.de 18.06 16:46:56,476| DISPATCHER: Leite Befehl {vote,'243_2'} an meinen Worker weiter...
GGT(238_2)@lab24.cpt.haw-hamburg.de 18.06 16:46:56,477| ### vote erhalten! Ich = '238_2'  Initiator = '243_2') ###
GGT(238_2)@lab24.cpt.haw-hamburg.de 18.06 16:46:56,477| Leite Anfrage (vote) an den Linken Nachbarn '214_4' weiter (implizites Zustimmen)
GGT(238_2)@lab24.cpt.haw-hamburg.de 18.06 16:46:56,477| DISPATCHER: Leite Befehl {vote,'244_4'} an meinen Worker weiter...
GGT(238_2)@lab24.cpt.haw-hamburg.de 18.06 16:46:56,478| DISPATCHER: Leite Befehl {vote,'246_4'} an meinen Worker weiter...
GGT(238_2)@lab24.cpt.haw-hamburg.de 18.06 16:46:56,478| ### vote erhalten! Ich = '238_2'  Initiator = '244_4') ###
GGT(238_2)@lab24.cpt.haw-hamburg.de 18.06 16:46:56,478| Leite Anfrage (vote) an den Linken Nachbarn '214_4' weiter (implizites Zustimmen)
GGT(238_2)@lab24.cpt.haw-hamburg.de 18.06 16:46:56,479| ### vote erhalten! Ich = '238_2'  Initiator = '246_4') ###
GGT(238_2)@lab24.cpt.haw-hamburg.de 18.06 16:46:56,479| Leite Anfrage (vote) an den Linken Nachbarn '214_4' weiter (implizites Zustimmen)
GGT(238_2)@lab24.cpt.haw-hamburg.de 18.06 16:46:59,455| DISPATCHER: Leite Befehl {vote,'247_4'} an meinen Worker weiter...
GGT(238_2)@lab24.cpt.haw-hamburg.de 18.06 16:46:59,455| ### vote erhalten! Ich = '238_2'  Initiator = '247_4') ###
GGT(238_2)@lab24.cpt.haw-hamburg.de 18.06 16:46:59,455| Leite Anfrage (vote) an den Linken Nachbarn '214_4' weiter (implizites Zustimmen)
GGT(238_2)@lab24.cpt.haw-hamburg.de 18.06 16:46:59,458| DISPATCHER: Leite Befehl {vote,'248_4'} an meinen Worker weiter...
GGT(238_2)@lab24.cpt.haw-hamburg.de 18.06 16:46:59,458| ### vote erhalten! Ich = '238_2'  Initiator = '248_4') ###
GGT(238_2)@lab24.cpt.haw-hamburg.de 18.06 16:46:59,458| Leite Anfrage (vote) an den Linken Nachbarn '214_4' weiter (implizites Zustimmen)
GGT(238_2)@lab24.cpt.haw-hamburg.de 18.06 16:46:59,466| DISPATCHER: Leite Befehl {vote,'213_1'} an meinen Worker weiter...
GGT(238_2)@lab24.cpt.haw-hamburg.de 18.06 16:46:59,467| ### vote erhalten! Ich = '238_2'  Initiator = '213_1') ###
GGT(238_2)@lab24.cpt.haw-hamburg.de 18.06 16:46:59,467| Leite Anfrage (vote) an den Linken Nachbarn '214_4' weiter (implizites Zustimmen)
GGT(238_2)@lab24.cpt.haw-hamburg.de 18.06 16:47:02,467| DISPATCHER: Leite Befehl {vote,'243_2'} an meinen Worker weiter...
GGT(238_2)@lab24.cpt.haw-hamburg.de 18.06 16:47:02,467| ### vote erhalten! Ich = '238_2'  Initiator = '243_2') ###
GGT(238_2)@lab24.cpt.haw-hamburg.de 18.06 16:47:02,467| Leite Anfrage (vote) an den Linken Nachbarn '214_4' weiter (implizites Zustimmen)
GGT(238_2)@lab24.cpt.haw-hamburg.de 18.06 16:47:59,486| DISPATCHER: Leite Befehl {send,100} an meinen Worker weiter...
GGT(238_2)@lab24.cpt.haw-hamburg.de 18.06 16:47:59,486| Send erhalten Y:100
GGT(238_2)@lab24.cpt.haw-hamburg.de 18.06 16:47:59,487| ALGO: ((16900 -1) mod 100) +1     --    (TTW: 3 Sekunden)
GGT(238_2)@lab24.cpt.haw-hamburg.de 18.06 16:48:02,487| DISPATCHER: Leite Befehl {vote,'213_2'} an meinen Worker weiter...
GGT(238_2)@lab24.cpt.haw-hamburg.de 18.06 16:48:02,488| informiere (brief_mi) Koordinator coordinator ueber neuen Mi:100
GGT(238_2)@lab24.cpt.haw-hamburg.de 18.06 16:48:02,489| Sende (send) Nachbarn '214_4' und '213_2' neuen Mi:100
GGT(238_2)@lab24.cpt.haw-hamburg.de 18.06 16:48:02,489| DISPATCHER: Leite Befehl {vote,'243_1'} an meinen Worker weiter...
GGT(238_2)@lab24.cpt.haw-hamburg.de 18.06 16:48:02,490| DISPATCHER: Leite Befehl {vote,'214_3'} an meinen Worker weiter...
GGT(238_2)@lab24.cpt.haw-hamburg.de 18.06 16:48:02,490| DISPATCHER: Leite Befehl {vote,'245_4'} an meinen Worker weiter...
GGT(238_2)@lab24.cpt.haw-hamburg.de 18.06 16:48:02,490| ### vote erhalten! Ich = '238_2'  Initiator = '213_2') ###
GGT(238_2)@lab24.cpt.haw-hamburg.de 18.06 16:48:02,490| Leite Anfrage (vote) an den Linken Nachbarn '214_4' weiter (implizites Zustimmen)
GGT(238_2)@lab24.cpt.haw-hamburg.de 18.06 16:48:02,491| ### vote erhalten! Ich = '238_2'  Initiator = '243_1') ###
GGT(238_2)@lab24.cpt.haw-hamburg.de 18.06 16:48:02,491| Leite Anfrage (vote) an den Linken Nachbarn '214_4' weiter (implizites Zustimmen)
GGT(238_2)@lab24.cpt.haw-hamburg.de 18.06 16:48:02,492| ### vote erhalten! Ich = '238_2'  Initiator = '214_3') ###
GGT(238_2)@lab24.cpt.haw-hamburg.de 18.06 16:48:02,492| Leite Anfrage (vote) an den Linken Nachbarn '214_4' weiter (implizites Zustimmen)
GGT(238_2)@lab24.cpt.haw-hamburg.de 18.06 16:48:02,493| ### vote erhalten! Ich = '238_2'  Initiator = '245_4') ###
GGT(238_2)@lab24.cpt.haw-hamburg.de 18.06 16:48:02,493| Leite Anfrage (vote) an den Linken Nachbarn '214_4' weiter (implizites Zustimmen)
GGT(238_2)@lab24.cpt.haw-hamburg.de 18.06 16:48:05,491| DISPATCHER: Leite Befehl {send,100} an meinen Worker weiter...
GGT(238_2)@lab24.cpt.haw-hamburg.de 18.06 16:48:05,491| DISPATCHER: Leite Befehl {vote,'213_2'} an meinen Worker weiter...
GGT(238_2)@lab24.cpt.haw-hamburg.de 18.06 16:48:05,491| Send erhalten Y:100
GGT(238_2)@lab24.cpt.haw-hamburg.de 18.06 16:48:05,491| ALGO: ((100 -1) mod 100) +1     --    (TTW: 3 Sekunden)
GGT(238_2)@lab24.cpt.haw-hamburg.de 18.06 16:48:05,492| DISPATCHER: Leite Befehl {vote,'243_1'} an meinen Worker weiter...
GGT(238_2)@lab24.cpt.haw-hamburg.de 18.06 16:48:08,492| Mi NICHT geaendert! (ist und bleibt: 100)
GGT(238_2)@lab24.cpt.haw-hamburg.de 18.06 16:48:08,493| ### vote erhalten! Ich = '238_2'  Initiator = '213_2') ###
GGT(238_2)@lab24.cpt.haw-hamburg.de 18.06 16:48:08,493| implizit abgelehnt
GGT(238_2)@lab24.cpt.haw-hamburg.de 18.06 16:48:08,493| ### vote erhalten! Ich = '238_2'  Initiator = '243_1') ###
GGT(238_2)@lab24.cpt.haw-hamburg.de 18.06 16:48:08,493| implizit abgelehnt
GGT(238_2)@lab24.cpt.haw-hamburg.de 18.06 16:48:08,526| DISPATCHER: Leite Befehl {vote,'248_3'} an meinen Worker weiter...
GGT(238_2)@lab24.cpt.haw-hamburg.de 18.06 16:48:08,527| ### vote erhalten! Ich = '238_2'  Initiator = '248_3') ###
GGT(238_2)@lab24.cpt.haw-hamburg.de 18.06 16:48:08,527| Leite Anfrage (vote) an den Linken Nachbarn '214_4' weiter (implizites Zustimmen)
GGT(238_2)@lab24.cpt.haw-hamburg.de 18.06 16:48:08,529| DISPATCHER: Leite Befehl {vote,'239_1'} an meinen Worker weiter...
GGT(238_2)@lab24.cpt.haw-hamburg.de 18.06 16:48:08,530| DISPATCHER: Leite Befehl {vote,'246_3'} an meinen Worker weiter...
GGT(238_2)@lab24.cpt.haw-hamburg.de 18.06 16:48:08,530| ### vote erhalten! Ich = '238_2'  Initiator = '239_1') ###
GGT(238_2)@lab24.cpt.haw-hamburg.de 18.06 16:48:08,530| Leite Anfrage (vote) an den Linken Nachbarn '214_4' weiter (implizites Zustimmen)
GGT(238_2)@lab24.cpt.haw-hamburg.de 18.06 16:48:08,531| ### vote erhalten! Ich = '238_2'  Initiator = '246_3') ###
GGT(238_2)@lab24.cpt.haw-hamburg.de 18.06 16:48:08,531| Leite Anfrage (vote) an den Linken Nachbarn '214_4' weiter (implizites Zustimmen)
GGT(238_2)@lab24.cpt.haw-hamburg.de 18.06 16:48:08,533| DISPATCHER: Leite Befehl {vote,'242_3'} an meinen Worker weiter...
GGT(238_2)@lab24.cpt.haw-hamburg.de 18.06 16:48:08,534| ### vote erhalten! Ich = '238_2'  Initiator = '242_3') ###
GGT(238_2)@lab24.cpt.haw-hamburg.de 18.06 16:48:08,534| Leite Anfrage (vote) an den Linken Nachbarn '214_4' weiter (implizites Zustimmen)
GGT(238_2)@lab24.cpt.haw-hamburg.de 18.06 16:48:08,536| DISPATCHER: Leite Befehl {vote,'242_3'} an meinen Worker weiter...
GGT(238_2)@lab24.cpt.haw-hamburg.de 18.06 16:48:08,536| ### vote erhalten! Ich = '238_2'  Initiator = '242_3') ###
GGT(238_2)@lab24.cpt.haw-hamburg.de 18.06 16:48:08,536| Leite Anfrage (vote) an den Linken Nachbarn '214_4' weiter (implizites Zustimmen)
GGT(238_2)@lab24.cpt.haw-hamburg.de 18.06 16:48:08,540| DISPATCHER: Leite Befehl {vote,'239_1'} an meinen Worker weiter...
GGT(238_2)@lab24.cpt.haw-hamburg.de 18.06 16:48:08,541| DISPATCHER: Leite Befehl {vote,'249_1'} an meinen Worker weiter...
GGT(238_2)@lab24.cpt.haw-hamburg.de 18.06 16:48:08,541| ### vote erhalten! Ich = '238_2'  Initiator = '239_1') ###
GGT(238_2)@lab24.cpt.haw-hamburg.de 18.06 16:48:08,541| Leite Anfrage (vote) an den Linken Nachbarn '214_4' weiter (implizites Zustimmen)
GGT(238_2)@lab24.cpt.haw-hamburg.de 18.06 16:48:08,541| DISPATCHER: Leite Befehl {vote,'242_3'} an meinen Worker weiter...
GGT(238_2)@lab24.cpt.haw-hamburg.de 18.06 16:48:08,542| ### vote erhalten! Ich = '238_2'  Initiator = '249_1') ###
GGT(238_2)@lab24.cpt.haw-hamburg.de 18.06 16:48:08,542| Leite Anfrage (vote) an den Linken Nachbarn '214_4' weiter (implizites Zustimmen)
GGT(238_2)@lab24.cpt.haw-hamburg.de 18.06 16:48:08,544| DISPATCHER: Leite Befehl {vote,'246_3'} an meinen Worker weiter...
GGT(238_2)@lab24.cpt.haw-hamburg.de 18.06 16:48:08,544| ### vote erhalten! Ich = '238_2'  Initiator = '242_3') ###
GGT(238_2)@lab24.cpt.haw-hamburg.de 18.06 16:48:08,544| Leite Anfrage (vote) an den Linken Nachbarn '214_4' weiter (implizites Zustimmen)
GGT(238_2)@lab24.cpt.haw-hamburg.de 18.06 16:48:08,545| ### vote erhalten! Ich = '238_2'  Initiator = '246_3') ###
GGT(238_2)@lab24.cpt.haw-hamburg.de 18.06 16:48:08,545| Leite Anfrage (vote) an den Linken Nachbarn '214_4' weiter (implizites Zustimmen)
GGT(238_2)@lab24.cpt.haw-hamburg.de 18.06 16:48:08,545| DISPATCHER: Leite Befehl {vote,'2110_2'} an meinen Worker weiter...
GGT(238_2)@lab24.cpt.haw-hamburg.de 18.06 16:48:08,546| ### vote erhalten! Ich = '238_2'  Initiator = '2110_2') ###
GGT(238_2)@lab24.cpt.haw-hamburg.de 18.06 16:48:08,546| Leite Anfrage (vote) an den Linken Nachbarn '214_4' weiter (implizites Zustimmen)
GGT(238_2)@lab24.cpt.haw-hamburg.de 18.06 16:48:08,546| DISPATCHER: Leite Befehl {vote,'249_1'} an meinen Worker weiter...
GGT(238_2)@lab24.cpt.haw-hamburg.de 18.06 16:48:08,547| ### vote erhalten! Ich = '238_2'  Initiator = '249_1') ###
GGT(238_2)@lab24.cpt.haw-hamburg.de 18.06 16:48:08,547| Leite Anfrage (vote) an den Linken Nachbarn '214_4' weiter (implizites Zustimmen)
GGT(238_2)@lab24.cpt.haw-hamburg.de 18.06 16:48:08,547| DISPATCHER: Leite Befehl {vote,'246_3'} an meinen Worker weiter...
GGT(238_2)@lab24.cpt.haw-hamburg.de 18.06 16:48:08,548| ### vote erhalten! Ich = '238_2'  Initiator = '246_3') ###
GGT(238_2)@lab24.cpt.haw-hamburg.de 18.06 16:48:08,548| Leite Anfrage (vote) an den Linken Nachbarn '214_4' weiter (implizites Zustimmen)
GGT(238_2)@lab24.cpt.haw-hamburg.de 18.06 16:48:08,548| DISPATCHER: Leite Befehl {vote,'246_3'} an meinen Worker weiter...
GGT(238_2)@lab24.cpt.haw-hamburg.de 18.06 16:48:08,548| DISPATCHER: Leite Befehl {vote,'246_3'} an meinen Worker weiter...
GGT(238_2)@lab24.cpt.haw-hamburg.de 18.06 16:48:08,549| ### vote erhalten! Ich = '238_2'  Initiator = '246_3') ###
GGT(238_2)@lab24.cpt.haw-hamburg.de 18.06 16:48:08,549| Leite Anfrage (vote) an den Linken Nachbarn '214_4' weiter (implizites Zustimmen)
GGT(238_2)@lab24.cpt.haw-hamburg.de 18.06 16:48:08,550| ### vote erhalten! Ich = '238_2'  Initiator = '246_3') ###
GGT(238_2)@lab24.cpt.haw-hamburg.de 18.06 16:48:08,550| Leite Anfrage (vote) an den Linken Nachbarn '214_4' weiter (implizites Zustimmen)
GGT(238_2)@lab24.cpt.haw-hamburg.de 18.06 16:48:11,536| DISPATCHER: Leite Befehl {vote,'242_3'} an meinen Worker weiter...
GGT(238_2)@lab24.cpt.haw-hamburg.de 18.06 16:48:11,538| ### vote erhalten! Ich = '238_2'  Initiator = '242_3') ###
GGT(238_2)@lab24.cpt.haw-hamburg.de 18.06 16:48:11,538| Leite Anfrage (vote) an den Linken Nachbarn '214_4' weiter (implizites Zustimmen)
GGT(238_2)@lab24.cpt.haw-hamburg.de 18.06 16:48:11,541| DISPATCHER: Leite Befehl {vote,'2110_2'} an meinen Worker weiter...
GGT(238_2)@lab24.cpt.haw-hamburg.de 18.06 16:48:11,542| ### vote erhalten! Ich = '238_2'  Initiator = '2110_2') ###
GGT(238_2)@lab24.cpt.haw-hamburg.de 18.06 16:48:11,542| Leite Anfrage (vote) an den Linken Nachbarn '214_4' weiter (implizites Zustimmen)
GGT(238_2)@lab24.cpt.haw-hamburg.de 18.06 16:48:11,548| DISPATCHER: Leite Befehl {vote,'246_3'} an meinen Worker weiter...
GGT(238_2)@lab24.cpt.haw-hamburg.de 18.06 16:48:11,549| ### vote erhalten! Ich = '238_2'  Initiator = '246_3') ###
GGT(238_2)@lab24.cpt.haw-hamburg.de 18.06 16:48:11,549| Leite Anfrage (vote) an den Linken Nachbarn '214_4' weiter (implizites Zustimmen)
GGT(238_2)@lab24.cpt.haw-hamburg.de 18.06 16:48:11,551| DISPATCHER: Leite Befehl {vote,'249_1'} an meinen Worker weiter...
GGT(238_2)@lab24.cpt.haw-hamburg.de 18.06 16:48:11,552| ### vote erhalten! Ich = '238_2'  Initiator = '249_1') ###
GGT(238_2)@lab24.cpt.haw-hamburg.de 18.06 16:48:11,552| Leite Anfrage (vote) an den Linken Nachbarn '214_4' weiter (implizites Zustimmen)
GGT(238_2)@lab24.cpt.haw-hamburg.de 18.06 16:48:11,554| DISPATCHER: Leite Befehl {vote,'2410_4'} an meinen Worker weiter...
GGT(238_2)@lab24.cpt.haw-hamburg.de 18.06 16:48:11,555| ### vote erhalten! Ich = '238_2'  Initiator = '2410_4') ###
GGT(238_2)@lab24.cpt.haw-hamburg.de 18.06 16:48:11,555| Leite Anfrage (vote) an den Linken Nachbarn '214_4' weiter (implizites Zustimmen)
GGT(238_2)@lab24.cpt.haw-hamburg.de 18.06 16:48:11,555| DISPATCHER: Leite Befehl {vote,'216_2'} an meinen Worker weiter...
GGT(238_2)@lab24.cpt.haw-hamburg.de 18.06 16:48:11,557| ### vote erhalten! Ich = '238_2'  Initiator = '216_2') ###
GGT(238_2)@lab24.cpt.haw-hamburg.de 18.06 16:48:11,558| Leite Anfrage (vote) an den Linken Nachbarn '214_4' weiter (implizites Zustimmen)
GGT(238_2)@lab24.cpt.haw-hamburg.de 18.06 16:48:11,559| DISPATCHER: Leite Befehl {vote,'212_2'} an meinen Worker weiter...
GGT(238_2)@lab24.cpt.haw-hamburg.de 18.06 16:48:11,560| ### vote erhalten! Ich = '238_2'  Initiator = '212_2') ###
GGT(238_2)@lab24.cpt.haw-hamburg.de 18.06 16:48:11,560| Leite Anfrage (vote) an den Linken Nachbarn '214_4' weiter (implizites Zustimmen)
GGT(238_2)@lab24.cpt.haw-hamburg.de 18.06 16:48:11,562| DISPATCHER: Leite Befehl {vote,'2410_4'} an meinen Worker weiter...
GGT(238_2)@lab24.cpt.haw-hamburg.de 18.06 16:48:11,564| ### vote erhalten! Ich = '238_2'  Initiator = '2410_4') ###
GGT(238_2)@lab24.cpt.haw-hamburg.de 18.06 16:48:11,564| Leite Anfrage (vote) an den Linken Nachbarn '214_4' weiter (implizites Zustimmen)
GGT(238_2)@lab24.cpt.haw-hamburg.de 18.06 16:48:11,566| DISPATCHER: Leite Befehl {vote,'249_1'} an meinen Worker weiter...
GGT(238_2)@lab24.cpt.haw-hamburg.de 18.06 16:48:11,567| DISPATCHER: Leite Befehl {vote,'242_4'} an meinen Worker weiter...
GGT(238_2)@lab24.cpt.haw-hamburg.de 18.06 16:48:11,568| ### vote erhalten! Ich = '238_2'  Initiator = '249_1') ###
GGT(238_2)@lab24.cpt.haw-hamburg.de 18.06 16:48:11,568| Leite Anfrage (vote) an den Linken Nachbarn '214_4' weiter (implizites Zustimmen)
GGT(238_2)@lab24.cpt.haw-hamburg.de 18.06 16:48:11,570| DISPATCHER: Leite Befehl {vote,'241_3'} an meinen Worker weiter...
GGT(238_2)@lab24.cpt.haw-hamburg.de 18.06 16:48:11,570| ### vote erhalten! Ich = '238_2'  Initiator = '242_4') ###
GGT(238_2)@lab24.cpt.haw-hamburg.de 18.06 16:48:11,570| Leite Anfrage (vote) an den Linken Nachbarn '214_4' weiter (implizites Zustimmen)
GGT(238_2)@lab24.cpt.haw-hamburg.de 18.06 16:48:11,573| DISPATCHER: Leite Befehl {vote,'219_1'} an meinen Worker weiter...
GGT(238_2)@lab24.cpt.haw-hamburg.de 18.06 16:48:11,574| ### vote erhalten! Ich = '238_2'  Initiator = '241_3') ###
GGT(238_2)@lab24.cpt.haw-hamburg.de 18.06 16:48:11,574| Leite Anfrage (vote) an den Linken Nachbarn '214_4' weiter (implizites Zustimmen)
GGT(238_2)@lab24.cpt.haw-hamburg.de 18.06 16:48:11,574| DISPATCHER: Leite Befehl {vote,'242_4'} an meinen Worker weiter...
GGT(238_2)@lab24.cpt.haw-hamburg.de 18.06 16:48:11,576| ### vote erhalten! Ich = '238_2'  Initiator = '219_1') ###
GGT(238_2)@lab24.cpt.haw-hamburg.de 18.06 16:48:11,576| Leite Anfrage (vote) an den Linken Nachbarn '214_4' weiter (implizites Zustimmen)
GGT(238_2)@lab24.cpt.haw-hamburg.de 18.06 16:48:11,578| DISPATCHER: Leite Befehl {vote,'212_3'} an meinen Worker weiter...
GGT(238_2)@lab24.cpt.haw-hamburg.de 18.06 16:48:11,578| ### vote erhalten! Ich = '238_2'  Initiator = '242_4') ###
GGT(238_2)@lab24.cpt.haw-hamburg.de 18.06 16:48:11,578| Leite Anfrage (vote) an den Linken Nachbarn '214_4' weiter (implizites Zustimmen)
GGT(238_2)@lab24.cpt.haw-hamburg.de 18.06 16:48:11,579| DISPATCHER: Leite Befehl {vote,'245_2'} an meinen Worker weiter...
GGT(238_2)@lab24.cpt.haw-hamburg.de 18.06 16:48:11,580| ### vote erhalten! Ich = '238_2'  Initiator = '212_3') ###
GGT(238_2)@lab24.cpt.haw-hamburg.de 18.06 16:48:11,580| Leite Anfrage (vote) an den Linken Nachbarn '214_4' weiter (implizites Zustimmen)
GGT(238_2)@lab24.cpt.haw-hamburg.de 18.06 16:48:11,583| ### vote erhalten! Ich = '238_2'  Initiator = '245_2') ###
GGT(238_2)@lab24.cpt.haw-hamburg.de 18.06 16:48:11,583| Leite Anfrage (vote) an den Linken Nachbarn '214_4' weiter (implizites Zustimmen)
GGT(238_2)@lab24.cpt.haw-hamburg.de 18.06 16:48:11,583| DISPATCHER: Leite Befehl {vote,'2410_4'} an meinen Worker weiter...
GGT(238_2)@lab24.cpt.haw-hamburg.de 18.06 16:48:11,585| DISPATCHER: Leite Befehl {vote,'241_3'} an meinen Worker weiter...
GGT(238_2)@lab24.cpt.haw-hamburg.de 18.06 16:48:11,585| ### vote erhalten! Ich = '238_2'  Initiator = '2410_4') ###
GGT(238_2)@lab24.cpt.haw-hamburg.de 18.06 16:48:11,585| Leite Anfrage (vote) an den Linken Nachbarn '214_4' weiter (implizites Zustimmen)
GGT(238_2)@lab24.cpt.haw-hamburg.de 18.06 16:48:11,587| ### vote erhalten! Ich = '238_2'  Initiator = '241_3') ###
GGT(238_2)@lab24.cpt.haw-hamburg.de 18.06 16:48:11,587| Leite Anfrage (vote) an den Linken Nachbarn '214_4' weiter (implizites Zustimmen)
GGT(238_2)@lab24.cpt.haw-hamburg.de 18.06 16:48:11,588| DISPATCHER: Leite Befehl {vote,'241_3'} an meinen Worker weiter...
GGT(238_2)@lab24.cpt.haw-hamburg.de 18.06 16:48:11,589| DISPATCHER: Leite Befehl {vote,'219_1'} an meinen Worker weiter...
GGT(238_2)@lab24.cpt.haw-hamburg.de 18.06 16:48:11,589| ### vote erhalten! Ich = '238_2'  Initiator = '241_3') ###
GGT(238_2)@lab24.cpt.haw-hamburg.de 18.06 16:48:11,589| Leite Anfrage (vote) an den Linken Nachbarn '214_4' weiter (implizites Zustimmen)
GGT(238_2)@lab24.cpt.haw-hamburg.de 18.06 16:48:11,591| ### vote erhalten! Ich = '238_2'  Initiator = '219_1') ###
GGT(238_2)@lab24.cpt.haw-hamburg.de 18.06 16:48:11,591| Leite Anfrage (vote) an den Linken Nachbarn '214_4' weiter (implizites Zustimmen)
GGT(238_2)@lab24.cpt.haw-hamburg.de 18.06 16:48:11,595| DISPATCHER: Leite Befehl {vote,'247_3'} an meinen Worker weiter...
GGT(238_2)@lab24.cpt.haw-hamburg.de 18.06 16:48:11,596| ### vote erhalten! Ich = '238_2'  Initiator = '247_3') ###
GGT(238_2)@lab24.cpt.haw-hamburg.de 18.06 16:48:11,596| Leite Anfrage (vote) an den Linken Nachbarn '214_4' weiter (implizites Zustimmen)
GGT(238_2)@lab24.cpt.haw-hamburg.de 18.06 16:48:11,602| DISPATCHER: Leite Befehl {vote,'245_1'} an meinen Worker weiter...
GGT(238_2)@lab24.cpt.haw-hamburg.de 18.06 16:48:11,603| DISPATCHER: Leite Befehl {vote,'241_3'} an meinen Worker weiter...
GGT(238_2)@lab24.cpt.haw-hamburg.de 18.06 16:48:11,605| ### vote erhalten! Ich = '238_2'  Initiator = '245_1') ###
GGT(238_2)@lab24.cpt.haw-hamburg.de 18.06 16:48:11,605| Leite Anfrage (vote) an den Linken Nachbarn '214_4' weiter (implizites Zustimmen)
GGT(238_2)@lab24.cpt.haw-hamburg.de 18.06 16:48:11,606| DISPATCHER: Leite Befehl {vote,'245_1'} an meinen Worker weiter...
GGT(238_2)@lab24.cpt.haw-hamburg.de 18.06 16:48:11,606| ### vote erhalten! Ich = '238_2'  Initiator = '241_3') ###
GGT(238_2)@lab24.cpt.haw-hamburg.de 18.06 16:48:11,606| Leite Anfrage (vote) an den Linken Nachbarn '214_4' weiter (implizites Zustimmen)
GGT(238_2)@lab24.cpt.haw-hamburg.de 18.06 16:48:11,608| ### vote erhalten! Ich = '238_2'  Initiator = '245_1') ###
GGT(238_2)@lab24.cpt.haw-hamburg.de 18.06 16:48:11,608| Leite Anfrage (vote) an den Linken Nachbarn '214_4' weiter (implizites Zustimmen)
GGT(238_2)@lab24.cpt.haw-hamburg.de 18.06 16:48:11,609| DISPATCHER: Leite Befehl {vote,'247_3'} an meinen Worker weiter...
GGT(238_2)@lab24.cpt.haw-hamburg.de 18.06 16:48:11,610| ### vote erhalten! Ich = '238_2'  Initiator = '247_3') ###
GGT(238_2)@lab24.cpt.haw-hamburg.de 18.06 16:48:11,610| Leite Anfrage (vote) an den Linken Nachbarn '214_4' weiter (implizites Zustimmen)
GGT(238_2)@lab24.cpt.haw-hamburg.de 18.06 16:48:11,613| DISPATCHER: Leite Befehl {vote,'243_4'} an meinen Worker weiter...
GGT(238_2)@lab24.cpt.haw-hamburg.de 18.06 16:48:11,613| ### vote erhalten! Ich = '238_2'  Initiator = '243_4') ###
GGT(238_2)@lab24.cpt.haw-hamburg.de 18.06 16:48:11,613| Leite Anfrage (vote) an den Linken Nachbarn '214_4' weiter (implizites Zustimmen)
GGT(238_2)@lab24.cpt.haw-hamburg.de 18.06 16:48:11,614| DISPATCHER: Leite Befehl {vote,'219_4'} an meinen Worker weiter...
GGT(238_2)@lab24.cpt.haw-hamburg.de 18.06 16:48:11,617| DISPATCHER: Leite Befehl {vote,'243_4'} an meinen Worker weiter...
GGT(238_2)@lab24.cpt.haw-hamburg.de 18.06 16:48:11,617| ### vote erhalten! Ich = '238_2'  Initiator = '219_4') ###
GGT(238_2)@lab24.cpt.haw-hamburg.de 18.06 16:48:11,617| Leite Anfrage (vote) an den Linken Nachbarn '214_4' weiter (implizites Zustimmen)
GGT(238_2)@lab24.cpt.haw-hamburg.de 18.06 16:48:11,617| DISPATCHER: Leite Befehl {vote,'247_3'} an meinen Worker weiter...
GGT(238_2)@lab24.cpt.haw-hamburg.de 18.06 16:48:11,618| ### vote erhalten! Ich = '238_2'  Initiator = '243_4') ###
GGT(238_2)@lab24.cpt.haw-hamburg.de 18.06 16:48:11,618| Leite Anfrage (vote) an den Linken Nachbarn '214_4' weiter (implizites Zustimmen)
GGT(238_2)@lab24.cpt.haw-hamburg.de 18.06 16:48:11,619| DISPATCHER: Leite Befehl {vote,'241_3'} an meinen Worker weiter...
GGT(238_2)@lab24.cpt.haw-hamburg.de 18.06 16:48:11,620| ### vote erhalten! Ich = '238_2'  Initiator = '247_3') ###
GGT(238_2)@lab24.cpt.haw-hamburg.de 18.06 16:48:11,620| Leite Anfrage (vote) an den Linken Nachbarn '214_4' weiter (implizites Zustimmen)
GGT(238_2)@lab24.cpt.haw-hamburg.de 18.06 16:48:11,620| DISPATCHER: Leite Befehl {vote,'242_4'} an meinen Worker weiter...
GGT(238_2)@lab24.cpt.haw-hamburg.de 18.06 16:48:11,621| ### vote erhalten! Ich = '238_2'  Initiator = '241_3') ###
GGT(238_2)@lab24.cpt.haw-hamburg.de 18.06 16:48:11,621| Leite Anfrage (vote) an den Linken Nachbarn '214_4' weiter (implizites Zustimmen)
GGT(238_2)@lab24.cpt.haw-hamburg.de 18.06 16:48:11,623| ### vote erhalten! Ich = '238_2'  Initiator = '242_4') ###
GGT(238_2)@lab24.cpt.haw-hamburg.de 18.06 16:48:11,623| Leite Anfrage (vote) an den Linken Nachbarn '214_4' weiter (implizites Zustimmen)
GGT(238_2)@lab24.cpt.haw-hamburg.de 18.06 16:48:11,623| DISPATCHER: Leite Befehl {vote,'241_4'} an meinen Worker weiter...
GGT(238_2)@lab24.cpt.haw-hamburg.de 18.06 16:48:11,624| DISPATCHER: Leite Befehl {vote,'241_4'} an meinen Worker weiter...
GGT(238_2)@lab24.cpt.haw-hamburg.de 18.06 16:48:11,625| ### vote erhalten! Ich = '238_2'  Initiator = '241_4') ###
GGT(238_2)@lab24.cpt.haw-hamburg.de 18.06 16:48:11,625| Leite Anfrage (vote) an den Linken Nachbarn '214_4' weiter (implizites Zustimmen)
GGT(238_2)@lab24.cpt.haw-hamburg.de 18.06 16:48:11,626| ### vote erhalten! Ich = '238_2'  Initiator = '241_4') ###
GGT(238_2)@lab24.cpt.haw-hamburg.de 18.06 16:48:11,627| Leite Anfrage (vote) an den Linken Nachbarn '214_4' weiter (implizites Zustimmen)
GGT(238_2)@lab24.cpt.haw-hamburg.de 18.06 16:48:11,627| DISPATCHER: Leite Befehl {vote,'242_4'} an meinen Worker weiter...
GGT(238_2)@lab24.cpt.haw-hamburg.de 18.06 16:48:11,629| ### vote erhalten! Ich = '238_2'  Initiator = '242_4') ###
GGT(238_2)@lab24.cpt.haw-hamburg.de 18.06 16:48:11,629| Leite Anfrage (vote) an den Linken Nachbarn '214_4' weiter (implizites Zustimmen)
GGT(238_2)@lab24.cpt.haw-hamburg.de 18.06 16:48:11,630| DISPATCHER: Leite Befehl {vote,'247_1'} an meinen Worker weiter...
GGT(238_2)@lab24.cpt.haw-hamburg.de 18.06 16:48:11,631| DISPATCHER: Leite Befehl {vote,'247_3'} an meinen Worker weiter...
GGT(238_2)@lab24.cpt.haw-hamburg.de 18.06 16:48:11,631| ### vote erhalten! Ich = '238_2'  Initiator = '247_1') ###
GGT(238_2)@lab24.cpt.haw-hamburg.de 18.06 16:48:11,631| Leite Anfrage (vote) an den Linken Nachbarn '214_4' weiter (implizites Zustimmen)
GGT(238_2)@lab24.cpt.haw-hamburg.de 18.06 16:48:11,633| ### vote erhalten! Ich = '238_2'  Initiator = '247_3') ###
GGT(238_2)@lab24.cpt.haw-hamburg.de 18.06 16:48:11,633| Leite Anfrage (vote) an den Linken Nachbarn '214_4' weiter (implizites Zustimmen)
GGT(238_2)@lab24.cpt.haw-hamburg.de 18.06 16:48:11,633| DISPATCHER: Leite Befehl {vote,'241_3'} an meinen Worker weiter...
GGT(238_2)@lab24.cpt.haw-hamburg.de 18.06 16:48:11,635| ### vote erhalten! Ich = '238_2'  Initiator = '241_3') ###
GGT(238_2)@lab24.cpt.haw-hamburg.de 18.06 16:48:11,635| Leite Anfrage (vote) an den Linken Nachbarn '214_4' weiter (implizites Zustimmen)
GGT(238_2)@lab24.cpt.haw-hamburg.de 18.06 16:48:11,636| DISPATCHER: Leite Befehl {vote,'242_4'} an meinen Worker weiter...
GGT(238_2)@lab24.cpt.haw-hamburg.de 18.06 16:48:11,636| ### vote erhalten! Ich = '238_2'  Initiator = '242_4') ###
GGT(238_2)@lab24.cpt.haw-hamburg.de 18.06 16:48:11,636| Leite Anfrage (vote) an den Linken Nachbarn '214_4' weiter (implizites Zustimmen)
GGT(238_2)@lab24.cpt.haw-hamburg.de 18.06 16:48:11,637| DISPATCHER: Leite Befehl {vote,'243_4'} an meinen Worker weiter...
GGT(238_2)@lab24.cpt.haw-hamburg.de 18.06 16:48:11,638| DISPATCHER: Leite Befehl {vote,'243_4'} an meinen Worker weiter...
GGT(238_2)@lab24.cpt.haw-hamburg.de 18.06 16:48:11,638| DISPATCHER: Leite Befehl {vote,'241_3'} an meinen Worker weiter...
GGT(238_2)@lab24.cpt.haw-hamburg.de 18.06 16:48:11,639| ### vote erhalten! Ich = '238_2'  Initiator = '243_4') ###
GGT(238_2)@lab24.cpt.haw-hamburg.de 18.06 16:48:11,639| Leite Anfrage (vote) an den Linken Nachbarn '214_4' weiter (implizites Zustimmen)
GGT(238_2)@lab24.cpt.haw-hamburg.de 18.06 16:48:11,641| DISPATCHER: Leite Befehl {vote,'242_4'} an meinen Worker weiter...
GGT(238_2)@lab24.cpt.haw-hamburg.de 18.06 16:48:11,641| ### vote erhalten! Ich = '238_2'  Initiator = '243_4') ###
GGT(238_2)@lab24.cpt.haw-hamburg.de 18.06 16:48:11,641| Leite Anfrage (vote) an den Linken Nachbarn '214_4' weiter (implizites Zustimmen)
GGT(238_2)@lab24.cpt.haw-hamburg.de 18.06 16:48:11,642| ### vote erhalten! Ich = '238_2'  Initiator = '241_3') ###
GGT(238_2)@lab24.cpt.haw-hamburg.de 18.06 16:48:11,642| Leite Anfrage (vote) an den Linken Nachbarn '214_4' weiter (implizites Zustimmen)
GGT(238_2)@lab24.cpt.haw-hamburg.de 18.06 16:48:11,643| DISPATCHER: Leite Befehl {vote,'247_1'} an meinen Worker weiter...
GGT(238_2)@lab24.cpt.haw-hamburg.de 18.06 16:48:11,643| ### vote erhalten! Ich = '238_2'  Initiator = '242_4') ###
GGT(238_2)@lab24.cpt.haw-hamburg.de 18.06 16:48:11,643| Leite Anfrage (vote) an den Linken Nachbarn '214_4' weiter (implizites Zustimmen)
GGT(238_2)@lab24.cpt.haw-hamburg.de 18.06 16:48:11,644| DISPATCHER: Leite Befehl {vote,'243_4'} an meinen Worker weiter...
GGT(238_2)@lab24.cpt.haw-hamburg.de 18.06 16:48:11,645| ### vote erhalten! Ich = '238_2'  Initiator = '247_1') ###
GGT(238_2)@lab24.cpt.haw-hamburg.de 18.06 16:48:11,645| Leite Anfrage (vote) an den Linken Nachbarn '214_4' weiter (implizites Zustimmen)
GGT(238_2)@lab24.cpt.haw-hamburg.de 18.06 16:48:11,646| ### vote erhalten! Ich = '238_2'  Initiator = '243_4') ###
GGT(238_2)@lab24.cpt.haw-hamburg.de 18.06 16:48:11,646| Leite Anfrage (vote) an den Linken Nachbarn '214_4' weiter (implizites Zustimmen)
GGT(238_2)@lab24.cpt.haw-hamburg.de 18.06 16:48:11,646| DISPATCHER: Leite Befehl {vote,'243_4'} an meinen Worker weiter...
GGT(238_2)@lab24.cpt.haw-hamburg.de 18.06 16:48:11,647| DISPATCHER: Leite Befehl {vote,'242_2'} an meinen Worker weiter...
GGT(238_2)@lab24.cpt.haw-hamburg.de 18.06 16:48:11,648| ### vote erhalten! Ich = '238_2'  Initiator = '243_4') ###
GGT(238_2)@lab24.cpt.haw-hamburg.de 18.06 16:48:11,648| Leite Anfrage (vote) an den Linken Nachbarn '214_4' weiter (implizites Zustimmen)
GGT(238_2)@lab24.cpt.haw-hamburg.de 18.06 16:48:11,648| DISPATCHER: Leite Befehl {vote,'242_2'} an meinen Worker weiter...
GGT(238_2)@lab24.cpt.haw-hamburg.de 18.06 16:48:11,649| ### vote erhalten! Ich = '238_2'  Initiator = '242_2') ###
GGT(238_2)@lab24.cpt.haw-hamburg.de 18.06 16:48:11,649| Leite Anfrage (vote) an den Linken Nachbarn '214_4' weiter (implizites Zustimmen)
GGT(238_2)@lab24.cpt.haw-hamburg.de 18.06 16:48:11,650| ### vote erhalten! Ich = '238_2'  Initiator = '242_2') ###
GGT(238_2)@lab24.cpt.haw-hamburg.de 18.06 16:48:11,651| Leite Anfrage (vote) an den Linken Nachbarn '214_4' weiter (implizites Zustimmen)
GGT(238_2)@lab24.cpt.haw-hamburg.de 18.06 16:48:11,652| DISPATCHER: Leite Befehl {vote,'242_2'} an meinen Worker weiter...
GGT(238_2)@lab24.cpt.haw-hamburg.de 18.06 16:48:11,653| ### vote erhalten! Ich = '238_2'  Initiator = '242_2') ###
GGT(238_2)@lab24.cpt.haw-hamburg.de 18.06 16:48:11,653| Leite Anfrage (vote) an den Linken Nachbarn '214_4' weiter (implizites Zustimmen)
GGT(238_2)@lab24.cpt.haw-hamburg.de 18.06 16:48:11,654| DISPATCHER: Leite Befehl {vote,'241_1'} an meinen Worker weiter...
GGT(238_2)@lab24.cpt.haw-hamburg.de 18.06 16:48:11,654| DISPATCHER: Leite Befehl {vote,'219_4'} an meinen Worker weiter...
GGT(238_2)@lab24.cpt.haw-hamburg.de 18.06 16:48:11,655| ### vote erhalten! Ich = '238_2'  Initiator = '241_1') ###
GGT(238_2)@lab24.cpt.haw-hamburg.de 18.06 16:48:11,655| Leite Anfrage (vote) an den Linken Nachbarn '214_4' weiter (implizites Zustimmen)
GGT(238_2)@lab24.cpt.haw-hamburg.de 18.06 16:48:11,658| DISPATCHER: Leite Befehl {vote,'241_1'} an meinen Worker weiter...
GGT(238_2)@lab24.cpt.haw-hamburg.de 18.06 16:48:11,658| ### vote erhalten! Ich = '238_2'  Initiator = '219_4') ###
GGT(238_2)@lab24.cpt.haw-hamburg.de 18.06 16:48:11,658| Leite Anfrage (vote) an den Linken Nachbarn '214_4' weiter (implizites Zustimmen)
GGT(238_2)@lab24.cpt.haw-hamburg.de 18.06 16:48:11,661| ### vote erhalten! Ich = '238_2'  Initiator = '241_1') ###
GGT(238_2)@lab24.cpt.haw-hamburg.de 18.06 16:48:11,661| DISPATCHER: Leite Befehl {vote,'249_3'} an meinen Worker weiter...
GGT(238_2)@lab24.cpt.haw-hamburg.de 18.06 16:48:11,661| Leite Anfrage (vote) an den Linken Nachbarn '214_4' weiter (implizites Zustimmen)
GGT(238_2)@lab24.cpt.haw-hamburg.de 18.06 16:48:11,662| ### vote erhalten! Ich = '238_2'  Initiator = '249_3') ###
GGT(238_2)@lab24.cpt.haw-hamburg.de 18.06 16:48:11,663| Leite Anfrage (vote) an den Linken Nachbarn '214_4' weiter (implizites Zustimmen)
GGT(238_2)@lab24.cpt.haw-hamburg.de 18.06 16:48:11,663| DISPATCHER: Leite Befehl {vote,'241_1'} an meinen Worker weiter...
GGT(238_2)@lab24.cpt.haw-hamburg.de 18.06 16:48:11,664| DISPATCHER: Leite Befehl {vote,'247_1'} an meinen Worker weiter...
GGT(238_2)@lab24.cpt.haw-hamburg.de 18.06 16:48:11,664| ### vote erhalten! Ich = '238_2'  Initiator = '241_1') ###
GGT(238_2)@lab24.cpt.haw-hamburg.de 18.06 16:48:11,664| Leite Anfrage (vote) an den Linken Nachbarn '214_4' weiter (implizites Zustimmen)
GGT(238_2)@lab24.cpt.haw-hamburg.de 18.06 16:48:11,665| DISPATCHER: Leite Befehl {vote,'241_1'} an meinen Worker weiter...
GGT(238_2)@lab24.cpt.haw-hamburg.de 18.06 16:48:11,667| ### vote erhalten! Ich = '238_2'  Initiator = '247_1') ###
GGT(238_2)@lab24.cpt.haw-hamburg.de 18.06 16:48:11,667| Leite Anfrage (vote) an den Linken Nachbarn '214_4' weiter (implizites Zustimmen)
GGT(238_2)@lab24.cpt.haw-hamburg.de 18.06 16:48:11,668| DISPATCHER: Leite Befehl {vote,'212_1'} an meinen Worker weiter...
GGT(238_2)@lab24.cpt.haw-hamburg.de 18.06 16:48:11,668| ### vote erhalten! Ich = '238_2'  Initiator = '241_1') ###
GGT(238_2)@lab24.cpt.haw-hamburg.de 18.06 16:48:11,668| Leite Anfrage (vote) an den Linken Nachbarn '214_4' weiter (implizites Zustimmen)
GGT(238_2)@lab24.cpt.haw-hamburg.de 18.06 16:48:11,669| DISPATCHER: Leite Befehl {vote,'249_3'} an meinen Worker weiter...
GGT(238_2)@lab24.cpt.haw-hamburg.de 18.06 16:48:11,670| ### vote erhalten! Ich = '238_2'  Initiator = '212_1') ###
GGT(238_2)@lab24.cpt.haw-hamburg.de 18.06 16:48:11,670| Leite Anfrage (vote) an den Linken Nachbarn '214_4' weiter (implizites Zustimmen)
GGT(238_2)@lab24.cpt.haw-hamburg.de 18.06 16:48:11,670| DISPATCHER: Leite Befehl {vote,'247_3'} an meinen Worker weiter...
GGT(238_2)@lab24.cpt.haw-hamburg.de 18.06 16:48:11,671| ### vote erhalten! Ich = '238_2'  Initiator = '249_3') ###
GGT(238_2)@lab24.cpt.haw-hamburg.de 18.06 16:48:11,671| Leite Anfrage (vote) an den Linken Nachbarn '214_4' weiter (implizites Zustimmen)
GGT(238_2)@lab24.cpt.haw-hamburg.de 18.06 16:48:11,673| ### vote erhalten! Ich = '238_2'  Initiator = '247_3') ###
GGT(238_2)@lab24.cpt.haw-hamburg.de 18.06 16:48:11,673| Leite Anfrage (vote) an den Linken Nachbarn '214_4' weiter (implizites Zustimmen)
GGT(238_2)@lab24.cpt.haw-hamburg.de 18.06 16:48:11,678| DISPATCHER: Leite Befehl {vote,'247_1'} an meinen Worker weiter...
GGT(238_2)@lab24.cpt.haw-hamburg.de 18.06 16:48:11,678| DISPATCHER: Leite Befehl {vote,'211_4'} an meinen Worker weiter...
GGT(238_2)@lab24.cpt.haw-hamburg.de 18.06 16:48:11,678| ### vote erhalten! Ich = '238_2'  Initiator = '247_1') ###
GGT(238_2)@lab24.cpt.haw-hamburg.de 18.06 16:48:11,678| Leite Anfrage (vote) an den Linken Nachbarn '214_4' weiter (implizites Zustimmen)
GGT(238_2)@lab24.cpt.haw-hamburg.de 18.06 16:48:11,679| DISPATCHER: Leite Befehl {vote,'212_1'} an meinen Worker weiter...
GGT(238_2)@lab24.cpt.haw-hamburg.de 18.06 16:48:11,679| DISPATCHER: Leite Befehl {vote,'249_3'} an meinen Worker weiter...
GGT(238_2)@lab24.cpt.haw-hamburg.de 18.06 16:48:11,680| ### vote erhalten! Ich = '238_2'  Initiator = '211_4') ###
GGT(238_2)@lab24.cpt.haw-hamburg.de 18.06 16:48:11,680| Leite Anfrage (vote) an den Linken Nachbarn '214_4' weiter (implizites Zustimmen)
GGT(238_2)@lab24.cpt.haw-hamburg.de 18.06 16:48:11,680| DISPATCHER: Leite Befehl {vote,'211_1'} an meinen Worker weiter...
GGT(238_2)@lab24.cpt.haw-hamburg.de 18.06 16:48:11,681| DISPATCHER: Leite Befehl {vote,'211_4'} an meinen Worker weiter...
GGT(238_2)@lab24.cpt.haw-hamburg.de 18.06 16:48:11,681| ### vote erhalten! Ich = '238_2'  Initiator = '212_1') ###
GGT(238_2)@lab24.cpt.haw-hamburg.de 18.06 16:48:11,681| Leite Anfrage (vote) an den Linken Nachbarn '214_4' weiter (implizites Zustimmen)
GGT(238_2)@lab24.cpt.haw-hamburg.de 18.06 16:48:11,682| DISPATCHER: Leite Befehl {vote,'249_3'} an meinen Worker weiter...
GGT(238_2)@lab24.cpt.haw-hamburg.de 18.06 16:48:11,682| DISPATCHER: Leite Befehl {vote,'242_2'} an meinen Worker weiter...
GGT(238_2)@lab24.cpt.haw-hamburg.de 18.06 16:48:11,683| ### vote erhalten! Ich = '238_2'  Initiator = '249_3') ###
GGT(238_2)@lab24.cpt.haw-hamburg.de 18.06 16:48:11,683| Leite Anfrage (vote) an den Linken Nachbarn '214_4' weiter (implizites Zustimmen)
GGT(238_2)@lab24.cpt.haw-hamburg.de 18.06 16:48:11,684| ### vote erhalten! Ich = '238_2'  Initiator = '211_1') ###
GGT(238_2)@lab24.cpt.haw-hamburg.de 18.06 16:48:11,684| Leite Anfrage (vote) an den Linken Nachbarn '214_4' weiter (implizites Zustimmen)
GGT(238_2)@lab24.cpt.haw-hamburg.de 18.06 16:48:11,685| DISPATCHER: Leite Befehl {vote,'241_1'} an meinen Worker weiter...
GGT(238_2)@lab24.cpt.haw-hamburg.de 18.06 16:48:11,685| ### vote erhalten! Ich = '238_2'  Initiator = '211_4') ###
GGT(238_2)@lab24.cpt.haw-hamburg.de 18.06 16:48:11,685| Leite Anfrage (vote) an den Linken Nachbarn '214_4' weiter (implizites Zustimmen)
GGT(238_2)@lab24.cpt.haw-hamburg.de 18.06 16:48:11,686| ### vote erhalten! Ich = '238_2'  Initiator = '249_3') ###
GGT(238_2)@lab24.cpt.haw-hamburg.de 18.06 16:48:11,687| Leite Anfrage (vote) an den Linken Nachbarn '214_4' weiter (implizites Zustimmen)
GGT(238_2)@lab24.cpt.haw-hamburg.de 18.06 16:48:11,688| ### vote erhalten! Ich = '238_2'  Initiator = '242_2') ###
GGT(238_2)@lab24.cpt.haw-hamburg.de 18.06 16:48:11,688| Leite Anfrage (vote) an den Linken Nachbarn '214_4' weiter (implizites Zustimmen)
GGT(238_2)@lab24.cpt.haw-hamburg.de 18.06 16:48:11,689| ### vote erhalten! Ich = '238_2'  Initiator = '241_1') ###
GGT(238_2)@lab24.cpt.haw-hamburg.de 18.06 16:48:11,689| Leite Anfrage (vote) an den Linken Nachbarn '214_4' weiter (implizites Zustimmen)
GGT(238_2)@lab24.cpt.haw-hamburg.de 18.06 16:48:11,690| DISPATCHER: Leite Befehl {vote,'249_3'} an meinen Worker weiter...
GGT(238_2)@lab24.cpt.haw-hamburg.de 18.06 16:48:11,690| DISPATCHER: Leite Befehl {vote,'247_3'} an meinen Worker weiter...
GGT(238_2)@lab24.cpt.haw-hamburg.de 18.06 16:48:11,691| ### vote erhalten! Ich = '238_2'  Initiator = '249_3') ###
GGT(238_2)@lab24.cpt.haw-hamburg.de 18.06 16:48:11,691| Leite Anfrage (vote) an den Linken Nachbarn '214_4' weiter (implizites Zustimmen)
GGT(238_2)@lab24.cpt.haw-hamburg.de 18.06 16:48:11,692| DISPATCHER: Leite Befehl {vote,'211_1'} an meinen Worker weiter...
GGT(238_2)@lab24.cpt.haw-hamburg.de 18.06 16:48:11,692| DISPATCHER: Leite Befehl {vote,'2110_3'} an meinen Worker weiter...
GGT(238_2)@lab24.cpt.haw-hamburg.de 18.06 16:48:11,693| DISPATCHER: Leite Befehl {vote,'242_2'} an meinen Worker weiter...
GGT(238_2)@lab24.cpt.haw-hamburg.de 18.06 16:48:11,693| ### vote erhalten! Ich = '238_2'  Initiator = '247_3') ###
GGT(238_2)@lab24.cpt.haw-hamburg.de 18.06 16:48:11,693| Leite Anfrage (vote) an den Linken Nachbarn '214_4' weiter (implizites Zustimmen)
GGT(238_2)@lab24.cpt.haw-hamburg.de 18.06 16:48:11,693| DISPATCHER: Leite Befehl {vote,'247_3'} an meinen Worker weiter...
GGT(238_2)@lab24.cpt.haw-hamburg.de 18.06 16:48:11,694| DISPATCHER: Leite Befehl {vote,'243_4'} an meinen Worker weiter...
GGT(238_2)@lab24.cpt.haw-hamburg.de 18.06 16:48:11,695| ### vote erhalten! Ich = '238_2'  Initiator = '211_1') ###
GGT(238_2)@lab24.cpt.haw-hamburg.de 18.06 16:48:11,695| Leite Anfrage (vote) an den Linken Nachbarn '214_4' weiter (implizites Zustimmen)
GGT(238_2)@lab24.cpt.haw-hamburg.de 18.06 16:48:11,695| DISPATCHER: Leite Befehl {vote,'245_3'} an meinen Worker weiter...
GGT(238_2)@lab24.cpt.haw-hamburg.de 18.06 16:48:11,697| DISPATCHER: Leite Befehl {vote,'245_3'} an meinen Worker weiter...
GGT(238_2)@lab24.cpt.haw-hamburg.de 18.06 16:48:11,698| ### vote erhalten! Ich = '238_2'  Initiator = '2110_3') ###
GGT(238_2)@lab24.cpt.haw-hamburg.de 18.06 16:48:11,699| Leite Anfrage (vote) an den Linken Nachbarn '214_4' weiter (implizites Zustimmen)
GGT(238_2)@lab24.cpt.haw-hamburg.de 18.06 16:48:11,699| DISPATCHER: Leite Befehl {vote,'247_3'} an meinen Worker weiter...
GGT(238_2)@lab24.cpt.haw-hamburg.de 18.06 16:48:11,700| ### vote erhalten! Ich = '238_2'  Initiator = '242_2') ###
GGT(238_2)@lab24.cpt.haw-hamburg.de 18.06 16:48:11,700| Leite Anfrage (vote) an den Linken Nachbarn '214_4' weiter (implizites Zustimmen)
GGT(238_2)@lab24.cpt.haw-hamburg.de 18.06 16:48:11,703| DISPATCHER: Leite Befehl {vote,'2110_3'} an meinen Worker weiter...
GGT(238_2)@lab24.cpt.haw-hamburg.de 18.06 16:48:11,703| ### vote erhalten! Ich = '238_2'  Initiator = '247_3') ###
GGT(238_2)@lab24.cpt.haw-hamburg.de 18.06 16:48:11,703| Leite Anfrage (vote) an den Linken Nachbarn '214_4' weiter (implizites Zustimmen)
GGT(238_2)@lab24.cpt.haw-hamburg.de 18.06 16:48:11,704| DISPATCHER: Leite Befehl {vote,'243_4'} an meinen Worker weiter...
GGT(238_2)@lab24.cpt.haw-hamburg.de 18.06 16:48:11,705| ### vote erhalten! Ich = '238_2'  Initiator = '243_4') ###
GGT(238_2)@lab24.cpt.haw-hamburg.de 18.06 16:48:11,705| Leite Anfrage (vote) an den Linken Nachbarn '214_4' weiter (implizites Zustimmen)
GGT(238_2)@lab24.cpt.haw-hamburg.de 18.06 16:48:11,706| ### vote erhalten! Ich = '238_2'  Initiator = '245_3') ###
GGT(238_2)@lab24.cpt.haw-hamburg.de 18.06 16:48:11,706| Leite Anfrage (vote) an den Linken Nachbarn '214_4' weiter (implizites Zustimmen)
GGT(238_2)@lab24.cpt.haw-hamburg.de 18.06 16:48:11,707| ### vote erhalten! Ich = '238_2'  Initiator = '245_3') ###
GGT(238_2)@lab24.cpt.haw-hamburg.de 18.06 16:48:11,707| Leite Anfrage (vote) an den Linken Nachbarn '214_4' weiter (implizites Zustimmen)
GGT(238_2)@lab24.cpt.haw-hamburg.de 18.06 16:48:11,708| DISPATCHER: Leite Befehl {vote,'216_1'} an meinen Worker weiter...
GGT(238_2)@lab24.cpt.haw-hamburg.de 18.06 16:48:11,709| DISPATCHER: Leite Befehl {vote,'243_4'} an meinen Worker weiter...
GGT(238_2)@lab24.cpt.haw-hamburg.de 18.06 16:48:11,709| ### vote erhalten! Ich = '238_2'  Initiator = '247_3') ###
GGT(238_2)@lab24.cpt.haw-hamburg.de 18.06 16:48:11,709| Leite Anfrage (vote) an den Linken Nachbarn '214_4' weiter (implizites Zustimmen)
GGT(238_2)@lab24.cpt.haw-hamburg.de 18.06 16:48:11,710| DISPATCHER: Leite Befehl {vote,'245_3'} an meinen Worker weiter...
GGT(238_2)@lab24.cpt.haw-hamburg.de 18.06 16:48:11,711| ### vote erhalten! Ich = '238_2'  Initiator = '2110_3') ###
GGT(238_2)@lab24.cpt.haw-hamburg.de 18.06 16:48:11,711| Leite Anfrage (vote) an den Linken Nachbarn '214_4' weiter (implizites Zustimmen)
GGT(238_2)@lab24.cpt.haw-hamburg.de 18.06 16:48:11,713| ### vote erhalten! Ich = '238_2'  Initiator = '243_4') ###
GGT(238_2)@lab24.cpt.haw-hamburg.de 18.06 16:48:11,713| Leite Anfrage (vote) an den Linken Nachbarn '214_4' weiter (implizites Zustimmen)
GGT(238_2)@lab24.cpt.haw-hamburg.de 18.06 16:48:11,715| ### vote erhalten! Ich = '238_2'  Initiator = '216_1') ###
GGT(238_2)@lab24.cpt.haw-hamburg.de 18.06 16:48:11,715| Leite Anfrage (vote) an den Linken Nachbarn '214_4' weiter (implizites Zustimmen)
GGT(238_2)@lab24.cpt.haw-hamburg.de 18.06 16:48:11,716| DISPATCHER: Leite Befehl {vote,'218_1'} an meinen Worker weiter...
GGT(238_2)@lab24.cpt.haw-hamburg.de 18.06 16:48:11,716| ### vote erhalten! Ich = '238_2'  Initiator = '243_4') ###
GGT(238_2)@lab24.cpt.haw-hamburg.de 18.06 16:48:11,716| Leite Anfrage (vote) an den Linken Nachbarn '214_4' weiter (implizites Zustimmen)
GGT(238_2)@lab24.cpt.haw-hamburg.de 18.06 16:48:11,718| ### vote erhalten! Ich = '238_2'  Initiator = '245_3') ###
GGT(238_2)@lab24.cpt.haw-hamburg.de 18.06 16:48:11,718| Leite Anfrage (vote) an den Linken Nachbarn '214_4' weiter (implizites Zustimmen)
GGT(238_2)@lab24.cpt.haw-hamburg.de 18.06 16:48:11,718| DISPATCHER: Leite Befehl {vote,'243_4'} an meinen Worker weiter...
GGT(238_2)@lab24.cpt.haw-hamburg.de 18.06 16:48:11,719| DISPATCHER: Leite Befehl {vote,'246_1'} an meinen Worker weiter...
