

GGT(2310_1)@lab24.cpt.haw-hamburg.de 18.06 16:45:26,986| ######################## 2310_1 Status: SETUP ########################


GGT(2310_1)@lab24.cpt.haw-hamburg.de 18.06 16:45:26,986| ######################## 2310_1 Status: INITIAL ########################
GGT(2310_1)@lab24.cpt.haw-hamburg.de 18.06 16:45:26,986| REBIND
GGT(2310_1)@lab24.cpt.haw-hamburg.de 18.06 16:45:26,986| CHECK_IN
GGT(2310_1)@lab24.cpt.haw-hamburg.de 18.06 16:46:35,792| Nachbarn wurden mitgeteilt {L: '219_2' | R: '214_4'}
GGT(2310_1)@lab24.cpt.haw-hamburg.de 18.06 16:46:35,792| DISPATCHER: Leite Befehl {rebind_res,ok} an meinen Worker weiter...


GGT(2310_1)@lab24.cpt.haw-hamburg.de 18.06 16:46:35,792| ######################## 2310_1 Status: PRE_PROCESS ########################
GGT(2310_1)@lab24.cpt.haw-hamburg.de 18.06 16:46:53,434| DISPATCHER: Leite Befehl {set_pmi,5205622500} an meinen Worker weiter...
GGT(2310_1)@lab24.cpt.haw-hamburg.de 18.06 16:46:53,434| Initial Mi wurde mitgeteilt. Mi:5205622500


GGT(2310_1)@lab24.cpt.haw-hamburg.de 18.06 16:46:53,434| ######################## 2310_1 Status: PROCESS ########################
GGT(2310_1)@lab24.cpt.haw-hamburg.de 18.06 16:46:56,429| DISPATCHER: Leite Befehl {vote,'214_4'} an meinen Worker weiter...
GGT(2310_1)@lab24.cpt.haw-hamburg.de 18.06 16:46:56,429| ### vote erhalten! Ich = '2310_1'  Initiator = '214_4') ###
GGT(2310_1)@lab24.cpt.haw-hamburg.de 18.06 16:46:56,430| Leite Anfrage (vote) an den Linken Nachbarn '219_2' weiter (implizites Zustimmen)
GGT(2310_1)@lab24.cpt.haw-hamburg.de 18.06 16:46:56,456| DISPATCHER: Leite Befehl {vote,'212_4'} an meinen Worker weiter...
GGT(2310_1)@lab24.cpt.haw-hamburg.de 18.06 16:46:56,457| ### vote erhalten! Ich = '2310_1'  Initiator = '212_4') ###
GGT(2310_1)@lab24.cpt.haw-hamburg.de 18.06 16:46:56,457| Leite Anfrage (vote) an den Linken Nachbarn '219_2' weiter (implizites Zustimmen)
GGT(2310_1)@lab24.cpt.haw-hamburg.de 18.06 16:46:56,459| DISPATCHER: Leite Befehl {vote,'214_3'} an meinen Worker weiter...
GGT(2310_1)@lab24.cpt.haw-hamburg.de 18.06 16:46:56,459| ### vote erhalten! Ich = '2310_1'  Initiator = '214_3') ###
GGT(2310_1)@lab24.cpt.haw-hamburg.de 18.06 16:46:56,459| Leite Anfrage (vote) an den Linken Nachbarn '219_2' weiter (implizites Zustimmen)
GGT(2310_1)@lab24.cpt.haw-hamburg.de 18.06 16:46:56,460| DISPATCHER: Leite Befehl {vote,'238_2'} an meinen Worker weiter...
GGT(2310_1)@lab24.cpt.haw-hamburg.de 18.06 16:46:56,460| ### vote erhalten! Ich = '2310_1'  Initiator = '238_2') ###
GGT(2310_1)@lab24.cpt.haw-hamburg.de 18.06 16:46:56,461| DISPATCHER: Leite Befehl {vote,'234_2'} an meinen Worker weiter...
GGT(2310_1)@lab24.cpt.haw-hamburg.de 18.06 16:46:56,461| Leite Anfrage (vote) an den Linken Nachbarn '219_2' weiter (implizites Zustimmen)
GGT(2310_1)@lab24.cpt.haw-hamburg.de 18.06 16:46:56,462| ### vote erhalten! Ich = '2310_1'  Initiator = '234_2') ###
GGT(2310_1)@lab24.cpt.haw-hamburg.de 18.06 16:46:56,462| Leite Anfrage (vote) an den Linken Nachbarn '219_2' weiter (implizites Zustimmen)
GGT(2310_1)@lab24.cpt.haw-hamburg.de 18.06 16:46:56,462| DISPATCHER: Leite Befehl {vote,'2410_1'} an meinen Worker weiter...
GGT(2310_1)@lab24.cpt.haw-hamburg.de 18.06 16:46:56,463| ### vote erhalten! Ich = '2310_1'  Initiator = '2410_1') ###
GGT(2310_1)@lab24.cpt.haw-hamburg.de 18.06 16:46:56,463| Leite Anfrage (vote) an den Linken Nachbarn '219_2' weiter (implizites Zustimmen)
GGT(2310_1)@lab24.cpt.haw-hamburg.de 18.06 16:46:56,463| DISPATCHER: Leite Befehl {vote,'243_1'} an meinen Worker weiter...
GGT(2310_1)@lab24.cpt.haw-hamburg.de 18.06 16:46:56,468| ### vote erhalten! Ich = '2310_1'  Initiator = '243_1') ###
GGT(2310_1)@lab24.cpt.haw-hamburg.de 18.06 16:46:56,468| Leite Anfrage (vote) an den Linken Nachbarn '219_2' weiter (implizites Zustimmen)
GGT(2310_1)@lab24.cpt.haw-hamburg.de 18.06 16:46:56,468| DISPATCHER: Leite Befehl {vote,'242_1'} an meinen Worker weiter...
GGT(2310_1)@lab24.cpt.haw-hamburg.de 18.06 16:46:56,469| ### vote erhalten! Ich = '2310_1'  Initiator = '242_1') ###
GGT(2310_1)@lab24.cpt.haw-hamburg.de 18.06 16:46:56,470| Leite Anfrage (vote) an den Linken Nachbarn '219_2' weiter (implizites Zustimmen)
GGT(2310_1)@lab24.cpt.haw-hamburg.de 18.06 16:46:56,471| DISPATCHER: Leite Befehl {vote,'217_1'} an meinen Worker weiter...
GGT(2310_1)@lab24.cpt.haw-hamburg.de 18.06 16:46:56,473| DISPATCHER: Leite Befehl {vote,'236_1'} an meinen Worker weiter...
GGT(2310_1)@lab24.cpt.haw-hamburg.de 18.06 16:46:56,473| ### vote erhalten! Ich = '2310_1'  Initiator = '217_1') ###
GGT(2310_1)@lab24.cpt.haw-hamburg.de 18.06 16:46:56,473| Leite Anfrage (vote) an den Linken Nachbarn '219_2' weiter (implizites Zustimmen)
GGT(2310_1)@lab24.cpt.haw-hamburg.de 18.06 16:46:56,473| DISPATCHER: Leite Befehl {vote,'2410_3'} an meinen Worker weiter...
GGT(2310_1)@lab24.cpt.haw-hamburg.de 18.06 16:46:56,474| ### vote erhalten! Ich = '2310_1'  Initiator = '236_1') ###
GGT(2310_1)@lab24.cpt.haw-hamburg.de 18.06 16:46:56,474| Leite Anfrage (vote) an den Linken Nachbarn '219_2' weiter (implizites Zustimmen)
GGT(2310_1)@lab24.cpt.haw-hamburg.de 18.06 16:46:56,475| DISPATCHER: Leite Befehl {vote,'215_2'} an meinen Worker weiter...
GGT(2310_1)@lab24.cpt.haw-hamburg.de 18.06 16:46:56,475| ### vote erhalten! Ich = '2310_1'  Initiator = '2410_3') ###
GGT(2310_1)@lab24.cpt.haw-hamburg.de 18.06 16:46:56,475| Leite Anfrage (vote) an den Linken Nachbarn '219_2' weiter (implizites Zustimmen)
GGT(2310_1)@lab24.cpt.haw-hamburg.de 18.06 16:46:56,476| DISPATCHER: Leite Befehl {vote,'243_3'} an meinen Worker weiter...
GGT(2310_1)@lab24.cpt.haw-hamburg.de 18.06 16:46:56,477| ### vote erhalten! Ich = '2310_1'  Initiator = '215_2') ###
GGT(2310_1)@lab24.cpt.haw-hamburg.de 18.06 16:46:56,477| Leite Anfrage (vote) an den Linken Nachbarn '219_2' weiter (implizites Zustimmen)
GGT(2310_1)@lab24.cpt.haw-hamburg.de 18.06 16:46:56,478| ### vote erhalten! Ich = '2310_1'  Initiator = '243_3') ###
GGT(2310_1)@lab24.cpt.haw-hamburg.de 18.06 16:46:56,478| Leite Anfrage (vote) an den Linken Nachbarn '219_2' weiter (implizites Zustimmen)
GGT(2310_1)@lab24.cpt.haw-hamburg.de 18.06 16:46:56,478| DISPATCHER: Leite Befehl {vote,'243_2'} an meinen Worker weiter...
GGT(2310_1)@lab24.cpt.haw-hamburg.de 18.06 16:46:56,479| ### vote erhalten! Ich = '2310_1'  Initiator = '243_2') ###
GGT(2310_1)@lab24.cpt.haw-hamburg.de 18.06 16:46:56,479| Leite Anfrage (vote) an den Linken Nachbarn '219_2' weiter (implizites Zustimmen)
GGT(2310_1)@lab24.cpt.haw-hamburg.de 18.06 16:46:56,479| DISPATCHER: Leite Befehl {vote,'244_4'} an meinen Worker weiter...
GGT(2310_1)@lab24.cpt.haw-hamburg.de 18.06 16:46:56,481| DISPATCHER: Leite Befehl {vote,'246_4'} an meinen Worker weiter...
GGT(2310_1)@lab24.cpt.haw-hamburg.de 18.06 16:46:56,481| ### vote erhalten! Ich = '2310_1'  Initiator = '244_4') ###
GGT(2310_1)@lab24.cpt.haw-hamburg.de 18.06 16:46:56,481| Leite Anfrage (vote) an den Linken Nachbarn '219_2' weiter (implizites Zustimmen)
GGT(2310_1)@lab24.cpt.haw-hamburg.de 18.06 16:46:56,482| ### vote erhalten! Ich = '2310_1'  Initiator = '246_4') ###
GGT(2310_1)@lab24.cpt.haw-hamburg.de 18.06 16:46:56,482| Leite Anfrage (vote) an den Linken Nachbarn '219_2' weiter (implizites Zustimmen)
GGT(2310_1)@lab24.cpt.haw-hamburg.de 18.06 16:46:59,456| DISPATCHER: Leite Befehl {vote,'247_4'} an meinen Worker weiter...
GGT(2310_1)@lab24.cpt.haw-hamburg.de 18.06 16:46:59,457| ### vote erhalten! Ich = '2310_1'  Initiator = '247_4') ###
GGT(2310_1)@lab24.cpt.haw-hamburg.de 18.06 16:46:59,457| Leite Anfrage (vote) an den Linken Nachbarn '219_2' weiter (implizites Zustimmen)
GGT(2310_1)@lab24.cpt.haw-hamburg.de 18.06 16:46:59,461| DISPATCHER: Leite Befehl {vote,'248_4'} an meinen Worker weiter...
GGT(2310_1)@lab24.cpt.haw-hamburg.de 18.06 16:46:59,463| ### vote erhalten! Ich = '2310_1'  Initiator = '248_4') ###
GGT(2310_1)@lab24.cpt.haw-hamburg.de 18.06 16:46:59,463| Leite Anfrage (vote) an den Linken Nachbarn '219_2' weiter (implizites Zustimmen)
GGT(2310_1)@lab24.cpt.haw-hamburg.de 18.06 16:46:59,468| DISPATCHER: Leite Befehl {vote,'213_1'} an meinen Worker weiter...
GGT(2310_1)@lab24.cpt.haw-hamburg.de 18.06 16:46:59,468| ### vote erhalten! Ich = '2310_1'  Initiator = '213_1') ###
GGT(2310_1)@lab24.cpt.haw-hamburg.de 18.06 16:46:59,468| Leite Anfrage (vote) an den Linken Nachbarn '219_2' weiter (implizites Zustimmen)
GGT(2310_1)@lab24.cpt.haw-hamburg.de 18.06 16:47:02,468| DISPATCHER: Leite Befehl {vote,'243_2'} an meinen Worker weiter...
GGT(2310_1)@lab24.cpt.haw-hamburg.de 18.06 16:47:02,468| ### vote erhalten! Ich = '2310_1'  Initiator = '243_2') ###
GGT(2310_1)@lab24.cpt.haw-hamburg.de 18.06 16:47:02,468| Leite Anfrage (vote) an den Linken Nachbarn '219_2' weiter (implizites Zustimmen)
GGT(2310_1)@lab24.cpt.haw-hamburg.de 18.06 16:48:05,491| DISPATCHER: Leite Befehl {send,100} an meinen Worker weiter...
GGT(2310_1)@lab24.cpt.haw-hamburg.de 18.06 16:48:05,491| Send erhalten Y:100
GGT(2310_1)@lab24.cpt.haw-hamburg.de 18.06 16:48:05,491| ALGO: ((5205622500 -1) mod 100) +1     --    (TTW: 3 Sekunden)
GGT(2310_1)@lab24.cpt.haw-hamburg.de 18.06 16:48:08,492| informiere (brief_mi) Koordinator coordinator ueber neuen Mi:100
GGT(2310_1)@lab24.cpt.haw-hamburg.de 18.06 16:48:08,493| Sende (send) Nachbarn '219_2' und '214_4' neuen Mi:100
GGT(2310_1)@lab24.cpt.haw-hamburg.de 18.06 16:48:08,493| DISPATCHER: Leite Befehl {vote,'214_4'} an meinen Worker weiter...
GGT(2310_1)@lab24.cpt.haw-hamburg.de 18.06 16:48:08,494| ### vote erhalten! Ich = '2310_1'  Initiator = '214_4') ###
GGT(2310_1)@lab24.cpt.haw-hamburg.de 18.06 16:48:08,494| Leite Anfrage (vote) an den Linken Nachbarn '219_2' weiter (implizites Zustimmen)
GGT(2310_1)@lab24.cpt.haw-hamburg.de 18.06 16:48:11,494| DISPATCHER: Leite Befehl {send,100} an meinen Worker weiter...
GGT(2310_1)@lab24.cpt.haw-hamburg.de 18.06 16:48:11,494| Send erhalten Y:100
GGT(2310_1)@lab24.cpt.haw-hamburg.de 18.06 16:48:11,495| ALGO: ((100 -1) mod 100) +1     --    (TTW: 3 Sekunden)
GGT(2310_1)@lab24.cpt.haw-hamburg.de 18.06 16:48:11,496| DISPATCHER: Leite Befehl {vote,'214_4'} an meinen Worker weiter...
GGT(2310_1)@lab24.cpt.haw-hamburg.de 18.06 16:48:11,539| DISPATCHER: Leite Befehl {vote,'242_3'} an meinen Worker weiter...
GGT(2310_1)@lab24.cpt.haw-hamburg.de 18.06 16:48:11,544| DISPATCHER: Leite Befehl {vote,'2110_2'} an meinen Worker weiter...
GGT(2310_1)@lab24.cpt.haw-hamburg.de 18.06 16:48:11,551| DISPATCHER: Leite Befehl {vote,'246_3'} an meinen Worker weiter...
GGT(2310_1)@lab24.cpt.haw-hamburg.de 18.06 16:48:11,554| DISPATCHER: Leite Befehl {vote,'249_1'} an meinen Worker weiter...
GGT(2310_1)@lab24.cpt.haw-hamburg.de 18.06 16:48:11,556| DISPATCHER: Leite Befehl {vote,'2410_4'} an meinen Worker weiter...
GGT(2310_1)@lab24.cpt.haw-hamburg.de 18.06 16:48:11,559| DISPATCHER: Leite Befehl {vote,'216_2'} an meinen Worker weiter...
GGT(2310_1)@lab24.cpt.haw-hamburg.de 18.06 16:48:11,562| DISPATCHER: Leite Befehl {vote,'212_2'} an meinen Worker weiter...
GGT(2310_1)@lab24.cpt.haw-hamburg.de 18.06 16:48:11,565| DISPATCHER: Leite Befehl {vote,'2410_4'} an meinen Worker weiter...
GGT(2310_1)@lab24.cpt.haw-hamburg.de 18.06 16:48:11,570| DISPATCHER: Leite Befehl {vote,'249_1'} an meinen Worker weiter...
GGT(2310_1)@lab24.cpt.haw-hamburg.de 18.06 16:48:11,573| DISPATCHER: Leite Befehl {vote,'242_4'} an meinen Worker weiter...
GGT(2310_1)@lab24.cpt.haw-hamburg.de 18.06 16:48:11,576| DISPATCHER: Leite Befehl {vote,'241_3'} an meinen Worker weiter...
GGT(2310_1)@lab24.cpt.haw-hamburg.de 18.06 16:48:11,577| DISPATCHER: Leite Befehl {vote,'219_1'} an meinen Worker weiter...
GGT(2310_1)@lab24.cpt.haw-hamburg.de 18.06 16:48:11,579| DISPATCHER: Leite Befehl {vote,'242_4'} an meinen Worker weiter...
GGT(2310_1)@lab24.cpt.haw-hamburg.de 18.06 16:48:11,583| DISPATCHER: Leite Befehl {vote,'212_3'} an meinen Worker weiter...
GGT(2310_1)@lab24.cpt.haw-hamburg.de 18.06 16:48:11,585| DISPATCHER: Leite Befehl {vote,'245_2'} an meinen Worker weiter...
GGT(2310_1)@lab24.cpt.haw-hamburg.de 18.06 16:48:11,587| DISPATCHER: Leite Befehl {vote,'2410_4'} an meinen Worker weiter...
GGT(2310_1)@lab24.cpt.haw-hamburg.de 18.06 16:48:11,588| DISPATCHER: Leite Befehl {vote,'241_3'} an meinen Worker weiter...
GGT(2310_1)@lab24.cpt.haw-hamburg.de 18.06 16:48:11,590| DISPATCHER: Leite Befehl {vote,'241_3'} an meinen Worker weiter...
GGT(2310_1)@lab24.cpt.haw-hamburg.de 18.06 16:48:11,592| DISPATCHER: Leite Befehl {vote,'219_1'} an meinen Worker weiter...
GGT(2310_1)@lab24.cpt.haw-hamburg.de 18.06 16:48:11,597| DISPATCHER: Leite Befehl {vote,'247_3'} an meinen Worker weiter...
GGT(2310_1)@lab24.cpt.haw-hamburg.de 18.06 16:48:11,606| DISPATCHER: Leite Befehl {vote,'245_1'} an meinen Worker weiter...
GGT(2310_1)@lab24.cpt.haw-hamburg.de 18.06 16:48:11,608| DISPATCHER: Leite Befehl {vote,'241_3'} an meinen Worker weiter...
GGT(2310_1)@lab24.cpt.haw-hamburg.de 18.06 16:48:11,610| DISPATCHER: Leite Befehl {vote,'245_1'} an meinen Worker weiter...
GGT(2310_1)@lab24.cpt.haw-hamburg.de 18.06 16:48:11,613| DISPATCHER: Leite Befehl {vote,'247_3'} an meinen Worker weiter...
GGT(2310_1)@lab24.cpt.haw-hamburg.de 18.06 16:48:11,614| DISPATCHER: Leite Befehl {vote,'243_4'} an meinen Worker weiter...
GGT(2310_1)@lab24.cpt.haw-hamburg.de 18.06 16:48:11,618| DISPATCHER: Leite Befehl {vote,'219_4'} an meinen Worker weiter...
GGT(2310_1)@lab24.cpt.haw-hamburg.de 18.06 16:48:11,620| DISPATCHER: Leite Befehl {vote,'243_4'} an meinen Worker weiter...
GGT(2310_1)@lab24.cpt.haw-hamburg.de 18.06 16:48:11,621| DISPATCHER: Leite Befehl {vote,'247_3'} an meinen Worker weiter...
GGT(2310_1)@lab24.cpt.haw-hamburg.de 18.06 16:48:11,623| DISPATCHER: Leite Befehl {vote,'241_3'} an meinen Worker weiter...
GGT(2310_1)@lab24.cpt.haw-hamburg.de 18.06 16:48:11,624| DISPATCHER: Leite Befehl {vote,'242_4'} an meinen Worker weiter...
GGT(2310_1)@lab24.cpt.haw-hamburg.de 18.06 16:48:11,626| DISPATCHER: Leite Befehl {vote,'241_4'} an meinen Worker weiter...
GGT(2310_1)@lab24.cpt.haw-hamburg.de 18.06 16:48:11,628| DISPATCHER: Leite Befehl {vote,'241_4'} an meinen Worker weiter...
GGT(2310_1)@lab24.cpt.haw-hamburg.de 18.06 16:48:11,630| DISPATCHER: Leite Befehl {vote,'242_4'} an meinen Worker weiter...
GGT(2310_1)@lab24.cpt.haw-hamburg.de 18.06 16:48:11,632| DISPATCHER: Leite Befehl {vote,'247_1'} an meinen Worker weiter...
GGT(2310_1)@lab24.cpt.haw-hamburg.de 18.06 16:48:11,634| DISPATCHER: Leite Befehl {vote,'247_3'} an meinen Worker weiter...
GGT(2310_1)@lab24.cpt.haw-hamburg.de 18.06 16:48:11,636| DISPATCHER: Leite Befehl {vote,'241_3'} an meinen Worker weiter...
GGT(2310_1)@lab24.cpt.haw-hamburg.de 18.06 16:48:11,638| DISPATCHER: Leite Befehl {vote,'242_4'} an meinen Worker weiter...
GGT(2310_1)@lab24.cpt.haw-hamburg.de 18.06 16:48:11,641| DISPATCHER: Leite Befehl {vote,'243_4'} an meinen Worker weiter...
GGT(2310_1)@lab24.cpt.haw-hamburg.de 18.06 16:48:11,642| DISPATCHER: Leite Befehl {vote,'243_4'} an meinen Worker weiter...
GGT(2310_1)@lab24.cpt.haw-hamburg.de 18.06 16:48:11,643| DISPATCHER: Leite Befehl {vote,'241_3'} an meinen Worker weiter...
GGT(2310_1)@lab24.cpt.haw-hamburg.de 18.06 16:48:11,644| DISPATCHER: Leite Befehl {vote,'242_4'} an meinen Worker weiter...
GGT(2310_1)@lab24.cpt.haw-hamburg.de 18.06 16:48:11,645| DISPATCHER: Leite Befehl {vote,'247_1'} an meinen Worker weiter...
GGT(2310_1)@lab24.cpt.haw-hamburg.de 18.06 16:48:11,647| DISPATCHER: Leite Befehl {vote,'243_4'} an meinen Worker weiter...
GGT(2310_1)@lab24.cpt.haw-hamburg.de 18.06 16:48:11,649| DISPATCHER: Leite Befehl {vote,'243_4'} an meinen Worker weiter...
GGT(2310_1)@lab24.cpt.haw-hamburg.de 18.06 16:48:11,650| DISPATCHER: Leite Befehl {vote,'242_2'} an meinen Worker weiter...
GGT(2310_1)@lab24.cpt.haw-hamburg.de 18.06 16:48:11,651| DISPATCHER: Leite Befehl {vote,'242_2'} an meinen Worker weiter...
GGT(2310_1)@lab24.cpt.haw-hamburg.de 18.06 16:48:11,654| DISPATCHER: Leite Befehl {vote,'242_2'} an meinen Worker weiter...
GGT(2310_1)@lab24.cpt.haw-hamburg.de 18.06 16:48:11,658| DISPATCHER: Leite Befehl {vote,'241_1'} an meinen Worker weiter...
GGT(2310_1)@lab24.cpt.haw-hamburg.de 18.06 16:48:11,660| DISPATCHER: Leite Befehl {vote,'219_4'} an meinen Worker weiter...
GGT(2310_1)@lab24.cpt.haw-hamburg.de 18.06 16:48:11,662| DISPATCHER: Leite Befehl {vote,'241_1'} an meinen Worker weiter...
GGT(2310_1)@lab24.cpt.haw-hamburg.de 18.06 16:48:11,664| DISPATCHER: Leite Befehl {vote,'249_3'} an meinen Worker weiter...
GGT(2310_1)@lab24.cpt.haw-hamburg.de 18.06 16:48:11,665| DISPATCHER: Leite Befehl {vote,'241_1'} an meinen Worker weiter...
GGT(2310_1)@lab24.cpt.haw-hamburg.de 18.06 16:48:11,668| DISPATCHER: Leite Befehl {vote,'247_1'} an meinen Worker weiter...
GGT(2310_1)@lab24.cpt.haw-hamburg.de 18.06 16:48:11,669| DISPATCHER: Leite Befehl {vote,'241_1'} an meinen Worker weiter...
GGT(2310_1)@lab24.cpt.haw-hamburg.de 18.06 16:48:11,677| DISPATCHER: Leite Befehl {vote,'212_1'} an meinen Worker weiter...
GGT(2310_1)@lab24.cpt.haw-hamburg.de 18.06 16:48:11,677| DISPATCHER: Leite Befehl {vote,'249_3'} an meinen Worker weiter...
GGT(2310_1)@lab24.cpt.haw-hamburg.de 18.06 16:48:11,677| DISPATCHER: Leite Befehl {vote,'247_3'} an meinen Worker weiter...
GGT(2310_1)@lab24.cpt.haw-hamburg.de 18.06 16:48:11,679| DISPATCHER: Leite Befehl {vote,'247_1'} an meinen Worker weiter...
GGT(2310_1)@lab24.cpt.haw-hamburg.de 18.06 16:48:11,681| DISPATCHER: Leite Befehl {vote,'211_4'} an meinen Worker weiter...
GGT(2310_1)@lab24.cpt.haw-hamburg.de 18.06 16:48:11,682| DISPATCHER: Leite Befehl {vote,'212_1'} an meinen Worker weiter...
GGT(2310_1)@lab24.cpt.haw-hamburg.de 18.06 16:48:11,684| DISPATCHER: Leite Befehl {vote,'249_3'} an meinen Worker weiter...
GGT(2310_1)@lab24.cpt.haw-hamburg.de 18.06 16:48:11,688| DISPATCHER: Leite Befehl {vote,'211_1'} an meinen Worker weiter...
GGT(2310_1)@lab24.cpt.haw-hamburg.de 18.06 16:48:11,689| DISPATCHER: Leite Befehl {vote,'211_4'} an meinen Worker weiter...
GGT(2310_1)@lab24.cpt.haw-hamburg.de 18.06 16:48:11,689| DISPATCHER: Leite Befehl {vote,'249_3'} an meinen Worker weiter...
GGT(2310_1)@lab24.cpt.haw-hamburg.de 18.06 16:48:11,689| DISPATCHER: Leite Befehl {vote,'242_2'} an meinen Worker weiter...
GGT(2310_1)@lab24.cpt.haw-hamburg.de 18.06 16:48:11,691| DISPATCHER: Leite Befehl {vote,'241_1'} an meinen Worker weiter...
GGT(2310_1)@lab24.cpt.haw-hamburg.de 18.06 16:48:11,692| DISPATCHER: Leite Befehl {vote,'249_3'} an meinen Worker weiter...
GGT(2310_1)@lab24.cpt.haw-hamburg.de 18.06 16:48:11,694| DISPATCHER: Leite Befehl {vote,'247_3'} an meinen Worker weiter...
GGT(2310_1)@lab24.cpt.haw-hamburg.de 18.06 16:48:11,697| DISPATCHER: Leite Befehl {vote,'211_1'} an meinen Worker weiter...
GGT(2310_1)@lab24.cpt.haw-hamburg.de 18.06 16:48:11,702| DISPATCHER: Leite Befehl {vote,'2110_3'} an meinen Worker weiter...
GGT(2310_1)@lab24.cpt.haw-hamburg.de 18.06 16:48:11,702| DISPATCHER: Leite Befehl {vote,'242_2'} an meinen Worker weiter...
GGT(2310_1)@lab24.cpt.haw-hamburg.de 18.06 16:48:11,705| DISPATCHER: Leite Befehl {vote,'247_3'} an meinen Worker weiter...
GGT(2310_1)@lab24.cpt.haw-hamburg.de 18.06 16:48:11,706| DISPATCHER: Leite Befehl {vote,'243_4'} an meinen Worker weiter...
GGT(2310_1)@lab24.cpt.haw-hamburg.de 18.06 16:48:11,708| DISPATCHER: Leite Befehl {vote,'245_3'} an meinen Worker weiter...
GGT(2310_1)@lab24.cpt.haw-hamburg.de 18.06 16:48:11,709| DISPATCHER: Leite Befehl {vote,'245_3'} an meinen Worker weiter...
GGT(2310_1)@lab24.cpt.haw-hamburg.de 18.06 16:48:11,711| DISPATCHER: Leite Befehl {vote,'247_3'} an meinen Worker weiter...
GGT(2310_1)@lab24.cpt.haw-hamburg.de 18.06 16:48:11,713| DISPATCHER: Leite Befehl {vote,'2110_3'} an meinen Worker weiter...
GGT(2310_1)@lab24.cpt.haw-hamburg.de 18.06 16:48:11,715| DISPATCHER: Leite Befehl {vote,'243_4'} an meinen Worker weiter...
GGT(2310_1)@lab24.cpt.haw-hamburg.de 18.06 16:48:11,716| DISPATCHER: Leite Befehl {vote,'216_1'} an meinen Worker weiter...
GGT(2310_1)@lab24.cpt.haw-hamburg.de 18.06 16:48:11,718| DISPATCHER: Leite Befehl {vote,'243_4'} an meinen Worker weiter...
