[17.06 21:40:47,034|] (<0.66.0>) Nummer 2 zugeteilt durch Server
[17.06 21:40:48,051|] (<0.66.0>) SENDE: 2 bla-@-FloUB-{wk3,s1@FloUB}-02-03-17.06 21:40:48,050|
[17.06 21:40:48,051|] (<0.66.0>) Nummer 4 zugeteilt durch Server
[17.06 21:40:49,082|] (<0.66.0>) SENDE: 4 bla-@-FloUB-{wk3,s1@FloUB}-02-03-17.06 21:40:49,082|
[17.06 21:40:49,082|] (<0.66.0>) Nummer 6 zugeteilt durch Server
[17.06 21:40:50,098|] (<0.66.0>) SENDE: 6 bla-@-FloUB-{wk3,s1@FloUB}-02-03-17.06 21:40:50,098|
[17.06 21:40:50,098|] (<0.66.0>) Nummer 8 zugeteilt durch Server
[17.06 21:40:51,129|] (<0.66.0>) SENDE: 8 bla-@-FloUB-{wk3,s1@FloUB}-02-03-17.06 21:40:51,129|
[17.06 21:40:51,129|] (<0.66.0>) Nummer 10 zugeteilt durch Server
[17.06 21:40:52,143|] (<0.66.0>) NO MESSAGE SEND DUE TO RESTRICTION BY MISSION!
[17.06 21:40:52,144|] (<0.66.0>) LESER GESTARTET {wk3,s1@FloUB}

[17.06 21:40:52,144|] (<0.66.0>)  1 : bla-@-FloUB-{wk3,s1@FloUB}-02-03-17.06 21:40:48,034| |To HBQ: 17.06 21:40:48,033| |To DLQ: 17.06 21:40:52,111| : true n
[17.06 21:40:52,144|] (<0.66.0>)  2 : bla-@-FloUB-{wk3,s1@FloUB}-02-03-17.06 21:40:48,050| |To HBQ: 17.06 21:40:48,049| |To DLQ: 17.06 21:40:52,111| : true *****************

[17.06 21:40:52,160|] (<0.66.0>)  3 : bla-@-FloUB-{wk3,s1@FloUB}-02-03-17.06 21:40:49,050| |To HBQ: 17.06 21:40:49,049| |To DLQ: 17.06 21:40:52,111| : true n
[17.06 21:40:52,160|] (<0.66.0>)  4 : bla-@-FloUB-{wk3,s1@FloUB}-02-03-17.06 21:40:49,082| |To HBQ: 17.06 21:40:49,080| |To DLQ: 17.06 21:40:52,111| : true *****************

[17.06 21:40:52,175|] (<0.66.0>)  5 : bla-@-FloUB-{wk3,s1@FloUB}-02-03-17.06 21:40:50,082| |To HBQ: 17.06 21:40:50,080| |To DLQ: 17.06 21:40:52,111| : true n
[17.06 21:40:52,176|] (<0.66.0>)  6 : bla-@-FloUB-{wk3,s1@FloUB}-02-03-17.06 21:40:50,098| |To HBQ: 17.06 21:40:50,096| |To DLQ: 17.06 21:40:52,111| : true *****************

[17.06 21:40:52,176|] (<0.66.0>)  7 : bla-@-FloUB-{wk3,s1@FloUB}-02-03-17.06 21:40:51,098| |To HBQ: 17.06 21:40:51,096| |To DLQ: 17.06 21:40:52,111| : true n
[17.06 21:40:52,191|] (<0.66.0>)  8 : bla-@-FloUB-{wk3,s1@FloUB}-02-03-17.06 21:40:51,129| |To HBQ: 17.06 21:40:51,127| |To DLQ: 17.06 21:40:52,111| : true *****************

[17.06 21:40:52,191|] (<0.66.0>) Neue Wartezeit gesetzt auf: 2 Sekunden

[17.06 21:40:52,207|] (<0.66.0>) Nummer 12 zugeteilt durch Server
[17.06 21:40:54,223|] (<0.66.0>) SENDE: 12 bla-@-FloUB-{wk3,s1@FloUB}-02-03-17.06 21:40:54,223|
[17.06 21:40:54,223|] (<0.66.0>) Nummer 14 zugeteilt durch Server
[17.06 21:40:56,238|] (<0.66.0>) SENDE: 14 bla-@-FloUB-{wk3,s1@FloUB}-02-03-17.06 21:40:56,238|
[17.06 21:40:56,238|] (<0.66.0>) Nummer 16 zugeteilt durch Server
[17.06 21:40:58,269|] (<0.66.0>) SENDE: 16 bla-@-FloUB-{wk3,s1@FloUB}-02-03-17.06 21:40:58,269|
[17.06 21:40:58,269|] (<0.66.0>) Nummer 18 zugeteilt durch Server
[17.06 21:41:00,285|] (<0.66.0>) SENDE: 18 bla-@-FloUB-{wk3,s1@FloUB}-02-03-17.06 21:41:00,284|
[17.06 21:41:00,285|] (<0.66.0>) Nummer 20 zugeteilt durch Server
[17.06 21:41:02,300|] (<0.66.0>) NO MESSAGE SEND DUE TO RESTRICTION BY MISSION!
[17.06 21:41:02,301|] (<0.66.0>) LESER GESTARTET {wk3,s1@FloUB}

[17.06 21:41:02,301|] (<0.66.0>)  1 : bla-@-FloUB-{wk3,s1@FloUB}-02-03-17.06 21:40:48,034| |To HBQ: 17.06 21:40:48,033| |To DLQ: 17.06 21:40:52,111| : true n
[17.06 21:41:02,301|] (<0.66.0>)  2 : bla-@-FloUB-{wk3,s1@FloUB}-02-03-17.06 21:40:48,050| |To HBQ: 17.06 21:40:48,049| |To DLQ: 17.06 21:40:52,111| : true *****************

[17.06 21:41:02,316|] (<0.66.0>)  3 : bla-@-FloUB-{wk3,s1@FloUB}-02-03-17.06 21:40:49,050| |To HBQ: 17.06 21:40:49,049| |To DLQ: 17.06 21:40:52,111| : true n
[17.06 21:41:02,332|] (<0.66.0>)  4 : bla-@-FloUB-{wk3,s1@FloUB}-02-03-17.06 21:40:49,082| |To HBQ: 17.06 21:40:49,080| |To DLQ: 17.06 21:40:52,111| : true *****************

[17.06 21:41:02,348|] (<0.66.0>)  5 : bla-@-FloUB-{wk3,s1@FloUB}-02-03-17.06 21:40:50,082| |To HBQ: 17.06 21:40:50,080| |To DLQ: 17.06 21:40:52,111| : true n
[17.06 21:41:02,363|] (<0.66.0>)  6 : bla-@-FloUB-{wk3,s1@FloUB}-02-03-17.06 21:40:50,098| |To HBQ: 17.06 21:40:50,096| |To DLQ: 17.06 21:40:52,111| : true *****************

[17.06 21:41:02,363|] (<0.66.0>)  7 : bla-@-FloUB-{wk3,s1@FloUB}-02-03-17.06 21:40:51,098| |To HBQ: 17.06 21:40:51,096| |To DLQ: 17.06 21:40:52,111| : true n
[17.06 21:41:02,379|] (<0.66.0>)  8 : bla-@-FloUB-{wk3,s1@FloUB}-02-03-17.06 21:40:51,129| |To HBQ: 17.06 21:40:51,127| |To DLQ: 17.06 21:40:52,111| : true *****************

[17.06 21:41:02,394|] (<0.66.0>)  9 : ****Fehlernachricht (Lueckenfueller) fuer Nachricht 9 bis 10 um  17.06 21:41:02,283| : true n
[17.06 21:41:02,394|] (<0.66.0>)  11 : bla-@-FloUB-{wk3,s1@FloUB}-02-03-17.06 21:40:54,191| |To HBQ: 17.06 21:40:54,189| |To DLQ: 17.06 21:41:02,283| : true n
[17.06 21:41:02,410|] (<0.66.0>)  12 : bla-@-FloUB-{wk3,s1@FloUB}-02-03-17.06 21:40:54,223| |To HBQ: 17.06 21:40:54,221| |To DLQ: 17.06 21:41:02,283| : true *****************

[17.06 21:41:02,425|] (<0.66.0>)  13 : bla-@-FloUB-{wk3,s1@FloUB}-02-03-17.06 21:40:56,207| |To HBQ: 17.06 21:40:56,205| |To DLQ: 17.06 21:41:02,283| : true n
[17.06 21:41:02,426|] (<0.66.0>)  14 : bla-@-FloUB-{wk3,s1@FloUB}-02-03-17.06 21:40:56,238| |To HBQ: 17.06 21:40:56,236| |To DLQ: 17.06 21:41:02,283| : true *****************

[17.06 21:41:02,441|] (<0.66.0>)  15 : bla-@-FloUB-{wk3,s1@FloUB}-02-03-17.06 21:40:58,238| |To HBQ: 17.06 21:40:58,236| |To DLQ: 17.06 21:41:02,283| : true n
[17.06 21:41:02,441|] (<0.66.0>)  16 : bla-@-FloUB-{wk3,s1@FloUB}-02-03-17.06 21:40:58,269| |To HBQ: 17.06 21:40:58,267| |To DLQ: 17.06 21:41:02,283| : true *****************

[17.06 21:41:02,457|] (<0.66.0>)  17 : bla-@-FloUB-{wk3,s1@FloUB}-02-03-17.06 21:41:00,269| |To HBQ: 17.06 21:41:00,267| |To DLQ: 17.06 21:41:02,283| : true n
[17.06 21:41:02,457|] (<0.66.0>)  18 : bla-@-FloUB-{wk3,s1@FloUB}-02-03-17.06 21:41:00,284| |To HBQ: 17.06 21:41:00,283| |To DLQ: 17.06 21:41:02,283| : true *****************

[17.06 21:41:02,457|] (<0.66.0>) Neue Wartezeit gesetzt auf: 3 Sekunden

[17.06 21:41:02,472|] (<0.66.0>) Nummer 22 zugeteilt durch Server
[17.06 21:41:05,488|] (<0.66.0>) SENDE: 22 bla-@-FloUB-{wk3,s1@FloUB}-02-03-17.06 21:41:05,488|
[17.06 21:41:05,488|] (<0.66.0>) Nummer 24 zugeteilt durch Server
[17.06 21:41:08,504|] (<0.66.0>) SENDE: 24 bla-@-FloUB-{wk3,s1@FloUB}-02-03-17.06 21:41:08,504|
[17.06 21:41:08,504|] (<0.66.0>) Nummer 26 zugeteilt durch Server
[17.06 21:41:11,519|] (<0.66.0>) SENDE: 26 bla-@-FloUB-{wk3,s1@FloUB}-02-03-17.06 21:41:11,519|
[17.06 21:41:11,519|] (<0.66.0>) Nummer 28 zugeteilt durch Server
[17.06 21:41:14,535|] (<0.66.0>) SENDE: 28 bla-@-FloUB-{wk3,s1@FloUB}-02-03-17.06 21:41:14,535|
[17.06 21:41:14,535|] (<0.66.0>) Nummer 29 zugeteilt durch Server
[17.06 21:41:17,566|] (<0.66.0>) NO MESSAGE SEND DUE TO RESTRICTION BY MISSION!
[17.06 21:41:17,566|] (<0.66.0>) LESER GESTARTET {wk3,s1@FloUB}

[17.06 21:41:17,566|] (<0.66.0>)  1 : bla-@-FloUB-{wk3,s1@FloUB}-02-03-17.06 21:40:48,034| |To HBQ: 17.06 21:40:48,033| |To DLQ: 17.06 21:40:52,111| : true n
[17.06 21:41:17,581|] (<0.66.0>)  2 : bla-@-FloUB-{wk3,s1@FloUB}-02-03-17.06 21:40:48,050| |To HBQ: 17.06 21:40:48,049| |To DLQ: 17.06 21:40:52,111| : true *****************

[17.06 21:41:17,582|] (<0.66.0>)  3 : bla-@-FloUB-{wk3,s1@FloUB}-02-03-17.06 21:40:49,050| |To HBQ: 17.06 21:40:49,049| |To DLQ: 17.06 21:40:52,111| : true n
[17.06 21:41:17,582|] (<0.66.0>)  4 : bla-@-FloUB-{wk3,s1@FloUB}-02-03-17.06 21:40:49,082| |To HBQ: 17.06 21:40:49,080| |To DLQ: 17.06 21:40:52,111| : true *****************

[17.06 21:41:17,598|] (<0.66.0>)  5 : bla-@-FloUB-{wk3,s1@FloUB}-02-03-17.06 21:40:50,082| |To HBQ: 17.06 21:40:50,080| |To DLQ: 17.06 21:40:52,111| : true n
[17.06 21:41:17,598|] (<0.66.0>)  6 : bla-@-FloUB-{wk3,s1@FloUB}-02-03-17.06 21:40:50,098| |To HBQ: 17.06 21:40:50,096| |To DLQ: 17.06 21:40:52,111| : true *****************

[17.06 21:41:17,613|] (<0.66.0>)  7 : bla-@-FloUB-{wk3,s1@FloUB}-02-03-17.06 21:40:51,098| |To HBQ: 17.06 21:40:51,096| |To DLQ: 17.06 21:40:52,111| : true n
[17.06 21:41:17,613|] (<0.66.0>)  8 : bla-@-FloUB-{wk3,s1@FloUB}-02-03-17.06 21:40:51,129| |To HBQ: 17.06 21:40:51,127| |To DLQ: 17.06 21:40:52,111| : true *****************

[17.06 21:41:17,613|] (<0.66.0>)  9 : ****Fehlernachricht (Lueckenfueller) fuer Nachricht 9 bis 10 um  17.06 21:41:02,283| : true n
[17.06 21:41:17,629|] (<0.66.0>)  11 : bla-@-FloUB-{wk3,s1@FloUB}-02-03-17.06 21:40:54,191| |To HBQ: 17.06 21:40:54,189| |To DLQ: 17.06 21:41:02,283| : true n
[17.06 21:41:17,629|] (<0.66.0>)  12 : bla-@-FloUB-{wk3,s1@FloUB}-02-03-17.06 21:40:54,223| |To HBQ: 17.06 21:40:54,221| |To DLQ: 17.06 21:41:02,283| : true *****************

[17.06 21:41:17,644|] (<0.66.0>)  13 : bla-@-FloUB-{wk3,s1@FloUB}-02-03-17.06 21:40:56,207| |To HBQ: 17.06 21:40:56,205| |To DLQ: 17.06 21:41:02,283| : true n
[17.06 21:41:17,644|] (<0.66.0>)  14 : bla-@-FloUB-{wk3,s1@FloUB}-02-03-17.06 21:40:56,238| |To HBQ: 17.06 21:40:56,236| |To DLQ: 17.06 21:41:02,283| : true *****************

[17.06 21:41:17,660|] (<0.66.0>)  15 : bla-@-FloUB-{wk3,s1@FloUB}-02-03-17.06 21:40:58,238| |To HBQ: 17.06 21:40:58,236| |To DLQ: 17.06 21:41:02,283| : true n
[17.06 21:41:17,660|] (<0.66.0>)  16 : bla-@-FloUB-{wk3,s1@FloUB}-02-03-17.06 21:40:58,269| |To HBQ: 17.06 21:40:58,267| |To DLQ: 17.06 21:41:02,283| : true *****************

[17.06 21:41:17,660|] (<0.66.0>)  17 : bla-@-FloUB-{wk3,s1@FloUB}-02-03-17.06 21:41:00,269| |To HBQ: 17.06 21:41:00,267| |To DLQ: 17.06 21:41:02,283| : true n
[17.06 21:41:17,676|] (<0.66.0>)  18 : bla-@-FloUB-{wk3,s1@FloUB}-02-03-17.06 21:41:00,284| |To HBQ: 17.06 21:41:00,283| |To DLQ: 17.06 21:41:02,283| : true *****************

[17.06 21:41:17,676|] (<0.66.0>)  19 : ****Fehlernachricht (Lueckenfueller) fuer Nachricht 19 bis 20 um  17.06 21:41:17,564| : true n
[17.06 21:41:17,690|] (<0.66.0>)  21 : bla-@-FloUB-{wk3,s1@FloUB}-02-03-17.06 21:41:05,472| |To HBQ: 17.06 21:41:05,471| |To DLQ: 17.06 21:41:17,564| : true n
[17.06 21:41:17,691|] (<0.66.0>)  22 : bla-@-FloUB-{wk3,s1@FloUB}-02-03-17.06 21:41:05,488| |To HBQ: 17.06 21:41:05,486| |To DLQ: 17.06 21:41:17,564| : true *****************

[17.06 21:41:17,707|] (<0.66.0>)  23 : bla-@-FloUB-{wk3,s1@FloUB}-02-03-17.06 21:41:08,488| |To HBQ: 17.06 21:41:08,486| |To DLQ: 17.06 21:41:17,564| : true n
[17.06 21:41:17,707|] (<0.66.0>)  24 : bla-@-FloUB-{wk3,s1@FloUB}-02-03-17.06 21:41:08,504| |To HBQ: 17.06 21:41:08,502| |To DLQ: 17.06 21:41:17,564| : true *****************

[17.06 21:41:17,722|] (<0.66.0>)  25 : bla-@-FloUB-{wk3,s1@FloUB}-02-03-17.06 21:41:11,504| |To HBQ: 17.06 21:41:11,502| |To DLQ: 17.06 21:41:17,564| : true n
[17.06 21:41:17,723|] (<0.66.0>)  26 : bla-@-FloUB-{wk3,s1@FloUB}-02-03-17.06 21:41:11,519| |To HBQ: 17.06 21:41:11,517| |To DLQ: 17.06 21:41:17,564| : true *****************

[17.06 21:41:17,723|] (<0.66.0>)  27 : bla-@-FloUB-{wk3,s1@FloUB}-02-03-17.06 21:41:14,535| |To HBQ: 17.06 21:41:14,533| |To DLQ: 17.06 21:41:17,564| : true n
[17.06 21:41:17,738|] (<0.66.0>)  28 : bla-@-FloUB-{wk3,s1@FloUB}-02-03-17.06 21:41:14,535| |To HBQ: 17.06 21:41:14,533| |To DLQ: 17.06 21:41:17,564| : true *****************

[17.06 21:41:17,738|] (<0.66.0>) Neue Wartezeit gesetzt auf: 5 Sekunden

[17.06 21:41:17,738|] (<0.66.0>) Nummer 32 zugeteilt durch Server
[17.06 21:41:22,769|] (<0.66.0>) SENDE: 32 bla-@-FloUB-{wk3,s1@FloUB}-02-03-17.06 21:41:22,769|
[17.06 21:41:22,801|] (<0.66.0>) Nummer 34 zugeteilt durch Server
[17.06 21:41:27,816|] (<0.66.0>) SENDE: 34 bla-@-FloUB-{wk3,s1@FloUB}-02-03-17.06 21:41:27,815|
[17.06 21:41:27,831|] (<0.66.0>) Nummer 36 zugeteilt durch Server
[17.06 21:41:32,848|] (<0.66.0>) SENDE: 36 bla-@-FloUB-{wk3,s1@FloUB}-02-03-17.06 21:41:32,847|
[17.06 21:41:32,863|] (<0.66.0>) Nummer 38 zugeteilt durch Server
