[18.06 15:04:11,704|] (<0.62.0>) Nummer 2 zugeteilt durch Server
[18.06 15:04:12,705|] (<0.62.0>) SENDE: 2 "bla@lab24.cpt.haw-hamburg.de<6050.49.0>020318.06 15:04:12,705|"
[18.06 15:04:12,709|] (<0.62.0>) Nummer 5 zugeteilt durch Server
[18.06 15:04:13,710|] (<0.62.0>) SENDE: 5 "bla@lab24.cpt.haw-hamburg.de<6050.49.0>020318.06 15:04:13,710|"
[18.06 15:04:13,711|] (<0.62.0>) Nummer 8 zugeteilt durch Server
[18.06 15:04:14,712|] (<0.62.0>) SENDE: 8 "bla@lab24.cpt.haw-hamburg.de<6050.49.0>020318.06 15:04:14,712|"
[18.06 15:04:14,714|] (<0.62.0>) Nummer 11 zugeteilt durch Server
[18.06 15:04:15,715|] (<0.62.0>) SENDE: 11 "bla@lab24.cpt.haw-hamburg.de<6050.49.0>020318.06 15:04:15,715|"
[18.06 15:04:15,717|] (<0.62.0>) Nummer 14 zugeteilt durch Server
[18.06 15:04:16,718|] (<0.62.0>) NO MESSAGE SEND DUE TO RESTRICTION BY MISSION!
[18.06 15:04:16,718|] (<0.62.0>) LESER GESTARTET <6050.49.0>

[18.06 15:04:16,719|] (<0.62.0>)  1 : bla@lab24.cpt.haw-hamburg.de<6050.49.0>020318.06 15:04:12,705|| DLQ: 18.06 15:04:12,709| : true n
[18.06 15:04:16,719|] (<0.62.0>)  2 : bla@lab24.cpt.haw-hamburg.de<6050.49.0>020318.06 15:04:12,705|| HBQ: 18.06 15:04:12,709|18.06 15:04:12,709| : true *****************

[18.06 15:04:16,720|] (<0.62.0>)  3 : bla@lab24.cpt.haw-hamburg.de<6050.49.0>020318.06 15:04:12,705|| HBQ: 18.06 15:04:12,709|18.06 15:04:12,709| : true n
[18.06 15:04:16,721|] (<0.62.0>)  4 : bla@lab24.cpt.haw-hamburg.de<6050.49.0>020318.06 15:04:13,710|| DLQ: 18.06 15:04:13,711| : true n
[18.06 15:04:16,722|] (<0.62.0>)  5 : bla@lab24.cpt.haw-hamburg.de<6050.49.0>020318.06 15:04:13,710|| HBQ: 18.06 15:04:13,711|18.06 15:04:13,711| : true *****************

[18.06 15:04:16,722|] (<0.62.0>)  6 : bla@lab24.cpt.haw-hamburg.de<6050.49.0>020318.06 15:04:13,710|| HBQ: 18.06 15:04:13,711|18.06 15:04:13,712| : true n
[18.06 15:04:16,723|] (<0.62.0>)  7 : bla@lab24.cpt.haw-hamburg.de<6050.49.0>020318.06 15:04:14,712|| DLQ: 18.06 15:04:14,713| : true n
[18.06 15:04:16,724|] (<0.62.0>)  8 : bla@lab24.cpt.haw-hamburg.de<6050.49.0>020318.06 15:04:14,712|| HBQ: 18.06 15:04:14,713|18.06 15:04:14,714| : true *****************

[18.06 15:04:16,724|] (<0.62.0>)  9 : bla@lab24.cpt.haw-hamburg.de<6050.49.0>020318.06 15:04:14,712|| HBQ: 18.06 15:04:14,713|18.06 15:04:14,714| : true n
[18.06 15:04:16,725|] (<0.62.0>)  10 : bla@lab24.cpt.haw-hamburg.de<6050.49.0>020318.06 15:04:15,715|| DLQ: 18.06 15:04:15,716| : true n
[18.06 15:04:16,725|] (<0.62.0>)  11 : bla@lab24.cpt.haw-hamburg.de<6050.49.0>020318.06 15:04:15,715|| HBQ: 18.06 15:04:15,716|18.06 15:04:15,716| : true *****************

[18.06 15:04:16,726|] (<0.62.0>)  12 : bla@lab24.cpt.haw-hamburg.de<6050.49.0>020318.06 15:04:15,715|| HBQ: 18.06 15:04:15,716|18.06 15:04:15,717| : true n
[18.06 15:04:16,727|] (<0.62.0>) Neue Wartezeit gesetzt auf: 2 Sekunden

[18.06 15:04:16,729|] (<0.62.0>) Nummer 17 zugeteilt durch Server
[18.06 15:04:18,730|] (<0.62.0>) SENDE: 17 "bla@lab24.cpt.haw-hamburg.de<6050.49.0>020318.06 15:04:18,730|"
[18.06 15:04:18,731|] (<0.62.0>) Nummer 19 zugeteilt durch Server
[18.06 15:04:20,733|] (<0.62.0>) SENDE: 19 "bla@lab24.cpt.haw-hamburg.de<6050.49.0>020318.06 15:04:20,733|"
[18.06 15:04:20,734|] (<0.62.0>) Nummer 22 zugeteilt durch Server
[18.06 15:04:22,736|] (<0.62.0>) SENDE: 22 "bla@lab24.cpt.haw-hamburg.de<6050.49.0>020318.06 15:04:22,736|"
[18.06 15:04:22,738|] (<0.62.0>) Nummer 27 zugeteilt durch Server
[18.06 15:04:24,739|] (<0.62.0>) SENDE: 27 "bla@lab24.cpt.haw-hamburg.de<6050.49.0>020318.06 15:04:24,739|"
[18.06 15:04:24,741|] (<0.62.0>) Nummer 29 zugeteilt durch Server
[18.06 15:04:26,742|] (<0.62.0>) NO MESSAGE SEND DUE TO RESTRICTION BY MISSION!
[18.06 15:04:26,742|] (<0.62.0>) LESER GESTARTET <6050.49.0>

[18.06 15:04:26,743|] (<0.62.0>)  13 : NIL : true n
[18.06 15:04:26,743|] (<0.62.0>) Neue Wartezeit gesetzt auf: 3 Sekunden

[18.06 15:04:26,744|] (<0.62.0>) Nummer 32 zugeteilt durch Server
[18.06 15:04:29,746|] (<0.62.0>) SENDE: 32 "bla@lab24.cpt.haw-hamburg.de<6050.49.0>020318.06 15:04:29,746|"
[18.06 15:04:29,747|] (<0.62.0>) Nummer 36 zugeteilt durch Server
[18.06 15:04:32,748|] (<0.62.0>) SENDE: 36 "bla@lab24.cpt.haw-hamburg.de<6050.49.0>020318.06 15:04:32,748|"
[18.06 15:04:32,749|] (<0.62.0>) Nummer 38 zugeteilt durch Server
[18.06 15:04:35,751|] (<0.62.0>) SENDE: 38 "bla@lab24.cpt.haw-hamburg.de<6050.49.0>020318.06 15:04:35,751|"
[18.06 15:04:35,764|] (<0.62.0>) Nummer 42 zugeteilt durch Server
[18.06 15:04:38,765|] (<0.62.0>) SENDE: 42 "bla@lab24.cpt.haw-hamburg.de<6050.49.0>020318.06 15:04:38,765|"
[18.06 15:04:38,766|] (<0.62.0>) Nummer 46 zugeteilt durch Server
[18.06 15:04:41,767|] (<0.62.0>) NO MESSAGE SEND DUE TO RESTRICTION BY MISSION!
[18.06 15:04:41,767|] (<0.62.0>) LESER GESTARTET <6050.49.0>

[18.06 15:04:41,771|] (<0.62.0>)  15 : ***Fehlernachricht fuer Nachrichtennummern 13 bis 15 um 18.06 15:04:35,752|
 : true n
[18.06 15:04:41,771|] (<0.62.0>)  16 : bla@lab24.cpt.haw-hamburg.de<6050.49.0>020318.06 15:04:18,730|| HBQ: 18.06 15:04:18,731|18.06 15:04:35,752| : true n
[18.06 15:04:41,772|] (<0.62.0>)  17 : bla@lab24.cpt.haw-hamburg.de<6050.49.0>020318.06 15:04:18,730|| HBQ: 18.06 15:04:18,731|18.06 15:04:35,753| : true *****************

[18.06 15:04:41,773|] (<0.62.0>)  18 : bla@lab24.cpt.haw-hamburg.de<6050.49.0>020318.06 15:04:18,730|| HBQ: 18.06 15:04:18,731|18.06 15:04:35,754| : true n
[18.06 15:04:41,773|] (<0.62.0>)  19 : bla@lab24.cpt.haw-hamburg.de<6050.49.0>020318.06 15:04:20,733|| HBQ: 18.06 15:04:20,734|18.06 15:04:35,755| : true *****************

[18.06 15:04:41,774|] (<0.62.0>)  20 : bla@lab24.cpt.haw-hamburg.de<6050.49.0>020318.06 15:04:20,733|| HBQ: 18.06 15:04:20,734|18.06 15:04:35,756| : true n
[18.06 15:04:41,774|] (<0.62.0>)  21 : bla@lab24.cpt.haw-hamburg.de<6050.49.0>020318.06 15:04:20,733|| HBQ: 18.06 15:04:20,735|18.06 15:04:35,757| : true n
[18.06 15:04:41,775|] (<0.62.0>)  22 : bla@lab24.cpt.haw-hamburg.de<6050.49.0>020318.06 15:04:22,736|| HBQ: 18.06 15:04:22,738|18.06 15:04:35,758| : true *****************

[18.06 15:04:41,776|] (<0.62.0>)  23 : bla@lab24.cpt.haw-hamburg.de<6050.49.0>020318.06 15:04:22,736|| HBQ: 18.06 15:04:22,737|18.06 15:04:35,759| : true n
[18.06 15:04:41,776|] (<0.62.0>)  24 : bla@lab24.cpt.haw-hamburg.de<6050.49.0>020318.06 15:04:22,735|| HBQ: 18.06 15:04:22,737|18.06 15:04:35,760| : true n
[18.06 15:04:41,777|] (<0.62.0>)  25 : bla@lab24.cpt.haw-hamburg.de<6050.49.0>020318.06 15:04:24,739|| HBQ: 18.06 15:04:24,741|18.06 15:04:35,761| : true n
[18.06 15:04:41,777|] (<0.62.0>)  26 : bla@lab24.cpt.haw-hamburg.de<6050.49.0>020318.06 15:04:24,739|| HBQ: 18.06 15:04:24,740|18.06 15:04:35,762| : true n
[18.06 15:04:41,778|] (<0.62.0>)  27 : bla@lab24.cpt.haw-hamburg.de<6050.49.0>020318.06 15:04:24,739|| HBQ: 18.06 15:04:24,740|18.06 15:04:35,763| : true *****************

[18.06 15:04:41,778|] (<0.62.0>) Neue Wartezeit gesetzt auf: 5 Sekunden

[18.06 15:04:41,778|] (<0.62.0>) Nummer 49 zugeteilt durch Server
[18.06 15:04:46,779|] (<0.62.0>) SENDE: 49 "bla@lab24.cpt.haw-hamburg.de<6050.49.0>020318.06 15:04:46,779|"
[18.06 15:04:46,780|] (<0.62.0>) Nummer 52 zugeteilt durch Server
[18.06 15:04:51,781|] (<0.62.0>) SENDE: 52 "bla@lab24.cpt.haw-hamburg.de<6050.49.0>020318.06 15:04:51,781|"
[18.06 15:04:51,801|] (<0.62.0>) Nummer 57 zugeteilt durch Server
[18.06 15:04:56,802|] (<0.62.0>) SENDE: 57 "bla@lab24.cpt.haw-hamburg.de<6050.49.0>020318.06 15:04:56,802|"
[18.06 15:04:56,803|] (<0.62.0>) Nummer 59 zugeteilt durch Server
