[18.06 15:04:11,703|] (<0.59.0>) Nummer 1 zugeteilt durch Server
[18.06 15:04:12,705|] (<0.59.0>) SENDE: 1 "bla@lab24.cpt.haw-hamburg.de<6050.49.0>020318.06 15:04:12,705|"
[18.06 15:04:12,709|] (<0.59.0>) Nummer 6 zugeteilt durch Server
[18.06 15:04:13,710|] (<0.59.0>) SENDE: 6 "bla@lab24.cpt.haw-hamburg.de<6050.49.0>020318.06 15:04:13,710|"
[18.06 15:04:13,711|] (<0.59.0>) Nummer 7 zugeteilt durch Server
[18.06 15:04:14,712|] (<0.59.0>) SENDE: 7 "bla@lab24.cpt.haw-hamburg.de<6050.49.0>020318.06 15:04:14,712|"
[18.06 15:04:14,714|] (<0.59.0>) Nummer 12 zugeteilt durch Server
[18.06 15:04:15,715|] (<0.59.0>) SENDE: 12 "bla@lab24.cpt.haw-hamburg.de<6050.49.0>020318.06 15:04:15,715|"
[18.06 15:04:15,717|] (<0.59.0>) Nummer 13 zugeteilt durch Server
[18.06 15:04:16,718|] (<0.59.0>) NO MESSAGE SEND DUE TO RESTRICTION BY MISSION!
[18.06 15:04:16,718|] (<0.59.0>) LESER GESTARTET <6050.49.0>

[18.06 15:04:16,719|] (<0.59.0>)  1 : bla@lab24.cpt.haw-hamburg.de<6050.49.0>020318.06 15:04:12,705|| DLQ: 18.06 15:04:12,709| : true *****************

[18.06 15:04:16,720|] (<0.59.0>)  2 : bla@lab24.cpt.haw-hamburg.de<6050.49.0>020318.06 15:04:12,705|| HBQ: 18.06 15:04:12,709|18.06 15:04:12,709| : true n
[18.06 15:04:16,720|] (<0.59.0>)  3 : bla@lab24.cpt.haw-hamburg.de<6050.49.0>020318.06 15:04:12,705|| HBQ: 18.06 15:04:12,709|18.06 15:04:12,709| : true n
[18.06 15:04:16,721|] (<0.59.0>)  4 : bla@lab24.cpt.haw-hamburg.de<6050.49.0>020318.06 15:04:13,710|| DLQ: 18.06 15:04:13,711| : true n
[18.06 15:04:16,722|] (<0.59.0>)  5 : bla@lab24.cpt.haw-hamburg.de<6050.49.0>020318.06 15:04:13,710|| HBQ: 18.06 15:04:13,711|18.06 15:04:13,711| : true n
[18.06 15:04:16,722|] (<0.59.0>)  6 : bla@lab24.cpt.haw-hamburg.de<6050.49.0>020318.06 15:04:13,710|| HBQ: 18.06 15:04:13,711|18.06 15:04:13,712| : true *****************

[18.06 15:04:16,723|] (<0.59.0>)  7 : bla@lab24.cpt.haw-hamburg.de<6050.49.0>020318.06 15:04:14,712|| DLQ: 18.06 15:04:14,713| : true *****************

[18.06 15:04:16,724|] (<0.59.0>)  8 : bla@lab24.cpt.haw-hamburg.de<6050.49.0>020318.06 15:04:14,712|| HBQ: 18.06 15:04:14,713|18.06 15:04:14,714| : true n
[18.06 15:04:16,724|] (<0.59.0>)  9 : bla@lab24.cpt.haw-hamburg.de<6050.49.0>020318.06 15:04:14,712|| HBQ: 18.06 15:04:14,713|18.06 15:04:14,714| : true n
[18.06 15:04:16,725|] (<0.59.0>)  10 : bla@lab24.cpt.haw-hamburg.de<6050.49.0>020318.06 15:04:15,715|| DLQ: 18.06 15:04:15,716| : true n
[18.06 15:04:16,726|] (<0.59.0>)  11 : bla@lab24.cpt.haw-hamburg.de<6050.49.0>020318.06 15:04:15,715|| HBQ: 18.06 15:04:15,716|18.06 15:04:15,716| : true n
[18.06 15:04:16,726|] (<0.59.0>)  12 : bla@lab24.cpt.haw-hamburg.de<6050.49.0>020318.06 15:04:15,715|| HBQ: 18.06 15:04:15,716|18.06 15:04:15,717| : true *****************

[18.06 15:04:16,728|] (<0.59.0>) Neue Wartezeit gesetzt auf: 2 Sekunden

[18.06 15:04:16,729|] (<0.59.0>) Nummer 18 zugeteilt durch Server
[18.06 15:04:18,730|] (<0.59.0>) SENDE: 18 "bla@lab24.cpt.haw-hamburg.de<6050.49.0>020318.06 15:04:18,730|"
[18.06 15:04:18,731|] (<0.59.0>) Nummer 21 zugeteilt durch Server
[18.06 15:04:20,733|] (<0.59.0>) SENDE: 21 "bla@lab24.cpt.haw-hamburg.de<6050.49.0>020318.06 15:04:20,733|"
[18.06 15:04:20,734|] (<0.59.0>) Nummer 24 zugeteilt durch Server
[18.06 15:04:22,735|] (<0.59.0>) SENDE: 24 "bla@lab24.cpt.haw-hamburg.de<6050.49.0>020318.06 15:04:22,735|"
[18.06 15:04:22,738|] (<0.59.0>) Nummer 25 zugeteilt durch Server
[18.06 15:04:24,739|] (<0.59.0>) SENDE: 25 "bla@lab24.cpt.haw-hamburg.de<6050.49.0>020318.06 15:04:24,739|"
[18.06 15:04:24,741|] (<0.59.0>) Nummer 30 zugeteilt durch Server
[18.06 15:04:26,742|] (<0.59.0>) NO MESSAGE SEND DUE TO RESTRICTION BY MISSION!
[18.06 15:04:26,742|] (<0.59.0>) LESER GESTARTET <6050.49.0>

[18.06 15:04:26,743|] (<0.59.0>)  13 : NIL : true *****************

[18.06 15:04:26,743|] (<0.59.0>) Neue Wartezeit gesetzt auf: 3 Sekunden

[18.06 15:04:26,743|] (<0.59.0>) Nummer 31 zugeteilt durch Server
[18.06 15:04:29,744|] (<0.59.0>) SENDE: 31 "bla@lab24.cpt.haw-hamburg.de<6050.49.0>020318.06 15:04:29,744|"
[18.06 15:04:29,745|] (<0.59.0>) Nummer 34 zugeteilt durch Server
[18.06 15:04:32,746|] (<0.59.0>) SENDE: 34 "bla@lab24.cpt.haw-hamburg.de<6050.49.0>020318.06 15:04:32,746|"
[18.06 15:04:32,747|] (<0.59.0>) Nummer 37 zugeteilt durch Server
[18.06 15:04:35,748|] (<0.59.0>) SENDE: 37 "bla@lab24.cpt.haw-hamburg.de<6050.49.0>020318.06 15:04:35,748|"
[18.06 15:04:35,751|] (<0.59.0>) Nummer 40 zugeteilt durch Server
[18.06 15:04:38,752|] (<0.59.0>) SENDE: 40 "bla@lab24.cpt.haw-hamburg.de<6050.49.0>020318.06 15:04:38,752|"
[18.06 15:04:38,753|] (<0.59.0>) Nummer 44 zugeteilt durch Server
[18.06 15:04:41,754|] (<0.59.0>) NO MESSAGE SEND DUE TO RESTRICTION BY MISSION!
[18.06 15:04:41,754|] (<0.59.0>) LESER GESTARTET <6050.49.0>

[18.06 15:04:41,755|] (<0.59.0>)  15 : ***Fehlernachricht fuer Nachrichtennummern 13 bis 15 um 18.06 15:04:35,752|
 : true n
[18.06 15:04:41,756|] (<0.59.0>)  16 : bla@lab24.cpt.haw-hamburg.de<6050.49.0>020318.06 15:04:18,730|| HBQ: 18.06 15:04:18,731|18.06 15:04:35,752| : true n
[18.06 15:04:41,757|] (<0.59.0>)  17 : bla@lab24.cpt.haw-hamburg.de<6050.49.0>020318.06 15:04:18,730|| HBQ: 18.06 15:04:18,731|18.06 15:04:35,753| : true n
[18.06 15:04:41,757|] (<0.59.0>)  18 : bla@lab24.cpt.haw-hamburg.de<6050.49.0>020318.06 15:04:18,730|| HBQ: 18.06 15:04:18,731|18.06 15:04:35,754| : true *****************

[18.06 15:04:41,758|] (<0.59.0>)  19 : bla@lab24.cpt.haw-hamburg.de<6050.49.0>020318.06 15:04:20,733|| HBQ: 18.06 15:04:20,734|18.06 15:04:35,755| : true n
[18.06 15:04:41,759|] (<0.59.0>)  20 : bla@lab24.cpt.haw-hamburg.de<6050.49.0>020318.06 15:04:20,733|| HBQ: 18.06 15:04:20,734|18.06 15:04:35,756| : true n
[18.06 15:04:41,759|] (<0.59.0>)  21 : bla@lab24.cpt.haw-hamburg.de<6050.49.0>020318.06 15:04:20,733|| HBQ: 18.06 15:04:20,735|18.06 15:04:35,757| : true *****************

[18.06 15:04:41,760|] (<0.59.0>)  22 : bla@lab24.cpt.haw-hamburg.de<6050.49.0>020318.06 15:04:22,736|| HBQ: 18.06 15:04:22,738|18.06 15:04:35,758| : true n
[18.06 15:04:41,760|] (<0.59.0>)  23 : bla@lab24.cpt.haw-hamburg.de<6050.49.0>020318.06 15:04:22,736|| HBQ: 18.06 15:04:22,737|18.06 15:04:35,759| : true n
[18.06 15:04:41,761|] (<0.59.0>)  24 : bla@lab24.cpt.haw-hamburg.de<6050.49.0>020318.06 15:04:22,735|| HBQ: 18.06 15:04:22,737|18.06 15:04:35,760| : true *****************

[18.06 15:04:41,761|] (<0.59.0>)  25 : bla@lab24.cpt.haw-hamburg.de<6050.49.0>020318.06 15:04:24,739|| HBQ: 18.06 15:04:24,741|18.06 15:04:35,761| : true *****************

[18.06 15:04:41,762|] (<0.59.0>)  26 : bla@lab24.cpt.haw-hamburg.de<6050.49.0>020318.06 15:04:24,739|| HBQ: 18.06 15:04:24,740|18.06 15:04:35,762| : true n
[18.06 15:04:41,763|] (<0.59.0>)  27 : bla@lab24.cpt.haw-hamburg.de<6050.49.0>020318.06 15:04:24,739|| HBQ: 18.06 15:04:24,740|18.06 15:04:35,763| : true n
[18.06 15:04:41,763|] (<0.59.0>) Neue Wartezeit gesetzt auf: 5 Sekunden

[18.06 15:04:41,763|] (<0.59.0>) Nummer 47 zugeteilt durch Server
[18.06 15:04:46,766|] (<0.59.0>) SENDE: 47 "bla@lab24.cpt.haw-hamburg.de<6050.49.0>020318.06 15:04:46,766|"
[18.06 15:04:46,767|] (<0.59.0>) Nummer 51 zugeteilt durch Server
[18.06 15:04:51,770|] (<0.59.0>) SENDE: 51 "bla@lab24.cpt.haw-hamburg.de<6050.49.0>020318.06 15:04:51,770|"
[18.06 15:04:51,771|] (<0.59.0>) Nummer 55 zugeteilt durch Server
[18.06 15:04:56,774|] (<0.59.0>) SENDE: 55 "bla@lab24.cpt.haw-hamburg.de<6050.49.0>020318.06 15:04:56,774|"
[18.06 15:04:56,775|] (<0.59.0>) Nummer 58 zugeteilt durch Server
