[18.06 15:04:11,704|] (<0.63.0>) Nummer 3 zugeteilt durch Server
[18.06 15:04:12,705|] (<0.63.0>) SENDE: 3 "bla@lab24.cpt.haw-hamburg.de<6050.49.0>020318.06 15:04:12,705|"
[18.06 15:04:12,709|] (<0.63.0>) Nummer 4 zugeteilt durch Server
[18.06 15:04:13,710|] (<0.63.0>) SENDE: 4 "bla@lab24.cpt.haw-hamburg.de<6050.49.0>020318.06 15:04:13,710|"
[18.06 15:04:13,711|] (<0.63.0>) Nummer 9 zugeteilt durch Server
[18.06 15:04:14,712|] (<0.63.0>) SENDE: 9 "bla@lab24.cpt.haw-hamburg.de<6050.49.0>020318.06 15:04:14,712|"
[18.06 15:04:14,714|] (<0.63.0>) Nummer 10 zugeteilt durch Server
[18.06 15:04:15,715|] (<0.63.0>) SENDE: 10 "bla@lab24.cpt.haw-hamburg.de<6050.49.0>020318.06 15:04:15,715|"
[18.06 15:04:15,717|] (<0.63.0>) Nummer 15 zugeteilt durch Server
[18.06 15:04:16,718|] (<0.63.0>) NO MESSAGE SEND DUE TO RESTRICTION BY MISSION!
[18.06 15:04:16,718|] (<0.63.0>) LESER GESTARTET <6050.49.0>

[18.06 15:04:16,719|] (<0.63.0>)  1 : bla@lab24.cpt.haw-hamburg.de<6050.49.0>020318.06 15:04:12,705|| DLQ: 18.06 15:04:12,709| : true n
[18.06 15:04:16,719|] (<0.63.0>)  2 : bla@lab24.cpt.haw-hamburg.de<6050.49.0>020318.06 15:04:12,705|| HBQ: 18.06 15:04:12,709|18.06 15:04:12,709| : true n
[18.06 15:04:16,720|] (<0.63.0>)  3 : bla@lab24.cpt.haw-hamburg.de<6050.49.0>020318.06 15:04:12,705|| HBQ: 18.06 15:04:12,709|18.06 15:04:12,709| : true *****************

[18.06 15:04:16,721|] (<0.63.0>)  4 : bla@lab24.cpt.haw-hamburg.de<6050.49.0>020318.06 15:04:13,710|| DLQ: 18.06 15:04:13,711| : true *****************

[18.06 15:04:16,721|] (<0.63.0>)  5 : bla@lab24.cpt.haw-hamburg.de<6050.49.0>020318.06 15:04:13,710|| HBQ: 18.06 15:04:13,711|18.06 15:04:13,711| : true n
[18.06 15:04:16,722|] (<0.63.0>)  6 : bla@lab24.cpt.haw-hamburg.de<6050.49.0>020318.06 15:04:13,710|| HBQ: 18.06 15:04:13,711|18.06 15:04:13,712| : true n
[18.06 15:04:16,723|] (<0.63.0>)  7 : bla@lab24.cpt.haw-hamburg.de<6050.49.0>020318.06 15:04:14,712|| DLQ: 18.06 15:04:14,713| : true n
[18.06 15:04:16,723|] (<0.63.0>)  8 : bla@lab24.cpt.haw-hamburg.de<6050.49.0>020318.06 15:04:14,712|| HBQ: 18.06 15:04:14,713|18.06 15:04:14,714| : true n
[18.06 15:04:16,724|] (<0.63.0>)  9 : bla@lab24.cpt.haw-hamburg.de<6050.49.0>020318.06 15:04:14,712|| HBQ: 18.06 15:04:14,713|18.06 15:04:14,714| : true *****************

[18.06 15:04:16,725|] (<0.63.0>)  10 : bla@lab24.cpt.haw-hamburg.de<6050.49.0>020318.06 15:04:15,715|| DLQ: 18.06 15:04:15,716| : true *****************

[18.06 15:04:16,725|] (<0.63.0>)  11 : bla@lab24.cpt.haw-hamburg.de<6050.49.0>020318.06 15:04:15,715|| HBQ: 18.06 15:04:15,716|18.06 15:04:15,716| : true n
[18.06 15:04:16,726|] (<0.63.0>)  12 : bla@lab24.cpt.haw-hamburg.de<6050.49.0>020318.06 15:04:15,715|| HBQ: 18.06 15:04:15,716|18.06 15:04:15,717| : true n
[18.06 15:04:16,727|] (<0.63.0>) Neue Wartezeit gesetzt auf: 2 Sekunden

[18.06 15:04:16,728|] (<0.63.0>) Nummer 16 zugeteilt durch Server
[18.06 15:04:18,730|] (<0.63.0>) SENDE: 16 "bla@lab24.cpt.haw-hamburg.de<6050.49.0>020318.06 15:04:18,730|"
[18.06 15:04:18,732|] (<0.63.0>) Nummer 20 zugeteilt durch Server
[18.06 15:04:20,733|] (<0.63.0>) SENDE: 20 "bla@lab24.cpt.haw-hamburg.de<6050.49.0>020318.06 15:04:20,733|"
[18.06 15:04:20,734|] (<0.63.0>) Nummer 23 zugeteilt durch Server
[18.06 15:04:22,736|] (<0.63.0>) SENDE: 23 "bla@lab24.cpt.haw-hamburg.de<6050.49.0>020318.06 15:04:22,736|"
[18.06 15:04:22,738|] (<0.63.0>) Nummer 26 zugeteilt durch Server
[18.06 15:04:24,739|] (<0.63.0>) SENDE: 26 "bla@lab24.cpt.haw-hamburg.de<6050.49.0>020318.06 15:04:24,739|"
[18.06 15:04:24,741|] (<0.63.0>) Nummer 28 zugeteilt durch Server
[18.06 15:04:26,742|] (<0.63.0>) NO MESSAGE SEND DUE TO RESTRICTION BY MISSION!
[18.06 15:04:26,742|] (<0.63.0>) LESER GESTARTET <6050.49.0>

[18.06 15:04:26,743|] (<0.63.0>)  13 : NIL : true n
[18.06 15:04:26,743|] (<0.63.0>) Neue Wartezeit gesetzt auf: 3 Sekunden

[18.06 15:04:26,745|] (<0.63.0>) Nummer 33 zugeteilt durch Server
[18.06 15:04:29,746|] (<0.63.0>) SENDE: 33 "bla@lab24.cpt.haw-hamburg.de<6050.49.0>020318.06 15:04:29,746|"
[18.06 15:04:29,747|] (<0.63.0>) Nummer 35 zugeteilt durch Server
[18.06 15:04:32,748|] (<0.63.0>) SENDE: 35 "bla@lab24.cpt.haw-hamburg.de<6050.49.0>020318.06 15:04:32,748|"
[18.06 15:04:32,749|] (<0.63.0>) Nummer 39 zugeteilt durch Server
[18.06 15:04:35,751|] (<0.63.0>) SENDE: 39 "bla@lab24.cpt.haw-hamburg.de<6050.49.0>020318.06 15:04:35,751|"
[18.06 15:04:35,764|] (<0.63.0>) Nummer 41 zugeteilt durch Server
[18.06 15:04:38,765|] (<0.63.0>) SENDE: 41 "bla@lab24.cpt.haw-hamburg.de<6050.49.0>020318.06 15:04:38,765|"
[18.06 15:04:38,766|] (<0.63.0>) Nummer 45 zugeteilt durch Server
[18.06 15:04:41,767|] (<0.63.0>) NO MESSAGE SEND DUE TO RESTRICTION BY MISSION!
[18.06 15:04:41,767|] (<0.63.0>) LESER GESTARTET <6050.49.0>

[18.06 15:04:41,770|] (<0.63.0>)  15 : ***Fehlernachricht fuer Nachrichtennummern 13 bis 15 um 18.06 15:04:35,752|
 : true *****************

[18.06 15:04:41,771|] (<0.63.0>)  16 : bla@lab24.cpt.haw-hamburg.de<6050.49.0>020318.06 15:04:18,730|| HBQ: 18.06 15:04:18,731|18.06 15:04:35,752| : true *****************

[18.06 15:04:41,772|] (<0.63.0>)  17 : bla@lab24.cpt.haw-hamburg.de<6050.49.0>020318.06 15:04:18,730|| HBQ: 18.06 15:04:18,731|18.06 15:04:35,753| : true n
[18.06 15:04:41,772|] (<0.63.0>)  18 : bla@lab24.cpt.haw-hamburg.de<6050.49.0>020318.06 15:04:18,730|| HBQ: 18.06 15:04:18,731|18.06 15:04:35,754| : true n
[18.06 15:04:41,773|] (<0.63.0>)  19 : bla@lab24.cpt.haw-hamburg.de<6050.49.0>020318.06 15:04:20,733|| HBQ: 18.06 15:04:20,734|18.06 15:04:35,755| : true n
[18.06 15:04:41,773|] (<0.63.0>)  20 : bla@lab24.cpt.haw-hamburg.de<6050.49.0>020318.06 15:04:20,733|| HBQ: 18.06 15:04:20,734|18.06 15:04:35,756| : true *****************

[18.06 15:04:41,774|] (<0.63.0>)  21 : bla@lab24.cpt.haw-hamburg.de<6050.49.0>020318.06 15:04:20,733|| HBQ: 18.06 15:04:20,735|18.06 15:04:35,757| : true n
[18.06 15:04:41,775|] (<0.63.0>)  22 : bla@lab24.cpt.haw-hamburg.de<6050.49.0>020318.06 15:04:22,736|| HBQ: 18.06 15:04:22,738|18.06 15:04:35,758| : true n
[18.06 15:04:41,775|] (<0.63.0>)  23 : bla@lab24.cpt.haw-hamburg.de<6050.49.0>020318.06 15:04:22,736|| HBQ: 18.06 15:04:22,737|18.06 15:04:35,759| : true *****************

[18.06 15:04:41,776|] (<0.63.0>)  24 : bla@lab24.cpt.haw-hamburg.de<6050.49.0>020318.06 15:04:22,735|| HBQ: 18.06 15:04:22,737|18.06 15:04:35,760| : true n
[18.06 15:04:41,776|] (<0.63.0>)  25 : bla@lab24.cpt.haw-hamburg.de<6050.49.0>020318.06 15:04:24,739|| HBQ: 18.06 15:04:24,741|18.06 15:04:35,761| : true n
[18.06 15:04:41,777|] (<0.63.0>)  26 : bla@lab24.cpt.haw-hamburg.de<6050.49.0>020318.06 15:04:24,739|| HBQ: 18.06 15:04:24,740|18.06 15:04:35,762| : true *****************

[18.06 15:04:41,777|] (<0.63.0>)  27 : bla@lab24.cpt.haw-hamburg.de<6050.49.0>020318.06 15:04:24,739|| HBQ: 18.06 15:04:24,740|18.06 15:04:35,763| : true n
[18.06 15:04:41,777|] (<0.63.0>) Neue Wartezeit gesetzt auf: 5 Sekunden

[18.06 15:04:41,778|] (<0.63.0>) Nummer 48 zugeteilt durch Server
[18.06 15:04:46,779|] (<0.63.0>) SENDE: 48 "bla@lab24.cpt.haw-hamburg.de<6050.49.0>020318.06 15:04:46,779|"
[18.06 15:04:46,780|] (<0.63.0>) Nummer 53 zugeteilt durch Server
[18.06 15:04:51,781|] (<0.63.0>) SENDE: 53 "bla@lab24.cpt.haw-hamburg.de<6050.49.0>020318.06 15:04:51,781|"
[18.06 15:04:51,801|] (<0.63.0>) Nummer 56 zugeteilt durch Server
[18.06 15:04:56,802|] (<0.63.0>) SENDE: 56 "bla@lab24.cpt.haw-hamburg.de<6050.49.0>020318.06 15:04:56,802|"
[18.06 15:04:56,803|] (<0.63.0>) Nummer 60 zugeteilt durch Server
