[24.05 09:57:37,390|] (<0.98.0>) Nummer 29 zugeteilt durch Server
[24.05 09:57:42,422|] (<0.98.0>) SENDE: 29 bla-@-FloUB-{wk1,s1@FloUB}-02-03-24.05 09:57:42,421|
[24.05 09:57:42,468|] (<0.98.0>) Nummer 31 zugeteilt durch Server
[24.05 09:57:47,484|] (<0.98.0>) SENDE: 31 bla-@-FloUB-{wk1,s1@FloUB}-02-03-24.05 09:57:47,484|
[24.05 09:57:47,515|] (<0.98.0>) Nummer 33 zugeteilt durch Server
[24.05 09:57:52,562|] (<0.98.0>) SENDE: 33 bla-@-FloUB-{wk1,s1@FloUB}-02-03-24.05 09:57:52,562|
[24.05 09:57:52,577|] (<0.98.0>) Nummer 35 zugeteilt durch Server
[24.05 09:57:57,594|] (<0.98.0>) SENDE: 35 bla-@-FloUB-{wk1,s1@FloUB}-02-03-24.05 09:57:57,593|
[24.05 09:57:57,625|] (<0.98.0>) Nummer 37 zugeteilt durch Server
[24.05 09:58:02,640|] (<0.98.0>) NO MESSAGE SEND DUE TO RESTRICTION BY MISSION!
[24.05 09:58:02,640|] (<0.98.0>) LESER GESTARTET {wk1,s1@FloUB}

[24.05 09:58:03,421|] (<0.98.0>)  1 : bla-@-FloUB-{wk1,s1@FloUB}-02-03-24.05 09:01:11,207| |To HBQ: 24.05 09:01:11,200| |To DLQ: 24.05 09:08:49,653| : true n
[24.05 09:58:03,593|] (<0.98.0>)  2 : ****Fehlernachricht (Lueckenfueller) fuer Nachricht 2 bis 2 um  24.05 09:08:49,669| : true n
[24.05 09:58:03,765|] (<0.98.0>)  3 : bla-@-FloUB-{wk1,s1@FloUB}-02-03-24.05 09:08:29,597| |To HBQ: 24.05 09:08:29,591| |To DLQ: 24.05 09:08:49,669| : true n
[24.05 09:58:03,922|] (<0.98.0>)  4 : bla-@-FloUB-{wk1,s1@FloUB}-02-03-24.05 09:08:34,613| |To HBQ: 24.05 09:08:34,606| |To DLQ: 24.05 09:08:49,684| : true n
[24.05 09:58:04,094|] (<0.98.0>)  5 : bla-@-FloUB-{wk1,s1@FloUB}-02-03-24.05 09:08:39,629| |To HBQ: 24.05 09:08:39,622| |To DLQ: 24.05 09:08:49,700| : true n
[24.05 09:58:04,265|] (<0.98.0>)  6 : bla-@-FloUB-{wk1,s1@FloUB}-02-03-24.05 09:08:44,644| |To HBQ: 24.05 09:08:44,637| |To DLQ: 24.05 09:08:49,700| : true n
[24.05 09:58:04,547|] (<0.98.0>)  7 : ****Fehlernachricht (Lueckenfueller) fuer Nachricht 7 bis 7 um  24.05 09:09:04,966| : true n
[24.05 09:58:05,000|] (<0.98.0>)  8 : bla-@-FloUB-{wk1,s1@FloUB}-02-03-24.05 09:08:52,894| |To HBQ: 24.05 09:08:52,887| |To DLQ: 24.05 09:09:04,981| : true n
[24.05 09:58:05,437|] (<0.98.0>)  9 : bla-@-FloUB-{wk1,s1@FloUB}-02-03-24.05 09:08:55,910| |To HBQ: 24.05 09:08:55,903| |To DLQ: 24.05 09:09:05,997| : true n
[24.05 09:58:05,875|] (<0.98.0>)  10 : bla-@-FloUB-{wk1,s1@FloUB}-02-03-24.05 09:08:58,926| |To HBQ: 24.05 09:08:58,919| |To DLQ: 24.05 09:09:05,012| : true n
[24.05 09:58:06,312|] (<0.98.0>)  11 : bla-@-FloUB-{wk1,s1@FloUB}-02-03-24.05 09:09:01,940| |To HBQ: 24.05 09:09:01,934| |To DLQ: 24.05 09:09:05,028| : true n
[24.05 09:58:06,765|] (<0.98.0>)  12 : ****Fehlernachricht (Lueckenfueller) fuer Nachricht 12 bis 12 um  24.05 09:58:02,592| : true n
[24.05 09:58:07,234|] (<0.98.0>)  13 : bla-@-FloUB-{wk1,s1@FloUB}-02-03-24.05 09:09:10,254| |To HBQ: 24.05 09:09:10,247| |To DLQ: 24.05 09:58:02,623| : true n
[24.05 09:58:07,687|] (<0.98.0>)  14 : bla-@-FloUB-{wk1,s1@FloUB}-02-03-24.05 09:09:15,269| |To HBQ: 24.05 09:09:15,262| |To DLQ: 24.05 09:58:02,670| : true n
[24.05 09:58:08,140|] (<0.98.0>)  15 : bla-@-FloUB-{wk1,s1@FloUB}-02-03-24.05 09:09:20,284| |To HBQ: 24.05 09:09:20,278| |To DLQ: 24.05 09:58:02,701| : true n
[24.05 09:58:08,593|] (<0.98.0>)  16 : bla-@-FloUB-{wk1,s1@FloUB}-02-03-24.05 09:09:25,300| |To HBQ: 24.05 09:09:25,294| |To DLQ: 24.05 09:58:02,732| : true n
[24.05 09:58:09,030|] (<0.98.0>)  17 : ****Fehlernachricht (Lueckenfueller) fuer Nachricht 17 bis 18 um  24.05 09:58:02,748| : true n
[24.05 09:58:09,468|] (<0.98.0>)  19 : bla-@-FloUB-{wk1,s1@FloUB}-02-03-24.05 09:28:48,734| |To HBQ: 24.05 09:28:48,732| |To DLQ: 24.05 09:58:02,779| : true n
[24.05 09:58:09,906|] (<0.98.0>)  20 : bla-@-FloUB-{wk1,s1@FloUB}-02-03-24.05 09:31:50,407| |To HBQ: 24.05 09:31:50,404| |To DLQ: 24.05 09:58:02,826| : true n
[24.05 09:58:10,343|] (<0.98.0>)  21 : bla-@-FloUB-{wk1,s1@FloUB}-02-03-24.05 09:31:55,437| |To HBQ: 24.05 09:31:55,435| |To DLQ: 24.05 09:58:02,857| : true n
[24.05 09:58:10,781|] (<0.98.0>)  22 : bla-@-FloUB-{wk1,s1@FloUB}-02-03-24.05 09:32:00,470| |To HBQ: 24.05 09:32:00,467| |To DLQ: 24.05 09:58:02,888| : true n
[24.05 09:58:11,219|] (<0.98.0>)  23 : ****Fehlernachricht (Lueckenfueller) fuer Nachricht 23 bis 23 um  24.05 09:58:02,920| : true n
[24.05 09:58:11,640|] (<0.98.0>)  24 : bla-@-FloUB-{wk1,s1@FloUB}-02-03-24.05 09:34:05,786| |To HBQ: 24.05 09:34:05,795| |To DLQ: 24.05 09:58:02,935| : true n
[24.05 09:58:12,078|] (<0.98.0>)  25 : bla-@-FloUB-{wk1,s1@FloUB}-02-03-24.05 09:34:05,786| |To HBQ: 24.05 09:34:05,779| |To DLQ: 24.05 09:58:02,967| : true n
[24.05 09:58:12,531|] (<0.98.0>)  26 : ****Fehlernachricht (Lueckenfueller) fuer Nachricht 26 bis 27 um  24.05 09:58:03,998| : true n
[24.05 09:58:13,000|] (<0.98.0>)  28 : bla-@-FloUB-{wk1,s1@FloUB}-02-03-24.05 09:57:42,406| |To HBQ: 24.05 09:57:42,420| |To DLQ: 24.05 09:58:03,029| : true n
[24.05 09:58:13,437|] (<0.98.0>)  29 : bla-@-FloUB-{wk1,s1@FloUB}-02-03-24.05 09:57:42,421| |To HBQ: 24.05 09:57:42,451| |To DLQ: 24.05 09:58:03,076| : true *****************

[24.05 09:58:13,890|] (<0.98.0>)  30 : bla-@-FloUB-{wk1,s1@FloUB}-02-03-24.05 09:57:47,468| |To HBQ: 24.05 09:57:47,467| |To DLQ: 24.05 09:58:03,107| : true n
[24.05 09:58:14,343|] (<0.98.0>)  31 : bla-@-FloUB-{wk1,s1@FloUB}-02-03-24.05 09:57:47,484| |To HBQ: 24.05 09:57:47,482| |To DLQ: 24.05 09:58:03,138| : true *****************

[24.05 09:58:14,797|] (<0.98.0>)  32 : bla-@-FloUB-{wk1,s1@FloUB}-02-03-24.05 09:57:52,515| |To HBQ: 24.05 09:57:52,513| |To DLQ: 24.05 09:58:03,170| : true n
[24.05 09:58:15,234|] (<0.98.0>)  33 : bla-@-FloUB-{wk1,s1@FloUB}-02-03-24.05 09:57:52,562| |To HBQ: 24.05 09:57:52,560| |To DLQ: 24.05 09:58:03,201| : true *****************

[24.05 09:58:15,687|] (<0.98.0>)  34 : bla-@-FloUB-{wk1,s1@FloUB}-02-03-24.05 09:57:57,547| |To HBQ: 24.05 09:57:57,545| |To DLQ: 24.05 09:58:03,232| : true n
[24.05 09:58:16,125|] (<0.98.0>)  35 : bla-@-FloUB-{wk1,s1@FloUB}-02-03-24.05 09:57:57,593| |To HBQ: 24.05 09:57:57,592| |To DLQ: 24.05 09:58:03,263| : true *****************

[24.05 09:58:16,125|] (<0.98.0>) Neue Wartezeit gesetzt auf: 3 Sekunden

[24.05 09:58:16,265|] (<0.98.0>) Nummer 39 zugeteilt durch Server
[24.05 09:58:19,281|] (<0.98.0>) SENDE: 39 bla-@-FloUB-{wk1,s1@FloUB}-02-03-24.05 09:58:19,281|
[24.05 09:58:19,281|] (<0.98.0>) Nummer 40 zugeteilt durch Server
[24.05 09:58:22,297|] (<0.98.0>) SENDE: 40 bla-@-FloUB-{wk1,s1@FloUB}-02-03-24.05 09:58:22,296|
[24.05 09:58:22,297|] (<0.98.0>) Nummer 42 zugeteilt durch Server
[24.05 09:58:25,328|] (<0.98.0>) SENDE: 42 bla-@-FloUB-{wk1,s1@FloUB}-02-03-24.05 09:58:25,328|
[24.05 09:58:25,344|] (<0.98.0>) Nummer 44 zugeteilt durch Server
[24.05 09:58:28,375|] (<0.98.0>) SENDE: 44 bla-@-FloUB-{wk1,s1@FloUB}-02-03-24.05 09:58:28,375|
[24.05 09:58:28,390|] (<0.98.0>) Nummer 47 zugeteilt durch Server
[24.05 09:58:31,421|] (<0.98.0>) NO MESSAGE SEND DUE TO RESTRICTION BY MISSION!
[24.05 09:58:31,422|] (<0.98.0>) LESER GESTARTET {wk1,s1@FloUB}

[24.05 09:58:31,968|] (<0.98.0>)  36 : ****Fehlernachricht (Lueckenfueller) fuer Nachricht 36 bis 37 um  24.05 09:58:31,404| : true n
[24.05 09:58:32,171|] (<0.98.0>)  38 : bla-@-FloUB-{wk1,s1@FloUB}-02-03-24.05 09:58:19,281| |To HBQ: 24.05 09:58:19,279| |To DLQ: 24.05 09:58:31,467| : true n
[24.05 09:58:32,390|] (<0.98.0>)  39 : bla-@-FloUB-{wk1,s1@FloUB}-02-03-24.05 09:58:19,281| |To HBQ: 24.05 09:58:19,279| |To DLQ: 24.05 09:58:31,513| : true *****************

[24.05 09:58:32,609|] (<0.98.0>)  40 : bla-@-FloUB-{wk1,s1@FloUB}-02-03-24.05 09:58:22,296| |To HBQ: 24.05 09:58:22,295| |To DLQ: 24.05 09:58:31,560| : true *****************

[24.05 09:58:32,827|] (<0.98.0>)  41 : bla-@-FloUB-{wk1,s1@FloUB}-02-03-24.05 09:58:22,312| |To HBQ: 24.05 09:58:22,310| |To DLQ: 24.05 09:58:31,607| : true n
[24.05 09:58:33,030|] (<0.98.0>)  42 : bla-@-FloUB-{wk1,s1@FloUB}-02-03-24.05 09:58:25,328| |To HBQ: 24.05 09:58:25,326| |To DLQ: 24.05 09:58:31,638| : true *****************

[24.05 09:58:33,328|] (<0.98.0>)  43 : bla-@-FloUB-{wk1,s1@FloUB}-02-03-24.05 09:58:25,343| |To HBQ: 24.05 09:58:25,342| |To DLQ: 24.05 09:58:31,685| : true n
[24.05 09:58:33,906|] (<0.98.0>)  44 : bla-@-FloUB-{wk1,s1@FloUB}-02-03-24.05 09:58:28,375| |To HBQ: 24.05 09:58:28,388| |To DLQ: 24.05 09:58:31,717| : true *****************

[24.05 09:58:34,515|] (<0.98.0>)  45 : bla-@-FloUB-{wk1,s1@FloUB}-02-03-24.05 09:58:28,375| |To HBQ: 24.05 09:58:28,373| |To DLQ: 24.05 09:58:31,763| : true n
[24.05 09:58:34,515|] (<0.98.0>) Neue Wartezeit gesetzt auf: 5 Sekunden

[24.05 09:58:34,672|] (<0.98.0>) Nummer 49 zugeteilt durch Server
[24.05 09:58:39,687|] (<0.98.0>) SENDE: 49 bla-@-FloUB-{wk1,s1@FloUB}-02-03-24.05 09:58:39,687|
[24.05 09:58:39,781|] (<0.98.0>) Nummer 50 zugeteilt durch Server
[24.05 09:58:44,797|] (<0.98.0>) SENDE: 50 bla-@-FloUB-{wk1,s1@FloUB}-02-03-24.05 09:58:44,797|
[24.05 09:58:44,812|] (<0.98.0>) Nummer 53 zugeteilt durch Server
[24.05 09:58:49,844|] (<0.98.0>) SENDE: 53 bla-@-FloUB-{wk1,s1@FloUB}-02-03-24.05 09:58:49,843|
[24.05 09:58:49,844|] (<0.98.0>) Nummer 55 zugeteilt durch Server
[24.05 09:58:54,859|] (<0.98.0>) SENDE: 55 bla-@-FloUB-{wk1,s1@FloUB}-02-03-24.05 09:58:54,859|
[24.05 09:58:54,875|] (<0.98.0>) Nummer 56 zugeteilt durch Server
[24.05 09:58:59,890|] (<0.98.0>) NO MESSAGE SEND DUE TO RESTRICTION BY MISSION!
[24.05 09:58:59,890|] (<0.98.0>) LESER GESTARTET {wk1,s1@FloUB}

[24.05 09:59:00,219|] (<0.98.0>)  46 : ****Fehlernachricht (Lueckenfueller) fuer Nachricht 46 bis 47 um  24.05 09:58:59,888| : true n
[24.05 09:59:00,453|] (<0.98.0>)  48 : bla-@-FloUB-{wk1,s1@FloUB}-02-03-24.05 09:58:39,687| |To HBQ: 24.05 09:58:39,686| |To DLQ: 24.05 09:58:59,967| : true n
[24.05 09:59:00,702|] (<0.98.0>)  49 : bla-@-FloUB-{wk1,s1@FloUB}-02-03-24.05 09:58:39,687| |To HBQ: 24.05 09:58:39,686| |To DLQ: 24.05 09:59:00,045| : true *****************

[24.05 09:59:00,937|] (<0.98.0>)  50 : bla-@-FloUB-{wk1,s1@FloUB}-02-03-24.05 09:58:44,797| |To HBQ: 24.05 09:58:44,796| |To DLQ: 24.05 09:59:00,107| : true *****************

[24.05 09:59:00,937|] (<0.98.0>) Neue Wartezeit gesetzt auf: 8 Sekunden

[24.05 09:59:01,125|] (<0.98.0>) Nummer 58 zugeteilt durch Server
