[17.06 21:40:47,004|] (<0.61.0>) Nummer 1 zugeteilt durch Server
[17.06 21:40:48,035|] (<0.61.0>) SENDE: 1 bla-@-FloUB-{wk3,s1@FloUB}-02-03-17.06 21:40:48,034|
[17.06 21:40:48,035|] (<0.61.0>) Nummer 3 zugeteilt durch Server
[17.06 21:40:49,051|] (<0.61.0>) SENDE: 3 bla-@-FloUB-{wk3,s1@FloUB}-02-03-17.06 21:40:49,050|
[17.06 21:40:49,051|] (<0.61.0>) Nummer 5 zugeteilt durch Server
[17.06 21:40:50,082|] (<0.61.0>) SENDE: 5 bla-@-FloUB-{wk3,s1@FloUB}-02-03-17.06 21:40:50,082|
[17.06 21:40:50,082|] (<0.61.0>) Nummer 7 zugeteilt durch Server
[17.06 21:40:51,098|] (<0.61.0>) SENDE: 7 bla-@-FloUB-{wk3,s1@FloUB}-02-03-17.06 21:40:51,098|
[17.06 21:40:51,098|] (<0.61.0>) Nummer 9 zugeteilt durch Server
[17.06 21:40:52,113|] (<0.61.0>) NO MESSAGE SEND DUE TO RESTRICTION BY MISSION!
[17.06 21:40:52,113|] (<0.61.0>) LESER GESTARTET {wk3,s1@FloUB}

[17.06 21:40:52,113|] (<0.61.0>)  1 : bla-@-FloUB-{wk3,s1@FloUB}-02-03-17.06 21:40:48,034| |To HBQ: 17.06 21:40:48,033| |To DLQ: 17.06 21:40:52,111| : true *****************

[17.06 21:40:52,113|] (<0.61.0>)  2 : bla-@-FloUB-{wk3,s1@FloUB}-02-03-17.06 21:40:48,050| |To HBQ: 17.06 21:40:48,049| |To DLQ: 17.06 21:40:52,111| : true n
[17.06 21:40:52,129|] (<0.61.0>)  3 : bla-@-FloUB-{wk3,s1@FloUB}-02-03-17.06 21:40:49,050| |To HBQ: 17.06 21:40:49,049| |To DLQ: 17.06 21:40:52,111| : true *****************

[17.06 21:40:52,129|] (<0.61.0>)  4 : bla-@-FloUB-{wk3,s1@FloUB}-02-03-17.06 21:40:49,082| |To HBQ: 17.06 21:40:49,080| |To DLQ: 17.06 21:40:52,111| : true n
[17.06 21:40:52,129|] (<0.61.0>)  5 : bla-@-FloUB-{wk3,s1@FloUB}-02-03-17.06 21:40:50,082| |To HBQ: 17.06 21:40:50,080| |To DLQ: 17.06 21:40:52,111| : true *****************

[17.06 21:40:52,144|] (<0.61.0>)  6 : bla-@-FloUB-{wk3,s1@FloUB}-02-03-17.06 21:40:50,098| |To HBQ: 17.06 21:40:50,096| |To DLQ: 17.06 21:40:52,111| : true n
[17.06 21:40:52,144|] (<0.61.0>)  7 : bla-@-FloUB-{wk3,s1@FloUB}-02-03-17.06 21:40:51,098| |To HBQ: 17.06 21:40:51,096| |To DLQ: 17.06 21:40:52,111| : true *****************

[17.06 21:40:52,144|] (<0.61.0>)  8 : bla-@-FloUB-{wk3,s1@FloUB}-02-03-17.06 21:40:51,129| |To HBQ: 17.06 21:40:51,127| |To DLQ: 17.06 21:40:52,111| : true n
[17.06 21:40:52,159|] (<0.61.0>) Neue Wartezeit gesetzt auf: 2 Sekunden

[17.06 21:40:52,160|] (<0.61.0>) Nummer 11 zugeteilt durch Server
[17.06 21:40:54,191|] (<0.61.0>) SENDE: 11 bla-@-FloUB-{wk3,s1@FloUB}-02-03-17.06 21:40:54,191|
[17.06 21:40:54,191|] (<0.61.0>) Nummer 13 zugeteilt durch Server
[17.06 21:40:56,207|] (<0.61.0>) SENDE: 13 bla-@-FloUB-{wk3,s1@FloUB}-02-03-17.06 21:40:56,207|
[17.06 21:40:56,223|] (<0.61.0>) Nummer 15 zugeteilt durch Server
[17.06 21:40:58,238|] (<0.61.0>) SENDE: 15 bla-@-FloUB-{wk3,s1@FloUB}-02-03-17.06 21:40:58,238|
[17.06 21:40:58,254|] (<0.61.0>) Nummer 17 zugeteilt durch Server
[17.06 21:41:00,269|] (<0.61.0>) SENDE: 17 bla-@-FloUB-{wk3,s1@FloUB}-02-03-17.06 21:41:00,269|
[17.06 21:41:00,269|] (<0.61.0>) Nummer 19 zugeteilt durch Server
[17.06 21:41:02,284|] (<0.61.0>) NO MESSAGE SEND DUE TO RESTRICTION BY MISSION!
[17.06 21:41:02,285|] (<0.61.0>) LESER GESTARTET {wk3,s1@FloUB}

[17.06 21:41:02,285|] (<0.61.0>)  1 : bla-@-FloUB-{wk3,s1@FloUB}-02-03-17.06 21:40:48,034| |To HBQ: 17.06 21:40:48,033| |To DLQ: 17.06 21:40:52,111| : true *****************

[17.06 21:41:02,285|] (<0.61.0>)  2 : bla-@-FloUB-{wk3,s1@FloUB}-02-03-17.06 21:40:48,050| |To HBQ: 17.06 21:40:48,049| |To DLQ: 17.06 21:40:52,111| : true n
[17.06 21:41:02,301|] (<0.61.0>)  3 : bla-@-FloUB-{wk3,s1@FloUB}-02-03-17.06 21:40:49,050| |To HBQ: 17.06 21:40:49,049| |To DLQ: 17.06 21:40:52,111| : true *****************

[17.06 21:41:02,301|] (<0.61.0>)  4 : bla-@-FloUB-{wk3,s1@FloUB}-02-03-17.06 21:40:49,082| |To HBQ: 17.06 21:40:49,080| |To DLQ: 17.06 21:40:52,111| : true n
[17.06 21:41:02,316|] (<0.61.0>)  5 : bla-@-FloUB-{wk3,s1@FloUB}-02-03-17.06 21:40:50,082| |To HBQ: 17.06 21:40:50,080| |To DLQ: 17.06 21:40:52,111| : true *****************

[17.06 21:41:02,332|] (<0.61.0>)  6 : bla-@-FloUB-{wk3,s1@FloUB}-02-03-17.06 21:40:50,098| |To HBQ: 17.06 21:40:50,096| |To DLQ: 17.06 21:40:52,111| : true n
[17.06 21:41:02,347|] (<0.61.0>)  7 : bla-@-FloUB-{wk3,s1@FloUB}-02-03-17.06 21:40:51,098| |To HBQ: 17.06 21:40:51,096| |To DLQ: 17.06 21:40:52,111| : true *****************

[17.06 21:41:02,348|] (<0.61.0>)  8 : bla-@-FloUB-{wk3,s1@FloUB}-02-03-17.06 21:40:51,129| |To HBQ: 17.06 21:40:51,127| |To DLQ: 17.06 21:40:52,111| : true n
[17.06 21:41:02,363|] (<0.61.0>)  9 : ****Fehlernachricht (Lueckenfueller) fuer Nachricht 9 bis 10 um  17.06 21:41:02,283| : true *****************

[17.06 21:41:02,379|] (<0.61.0>)  11 : bla-@-FloUB-{wk3,s1@FloUB}-02-03-17.06 21:40:54,191| |To HBQ: 17.06 21:40:54,189| |To DLQ: 17.06 21:41:02,283| : true *****************

[17.06 21:41:02,379|] (<0.61.0>)  12 : bla-@-FloUB-{wk3,s1@FloUB}-02-03-17.06 21:40:54,223| |To HBQ: 17.06 21:40:54,221| |To DLQ: 17.06 21:41:02,283| : true n
[17.06 21:41:02,394|] (<0.61.0>)  13 : bla-@-FloUB-{wk3,s1@FloUB}-02-03-17.06 21:40:56,207| |To HBQ: 17.06 21:40:56,205| |To DLQ: 17.06 21:41:02,283| : true *****************

[17.06 21:41:02,409|] (<0.61.0>)  14 : bla-@-FloUB-{wk3,s1@FloUB}-02-03-17.06 21:40:56,238| |To HBQ: 17.06 21:40:56,236| |To DLQ: 17.06 21:41:02,283| : true n
[17.06 21:41:02,410|] (<0.61.0>)  15 : bla-@-FloUB-{wk3,s1@FloUB}-02-03-17.06 21:40:58,238| |To HBQ: 17.06 21:40:58,236| |To DLQ: 17.06 21:41:02,283| : true *****************

[17.06 21:41:02,426|] (<0.61.0>)  16 : bla-@-FloUB-{wk3,s1@FloUB}-02-03-17.06 21:40:58,269| |To HBQ: 17.06 21:40:58,267| |To DLQ: 17.06 21:41:02,283| : true n
[17.06 21:41:02,441|] (<0.61.0>)  17 : bla-@-FloUB-{wk3,s1@FloUB}-02-03-17.06 21:41:00,269| |To HBQ: 17.06 21:41:00,267| |To DLQ: 17.06 21:41:02,283| : true *****************

[17.06 21:41:02,441|] (<0.61.0>)  18 : bla-@-FloUB-{wk3,s1@FloUB}-02-03-17.06 21:41:00,284| |To HBQ: 17.06 21:41:00,283| |To DLQ: 17.06 21:41:02,283| : true n
[17.06 21:41:02,441|] (<0.61.0>) Neue Wartezeit gesetzt auf: 3 Sekunden

[17.06 21:41:02,457|] (<0.61.0>) Nummer 21 zugeteilt durch Server
[17.06 21:41:05,473|] (<0.61.0>) SENDE: 21 bla-@-FloUB-{wk3,s1@FloUB}-02-03-17.06 21:41:05,472|
[17.06 21:41:05,473|] (<0.61.0>) Nummer 23 zugeteilt durch Server
[17.06 21:41:08,488|] (<0.61.0>) SENDE: 23 bla-@-FloUB-{wk3,s1@FloUB}-02-03-17.06 21:41:08,488|
[17.06 21:41:08,488|] (<0.61.0>) Nummer 25 zugeteilt durch Server
[17.06 21:41:11,504|] (<0.61.0>) SENDE: 25 bla-@-FloUB-{wk3,s1@FloUB}-02-03-17.06 21:41:11,504|
[17.06 21:41:11,519|] (<0.61.0>) Nummer 27 zugeteilt durch Server
[17.06 21:41:14,535|] (<0.61.0>) SENDE: 27 bla-@-FloUB-{wk3,s1@FloUB}-02-03-17.06 21:41:14,535|
[17.06 21:41:14,551|] (<0.61.0>) Nummer 30 zugeteilt durch Server
[17.06 21:41:17,565|] (<0.61.0>) NO MESSAGE SEND DUE TO RESTRICTION BY MISSION!
[17.06 21:41:17,566|] (<0.61.0>) LESER GESTARTET {wk3,s1@FloUB}

[17.06 21:41:17,566|] (<0.61.0>)  1 : bla-@-FloUB-{wk3,s1@FloUB}-02-03-17.06 21:40:48,034| |To HBQ: 17.06 21:40:48,033| |To DLQ: 17.06 21:40:52,111| : true *****************

[17.06 21:41:17,566|] (<0.61.0>)  2 : bla-@-FloUB-{wk3,s1@FloUB}-02-03-17.06 21:40:48,050| |To HBQ: 17.06 21:40:48,049| |To DLQ: 17.06 21:40:52,111| : true n
[17.06 21:41:17,582|] (<0.61.0>)  3 : bla-@-FloUB-{wk3,s1@FloUB}-02-03-17.06 21:40:49,050| |To HBQ: 17.06 21:40:49,049| |To DLQ: 17.06 21:40:52,111| : true *****************

[17.06 21:41:17,582|] (<0.61.0>)  4 : bla-@-FloUB-{wk3,s1@FloUB}-02-03-17.06 21:40:49,082| |To HBQ: 17.06 21:40:49,080| |To DLQ: 17.06 21:40:52,111| : true n
[17.06 21:41:17,597|] (<0.61.0>)  5 : bla-@-FloUB-{wk3,s1@FloUB}-02-03-17.06 21:40:50,082| |To HBQ: 17.06 21:40:50,080| |To DLQ: 17.06 21:40:52,111| : true *****************

[17.06 21:41:17,598|] (<0.61.0>)  6 : bla-@-FloUB-{wk3,s1@FloUB}-02-03-17.06 21:40:50,098| |To HBQ: 17.06 21:40:50,096| |To DLQ: 17.06 21:40:52,111| : true n
[17.06 21:41:17,613|] (<0.61.0>)  7 : bla-@-FloUB-{wk3,s1@FloUB}-02-03-17.06 21:40:51,098| |To HBQ: 17.06 21:40:51,096| |To DLQ: 17.06 21:40:52,111| : true *****************

[17.06 21:41:17,613|] (<0.61.0>)  8 : bla-@-FloUB-{wk3,s1@FloUB}-02-03-17.06 21:40:51,129| |To HBQ: 17.06 21:40:51,127| |To DLQ: 17.06 21:40:52,111| : true n
[17.06 21:41:17,613|] (<0.61.0>)  9 : ****Fehlernachricht (Lueckenfueller) fuer Nachricht 9 bis 10 um  17.06 21:41:02,283| : true *****************

[17.06 21:41:17,629|] (<0.61.0>)  11 : bla-@-FloUB-{wk3,s1@FloUB}-02-03-17.06 21:40:54,191| |To HBQ: 17.06 21:40:54,189| |To DLQ: 17.06 21:41:02,283| : true *****************

[17.06 21:41:17,629|] (<0.61.0>)  12 : bla-@-FloUB-{wk3,s1@FloUB}-02-03-17.06 21:40:54,223| |To HBQ: 17.06 21:40:54,221| |To DLQ: 17.06 21:41:02,283| : true n
[17.06 21:41:17,629|] (<0.61.0>)  13 : bla-@-FloUB-{wk3,s1@FloUB}-02-03-17.06 21:40:56,207| |To HBQ: 17.06 21:40:56,205| |To DLQ: 17.06 21:41:02,283| : true *****************

[17.06 21:41:17,644|] (<0.61.0>)  14 : bla-@-FloUB-{wk3,s1@FloUB}-02-03-17.06 21:40:56,238| |To HBQ: 17.06 21:40:56,236| |To DLQ: 17.06 21:41:02,283| : true n
[17.06 21:41:17,644|] (<0.61.0>)  15 : bla-@-FloUB-{wk3,s1@FloUB}-02-03-17.06 21:40:58,238| |To HBQ: 17.06 21:40:58,236| |To DLQ: 17.06 21:41:02,283| : true *****************

[17.06 21:41:17,660|] (<0.61.0>)  16 : bla-@-FloUB-{wk3,s1@FloUB}-02-03-17.06 21:40:58,269| |To HBQ: 17.06 21:40:58,267| |To DLQ: 17.06 21:41:02,283| : true n
[17.06 21:41:17,660|] (<0.61.0>)  17 : bla-@-FloUB-{wk3,s1@FloUB}-02-03-17.06 21:41:00,269| |To HBQ: 17.06 21:41:00,267| |To DLQ: 17.06 21:41:02,283| : true *****************

[17.06 21:41:17,676|] (<0.61.0>)  18 : bla-@-FloUB-{wk3,s1@FloUB}-02-03-17.06 21:41:00,284| |To HBQ: 17.06 21:41:00,283| |To DLQ: 17.06 21:41:02,283| : true n
[17.06 21:41:17,676|] (<0.61.0>)  19 : ****Fehlernachricht (Lueckenfueller) fuer Nachricht 19 bis 20 um  17.06 21:41:17,564| : true *****************

[17.06 21:41:17,676|] (<0.61.0>)  21 : bla-@-FloUB-{wk3,s1@FloUB}-02-03-17.06 21:41:05,472| |To HBQ: 17.06 21:41:05,471| |To DLQ: 17.06 21:41:17,564| : true *****************

[17.06 21:41:17,691|] (<0.61.0>)  22 : bla-@-FloUB-{wk3,s1@FloUB}-02-03-17.06 21:41:05,488| |To HBQ: 17.06 21:41:05,486| |To DLQ: 17.06 21:41:17,564| : true n
[17.06 21:41:17,706|] (<0.61.0>)  23 : bla-@-FloUB-{wk3,s1@FloUB}-02-03-17.06 21:41:08,488| |To HBQ: 17.06 21:41:08,486| |To DLQ: 17.06 21:41:17,564| : true *****************

[17.06 21:41:17,707|] (<0.61.0>)  24 : bla-@-FloUB-{wk3,s1@FloUB}-02-03-17.06 21:41:08,504| |To HBQ: 17.06 21:41:08,502| |To DLQ: 17.06 21:41:17,564| : true n
[17.06 21:41:17,707|] (<0.61.0>)  25 : bla-@-FloUB-{wk3,s1@FloUB}-02-03-17.06 21:41:11,504| |To HBQ: 17.06 21:41:11,502| |To DLQ: 17.06 21:41:17,564| : true *****************

[17.06 21:41:17,723|] (<0.61.0>)  26 : bla-@-FloUB-{wk3,s1@FloUB}-02-03-17.06 21:41:11,519| |To HBQ: 17.06 21:41:11,517| |To DLQ: 17.06 21:41:17,564| : true n
[17.06 21:41:17,723|] (<0.61.0>)  27 : bla-@-FloUB-{wk3,s1@FloUB}-02-03-17.06 21:41:14,535| |To HBQ: 17.06 21:41:14,533| |To DLQ: 17.06 21:41:17,564| : true *****************

[17.06 21:41:17,723|] (<0.61.0>)  28 : bla-@-FloUB-{wk3,s1@FloUB}-02-03-17.06 21:41:14,535| |To HBQ: 17.06 21:41:14,533| |To DLQ: 17.06 21:41:17,564| : true n
[17.06 21:41:17,723|] (<0.61.0>) Neue Wartezeit gesetzt auf: 5 Sekunden

[17.06 21:41:17,738|] (<0.61.0>) Nummer 31 zugeteilt durch Server
[17.06 21:41:22,754|] (<0.61.0>) SENDE: 31 bla-@-FloUB-{wk3,s1@FloUB}-02-03-17.06 21:41:22,754|
[17.06 21:41:22,785|] (<0.61.0>) Nummer 33 zugeteilt durch Server
[17.06 21:41:27,801|] (<0.61.0>) SENDE: 33 bla-@-FloUB-{wk3,s1@FloUB}-02-03-17.06 21:41:27,801|
[17.06 21:41:27,816|] (<0.61.0>) Nummer 35 zugeteilt durch Server
[17.06 21:41:32,832|] (<0.61.0>) SENDE: 35 bla-@-FloUB-{wk3,s1@FloUB}-02-03-17.06 21:41:32,831|
[17.06 21:41:32,863|] (<0.61.0>) Nummer 37 zugeteilt durch Server
