ggt:locally registering <0.80.0>; name is ''111_6'':(01.06 13:33:19,818|)
ggt: <0.80.0> bound as service {'111_6',ggt_they@Mine}:(01.06 13:33:19,818|)
ggt:'111_6' (initial)::<0.80.0> checkin in to coordinator {coord,coord@Mine} as service '111_6':(01.06 13:33:19,818|)
ggt:'111_6' (initial)::waiting for neighbours to be set:(01.06 13:33:19,818|)
ggt:'111_6' (initial)::initializing neighbours::l='113_3'({'113_3',ggt_you@Mine}), r='113_4'({'113_4',ggt_you@Mine}):(01.06 13:33:34,435|)
ggt:'111_6' (initial)::transition to pre process state: left neighbour='113_3', right neigbour='113_4':(01.06 13:33:34,435|)
ggt:'111_6' (pre_process)::waiting for mi to be set:(01.06 13:33:34,435|)
ggt:'111_6' (pre_process)::receiving set_pmi 8275403565:(01.06 13:33:50,814|)
ggt:'111_6' (processing)::mi event:: storing event time=01.06 13:33:50,814|:(01.06 13:33:50,814|)
ggt:'111_6' (processing)::mi event:: (re)setting timer:(01.06 13:33:50,814|)
ggt:'111_6' (processing)::starting vote:: mi is 8275403565:(01.06 13:33:52,827|)
ggt:'111_6' (voting)::accept vote from '113_4'::routing to '113_3'::time since last mi event 2(s):(01.06 13:33:52,827|)
ggt:'111_6' (voting)::accept vote from '111_7'::routing to '113_3'::time since last mi event 2(s):(01.06 13:33:52,827|)
ggt:'111_6' (voting)::accept vote from '112_3'::routing to '113_3'::time since last mi event 2(s):(01.06 13:33:52,827|)
ggt:'111_6' (voting)::accept vote from '112_7'::routing to '113_3'::time since last mi event 2(s):(01.06 13:33:52,827|)
ggt:'111_6' (voting)::accept vote from '111_4'::routing to '113_3'::time since last mi event 2(s):(01.06 13:33:52,827|)
ggt:'111_6' (voting)::accept vote from '111_2'::routing to '113_3'::time since last mi event 2(s):(01.06 13:33:52,827|)
ggt:'111_6' (voting)::accept vote from '111_3'::routing to '113_3'::time since last mi event 2(s):(01.06 13:33:52,827|)
ggt:'111_6' (voting)::accept vote from '113_5'::routing to '113_3'::time since last mi event 2(s):(01.06 13:33:52,827|)
ggt:'111_6' (voting)::accept vote from '111_5'::routing to '113_3'::time since last mi event 2(s):(01.06 13:33:52,827|)
ggt:'111_6' (voting)::accept vote from '111_5'::routing to '113_3'::time since last mi event 4(s):(01.06 13:33:54,839|)
ggt:'111_6' (voting)::accept vote from '111_1'::routing to '113_3'::time since last mi event 4(s):(01.06 13:33:54,839|)
ggt:'111_6' (voting)::receiving send y=85:(01.06 13:34:12,951|)
ggt:'111_6' (processing)::calculation start:: calculating new ggt:: mi=8275403565, y=85::duration 2(s):(01.06 13:34:12,951|)
ggt:'111_6' (processing)::calculation done:: changes mi=8275403565 to 85:(01.06 13:34:14,962|)
ggt:'111_6' (processing)::calculated new mi::mi=85::sending 85 to {coord,coord@Mine}:(01.06 13:34:14,962|)
ggt:'111_6' (processing)::mi event:: storing event time=01.06 13:34:14,963|:(01.06 13:34:14,963|)
ggt:'111_6' (processing)::mi event:: (re)setting timer:(01.06 13:34:14,963|)
ggt:'111_6' (processing)::sending mi=85 to neighbours:: l='113_3',r='113_4':(01.06 13:34:14,963|)
ggt:'111_6' (processing)::receiving send y=85:(01.06 13:34:14,978|)
ggt:'111_6' (processing)::no ggt calculation reason:: 85>=85:(01.06 13:34:14,978|)
ggt:'111_6' (processing)::mi event:: storing event time=01.06 13:34:14,978|:(01.06 13:34:14,978|)
ggt:'111_6' (processing)::mi event:: (re)setting timer:(01.06 13:34:14,978|)
ggt:'111_6' (processing)::receiving send y=17:(01.06 13:34:16,975|)
ggt:'111_6' (processing)::calculation start:: calculating new ggt:: mi=85, y=17::duration 2(s):(01.06 13:34:16,975|)
ggt:'111_6' (processing)::calculation done:: changes mi=85 to 17:(01.06 13:34:18,987|)
ggt:'111_6' (processing)::calculated new mi::mi=17::sending 17 to {coord,coord@Mine}:(01.06 13:34:18,987|)
ggt:'111_6' (processing)::mi event:: storing event time=01.06 13:34:18,987|:(01.06 13:34:18,987|)
ggt:'111_6' (processing)::mi event:: (re)setting timer:(01.06 13:34:18,987|)
ggt:'111_6' (processing)::sending mi=17 to neighbours:: l='113_3',r='113_4':(01.06 13:34:18,987|)
ggt:'111_6' (processing)::reject vote from '113_4'::time since last mi event 2.4e-5(ms) :(01.06 13:34:18,987|)
ggt:'111_6' (processing)::reject vote from '111_7'::time since last mi event 3.5e-5(ms) :(01.06 13:34:18,987|)
ggt:'111_6' (processing)::reject vote from '112_3'::time since last mi event 5.2e-5(ms) :(01.06 13:34:18,987|)
ggt:'111_6' (processing)::starting vote:: mi is 17:(01.06 13:34:20,990|)
ggt:'111_6' (voting)::receiving send y=17:(01.06 13:34:20,990|)
ggt:'111_6' (processing)::no ggt calculation reason:: 17>=17:(01.06 13:34:20,990|)
ggt:'111_6' (processing)::mi event:: storing event time=01.06 13:34:20,990|:(01.06 13:34:20,990|)
ggt:'111_6' (processing)::mi event:: (re)setting timer:(01.06 13:34:20,990|)
ggt:'111_6' (processing)::starting vote:: mi is 17:(01.06 13:34:23,002|)
ggt:'111_6' (voting)::accept vote from '113_4'::routing to '113_3'::time since last mi event 2(s):(01.06 13:34:23,002|)
ggt:'111_6' (voting)::accept vote from '113_4'::routing to '113_3'::time since last mi event 4(s):(01.06 13:34:25,014|)
ggt:'111_6' (voting)::accept vote from '112_3'::routing to '113_3'::time since last mi event 4(s):(01.06 13:34:25,014|)
ggt:'111_6' (voting)::accept vote from '111_7'::routing to '113_3'::time since last mi event 4(s):(01.06 13:34:25,014|)
ggt:'111_6' (voting)::receiving whats_on from "<6703.2637.0>"::responding voting:(01.06 13:36:01,246|)
ggt:'111_6' (voting)::receiving tell_mi from <6703.2700.0>::mi is 17:(01.06 13:36:14,303|)
ggt:'111_6' (voting)::receiving set_pmi 15658929:(01.06 13:36:37,017|)
ggt:'111_6' (processing)::mi event:: storing event time=01.06 13:36:37,017|:(01.06 13:36:37,017|)
ggt:'111_6' (processing)::mi event:: (re)setting timer:(01.06 13:36:37,017|)
ggt:'111_6' (processing)::starting vote:: mi is 15658929:(01.06 13:36:39,029|)
ggt:'111_6' (voting)::accept vote from '113_4'::routing to '113_3'::time since last mi event 2(s):(01.06 13:36:39,029|)
ggt:'111_6' (voting)::accept vote from '111_7'::routing to '113_3'::time since last mi event 2(s):(01.06 13:36:39,029|)
ggt:'111_6' (voting)::accept vote from '112_3'::routing to '113_3'::time since last mi event 2(s):(01.06 13:36:39,029|)
ggt:'111_6' (voting)::accept vote from '112_7'::routing to '113_3'::time since last mi event 2(s):(01.06 13:36:39,029|)
ggt:'111_6' (voting)::accept vote from '111_2'::routing to '113_3'::time since last mi event 2(s):(01.06 13:36:39,029|)
ggt:'111_6' (voting)::accept vote from '111_4'::routing to '113_3'::time since last mi event 2(s):(01.06 13:36:39,029|)
ggt:'111_6' (voting)::accept vote from '111_3'::routing to '113_3'::time since last mi event 2(s):(01.06 13:36:39,029|)
ggt:'111_6' (voting)::accept vote from '113_5'::routing to '113_3'::time since last mi event 2(s):(01.06 13:36:39,029|)
ggt:'111_6' (voting)::accept vote from '111_5'::routing to '113_3'::time since last mi event 2(s):(01.06 13:36:39,029|)
ggt:'111_6' (voting)::accept vote from '111_5'::routing to '113_3'::time since last mi event 4(s):(01.06 13:36:41,042|)
ggt:'111_6' (voting)::accept vote from '111_1'::routing to '113_3'::time since last mi event 4(s):(01.06 13:36:41,042|)
ggt:'111_6' (voting)::receiving send y=23:(01.06 13:36:55,129|)
ggt:'111_6' (processing)::calculation start:: calculating new ggt:: mi=15658929, y=23::duration 2(s):(01.06 13:36:55,129|)
ggt:'111_6' (processing)::calculation done:: changes mi=15658929 to 23:(01.06 13:36:57,141|)
ggt:'111_6' (processing)::calculated new mi::mi=23::sending 23 to {coord,coord@Mine}:(01.06 13:36:57,141|)
ggt:'111_6' (processing)::mi event:: storing event time=01.06 13:36:57,141|:(01.06 13:36:57,141|)
ggt:'111_6' (processing)::mi event:: (re)setting timer:(01.06 13:36:57,141|)
ggt:'111_6' (processing)::sending mi=23 to neighbours:: l='113_3',r='113_4':(01.06 13:36:57,141|)
ggt:'111_6' (processing)::starting vote:: mi is 23:(01.06 13:36:59,153|)
ggt:'111_6' (voting)::receiving send y=23:(01.06 13:36:59,153|)
ggt:'111_6' (processing)::no ggt calculation reason:: 23>=23:(01.06 13:36:59,153|)
ggt:'111_6' (processing)::mi event:: storing event time=01.06 13:36:59,153|:(01.06 13:36:59,153|)
ggt:'111_6' (processing)::mi event:: (re)setting timer:(01.06 13:36:59,153|)
ggt:'111_6' (processing)::starting vote:: mi is 23:(01.06 13:37:01,166|)
ggt:'111_6' (voting)::accept vote from '113_4'::routing to '113_3'::time since last mi event 2(s):(01.06 13:37:01,166|)
ggt:'111_6' (voting)::accept vote from '113_4'::routing to '113_3'::time since last mi event 4(s):(01.06 13:37:03,178|)
ggt:'111_6' (voting)::accept vote from '111_7'::routing to '113_3'::time since last mi event 4(s):(01.06 13:37:03,178|)
ggt:'111_6' (voting)::accept vote from '111_7'::routing to '113_3'::time since last mi event 6(s):(01.06 13:37:05,191|)
ggt:'111_6' (voting)::accept vote from '112_3'::routing to '113_3'::time since last mi event 6(s):(01.06 13:37:05,191|)
ggt:'111_6' (voting)::accept vote from '112_7'::routing to '113_3'::time since last mi event 6(s):(01.06 13:37:05,191|)
ggt:'111_6' (voting)::accept vote from '111_2'::routing to '113_3'::time since last mi event 6(s):(01.06 13:37:05,191|)
ggt:'111_6' (voting)::accept vote from '111_4'::routing to '113_3'::time since last mi event 6(s):(01.06 13:37:05,191|)
ggt:'111_6' (voting)::accept vote from '111_3'::routing to '113_3'::time since last mi event 6(s):(01.06 13:37:05,191|)
ggt:'111_6' (voting)::accept vote from '113_5'::routing to '113_3'::time since last mi event 6(s):(01.06 13:37:05,191|)
ggt:'111_6' (voting)::receiving whats_on from "<6703.2847.0>"::responding voting:(01.06 13:40:53,904|)
ggt:'111_6' (voting)::receiving tell_mi from <6703.2910.0>::mi is 23:(01.06 13:40:55,900|)
