ggt:locally registering <0.89.0>; name is ''111_7'':(01.06 13:33:19,818|)
ggt: <0.89.0> bound as service {'111_7',ggt_they@Mine}:(01.06 13:33:19,818|)
ggt:'111_7' (initial)::<0.89.0> checkin in to coordinator {coord,coord@Mine} as service '111_7':(01.06 13:33:19,818|)
ggt:'111_7' (initial)::waiting for neighbours to be set:(01.06 13:33:19,818|)
ggt:'111_7' (initial)::initializing neighbours::l='113_4'({'113_4',ggt_you@Mine}), r='112_3'({'112_3',ggt_you@Mine}):(01.06 13:33:34,435|)
ggt:'111_7' (initial)::transition to pre process state: left neighbour='113_4', right neigbour='112_3':(01.06 13:33:34,435|)
ggt:'111_7' (pre_process)::waiting for mi to be set:(01.06 13:33:34,435|)
ggt:'111_7' (pre_process)::receiving set_pmi 25415:(01.06 13:33:50,814|)
ggt:'111_7' (processing)::mi event:: storing event time=01.06 13:33:50,814|:(01.06 13:33:50,814|)
ggt:'111_7' (processing)::mi event:: (re)setting timer:(01.06 13:33:50,814|)
ggt:'111_7' (processing)::starting vote:: mi is 25415:(01.06 13:33:52,827|)
ggt:'111_7' (voting)::accept vote from '112_3'::routing to '113_4'::time since last mi event 2(s):(01.06 13:33:52,827|)
ggt:'111_7' (voting)::accept vote from '112_7'::routing to '113_4'::time since last mi event 2(s):(01.06 13:33:52,827|)
ggt:'111_7' (voting)::accept vote from '111_4'::routing to '113_4'::time since last mi event 2(s):(01.06 13:33:52,827|)
ggt:'111_7' (voting)::accept vote from '111_2'::routing to '113_4'::time since last mi event 2(s):(01.06 13:33:52,827|)
ggt:'111_7' (voting)::accept vote from '111_3'::routing to '113_4'::time since last mi event 2(s):(01.06 13:33:52,827|)
ggt:'111_7' (voting)::accept vote from '113_5'::routing to '113_4'::time since last mi event 2(s):(01.06 13:33:52,827|)
ggt:'111_7' (voting)::accept vote from '111_5'::routing to '113_4'::time since last mi event 2(s):(01.06 13:33:52,827|)
ggt:'111_7' (voting)::accept vote from '111_5'::routing to '113_4'::time since last mi event 4(s):(01.06 13:33:54,839|)
ggt:'111_7' (voting)::accept vote from '111_1'::routing to '113_4'::time since last mi event 4(s):(01.06 13:33:54,839|)
ggt:'111_7' (voting)::receiving send y=255:(01.06 13:34:10,954|)
ggt:'111_7' (processing)::calculation start:: calculating new ggt:: mi=25415, y=255::duration 2(s):(01.06 13:34:10,954|)
ggt:'111_7' (processing)::calculation done:: changes mi=25415 to 170:(01.06 13:34:12,966|)
ggt:'111_7' (processing)::calculated new mi::mi=170::sending 170 to {coord,coord@Mine}:(01.06 13:34:12,966|)
ggt:'111_7' (processing)::mi event:: storing event time=01.06 13:34:12,966|:(01.06 13:34:12,966|)
ggt:'111_7' (processing)::mi event:: (re)setting timer:(01.06 13:34:12,966|)
ggt:'111_7' (processing)::sending mi=170 to neighbours:: l='113_4',r='112_3':(01.06 13:34:12,966|)
ggt:'111_7' (processing)::reject vote from '112_3'::time since last mi event 9.0e-6(ms) :(01.06 13:34:12,966|)
ggt:'111_7' (processing)::receiving send y=85:(01.06 13:34:14,963|)
ggt:'111_7' (processing)::calculation start:: calculating new ggt:: mi=170, y=85::duration 2(s):(01.06 13:34:14,963|)
ggt:'111_7' (processing)::calculation done:: changes mi=170 to 85:(01.06 13:34:16,975|)
ggt:'111_7' (processing)::calculated new mi::mi=85::sending 85 to {coord,coord@Mine}:(01.06 13:34:16,975|)
ggt:'111_7' (processing)::mi event:: storing event time=01.06 13:34:16,975|:(01.06 13:34:16,975|)
ggt:'111_7' (processing)::mi event:: (re)setting timer:(01.06 13:34:16,975|)
ggt:'111_7' (processing)::sending mi=85 to neighbours:: l='113_4',r='112_3':(01.06 13:34:16,975|)
ggt:'111_7' (processing)::receiving send y=85:(01.06 13:34:16,975|)
ggt:'111_7' (processing)::no ggt calculation reason:: 85>=85:(01.06 13:34:16,975|)
ggt:'111_7' (processing)::mi event:: storing event time=01.06 13:34:16,975|:(01.06 13:34:16,975|)
ggt:'111_7' (processing)::mi event:: (re)setting timer:(01.06 13:34:16,975|)
ggt:'111_7' (processing)::reject vote from '112_3'::time since last mi event 2.9999999999999997e-5(ms) :(01.06 13:34:16,975|)
ggt:'111_7' (processing)::starting vote:: mi is 85:(01.06 13:34:18,987|)
ggt:'111_7' (voting)::accept vote from '112_3'::routing to '113_4'::time since last mi event 2(s):(01.06 13:34:18,987|)
ggt:'111_7' (voting)::receiving send y=17:(01.06 13:34:20,990|)
ggt:'111_7' (processing)::calculation start:: calculating new ggt:: mi=85, y=17::duration 2(s):(01.06 13:34:20,990|)
ggt:'111_7' (processing)::calculation done:: changes mi=85 to 17:(01.06 13:34:23,002|)
ggt:'111_7' (processing)::calculated new mi::mi=17::sending 17 to {coord,coord@Mine}:(01.06 13:34:23,002|)
ggt:'111_7' (processing)::mi event:: storing event time=01.06 13:34:23,002|:(01.06 13:34:23,002|)
ggt:'111_7' (processing)::mi event:: (re)setting timer:(01.06 13:34:23,002|)
ggt:'111_7' (processing)::sending mi=17 to neighbours:: l='113_4',r='112_3':(01.06 13:34:23,002|)
ggt:'111_7' (processing)::receiving send y=17:(01.06 13:34:23,002|)
ggt:'111_7' (processing)::no ggt calculation reason:: 17>=17:(01.06 13:34:23,002|)
ggt:'111_7' (processing)::mi event:: storing event time=01.06 13:34:23,002|:(01.06 13:34:23,002|)
ggt:'111_7' (processing)::mi event:: (re)setting timer:(01.06 13:34:23,003|)
ggt:'111_7' (processing)::reject vote from '112_3'::time since last mi event 7.0e-6(ms) :(01.06 13:34:23,003|)
ggt:'111_7' (processing)::reject vote from '112_7'::time since last mi event 9.999999999999999e-6(ms) :(01.06 13:34:23,003|)
ggt:'111_7' (processing)::accept vote from '112_3'::routing to '113_4'::time since last mi event 2(s):(01.06 13:34:25,014|)
ggt:'111_7' (processing)::starting vote:: mi is 17:(01.06 13:34:25,014|)
ggt:'111_7' (voting)::accept vote from '113_4'::routing to '113_4'::time since last mi event 2(s):(01.06 13:34:25,015|)
ggt:'111_7' (voting)::terminating vote::number of successful votes::1:(01.06 13:34:25,015|)
ggt:'111_7' (voting)::terminated vote::sending termination with ggt=17 to {coord,coord@Mine}:(01.06 13:34:25,015|)
ggt:'111_7' (voting)::transition to state voted:(01.06 13:34:25,015|)
ggt:'111_7' (voted)::receiving whats_on from "<6703.2640.0>"::responding voted:(01.06 13:36:01,246|)
ggt:'111_7' (voted)::receiving tell_mi from <6703.2703.0>::mi is 17:(01.06 13:36:14,303|)
ggt:'111_7' (voted)::receiving set_pmi 36805175:(01.06 13:36:37,017|)
ggt:'111_7' (processing)::mi event:: storing event time=01.06 13:36:37,017|:(01.06 13:36:37,017|)
ggt:'111_7' (processing)::mi event:: (re)setting timer:(01.06 13:36:37,017|)
ggt:'111_7' (processing)::starting vote:: mi is 36805175:(01.06 13:36:39,029|)
ggt:'111_7' (voting)::accept vote from '112_3'::routing to '113_4'::time since last mi event 2(s):(01.06 13:36:39,029|)
ggt:'111_7' (voting)::accept vote from '112_7'::routing to '113_4'::time since last mi event 2(s):(01.06 13:36:39,029|)
ggt:'111_7' (voting)::accept vote from '111_2'::routing to '113_4'::time since last mi event 2(s):(01.06 13:36:39,029|)
ggt:'111_7' (voting)::accept vote from '111_4'::routing to '113_4'::time since last mi event 2(s):(01.06 13:36:39,029|)
ggt:'111_7' (voting)::accept vote from '111_3'::routing to '113_4'::time since last mi event 2(s):(01.06 13:36:39,029|)
ggt:'111_7' (voting)::accept vote from '113_5'::routing to '113_4'::time since last mi event 2(s):(01.06 13:36:39,029|)
ggt:'111_7' (voting)::accept vote from '111_5'::routing to '113_4'::time since last mi event 2(s):(01.06 13:36:39,029|)
ggt:'111_7' (voting)::accept vote from '111_5'::routing to '113_4'::time since last mi event 4(s):(01.06 13:36:41,042|)
ggt:'111_7' (voting)::accept vote from '111_1'::routing to '113_4'::time since last mi event 4(s):(01.06 13:36:41,042|)
ggt:'111_7' (voting)::receiving send y=7797:(01.06 13:36:57,141|)
ggt:'111_7' (processing)::calculation start:: calculating new ggt:: mi=36805175, y=7797::duration 2(s):(01.06 13:36:57,141|)
ggt:'111_7' (processing)::calculation done:: changes mi=36805175 to 3335:(01.06 13:36:59,153|)
ggt:'111_7' (processing)::calculated new mi::mi=3335::sending 3335 to {coord,coord@Mine}:(01.06 13:36:59,153|)
ggt:'111_7' (processing)::mi event:: storing event time=01.06 13:36:59,153|:(01.06 13:36:59,153|)
ggt:'111_7' (processing)::mi event:: (re)setting timer:(01.06 13:36:59,153|)
ggt:'111_7' (processing)::sending mi=3335 to neighbours:: l='113_4',r='112_3':(01.06 13:36:59,153|)
ggt:'111_7' (processing)::receiving send y=23:(01.06 13:36:59,153|)
ggt:'111_7' (processing)::calculation start:: calculating new ggt:: mi=3335, y=23::duration 2(s):(01.06 13:36:59,153|)
ggt:'111_7' (processing)::calculation done:: changes mi=3335 to 23:(01.06 13:37:01,166|)
ggt:'111_7' (processing)::calculated new mi::mi=23::sending 23 to {coord,coord@Mine}:(01.06 13:37:01,166|)
ggt:'111_7' (processing)::mi event:: storing event time=01.06 13:37:01,166|:(01.06 13:37:01,166|)
ggt:'111_7' (processing)::mi event:: (re)setting timer:(01.06 13:37:01,166|)
ggt:'111_7' (processing)::sending mi=23 to neighbours:: l='113_4',r='112_3':(01.06 13:37:01,166|)
ggt:'111_7' (processing)::reject vote from '112_3'::time since last mi event 1.3e-5(ms) :(01.06 13:37:01,166|)
ggt:'111_7' (processing)::receiving send y=1127:(01.06 13:37:01,166|)
ggt:'111_7' (processing)::no ggt calculation reason:: 1127>=23:(01.06 13:37:01,166|)
ggt:'111_7' (processing)::mi event:: storing event time=01.06 13:37:01,166|:(01.06 13:37:01,166|)
ggt:'111_7' (processing)::mi event:: (re)setting timer:(01.06 13:37:01,166|)
ggt:'111_7' (processing)::starting vote:: mi is 23:(01.06 13:37:03,178|)
ggt:'111_7' (voting)::receiving send y=23:(01.06 13:37:03,178|)
ggt:'111_7' (processing)::no ggt calculation reason:: 23>=23:(01.06 13:37:03,178|)
ggt:'111_7' (processing)::mi event:: storing event time=01.06 13:37:03,178|:(01.06 13:37:03,178|)
ggt:'111_7' (processing)::mi event:: (re)setting timer:(01.06 13:37:03,178|)
ggt:'111_7' (processing)::starting vote:: mi is 23:(01.06 13:37:05,191|)
ggt:'111_7' (voting)::accept vote from '112_3'::routing to '113_4'::time since last mi event 2(s):(01.06 13:37:05,191|)
ggt:'111_7' (voting)::accept vote from '112_7'::routing to '113_4'::time since last mi event 2(s):(01.06 13:37:05,191|)
ggt:'111_7' (voting)::accept vote from '111_2'::routing to '113_4'::time since last mi event 2(s):(01.06 13:37:05,191|)
ggt:'111_7' (voting)::accept vote from '111_4'::routing to '113_4'::time since last mi event 2(s):(01.06 13:37:05,191|)
ggt:'111_7' (voting)::accept vote from '111_3'::routing to '113_4'::time since last mi event 2(s):(01.06 13:37:05,191|)
ggt:'111_7' (voting)::accept vote from '113_5'::routing to '113_4'::time since last mi event 2(s):(01.06 13:37:05,191|)
ggt:'111_7' (voting)::terminating vote::number of successful votes::2:(01.06 13:37:05,206|)
ggt:'111_7' (voting)::terminated vote::sending termination with ggt=23 to {coord,coord@Mine}:(01.06 13:37:05,206|)
ggt:'111_7' (voting)::transition to state voted:(01.06 13:37:05,206|)
ggt:'111_7' (voted)::receiving whats_on from "<6703.2850.0>"::responding voted:(01.06 13:40:53,904|)
ggt:'111_7' (voted)::receiving tell_mi from <6703.2913.0>::mi is 23:(01.06 13:40:55,900|)
