ggt:locally registering <0.71.0>; name is ''111_5'':(01.06 13:33:19,787|)
ggt: <0.71.0> bound as service {'111_5',ggt_they@Mine}:(01.06 13:33:19,787|)
ggt:'111_5' (initial)::<0.71.0> checkin in to coordinator {coord,coord@Mine} as service '111_5':(01.06 13:33:19,787|)
ggt:'111_5' (initial)::waiting for neighbours to be set:(01.06 13:33:19,787|)
ggt:'111_5' (initial)::initializing neighbours::l='113_5'({'113_5',ggt_they@Mine}), r='111_1'({'111_1',ggt_me@Mine}):(01.06 13:33:34,435|)
ggt:'111_5' (initial)::transition to pre process state: left neighbour='113_5', right neigbour='111_1':(01.06 13:33:34,435|)
ggt:'111_5' (pre_process)::waiting for mi to be set:(01.06 13:33:34,435|)
ggt:'111_5' (pre_process)::receiving set_pmi 71825:(01.06 13:33:50,814|)
ggt:'111_5' (processing)::mi event:: storing event time=01.06 13:33:50,814|:(01.06 13:33:50,814|)
ggt:'111_5' (processing)::mi event:: (re)setting timer:(01.06 13:33:50,814|)
ggt:'111_5' (processing)::starting vote:: mi is 71825:(01.06 13:33:52,827|)
ggt:'111_5' (voting)::receiving send y=367965:(01.06 13:33:52,827|)
ggt:'111_5' (processing)::no ggt calculation reason:: 367965>=71825:(01.06 13:33:52,827|)
ggt:'111_5' (processing)::mi event:: storing event time=01.06 13:33:52,827|:(01.06 13:33:52,827|)
ggt:'111_5' (processing)::mi event:: (re)setting timer:(01.06 13:33:52,827|)
ggt:'111_5' (processing)::starting vote:: mi is 71825:(01.06 13:33:54,839|)
ggt:'111_5' (voting)::accept vote from '111_1'::routing to '113_5'::time since last mi event 2(s):(01.06 13:33:54,839|)
ggt:'111_5' (voting)::receiving send y=28305:(01.06 13:33:56,852|)
ggt:'111_5' (processing)::calculation start:: calculating new ggt:: mi=71825, y=28305::duration 2(s):(01.06 13:33:56,852|)
ggt:'111_5' (processing)::calculation done:: changes mi=71825 to 15215:(01.06 13:33:58,864|)
ggt:'111_5' (processing)::calculated new mi::mi=15215::sending 15215 to {coord,coord@Mine}:(01.06 13:33:58,864|)
ggt:'111_5' (processing)::mi event:: storing event time=01.06 13:33:58,864|:(01.06 13:33:58,864|)
ggt:'111_5' (processing)::mi event:: (re)setting timer:(01.06 13:33:58,864|)
ggt:'111_5' (processing)::sending mi=15215 to neighbours:: l='113_5',r='111_1':(01.06 13:33:58,864|)
ggt:'111_5' (processing)::reject vote from '111_1'::time since last mi event 3.6e-5(ms) :(01.06 13:33:58,864|)
ggt:'111_5' (processing)::starting vote:: mi is 15215:(01.06 13:34:00,876|)
ggt:'111_5' (voting)::receiving send y=1139:(01.06 13:34:00,876|)
ggt:'111_5' (processing)::calculation start:: calculating new ggt:: mi=15215, y=1139::duration 2(s):(01.06 13:34:00,876|)
ggt:'111_5' (processing)::calculation done:: changes mi=15215 to 408:(01.06 13:34:02,889|)
ggt:'111_5' (processing)::calculated new mi::mi=408::sending 408 to {coord,coord@Mine}:(01.06 13:34:02,889|)
ggt:'111_5' (processing)::mi event:: storing event time=01.06 13:34:02,889|:(01.06 13:34:02,889|)
ggt:'111_5' (processing)::mi event:: (re)setting timer:(01.06 13:34:02,889|)
ggt:'111_5' (processing)::sending mi=408 to neighbours:: l='113_5',r='111_1':(01.06 13:34:02,889|)
ggt:'111_5' (processing)::receiving send y=13090:(01.06 13:34:02,889|)
ggt:'111_5' (processing)::no ggt calculation reason:: 13090>=408:(01.06 13:34:02,889|)
ggt:'111_5' (processing)::mi event:: storing event time=01.06 13:34:02,889|:(01.06 13:34:02,889|)
ggt:'111_5' (processing)::mi event:: (re)setting timer:(01.06 13:34:02,889|)
ggt:'111_5' (processing)::receiving send y=3655:(01.06 13:34:02,889|)
ggt:'111_5' (processing)::no ggt calculation reason:: 3655>=408:(01.06 13:34:02,889|)
ggt:'111_5' (processing)::mi event:: storing event time=01.06 13:34:02,889|:(01.06 13:34:02,889|)
ggt:'111_5' (processing)::mi event:: (re)setting timer:(01.06 13:34:02,889|)
ggt:'111_5' (processing)::starting vote:: mi is 408:(01.06 13:34:04,901|)
ggt:'111_5' (voting)::receiving send y=391:(01.06 13:34:04,901|)
ggt:'111_5' (processing)::calculation start:: calculating new ggt:: mi=408, y=391::duration 2(s):(01.06 13:34:04,901|)
ggt:'111_5' (processing)::calculation done:: changes mi=408 to 17:(01.06 13:34:06,914|)
ggt:'111_5' (processing)::calculated new mi::mi=17::sending 17 to {coord,coord@Mine}:(01.06 13:34:06,914|)
ggt:'111_5' (processing)::mi event:: storing event time=01.06 13:34:06,914|:(01.06 13:34:06,914|)
ggt:'111_5' (processing)::mi event:: (re)setting timer:(01.06 13:34:06,914|)
ggt:'111_5' (processing)::sending mi=17 to neighbours:: l='113_5',r='111_1':(01.06 13:34:06,914|)
ggt:'111_5' (processing)::receiving send y=323:(01.06 13:34:06,914|)
ggt:'111_5' (processing)::no ggt calculation reason:: 323>=17:(01.06 13:34:06,914|)
ggt:'111_5' (processing)::mi event:: storing event time=01.06 13:34:06,914|:(01.06 13:34:06,914|)
ggt:'111_5' (processing)::mi event:: (re)setting timer:(01.06 13:34:06,914|)
ggt:'111_5' (processing)::reject vote from '111_1'::time since last mi event 2.3e-5(ms) :(01.06 13:34:06,914|)
ggt:'111_5' (processing)::starting vote:: mi is 17:(01.06 13:34:08,926|)
ggt:'111_5' (voting)::receiving send y=17:(01.06 13:34:08,926|)
ggt:'111_5' (processing)::no ggt calculation reason:: 17>=17:(01.06 13:34:08,926|)
ggt:'111_5' (processing)::mi event:: storing event time=01.06 13:34:08,926|:(01.06 13:34:08,926|)
ggt:'111_5' (processing)::mi event:: (re)setting timer:(01.06 13:34:08,926|)
ggt:'111_5' (processing)::receiving send y=51:(01.06 13:34:08,926|)
ggt:'111_5' (processing)::no ggt calculation reason:: 51>=17:(01.06 13:34:08,926|)
ggt:'111_5' (processing)::mi event:: storing event time=01.06 13:34:08,926|:(01.06 13:34:08,926|)
ggt:'111_5' (processing)::mi event:: (re)setting timer:(01.06 13:34:08,926|)
ggt:'111_5' (processing)::starting vote:: mi is 17:(01.06 13:34:10,938|)
ggt:'111_5' (voting)::receiving send y=17:(01.06 13:34:10,938|)
ggt:'111_5' (processing)::no ggt calculation reason:: 17>=17:(01.06 13:34:10,938|)
ggt:'111_5' (processing)::mi event:: storing event time=01.06 13:34:10,938|:(01.06 13:34:10,938|)
ggt:'111_5' (processing)::mi event:: (re)setting timer:(01.06 13:34:10,938|)
ggt:'111_5' (processing)::accept vote from '111_1'::routing to '113_5'::time since last mi event 2(s):(01.06 13:34:12,951|)
ggt:'111_5' (processing)::accept vote from '113_2'::routing to '113_5'::time since last mi event 2(s):(01.06 13:34:12,951|)
ggt:'111_5' (processing)::starting vote:: mi is 17:(01.06 13:34:12,951|)
ggt:'111_5' (voting)::accept vote from '113_2'::routing to '113_5'::time since last mi event 4(s):(01.06 13:34:14,963|)
ggt:'111_5' (voting)::accept vote from '113_2'::routing to '113_5'::time since last mi event 6(s):(01.06 13:34:16,975|)
ggt:'111_5' (voting)::accept vote from '112_1'::routing to '113_5'::time since last mi event 6(s):(01.06 13:34:16,975|)
ggt:'111_5' (voting)::accept vote from '112_5'::routing to '113_5'::time since last mi event 6(s):(01.06 13:34:16,975|)
ggt:'111_5' (voting)::accept vote from '112_5'::routing to '113_5'::time since last mi event 8(s):(01.06 13:34:18,987|)
ggt:'111_5' (voting)::accept vote from '113_7'::routing to '113_5'::time since last mi event 8(s):(01.06 13:34:18,987|)
ggt:'111_5' (voting)::accept vote from '112_2'::routing to '113_5'::time since last mi event 8(s):(01.06 13:34:18,987|)
ggt:'111_5' (voting)::accept vote from '112_6'::routing to '113_5'::time since last mi event 8(s):(01.06 13:34:18,987|)
ggt:'111_5' (voting)::accept vote from '113_3'::routing to '113_5'::time since last mi event 8(s):(01.06 13:34:18,987|)
ggt:'111_5' (voting)::accept vote from '113_3'::routing to '113_5'::time since last mi event 10(s):(01.06 13:34:20,991|)
ggt:'111_5' (voting)::accept vote from '111_6'::routing to '113_5'::time since last mi event 10(s):(01.06 13:34:20,991|)
ggt:'111_5' (voting)::accept vote from '111_6'::routing to '113_5'::time since last mi event 12(s):(01.06 13:34:23,003|)
ggt:'111_5' (voting)::accept vote from '113_4'::routing to '113_5'::time since last mi event 12(s):(01.06 13:34:23,003|)
ggt:'111_5' (voting)::accept vote from '113_4'::routing to '113_5'::time since last mi event 14(s):(01.06 13:34:25,015|)
ggt:'111_5' (voting)::accept vote from '112_3'::routing to '113_5'::time since last mi event 14(s):(01.06 13:34:25,015|)
ggt:'111_5' (voting)::accept vote from '111_7'::routing to '113_5'::time since last mi event 14(s):(01.06 13:34:25,015|)
ggt:'111_5' (voting)::receiving whats_on from "<6703.2634.0>"::responding voting:(01.06 13:36:01,246|)
ggt:'111_5' (voting)::receiving tell_mi from <6703.2697.0>::mi is 17:(01.06 13:36:14,303|)
ggt:'111_5' (voting)::receiving set_pmi 1696383975:(01.06 13:36:37,017|)
ggt:'111_5' (processing)::mi event:: storing event time=01.06 13:36:37,017|:(01.06 13:36:37,017|)
ggt:'111_5' (processing)::mi event:: (re)setting timer:(01.06 13:36:37,017|)
ggt:'111_5' (processing)::starting vote:: mi is 1696383975:(01.06 13:36:39,029|)
ggt:'111_5' (voting)::receiving send y=20922069025:(01.06 13:36:39,029|)
ggt:'111_5' (processing)::no ggt calculation reason:: 20922069025>=1696383975:(01.06 13:36:39,029|)
ggt:'111_5' (processing)::mi event:: storing event time=01.06 13:36:39,029|:(01.06 13:36:39,029|)
ggt:'111_5' (processing)::mi event:: (re)setting timer:(01.06 13:36:39,029|)
ggt:'111_5' (processing)::starting vote:: mi is 1696383975:(01.06 13:36:41,042|)
ggt:'111_5' (voting)::accept vote from '111_1'::routing to '113_5'::time since last mi event 2(s):(01.06 13:36:41,042|)
ggt:'111_5' (voting)::receiving send y=1272245:(01.06 13:36:43,054|)
ggt:'111_5' (processing)::calculation start:: calculating new ggt:: mi=1696383975, y=1272245::duration 2(s):(01.06 13:36:43,054|)
ggt:'111_5' (processing)::calculation done:: changes mi=1696383975 to 481390:(01.06 13:36:45,066|)
ggt:'111_5' (processing)::calculated new mi::mi=481390::sending 481390 to {coord,coord@Mine}:(01.06 13:36:45,066|)
ggt:'111_5' (processing)::mi event:: storing event time=01.06 13:36:45,066|:(01.06 13:36:45,066|)
ggt:'111_5' (processing)::mi event:: (re)setting timer:(01.06 13:36:45,066|)
ggt:'111_5' (processing)::sending mi=481390 to neighbours:: l='113_5',r='111_1':(01.06 13:36:45,066|)
ggt:'111_5' (processing)::reject vote from '111_1'::time since last mi event 9.0e-6(ms) :(01.06 13:36:45,066|)
ggt:'111_5' (processing)::starting vote:: mi is 481390:(01.06 13:36:47,079|)
ggt:'111_5' (voting)::receiving send y=66125:(01.06 13:36:47,079|)
ggt:'111_5' (processing)::calculation start:: calculating new ggt:: mi=481390, y=66125::duration 2(s):(01.06 13:36:47,079|)
ggt:'111_5' (processing)::calculation done:: changes mi=481390 to 18515:(01.06 13:36:49,091|)
ggt:'111_5' (processing)::calculated new mi::mi=18515::sending 18515 to {coord,coord@Mine}:(01.06 13:36:49,091|)
ggt:'111_5' (processing)::mi event:: storing event time=01.06 13:36:49,091|:(01.06 13:36:49,091|)
ggt:'111_5' (processing)::mi event:: (re)setting timer:(01.06 13:36:49,091|)
ggt:'111_5' (processing)::sending mi=18515 to neighbours:: l='113_5',r='111_1':(01.06 13:36:49,091|)
ggt:'111_5' (processing)::receiving send y=55315:(01.06 13:36:49,091|)
ggt:'111_5' (processing)::no ggt calculation reason:: 55315>=18515:(01.06 13:36:49,091|)
ggt:'111_5' (processing)::mi event:: storing event time=01.06 13:36:49,091|:(01.06 13:36:49,091|)
ggt:'111_5' (processing)::mi event:: (re)setting timer:(01.06 13:36:49,091|)
ggt:'111_5' (processing)::reject vote from '111_1'::time since last mi event 1.4e-5(ms) :(01.06 13:36:49,091|)
ggt:'111_5' (processing)::starting vote:: mi is 18515:(01.06 13:36:51,104|)
ggt:'111_5' (voting)::receiving send y=32200:(01.06 13:36:51,104|)
ggt:'111_5' (processing)::no ggt calculation reason:: 32200>=18515:(01.06 13:36:51,104|)
ggt:'111_5' (processing)::mi event:: storing event time=01.06 13:36:51,104|:(01.06 13:36:51,104|)
ggt:'111_5' (processing)::mi event:: (re)setting timer:(01.06 13:36:51,104|)
ggt:'111_5' (processing)::receiving send y=18285:(01.06 13:36:51,104|)
ggt:'111_5' (processing)::calculation start:: calculating new ggt:: mi=18515, y=18285::duration 2(s):(01.06 13:36:51,104|)
ggt:'111_5' (processing)::calculation done:: changes mi=18515 to 230:(01.06 13:36:53,116|)
ggt:'111_5' (processing)::calculated new mi::mi=230::sending 230 to {coord,coord@Mine}:(01.06 13:36:53,116|)
ggt:'111_5' (processing)::mi event:: storing event time=01.06 13:36:53,116|:(01.06 13:36:53,116|)
ggt:'111_5' (processing)::mi event:: (re)setting timer:(01.06 13:36:53,116|)
ggt:'111_5' (processing)::sending mi=230 to neighbours:: l='113_5',r='111_1':(01.06 13:36:53,116|)
ggt:'111_5' (processing)::receiving send y=13685:(01.06 13:36:53,116|)
ggt:'111_5' (processing)::no ggt calculation reason:: 13685>=230:(01.06 13:36:53,116|)
ggt:'111_5' (processing)::mi event:: storing event time=01.06 13:36:53,116|:(01.06 13:36:53,116|)
ggt:'111_5' (processing)::mi event:: (re)setting timer:(01.06 13:36:53,116|)
ggt:'111_5' (processing)::receiving send y=1265:(01.06 13:36:53,116|)
ggt:'111_5' (processing)::no ggt calculation reason:: 1265>=230:(01.06 13:36:53,116|)
ggt:'111_5' (processing)::mi event:: storing event time=01.06 13:36:53,116|:(01.06 13:36:53,116|)
ggt:'111_5' (processing)::mi event:: (re)setting timer:(01.06 13:36:53,116|)
ggt:'111_5' (processing)::receiving send y=23:(01.06 13:36:55,129|)
ggt:'111_5' (processing)::calculation start:: calculating new ggt:: mi=230, y=23::duration 2(s):(01.06 13:36:55,129|)
ggt:'111_5' (processing)::calculation done:: changes mi=230 to 23:(01.06 13:36:57,141|)
ggt:'111_5' (processing)::calculated new mi::mi=23::sending 23 to {coord,coord@Mine}:(01.06 13:36:57,141|)
ggt:'111_5' (processing)::mi event:: storing event time=01.06 13:36:57,141|:(01.06 13:36:57,141|)
ggt:'111_5' (processing)::mi event:: (re)setting timer:(01.06 13:36:57,141|)
ggt:'111_5' (processing)::sending mi=23 to neighbours:: l='113_5',r='111_1':(01.06 13:36:57,141|)
ggt:'111_5' (processing)::starting vote:: mi is 23:(01.06 13:36:57,141|)
ggt:'111_5' (voting)::receiving send y=115:(01.06 13:36:57,141|)
ggt:'111_5' (processing)::no ggt calculation reason:: 115>=23:(01.06 13:36:57,141|)
ggt:'111_5' (processing)::mi event:: storing event time=01.06 13:36:57,141|:(01.06 13:36:57,141|)
ggt:'111_5' (processing)::mi event:: (re)setting timer:(01.06 13:36:57,141|)
ggt:'111_5' (processing)::reject vote from '111_1'::time since last mi event 2.1e-5(ms) :(01.06 13:36:57,141|)
ggt:'111_5' (processing)::starting vote:: mi is 23:(01.06 13:36:59,153|)
ggt:'111_5' (voting)::receiving send y=23:(01.06 13:36:59,153|)
ggt:'111_5' (processing)::no ggt calculation reason:: 23>=23:(01.06 13:36:59,153|)
ggt:'111_5' (processing)::mi event:: storing event time=01.06 13:36:59,153|:(01.06 13:36:59,153|)
ggt:'111_5' (processing)::mi event:: (re)setting timer:(01.06 13:36:59,153|)
ggt:'111_5' (processing)::reject vote from '111_1'::time since last mi event 3.2e-5(ms) :(01.06 13:36:59,153|)
ggt:'111_5' (processing)::reject vote from '113_3'::time since last mi event 7.3e-5(ms) :(01.06 13:36:59,153|)
ggt:'111_5' (processing)::reject vote from '111_6'::time since last mi event 7.9e-5(ms) :(01.06 13:36:59,153|)
ggt:'111_5' (processing)::starting vote:: mi is 23:(01.06 13:37:01,166|)
ggt:'111_5' (voting)::accept vote from '111_6'::routing to '113_5'::time since last mi event 2(s):(01.06 13:37:01,166|)
ggt:'111_5' (voting)::accept vote from '113_4'::routing to '113_5'::time since last mi event 2(s):(01.06 13:37:01,181|)
ggt:'111_5' (voting)::accept vote from '113_4'::routing to '113_5'::time since last mi event 4(s):(01.06 13:37:03,178|)
ggt:'111_5' (voting)::accept vote from '111_7'::routing to '113_5'::time since last mi event 4(s):(01.06 13:37:03,178|)
ggt:'111_5' (voting)::accept vote from '111_7'::routing to '113_5'::time since last mi event 6(s):(01.06 13:37:05,191|)
ggt:'111_5' (voting)::accept vote from '112_3'::routing to '113_5'::time since last mi event 6(s):(01.06 13:37:05,206|)
ggt:'111_5' (voting)::accept vote from '112_7'::routing to '113_5'::time since last mi event 6(s):(01.06 13:37:05,206|)
ggt:'111_5' (voting)::accept vote from '111_2'::routing to '113_5'::time since last mi event 6(s):(01.06 13:37:05,206|)
ggt:'111_5' (voting)::accept vote from '111_4'::routing to '113_5'::time since last mi event 6(s):(01.06 13:37:05,206|)
ggt:'111_5' (voting)::accept vote from '111_3'::routing to '113_5'::time since last mi event 6(s):(01.06 13:37:05,206|)
ggt:'111_5' (voting)::accept vote from '113_5'::routing to '113_5'::time since last mi event 6(s):(01.06 13:37:05,206|)
ggt:'111_5' (voting)::receiving whats_on from "<6703.2844.0>"::responding voting:(01.06 13:40:53,904|)
ggt:'111_5' (voting)::receiving tell_mi from <6703.2907.0>::mi is 23:(01.06 13:40:55,900|)
