ggt:locally registering <0.70.0>; name is ''112_5'':(01.06 13:33:19,787|)
ggt: <0.70.0> bound as service {'112_5',ggt_they@Mine}:(01.06 13:33:19,787|)
ggt:'112_5' (initial)::<0.70.0> checkin in to coordinator {coord,coord@Mine} as service '112_5':(01.06 13:33:19,787|)
ggt:'112_5' (initial)::waiting for neighbours to be set:(01.06 13:33:19,787|)
ggt:'112_5' (initial)::initializing neighbours::l='112_1'({'112_1',ggt_me@Mine}), r='113_7'({'113_7',ggt_they@Mine}):(01.06 13:33:34,435|)
ggt:'112_5' (initial)::transition to pre process state: left neighbour='112_1', right neigbour='113_7':(01.06 13:33:34,435|)
ggt:'112_5' (pre_process)::waiting for mi to be set:(01.06 13:33:34,435|)
ggt:'112_5' (pre_process)::receiving set_pmi 7138643655:(01.06 13:33:50,814|)
ggt:'112_5' (processing)::mi event:: storing event time=01.06 13:33:50,814|:(01.06 13:33:50,814|)
ggt:'112_5' (processing)::mi event:: (re)setting timer:(01.06 13:33:50,814|)
ggt:'112_5' (processing)::starting vote:: mi is 7138643655:(01.06 13:33:52,827|)
ggt:'112_5' (voting)::accept vote from '113_7'::routing to '112_1'::time since last mi event 2(s):(01.06 13:33:52,827|)
ggt:'112_5' (voting)::accept vote from '112_2'::routing to '112_1'::time since last mi event 2(s):(01.06 13:33:52,827|)
ggt:'112_5' (voting)::accept vote from '113_1'::routing to '112_1'::time since last mi event 2(s):(01.06 13:33:52,827|)
ggt:'112_5' (voting)::accept vote from '112_4'::routing to '112_1'::time since last mi event 2(s):(01.06 13:33:52,827|)
ggt:'112_5' (voting)::receiving send y=29786295:(01.06 13:33:52,827|)
ggt:'112_5' (processing)::calculation start:: calculating new ggt:: mi=7138643655, y=29786295::duration 2(s):(01.06 13:33:52,827|)
ggt:'112_5' (processing)::calculation done:: changes mi=7138643655 to 19719150:(01.06 13:33:54,839|)
ggt:'112_5' (processing)::calculated new mi::mi=19719150::sending 19719150 to {coord,coord@Mine}:(01.06 13:33:54,839|)
ggt:'112_5' (processing)::mi event:: storing event time=01.06 13:33:54,839|:(01.06 13:33:54,839|)
ggt:'112_5' (processing)::mi event:: (re)setting timer:(01.06 13:33:54,839|)
ggt:'112_5' (processing)::sending mi=19719150 to neighbours:: l='112_1',r='113_7':(01.06 13:33:54,839|)
ggt:'112_5' (processing)::reject vote from '113_6'::time since last mi event 9.999999999999999e-6(ms) :(01.06 13:33:54,839|)
ggt:'112_5' (processing)::reject vote from '112_6'::time since last mi event 1.2e-5(ms) :(01.06 13:33:54,839|)
ggt:'112_5' (processing)::reject vote from '113_3'::time since last mi event 1.4e-5(ms) :(01.06 13:33:54,839|)
ggt:'112_5' (processing)::reject vote from '111_6'::time since last mi event 1.7e-5(ms) :(01.06 13:33:54,839|)
ggt:'112_5' (processing)::reject vote from '113_4'::time since last mi event 1.8999999999999998e-5(ms) :(01.06 13:33:54,839|)
ggt:'112_5' (processing)::reject vote from '111_7'::time since last mi event 2.1e-5(ms) :(01.06 13:33:54,839|)
ggt:'112_5' (processing)::reject vote from '112_3'::time since last mi event 2.4e-5(ms) :(01.06 13:33:54,839|)
ggt:'112_5' (processing)::reject vote from '112_7'::time since last mi event 2.6e-5(ms) :(01.06 13:33:54,839|)
ggt:'112_5' (processing)::reject vote from '111_4'::time since last mi event 2.8e-5(ms) :(01.06 13:33:54,839|)
ggt:'112_5' (processing)::reject vote from '111_2'::time since last mi event 2.9999999999999997e-5(ms) :(01.06 13:33:54,839|)
ggt:'112_5' (processing)::reject vote from '111_3'::time since last mi event 3.4e-5(ms) :(01.06 13:33:54,839|)
ggt:'112_5' (processing)::reject vote from '113_5'::time since last mi event 3.9999999999999996e-5(ms) :(01.06 13:33:54,839|)
ggt:'112_5' (processing)::reject vote from '111_5'::time since last mi event 4.2e-5(ms) :(01.06 13:33:54,839|)
ggt:'112_5' (processing)::starting vote:: mi is 19719150:(01.06 13:33:56,852|)
ggt:'112_5' (voting)::receiving send y=9435:(01.06 13:33:56,852|)
ggt:'112_5' (processing)::calculation start:: calculating new ggt:: mi=19719150, y=9435::duration 2(s):(01.06 13:33:56,852|)
ggt:'112_5' (processing)::calculation done:: changes mi=19719150 to 9435:(01.06 13:33:58,864|)
ggt:'112_5' (processing)::calculated new mi::mi=9435::sending 9435 to {coord,coord@Mine}:(01.06 13:33:58,864|)
ggt:'112_5' (processing)::mi event:: storing event time=01.06 13:33:58,864|:(01.06 13:33:58,864|)
ggt:'112_5' (processing)::mi event:: (re)setting timer:(01.06 13:33:58,864|)
ggt:'112_5' (processing)::sending mi=9435 to neighbours:: l='112_1',r='113_7':(01.06 13:33:58,864|)
ggt:'112_5' (processing)::receiving send y=8890915:(01.06 13:33:58,864|)
ggt:'112_5' (processing)::no ggt calculation reason:: 8890915>=9435:(01.06 13:33:58,864|)
ggt:'112_5' (processing)::mi event:: storing event time=01.06 13:33:58,864|:(01.06 13:33:58,864|)
ggt:'112_5' (processing)::mi event:: (re)setting timer:(01.06 13:33:58,864|)
ggt:'112_5' (processing)::reject vote from '113_7'::time since last mi event 1.2e-5(ms) :(01.06 13:33:58,864|)
ggt:'112_5' (processing)::starting vote:: mi is 9435:(01.06 13:34:00,876|)
ggt:'112_5' (voting)::receiving send y=3145:(01.06 13:34:00,876|)
ggt:'112_5' (processing)::calculation start:: calculating new ggt:: mi=9435, y=3145::duration 2(s):(01.06 13:34:00,876|)
ggt:'112_5' (processing)::calculation done:: changes mi=9435 to 3145:(01.06 13:34:02,889|)
ggt:'112_5' (processing)::calculated new mi::mi=3145::sending 3145 to {coord,coord@Mine}:(01.06 13:34:02,889|)
ggt:'112_5' (processing)::mi event:: storing event time=01.06 13:34:02,889|:(01.06 13:34:02,889|)
ggt:'112_5' (processing)::mi event:: (re)setting timer:(01.06 13:34:02,889|)
ggt:'112_5' (processing)::sending mi=3145 to neighbours:: l='112_1',r='113_7':(01.06 13:34:02,889|)
ggt:'112_5' (processing)::reject vote from '113_7'::time since last mi event 1.8e-5(ms) :(01.06 13:34:02,889|)
ggt:'112_5' (processing)::starting vote:: mi is 3145:(01.06 13:34:04,901|)
ggt:'112_5' (voting)::receiving send y=1445:(01.06 13:34:04,901|)
ggt:'112_5' (processing)::calculation start:: calculating new ggt:: mi=3145, y=1445::duration 2(s):(01.06 13:34:04,901|)
ggt:'112_5' (processing)::calculation done:: changes mi=3145 to 255:(01.06 13:34:06,914|)
ggt:'112_5' (processing)::calculated new mi::mi=255::sending 255 to {coord,coord@Mine}:(01.06 13:34:06,914|)
ggt:'112_5' (processing)::mi event:: storing event time=01.06 13:34:06,914|:(01.06 13:34:06,914|)
ggt:'112_5' (processing)::mi event:: (re)setting timer:(01.06 13:34:06,914|)
ggt:'112_5' (processing)::sending mi=255 to neighbours:: l='112_1',r='113_7':(01.06 13:34:06,914|)
ggt:'112_5' (processing)::receiving send y=3145:(01.06 13:34:06,914|)
ggt:'112_5' (processing)::no ggt calculation reason:: 3145>=255:(01.06 13:34:06,914|)
ggt:'112_5' (processing)::mi event:: storing event time=01.06 13:34:06,914|:(01.06 13:34:06,914|)
ggt:'112_5' (processing)::mi event:: (re)setting timer:(01.06 13:34:06,914|)
ggt:'112_5' (processing)::receiving send y=1020:(01.06 13:34:06,914|)
ggt:'112_5' (processing)::no ggt calculation reason:: 1020>=255:(01.06 13:34:06,914|)
ggt:'112_5' (processing)::mi event:: storing event time=01.06 13:34:06,914|:(01.06 13:34:06,914|)
ggt:'112_5' (processing)::mi event:: (re)setting timer:(01.06 13:34:06,914|)
ggt:'112_5' (processing)::starting vote:: mi is 255:(01.06 13:34:08,926|)
ggt:'112_5' (voting)::receiving send y=459:(01.06 13:34:08,926|)
ggt:'112_5' (processing)::no ggt calculation reason:: 459>=255:(01.06 13:34:08,926|)
ggt:'112_5' (processing)::mi event:: storing event time=01.06 13:34:08,926|:(01.06 13:34:08,926|)
ggt:'112_5' (processing)::mi event:: (re)setting timer:(01.06 13:34:08,926|)
ggt:'112_5' (processing)::reject vote from '113_7'::time since last mi event 1.2e-5(ms) :(01.06 13:34:08,926|)
ggt:'112_5' (processing)::receiving send y=170:(01.06 13:34:08,926|)
ggt:'112_5' (processing)::calculation start:: calculating new ggt:: mi=255, y=170::duration 2(s):(01.06 13:34:08,926|)
ggt:'112_5' (processing)::calculation done:: changes mi=255 to 85:(01.06 13:34:10,938|)
ggt:'112_5' (processing)::calculated new mi::mi=85::sending 85 to {coord,coord@Mine}:(01.06 13:34:10,938|)
ggt:'112_5' (processing)::mi event:: storing event time=01.06 13:34:10,938|:(01.06 13:34:10,938|)
ggt:'112_5' (processing)::mi event:: (re)setting timer:(01.06 13:34:10,938|)
ggt:'112_5' (processing)::sending mi=85 to neighbours:: l='112_1',r='113_7':(01.06 13:34:10,938|)
ggt:'112_5' (processing)::receiving send y=204:(01.06 13:34:10,938|)
ggt:'112_5' (processing)::no ggt calculation reason:: 204>=85:(01.06 13:34:10,938|)
ggt:'112_5' (processing)::mi event:: storing event time=01.06 13:34:10,938|:(01.06 13:34:10,938|)
ggt:'112_5' (processing)::mi event:: (re)setting timer:(01.06 13:34:10,938|)
ggt:'112_5' (processing)::starting vote:: mi is 85:(01.06 13:34:12,951|)
ggt:'112_5' (voting)::receiving send y=85:(01.06 13:34:12,951|)
ggt:'112_5' (processing)::no ggt calculation reason:: 85>=85:(01.06 13:34:12,951|)
ggt:'112_5' (processing)::mi event:: storing event time=01.06 13:34:12,951|:(01.06 13:34:12,951|)
ggt:'112_5' (processing)::mi event:: (re)setting timer:(01.06 13:34:12,951|)
ggt:'112_5' (processing)::receiving send y=34:(01.06 13:34:12,951|)
ggt:'112_5' (processing)::calculation start:: calculating new ggt:: mi=85, y=34::duration 2(s):(01.06 13:34:12,951|)
ggt:'112_5' (processing)::calculation done:: changes mi=85 to 17:(01.06 13:34:14,962|)
ggt:'112_5' (processing)::calculated new mi::mi=17::sending 17 to {coord,coord@Mine}:(01.06 13:34:14,962|)
ggt:'112_5' (processing)::mi event:: storing event time=01.06 13:34:14,962|:(01.06 13:34:14,962|)
ggt:'112_5' (processing)::mi event:: (re)setting timer:(01.06 13:34:14,962|)
ggt:'112_5' (processing)::sending mi=17 to neighbours:: l='112_1',r='113_7':(01.06 13:34:14,963|)
ggt:'112_5' (processing)::reject vote from '113_7'::time since last mi event 3.2e-5(ms) :(01.06 13:34:14,963|)
ggt:'112_5' (processing)::receiving send y=17:(01.06 13:34:14,963|)
ggt:'112_5' (processing)::no ggt calculation reason:: 17>=17:(01.06 13:34:14,963|)
ggt:'112_5' (processing)::mi event:: storing event time=01.06 13:34:14,963|:(01.06 13:34:14,963|)
ggt:'112_5' (processing)::mi event:: (re)setting timer:(01.06 13:34:14,963|)
ggt:'112_5' (processing)::starting vote:: mi is 17:(01.06 13:34:16,975|)
ggt:'112_5' (voting)::receiving send y=17:(01.06 13:34:16,975|)
ggt:'112_5' (processing)::no ggt calculation reason:: 17>=17:(01.06 13:34:16,975|)
ggt:'112_5' (processing)::mi event:: storing event time=01.06 13:34:16,975|:(01.06 13:34:16,975|)
ggt:'112_5' (processing)::mi event:: (re)setting timer:(01.06 13:34:16,975|)
ggt:'112_5' (processing)::starting vote:: mi is 17:(01.06 13:34:18,987|)
ggt:'112_5' (voting)::accept vote from '113_7'::routing to '112_1'::time since last mi event 2(s):(01.06 13:34:18,987|)
ggt:'112_5' (voting)::accept vote from '112_2'::routing to '112_1'::time since last mi event 2(s):(01.06 13:34:18,987|)
ggt:'112_5' (voting)::accept vote from '112_6'::routing to '112_1'::time since last mi event 2(s):(01.06 13:34:18,987|)
ggt:'112_5' (voting)::accept vote from '113_3'::routing to '112_1'::time since last mi event 2(s):(01.06 13:34:18,987|)
ggt:'112_5' (voting)::accept vote from '113_3'::routing to '112_1'::time since last mi event 4(s):(01.06 13:34:20,991|)
ggt:'112_5' (voting)::accept vote from '111_6'::routing to '112_1'::time since last mi event 4(s):(01.06 13:34:20,991|)
ggt:'112_5' (voting)::accept vote from '111_6'::routing to '112_1'::time since last mi event 6(s):(01.06 13:34:23,003|)
ggt:'112_5' (voting)::accept vote from '113_4'::routing to '112_1'::time since last mi event 6(s):(01.06 13:34:23,003|)
ggt:'112_5' (voting)::accept vote from '113_4'::routing to '112_1'::time since last mi event 8(s):(01.06 13:34:25,015|)
ggt:'112_5' (voting)::accept vote from '112_3'::routing to '112_1'::time since last mi event 8(s):(01.06 13:34:25,015|)
ggt:'112_5' (voting)::accept vote from '111_7'::routing to '112_1'::time since last mi event 8(s):(01.06 13:34:25,015|)
ggt:'112_5' (voting)::receiving whats_on from "<6703.2633.0>"::responding voting:(01.06 13:36:01,246|)
ggt:'112_5' (voting)::receiving tell_mi from <6703.2696.0>::mi is 17:(01.06 13:36:14,303|)
ggt:'112_5' (voting)::receiving set_pmi 24759845:(01.06 13:36:37,017|)
ggt:'112_5' (processing)::mi event:: storing event time=01.06 13:36:37,017|:(01.06 13:36:37,017|)
ggt:'112_5' (processing)::mi event:: (re)setting timer:(01.06 13:36:37,017|)
ggt:'112_5' (processing)::starting vote:: mi is 24759845:(01.06 13:36:39,029|)
ggt:'112_5' (voting)::accept vote from '113_7'::routing to '112_1'::time since last mi event 2(s):(01.06 13:36:39,029|)
ggt:'112_5' (voting)::accept vote from '112_2'::routing to '112_1'::time since last mi event 2(s):(01.06 13:36:39,029|)
ggt:'112_5' (voting)::receiving send y=3042325:(01.06 13:36:39,029|)
ggt:'112_5' (processing)::calculation start:: calculating new ggt:: mi=24759845, y=3042325::duration 2(s):(01.06 13:36:39,029|)
ggt:'112_5' (processing)::calculation done:: changes mi=24759845 to 421245:(01.06 13:36:41,042|)
ggt:'112_5' (processing)::calculated new mi::mi=421245::sending 421245 to {coord,coord@Mine}:(01.06 13:36:41,042|)
ggt:'112_5' (processing)::mi event:: storing event time=01.06 13:36:41,042|:(01.06 13:36:41,042|)
ggt:'112_5' (processing)::mi event:: (re)setting timer:(01.06 13:36:41,042|)
ggt:'112_5' (processing)::sending mi=421245 to neighbours:: l='112_1',r='113_7':(01.06 13:36:41,042|)
ggt:'112_5' (processing)::starting vote:: mi is 421245:(01.06 13:36:43,054|)
ggt:'112_5' (voting)::receiving send y=21137:(01.06 13:36:43,054|)
ggt:'112_5' (processing)::calculation start:: calculating new ggt:: mi=421245, y=21137::duration 2(s):(01.06 13:36:43,054|)
ggt:'112_5' (processing)::calculation done:: changes mi=421245 to 19642:(01.06 13:36:45,066|)
ggt:'112_5' (processing)::calculated new mi::mi=19642::sending 19642 to {coord,coord@Mine}:(01.06 13:36:45,066|)
ggt:'112_5' (processing)::mi event:: storing event time=01.06 13:36:45,066|:(01.06 13:36:45,066|)
ggt:'112_5' (processing)::mi event:: (re)setting timer:(01.06 13:36:45,066|)
ggt:'112_5' (processing)::sending mi=19642 to neighbours:: l='112_1',r='113_7':(01.06 13:36:45,066|)
ggt:'112_5' (processing)::receiving send y=93610:(01.06 13:36:45,066|)
ggt:'112_5' (processing)::no ggt calculation reason:: 93610>=19642:(01.06 13:36:45,066|)
ggt:'112_5' (processing)::mi event:: storing event time=01.06 13:36:45,066|:(01.06 13:36:45,066|)
ggt:'112_5' (processing)::mi event:: (re)setting timer:(01.06 13:36:45,066|)
ggt:'112_5' (processing)::reject vote from '113_7'::time since last mi event 1.4999999999999999e-5(ms) :(01.06 13:36:45,066|)
ggt:'112_5' (processing)::starting vote:: mi is 19642:(01.06 13:36:47,079|)
ggt:'112_5' (voting)::receiving send y=1495:(01.06 13:36:47,079|)
ggt:'112_5' (processing)::calculation start:: calculating new ggt:: mi=19642, y=1495::duration 2(s):(01.06 13:36:47,079|)
ggt:'112_5' (processing)::calculation done:: changes mi=19642 to 207:(01.06 13:36:49,091|)
ggt:'112_5' (processing)::calculated new mi::mi=207::sending 207 to {coord,coord@Mine}:(01.06 13:36:49,091|)
ggt:'112_5' (processing)::mi event:: storing event time=01.06 13:36:49,091|:(01.06 13:36:49,091|)
ggt:'112_5' (processing)::mi event:: (re)setting timer:(01.06 13:36:49,091|)
ggt:'112_5' (processing)::sending mi=207 to neighbours:: l='112_1',r='113_7':(01.06 13:36:49,091|)
ggt:'112_5' (processing)::receiving send y=38295:(01.06 13:36:49,091|)
ggt:'112_5' (processing)::no ggt calculation reason:: 38295>=207:(01.06 13:36:49,091|)
ggt:'112_5' (processing)::mi event:: storing event time=01.06 13:36:49,091|:(01.06 13:36:49,091|)
ggt:'112_5' (processing)::mi event:: (re)setting timer:(01.06 13:36:49,091|)
ggt:'112_5' (processing)::receiving send y=18653:(01.06 13:36:49,091|)
ggt:'112_5' (processing)::no ggt calculation reason:: 18653>=207:(01.06 13:36:49,091|)
ggt:'112_5' (processing)::mi event:: storing event time=01.06 13:36:49,091|:(01.06 13:36:49,091|)
ggt:'112_5' (processing)::mi event:: (re)setting timer:(01.06 13:36:49,091|)
ggt:'112_5' (processing)::receiving send y=115:(01.06 13:36:49,091|)
ggt:'112_5' (processing)::calculation start:: calculating new ggt:: mi=207, y=115::duration 2(s):(01.06 13:36:49,091|)
ggt:'112_5' (processing)::calculation done:: changes mi=207 to 92:(01.06 13:36:51,104|)
ggt:'112_5' (processing)::calculated new mi::mi=92::sending 92 to {coord,coord@Mine}:(01.06 13:36:51,104|)
ggt:'112_5' (processing)::mi event:: storing event time=01.06 13:36:51,104|:(01.06 13:36:51,104|)
ggt:'112_5' (processing)::mi event:: (re)setting timer:(01.06 13:36:51,104|)
ggt:'112_5' (processing)::sending mi=92 to neighbours:: l='112_1',r='113_7':(01.06 13:36:51,104|)
ggt:'112_5' (processing)::reject vote from '113_7'::time since last mi event 9.999999999999999e-6(ms) :(01.06 13:36:51,104|)
ggt:'112_5' (processing)::reject vote from '112_2'::time since last mi event 2.2e-5(ms) :(01.06 13:36:51,104|)
ggt:'112_5' (processing)::receiving send y=23:(01.06 13:36:51,104|)
ggt:'112_5' (processing)::calculation start:: calculating new ggt:: mi=92, y=23::duration 2(s):(01.06 13:36:51,104|)
ggt:'112_5' (processing)::calculation done:: changes mi=92 to 23:(01.06 13:36:53,116|)
ggt:'112_5' (processing)::calculated new mi::mi=23::sending 23 to {coord,coord@Mine}:(01.06 13:36:53,116|)
ggt:'112_5' (processing)::mi event:: storing event time=01.06 13:36:53,116|:(01.06 13:36:53,116|)
ggt:'112_5' (processing)::mi event:: (re)setting timer:(01.06 13:36:53,116|)
ggt:'112_5' (processing)::sending mi=23 to neighbours:: l='112_1',r='113_7':(01.06 13:36:53,116|)
ggt:'112_5' (processing)::receiving send y=23:(01.06 13:36:53,116|)
ggt:'112_5' (processing)::no ggt calculation reason:: 23>=23:(01.06 13:36:53,116|)
ggt:'112_5' (processing)::mi event:: storing event time=01.06 13:36:53,116|:(01.06 13:36:53,116|)
ggt:'112_5' (processing)::mi event:: (re)setting timer:(01.06 13:36:53,116|)
ggt:'112_5' (processing)::starting vote:: mi is 23:(01.06 13:36:55,129|)
ggt:'112_5' (voting)::accept vote from '113_7'::routing to '112_1'::time since last mi event 2(s):(01.06 13:36:55,129|)
ggt:'112_5' (voting)::accept vote from '113_7'::routing to '112_1'::time since last mi event 4(s):(01.06 13:36:57,141|)
ggt:'112_5' (voting)::accept vote from '112_2'::routing to '112_1'::time since last mi event 4(s):(01.06 13:36:57,141|)
ggt:'112_5' (voting)::accept vote from '113_1'::routing to '112_1'::time since last mi event 4(s):(01.06 13:36:57,141|)
ggt:'112_5' (voting)::accept vote from '113_3'::routing to '112_1'::time since last mi event 4(s):(01.06 13:36:57,141|)
ggt:'112_5' (voting)::accept vote from '112_4'::routing to '112_1'::time since last mi event 4(s):(01.06 13:36:57,157|)
ggt:'112_5' (voting)::accept vote from '113_6'::routing to '112_1'::time since last mi event 4(s):(01.06 13:36:57,157|)
ggt:'112_5' (voting)::accept vote from '112_6'::routing to '112_1'::time since last mi event 4(s):(01.06 13:36:57,157|)
ggt:'112_5' (voting)::accept vote from '113_3'::routing to '112_1'::time since last mi event 6(s):(01.06 13:36:59,153|)
ggt:'112_5' (voting)::accept vote from '111_6'::routing to '112_1'::time since last mi event 6(s):(01.06 13:36:59,153|)
ggt:'112_5' (voting)::accept vote from '111_6'::routing to '112_1'::time since last mi event 8(s):(01.06 13:37:01,166|)
ggt:'112_5' (voting)::accept vote from '113_4'::routing to '112_1'::time since last mi event 8(s):(01.06 13:37:01,181|)
ggt:'112_5' (voting)::accept vote from '113_4'::routing to '112_1'::time since last mi event 10(s):(01.06 13:37:03,178|)
ggt:'112_5' (voting)::accept vote from '111_7'::routing to '112_1'::time since last mi event 10(s):(01.06 13:37:03,178|)
ggt:'112_5' (voting)::accept vote from '111_7'::routing to '112_1'::time since last mi event 12(s):(01.06 13:37:05,191|)
ggt:'112_5' (voting)::accept vote from '112_3'::routing to '112_1'::time since last mi event 12(s):(01.06 13:37:05,206|)
ggt:'112_5' (voting)::accept vote from '112_7'::routing to '112_1'::time since last mi event 12(s):(01.06 13:37:05,206|)
ggt:'112_5' (voting)::accept vote from '111_2'::routing to '112_1'::time since last mi event 12(s):(01.06 13:37:05,206|)
ggt:'112_5' (voting)::accept vote from '111_4'::routing to '112_1'::time since last mi event 12(s):(01.06 13:37:05,206|)
ggt:'112_5' (voting)::accept vote from '111_3'::routing to '112_1'::time since last mi event 12(s):(01.06 13:37:05,206|)
ggt:'112_5' (voting)::accept vote from '113_5'::routing to '112_1'::time since last mi event 12(s):(01.06 13:37:05,206|)
ggt:'112_5' (voting)::receiving whats_on from "<6703.2843.0>"::responding voting:(01.06 13:40:53,904|)
ggt:'112_5' (voting)::receiving tell_mi from <6703.2906.0>::mi is 23:(01.06 13:40:55,900|)
