ggt:locally registering <0.78.0>; name is ''112_6'':(01.06 13:33:19,802|)
ggt: <0.78.0> bound as service {'112_6',ggt_they@Mine}:(01.06 13:33:19,802|)
ggt:'112_6' (initial)::<0.78.0> checkin in to coordinator {coord,coord@Mine} as service '112_6':(01.06 13:33:19,802|)
ggt:'112_6' (initial)::waiting for neighbours to be set:(01.06 13:33:19,802|)
ggt:'112_6' (initial)::initializing neighbours::l='113_6'({'113_6',ggt_they@Mine}), r='113_3'({'113_3',ggt_you@Mine}):(01.06 13:33:34,435|)
ggt:'112_6' (initial)::transition to pre process state: left neighbour='113_6', right neigbour='113_3':(01.06 13:33:34,435|)
ggt:'112_6' (pre_process)::waiting for mi to be set:(01.06 13:33:34,435|)
ggt:'112_6' (pre_process)::receiving set_pmi 890307:(01.06 13:33:50,814|)
ggt:'112_6' (processing)::mi event:: storing event time=01.06 13:33:50,814|:(01.06 13:33:50,814|)
ggt:'112_6' (processing)::mi event:: (re)setting timer:(01.06 13:33:50,814|)
ggt:'112_6' (processing)::starting vote:: mi is 890307:(01.06 13:33:52,827|)
ggt:'112_6' (voting)::accept vote from '113_3'::routing to '113_6'::time since last mi event 2(s):(01.06 13:33:52,827|)
ggt:'112_6' (voting)::accept vote from '111_6'::routing to '113_6'::time since last mi event 2(s):(01.06 13:33:52,827|)
ggt:'112_6' (voting)::accept vote from '113_4'::routing to '113_6'::time since last mi event 2(s):(01.06 13:33:52,827|)
ggt:'112_6' (voting)::accept vote from '111_7'::routing to '113_6'::time since last mi event 2(s):(01.06 13:33:52,827|)
ggt:'112_6' (voting)::accept vote from '112_3'::routing to '113_6'::time since last mi event 2(s):(01.06 13:33:52,827|)
ggt:'112_6' (voting)::accept vote from '112_7'::routing to '113_6'::time since last mi event 2(s):(01.06 13:33:52,827|)
ggt:'112_6' (voting)::accept vote from '111_4'::routing to '113_6'::time since last mi event 2(s):(01.06 13:33:52,827|)
ggt:'112_6' (voting)::accept vote from '111_2'::routing to '113_6'::time since last mi event 2(s):(01.06 13:33:52,827|)
ggt:'112_6' (voting)::accept vote from '111_3'::routing to '113_6'::time since last mi event 2(s):(01.06 13:33:52,827|)
ggt:'112_6' (voting)::accept vote from '113_5'::routing to '113_6'::time since last mi event 2(s):(01.06 13:33:52,827|)
ggt:'112_6' (voting)::accept vote from '111_5'::routing to '113_6'::time since last mi event 2(s):(01.06 13:33:52,827|)
ggt:'112_6' (voting)::accept vote from '111_5'::routing to '113_6'::time since last mi event 4(s):(01.06 13:33:54,839|)
ggt:'112_6' (voting)::accept vote from '111_1'::routing to '113_6'::time since last mi event 4(s):(01.06 13:33:54,839|)
ggt:'112_6' (voting)::receiving send y=935:(01.06 13:34:08,926|)
ggt:'112_6' (processing)::calculation start:: calculating new ggt:: mi=890307, y=935::duration 2(s):(01.06 13:34:08,926|)
ggt:'112_6' (processing)::calculation done:: changes mi=890307 to 187:(01.06 13:34:10,938|)
ggt:'112_6' (processing)::calculated new mi::mi=187::sending 187 to {coord,coord@Mine}:(01.06 13:34:10,938|)
ggt:'112_6' (processing)::mi event:: storing event time=01.06 13:34:10,938|:(01.06 13:34:10,938|)
ggt:'112_6' (processing)::mi event:: (re)setting timer:(01.06 13:34:10,938|)
ggt:'112_6' (processing)::sending mi=187 to neighbours:: l='113_6',r='113_3':(01.06 13:34:10,938|)
ggt:'112_6' (processing)::starting vote:: mi is 187:(01.06 13:34:12,951|)
ggt:'112_6' (voting)::receiving send y=85:(01.06 13:34:12,951|)
ggt:'112_6' (processing)::calculation start:: calculating new ggt:: mi=187, y=85::duration 2(s):(01.06 13:34:12,951|)
ggt:'112_6' (processing)::calculation done:: changes mi=187 to 17:(01.06 13:34:14,962|)
ggt:'112_6' (processing)::calculated new mi::mi=17::sending 17 to {coord,coord@Mine}:(01.06 13:34:14,962|)
ggt:'112_6' (processing)::mi event:: storing event time=01.06 13:34:14,962|:(01.06 13:34:14,962|)
ggt:'112_6' (processing)::mi event:: (re)setting timer:(01.06 13:34:14,962|)
ggt:'112_6' (processing)::sending mi=17 to neighbours:: l='113_6',r='113_3':(01.06 13:34:14,963|)
ggt:'112_6' (processing)::receiving send y=187:(01.06 13:34:14,963|)
ggt:'112_6' (processing)::no ggt calculation reason:: 187>=17:(01.06 13:34:14,963|)
ggt:'112_6' (processing)::mi event:: storing event time=01.06 13:34:14,963|:(01.06 13:34:14,963|)
ggt:'112_6' (processing)::mi event:: (re)setting timer:(01.06 13:34:14,963|)
ggt:'112_6' (processing)::receiving send y=17:(01.06 13:34:14,963|)
ggt:'112_6' (processing)::no ggt calculation reason:: 17>=17:(01.06 13:34:14,963|)
ggt:'112_6' (processing)::mi event:: storing event time=01.06 13:34:14,963|:(01.06 13:34:14,963|)
ggt:'112_6' (processing)::mi event:: (re)setting timer:(01.06 13:34:14,963|)
ggt:'112_6' (processing)::reject vote from '113_3'::time since last mi event 1.6e-5(ms) :(01.06 13:34:14,963|)
ggt:'112_6' (processing)::starting vote:: mi is 17:(01.06 13:34:16,975|)
ggt:'112_6' (voting)::receiving send y=17:(01.06 13:34:16,975|)
ggt:'112_6' (processing)::no ggt calculation reason:: 17>=17:(01.06 13:34:16,975|)
ggt:'112_6' (processing)::mi event:: storing event time=01.06 13:34:16,975|:(01.06 13:34:16,975|)
ggt:'112_6' (processing)::mi event:: (re)setting timer:(01.06 13:34:16,975|)
ggt:'112_6' (processing)::starting vote:: mi is 17:(01.06 13:34:18,987|)
ggt:'112_6' (voting)::accept vote from '113_3'::routing to '113_6'::time since last mi event 2(s):(01.06 13:34:18,987|)
ggt:'112_6' (voting)::accept vote from '113_3'::routing to '113_6'::time since last mi event 4(s):(01.06 13:34:20,990|)
ggt:'112_6' (voting)::accept vote from '111_6'::routing to '113_6'::time since last mi event 4(s):(01.06 13:34:20,990|)
ggt:'112_6' (voting)::accept vote from '111_6'::routing to '113_6'::time since last mi event 6(s):(01.06 13:34:23,003|)
ggt:'112_6' (voting)::accept vote from '113_4'::routing to '113_6'::time since last mi event 6(s):(01.06 13:34:23,003|)
ggt:'112_6' (voting)::accept vote from '113_4'::routing to '113_6'::time since last mi event 8(s):(01.06 13:34:25,014|)
ggt:'112_6' (voting)::accept vote from '112_3'::routing to '113_6'::time since last mi event 8(s):(01.06 13:34:25,014|)
ggt:'112_6' (voting)::accept vote from '111_7'::routing to '113_6'::time since last mi event 8(s):(01.06 13:34:25,014|)
ggt:'112_6' (voting)::receiving whats_on from "<6703.2636.0>"::responding voting:(01.06 13:36:01,246|)
ggt:'112_6' (voting)::receiving tell_mi from <6703.2699.0>::mi is 17:(01.06 13:36:14,303|)
ggt:'112_6' (voting)::receiving set_pmi 299:(01.06 13:36:37,017|)
ggt:'112_6' (processing)::mi event:: storing event time=01.06 13:36:37,017|:(01.06 13:36:37,017|)
ggt:'112_6' (processing)::mi event:: (re)setting timer:(01.06 13:36:37,017|)
ggt:'112_6' (processing)::starting vote:: mi is 299:(01.06 13:36:39,029|)
ggt:'112_6' (voting)::accept vote from '113_3'::routing to '113_6'::time since last mi event 2(s):(01.06 13:36:39,029|)
ggt:'112_6' (voting)::accept vote from '111_6'::routing to '113_6'::time since last mi event 2(s):(01.06 13:36:39,029|)
ggt:'112_6' (voting)::accept vote from '113_4'::routing to '113_6'::time since last mi event 2(s):(01.06 13:36:39,029|)
ggt:'112_6' (voting)::accept vote from '111_7'::routing to '113_6'::time since last mi event 2(s):(01.06 13:36:39,029|)
ggt:'112_6' (voting)::accept vote from '112_3'::routing to '113_6'::time since last mi event 2(s):(01.06 13:36:39,029|)
ggt:'112_6' (voting)::accept vote from '112_7'::routing to '113_6'::time since last mi event 2(s):(01.06 13:36:39,029|)
ggt:'112_6' (voting)::accept vote from '111_2'::routing to '113_6'::time since last mi event 2(s):(01.06 13:36:39,029|)
ggt:'112_6' (voting)::accept vote from '111_4'::routing to '113_6'::time since last mi event 2(s):(01.06 13:36:39,029|)
ggt:'112_6' (voting)::accept vote from '111_3'::routing to '113_6'::time since last mi event 2(s):(01.06 13:36:39,029|)
ggt:'112_6' (voting)::accept vote from '113_5'::routing to '113_6'::time since last mi event 2(s):(01.06 13:36:39,029|)
ggt:'112_6' (voting)::accept vote from '111_5'::routing to '113_6'::time since last mi event 2(s):(01.06 13:36:39,029|)
ggt:'112_6' (voting)::accept vote from '111_5'::routing to '113_6'::time since last mi event 4(s):(01.06 13:36:41,042|)
ggt:'112_6' (voting)::accept vote from '111_1'::routing to '113_6'::time since last mi event 4(s):(01.06 13:36:41,057|)
ggt:'112_6' (voting)::receiving send y=115:(01.06 13:36:47,079|)
ggt:'112_6' (processing)::calculation start:: calculating new ggt:: mi=299, y=115::duration 2(s):(01.06 13:36:47,079|)
ggt:'112_6' (processing)::calculation done:: changes mi=299 to 69:(01.06 13:36:49,091|)
ggt:'112_6' (processing)::calculated new mi::mi=69::sending 69 to {coord,coord@Mine}:(01.06 13:36:49,091|)
ggt:'112_6' (processing)::mi event:: storing event time=01.06 13:36:49,091|:(01.06 13:36:49,091|)
ggt:'112_6' (processing)::mi event:: (re)setting timer:(01.06 13:36:49,091|)
ggt:'112_6' (processing)::sending mi=69 to neighbours:: l='113_6',r='113_3':(01.06 13:36:49,091|)
ggt:'112_6' (processing)::starting vote:: mi is 69:(01.06 13:36:51,104|)
ggt:'112_6' (voting)::receiving send y=46:(01.06 13:36:51,104|)
ggt:'112_6' (processing)::calculation start:: calculating new ggt:: mi=69, y=46::duration 2(s):(01.06 13:36:51,104|)
ggt:'112_6' (processing)::calculation done:: changes mi=69 to 23:(01.06 13:36:53,116|)
ggt:'112_6' (processing)::calculated new mi::mi=23::sending 23 to {coord,coord@Mine}:(01.06 13:36:53,116|)
ggt:'112_6' (processing)::mi event:: storing event time=01.06 13:36:53,116|:(01.06 13:36:53,116|)
ggt:'112_6' (processing)::mi event:: (re)setting timer:(01.06 13:36:53,116|)
ggt:'112_6' (processing)::sending mi=23 to neighbours:: l='113_6',r='113_3':(01.06 13:36:53,116|)
ggt:'112_6' (processing)::reject vote from '113_3'::time since last mi event 1.7e-5(ms) :(01.06 13:36:53,116|)
ggt:'112_6' (processing)::receiving send y=23:(01.06 13:36:55,129|)
ggt:'112_6' (processing)::no ggt calculation reason:: 23>=23:(01.06 13:36:55,129|)
ggt:'112_6' (processing)::mi event:: storing event time=01.06 13:36:55,129|:(01.06 13:36:55,129|)
ggt:'112_6' (processing)::mi event:: (re)setting timer:(01.06 13:36:55,129|)
ggt:'112_6' (processing)::starting vote:: mi is 23:(01.06 13:36:55,129|)
ggt:'112_6' (voting)::receiving send y=23:(01.06 13:36:55,144|)
ggt:'112_6' (processing)::no ggt calculation reason:: 23>=23:(01.06 13:36:55,144|)
ggt:'112_6' (processing)::mi event:: storing event time=01.06 13:36:55,144|:(01.06 13:36:55,144|)
ggt:'112_6' (processing)::mi event:: (re)setting timer:(01.06 13:36:55,144|)
ggt:'112_6' (processing)::accept vote from '113_3'::routing to '113_6'::time since last mi event 2(s):(01.06 13:36:57,141|)
ggt:'112_6' (processing)::starting vote:: mi is 23:(01.06 13:36:57,157|)
ggt:'112_6' (voting)::accept vote from '113_3'::routing to '113_6'::time since last mi event 4(s):(01.06 13:36:59,153|)
ggt:'112_6' (voting)::accept vote from '111_6'::routing to '113_6'::time since last mi event 4(s):(01.06 13:36:59,153|)
ggt:'112_6' (voting)::accept vote from '111_6'::routing to '113_6'::time since last mi event 6(s):(01.06 13:37:01,166|)
ggt:'112_6' (voting)::accept vote from '113_4'::routing to '113_6'::time since last mi event 6(s):(01.06 13:37:01,166|)
ggt:'112_6' (voting)::accept vote from '113_4'::routing to '113_6'::time since last mi event 8(s):(01.06 13:37:03,178|)
ggt:'112_6' (voting)::accept vote from '111_7'::routing to '113_6'::time since last mi event 8(s):(01.06 13:37:03,178|)
ggt:'112_6' (voting)::accept vote from '111_7'::routing to '113_6'::time since last mi event 10(s):(01.06 13:37:05,191|)
ggt:'112_6' (voting)::accept vote from '112_3'::routing to '113_6'::time since last mi event 10(s):(01.06 13:37:05,191|)
ggt:'112_6' (voting)::accept vote from '112_7'::routing to '113_6'::time since last mi event 10(s):(01.06 13:37:05,191|)
ggt:'112_6' (voting)::accept vote from '111_2'::routing to '113_6'::time since last mi event 10(s):(01.06 13:37:05,191|)
ggt:'112_6' (voting)::accept vote from '111_4'::routing to '113_6'::time since last mi event 10(s):(01.06 13:37:05,191|)
ggt:'112_6' (voting)::accept vote from '111_3'::routing to '113_6'::time since last mi event 10(s):(01.06 13:37:05,206|)
ggt:'112_6' (voting)::accept vote from '113_5'::routing to '113_6'::time since last mi event 10(s):(01.06 13:37:05,206|)
ggt:'112_6' (voting)::receiving whats_on from "<6703.2846.0>"::responding voting:(01.06 13:40:53,904|)
ggt:'112_6' (voting)::receiving tell_mi from <6703.2909.0>::mi is 23:(01.06 13:40:55,900|)
