ggt:locally registering <0.87.0>; name is ''112_7'':(01.06 13:33:19,818|)
ggt: <0.87.0> bound as service {'112_7',ggt_they@Mine}:(01.06 13:33:19,818|)
ggt:'112_7' (initial)::<0.87.0> checkin in to coordinator {coord,coord@Mine} as service '112_7':(01.06 13:33:19,818|)
ggt:'112_7' (initial)::waiting for neighbours to be set:(01.06 13:33:19,818|)
ggt:'112_7' (initial)::initializing neighbours::l='112_3'({'112_3',ggt_you@Mine}), r='111_2'({'111_2',ggt_me@Mine}):(01.06 13:33:34,435|)
ggt:'112_7' (initial)::transition to pre process state: left neighbour='112_3', right neigbour='111_2':(01.06 13:33:34,435|)
ggt:'112_7' (pre_process)::waiting for mi to be set:(01.06 13:33:34,435|)
ggt:'112_7' (pre_process)::receiving set_pmi 521897025:(01.06 13:33:50,814|)
ggt:'112_7' (processing)::mi event:: storing event time=01.06 13:33:50,814|:(01.06 13:33:50,814|)
ggt:'112_7' (processing)::mi event:: (re)setting timer:(01.06 13:33:50,814|)
ggt:'112_7' (processing)::starting vote:: mi is 521897025:(01.06 13:33:52,827|)
ggt:'112_7' (voting)::accept vote from '111_4'::routing to '112_3'::time since last mi event 2(s):(01.06 13:33:52,827|)
ggt:'112_7' (voting)::accept vote from '111_2'::routing to '112_3'::time since last mi event 2(s):(01.06 13:33:52,827|)
ggt:'112_7' (voting)::accept vote from '111_3'::routing to '112_3'::time since last mi event 2(s):(01.06 13:33:52,827|)
ggt:'112_7' (voting)::accept vote from '113_5'::routing to '112_3'::time since last mi event 2(s):(01.06 13:33:52,827|)
ggt:'112_7' (voting)::accept vote from '111_5'::routing to '112_3'::time since last mi event 2(s):(01.06 13:33:52,827|)
ggt:'112_7' (voting)::accept vote from '111_5'::routing to '112_3'::time since last mi event 4(s):(01.06 13:33:54,839|)
ggt:'112_7' (voting)::accept vote from '111_1'::routing to '112_3'::time since last mi event 4(s):(01.06 13:33:54,839|)
ggt:'112_7' (voting)::receiving send y=255:(01.06 13:34:06,914|)
ggt:'112_7' (processing)::calculation start:: calculating new ggt:: mi=521897025, y=255::duration 2(s):(01.06 13:34:06,914|)
ggt:'112_7' (processing)::calculation done:: changes mi=521897025 to 255:(01.06 13:34:08,926|)
ggt:'112_7' (processing)::calculated new mi::mi=255::sending 255 to {coord,coord@Mine}:(01.06 13:34:08,926|)
ggt:'112_7' (processing)::mi event:: storing event time=01.06 13:34:08,926|:(01.06 13:34:08,926|)
ggt:'112_7' (processing)::mi event:: (re)setting timer:(01.06 13:34:08,926|)
ggt:'112_7' (processing)::sending mi=255 to neighbours:: l='112_3',r='111_2':(01.06 13:34:08,926|)
ggt:'112_7' (processing)::reject vote from '111_2'::time since last mi event 6.9e-5(ms) :(01.06 13:34:08,926|)
ggt:'112_7' (processing)::starting vote:: mi is 255:(01.06 13:34:10,938|)
ggt:'112_7' (voting)::receiving send y=85:(01.06 13:34:10,938|)
ggt:'112_7' (processing)::calculation start:: calculating new ggt:: mi=255, y=85::duration 2(s):(01.06 13:34:10,938|)
ggt:'112_7' (processing)::calculation done:: changes mi=255 to 85:(01.06 13:34:12,951|)
ggt:'112_7' (processing)::calculated new mi::mi=85::sending 85 to {coord,coord@Mine}:(01.06 13:34:12,951|)
ggt:'112_7' (processing)::mi event:: storing event time=01.06 13:34:12,951|:(01.06 13:34:12,951|)
ggt:'112_7' (processing)::mi event:: (re)setting timer:(01.06 13:34:12,951|)
ggt:'112_7' (processing)::sending mi=85 to neighbours:: l='112_3',r='111_2':(01.06 13:34:12,951|)
ggt:'112_7' (processing)::receiving send y=255:(01.06 13:34:12,951|)
ggt:'112_7' (processing)::no ggt calculation reason:: 255>=85:(01.06 13:34:12,951|)
ggt:'112_7' (processing)::mi event:: storing event time=01.06 13:34:12,951|:(01.06 13:34:12,951|)
ggt:'112_7' (processing)::mi event:: (re)setting timer:(01.06 13:34:12,951|)
ggt:'112_7' (processing)::reject vote from '111_2'::time since last mi event 1.8e-5(ms) :(01.06 13:34:12,951|)
ggt:'112_7' (processing)::starting vote:: mi is 85:(01.06 13:34:14,963|)
ggt:'112_7' (voting)::receiving send y=85:(01.06 13:34:14,963|)
ggt:'112_7' (processing)::no ggt calculation reason:: 85>=85:(01.06 13:34:14,963|)
ggt:'112_7' (processing)::mi event:: storing event time=01.06 13:34:14,963|:(01.06 13:34:14,963|)
ggt:'112_7' (processing)::mi event:: (re)setting timer:(01.06 13:34:14,963|)
ggt:'112_7' (processing)::reject vote from '111_2'::time since last mi event 2.4999999999999998e-5(ms) :(01.06 13:34:14,963|)
ggt:'112_7' (processing)::receiving send y=17:(01.06 13:34:16,975|)
ggt:'112_7' (processing)::calculation start:: calculating new ggt:: mi=85, y=17::duration 2(s):(01.06 13:34:16,975|)
ggt:'112_7' (processing)::calculation done:: changes mi=85 to 17:(01.06 13:34:18,987|)
ggt:'112_7' (processing)::calculated new mi::mi=17::sending 17 to {coord,coord@Mine}:(01.06 13:34:18,987|)
ggt:'112_7' (processing)::mi event:: storing event time=01.06 13:34:18,987|:(01.06 13:34:18,987|)
ggt:'112_7' (processing)::mi event:: (re)setting timer:(01.06 13:34:18,987|)
ggt:'112_7' (processing)::sending mi=17 to neighbours:: l='112_3',r='111_2':(01.06 13:34:18,987|)
ggt:'112_7' (processing)::starting vote:: mi is 17:(01.06 13:34:18,987|)
ggt:'112_7' (voting)::reject vote from '111_2'::time since last mi event 1.9999999999999998e-5(ms) :(01.06 13:34:18,987|)
ggt:'112_7' (voting)::reject vote from '111_4'::time since last mi event 2.2e-5(ms) :(01.06 13:34:18,987|)
ggt:'112_7' (voting)::reject vote from '111_3'::time since last mi event 3.2e-5(ms) :(01.06 13:34:18,987|)
ggt:'112_7' (voting)::accept vote from '111_2'::routing to '112_3'::time since last mi event 2(s):(01.06 13:34:20,990|)
ggt:'112_7' (voting)::starting vote:: mi is 17:(01.06 13:34:20,990|)
ggt:'112_7' (voting)::receiving send y=17:(01.06 13:34:20,991|)
ggt:'112_7' (processing)::no ggt calculation reason:: 17>=17:(01.06 13:34:20,991|)
ggt:'112_7' (processing)::mi event:: storing event time=01.06 13:34:20,991|:(01.06 13:34:20,991|)
ggt:'112_7' (processing)::mi event:: (re)setting timer:(01.06 13:34:20,991|)
ggt:'112_7' (processing)::reject vote from '113_3'::time since last mi event 1.4e-5(ms) :(01.06 13:34:20,991|)
ggt:'112_7' (processing)::reject vote from '111_6'::time since last mi event 1.6e-5(ms) :(01.06 13:34:20,991|)
ggt:'112_7' (processing)::starting vote:: mi is 17:(01.06 13:34:23,002|)
ggt:'112_7' (voting)::accept vote from '111_6'::routing to '112_3'::time since last mi event 2(s):(01.06 13:34:23,003|)
ggt:'112_7' (voting)::accept vote from '113_4'::routing to '112_3'::time since last mi event 2(s):(01.06 13:34:23,003|)
ggt:'112_7' (voting)::accept vote from '113_4'::routing to '112_3'::time since last mi event 4(s):(01.06 13:34:25,015|)
ggt:'112_7' (voting)::accept vote from '112_3'::routing to '112_3'::time since last mi event 4(s):(01.06 13:34:25,015|)
ggt:'112_7' (voting)::accept vote from '111_7'::routing to '112_3'::time since last mi event 4(s):(01.06 13:34:25,015|)
ggt:'112_7' (voting)::receiving whats_on from "<6703.2639.0>"::responding voting:(01.06 13:36:01,246|)
ggt:'112_7' (voting)::receiving tell_mi from <6703.2702.0>::mi is 17:(01.06 13:36:14,303|)
ggt:'112_7' (voting)::receiving set_pmi 1948824891:(01.06 13:36:37,017|)
ggt:'112_7' (processing)::mi event:: storing event time=01.06 13:36:37,017|:(01.06 13:36:37,017|)
ggt:'112_7' (processing)::mi event:: (re)setting timer:(01.06 13:36:37,017|)
ggt:'112_7' (processing)::starting vote:: mi is 1948824891:(01.06 13:36:39,029|)
ggt:'112_7' (voting)::accept vote from '111_2'::routing to '112_3'::time since last mi event 2(s):(01.06 13:36:39,029|)
ggt:'112_7' (voting)::accept vote from '111_4'::routing to '112_3'::time since last mi event 2(s):(01.06 13:36:39,029|)
ggt:'112_7' (voting)::accept vote from '111_3'::routing to '112_3'::time since last mi event 2(s):(01.06 13:36:39,029|)
ggt:'112_7' (voting)::accept vote from '113_5'::routing to '112_3'::time since last mi event 2(s):(01.06 13:36:39,029|)
ggt:'112_7' (voting)::accept vote from '111_5'::routing to '112_3'::time since last mi event 2(s):(01.06 13:36:39,029|)
ggt:'112_7' (voting)::accept vote from '111_5'::routing to '112_3'::time since last mi event 4(s):(01.06 13:36:41,042|)
ggt:'112_7' (voting)::accept vote from '111_1'::routing to '112_3'::time since last mi event 4(s):(01.06 13:36:41,042|)
ggt:'112_7' (voting)::receiving send y=12535:(01.06 13:36:53,116|)
ggt:'112_7' (processing)::calculation start:: calculating new ggt:: mi=1948824891, y=12535::duration 2(s):(01.06 13:36:53,116|)
ggt:'112_7' (processing)::calculation done:: changes mi=1948824891 to 8441:(01.06 13:36:55,129|)
ggt:'112_7' (processing)::calculated new mi::mi=8441::sending 8441 to {coord,coord@Mine}:(01.06 13:36:55,129|)
ggt:'112_7' (processing)::mi event:: storing event time=01.06 13:36:55,129|:(01.06 13:36:55,129|)
ggt:'112_7' (processing)::mi event:: (re)setting timer:(01.06 13:36:55,129|)
ggt:'112_7' (processing)::sending mi=8441 to neighbours:: l='112_3',r='111_2':(01.06 13:36:55,129|)
ggt:'112_7' (processing)::reject vote from '111_2'::time since last mi event 3.9e-5(ms) :(01.06 13:36:55,129|)
ggt:'112_7' (processing)::starting vote:: mi is 8441:(01.06 13:36:57,141|)
ggt:'112_7' (voting)::receiving send y=299:(01.06 13:36:57,141|)
ggt:'112_7' (processing)::calculation start:: calculating new ggt:: mi=8441, y=299::duration 2(s):(01.06 13:36:57,141|)
ggt:'112_7' (processing)::calculation done:: changes mi=8441 to 69:(01.06 13:36:59,153|)
ggt:'112_7' (processing)::calculated new mi::mi=69::sending 69 to {coord,coord@Mine}:(01.06 13:36:59,153|)
ggt:'112_7' (processing)::mi event:: storing event time=01.06 13:36:59,153|:(01.06 13:36:59,153|)
ggt:'112_7' (processing)::mi event:: (re)setting timer:(01.06 13:36:59,153|)
ggt:'112_7' (processing)::sending mi=69 to neighbours:: l='112_3',r='111_2':(01.06 13:36:59,153|)
ggt:'112_7' (processing)::receiving send y=7797:(01.06 13:36:59,153|)
ggt:'112_7' (processing)::no ggt calculation reason:: 7797>=69:(01.06 13:36:59,153|)
ggt:'112_7' (processing)::mi event:: storing event time=01.06 13:36:59,153|:(01.06 13:36:59,153|)
ggt:'112_7' (processing)::mi event:: (re)setting timer:(01.06 13:36:59,153|)
ggt:'112_7' (processing)::reject vote from '111_2'::time since last mi event 1.8e-5(ms) :(01.06 13:36:59,153|)
ggt:'112_7' (processing)::starting vote:: mi is 69:(01.06 13:37:01,166|)
ggt:'112_7' (voting)::receiving send y=23:(01.06 13:37:01,166|)
ggt:'112_7' (processing)::calculation start:: calculating new ggt:: mi=69, y=23::duration 2(s):(01.06 13:37:01,166|)
ggt:'112_7' (processing)::calculation done:: changes mi=69 to 23:(01.06 13:37:03,178|)
ggt:'112_7' (processing)::calculated new mi::mi=23::sending 23 to {coord,coord@Mine}:(01.06 13:37:03,178|)
ggt:'112_7' (processing)::mi event:: storing event time=01.06 13:37:03,178|:(01.06 13:37:03,178|)
ggt:'112_7' (processing)::mi event:: (re)setting timer:(01.06 13:37:03,178|)
ggt:'112_7' (processing)::sending mi=23 to neighbours:: l='112_3',r='111_2':(01.06 13:37:03,178|)
ggt:'112_7' (processing)::receiving send y=1127:(01.06 13:37:03,178|)
ggt:'112_7' (processing)::no ggt calculation reason:: 1127>=23:(01.06 13:37:03,178|)
ggt:'112_7' (processing)::mi event:: storing event time=01.06 13:37:03,178|:(01.06 13:37:03,178|)
ggt:'112_7' (processing)::mi event:: (re)setting timer:(01.06 13:37:03,178|)
ggt:'112_7' (processing)::reject vote from '111_2'::time since last mi event 7.0e-6(ms) :(01.06 13:37:03,178|)
ggt:'112_7' (processing)::receiving send y=23:(01.06 13:37:03,178|)
ggt:'112_7' (processing)::no ggt calculation reason:: 23>=23:(01.06 13:37:03,178|)
ggt:'112_7' (processing)::mi event:: storing event time=01.06 13:37:03,178|:(01.06 13:37:03,178|)
ggt:'112_7' (processing)::mi event:: (re)setting timer:(01.06 13:37:03,178|)
ggt:'112_7' (processing)::starting vote:: mi is 23:(01.06 13:37:05,191|)
ggt:'112_7' (voting)::accept vote from '111_2'::routing to '112_3'::time since last mi event 2(s):(01.06 13:37:05,191|)
ggt:'112_7' (voting)::accept vote from '111_4'::routing to '112_3'::time since last mi event 2(s):(01.06 13:37:05,191|)
ggt:'112_7' (voting)::accept vote from '111_3'::routing to '112_3'::time since last mi event 2(s):(01.06 13:37:05,191|)
ggt:'112_7' (voting)::accept vote from '113_5'::routing to '112_3'::time since last mi event 2(s):(01.06 13:37:05,191|)
ggt:'112_7' (voting)::accept vote from '111_7'::routing to '112_3'::time since last mi event 2(s):(01.06 13:37:05,191|)
ggt:'112_7' (voting)::accept vote from '112_3'::routing to '112_3'::time since last mi event 2(s):(01.06 13:37:05,206|)
ggt:'112_7' (voting)::terminating vote::number of successful votes::1:(01.06 13:37:05,206|)
ggt:'112_7' (voting)::terminated vote::sending termination with ggt=23 to {coord,coord@Mine}:(01.06 13:37:05,206|)
ggt:'112_7' (voting)::transition to state voted:(01.06 13:37:05,206|)
ggt:'112_7' (voted)::receiving whats_on from "<6703.2849.0>"::responding voted:(01.06 13:40:53,904|)
ggt:'112_7' (voted)::receiving tell_mi from <6703.2912.0>::mi is 23:(01.06 13:40:55,900|)
