ggt:locally registering <0.86.0>; name is ''113_7'':(01.06 13:33:19,818|)
ggt: <0.86.0> bound as service {'113_7',ggt_they@Mine}:(01.06 13:33:19,818|)
ggt:'113_7' (initial)::<0.86.0> checkin in to coordinator {coord,coord@Mine} as service '113_7':(01.06 13:33:19,818|)
ggt:'113_7' (initial)::waiting for neighbours to be set:(01.06 13:33:19,818|)
ggt:'113_7' (initial)::initializing neighbours::l='112_5'({'112_5',ggt_they@Mine}), r='112_2'({'112_2',ggt_me@Mine}):(01.06 13:33:34,435|)
ggt:'113_7' (initial)::transition to pre process state: left neighbour='112_5', right neigbour='112_2':(01.06 13:33:34,435|)
ggt:'113_7' (pre_process)::waiting for mi to be set:(01.06 13:33:34,435|)
ggt:'113_7' (pre_process)::receiving set_pmi 1258780831165:(01.06 13:33:50,814|)
ggt:'113_7' (processing)::mi event:: storing event time=01.06 13:33:50,814|:(01.06 13:33:50,814|)
ggt:'113_7' (processing)::mi event:: (re)setting timer:(01.06 13:33:50,814|)
ggt:'113_7' (processing)::starting vote:: mi is 1258780831165:(01.06 13:33:52,827|)
ggt:'113_7' (voting)::accept vote from '112_2'::routing to '112_5'::time since last mi event 2(s):(01.06 13:33:52,827|)
ggt:'113_7' (voting)::accept vote from '113_1'::routing to '112_5'::time since last mi event 2(s):(01.06 13:33:52,827|)
ggt:'113_7' (voting)::accept vote from '112_4'::routing to '112_5'::time since last mi event 2(s):(01.06 13:33:52,827|)
ggt:'113_7' (voting)::accept vote from '113_6'::routing to '112_5'::time since last mi event 2(s):(01.06 13:33:52,827|)
ggt:'113_7' (voting)::accept vote from '112_6'::routing to '112_5'::time since last mi event 2(s):(01.06 13:33:52,827|)
ggt:'113_7' (voting)::accept vote from '113_3'::routing to '112_5'::time since last mi event 2(s):(01.06 13:33:52,827|)
ggt:'113_7' (voting)::accept vote from '111_6'::routing to '112_5'::time since last mi event 2(s):(01.06 13:33:52,827|)
ggt:'113_7' (voting)::accept vote from '113_4'::routing to '112_5'::time since last mi event 2(s):(01.06 13:33:52,827|)
ggt:'113_7' (voting)::accept vote from '111_7'::routing to '112_5'::time since last mi event 2(s):(01.06 13:33:52,827|)
ggt:'113_7' (voting)::accept vote from '112_3'::routing to '112_5'::time since last mi event 2(s):(01.06 13:33:52,827|)
ggt:'113_7' (voting)::accept vote from '112_7'::routing to '112_5'::time since last mi event 2(s):(01.06 13:33:52,827|)
ggt:'113_7' (voting)::accept vote from '111_4'::routing to '112_5'::time since last mi event 2(s):(01.06 13:33:52,827|)
ggt:'113_7' (voting)::accept vote from '111_2'::routing to '112_5'::time since last mi event 2(s):(01.06 13:33:52,827|)
ggt:'113_7' (voting)::accept vote from '111_3'::routing to '112_5'::time since last mi event 2(s):(01.06 13:33:52,827|)
ggt:'113_7' (voting)::accept vote from '113_5'::routing to '112_5'::time since last mi event 2(s):(01.06 13:33:52,827|)
ggt:'113_7' (voting)::accept vote from '111_5'::routing to '112_5'::time since last mi event 2(s):(01.06 13:33:52,827|)
ggt:'113_7' (voting)::receiving send y=19719150:(01.06 13:33:54,839|)
ggt:'113_7' (processing)::calculation start:: calculating new ggt:: mi=1258780831165, y=19719150::duration 2(s):(01.06 13:33:54,839|)
ggt:'113_7' (processing)::calculation done:: changes mi=1258780831165 to 8890915:(01.06 13:33:56,852|)
ggt:'113_7' (processing)::calculated new mi::mi=8890915::sending 8890915 to {coord,coord@Mine}:(01.06 13:33:56,852|)
ggt:'113_7' (processing)::mi event:: storing event time=01.06 13:33:56,852|:(01.06 13:33:56,852|)
ggt:'113_7' (processing)::mi event:: (re)setting timer:(01.06 13:33:56,852|)
ggt:'113_7' (processing)::sending mi=8890915 to neighbours:: l='112_5',r='112_2':(01.06 13:33:56,852|)
ggt:'113_7' (processing)::reject vote from '111_5'::time since last mi event 1.4e-5(ms) :(01.06 13:33:56,852|)
ggt:'113_7' (processing)::reject vote from '111_1'::time since last mi event 1.6e-5(ms) :(01.06 13:33:56,852|)
ggt:'113_7' (processing)::starting vote:: mi is 8890915:(01.06 13:33:58,864|)
ggt:'113_7' (voting)::receiving send y=9435:(01.06 13:33:58,864|)
ggt:'113_7' (processing)::calculation start:: calculating new ggt:: mi=8890915, y=9435::duration 2(s):(01.06 13:33:58,864|)
ggt:'113_7' (processing)::calculation done:: changes mi=8890915 to 3145:(01.06 13:34:00,876|)
ggt:'113_7' (processing)::calculated new mi::mi=3145::sending 3145 to {coord,coord@Mine}:(01.06 13:34:00,876|)
ggt:'113_7' (processing)::mi event:: storing event time=01.06 13:34:00,876|:(01.06 13:34:00,876|)
ggt:'113_7' (processing)::mi event:: (re)setting timer:(01.06 13:34:00,876|)
ggt:'113_7' (processing)::sending mi=3145 to neighbours:: l='112_5',r='112_2':(01.06 13:34:00,876|)
ggt:'113_7' (processing)::reject vote from '112_2'::time since last mi event 9.0e-6(ms) :(01.06 13:34:00,876|)
ggt:'113_7' (processing)::starting vote:: mi is 3145:(01.06 13:34:02,889|)
ggt:'113_7' (voting)::receiving send y=3145:(01.06 13:34:02,889|)
ggt:'113_7' (processing)::no ggt calculation reason:: 3145>=3145:(01.06 13:34:02,889|)
ggt:'113_7' (processing)::mi event:: storing event time=01.06 13:34:02,889|:(01.06 13:34:02,889|)
ggt:'113_7' (processing)::mi event:: (re)setting timer:(01.06 13:34:02,889|)
ggt:'113_7' (processing)::receiving send y=1700:(01.06 13:34:02,889|)
ggt:'113_7' (processing)::calculation start:: calculating new ggt:: mi=3145, y=1700::duration 2(s):(01.06 13:34:02,889|)
ggt:'113_7' (processing)::calculation done:: changes mi=3145 to 1445:(01.06 13:34:04,901|)
ggt:'113_7' (processing)::calculated new mi::mi=1445::sending 1445 to {coord,coord@Mine}:(01.06 13:34:04,901|)
ggt:'113_7' (processing)::mi event:: storing event time=01.06 13:34:04,901|:(01.06 13:34:04,901|)
ggt:'113_7' (processing)::mi event:: (re)setting timer:(01.06 13:34:04,901|)
ggt:'113_7' (processing)::sending mi=1445 to neighbours:: l='112_5',r='112_2':(01.06 13:34:04,901|)
ggt:'113_7' (processing)::reject vote from '112_2'::time since last mi event 1.3e-5(ms) :(01.06 13:34:04,901|)
ggt:'113_7' (processing)::receiving send y=493:(01.06 13:34:06,914|)
ggt:'113_7' (processing)::calculation start:: calculating new ggt:: mi=1445, y=493::duration 2(s):(01.06 13:34:06,914|)
ggt:'113_7' (processing)::calculation done:: changes mi=1445 to 459:(01.06 13:34:08,926|)
ggt:'113_7' (processing)::calculated new mi::mi=459::sending 459 to {coord,coord@Mine}:(01.06 13:34:08,926|)
ggt:'113_7' (processing)::mi event:: storing event time=01.06 13:34:08,926|:(01.06 13:34:08,926|)
ggt:'113_7' (processing)::mi event:: (re)setting timer:(01.06 13:34:08,926|)
ggt:'113_7' (processing)::sending mi=459 to neighbours:: l='112_5',r='112_2':(01.06 13:34:08,926|)
ggt:'113_7' (processing)::starting vote:: mi is 459:(01.06 13:34:08,926|)
ggt:'113_7' (voting)::receiving send y=255:(01.06 13:34:08,926|)
ggt:'113_7' (processing)::calculation start:: calculating new ggt:: mi=459, y=255::duration 2(s):(01.06 13:34:08,926|)
ggt:'113_7' (processing)::calculation done:: changes mi=459 to 204:(01.06 13:34:10,938|)
ggt:'113_7' (processing)::calculated new mi::mi=204::sending 204 to {coord,coord@Mine}:(01.06 13:34:10,938|)
ggt:'113_7' (processing)::mi event:: storing event time=01.06 13:34:10,938|:(01.06 13:34:10,938|)
ggt:'113_7' (processing)::mi event:: (re)setting timer:(01.06 13:34:10,938|)
ggt:'113_7' (processing)::sending mi=204 to neighbours:: l='112_5',r='112_2':(01.06 13:34:10,938|)
ggt:'113_7' (processing)::reject vote from '112_2'::time since last mi event 2.4999999999999998e-5(ms) :(01.06 13:34:10,938|)
ggt:'113_7' (processing)::receiving send y=85:(01.06 13:34:10,938|)
ggt:'113_7' (processing)::calculation start:: calculating new ggt:: mi=204, y=85::duration 2(s):(01.06 13:34:10,938|)
ggt:'113_7' (processing)::calculation done:: changes mi=204 to 34:(01.06 13:34:12,951|)
ggt:'113_7' (processing)::calculated new mi::mi=34::sending 34 to {coord,coord@Mine}:(01.06 13:34:12,951|)
ggt:'113_7' (processing)::mi event:: storing event time=01.06 13:34:12,951|:(01.06 13:34:12,951|)
ggt:'113_7' (processing)::mi event:: (re)setting timer:(01.06 13:34:12,951|)
ggt:'113_7' (processing)::sending mi=34 to neighbours:: l='112_5',r='112_2':(01.06 13:34:12,951|)
ggt:'113_7' (processing)::receiving send y=51:(01.06 13:34:12,951|)
ggt:'113_7' (processing)::no ggt calculation reason:: 51>=34:(01.06 13:34:12,951|)
ggt:'113_7' (processing)::mi event:: storing event time=01.06 13:34:12,951|:(01.06 13:34:12,951|)
ggt:'113_7' (processing)::mi event:: (re)setting timer:(01.06 13:34:12,951|)
ggt:'113_7' (processing)::reject vote from '112_2'::time since last mi event 2.6e-5(ms) :(01.06 13:34:12,951|)
ggt:'113_7' (processing)::starting vote:: mi is 34:(01.06 13:34:14,962|)
ggt:'113_7' (voting)::receiving send y=17:(01.06 13:34:14,963|)
ggt:'113_7' (processing)::calculation start:: calculating new ggt:: mi=34, y=17::duration 2(s):(01.06 13:34:14,963|)
ggt:'113_7' (processing)::calculation done:: changes mi=34 to 17:(01.06 13:34:16,975|)
ggt:'113_7' (processing)::calculated new mi::mi=17::sending 17 to {coord,coord@Mine}:(01.06 13:34:16,975|)
ggt:'113_7' (processing)::mi event:: storing event time=01.06 13:34:16,975|:(01.06 13:34:16,975|)
ggt:'113_7' (processing)::mi event:: (re)setting timer:(01.06 13:34:16,975|)
ggt:'113_7' (processing)::sending mi=17 to neighbours:: l='112_5',r='112_2':(01.06 13:34:16,975|)
ggt:'113_7' (processing)::receiving send y=17:(01.06 13:34:16,975|)
ggt:'113_7' (processing)::no ggt calculation reason:: 17>=17:(01.06 13:34:16,975|)
ggt:'113_7' (processing)::mi event:: storing event time=01.06 13:34:16,975|:(01.06 13:34:16,975|)
ggt:'113_7' (processing)::mi event:: (re)setting timer:(01.06 13:34:16,975|)
ggt:'113_7' (processing)::reject vote from '112_2'::time since last mi event 2.6e-5(ms) :(01.06 13:34:16,975|)
ggt:'113_7' (processing)::reject vote from '113_1'::time since last mi event 2.9999999999999997e-5(ms) :(01.06 13:34:16,975|)
ggt:'113_7' (processing)::reject vote from '112_4'::time since last mi event 4.4e-5(ms) :(01.06 13:34:16,975|)
ggt:'113_7' (processing)::starting vote:: mi is 17:(01.06 13:34:18,987|)
ggt:'113_7' (voting)::accept vote from '112_2'::routing to '112_5'::time since last mi event 2(s):(01.06 13:34:18,987|)
ggt:'113_7' (voting)::accept vote from '112_6'::routing to '112_5'::time since last mi event 2(s):(01.06 13:34:18,987|)
ggt:'113_7' (voting)::accept vote from '113_3'::routing to '112_5'::time since last mi event 2(s):(01.06 13:34:18,987|)
ggt:'113_7' (voting)::accept vote from '113_3'::routing to '112_5'::time since last mi event 4(s):(01.06 13:34:20,991|)
ggt:'113_7' (voting)::accept vote from '111_6'::routing to '112_5'::time since last mi event 4(s):(01.06 13:34:20,991|)
ggt:'113_7' (voting)::accept vote from '111_6'::routing to '112_5'::time since last mi event 6(s):(01.06 13:34:23,003|)
ggt:'113_7' (voting)::accept vote from '113_4'::routing to '112_5'::time since last mi event 6(s):(01.06 13:34:23,003|)
ggt:'113_7' (voting)::accept vote from '113_4'::routing to '112_5'::time since last mi event 8(s):(01.06 13:34:25,015|)
ggt:'113_7' (voting)::accept vote from '112_3'::routing to '112_5'::time since last mi event 8(s):(01.06 13:34:25,015|)
ggt:'113_7' (voting)::accept vote from '111_7'::routing to '112_5'::time since last mi event 8(s):(01.06 13:34:25,015|)
ggt:'113_7' (voting)::receiving whats_on from "<6703.2638.0>"::responding voting:(01.06 13:36:01,246|)
ggt:'113_7' (voting)::receiving tell_mi from <6703.2701.0>::mi is 17:(01.06 13:36:14,303|)
ggt:'113_7' (voting)::receiving set_pmi 133837:(01.06 13:36:37,017|)
ggt:'113_7' (processing)::mi event:: storing event time=01.06 13:36:37,017|:(01.06 13:36:37,017|)
ggt:'113_7' (processing)::mi event:: (re)setting timer:(01.06 13:36:37,017|)
ggt:'113_7' (processing)::starting vote:: mi is 133837:(01.06 13:36:39,029|)
ggt:'113_7' (voting)::accept vote from '112_2'::routing to '112_5'::time since last mi event 2(s):(01.06 13:36:39,029|)
ggt:'113_7' (voting)::receiving send y=421245:(01.06 13:36:41,042|)
ggt:'113_7' (processing)::no ggt calculation reason:: 421245>=133837:(01.06 13:36:41,042|)
ggt:'113_7' (processing)::mi event:: storing event time=01.06 13:36:41,042|:(01.06 13:36:41,042|)
ggt:'113_7' (processing)::mi event:: (re)setting timer:(01.06 13:36:41,042|)
ggt:'113_7' (processing)::receiving send y=28175:(01.06 13:36:41,042|)
ggt:'113_7' (processing)::calculation start:: calculating new ggt:: mi=133837, y=28175::duration 2(s):(01.06 13:36:41,042|)
ggt:'113_7' (processing)::calculation done:: changes mi=133837 to 21137:(01.06 13:36:43,054|)
ggt:'113_7' (processing)::calculated new mi::mi=21137::sending 21137 to {coord,coord@Mine}:(01.06 13:36:43,054|)
ggt:'113_7' (processing)::mi event:: storing event time=01.06 13:36:43,054|:(01.06 13:36:43,054|)
ggt:'113_7' (processing)::mi event:: (re)setting timer:(01.06 13:36:43,054|)
ggt:'113_7' (processing)::sending mi=21137 to neighbours:: l='112_5',r='112_2':(01.06 13:36:43,054|)
ggt:'113_7' (processing)::reject vote from '112_2'::time since last mi event 1.2e-5(ms) :(01.06 13:36:43,054|)
ggt:'113_7' (processing)::starting vote:: mi is 21137:(01.06 13:36:45,066|)
ggt:'113_7' (voting)::receiving send y=19642:(01.06 13:36:45,066|)
ggt:'113_7' (processing)::calculation start:: calculating new ggt:: mi=21137, y=19642::duration 2(s):(01.06 13:36:45,066|)
ggt:'113_7' (processing)::calculation done:: changes mi=21137 to 1495:(01.06 13:36:47,079|)
ggt:'113_7' (processing)::calculated new mi::mi=1495::sending 1495 to {coord,coord@Mine}:(01.06 13:36:47,079|)
ggt:'113_7' (processing)::mi event:: storing event time=01.06 13:36:47,079|:(01.06 13:36:47,079|)
ggt:'113_7' (processing)::mi event:: (re)setting timer:(01.06 13:36:47,079|)
ggt:'113_7' (processing)::sending mi=1495 to neighbours:: l='112_5',r='112_2':(01.06 13:36:47,079|)
ggt:'113_7' (processing)::receiving send y=115:(01.06 13:36:47,079|)
ggt:'113_7' (processing)::calculation start:: calculating new ggt:: mi=1495, y=115::duration 2(s):(01.06 13:36:47,079|)
ggt:'113_7' (processing)::calculation done:: changes mi=1495 to 115:(01.06 13:36:49,091|)
ggt:'113_7' (processing)::calculated new mi::mi=115::sending 115 to {coord,coord@Mine}:(01.06 13:36:49,091|)
ggt:'113_7' (processing)::mi event:: storing event time=01.06 13:36:49,091|:(01.06 13:36:49,091|)
ggt:'113_7' (processing)::mi event:: (re)setting timer:(01.06 13:36:49,091|)
ggt:'113_7' (processing)::sending mi=115 to neighbours:: l='112_5',r='112_2':(01.06 13:36:49,091|)
ggt:'113_7' (processing)::reject vote from '112_2'::time since last mi event 2.3e-5(ms) :(01.06 13:36:49,091|)
ggt:'113_7' (processing)::reject vote from '112_2'::time since last mi event 2.7e-5(ms) :(01.06 13:36:49,091|)
ggt:'113_7' (processing)::reject vote from '113_1'::time since last mi event 3.2e-5(ms) :(01.06 13:36:49,091|)
ggt:'113_7' (processing)::receiving send y=207:(01.06 13:36:49,091|)
ggt:'113_7' (processing)::no ggt calculation reason:: 207>=115:(01.06 13:36:49,091|)
ggt:'113_7' (processing)::mi event:: storing event time=01.06 13:36:49,091|:(01.06 13:36:49,091|)
ggt:'113_7' (processing)::mi event:: (re)setting timer:(01.06 13:36:49,091|)
ggt:'113_7' (processing)::reject vote from '112_4'::time since last mi event 1.8e-5(ms) :(01.06 13:36:49,091|)
ggt:'113_7' (processing)::starting vote:: mi is 115:(01.06 13:36:51,104|)
ggt:'113_7' (voting)::accept vote from '112_2'::routing to '112_5'::time since last mi event 2(s):(01.06 13:36:51,104|)
ggt:'113_7' (voting)::receiving send y=92:(01.06 13:36:51,104|)
ggt:'113_7' (processing)::calculation start:: calculating new ggt:: mi=115, y=92::duration 2(s):(01.06 13:36:51,104|)
ggt:'113_7' (processing)::calculation done:: changes mi=115 to 23:(01.06 13:36:53,116|)
ggt:'113_7' (processing)::calculated new mi::mi=23::sending 23 to {coord,coord@Mine}:(01.06 13:36:53,116|)
ggt:'113_7' (processing)::mi event:: storing event time=01.06 13:36:53,116|:(01.06 13:36:53,116|)
ggt:'113_7' (processing)::mi event:: (re)setting timer:(01.06 13:36:53,116|)
ggt:'113_7' (processing)::sending mi=23 to neighbours:: l='112_5',r='112_2':(01.06 13:36:53,116|)
ggt:'113_7' (processing)::receiving send y=23:(01.06 13:36:53,116|)
ggt:'113_7' (processing)::no ggt calculation reason:: 23>=23:(01.06 13:36:53,116|)
ggt:'113_7' (processing)::mi event:: storing event time=01.06 13:36:53,116|:(01.06 13:36:53,116|)
ggt:'113_7' (processing)::mi event:: (re)setting timer:(01.06 13:36:53,116|)
ggt:'113_7' (processing)::receiving send y=23:(01.06 13:36:55,129|)
ggt:'113_7' (processing)::no ggt calculation reason:: 23>=23:(01.06 13:36:55,129|)
ggt:'113_7' (processing)::mi event:: storing event time=01.06 13:36:55,129|:(01.06 13:36:55,129|)
ggt:'113_7' (processing)::mi event:: (re)setting timer:(01.06 13:36:55,129|)
ggt:'113_7' (processing)::starting vote:: mi is 23:(01.06 13:36:55,129|)
ggt:'113_7' (voting)::starting vote:: mi is 23:(01.06 13:36:57,141|)
ggt:'113_7' (voting)::accept vote from '112_2'::routing to '112_5'::time since last mi event 2(s):(01.06 13:36:57,141|)
ggt:'113_7' (voting)::accept vote from '113_1'::routing to '112_5'::time since last mi event 2(s):(01.06 13:36:57,141|)
ggt:'113_7' (voting)::accept vote from '113_3'::routing to '112_5'::time since last mi event 2(s):(01.06 13:36:57,141|)
ggt:'113_7' (voting)::accept vote from '112_4'::routing to '112_5'::time since last mi event 2(s):(01.06 13:36:57,157|)
ggt:'113_7' (voting)::accept vote from '113_6'::routing to '112_5'::time since last mi event 2(s):(01.06 13:36:57,157|)
ggt:'113_7' (voting)::accept vote from '112_6'::routing to '112_5'::time since last mi event 2(s):(01.06 13:36:57,157|)
ggt:'113_7' (voting)::accept vote from '113_3'::routing to '112_5'::time since last mi event 4(s):(01.06 13:36:59,153|)
ggt:'113_7' (voting)::accept vote from '111_6'::routing to '112_5'::time since last mi event 4(s):(01.06 13:36:59,153|)
ggt:'113_7' (voting)::accept vote from '111_6'::routing to '112_5'::time since last mi event 6(s):(01.06 13:37:01,166|)
ggt:'113_7' (voting)::accept vote from '113_4'::routing to '112_5'::time since last mi event 6(s):(01.06 13:37:01,181|)
ggt:'113_7' (voting)::accept vote from '113_4'::routing to '112_5'::time since last mi event 8(s):(01.06 13:37:03,178|)
ggt:'113_7' (voting)::accept vote from '111_7'::routing to '112_5'::time since last mi event 8(s):(01.06 13:37:03,178|)
ggt:'113_7' (voting)::accept vote from '111_7'::routing to '112_5'::time since last mi event 10(s):(01.06 13:37:05,191|)
ggt:'113_7' (voting)::accept vote from '112_3'::routing to '112_5'::time since last mi event 10(s):(01.06 13:37:05,206|)
ggt:'113_7' (voting)::accept vote from '112_7'::routing to '112_5'::time since last mi event 10(s):(01.06 13:37:05,206|)
ggt:'113_7' (voting)::accept vote from '111_2'::routing to '112_5'::time since last mi event 10(s):(01.06 13:37:05,206|)
ggt:'113_7' (voting)::accept vote from '111_4'::routing to '112_5'::time since last mi event 10(s):(01.06 13:37:05,206|)
ggt:'113_7' (voting)::accept vote from '111_3'::routing to '112_5'::time since last mi event 10(s):(01.06 13:37:05,206|)
ggt:'113_7' (voting)::accept vote from '113_5'::routing to '112_5'::time since last mi event 10(s):(01.06 13:37:05,206|)
ggt:'113_7' (voting)::receiving whats_on from "<6703.2848.0>"::responding voting:(01.06 13:40:53,904|)
ggt:'113_7' (voting)::receiving tell_mi from <6703.2911.0>::mi is 23:(01.06 13:40:55,900|)
