ggt:locally registering <0.68.0>; name is ''113_5'':(01.06 13:33:19,787|)
ggt: <0.68.0> bound as service {'113_5',ggt_they@Mine}:(01.06 13:33:19,787|)
ggt:'113_5' (initial)::<0.68.0> checkin in to coordinator {coord,coord@Mine} as service '113_5':(01.06 13:33:19,787|)
ggt:'113_5' (initial)::waiting for neighbours to be set:(01.06 13:33:19,787|)
ggt:'113_5' (initial)::initializing neighbours::l='111_3'({'111_3',ggt_you@Mine}), r='111_5'({'111_5',ggt_they@Mine}):(01.06 13:33:34,435|)
ggt:'113_5' (initial)::transition to pre process state: left neighbour='111_3', right neigbour='111_5':(01.06 13:33:34,435|)
ggt:'113_5' (pre_process)::waiting for mi to be set:(01.06 13:33:34,435|)
ggt:'113_5' (pre_process)::receiving set_pmi 36608429:(01.06 13:33:50,814|)
ggt:'113_5' (processing)::mi event:: storing event time=01.06 13:33:50,814|:(01.06 13:33:50,814|)
ggt:'113_5' (processing)::mi event:: (re)setting timer:(01.06 13:33:50,814|)
ggt:'113_5' (processing)::starting vote:: mi is 36608429:(01.06 13:33:52,827|)
ggt:'113_5' (voting)::accept vote from '111_5'::routing to '111_3'::time since last mi event 2(s):(01.06 13:33:52,827|)
ggt:'113_5' (voting)::accept vote from '111_5'::routing to '111_3'::time since last mi event 4(s):(01.06 13:33:54,839|)
ggt:'113_5' (voting)::accept vote from '111_1'::routing to '111_3'::time since last mi event 4(s):(01.06 13:33:54,839|)
ggt:'113_5' (voting)::receiving send y=15215:(01.06 13:33:58,864|)
ggt:'113_5' (processing)::calculation start:: calculating new ggt:: mi=36608429, y=15215::duration 2(s):(01.06 13:33:58,864|)
ggt:'113_5' (processing)::calculation done:: changes mi=36608429 to 1139:(01.06 13:34:00,876|)
ggt:'113_5' (processing)::calculated new mi::mi=1139::sending 1139 to {coord,coord@Mine}:(01.06 13:34:00,876|)
ggt:'113_5' (processing)::mi event:: storing event time=01.06 13:34:00,876|:(01.06 13:34:00,876|)
ggt:'113_5' (processing)::mi event:: (re)setting timer:(01.06 13:34:00,876|)
ggt:'113_5' (processing)::sending mi=1139 to neighbours:: l='111_3',r='111_5':(01.06 13:34:00,876|)
ggt:'113_5' (processing)::reject vote from '111_5'::time since last mi event 9.0e-6(ms) :(01.06 13:34:00,876|)
ggt:'113_5' (processing)::starting vote:: mi is 1139:(01.06 13:34:02,889|)
ggt:'113_5' (voting)::receiving send y=408:(01.06 13:34:02,889|)
ggt:'113_5' (processing)::calculation start:: calculating new ggt:: mi=1139, y=408::duration 2(s):(01.06 13:34:02,889|)
ggt:'113_5' (processing)::calculation done:: changes mi=1139 to 323:(01.06 13:34:04,901|)
ggt:'113_5' (processing)::calculated new mi::mi=323::sending 323 to {coord,coord@Mine}:(01.06 13:34:04,901|)
ggt:'113_5' (processing)::mi event:: storing event time=01.06 13:34:04,901|:(01.06 13:34:04,901|)
ggt:'113_5' (processing)::mi event:: (re)setting timer:(01.06 13:34:04,901|)
ggt:'113_5' (processing)::sending mi=323 to neighbours:: l='111_3',r='111_5':(01.06 13:34:04,901|)
ggt:'113_5' (processing)::receiving send y=1071:(01.06 13:34:04,901|)
ggt:'113_5' (processing)::no ggt calculation reason:: 1071>=323:(01.06 13:34:04,901|)
ggt:'113_5' (processing)::mi event:: storing event time=01.06 13:34:04,901|:(01.06 13:34:04,901|)
ggt:'113_5' (processing)::mi event:: (re)setting timer:(01.06 13:34:04,901|)
ggt:'113_5' (processing)::reject vote from '111_5'::time since last mi event 8.0e-6(ms) :(01.06 13:34:04,901|)
ggt:'113_5' (processing)::starting vote:: mi is 323:(01.06 13:34:06,914|)
ggt:'113_5' (voting)::receiving send y=17:(01.06 13:34:06,914|)
ggt:'113_5' (processing)::calculation start:: calculating new ggt:: mi=323, y=17::duration 2(s):(01.06 13:34:06,914|)
ggt:'113_5' (processing)::calculation done:: changes mi=323 to 17:(01.06 13:34:08,926|)
ggt:'113_5' (processing)::calculated new mi::mi=17::sending 17 to {coord,coord@Mine}:(01.06 13:34:08,926|)
ggt:'113_5' (processing)::mi event:: storing event time=01.06 13:34:08,926|:(01.06 13:34:08,926|)
ggt:'113_5' (processing)::mi event:: (re)setting timer:(01.06 13:34:08,926|)
ggt:'113_5' (processing)::sending mi=17 to neighbours:: l='111_3',r='111_5':(01.06 13:34:08,926|)
ggt:'113_5' (processing)::receiving send y=221:(01.06 13:34:08,926|)
ggt:'113_5' (processing)::no ggt calculation reason:: 221>=17:(01.06 13:34:08,926|)
ggt:'113_5' (processing)::mi event:: storing event time=01.06 13:34:08,926|:(01.06 13:34:08,926|)
ggt:'113_5' (processing)::mi event:: (re)setting timer:(01.06 13:34:08,926|)
ggt:'113_5' (processing)::reject vote from '111_5'::time since last mi event 1.6e-5(ms) :(01.06 13:34:08,926|)
ggt:'113_5' (processing)::starting vote:: mi is 17:(01.06 13:34:10,938|)
ggt:'113_5' (voting)::accept vote from '111_5'::routing to '111_3'::time since last mi event 2(s):(01.06 13:34:10,938|)
ggt:'113_5' (voting)::receiving send y=51:(01.06 13:34:10,954|)
ggt:'113_5' (processing)::no ggt calculation reason:: 51>=17:(01.06 13:34:10,954|)
ggt:'113_5' (processing)::mi event:: storing event time=01.06 13:34:10,954|:(01.06 13:34:10,954|)
ggt:'113_5' (processing)::mi event:: (re)setting timer:(01.06 13:34:10,954|)
ggt:'113_5' (processing)::accept vote from '111_1'::routing to '111_3'::time since last mi event 2(s):(01.06 13:34:12,951|)
ggt:'113_5' (processing)::accept vote from '113_2'::routing to '111_3'::time since last mi event 2(s):(01.06 13:34:12,951|)
ggt:'113_5' (processing)::accept vote from '111_5'::routing to '111_3'::time since last mi event 2(s):(01.06 13:34:12,951|)
ggt:'113_5' (processing)::receiving send y=17:(01.06 13:34:12,951|)
ggt:'113_5' (processing)::no ggt calculation reason:: 17>=17:(01.06 13:34:12,951|)
ggt:'113_5' (processing)::mi event:: storing event time=01.06 13:34:12,951|:(01.06 13:34:12,951|)
ggt:'113_5' (processing)::mi event:: (re)setting timer:(01.06 13:34:12,951|)
ggt:'113_5' (processing)::starting vote:: mi is 17:(01.06 13:34:14,962|)
ggt:'113_5' (voting)::accept vote from '113_2'::routing to '111_3'::time since last mi event 2(s):(01.06 13:34:14,963|)
ggt:'113_5' (voting)::accept vote from '113_2'::routing to '111_3'::time since last mi event 4(s):(01.06 13:34:16,975|)
ggt:'113_5' (voting)::accept vote from '112_1'::routing to '111_3'::time since last mi event 4(s):(01.06 13:34:16,975|)
ggt:'113_5' (voting)::accept vote from '112_5'::routing to '111_3'::time since last mi event 4(s):(01.06 13:34:16,975|)
ggt:'113_5' (voting)::accept vote from '112_5'::routing to '111_3'::time since last mi event 6(s):(01.06 13:34:18,987|)
ggt:'113_5' (voting)::accept vote from '113_7'::routing to '111_3'::time since last mi event 6(s):(01.06 13:34:18,987|)
ggt:'113_5' (voting)::accept vote from '112_2'::routing to '111_3'::time since last mi event 6(s):(01.06 13:34:18,987|)
ggt:'113_5' (voting)::accept vote from '112_6'::routing to '111_3'::time since last mi event 6(s):(01.06 13:34:18,987|)
ggt:'113_5' (voting)::accept vote from '113_3'::routing to '111_3'::time since last mi event 6(s):(01.06 13:34:18,987|)
ggt:'113_5' (voting)::accept vote from '113_3'::routing to '111_3'::time since last mi event 8(s):(01.06 13:34:20,991|)
ggt:'113_5' (voting)::accept vote from '111_6'::routing to '111_3'::time since last mi event 8(s):(01.06 13:34:20,991|)
ggt:'113_5' (voting)::accept vote from '111_6'::routing to '111_3'::time since last mi event 10(s):(01.06 13:34:23,003|)
ggt:'113_5' (voting)::accept vote from '113_4'::routing to '111_3'::time since last mi event 10(s):(01.06 13:34:23,003|)
ggt:'113_5' (voting)::accept vote from '113_4'::routing to '111_3'::time since last mi event 12(s):(01.06 13:34:25,015|)
ggt:'113_5' (voting)::accept vote from '112_3'::routing to '111_3'::time since last mi event 12(s):(01.06 13:34:25,015|)
ggt:'113_5' (voting)::accept vote from '111_7'::routing to '111_3'::time since last mi event 12(s):(01.06 13:34:25,015|)
ggt:'113_5' (voting)::receiving whats_on from "<6703.2632.0>"::responding voting:(01.06 13:36:01,246|)
ggt:'113_5' (voting)::receiving tell_mi from <6703.2695.0>::mi is 17:(01.06 13:36:14,303|)
ggt:'113_5' (voting)::receiving set_pmi 33763425:(01.06 13:36:37,017|)
ggt:'113_5' (processing)::mi event:: storing event time=01.06 13:36:37,017|:(01.06 13:36:37,017|)
ggt:'113_5' (processing)::mi event:: (re)setting timer:(01.06 13:36:37,017|)
ggt:'113_5' (processing)::starting vote:: mi is 33763425:(01.06 13:36:39,029|)
ggt:'113_5' (voting)::accept vote from '111_5'::routing to '111_3'::time since last mi event 2(s):(01.06 13:36:39,029|)
ggt:'113_5' (voting)::accept vote from '111_5'::routing to '111_3'::time since last mi event 4(s):(01.06 13:36:41,042|)
ggt:'113_5' (voting)::accept vote from '111_1'::routing to '111_3'::time since last mi event 4(s):(01.06 13:36:41,042|)
ggt:'113_5' (voting)::receiving send y=481390:(01.06 13:36:45,066|)
ggt:'113_5' (processing)::calculation start:: calculating new ggt:: mi=33763425, y=481390::duration 2(s):(01.06 13:36:45,066|)
ggt:'113_5' (processing)::calculation done:: changes mi=33763425 to 66125:(01.06 13:36:47,079|)
ggt:'113_5' (processing)::calculated new mi::mi=66125::sending 66125 to {coord,coord@Mine}:(01.06 13:36:47,079|)
ggt:'113_5' (processing)::mi event:: storing event time=01.06 13:36:47,079|:(01.06 13:36:47,079|)
ggt:'113_5' (processing)::mi event:: (re)setting timer:(01.06 13:36:47,079|)
ggt:'113_5' (processing)::sending mi=66125 to neighbours:: l='111_3',r='111_5':(01.06 13:36:47,079|)
ggt:'113_5' (processing)::reject vote from '111_5'::time since last mi event 3.5e-5(ms) :(01.06 13:36:47,079|)
ggt:'113_5' (processing)::starting vote:: mi is 66125:(01.06 13:36:49,091|)
ggt:'113_5' (voting)::receiving send y=33925:(01.06 13:36:49,091|)
ggt:'113_5' (processing)::calculation start:: calculating new ggt:: mi=66125, y=33925::duration 2(s):(01.06 13:36:49,091|)
ggt:'113_5' (processing)::calculation done:: changes mi=66125 to 32200:(01.06 13:36:51,104|)
ggt:'113_5' (processing)::calculated new mi::mi=32200::sending 32200 to {coord,coord@Mine}:(01.06 13:36:51,104|)
ggt:'113_5' (processing)::mi event:: storing event time=01.06 13:36:51,104|:(01.06 13:36:51,104|)
ggt:'113_5' (processing)::mi event:: (re)setting timer:(01.06 13:36:51,104|)
ggt:'113_5' (processing)::sending mi=32200 to neighbours:: l='111_3',r='111_5':(01.06 13:36:51,104|)
ggt:'113_5' (processing)::receiving send y=18515:(01.06 13:36:51,104|)
ggt:'113_5' (processing)::calculation start:: calculating new ggt:: mi=32200, y=18515::duration 2(s):(01.06 13:36:51,104|)
ggt:'113_5' (processing)::calculation done:: changes mi=32200 to 13685:(01.06 13:36:53,116|)
ggt:'113_5' (processing)::calculated new mi::mi=13685::sending 13685 to {coord,coord@Mine}:(01.06 13:36:53,116|)
ggt:'113_5' (processing)::mi event:: storing event time=01.06 13:36:53,116|:(01.06 13:36:53,116|)
ggt:'113_5' (processing)::mi event:: (re)setting timer:(01.06 13:36:53,116|)
ggt:'113_5' (processing)::sending mi=13685 to neighbours:: l='111_3',r='111_5':(01.06 13:36:53,116|)
ggt:'113_5' (processing)::reject vote from '111_5'::time since last mi event 1.4e-5(ms) :(01.06 13:36:53,116|)
ggt:'113_5' (processing)::receiving send y=230:(01.06 13:36:53,116|)
ggt:'113_5' (processing)::calculation start:: calculating new ggt:: mi=13685, y=230::duration 2(s):(01.06 13:36:53,116|)
ggt:'113_5' (processing)::calculation done:: changes mi=13685 to 115:(01.06 13:36:55,129|)
ggt:'113_5' (processing)::calculated new mi::mi=115::sending 115 to {coord,coord@Mine}:(01.06 13:36:55,129|)
ggt:'113_5' (processing)::mi event:: storing event time=01.06 13:36:55,129|:(01.06 13:36:55,129|)
ggt:'113_5' (processing)::mi event:: (re)setting timer:(01.06 13:36:55,129|)
ggt:'113_5' (processing)::sending mi=115 to neighbours:: l='111_3',r='111_5':(01.06 13:36:55,129|)
ggt:'113_5' (processing)::receiving send y=1725:(01.06 13:36:55,129|)
ggt:'113_5' (processing)::no ggt calculation reason:: 1725>=115:(01.06 13:36:55,129|)
ggt:'113_5' (processing)::mi event:: storing event time=01.06 13:36:55,129|:(01.06 13:36:55,129|)
ggt:'113_5' (processing)::mi event:: (re)setting timer:(01.06 13:36:55,129|)
ggt:'113_5' (processing)::starting vote:: mi is 115:(01.06 13:36:57,141|)
ggt:'113_5' (voting)::receiving send y=23:(01.06 13:36:57,141|)
ggt:'113_5' (processing)::calculation start:: calculating new ggt:: mi=115, y=23::duration 2(s):(01.06 13:36:57,141|)
ggt:'113_5' (processing)::calculation done:: changes mi=115 to 23:(01.06 13:36:59,153|)
ggt:'113_5' (processing)::calculated new mi::mi=23::sending 23 to {coord,coord@Mine}:(01.06 13:36:59,153|)
ggt:'113_5' (processing)::mi event:: storing event time=01.06 13:36:59,153|:(01.06 13:36:59,153|)
ggt:'113_5' (processing)::mi event:: (re)setting timer:(01.06 13:36:59,153|)
ggt:'113_5' (processing)::sending mi=23 to neighbours:: l='111_3',r='111_5':(01.06 13:36:59,153|)
ggt:'113_5' (processing)::reject vote from '111_5'::time since last mi event 9.0e-6(ms) :(01.06 13:36:59,153|)
ggt:'113_5' (processing)::receiving send y=437:(01.06 13:36:59,153|)
ggt:'113_5' (processing)::no ggt calculation reason:: 437>=23:(01.06 13:36:59,153|)
ggt:'113_5' (processing)::mi event:: storing event time=01.06 13:36:59,153|:(01.06 13:36:59,153|)
ggt:'113_5' (processing)::mi event:: (re)setting timer:(01.06 13:36:59,153|)
ggt:'113_5' (processing)::reject vote from '111_5'::time since last mi event 2.8e-5(ms) :(01.06 13:36:59,153|)
ggt:'113_5' (processing)::receiving send y=92:(01.06 13:36:59,153|)
ggt:'113_5' (processing)::no ggt calculation reason:: 92>=23:(01.06 13:36:59,153|)
ggt:'113_5' (processing)::mi event:: storing event time=01.06 13:36:59,153|:(01.06 13:36:59,153|)
ggt:'113_5' (processing)::mi event:: (re)setting timer:(01.06 13:36:59,153|)
ggt:'113_5' (processing)::starting vote:: mi is 23:(01.06 13:37:01,166|)
ggt:'113_5' (voting)::accept vote from '111_5'::routing to '111_3'::time since last mi event 2(s):(01.06 13:37:01,166|)
ggt:'113_5' (voting)::receiving send y=46:(01.06 13:37:01,166|)
ggt:'113_5' (processing)::no ggt calculation reason:: 46>=23:(01.06 13:37:01,166|)
ggt:'113_5' (processing)::mi event:: storing event time=01.06 13:37:01,166|:(01.06 13:37:01,166|)
ggt:'113_5' (processing)::mi event:: (re)setting timer:(01.06 13:37:01,166|)
ggt:'113_5' (processing)::reject vote from '111_6'::time since last mi event 2.6e-5(ms) :(01.06 13:37:01,166|)
ggt:'113_5' (processing)::reject vote from '113_4'::time since last mi event 0.014972(ms) :(01.06 13:37:01,181|)
ggt:'113_5' (processing)::starting vote:: mi is 23:(01.06 13:37:03,178|)
ggt:'113_5' (voting)::receiving send y=23:(01.06 13:37:03,178|)
ggt:'113_5' (processing)::no ggt calculation reason:: 23>=23:(01.06 13:37:03,178|)
ggt:'113_5' (processing)::mi event:: storing event time=01.06 13:37:03,178|:(01.06 13:37:03,178|)
ggt:'113_5' (processing)::mi event:: (re)setting timer:(01.06 13:37:03,178|)
ggt:'113_5' (processing)::reject vote from '113_4'::time since last mi event 3.7e-5(ms) :(01.06 13:37:03,178|)
ggt:'113_5' (processing)::reject vote from '111_7'::time since last mi event 4.1e-5(ms) :(01.06 13:37:03,178|)
ggt:'113_5' (processing)::starting vote:: mi is 23:(01.06 13:37:05,191|)
ggt:'113_5' (voting)::accept vote from '111_7'::routing to '111_3'::time since last mi event 2(s):(01.06 13:37:05,191|)
ggt:'113_5' (voting)::accept vote from '112_3'::routing to '111_3'::time since last mi event 2(s):(01.06 13:37:05,206|)
ggt:'113_5' (voting)::accept vote from '112_7'::routing to '111_3'::time since last mi event 2(s):(01.06 13:37:05,206|)
ggt:'113_5' (voting)::accept vote from '111_2'::routing to '111_3'::time since last mi event 2(s):(01.06 13:37:05,206|)
ggt:'113_5' (voting)::accept vote from '111_4'::routing to '111_3'::time since last mi event 2(s):(01.06 13:37:05,206|)
ggt:'113_5' (voting)::accept vote from '111_3'::routing to '111_3'::time since last mi event 2(s):(01.06 13:37:05,206|)
ggt:'113_5' (voting)::terminating vote::number of successful votes::1:(01.06 13:37:05,206|)
ggt:'113_5' (voting)::terminated vote::sending termination with ggt=23 to {coord,coord@Mine}:(01.06 13:37:05,206|)
ggt:'113_5' (voting)::transition to state voted:(01.06 13:37:05,206|)
ggt:'113_5' (voted)::receiving whats_on from "<6703.2842.0>"::responding voted:(01.06 13:40:53,904|)
ggt:'113_5' (voted)::receiving tell_mi from <6703.2905.0>::mi is 23:(01.06 13:40:55,900|)
