ggt:locally registering <0.77.0>; name is ''113_6'':(01.06 13:33:19,802|)
ggt: <0.77.0> bound as service {'113_6',ggt_they@Mine}:(01.06 13:33:19,802|)
ggt:'113_6' (initial)::<0.77.0> checkin in to coordinator {coord,coord@Mine} as service '113_6':(01.06 13:33:19,802|)
ggt:'113_6' (initial)::waiting for neighbours to be set:(01.06 13:33:19,802|)
ggt:'113_6' (initial)::initializing neighbours::l='112_4'({'112_4',ggt_you@Mine}), r='112_6'({'112_6',ggt_they@Mine}):(01.06 13:33:34,435|)
ggt:'113_6' (initial)::transition to pre process state: left neighbour='112_4', right neigbour='112_6':(01.06 13:33:34,435|)
ggt:'113_6' (pre_process)::waiting for mi to be set:(01.06 13:33:34,435|)
ggt:'113_6' (pre_process)::receiving set_pmi 4209969335:(01.06 13:33:50,814|)
ggt:'113_6' (processing)::mi event:: storing event time=01.06 13:33:50,814|:(01.06 13:33:50,814|)
ggt:'113_6' (processing)::mi event:: (re)setting timer:(01.06 13:33:50,814|)
ggt:'113_6' (processing)::starting vote:: mi is 4209969335:(01.06 13:33:52,827|)
ggt:'113_6' (voting)::accept vote from '112_6'::routing to '112_4'::time since last mi event 2(s):(01.06 13:33:52,827|)
ggt:'113_6' (voting)::accept vote from '113_3'::routing to '112_4'::time since last mi event 2(s):(01.06 13:33:52,827|)
ggt:'113_6' (voting)::accept vote from '111_6'::routing to '112_4'::time since last mi event 2(s):(01.06 13:33:52,827|)
ggt:'113_6' (voting)::accept vote from '113_4'::routing to '112_4'::time since last mi event 2(s):(01.06 13:33:52,827|)
ggt:'113_6' (voting)::accept vote from '111_7'::routing to '112_4'::time since last mi event 2(s):(01.06 13:33:52,827|)
ggt:'113_6' (voting)::accept vote from '112_3'::routing to '112_4'::time since last mi event 2(s):(01.06 13:33:52,827|)
ggt:'113_6' (voting)::accept vote from '112_7'::routing to '112_4'::time since last mi event 2(s):(01.06 13:33:52,827|)
ggt:'113_6' (voting)::accept vote from '111_4'::routing to '112_4'::time since last mi event 2(s):(01.06 13:33:52,827|)
ggt:'113_6' (voting)::accept vote from '111_2'::routing to '112_4'::time since last mi event 2(s):(01.06 13:33:52,827|)
ggt:'113_6' (voting)::accept vote from '111_3'::routing to '112_4'::time since last mi event 2(s):(01.06 13:33:52,827|)
ggt:'113_6' (voting)::accept vote from '113_5'::routing to '112_4'::time since last mi event 2(s):(01.06 13:33:52,827|)
ggt:'113_6' (voting)::accept vote from '111_5'::routing to '112_4'::time since last mi event 2(s):(01.06 13:33:52,827|)
ggt:'113_6' (voting)::accept vote from '111_5'::routing to '112_4'::time since last mi event 4(s):(01.06 13:33:54,839|)
ggt:'113_6' (voting)::accept vote from '111_1'::routing to '112_4'::time since last mi event 4(s):(01.06 13:33:54,839|)
ggt:'113_6' (voting)::receiving send y=1122:(01.06 13:34:06,914|)
ggt:'113_6' (processing)::calculation start:: calculating new ggt:: mi=4209969335, y=1122::duration 2(s):(01.06 13:34:06,914|)
ggt:'113_6' (processing)::calculation done:: changes mi=4209969335 to 935:(01.06 13:34:08,926|)
ggt:'113_6' (processing)::calculated new mi::mi=935::sending 935 to {coord,coord@Mine}:(01.06 13:34:08,926|)
ggt:'113_6' (processing)::mi event:: storing event time=01.06 13:34:08,926|:(01.06 13:34:08,926|)
ggt:'113_6' (processing)::mi event:: (re)setting timer:(01.06 13:34:08,926|)
ggt:'113_6' (processing)::sending mi=935 to neighbours:: l='112_4',r='112_6':(01.06 13:34:08,926|)
ggt:'113_6' (processing)::starting vote:: mi is 935:(01.06 13:34:10,938|)
ggt:'113_6' (voting)::receiving send y=187:(01.06 13:34:10,938|)
ggt:'113_6' (processing)::calculation start:: calculating new ggt:: mi=935, y=187::duration 2(s):(01.06 13:34:10,938|)
ggt:'113_6' (processing)::calculation done:: changes mi=935 to 187:(01.06 13:34:12,951|)
ggt:'113_6' (processing)::calculated new mi::mi=187::sending 187 to {coord,coord@Mine}:(01.06 13:34:12,951|)
ggt:'113_6' (processing)::mi event:: storing event time=01.06 13:34:12,951|:(01.06 13:34:12,951|)
ggt:'113_6' (processing)::mi event:: (re)setting timer:(01.06 13:34:12,951|)
ggt:'113_6' (processing)::sending mi=187 to neighbours:: l='112_4',r='112_6':(01.06 13:34:12,951|)
ggt:'113_6' (processing)::receiving send y=17:(01.06 13:34:12,951|)
ggt:'113_6' (processing)::calculation start:: calculating new ggt:: mi=187, y=17::duration 2(s):(01.06 13:34:12,951|)
ggt:'113_6' (processing)::calculation done:: changes mi=187 to 17:(01.06 13:34:14,962|)
ggt:'113_6' (processing)::calculated new mi::mi=17::sending 17 to {coord,coord@Mine}:(01.06 13:34:14,962|)
ggt:'113_6' (processing)::mi event:: storing event time=01.06 13:34:14,962|:(01.06 13:34:14,962|)
ggt:'113_6' (processing)::mi event:: (re)setting timer:(01.06 13:34:14,962|)
ggt:'113_6' (processing)::sending mi=17 to neighbours:: l='112_4',r='112_6':(01.06 13:34:14,963|)
ggt:'113_6' (processing)::reject vote from '112_6'::time since last mi event 3.1e-5(ms) :(01.06 13:34:14,963|)
ggt:'113_6' (processing)::receiving send y=17:(01.06 13:34:14,963|)
ggt:'113_6' (processing)::no ggt calculation reason:: 17>=17:(01.06 13:34:14,963|)
ggt:'113_6' (processing)::mi event:: storing event time=01.06 13:34:14,963|:(01.06 13:34:14,963|)
ggt:'113_6' (processing)::mi event:: (re)setting timer:(01.06 13:34:14,963|)
ggt:'113_6' (processing)::starting vote:: mi is 17:(01.06 13:34:16,975|)
ggt:'113_6' (voting)::accept vote from '112_6'::routing to '112_4'::time since last mi event 2(s):(01.06 13:34:16,975|)
ggt:'113_6' (voting)::accept vote from '112_6'::routing to '112_4'::time since last mi event 4(s):(01.06 13:34:18,987|)
ggt:'113_6' (voting)::accept vote from '113_3'::routing to '112_4'::time since last mi event 4(s):(01.06 13:34:18,987|)
ggt:'113_6' (voting)::accept vote from '113_3'::routing to '112_4'::time since last mi event 6(s):(01.06 13:34:20,990|)
ggt:'113_6' (voting)::accept vote from '111_6'::routing to '112_4'::time since last mi event 6(s):(01.06 13:34:20,991|)
ggt:'113_6' (voting)::accept vote from '111_6'::routing to '112_4'::time since last mi event 8(s):(01.06 13:34:23,003|)
ggt:'113_6' (voting)::accept vote from '113_4'::routing to '112_4'::time since last mi event 8(s):(01.06 13:34:23,003|)
ggt:'113_6' (voting)::accept vote from '113_4'::routing to '112_4'::time since last mi event 10(s):(01.06 13:34:25,014|)
ggt:'113_6' (voting)::accept vote from '112_3'::routing to '112_4'::time since last mi event 10(s):(01.06 13:34:25,014|)
ggt:'113_6' (voting)::accept vote from '111_7'::routing to '112_4'::time since last mi event 10(s):(01.06 13:34:25,015|)
ggt:'113_6' (voting)::receiving whats_on from "<6703.2635.0>"::responding voting:(01.06 13:36:01,246|)
ggt:'113_6' (voting)::receiving tell_mi from <6703.2698.0>::mi is 17:(01.06 13:36:14,303|)
ggt:'113_6' (voting)::receiving set_pmi 208725:(01.06 13:36:37,017|)
ggt:'113_6' (processing)::mi event:: storing event time=01.06 13:36:37,017|:(01.06 13:36:37,017|)
ggt:'113_6' (processing)::mi event:: (re)setting timer:(01.06 13:36:37,017|)
ggt:'113_6' (processing)::starting vote:: mi is 208725:(01.06 13:36:39,029|)
ggt:'113_6' (voting)::accept vote from '112_6'::routing to '112_4'::time since last mi event 2(s):(01.06 13:36:39,029|)
ggt:'113_6' (voting)::accept vote from '113_3'::routing to '112_4'::time since last mi event 2(s):(01.06 13:36:39,029|)
ggt:'113_6' (voting)::accept vote from '111_6'::routing to '112_4'::time since last mi event 2(s):(01.06 13:36:39,029|)
ggt:'113_6' (voting)::accept vote from '113_4'::routing to '112_4'::time since last mi event 2(s):(01.06 13:36:39,029|)
ggt:'113_6' (voting)::accept vote from '111_7'::routing to '112_4'::time since last mi event 2(s):(01.06 13:36:39,029|)
ggt:'113_6' (voting)::accept vote from '112_3'::routing to '112_4'::time since last mi event 2(s):(01.06 13:36:39,029|)
ggt:'113_6' (voting)::accept vote from '112_7'::routing to '112_4'::time since last mi event 2(s):(01.06 13:36:39,029|)
ggt:'113_6' (voting)::accept vote from '111_2'::routing to '112_4'::time since last mi event 2(s):(01.06 13:36:39,029|)
ggt:'113_6' (voting)::accept vote from '111_4'::routing to '112_4'::time since last mi event 2(s):(01.06 13:36:39,029|)
ggt:'113_6' (voting)::accept vote from '111_3'::routing to '112_4'::time since last mi event 2(s):(01.06 13:36:39,029|)
ggt:'113_6' (voting)::accept vote from '113_5'::routing to '112_4'::time since last mi event 2(s):(01.06 13:36:39,029|)
ggt:'113_6' (voting)::accept vote from '111_5'::routing to '112_4'::time since last mi event 2(s):(01.06 13:36:39,029|)
ggt:'113_6' (voting)::receiving send y=231495:(01.06 13:36:41,042|)
ggt:'113_6' (processing)::no ggt calculation reason:: 231495>=208725:(01.06 13:36:41,042|)
ggt:'113_6' (processing)::mi event:: storing event time=01.06 13:36:41,042|:(01.06 13:36:41,042|)
ggt:'113_6' (processing)::mi event:: (re)setting timer:(01.06 13:36:41,042|)
ggt:'113_6' (processing)::reject vote from '111_5'::time since last mi event 0.014965(ms) :(01.06 13:36:41,057|)
ggt:'113_6' (processing)::reject vote from '111_1'::time since last mi event 0.014969(ms) :(01.06 13:36:41,057|)
ggt:'113_6' (processing)::starting vote:: mi is 208725:(01.06 13:36:43,054|)
ggt:'113_6' (voting)::receiving send y=115:(01.06 13:36:45,066|)
ggt:'113_6' (processing)::calculation start:: calculating new ggt:: mi=208725, y=115::duration 2(s):(01.06 13:36:45,066|)
ggt:'113_6' (processing)::calculation done:: changes mi=208725 to 115:(01.06 13:36:47,079|)
ggt:'113_6' (processing)::calculated new mi::mi=115::sending 115 to {coord,coord@Mine}:(01.06 13:36:47,079|)
ggt:'113_6' (processing)::mi event:: storing event time=01.06 13:36:47,079|:(01.06 13:36:47,079|)
ggt:'113_6' (processing)::mi event:: (re)setting timer:(01.06 13:36:47,079|)
ggt:'113_6' (processing)::sending mi=115 to neighbours:: l='112_4',r='112_6':(01.06 13:36:47,079|)
ggt:'113_6' (processing)::starting vote:: mi is 115:(01.06 13:36:49,091|)
ggt:'113_6' (voting)::receiving send y=69:(01.06 13:36:49,091|)
ggt:'113_6' (processing)::calculation start:: calculating new ggt:: mi=115, y=69::duration 2(s):(01.06 13:36:49,091|)
ggt:'113_6' (processing)::calculation done:: changes mi=115 to 46:(01.06 13:36:51,104|)
ggt:'113_6' (processing)::calculated new mi::mi=46::sending 46 to {coord,coord@Mine}:(01.06 13:36:51,104|)
ggt:'113_6' (processing)::mi event:: storing event time=01.06 13:36:51,104|:(01.06 13:36:51,104|)
ggt:'113_6' (processing)::mi event:: (re)setting timer:(01.06 13:36:51,104|)
ggt:'113_6' (processing)::sending mi=46 to neighbours:: l='112_4',r='112_6':(01.06 13:36:51,104|)
ggt:'113_6' (processing)::reject vote from '112_6'::time since last mi event 2.3e-5(ms) :(01.06 13:36:51,104|)
ggt:'113_6' (processing)::starting vote:: mi is 46:(01.06 13:36:53,116|)
ggt:'113_6' (voting)::receiving send y=23:(01.06 13:36:53,116|)
ggt:'113_6' (processing)::calculation start:: calculating new ggt:: mi=46, y=23::duration 2(s):(01.06 13:36:53,116|)
ggt:'113_6' (processing)::calculation done:: changes mi=46 to 23:(01.06 13:36:55,129|)
ggt:'113_6' (processing)::calculated new mi::mi=23::sending 23 to {coord,coord@Mine}:(01.06 13:36:55,129|)
ggt:'113_6' (processing)::mi event:: storing event time=01.06 13:36:55,129|:(01.06 13:36:55,129|)
ggt:'113_6' (processing)::mi event:: (re)setting timer:(01.06 13:36:55,129|)
ggt:'113_6' (processing)::sending mi=23 to neighbours:: l='112_4',r='112_6':(01.06 13:36:55,129|)
ggt:'113_6' (processing)::receiving send y=23:(01.06 13:36:55,144|)
ggt:'113_6' (processing)::no ggt calculation reason:: 23>=23:(01.06 13:36:55,144|)
ggt:'113_6' (processing)::mi event:: storing event time=01.06 13:36:55,144|:(01.06 13:36:55,144|)
ggt:'113_6' (processing)::mi event:: (re)setting timer:(01.06 13:36:55,144|)
ggt:'113_6' (processing)::reject vote from '112_6'::time since last mi event 1.8e-5(ms) :(01.06 13:36:55,144|)
ggt:'113_6' (processing)::accept vote from '113_3'::routing to '112_4'::time since last mi event 2(s):(01.06 13:36:57,141|)
ggt:'113_6' (processing)::starting vote:: mi is 23:(01.06 13:36:57,157|)
ggt:'113_6' (voting)::accept vote from '112_6'::routing to '112_4'::time since last mi event 2(s):(01.06 13:36:57,157|)
ggt:'113_6' (voting)::accept vote from '113_3'::routing to '112_4'::time since last mi event 4(s):(01.06 13:36:59,153|)
ggt:'113_6' (voting)::accept vote from '111_6'::routing to '112_4'::time since last mi event 4(s):(01.06 13:36:59,153|)
ggt:'113_6' (voting)::accept vote from '111_6'::routing to '112_4'::time since last mi event 6(s):(01.06 13:37:01,166|)
ggt:'113_6' (voting)::accept vote from '113_4'::routing to '112_4'::time since last mi event 6(s):(01.06 13:37:01,166|)
ggt:'113_6' (voting)::accept vote from '113_4'::routing to '112_4'::time since last mi event 8(s):(01.06 13:37:03,178|)
ggt:'113_6' (voting)::accept vote from '111_7'::routing to '112_4'::time since last mi event 8(s):(01.06 13:37:03,178|)
ggt:'113_6' (voting)::accept vote from '111_7'::routing to '112_4'::time since last mi event 10(s):(01.06 13:37:05,191|)
ggt:'113_6' (voting)::accept vote from '112_3'::routing to '112_4'::time since last mi event 10(s):(01.06 13:37:05,191|)
ggt:'113_6' (voting)::accept vote from '112_7'::routing to '112_4'::time since last mi event 10(s):(01.06 13:37:05,191|)
ggt:'113_6' (voting)::accept vote from '111_2'::routing to '112_4'::time since last mi event 10(s):(01.06 13:37:05,191|)
ggt:'113_6' (voting)::accept vote from '111_4'::routing to '112_4'::time since last mi event 10(s):(01.06 13:37:05,206|)
ggt:'113_6' (voting)::accept vote from '111_3'::routing to '112_4'::time since last mi event 10(s):(01.06 13:37:05,206|)
ggt:'113_6' (voting)::accept vote from '113_5'::routing to '112_4'::time since last mi event 10(s):(01.06 13:37:05,206|)
ggt:'113_6' (voting)::receiving whats_on from "<6703.2845.0>"::responding voting:(01.06 13:40:53,904|)
ggt:'113_6' (voting)::receiving tell_mi from <6703.2908.0>::mi is 23:(01.06 13:40:55,900|)
